OpenROAD b16bda7e82721d10566ff7e2b68f1ff0be9f9e38 
Features included (+) or not (-): +Charts +GPU +GUI +Python
This program is licensed under the BSD-3 license. See the LICENSE file for details.
Components of this program may be licensed under more restrictive licenses which must be honored.
define_corners Typical
read_liberty -corner Typical /volare/sky130A/libs.ref/sky130_fd_sc_hd/lib/sky130_fd_sc_hd__tt_025C_1v80.lib
Using 1e-12 for capacitance...
Using 1e+03 for resistance...
Using 1e-09 for time...
Using 1e+00 for voltage...
Using 1e-03 for current...
Using 1e-09 for power...
Using 1e-06 for distance...
[INFO]: Reading ODB at '/openlane/designs/fa16/runs/auto_pnr/results/placement/fa16.odb'…
Reading design constraints file at '/openlane/designs/fa16/src/fa16.sdc'…
[INFO]: Setting RC values...
min_report

===========================================================================
report_checks -path_delay min (Hold)
============================================================================
======================= Typical Corner ===================================

Startpoint: _182_ (rising edge-triggered flip-flop clocked by core_clock)
Endpoint: _166_ (rising edge-triggered flip-flop clocked by core_clock)
Path Group: core_clock
Path Type: min

Fanout     Cap    Slew   Delay    Time   Description
-----------------------------------------------------------------------------
                  0.00    0.00    0.00   clock core_clock (rise edge)
                          0.00    0.00   clock network delay (ideal)
                  0.00    0.00    0.00 ^ _182_/CLK (sky130_fd_sc_hd__dfxtp_1)
     2    0.01    0.04    0.29    0.29 v _182_/Q (sky130_fd_sc_hd__dfxtp_1)
                                         x1_15.A (net)
                  0.04    0.00    0.29 v _110_/B (sky130_fd_sc_hd__nand2_1)
     2    0.00    0.05    0.07    0.35 ^ _110_/Y (sky130_fd_sc_hd__nand2_1)
                                         _065_ (net)
                  0.05    0.00    0.35 ^ _111_/B1 (sky130_fd_sc_hd__o21ai_1)
     1    0.00    0.03    0.05    0.40 v _111_/Y (sky130_fd_sc_hd__o21ai_1)
                                         x1_15.Cout (net)
                  0.03    0.00    0.40 v _166_/D (sky130_fd_sc_hd__dfxtp_1)
                                  0.40   data arrival time

                  0.00    0.00    0.00   clock core_clock (rise edge)
                          0.00    0.00   clock network delay (ideal)
                          0.00    0.00   clock reconvergence pessimism
                                  0.00 ^ _166_/CLK (sky130_fd_sc_hd__dfxtp_1)
                         -0.06   -0.06   library hold time
                                 -0.06   data required time
-----------------------------------------------------------------------------
                                 -0.06   data required time
                                 -0.40   data arrival time
-----------------------------------------------------------------------------
                                  0.46   slack (MET)


Startpoint: _175_ (rising edge-triggered flip-flop clocked by core_clock)
Endpoint: _208_ (rising edge-triggered flip-flop clocked by core_clock)
Path Group: core_clock
Path Type: min

Fanout     Cap    Slew   Delay    Time   Description
-----------------------------------------------------------------------------
                  0.00    0.00    0.00   clock core_clock (rise edge)
                          0.00    0.00   clock network delay (ideal)
                  0.00    0.00    0.00 ^ _175_/CLK (sky130_fd_sc_hd__dfxtp_1)
     2    0.01    0.08    0.31    0.31 ^ _175_/Q (sky130_fd_sc_hd__dfxtp_1)
                                         x1_8.A (net)
                  0.08    0.00    0.31 ^ _078_/B (sky130_fd_sc_hd__nor2_1)
     3    0.01    0.04    0.06    0.37 v _078_/Y (sky130_fd_sc_hd__nor2_1)
                                         _033_ (net)
                  0.04    0.00    0.37 v _134_/A1 (sky130_fd_sc_hd__a21oi_1)
     1    0.00    0.08    0.11    0.48 ^ _134_/Y (sky130_fd_sc_hd__a21oi_1)
                                         x1_8.S (net)
                  0.08    0.00    0.48 ^ _208_/D (sky130_fd_sc_hd__dfxtp_1)
                                  0.48   data arrival time

                  0.00    0.00    0.00   clock core_clock (rise edge)
                          0.00    0.00   clock network delay (ideal)
                          0.00    0.00   clock reconvergence pessimism
                                  0.00 ^ _208_/CLK (sky130_fd_sc_hd__dfxtp_1)
                         -0.04   -0.04   library hold time
                                 -0.04   data required time
-----------------------------------------------------------------------------
                                 -0.04   data required time
                                 -0.48   data arrival time
-----------------------------------------------------------------------------
                                  0.52   slack (MET)


Startpoint: _190_ (rising edge-triggered flip-flop clocked by core_clock)
Endpoint: _207_ (rising edge-triggered flip-flop clocked by core_clock)
Path Group: core_clock
Path Type: min

Fanout     Cap    Slew   Delay    Time   Description
-----------------------------------------------------------------------------
                  0.00    0.00    0.00   clock core_clock (rise edge)
                          0.00    0.00   clock network delay (ideal)
                  0.00    0.00    0.00 ^ _190_/CLK (sky130_fd_sc_hd__dfxtp_1)
     2    0.01    0.08    0.31    0.31 ^ _190_/Q (sky130_fd_sc_hd__dfxtp_1)
                                         x1_7.B (net)
                  0.08    0.00    0.31 ^ _079_/A (sky130_fd_sc_hd__nor2_1)
     3    0.01    0.04    0.06    0.37 v _079_/Y (sky130_fd_sc_hd__nor2_1)
                                         _034_ (net)
                  0.04    0.00    0.37 v _136_/A (sky130_fd_sc_hd__nand2_1)
     1    0.00    0.03    0.05    0.42 ^ _136_/Y (sky130_fd_sc_hd__nand2_1)
                                         _011_ (net)
                  0.03    0.00    0.42 ^ _137_/B2 (sky130_fd_sc_hd__a2bb2o_1)
     1    0.00    0.04    0.11    0.53 ^ _137_/X (sky130_fd_sc_hd__a2bb2o_1)
                                         x1_7.S (net)
                  0.04    0.00    0.53 ^ _207_/D (sky130_fd_sc_hd__dfxtp_1)
                                  0.53   data arrival time

                  0.00    0.00    0.00   clock core_clock (rise edge)
                          0.00    0.00   clock network delay (ideal)
                          0.00    0.00   clock reconvergence pessimism
                                  0.00 ^ _207_/CLK (sky130_fd_sc_hd__dfxtp_1)
                         -0.04   -0.04   library hold time
                                 -0.04   data required time
-----------------------------------------------------------------------------
                                 -0.04   data required time
                                 -0.53   data arrival time
-----------------------------------------------------------------------------
                                  0.56   slack (MET)


Startpoint: _167_ (rising edge-triggered flip-flop clocked by core_clock)
Endpoint: _200_ (rising edge-triggered flip-flop clocked by core_clock)
Path Group: core_clock
Path Type: min

Fanout     Cap    Slew   Delay    Time   Description
-----------------------------------------------------------------------------
                  0.00    0.00    0.00   clock core_clock (rise edge)
                          0.00    0.00   clock network delay (ideal)
                  0.00    0.00    0.00 ^ _167_/CLK (sky130_fd_sc_hd__dfxtp_1)
     4    0.01    0.05    0.30    0.30 v _167_/Q (sky130_fd_sc_hd__dfxtp_1)
                                         x1_0.A (net)
                  0.05    0.00    0.30 v _086_/A (sky130_fd_sc_hd__nand2_1)
     3    0.01    0.08    0.08    0.38 ^ _086_/Y (sky130_fd_sc_hd__nand2_1)
                                         _041_ (net)
                  0.08    0.00    0.38 ^ _158_/A1 (sky130_fd_sc_hd__a31o_1)
     1    0.00    0.06    0.14    0.53 ^ _158_/X (sky130_fd_sc_hd__a31o_1)
                                         x1_0.S (net)
                  0.06    0.00    0.53 ^ _200_/D (sky130_fd_sc_hd__dfxtp_1)
                                  0.53   data arrival time

                  0.00    0.00    0.00   clock core_clock (rise edge)
                          0.00    0.00   clock network delay (ideal)
                          0.00    0.00   clock reconvergence pessimism
                                  0.00 ^ _200_/CLK (sky130_fd_sc_hd__dfxtp_1)
                         -0.04   -0.04   library hold time
                                 -0.04   data required time
-----------------------------------------------------------------------------
                                 -0.04   data required time
                                 -0.53   data arrival time
-----------------------------------------------------------------------------
                                  0.57   slack (MET)


Startpoint: _194_ (rising edge-triggered flip-flop clocked by core_clock)
Endpoint: _161_ (rising edge-triggered flip-flop clocked by core_clock)
Path Group: core_clock
Path Type: min

Fanout     Cap    Slew   Delay    Time   Description
-----------------------------------------------------------------------------
                  0.00    0.00    0.00   clock core_clock (rise edge)
                          0.00    0.00   clock network delay (ideal)
                  0.00    0.00    0.00 ^ _194_/CLK (sky130_fd_sc_hd__dfxtp_1)
     2    0.01    0.04    0.29    0.29 v _194_/Q (sky130_fd_sc_hd__dfxtp_1)
                                         x1_11.B (net)
                  0.04    0.00    0.29 v _103_/A (sky130_fd_sc_hd__nand2_1)
     2    0.00    0.05    0.06    0.35 ^ _103_/Y (sky130_fd_sc_hd__nand2_1)
                                         _058_ (net)
                  0.05    0.00    0.35 ^ _124_/A (sky130_fd_sc_hd__or2_1)
     1    0.00    0.04    0.10    0.45 ^ _124_/X (sky130_fd_sc_hd__or2_1)
                                         _003_ (net)
                  0.04    0.00    0.45 ^ _125_/B2 (sky130_fd_sc_hd__a22oi_1)
     1    0.00    0.05    0.06    0.51 v _125_/Y (sky130_fd_sc_hd__a22oi_1)
                                         x1_11.S (net)
                  0.05    0.00    0.51 v _161_/D (sky130_fd_sc_hd__dfxtp_1)
                                  0.51   data arrival time

                  0.00    0.00    0.00   clock core_clock (rise edge)
                          0.00    0.00   clock network delay (ideal)
                          0.00    0.00   clock reconvergence pessimism
                                  0.00 ^ _161_/CLK (sky130_fd_sc_hd__dfxtp_1)
                         -0.07   -0.07   library hold time
                                 -0.07   data required time
-----------------------------------------------------------------------------
                                 -0.07   data required time
                                 -0.51   data arrival time
-----------------------------------------------------------------------------
                                  0.57   slack (MET)


Startpoint: _186_ (rising edge-triggered flip-flop clocked by core_clock)
Endpoint: _203_ (rising edge-triggered flip-flop clocked by core_clock)
Path Group: core_clock
Path Type: min

Fanout     Cap    Slew   Delay    Time   Description
-----------------------------------------------------------------------------
                  0.00    0.00    0.00   clock core_clock (rise edge)
                          0.00    0.00   clock network delay (ideal)
                  0.00    0.00    0.00 ^ _186_/CLK (sky130_fd_sc_hd__dfxtp_1)
     2    0.01    0.04    0.29    0.29 v _186_/Q (sky130_fd_sc_hd__dfxtp_1)
                                         x1_3.B (net)
                  0.04    0.00    0.29 v _091_/A (sky130_fd_sc_hd__nand2_1)
     2    0.00    0.05    0.06    0.35 ^ _091_/Y (sky130_fd_sc_hd__nand2_1)
                                         _046_ (net)
                  0.05    0.00    0.35 ^ _148_/B (sky130_fd_sc_hd__and2b_1)
     1    0.00    0.06    0.13    0.48 ^ _148_/X (sky130_fd_sc_hd__and2b_1)
                                         _019_ (net)
                  0.06    0.00    0.48 ^ _149_/B (sky130_fd_sc_hd__xnor2_1)
     1    0.00    0.03    0.05    0.54 v _149_/Y (sky130_fd_sc_hd__xnor2_1)
                                         x1_3.S (net)
                  0.03    0.00    0.54 v _203_/D (sky130_fd_sc_hd__dfxtp_1)
                                  0.54   data arrival time

                  0.00    0.00    0.00   clock core_clock (rise edge)
                          0.00    0.00   clock network delay (ideal)
                          0.00    0.00   clock reconvergence pessimism
                                  0.00 ^ _203_/CLK (sky130_fd_sc_hd__dfxtp_1)
                         -0.06   -0.06   library hold time
                                 -0.06   data required time
-----------------------------------------------------------------------------
                                 -0.06   data required time
                                 -0.54   data arrival time
-----------------------------------------------------------------------------
                                  0.59   slack (MET)


Startpoint: _182_ (rising edge-triggered flip-flop clocked by core_clock)
Endpoint: _165_ (rising edge-triggered flip-flop clocked by core_clock)
Path Group: core_clock
Path Type: min

Fanout     Cap    Slew   Delay    Time   Description
-----------------------------------------------------------------------------
                  0.00    0.00    0.00   clock core_clock (rise edge)
                          0.00    0.00   clock network delay (ideal)
                  0.00    0.00    0.00 ^ _182_/CLK (sky130_fd_sc_hd__dfxtp_1)
     2    0.01    0.04    0.29    0.29 v _182_/Q (sky130_fd_sc_hd__dfxtp_1)
                                         x1_15.A (net)
                  0.04    0.00    0.29 v _110_/B (sky130_fd_sc_hd__nand2_1)
     2    0.00    0.05    0.07    0.35 ^ _110_/Y (sky130_fd_sc_hd__nand2_1)
                                         _065_ (net)
                  0.05    0.00    0.35 ^ _112_/B (sky130_fd_sc_hd__and2b_1)
     1    0.00    0.06    0.13    0.48 ^ _112_/X (sky130_fd_sc_hd__and2b_1)
                                         _066_ (net)
                  0.06    0.00    0.48 ^ _113_/B (sky130_fd_sc_hd__xnor2_1)
     1    0.00    0.03    0.06    0.54 v _113_/Y (sky130_fd_sc_hd__xnor2_1)
                                         x1_15.S (net)
                  0.03    0.00    0.54 v _165_/D (sky130_fd_sc_hd__dfxtp_1)
                                  0.54   data arrival time

                  0.00    0.00    0.00   clock core_clock (rise edge)
                          0.00    0.00   clock network delay (ideal)
                          0.00    0.00   clock reconvergence pessimism
                                  0.00 ^ _165_/CLK (sky130_fd_sc_hd__dfxtp_1)
                         -0.06   -0.06   library hold time
                                 -0.06   data required time
-----------------------------------------------------------------------------
                                 -0.06   data required time
                                 -0.54   data arrival time
-----------------------------------------------------------------------------
                                  0.59   slack (MET)


Startpoint: _192_ (rising edge-triggered flip-flop clocked by core_clock)
Endpoint: _159_ (rising edge-triggered flip-flop clocked by core_clock)
Path Group: core_clock
Path Type: min

Fanout     Cap    Slew   Delay    Time   Description
-----------------------------------------------------------------------------
                  0.00    0.00    0.00   clock core_clock (rise edge)
                          0.00    0.00   clock network delay (ideal)
                  0.00    0.00    0.00 ^ _192_/CLK (sky130_fd_sc_hd__dfxtp_1)
     2    0.01    0.04    0.29    0.29 v _192_/Q (sky130_fd_sc_hd__dfxtp_1)
                                         x1_9.B (net)
                  0.04    0.00    0.29 v _100_/A (sky130_fd_sc_hd__nand2_1)
     2    0.00    0.05    0.06    0.36 ^ _100_/Y (sky130_fd_sc_hd__nand2_1)
                                         _055_ (net)
                  0.05    0.00    0.36 ^ _131_/B (sky130_fd_sc_hd__and2b_1)
     1    0.01    0.06    0.13    0.49 ^ _131_/X (sky130_fd_sc_hd__and2b_1)
                                         _008_ (net)
                  0.06    0.00    0.49 ^ _132_/B (sky130_fd_sc_hd__xnor2_1)
     1    0.00    0.03    0.05    0.54 v _132_/Y (sky130_fd_sc_hd__xnor2_1)
                                         x1_9.S (net)
                  0.03    0.00    0.54 v _159_/D (sky130_fd_sc_hd__dfxtp_1)
                                  0.54   data arrival time

                  0.00    0.00    0.00   clock core_clock (rise edge)
                          0.00    0.00   clock network delay (ideal)
                          0.00    0.00   clock reconvergence pessimism
                                  0.00 ^ _159_/CLK (sky130_fd_sc_hd__dfxtp_1)
                         -0.06   -0.06   library hold time
                                 -0.06   data required time
-----------------------------------------------------------------------------
                                 -0.06   data required time
                                 -0.54   data arrival time
-----------------------------------------------------------------------------
                                  0.60   slack (MET)


Startpoint: _188_ (rising edge-triggered flip-flop clocked by core_clock)
Endpoint: _205_ (rising edge-triggered flip-flop clocked by core_clock)
Path Group: core_clock
Path Type: min

Fanout     Cap    Slew   Delay    Time   Description
-----------------------------------------------------------------------------
                  0.00    0.00    0.00   clock core_clock (rise edge)
                          0.00    0.00   clock network delay (ideal)
                  0.00    0.00    0.00 ^ _188_/CLK (sky130_fd_sc_hd__dfxtp_1)
     2    0.01    0.04    0.29    0.29 v _188_/Q (sky130_fd_sc_hd__dfxtp_1)
                                         x1_5.B (net)
                  0.04    0.00    0.29 v _094_/A (sky130_fd_sc_hd__nand2_1)
     2    0.01    0.06    0.07    0.35 ^ _094_/Y (sky130_fd_sc_hd__nand2_1)
                                         _049_ (net)
                  0.06    0.00    0.35 ^ _142_/B (sky130_fd_sc_hd__and2b_1)
     1    0.01    0.06    0.13    0.49 ^ _142_/X (sky130_fd_sc_hd__and2b_1)
                                         _015_ (net)
                  0.06    0.00    0.49 ^ _143_/B (sky130_fd_sc_hd__xnor2_1)
     1    0.00    0.03    0.06    0.54 v _143_/Y (sky130_fd_sc_hd__xnor2_1)
                                         x1_5.S (net)
                  0.03    0.00    0.54 v _205_/D (sky130_fd_sc_hd__dfxtp_1)
                                  0.54   data arrival time

                  0.00    0.00    0.00   clock core_clock (rise edge)
                          0.00    0.00   clock network delay (ideal)
                          0.00    0.00   clock reconvergence pessimism
                                  0.00 ^ _205_/CLK (sky130_fd_sc_hd__dfxtp_1)
                         -0.06   -0.06   library hold time
                                 -0.06   data required time
-----------------------------------------------------------------------------
                                 -0.06   data required time
                                 -0.54   data arrival time
-----------------------------------------------------------------------------
                                  0.60   slack (MET)


Startpoint: _196_ (rising edge-triggered flip-flop clocked by core_clock)
Endpoint: _163_ (rising edge-triggered flip-flop clocked by core_clock)
Path Group: core_clock
Path Type: min

Fanout     Cap    Slew   Delay    Time   Description
-----------------------------------------------------------------------------
                  0.00    0.00    0.00   clock core_clock (rise edge)
                          0.00    0.00   clock network delay (ideal)
                  0.00    0.00    0.00 ^ _196_/CLK (sky130_fd_sc_hd__dfxtp_1)
     2    0.01    0.04    0.29    0.29 v _196_/Q (sky130_fd_sc_hd__dfxtp_1)
                                         x1_13.B (net)
                  0.04    0.00    0.29 v _106_/A (sky130_fd_sc_hd__nand2_1)
     2    0.00    0.06    0.07    0.36 ^ _106_/Y (sky130_fd_sc_hd__nand2_1)
                                         _061_ (net)
                  0.06    0.00    0.36 ^ _118_/B (sky130_fd_sc_hd__and2b_1)
     1    0.01    0.06    0.13    0.49 ^ _118_/X (sky130_fd_sc_hd__and2b_1)
                                         _070_ (net)
                  0.06    0.00    0.49 ^ _119_/B (sky130_fd_sc_hd__xnor2_1)
     1    0.00    0.04    0.06    0.55 v _119_/Y (sky130_fd_sc_hd__xnor2_1)
                                         x1_13.S (net)
                  0.04    0.00    0.55 v _163_/D (sky130_fd_sc_hd__dfxtp_1)
                                  0.55   data arrival time

                  0.00    0.00    0.00   clock core_clock (rise edge)
                          0.00    0.00   clock network delay (ideal)
                          0.00    0.00   clock reconvergence pessimism
                                  0.00 ^ _163_/CLK (sky130_fd_sc_hd__dfxtp_1)
                         -0.06   -0.06   library hold time
                                 -0.06   data required time
-----------------------------------------------------------------------------
                                 -0.06   data required time
                                 -0.55   data arrival time
-----------------------------------------------------------------------------
                                  0.61   slack (MET)


Startpoint: _185_ (rising edge-triggered flip-flop clocked by core_clock)
Endpoint: _202_ (rising edge-triggered flip-flop clocked by core_clock)
Path Group: core_clock
Path Type: min

Fanout     Cap    Slew   Delay    Time   Description
-----------------------------------------------------------------------------
                  0.00    0.00    0.00   clock core_clock (rise edge)
                          0.00    0.00   clock network delay (ideal)
                  0.00    0.00    0.00 ^ _185_/CLK (sky130_fd_sc_hd__dfxtp_1)
     2    0.01    0.04    0.29    0.29 v _185_/Q (sky130_fd_sc_hd__dfxtp_1)
                                         x1_2.B (net)
                  0.04    0.00    0.29 v _090_/A (sky130_fd_sc_hd__nand2_1)
     3    0.01    0.08    0.08    0.37 ^ _090_/Y (sky130_fd_sc_hd__nand2_1)
                                         _045_ (net)
                  0.08    0.00    0.37 ^ _150_/B (sky130_fd_sc_hd__and2b_1)
     1    0.00    0.06    0.14    0.51 ^ _150_/X (sky130_fd_sc_hd__and2b_1)
                                         _020_ (net)
                  0.06    0.00    0.51 ^ _151_/B (sky130_fd_sc_hd__xnor2_1)
     1    0.00    0.03    0.06    0.57 v _151_/Y (sky130_fd_sc_hd__xnor2_1)
                                         x1_2.S (net)
                  0.03    0.00    0.57 v _202_/D (sky130_fd_sc_hd__dfxtp_1)
                                  0.57   data arrival time

                  0.00    0.00    0.00   clock core_clock (rise edge)
                          0.00    0.00   clock network delay (ideal)
                          0.00    0.00   clock reconvergence pessimism
                                  0.00 ^ _202_/CLK (sky130_fd_sc_hd__dfxtp_1)
                         -0.06   -0.06   library hold time
                                 -0.06   data required time
-----------------------------------------------------------------------------
                                 -0.06   data required time
                                 -0.57   data arrival time
-----------------------------------------------------------------------------
                                  0.62   slack (MET)


Startpoint: _184_ (rising edge-triggered flip-flop clocked by core_clock)
Endpoint: _201_ (rising edge-triggered flip-flop clocked by core_clock)
Path Group: core_clock
Path Type: min

Fanout     Cap    Slew   Delay    Time   Description
-----------------------------------------------------------------------------
                  0.00    0.00    0.00   clock core_clock (rise edge)
                          0.00    0.00   clock network delay (ideal)
                  0.00    0.00    0.00 ^ _184_/CLK (sky130_fd_sc_hd__dfxtp_1)
     3    0.01    0.08    0.31    0.31 ^ _184_/Q (sky130_fd_sc_hd__dfxtp_1)
                                         x1_1.B (net)
                  0.08    0.00    0.31 ^ _088_/A (sky130_fd_sc_hd__nor2_1)
     2    0.00    0.04    0.06    0.37 v _088_/Y (sky130_fd_sc_hd__nor2_1)
                                         _043_ (net)
                  0.04    0.00    0.37 v _154_/B (sky130_fd_sc_hd__nor2_1)
     1    0.01    0.12    0.11    0.48 ^ _154_/Y (sky130_fd_sc_hd__nor2_1)
                                         _023_ (net)
                  0.12    0.00    0.48 ^ _155_/B (sky130_fd_sc_hd__xnor2_1)
     1    0.00    0.04    0.08    0.56 v _155_/Y (sky130_fd_sc_hd__xnor2_1)
                                         x1_1.S (net)
                  0.04    0.00    0.56 v _201_/D (sky130_fd_sc_hd__dfxtp_1)
                                  0.56   data arrival time

                  0.00    0.00    0.00   clock core_clock (rise edge)
                          0.00    0.00   clock network delay (ideal)
                          0.00    0.00   clock reconvergence pessimism
                                  0.00 ^ _201_/CLK (sky130_fd_sc_hd__dfxtp_1)
                         -0.06   -0.06   library hold time
                                 -0.06   data required time
-----------------------------------------------------------------------------
                                 -0.06   data required time
                                 -0.56   data arrival time
-----------------------------------------------------------------------------
                                  0.63   slack (MET)


Startpoint: _176_ (rising edge-triggered flip-flop clocked by core_clock)
Endpoint: _160_ (rising edge-triggered flip-flop clocked by core_clock)
Path Group: core_clock
Path Type: min

Fanout     Cap    Slew   Delay    Time   Description
-----------------------------------------------------------------------------
                  0.00    0.00    0.00   clock core_clock (rise edge)
                          0.00    0.00   clock network delay (ideal)
                  0.00    0.00    0.00 ^ _176_/CLK (sky130_fd_sc_hd__dfxtp_1)
     2    0.01    0.07    0.31    0.31 ^ _176_/Q (sky130_fd_sc_hd__dfxtp_1)
                                         x1_9.A (net)
                  0.07    0.00    0.31 ^ _077_/B (sky130_fd_sc_hd__nor2_1)
     4    0.01    0.05    0.07    0.37 v _077_/Y (sky130_fd_sc_hd__nor2_1)
                                         _032_ (net)
                  0.05    0.00    0.37 v _126_/A (sky130_fd_sc_hd__nor2_1)
     1    0.01    0.12    0.13    0.50 ^ _126_/Y (sky130_fd_sc_hd__nor2_1)
                                         _004_ (net)
                  0.12    0.00    0.50 ^ _128_/A (sky130_fd_sc_hd__xnor2_1)
     1    0.00    0.03    0.08    0.58 v _128_/Y (sky130_fd_sc_hd__xnor2_1)
                                         x1_10.S (net)
                  0.03    0.00    0.58 v _160_/D (sky130_fd_sc_hd__dfxtp_1)
                                  0.58   data arrival time

                  0.00    0.00    0.00   clock core_clock (rise edge)
                          0.00    0.00   clock network delay (ideal)
                          0.00    0.00   clock reconvergence pessimism
                                  0.00 ^ _160_/CLK (sky130_fd_sc_hd__dfxtp_1)
                         -0.06   -0.06   library hold time
                                 -0.06   data required time
-----------------------------------------------------------------------------
                                 -0.06   data required time
                                 -0.58   data arrival time
-----------------------------------------------------------------------------
                                  0.64   slack (MET)


Startpoint: _180_ (rising edge-triggered flip-flop clocked by core_clock)
Endpoint: _164_ (rising edge-triggered flip-flop clocked by core_clock)
Path Group: core_clock
Path Type: min

Fanout     Cap    Slew   Delay    Time   Description
-----------------------------------------------------------------------------
                  0.00    0.00    0.00   clock core_clock (rise edge)
                          0.00    0.00   clock network delay (ideal)
                  0.00    0.00    0.00 ^ _180_/CLK (sky130_fd_sc_hd__dfxtp_1)
     2    0.01    0.07    0.30    0.30 ^ _180_/Q (sky130_fd_sc_hd__dfxtp_1)
                                         x1_13.A (net)
                  0.07    0.00    0.30 ^ _073_/B (sky130_fd_sc_hd__nor2_1)
     3    0.01    0.04    0.06    0.36 v _073_/Y (sky130_fd_sc_hd__nor2_1)
                                         _028_ (net)
                  0.04    0.00    0.36 v _114_/A (sky130_fd_sc_hd__nor2_1)
     1    0.00    0.11    0.12    0.48 ^ _114_/Y (sky130_fd_sc_hd__nor2_1)
                                         _067_ (net)
                  0.11    0.00    0.48 ^ _116_/A (sky130_fd_sc_hd__xnor2_1)
     1    0.01    0.05    0.10    0.58 v _116_/Y (sky130_fd_sc_hd__xnor2_1)
                                         x1_14.S (net)
                  0.05    0.00    0.58 v _164_/D (sky130_fd_sc_hd__dfxtp_1)
                                  0.58   data arrival time

                  0.00    0.00    0.00   clock core_clock (rise edge)
                          0.00    0.00   clock network delay (ideal)
                          0.00    0.00   clock reconvergence pessimism
                                  0.00 ^ _164_/CLK (sky130_fd_sc_hd__dfxtp_1)
                         -0.07   -0.07   library hold time
                                 -0.07   data required time
-----------------------------------------------------------------------------
                                 -0.07   data required time
                                 -0.58   data arrival time
-----------------------------------------------------------------------------
                                  0.64   slack (MET)


Startpoint: _186_ (rising edge-triggered flip-flop clocked by core_clock)
Endpoint: _204_ (rising edge-triggered flip-flop clocked by core_clock)
Path Group: core_clock
Path Type: min

Fanout     Cap    Slew   Delay    Time   Description
-----------------------------------------------------------------------------
                  0.00    0.00    0.00   clock core_clock (rise edge)
                          0.00    0.00   clock network delay (ideal)
                  0.00    0.00    0.00 ^ _186_/CLK (sky130_fd_sc_hd__dfxtp_1)
     2    0.01    0.07    0.31    0.31 ^ _186_/Q (sky130_fd_sc_hd__dfxtp_1)
                                         x1_3.B (net)
                  0.07    0.00    0.31 ^ _083_/A (sky130_fd_sc_hd__nor2_1)
     4    0.01    0.05    0.07    0.38 v _083_/Y (sky130_fd_sc_hd__nor2_1)
                                         _038_ (net)
                  0.05    0.00    0.38 v _144_/A (sky130_fd_sc_hd__nor2_1)
     1    0.00    0.11    0.13    0.50 ^ _144_/Y (sky130_fd_sc_hd__nor2_1)
                                         _016_ (net)
                  0.11    0.00    0.50 ^ _146_/A (sky130_fd_sc_hd__xnor2_1)
     1    0.00    0.03    0.08    0.58 v _146_/Y (sky130_fd_sc_hd__xnor2_1)
                                         x1_4.S (net)
                  0.03    0.00    0.58 v _204_/D (sky130_fd_sc_hd__dfxtp_1)
                                  0.58   data arrival time

                  0.00    0.00    0.00   clock core_clock (rise edge)
                          0.00    0.00   clock network delay (ideal)
                          0.00    0.00   clock reconvergence pessimism
                                  0.00 ^ _204_/CLK (sky130_fd_sc_hd__dfxtp_1)
                         -0.06   -0.06   library hold time
                                 -0.06   data required time
-----------------------------------------------------------------------------
                                 -0.06   data required time
                                 -0.58   data arrival time
-----------------------------------------------------------------------------
                                  0.64   slack (MET)


Startpoint: _188_ (rising edge-triggered flip-flop clocked by core_clock)
Endpoint: _206_ (rising edge-triggered flip-flop clocked by core_clock)
Path Group: core_clock
Path Type: min

Fanout     Cap    Slew   Delay    Time   Description
-----------------------------------------------------------------------------
                  0.00    0.00    0.00   clock core_clock (rise edge)
                          0.00    0.00   clock network delay (ideal)
                  0.00    0.00    0.00 ^ _188_/CLK (sky130_fd_sc_hd__dfxtp_1)
     2    0.01    0.07    0.31    0.31 ^ _188_/Q (sky130_fd_sc_hd__dfxtp_1)
                                         x1_5.B (net)
                  0.07    0.00    0.31 ^ _081_/A (sky130_fd_sc_hd__nor2_1)
     4    0.01    0.05    0.07    0.38 v _081_/Y (sky130_fd_sc_hd__nor2_1)
                                         _036_ (net)
                  0.05    0.00    0.38 v _138_/A (sky130_fd_sc_hd__nor2_1)
     1    0.01    0.12    0.13    0.51 ^ _138_/Y (sky130_fd_sc_hd__nor2_1)
                                         _012_ (net)
                  0.12    0.00    0.51 ^ _140_/A (sky130_fd_sc_hd__xnor2_1)
     1    0.00    0.03    0.08    0.59 v _140_/Y (sky130_fd_sc_hd__xnor2_1)
                                         x1_6.S (net)
                  0.03    0.00    0.59 v _206_/D (sky130_fd_sc_hd__dfxtp_1)
                                  0.59   data arrival time

                  0.00    0.00    0.00   clock core_clock (rise edge)
                          0.00    0.00   clock network delay (ideal)
                          0.00    0.00   clock reconvergence pessimism
                                  0.00 ^ _206_/CLK (sky130_fd_sc_hd__dfxtp_1)
                         -0.06   -0.06   library hold time
                                 -0.06   data required time
-----------------------------------------------------------------------------
                                 -0.06   data required time
                                 -0.59   data arrival time
-----------------------------------------------------------------------------
                                  0.64   slack (MET)


Startpoint: _179_ (rising edge-triggered flip-flop clocked by core_clock)
Endpoint: _162_ (rising edge-triggered flip-flop clocked by core_clock)
Path Group: core_clock
Path Type: min

Fanout     Cap    Slew   Delay    Time   Description
-----------------------------------------------------------------------------
                  0.00    0.00    0.00   clock core_clock (rise edge)
                          0.00    0.00   clock network delay (ideal)
                  0.00    0.00    0.00 ^ _179_/CLK (sky130_fd_sc_hd__dfxtp_1)
     2    0.01    0.07    0.30    0.30 ^ _179_/Q (sky130_fd_sc_hd__dfxtp_1)
                                         x1_12.A (net)
                  0.07    0.00    0.30 ^ _105_/B (sky130_fd_sc_hd__nand2_1)
     3    0.01    0.06    0.08    0.38 v _105_/Y (sky130_fd_sc_hd__nand2_1)
                                         _060_ (net)
                  0.06    0.00    0.38 v _121_/B_N (sky130_fd_sc_hd__or2b_1)
     1    0.01    0.06    0.17    0.55 ^ _121_/X (sky130_fd_sc_hd__or2b_1)
                                         _001_ (net)
                  0.06    0.00    0.55 ^ _122_/B (sky130_fd_sc_hd__xnor2_1)
     1    0.00    0.03    0.06    0.61 v _122_/Y (sky130_fd_sc_hd__xnor2_1)
                                         x1_12.S (net)
                  0.03    0.00    0.61 v _162_/D (sky130_fd_sc_hd__dfxtp_1)
                                  0.61   data arrival time

                  0.00    0.00    0.00   clock core_clock (rise edge)
                          0.00    0.00   clock network delay (ideal)
                          0.00    0.00   clock reconvergence pessimism
                                  0.00 ^ _162_/CLK (sky130_fd_sc_hd__dfxtp_1)
                         -0.06   -0.06   library hold time
                                 -0.06   data required time
-----------------------------------------------------------------------------
                                 -0.06   data required time
                                 -0.61   data arrival time
-----------------------------------------------------------------------------
                                  0.67   slack (MET)



worst slack corner Typical: 0.4617
min_report_end
max_report

===========================================================================
report_checks -path_delay max (Setup)
============================================================================
======================= Typical Corner ===================================

Startpoint: _167_ (rising edge-triggered flip-flop clocked by core_clock)
Endpoint: _165_ (rising edge-triggered flip-flop clocked by core_clock)
Path Group: core_clock
Path Type: max

Fanout     Cap    Slew   Delay    Time   Description
-----------------------------------------------------------------------------
                  0.00    0.00    0.00   clock core_clock (rise edge)
                          0.00    0.00   clock network delay (ideal)
                  0.00    0.00    0.00 ^ _167_/CLK (sky130_fd_sc_hd__dfxtp_1)
     4    0.01    0.09    0.32    0.32 ^ _167_/Q (sky130_fd_sc_hd__dfxtp_1)
                                         x1_0.A (net)
                  0.09    0.00    0.32 ^ _087_/A1 (sky130_fd_sc_hd__o21ai_1)
     3    0.01    0.07    0.10    0.42 v _087_/Y (sky130_fd_sc_hd__o21ai_1)
                                         _042_ (net)
                  0.07    0.00    0.42 v _089_/A3 (sky130_fd_sc_hd__a31o_1)
     3    0.01    0.07    0.26    0.68 v _089_/X (sky130_fd_sc_hd__a31o_1)
                                         _044_ (net)
                  0.07    0.00    0.68 v _092_/A2 (sky130_fd_sc_hd__o211a_1)
     3    0.01    0.06    0.24    0.92 v _092_/X (sky130_fd_sc_hd__o211a_1)
                                         _047_ (net)
                  0.06    0.00    0.92 v _095_/A3 (sky130_fd_sc_hd__o311a_1)
     3    0.01    0.07    0.32    1.24 v _095_/X (sky130_fd_sc_hd__o311a_1)
                                         _050_ (net)
                  0.07    0.00    1.24 v _098_/A3 (sky130_fd_sc_hd__o311a_1)
     2    0.00    0.06    0.30    1.54 v _098_/X (sky130_fd_sc_hd__o311a_1)
                                         _053_ (net)
                  0.06    0.00    1.54 v _101_/A3 (sky130_fd_sc_hd__o311a_1)
     3    0.01    0.07    0.32    1.86 v _101_/X (sky130_fd_sc_hd__o311a_1)
                                         _056_ (net)
                  0.07    0.00    1.86 v _104_/A3 (sky130_fd_sc_hd__o311a_1)
     3    0.01    0.08    0.32    2.18 v _104_/X (sky130_fd_sc_hd__o311a_1)
                                         _059_ (net)
                  0.08    0.00    2.18 v _107_/A3 (sky130_fd_sc_hd__o311a_1)
     2    0.01    0.06    0.31    2.49 v _107_/X (sky130_fd_sc_hd__o311a_1)
                                         _062_ (net)
                  0.06    0.00    2.49 v _109_/A3 (sky130_fd_sc_hd__o31a_1)
     2    0.01    0.07    0.27    2.75 v _109_/X (sky130_fd_sc_hd__o31a_1)
                                         _064_ (net)
                  0.07    0.00    2.75 v _113_/A (sky130_fd_sc_hd__xnor2_1)
     1    0.00    0.04    0.13    2.88 v _113_/Y (sky130_fd_sc_hd__xnor2_1)
                                         x1_15.S (net)
                  0.04    0.00    2.88 v _165_/D (sky130_fd_sc_hd__dfxtp_1)
                                  2.88   data arrival time

                  0.00    6.15    6.15   clock core_clock (rise edge)
                          0.00    6.15   clock network delay (ideal)
                          0.00    6.15   clock reconvergence pessimism
                                  6.15 ^ _165_/CLK (sky130_fd_sc_hd__dfxtp_1)
                         -0.12    6.03   library setup time
                                  6.03   data required time
-----------------------------------------------------------------------------
                                  6.03   data required time
                                 -2.88   data arrival time
-----------------------------------------------------------------------------
                                  3.15   slack (MET)


Startpoint: _167_ (rising edge-triggered flip-flop clocked by core_clock)
Endpoint: _166_ (rising edge-triggered flip-flop clocked by core_clock)
Path Group: core_clock
Path Type: max

Fanout     Cap    Slew   Delay    Time   Description
-----------------------------------------------------------------------------
                  0.00    0.00    0.00   clock core_clock (rise edge)
                          0.00    0.00   clock network delay (ideal)
                  0.00    0.00    0.00 ^ _167_/CLK (sky130_fd_sc_hd__dfxtp_1)
     4    0.01    0.09    0.32    0.32 ^ _167_/Q (sky130_fd_sc_hd__dfxtp_1)
                                         x1_0.A (net)
                  0.09    0.00    0.32 ^ _087_/A1 (sky130_fd_sc_hd__o21ai_1)
     3    0.01    0.07    0.10    0.42 v _087_/Y (sky130_fd_sc_hd__o21ai_1)
                                         _042_ (net)
                  0.07    0.00    0.42 v _089_/A3 (sky130_fd_sc_hd__a31o_1)
     3    0.01    0.07    0.26    0.68 v _089_/X (sky130_fd_sc_hd__a31o_1)
                                         _044_ (net)
                  0.07    0.00    0.68 v _092_/A2 (sky130_fd_sc_hd__o211a_1)
     3    0.01    0.06    0.24    0.92 v _092_/X (sky130_fd_sc_hd__o211a_1)
                                         _047_ (net)
                  0.06    0.00    0.92 v _095_/A3 (sky130_fd_sc_hd__o311a_1)
     3    0.01    0.07    0.32    1.24 v _095_/X (sky130_fd_sc_hd__o311a_1)
                                         _050_ (net)
                  0.07    0.00    1.24 v _098_/A3 (sky130_fd_sc_hd__o311a_1)
     2    0.00    0.06    0.30    1.54 v _098_/X (sky130_fd_sc_hd__o311a_1)
                                         _053_ (net)
                  0.06    0.00    1.54 v _101_/A3 (sky130_fd_sc_hd__o311a_1)
     3    0.01    0.07    0.32    1.86 v _101_/X (sky130_fd_sc_hd__o311a_1)
                                         _056_ (net)
                  0.07    0.00    1.86 v _104_/A3 (sky130_fd_sc_hd__o311a_1)
     3    0.01    0.08    0.32    2.18 v _104_/X (sky130_fd_sc_hd__o311a_1)
                                         _059_ (net)
                  0.08    0.00    2.18 v _107_/A3 (sky130_fd_sc_hd__o311a_1)
     2    0.01    0.06    0.31    2.49 v _107_/X (sky130_fd_sc_hd__o311a_1)
                                         _062_ (net)
                  0.06    0.00    2.49 v _109_/A3 (sky130_fd_sc_hd__o31a_1)
     2    0.01    0.07    0.27    2.75 v _109_/X (sky130_fd_sc_hd__o31a_1)
                                         _064_ (net)
                  0.07    0.00    2.75 v _111_/A2 (sky130_fd_sc_hd__o21ai_1)
     1    0.00    0.09    0.11    2.86 ^ _111_/Y (sky130_fd_sc_hd__o21ai_1)
                                         x1_15.Cout (net)
                  0.09    0.00    2.86 ^ _166_/D (sky130_fd_sc_hd__dfxtp_1)
                                  2.86   data arrival time

                  0.00    6.15    6.15   clock core_clock (rise edge)
                          0.00    6.15   clock network delay (ideal)
                          0.00    6.15   clock reconvergence pessimism
                                  6.15 ^ _166_/CLK (sky130_fd_sc_hd__dfxtp_1)
                         -0.07    6.08   library setup time
                                  6.08   data required time
-----------------------------------------------------------------------------
                                  6.08   data required time
                                 -2.86   data arrival time
-----------------------------------------------------------------------------
                                  3.22   slack (MET)


Startpoint: _167_ (rising edge-triggered flip-flop clocked by core_clock)
Endpoint: _164_ (rising edge-triggered flip-flop clocked by core_clock)
Path Group: core_clock
Path Type: max

Fanout     Cap    Slew   Delay    Time   Description
-----------------------------------------------------------------------------
                  0.00    0.00    0.00   clock core_clock (rise edge)
                          0.00    0.00   clock network delay (ideal)
                  0.00    0.00    0.00 ^ _167_/CLK (sky130_fd_sc_hd__dfxtp_1)
     4    0.01    0.09    0.32    0.32 ^ _167_/Q (sky130_fd_sc_hd__dfxtp_1)
                                         x1_0.A (net)
                  0.09    0.00    0.32 ^ _087_/A1 (sky130_fd_sc_hd__o21ai_1)
     3    0.01    0.07    0.10    0.42 v _087_/Y (sky130_fd_sc_hd__o21ai_1)
                                         _042_ (net)
                  0.07    0.00    0.42 v _089_/A3 (sky130_fd_sc_hd__a31o_1)
     3    0.01    0.07    0.26    0.68 v _089_/X (sky130_fd_sc_hd__a31o_1)
                                         _044_ (net)
                  0.07    0.00    0.68 v _092_/A2 (sky130_fd_sc_hd__o211a_1)
     3    0.01    0.06    0.24    0.92 v _092_/X (sky130_fd_sc_hd__o211a_1)
                                         _047_ (net)
                  0.06    0.00    0.92 v _095_/A3 (sky130_fd_sc_hd__o311a_1)
     3    0.01    0.07    0.32    1.24 v _095_/X (sky130_fd_sc_hd__o311a_1)
                                         _050_ (net)
                  0.07    0.00    1.24 v _098_/A3 (sky130_fd_sc_hd__o311a_1)
     2    0.00    0.06    0.30    1.54 v _098_/X (sky130_fd_sc_hd__o311a_1)
                                         _053_ (net)
                  0.06    0.00    1.54 v _101_/A3 (sky130_fd_sc_hd__o311a_1)
     3    0.01    0.07    0.32    1.86 v _101_/X (sky130_fd_sc_hd__o311a_1)
                                         _056_ (net)
                  0.07    0.00    1.86 v _104_/A3 (sky130_fd_sc_hd__o311a_1)
     3    0.01    0.08    0.32    2.18 v _104_/X (sky130_fd_sc_hd__o311a_1)
                                         _059_ (net)
                  0.08    0.00    2.18 v _107_/A3 (sky130_fd_sc_hd__o311a_1)
     2    0.01    0.06    0.31    2.49 v _107_/X (sky130_fd_sc_hd__o311a_1)
                                         _062_ (net)
                  0.06    0.00    2.49 v _114_/B (sky130_fd_sc_hd__nor2_1)
     1    0.00    0.11    0.11    2.60 ^ _114_/Y (sky130_fd_sc_hd__nor2_1)
                                         _067_ (net)
                  0.11    0.00    2.60 ^ _116_/A (sky130_fd_sc_hd__xnor2_1)
     1    0.01    0.16    0.14    2.74 ^ _116_/Y (sky130_fd_sc_hd__xnor2_1)
                                         x1_14.S (net)
                  0.16    0.00    2.74 ^ _164_/D (sky130_fd_sc_hd__dfxtp_1)
                                  2.74   data arrival time

                  0.00    6.15    6.15   clock core_clock (rise edge)
                          0.00    6.15   clock network delay (ideal)
                          0.00    6.15   clock reconvergence pessimism
                                  6.15 ^ _164_/CLK (sky130_fd_sc_hd__dfxtp_1)
                         -0.09    6.06   library setup time
                                  6.06   data required time
-----------------------------------------------------------------------------
                                  6.06   data required time
                                 -2.74   data arrival time
-----------------------------------------------------------------------------
                                  3.32   slack (MET)


Startpoint: _167_ (rising edge-triggered flip-flop clocked by core_clock)
Endpoint: _163_ (rising edge-triggered flip-flop clocked by core_clock)
Path Group: core_clock
Path Type: max

Fanout     Cap    Slew   Delay    Time   Description
-----------------------------------------------------------------------------
                  0.00    0.00    0.00   clock core_clock (rise edge)
                          0.00    0.00   clock network delay (ideal)
                  0.00    0.00    0.00 ^ _167_/CLK (sky130_fd_sc_hd__dfxtp_1)
     4    0.01    0.09    0.32    0.32 ^ _167_/Q (sky130_fd_sc_hd__dfxtp_1)
                                         x1_0.A (net)
                  0.09    0.00    0.32 ^ _087_/A1 (sky130_fd_sc_hd__o21ai_1)
     3    0.01    0.07    0.10    0.42 v _087_/Y (sky130_fd_sc_hd__o21ai_1)
                                         _042_ (net)
                  0.07    0.00    0.42 v _089_/A3 (sky130_fd_sc_hd__a31o_1)
     3    0.01    0.07    0.26    0.68 v _089_/X (sky130_fd_sc_hd__a31o_1)
                                         _044_ (net)
                  0.07    0.00    0.68 v _092_/A2 (sky130_fd_sc_hd__o211a_1)
     3    0.01    0.06    0.24    0.92 v _092_/X (sky130_fd_sc_hd__o211a_1)
                                         _047_ (net)
                  0.06    0.00    0.92 v _095_/A3 (sky130_fd_sc_hd__o311a_1)
     3    0.01    0.07    0.32    1.24 v _095_/X (sky130_fd_sc_hd__o311a_1)
                                         _050_ (net)
                  0.07    0.00    1.24 v _098_/A3 (sky130_fd_sc_hd__o311a_1)
     2    0.00    0.06    0.30    1.54 v _098_/X (sky130_fd_sc_hd__o311a_1)
                                         _053_ (net)
                  0.06    0.00    1.54 v _101_/A3 (sky130_fd_sc_hd__o311a_1)
     3    0.01    0.07    0.32    1.86 v _101_/X (sky130_fd_sc_hd__o311a_1)
                                         _056_ (net)
                  0.07    0.00    1.86 v _104_/A3 (sky130_fd_sc_hd__o311a_1)
     3    0.01    0.08    0.32    2.18 v _104_/X (sky130_fd_sc_hd__o311a_1)
                                         _059_ (net)
                  0.08    0.00    2.18 v _117_/A3 (sky130_fd_sc_hd__o31a_1)
     1    0.00    0.06    0.25    2.43 v _117_/X (sky130_fd_sc_hd__o31a_1)
                                         _069_ (net)
                  0.06    0.00    2.43 v _119_/A (sky130_fd_sc_hd__xnor2_1)
     1    0.00    0.05    0.13    2.56 v _119_/Y (sky130_fd_sc_hd__xnor2_1)
                                         x1_13.S (net)
                  0.05    0.00    2.56 v _163_/D (sky130_fd_sc_hd__dfxtp_1)
                                  2.56   data arrival time

                  0.00    6.15    6.15   clock core_clock (rise edge)
                          0.00    6.15   clock network delay (ideal)
                          0.00    6.15   clock reconvergence pessimism
                                  6.15 ^ _163_/CLK (sky130_fd_sc_hd__dfxtp_1)
                         -0.12    6.03   library setup time
                                  6.03   data required time
-----------------------------------------------------------------------------
                                  6.03   data required time
                                 -2.56   data arrival time
-----------------------------------------------------------------------------
                                  3.46   slack (MET)


Startpoint: _167_ (rising edge-triggered flip-flop clocked by core_clock)
Endpoint: _161_ (rising edge-triggered flip-flop clocked by core_clock)
Path Group: core_clock
Path Type: max

Fanout     Cap    Slew   Delay    Time   Description
-----------------------------------------------------------------------------
                  0.00    0.00    0.00   clock core_clock (rise edge)
                          0.00    0.00   clock network delay (ideal)
                  0.00    0.00    0.00 ^ _167_/CLK (sky130_fd_sc_hd__dfxtp_1)
     4    0.01    0.09    0.32    0.32 ^ _167_/Q (sky130_fd_sc_hd__dfxtp_1)
                                         x1_0.A (net)
                  0.09    0.00    0.32 ^ _087_/A1 (sky130_fd_sc_hd__o21ai_1)
     3    0.01    0.07    0.10    0.42 v _087_/Y (sky130_fd_sc_hd__o21ai_1)
                                         _042_ (net)
                  0.07    0.00    0.42 v _089_/A3 (sky130_fd_sc_hd__a31o_1)
     3    0.01    0.07    0.26    0.68 v _089_/X (sky130_fd_sc_hd__a31o_1)
                                         _044_ (net)
                  0.07    0.00    0.68 v _092_/A2 (sky130_fd_sc_hd__o211a_1)
     3    0.01    0.06    0.24    0.92 v _092_/X (sky130_fd_sc_hd__o211a_1)
                                         _047_ (net)
                  0.06    0.00    0.92 v _095_/A3 (sky130_fd_sc_hd__o311a_1)
     3    0.01    0.07    0.32    1.24 v _095_/X (sky130_fd_sc_hd__o311a_1)
                                         _050_ (net)
                  0.07    0.00    1.24 v _098_/A3 (sky130_fd_sc_hd__o311a_1)
     2    0.00    0.06    0.30    1.54 v _098_/X (sky130_fd_sc_hd__o311a_1)
                                         _053_ (net)
                  0.06    0.00    1.54 v _101_/A3 (sky130_fd_sc_hd__o311a_1)
     3    0.01    0.07    0.32    1.86 v _101_/X (sky130_fd_sc_hd__o311a_1)
                                         _056_ (net)
                  0.07    0.00    1.86 v _104_/A3 (sky130_fd_sc_hd__o311a_1)
     3    0.01    0.08    0.32    2.18 v _104_/X (sky130_fd_sc_hd__o311a_1)
                                         _059_ (net)
                  0.08    0.00    2.18 v _120_/B (sky130_fd_sc_hd__nor2_1)
     2    0.01    0.16    0.15    2.33 ^ _120_/Y (sky130_fd_sc_hd__nor2_1)
                                         _000_ (net)
                  0.16    0.00    2.33 ^ _125_/B1 (sky130_fd_sc_hd__a22oi_1)
     1    0.00    0.08    0.09    2.42 v _125_/Y (sky130_fd_sc_hd__a22oi_1)
                                         x1_11.S (net)
                  0.08    0.00    2.42 v _161_/D (sky130_fd_sc_hd__dfxtp_1)
                                  2.42   data arrival time

                  0.00    6.15    6.15   clock core_clock (rise edge)
                          0.00    6.15   clock network delay (ideal)
                          0.00    6.15   clock reconvergence pessimism
                                  6.15 ^ _161_/CLK (sky130_fd_sc_hd__dfxtp_1)
                         -0.14    6.01   library setup time
                                  6.01   data required time
-----------------------------------------------------------------------------
                                  6.01   data required time
                                 -2.42   data arrival time
-----------------------------------------------------------------------------
                                  3.59   slack (MET)


Startpoint: _167_ (rising edge-triggered flip-flop clocked by core_clock)
Endpoint: _162_ (rising edge-triggered flip-flop clocked by core_clock)
Path Group: core_clock
Path Type: max

Fanout     Cap    Slew   Delay    Time   Description
-----------------------------------------------------------------------------
                  0.00    0.00    0.00   clock core_clock (rise edge)
                          0.00    0.00   clock network delay (ideal)
                  0.00    0.00    0.00 ^ _167_/CLK (sky130_fd_sc_hd__dfxtp_1)
     4    0.01    0.09    0.32    0.32 ^ _167_/Q (sky130_fd_sc_hd__dfxtp_1)
                                         x1_0.A (net)
                  0.09    0.00    0.32 ^ _087_/A1 (sky130_fd_sc_hd__o21ai_1)
     3    0.01    0.07    0.10    0.42 v _087_/Y (sky130_fd_sc_hd__o21ai_1)
                                         _042_ (net)
                  0.07    0.00    0.42 v _089_/A3 (sky130_fd_sc_hd__a31o_1)
     3    0.01    0.07    0.26    0.68 v _089_/X (sky130_fd_sc_hd__a31o_1)
                                         _044_ (net)
                  0.07    0.00    0.68 v _092_/A2 (sky130_fd_sc_hd__o211a_1)
     3    0.01    0.06    0.24    0.92 v _092_/X (sky130_fd_sc_hd__o211a_1)
                                         _047_ (net)
                  0.06    0.00    0.92 v _095_/A3 (sky130_fd_sc_hd__o311a_1)
     3    0.01    0.07    0.32    1.24 v _095_/X (sky130_fd_sc_hd__o311a_1)
                                         _050_ (net)
                  0.07    0.00    1.24 v _098_/A3 (sky130_fd_sc_hd__o311a_1)
     2    0.00    0.06    0.30    1.54 v _098_/X (sky130_fd_sc_hd__o311a_1)
                                         _053_ (net)
                  0.06    0.00    1.54 v _101_/A3 (sky130_fd_sc_hd__o311a_1)
     3    0.01    0.07    0.32    1.86 v _101_/X (sky130_fd_sc_hd__o311a_1)
                                         _056_ (net)
                  0.07    0.00    1.86 v _104_/A3 (sky130_fd_sc_hd__o311a_1)
     3    0.01    0.08    0.32    2.18 v _104_/X (sky130_fd_sc_hd__o311a_1)
                                         _059_ (net)
                  0.08    0.00    2.18 v _120_/B (sky130_fd_sc_hd__nor2_1)
     2    0.01    0.16    0.15    2.33 ^ _120_/Y (sky130_fd_sc_hd__nor2_1)
                                         _000_ (net)
                  0.16    0.00    2.33 ^ _122_/A (sky130_fd_sc_hd__xnor2_1)
     1    0.00    0.05    0.09    2.42 v _122_/Y (sky130_fd_sc_hd__xnor2_1)
                                         x1_12.S (net)
                  0.05    0.00    2.42 v _162_/D (sky130_fd_sc_hd__dfxtp_1)
                                  2.42   data arrival time

                  0.00    6.15    6.15   clock core_clock (rise edge)
                          0.00    6.15   clock network delay (ideal)
                          0.00    6.15   clock reconvergence pessimism
                                  6.15 ^ _162_/CLK (sky130_fd_sc_hd__dfxtp_1)
                         -0.12    6.03   library setup time
                                  6.03   data required time
-----------------------------------------------------------------------------
                                  6.03   data required time
                                 -2.42   data arrival time
-----------------------------------------------------------------------------
                                  3.60   slack (MET)


Startpoint: _167_ (rising edge-triggered flip-flop clocked by core_clock)
Endpoint: _208_ (rising edge-triggered flip-flop clocked by core_clock)
Path Group: core_clock
Path Type: max

Fanout     Cap    Slew   Delay    Time   Description
-----------------------------------------------------------------------------
                  0.00    0.00    0.00   clock core_clock (rise edge)
                          0.00    0.00   clock network delay (ideal)
                  0.00    0.00    0.00 ^ _167_/CLK (sky130_fd_sc_hd__dfxtp_1)
     4    0.01    0.09    0.32    0.32 ^ _167_/Q (sky130_fd_sc_hd__dfxtp_1)
                                         x1_0.A (net)
                  0.09    0.00    0.32 ^ _087_/A1 (sky130_fd_sc_hd__o21ai_1)
     3    0.01    0.07    0.10    0.42 v _087_/Y (sky130_fd_sc_hd__o21ai_1)
                                         _042_ (net)
                  0.07    0.00    0.42 v _089_/A3 (sky130_fd_sc_hd__a31o_1)
     3    0.01    0.07    0.26    0.68 v _089_/X (sky130_fd_sc_hd__a31o_1)
                                         _044_ (net)
                  0.07    0.00    0.68 v _092_/A2 (sky130_fd_sc_hd__o211a_1)
     3    0.01    0.06    0.24    0.92 v _092_/X (sky130_fd_sc_hd__o211a_1)
                                         _047_ (net)
                  0.06    0.00    0.92 v _095_/A3 (sky130_fd_sc_hd__o311a_1)
     3    0.01    0.07    0.32    1.24 v _095_/X (sky130_fd_sc_hd__o311a_1)
                                         _050_ (net)
                  0.07    0.00    1.24 v _098_/A3 (sky130_fd_sc_hd__o311a_1)
     2    0.00    0.06    0.30    1.54 v _098_/X (sky130_fd_sc_hd__o311a_1)
                                         _053_ (net)
                  0.06    0.00    1.54 v _129_/B (sky130_fd_sc_hd__or2_1)
     4    0.01    0.08    0.24    1.78 v _129_/X (sky130_fd_sc_hd__or2_1)
                                         _006_ (net)
                  0.08    0.00    1.78 v _130_/A2 (sky130_fd_sc_hd__o21a_1)
     2    0.01    0.05    0.19    1.97 v _130_/X (sky130_fd_sc_hd__o21a_1)
                                         _007_ (net)
                  0.05    0.00    1.97 v _133_/B1_N (sky130_fd_sc_hd__o21ba_1)
     1    0.00    0.04    0.20    2.18 ^ _133_/X (sky130_fd_sc_hd__o21ba_1)
                                         _009_ (net)
                  0.04    0.00    2.18 ^ _134_/B1 (sky130_fd_sc_hd__a21oi_1)
     1    0.00    0.06    0.03    2.21 v _134_/Y (sky130_fd_sc_hd__a21oi_1)
                                         x1_8.S (net)
                  0.06    0.00    2.21 v _208_/D (sky130_fd_sc_hd__dfxtp_1)
                                  2.21   data arrival time

                  0.00    6.15    6.15   clock core_clock (rise edge)
                          0.00    6.15   clock network delay (ideal)
                          0.00    6.15   clock reconvergence pessimism
                                  6.15 ^ _208_/CLK (sky130_fd_sc_hd__dfxtp_1)
                         -0.13    6.02   library setup time
                                  6.02   data required time
-----------------------------------------------------------------------------
                                  6.02   data required time
                                 -2.21   data arrival time
-----------------------------------------------------------------------------
                                  3.81   slack (MET)


Startpoint: _167_ (rising edge-triggered flip-flop clocked by core_clock)
Endpoint: _159_ (rising edge-triggered flip-flop clocked by core_clock)
Path Group: core_clock
Path Type: max

Fanout     Cap    Slew   Delay    Time   Description
-----------------------------------------------------------------------------
                  0.00    0.00    0.00   clock core_clock (rise edge)
                          0.00    0.00   clock network delay (ideal)
                  0.00    0.00    0.00 ^ _167_/CLK (sky130_fd_sc_hd__dfxtp_1)
     4    0.01    0.09    0.32    0.32 ^ _167_/Q (sky130_fd_sc_hd__dfxtp_1)
                                         x1_0.A (net)
                  0.09    0.00    0.32 ^ _087_/A1 (sky130_fd_sc_hd__o21ai_1)
     3    0.01    0.07    0.10    0.42 v _087_/Y (sky130_fd_sc_hd__o21ai_1)
                                         _042_ (net)
                  0.07    0.00    0.42 v _089_/A3 (sky130_fd_sc_hd__a31o_1)
     3    0.01    0.07    0.26    0.68 v _089_/X (sky130_fd_sc_hd__a31o_1)
                                         _044_ (net)
                  0.07    0.00    0.68 v _092_/A2 (sky130_fd_sc_hd__o211a_1)
     3    0.01    0.06    0.24    0.92 v _092_/X (sky130_fd_sc_hd__o211a_1)
                                         _047_ (net)
                  0.06    0.00    0.92 v _095_/A3 (sky130_fd_sc_hd__o311a_1)
     3    0.01    0.07    0.32    1.24 v _095_/X (sky130_fd_sc_hd__o311a_1)
                                         _050_ (net)
                  0.07    0.00    1.24 v _098_/A3 (sky130_fd_sc_hd__o311a_1)
     2    0.00    0.06    0.30    1.54 v _098_/X (sky130_fd_sc_hd__o311a_1)
                                         _053_ (net)
                  0.06    0.00    1.54 v _129_/B (sky130_fd_sc_hd__or2_1)
     4    0.01    0.08    0.24    1.78 v _129_/X (sky130_fd_sc_hd__or2_1)
                                         _006_ (net)
                  0.08    0.00    1.78 v _130_/A2 (sky130_fd_sc_hd__o21a_1)
     2    0.01    0.05    0.19    1.97 v _130_/X (sky130_fd_sc_hd__o21a_1)
                                         _007_ (net)
                  0.05    0.00    1.97 v _132_/A (sky130_fd_sc_hd__xnor2_1)
     1    0.00    0.04    0.12    2.09 v _132_/Y (sky130_fd_sc_hd__xnor2_1)
                                         x1_9.S (net)
                  0.04    0.00    2.09 v _159_/D (sky130_fd_sc_hd__dfxtp_1)
                                  2.09   data arrival time

                  0.00    6.15    6.15   clock core_clock (rise edge)
                          0.00    6.15   clock network delay (ideal)
                          0.00    6.15   clock reconvergence pessimism
                                  6.15 ^ _159_/CLK (sky130_fd_sc_hd__dfxtp_1)
                         -0.12    6.03   library setup time
                                  6.03   data required time
-----------------------------------------------------------------------------
                                  6.03   data required time
                                 -2.09   data arrival time
-----------------------------------------------------------------------------
                                  3.94   slack (MET)


Startpoint: _167_ (rising edge-triggered flip-flop clocked by core_clock)
Endpoint: _207_ (rising edge-triggered flip-flop clocked by core_clock)
Path Group: core_clock
Path Type: max

Fanout     Cap    Slew   Delay    Time   Description
-----------------------------------------------------------------------------
                  0.00    0.00    0.00   clock core_clock (rise edge)
                          0.00    0.00   clock network delay (ideal)
                  0.00    0.00    0.00 ^ _167_/CLK (sky130_fd_sc_hd__dfxtp_1)
     4    0.01    0.09    0.32    0.32 ^ _167_/Q (sky130_fd_sc_hd__dfxtp_1)
                                         x1_0.A (net)
                  0.09    0.00    0.32 ^ _087_/A1 (sky130_fd_sc_hd__o21ai_1)
     3    0.01    0.07    0.10    0.42 v _087_/Y (sky130_fd_sc_hd__o21ai_1)
                                         _042_ (net)
                  0.07    0.00    0.42 v _089_/A3 (sky130_fd_sc_hd__a31o_1)
     3    0.01    0.07    0.26    0.68 v _089_/X (sky130_fd_sc_hd__a31o_1)
                                         _044_ (net)
                  0.07    0.00    0.68 v _092_/A2 (sky130_fd_sc_hd__o211a_1)
     3    0.01    0.06    0.24    0.92 v _092_/X (sky130_fd_sc_hd__o211a_1)
                                         _047_ (net)
                  0.06    0.00    0.92 v _095_/A3 (sky130_fd_sc_hd__o311a_1)
     3    0.01    0.07    0.32    1.24 v _095_/X (sky130_fd_sc_hd__o311a_1)
                                         _050_ (net)
                  0.07    0.00    1.24 v _098_/A3 (sky130_fd_sc_hd__o311a_1)
     2    0.00    0.06    0.30    1.54 v _098_/X (sky130_fd_sc_hd__o311a_1)
                                         _053_ (net)
                  0.06    0.00    1.54 v _129_/B (sky130_fd_sc_hd__or2_1)
     4    0.01    0.08    0.24    1.78 v _129_/X (sky130_fd_sc_hd__or2_1)
                                         _006_ (net)
                  0.08    0.00    1.78 v _137_/B1 (sky130_fd_sc_hd__a2bb2o_1)
     1    0.00    0.05    0.28    2.06 v _137_/X (sky130_fd_sc_hd__a2bb2o_1)
                                         x1_7.S (net)
                  0.05    0.00    2.06 v _207_/D (sky130_fd_sc_hd__dfxtp_1)
                                  2.06   data arrival time

                  0.00    6.15    6.15   clock core_clock (rise edge)
                          0.00    6.15   clock network delay (ideal)
                          0.00    6.15   clock reconvergence pessimism
                                  6.15 ^ _207_/CLK (sky130_fd_sc_hd__dfxtp_1)
                         -0.12    6.03   library setup time
                                  6.03   data required time
-----------------------------------------------------------------------------
                                  6.03   data required time
                                 -2.06   data arrival time
-----------------------------------------------------------------------------
                                  3.97   slack (MET)


Startpoint: _167_ (rising edge-triggered flip-flop clocked by core_clock)
Endpoint: _160_ (rising edge-triggered flip-flop clocked by core_clock)
Path Group: core_clock
Path Type: max

Fanout     Cap    Slew   Delay    Time   Description
-----------------------------------------------------------------------------
                  0.00    0.00    0.00   clock core_clock (rise edge)
                          0.00    0.00   clock network delay (ideal)
                  0.00    0.00    0.00 ^ _167_/CLK (sky130_fd_sc_hd__dfxtp_1)
     4    0.01    0.09    0.32    0.32 ^ _167_/Q (sky130_fd_sc_hd__dfxtp_1)
                                         x1_0.A (net)
                  0.09    0.00    0.32 ^ _087_/A1 (sky130_fd_sc_hd__o21ai_1)
     3    0.01    0.07    0.10    0.42 v _087_/Y (sky130_fd_sc_hd__o21ai_1)
                                         _042_ (net)
                  0.07    0.00    0.42 v _089_/A3 (sky130_fd_sc_hd__a31o_1)
     3    0.01    0.07    0.26    0.68 v _089_/X (sky130_fd_sc_hd__a31o_1)
                                         _044_ (net)
                  0.07    0.00    0.68 v _092_/A2 (sky130_fd_sc_hd__o211a_1)
     3    0.01    0.06    0.24    0.92 v _092_/X (sky130_fd_sc_hd__o211a_1)
                                         _047_ (net)
                  0.06    0.00    0.92 v _095_/A3 (sky130_fd_sc_hd__o311a_1)
     3    0.01    0.07    0.32    1.24 v _095_/X (sky130_fd_sc_hd__o311a_1)
                                         _050_ (net)
                  0.07    0.00    1.24 v _098_/A3 (sky130_fd_sc_hd__o311a_1)
     2    0.00    0.06    0.30    1.54 v _098_/X (sky130_fd_sc_hd__o311a_1)
                                         _053_ (net)
                  0.06    0.00    1.54 v _101_/A3 (sky130_fd_sc_hd__o311a_1)
     3    0.01    0.07    0.32    1.86 v _101_/X (sky130_fd_sc_hd__o311a_1)
                                         _056_ (net)
                  0.07    0.00    1.86 v _126_/B (sky130_fd_sc_hd__nor2_1)
     1    0.01    0.12    0.12    1.98 ^ _126_/Y (sky130_fd_sc_hd__nor2_1)
                                         _004_ (net)
                  0.12    0.00    1.98 ^ _128_/A (sky130_fd_sc_hd__xnor2_1)
     1    0.00    0.04    0.08    2.06 v _128_/Y (sky130_fd_sc_hd__xnor2_1)
                                         x1_10.S (net)
                  0.04    0.00    2.06 v _160_/D (sky130_fd_sc_hd__dfxtp_1)
                                  2.06   data arrival time

                  0.00    6.15    6.15   clock core_clock (rise edge)
                          0.00    6.15   clock network delay (ideal)
                          0.00    6.15   clock reconvergence pessimism
                                  6.15 ^ _160_/CLK (sky130_fd_sc_hd__dfxtp_1)
                         -0.12    6.03   library setup time
                                  6.03   data required time
-----------------------------------------------------------------------------
                                  6.03   data required time
                                 -2.06   data arrival time
-----------------------------------------------------------------------------
                                  3.97   slack (MET)


Startpoint: _167_ (rising edge-triggered flip-flop clocked by core_clock)
Endpoint: _206_ (rising edge-triggered flip-flop clocked by core_clock)
Path Group: core_clock
Path Type: max

Fanout     Cap    Slew   Delay    Time   Description
-----------------------------------------------------------------------------
                  0.00    0.00    0.00   clock core_clock (rise edge)
                          0.00    0.00   clock network delay (ideal)
                  0.00    0.00    0.00 ^ _167_/CLK (sky130_fd_sc_hd__dfxtp_1)
     4    0.01    0.09    0.32    0.32 ^ _167_/Q (sky130_fd_sc_hd__dfxtp_1)
                                         x1_0.A (net)
                  0.09    0.00    0.32 ^ _087_/A1 (sky130_fd_sc_hd__o21ai_1)
     3    0.01    0.07    0.10    0.42 v _087_/Y (sky130_fd_sc_hd__o21ai_1)
                                         _042_ (net)
                  0.07    0.00    0.42 v _089_/A3 (sky130_fd_sc_hd__a31o_1)
     3    0.01    0.07    0.26    0.68 v _089_/X (sky130_fd_sc_hd__a31o_1)
                                         _044_ (net)
                  0.07    0.00    0.68 v _092_/A2 (sky130_fd_sc_hd__o211a_1)
     3    0.01    0.06    0.24    0.92 v _092_/X (sky130_fd_sc_hd__o211a_1)
                                         _047_ (net)
                  0.06    0.00    0.92 v _095_/A3 (sky130_fd_sc_hd__o311a_1)
     3    0.01    0.07    0.32    1.24 v _095_/X (sky130_fd_sc_hd__o311a_1)
                                         _050_ (net)
                  0.07    0.00    1.24 v _138_/B (sky130_fd_sc_hd__nor2_1)
     1    0.01    0.12    0.12    1.36 ^ _138_/Y (sky130_fd_sc_hd__nor2_1)
                                         _012_ (net)
                  0.12    0.00    1.36 ^ _140_/A (sky130_fd_sc_hd__xnor2_1)
     1    0.00    0.04    0.08    1.44 v _140_/Y (sky130_fd_sc_hd__xnor2_1)
                                         x1_6.S (net)
                  0.04    0.00    1.44 v _206_/D (sky130_fd_sc_hd__dfxtp_1)
                                  1.44   data arrival time

                  0.00    6.15    6.15   clock core_clock (rise edge)
                          0.00    6.15   clock network delay (ideal)
                          0.00    6.15   clock reconvergence pessimism
                                  6.15 ^ _206_/CLK (sky130_fd_sc_hd__dfxtp_1)
                         -0.12    6.03   library setup time
                                  6.03   data required time
-----------------------------------------------------------------------------
                                  6.03   data required time
                                 -1.44   data arrival time
-----------------------------------------------------------------------------
                                  4.59   slack (MET)


Startpoint: _167_ (rising edge-triggered flip-flop clocked by core_clock)
Endpoint: _205_ (rising edge-triggered flip-flop clocked by core_clock)
Path Group: core_clock
Path Type: max

Fanout     Cap    Slew   Delay    Time   Description
-----------------------------------------------------------------------------
                  0.00    0.00    0.00   clock core_clock (rise edge)
                          0.00    0.00   clock network delay (ideal)
                  0.00    0.00    0.00 ^ _167_/CLK (sky130_fd_sc_hd__dfxtp_1)
     4    0.01    0.09    0.32    0.32 ^ _167_/Q (sky130_fd_sc_hd__dfxtp_1)
                                         x1_0.A (net)
                  0.09    0.00    0.32 ^ _087_/A1 (sky130_fd_sc_hd__o21ai_1)
     3    0.01    0.07    0.10    0.42 v _087_/Y (sky130_fd_sc_hd__o21ai_1)
                                         _042_ (net)
                  0.07    0.00    0.42 v _089_/A3 (sky130_fd_sc_hd__a31o_1)
     3    0.01    0.07    0.26    0.68 v _089_/X (sky130_fd_sc_hd__a31o_1)
                                         _044_ (net)
                  0.07    0.00    0.68 v _092_/A2 (sky130_fd_sc_hd__o211a_1)
     3    0.01    0.06    0.24    0.92 v _092_/X (sky130_fd_sc_hd__o211a_1)
                                         _047_ (net)
                  0.06    0.00    0.92 v _141_/A3 (sky130_fd_sc_hd__o31a_1)
     1    0.00    0.06    0.25    1.17 v _141_/X (sky130_fd_sc_hd__o31a_1)
                                         _014_ (net)
                  0.06    0.00    1.17 v _143_/A (sky130_fd_sc_hd__xnor2_1)
     1    0.00    0.04    0.12    1.29 v _143_/Y (sky130_fd_sc_hd__xnor2_1)
                                         x1_5.S (net)
                  0.04    0.00    1.29 v _205_/D (sky130_fd_sc_hd__dfxtp_1)
                                  1.29   data arrival time

                  0.00    6.15    6.15   clock core_clock (rise edge)
                          0.00    6.15   clock network delay (ideal)
                          0.00    6.15   clock reconvergence pessimism
                                  6.15 ^ _205_/CLK (sky130_fd_sc_hd__dfxtp_1)
                         -0.12    6.03   library setup time
                                  6.03   data required time
-----------------------------------------------------------------------------
                                  6.03   data required time
                                 -1.29   data arrival time
-----------------------------------------------------------------------------
                                  4.74   slack (MET)


Startpoint: _167_ (rising edge-triggered flip-flop clocked by core_clock)
Endpoint: _204_ (rising edge-triggered flip-flop clocked by core_clock)
Path Group: core_clock
Path Type: max

Fanout     Cap    Slew   Delay    Time   Description
-----------------------------------------------------------------------------
                  0.00    0.00    0.00   clock core_clock (rise edge)
                          0.00    0.00   clock network delay (ideal)
                  0.00    0.00    0.00 ^ _167_/CLK (sky130_fd_sc_hd__dfxtp_1)
     4    0.01    0.09    0.32    0.32 ^ _167_/Q (sky130_fd_sc_hd__dfxtp_1)
                                         x1_0.A (net)
                  0.09    0.00    0.32 ^ _087_/A1 (sky130_fd_sc_hd__o21ai_1)
     3    0.01    0.07    0.10    0.42 v _087_/Y (sky130_fd_sc_hd__o21ai_1)
                                         _042_ (net)
                  0.07    0.00    0.42 v _089_/A3 (sky130_fd_sc_hd__a31o_1)
     3    0.01    0.07    0.26    0.68 v _089_/X (sky130_fd_sc_hd__a31o_1)
                                         _044_ (net)
                  0.07    0.00    0.68 v _092_/A2 (sky130_fd_sc_hd__o211a_1)
     3    0.01    0.06    0.24    0.92 v _092_/X (sky130_fd_sc_hd__o211a_1)
                                         _047_ (net)
                  0.06    0.00    0.92 v _144_/B (sky130_fd_sc_hd__nor2_1)
     1    0.00    0.11    0.11    1.03 ^ _144_/Y (sky130_fd_sc_hd__nor2_1)
                                         _016_ (net)
                  0.11    0.00    1.03 ^ _146_/A (sky130_fd_sc_hd__xnor2_1)
     1    0.00    0.04    0.08    1.11 v _146_/Y (sky130_fd_sc_hd__xnor2_1)
                                         x1_4.S (net)
                  0.04    0.00    1.11 v _204_/D (sky130_fd_sc_hd__dfxtp_1)
                                  1.11   data arrival time

                  0.00    6.15    6.15   clock core_clock (rise edge)
                          0.00    6.15   clock network delay (ideal)
                          0.00    6.15   clock reconvergence pessimism
                                  6.15 ^ _204_/CLK (sky130_fd_sc_hd__dfxtp_1)
                         -0.12    6.03   library setup time
                                  6.03   data required time
-----------------------------------------------------------------------------
                                  6.03   data required time
                                 -1.11   data arrival time
-----------------------------------------------------------------------------
                                  4.92   slack (MET)


Startpoint: _167_ (rising edge-triggered flip-flop clocked by core_clock)
Endpoint: _203_ (rising edge-triggered flip-flop clocked by core_clock)
Path Group: core_clock
Path Type: max

Fanout     Cap    Slew   Delay    Time   Description
-----------------------------------------------------------------------------
                  0.00    0.00    0.00   clock core_clock (rise edge)
                          0.00    0.00   clock network delay (ideal)
                  0.00    0.00    0.00 ^ _167_/CLK (sky130_fd_sc_hd__dfxtp_1)
     4    0.01    0.09    0.32    0.32 ^ _167_/Q (sky130_fd_sc_hd__dfxtp_1)
                                         x1_0.A (net)
                  0.09    0.00    0.32 ^ _087_/A1 (sky130_fd_sc_hd__o21ai_1)
     3    0.01    0.07    0.10    0.42 v _087_/Y (sky130_fd_sc_hd__o21ai_1)
                                         _042_ (net)
                  0.07    0.00    0.42 v _089_/A3 (sky130_fd_sc_hd__a31o_1)
     3    0.01    0.07    0.26    0.68 v _089_/X (sky130_fd_sc_hd__a31o_1)
                                         _044_ (net)
                  0.07    0.00    0.68 v _147_/A2 (sky130_fd_sc_hd__o21a_1)
     1    0.00    0.04    0.18    0.86 v _147_/X (sky130_fd_sc_hd__o21a_1)
                                         _018_ (net)
                  0.04    0.00    0.86 v _149_/A (sky130_fd_sc_hd__xnor2_1)
     1    0.00    0.04    0.11    0.98 v _149_/Y (sky130_fd_sc_hd__xnor2_1)
                                         x1_3.S (net)
                  0.04    0.00    0.98 v _203_/D (sky130_fd_sc_hd__dfxtp_1)
                                  0.98   data arrival time

                  0.00    6.15    6.15   clock core_clock (rise edge)
                          0.00    6.15   clock network delay (ideal)
                          0.00    6.15   clock reconvergence pessimism
                                  6.15 ^ _203_/CLK (sky130_fd_sc_hd__dfxtp_1)
                         -0.12    6.03   library setup time
                                  6.03   data required time
-----------------------------------------------------------------------------
                                  6.03   data required time
                                 -0.98   data arrival time
-----------------------------------------------------------------------------
                                  5.05   slack (MET)


Startpoint: _183_ (rising edge-triggered flip-flop clocked by core_clock)
Endpoint: _200_ (rising edge-triggered flip-flop clocked by core_clock)
Path Group: core_clock
Path Type: max

Fanout     Cap    Slew   Delay    Time   Description
-----------------------------------------------------------------------------
                  0.00    0.00    0.00   clock core_clock (rise edge)
                          0.00    0.00   clock network delay (ideal)
                  0.00    0.00    0.00 ^ _183_/CLK (sky130_fd_sc_hd__dfxtp_1)
     3    0.01    0.04    0.29    0.29 v _183_/Q (sky130_fd_sc_hd__dfxtp_1)
                                         x1_0.B (net)
                  0.04    0.00    0.29 v _156_/A (sky130_fd_sc_hd__or3_1)
     1    0.00    0.06    0.36    0.64 v _156_/X (sky130_fd_sc_hd__or3_1)
                                         _024_ (net)
                  0.06    0.00    0.64 v _158_/A3 (sky130_fd_sc_hd__a31o_1)
     1    0.00    0.04    0.23    0.87 v _158_/X (sky130_fd_sc_hd__a31o_1)
                                         x1_0.S (net)
                  0.04    0.00    0.87 v _200_/D (sky130_fd_sc_hd__dfxtp_1)
                                  0.87   data arrival time

                  0.00    6.15    6.15   clock core_clock (rise edge)
                          0.00    6.15   clock network delay (ideal)
                          0.00    6.15   clock reconvergence pessimism
                                  6.15 ^ _200_/CLK (sky130_fd_sc_hd__dfxtp_1)
                         -0.12    6.03   library setup time
                                  6.03   data required time
-----------------------------------------------------------------------------
                                  6.03   data required time
                                 -0.87   data arrival time
-----------------------------------------------------------------------------
                                  5.16   slack (MET)


Startpoint: _167_ (rising edge-triggered flip-flop clocked by core_clock)
Endpoint: _202_ (rising edge-triggered flip-flop clocked by core_clock)
Path Group: core_clock
Path Type: max

Fanout     Cap    Slew   Delay    Time   Description
-----------------------------------------------------------------------------
                  0.00    0.00    0.00   clock core_clock (rise edge)
                          0.00    0.00   clock network delay (ideal)
                  0.00    0.00    0.00 ^ _167_/CLK (sky130_fd_sc_hd__dfxtp_1)
     4    0.01    0.09    0.32    0.32 ^ _167_/Q (sky130_fd_sc_hd__dfxtp_1)
                                         x1_0.A (net)
                  0.09    0.00    0.32 ^ _087_/A1 (sky130_fd_sc_hd__o21ai_1)
     3    0.01    0.07    0.10    0.42 v _087_/Y (sky130_fd_sc_hd__o21ai_1)
                                         _042_ (net)
                  0.07    0.00    0.42 v _089_/A3 (sky130_fd_sc_hd__a31o_1)
     3    0.01    0.07    0.26    0.68 v _089_/X (sky130_fd_sc_hd__a31o_1)
                                         _044_ (net)
                  0.07    0.00    0.68 v _151_/A (sky130_fd_sc_hd__xnor2_1)
     1    0.00    0.05    0.13    0.81 v _151_/Y (sky130_fd_sc_hd__xnor2_1)
                                         x1_2.S (net)
                  0.05    0.00    0.81 v _202_/D (sky130_fd_sc_hd__dfxtp_1)
                                  0.81   data arrival time

                  0.00    6.15    6.15   clock core_clock (rise edge)
                          0.00    6.15   clock network delay (ideal)
                          0.00    6.15   clock reconvergence pessimism
                                  6.15 ^ _202_/CLK (sky130_fd_sc_hd__dfxtp_1)
                         -0.12    6.03   library setup time
                                  6.03   data required time
-----------------------------------------------------------------------------
                                  6.03   data required time
                                 -0.81   data arrival time
-----------------------------------------------------------------------------
                                  5.22   slack (MET)


Startpoint: _167_ (rising edge-triggered flip-flop clocked by core_clock)
Endpoint: _201_ (rising edge-triggered flip-flop clocked by core_clock)
Path Group: core_clock
Path Type: max

Fanout     Cap    Slew   Delay    Time   Description
-----------------------------------------------------------------------------
                  0.00    0.00    0.00   clock core_clock (rise edge)
                          0.00    0.00   clock network delay (ideal)
                  0.00    0.00    0.00 ^ _167_/CLK (sky130_fd_sc_hd__dfxtp_1)
     4    0.01    0.05    0.30    0.30 v _167_/Q (sky130_fd_sc_hd__dfxtp_1)
                                         x1_0.A (net)
                  0.05    0.00    0.30 v _087_/A1 (sky130_fd_sc_hd__o21ai_1)
     3    0.01    0.18    0.19    0.48 ^ _087_/Y (sky130_fd_sc_hd__o21ai_1)
                                         _042_ (net)
                  0.18    0.00    0.48 ^ _152_/B (sky130_fd_sc_hd__and2_1)
     1    0.01    0.07    0.17    0.65 ^ _152_/X (sky130_fd_sc_hd__and2_1)
                                         _021_ (net)
                  0.07    0.00    0.65 ^ _155_/A (sky130_fd_sc_hd__xnor2_1)
     1    0.00    0.13    0.12    0.77 ^ _155_/Y (sky130_fd_sc_hd__xnor2_1)
                                         x1_1.S (net)
                  0.13    0.00    0.77 ^ _201_/D (sky130_fd_sc_hd__dfxtp_1)
                                  0.77   data arrival time

                  0.00    6.15    6.15   clock core_clock (rise edge)
                          0.00    6.15   clock network delay (ideal)
                          0.00    6.15   clock reconvergence pessimism
                                  6.15 ^ _201_/CLK (sky130_fd_sc_hd__dfxtp_1)
                         -0.08    6.07   library setup time
                                  6.07   data required time
-----------------------------------------------------------------------------
                                  6.07   data required time
                                 -0.77   data arrival time
-----------------------------------------------------------------------------
                                  5.30   slack (MET)



worst slack corner Typical: 3.1487
max_report_end
checks_report

===========================================================================
report_checks -unconstrained
===========================================================================
======================= Typical Corner ===================================

Startpoint: _167_ (rising edge-triggered flip-flop clocked by core_clock)
Endpoint: _165_ (rising edge-triggered flip-flop clocked by core_clock)
Path Group: core_clock
Path Type: max

Fanout     Cap    Slew   Delay    Time   Description
-----------------------------------------------------------------------------
                  0.00    0.00    0.00   clock core_clock (rise edge)
                          0.00    0.00   clock network delay (ideal)
                  0.00    0.00    0.00 ^ _167_/CLK (sky130_fd_sc_hd__dfxtp_1)
     4    0.01    0.09    0.32    0.32 ^ _167_/Q (sky130_fd_sc_hd__dfxtp_1)
                                         x1_0.A (net)
                  0.09    0.00    0.32 ^ _087_/A1 (sky130_fd_sc_hd__o21ai_1)
     3    0.01    0.07    0.10    0.42 v _087_/Y (sky130_fd_sc_hd__o21ai_1)
                                         _042_ (net)
                  0.07    0.00    0.42 v _089_/A3 (sky130_fd_sc_hd__a31o_1)
     3    0.01    0.07    0.26    0.68 v _089_/X (sky130_fd_sc_hd__a31o_1)
                                         _044_ (net)
                  0.07    0.00    0.68 v _092_/A2 (sky130_fd_sc_hd__o211a_1)
     3    0.01    0.06    0.24    0.92 v _092_/X (sky130_fd_sc_hd__o211a_1)
                                         _047_ (net)
                  0.06    0.00    0.92 v _095_/A3 (sky130_fd_sc_hd__o311a_1)
     3    0.01    0.07    0.32    1.24 v _095_/X (sky130_fd_sc_hd__o311a_1)
                                         _050_ (net)
                  0.07    0.00    1.24 v _098_/A3 (sky130_fd_sc_hd__o311a_1)
     2    0.00    0.06    0.30    1.54 v _098_/X (sky130_fd_sc_hd__o311a_1)
                                         _053_ (net)
                  0.06    0.00    1.54 v _101_/A3 (sky130_fd_sc_hd__o311a_1)
     3    0.01    0.07    0.32    1.86 v _101_/X (sky130_fd_sc_hd__o311a_1)
                                         _056_ (net)
                  0.07    0.00    1.86 v _104_/A3 (sky130_fd_sc_hd__o311a_1)
     3    0.01    0.08    0.32    2.18 v _104_/X (sky130_fd_sc_hd__o311a_1)
                                         _059_ (net)
                  0.08    0.00    2.18 v _107_/A3 (sky130_fd_sc_hd__o311a_1)
     2    0.01    0.06    0.31    2.49 v _107_/X (sky130_fd_sc_hd__o311a_1)
                                         _062_ (net)
                  0.06    0.00    2.49 v _109_/A3 (sky130_fd_sc_hd__o31a_1)
     2    0.01    0.07    0.27    2.75 v _109_/X (sky130_fd_sc_hd__o31a_1)
                                         _064_ (net)
                  0.07    0.00    2.75 v _113_/A (sky130_fd_sc_hd__xnor2_1)
     1    0.00    0.04    0.13    2.88 v _113_/Y (sky130_fd_sc_hd__xnor2_1)
                                         x1_15.S (net)
                  0.04    0.00    2.88 v _165_/D (sky130_fd_sc_hd__dfxtp_1)
                                  2.88   data arrival time

                  0.00    6.15    6.15   clock core_clock (rise edge)
                          0.00    6.15   clock network delay (ideal)
                          0.00    6.15   clock reconvergence pessimism
                                  6.15 ^ _165_/CLK (sky130_fd_sc_hd__dfxtp_1)
                         -0.12    6.03   library setup time
                                  6.03   data required time
-----------------------------------------------------------------------------
                                  6.03   data required time
                                 -2.88   data arrival time
-----------------------------------------------------------------------------
                                  3.15   slack (MET)




===========================================================================
report_checks --slack_max -0.01
============================================================================
======================= Typical Corner ===================================

No paths found.


===========================================================================
 report_check_types -max_slew -max_cap -max_fanout -violators
============================================================================
======================= Typical Corner ===================================


max slew violations count Typical: 0
max fanout violations count Typical: 0
max cap violations count Typical: 0

===========================================================================
report_parasitic_annotation -report_unannotated
============================================================================
Found 1 unannotated drivers.
 CLK
Found 0 partially unannotated drivers.

===========================================================================
max slew violation count 0
max fanout violation count 0
max cap violation count 0
============================================================================

===========================================================================
check_setup -verbose -unconstrained_endpoints -multiple_clock -no_clock -no_input_delay -loops -generated_clocks
===========================================================================
Warning: There are 33 input ports missing set_input_delay.
  A[0]
  A[10]
  A[11]
  A[12]
  A[13]
  A[14]
  A[15]
  A[1]
  A[2]
  A[3]
  A[4]
  A[5]
  A[6]
  A[7]
  A[8]
  A[9]
  B[0]
  B[10]
  B[11]
  B[12]
  B[13]
  B[14]
  B[15]
  B[1]
  B[2]
  B[3]
  B[4]
  B[5]
  B[6]
  B[7]
  B[8]
  B[9]
  Cin
Warning: There are 50 unconstrained endpoints.
  Cout
  S[0]
  S[10]
  S[11]
  S[12]
  S[13]
  S[14]
  S[15]
  S[1]
  S[2]
  S[3]
  S[4]
  S[5]
  S[6]
  S[7]
  S[8]
  S[9]
  _167_/D
  _168_/D
  _169_/D
  _170_/D
  _171_/D
  _172_/D
  _173_/D
  _174_/D
  _175_/D
  _176_/D
  _177_/D
  _178_/D
  _179_/D
  _180_/D
  _181_/D
  _182_/D
  _183_/D
  _184_/D
  _185_/D
  _186_/D
  _187_/D
  _188_/D
  _189_/D
  _190_/D
  _191_/D
  _192_/D
  _193_/D
  _194_/D
  _195_/D
  _196_/D
  _197_/D
  _198_/D
  _199_/D
checks_report_end
power_report

===========================================================================
 report_power
============================================================================
======================= Typical Corner ===================================

Group                  Internal  Switching    Leakage      Total
                          Power      Power      Power      Power (Watts)
----------------------------------------------------------------
Sequential             3.61e-04   1.10e-05   4.22e-10   3.72e-04  86.8%
Combinational          3.40e-05   2.27e-05   2.99e-10   5.67e-05  13.2%
Clock                  0.00e+00   0.00e+00   1.43e-10   1.43e-10   0.0%
Macro                  0.00e+00   0.00e+00   0.00e+00   0.00e+00   0.0%
Pad                    0.00e+00   0.00e+00   0.00e+00   0.00e+00   0.0%
----------------------------------------------------------------
Total                  3.95e-04   3.37e-05   8.63e-10   4.29e-04 100.0%
                          92.1%       7.9%       0.0%

power_report_end
skew_report

===========================================================================
report_clock_skew
============================================================================
Clock core_clock
   0.00 source latency _167_/CLK ^
   0.00 target latency _159_/CLK ^
   0.00 CRPR
--------------
   0.00 setup skew

skew_report_end
summary_report

===========================================================================
report_tns
============================================================================
tns 0.00

===========================================================================
report_wns
============================================================================
wns 0.00

===========================================================================
report_worst_slack -max (Setup)
============================================================================
worst slack 3.15

===========================================================================
report_worst_slack -min (Hold)
============================================================================
worst slack 0.46
summary_report_end
area_report

===========================================================================
report_design_area
============================================================================
Design area 1795 u^2 49% utilization.
area_report_end
check_nonpropagated_clocks
core_clock
check_nonpropagated_clocks_end
[WARNING] Did not save OpenROAD database!
Writing SDF to '/openlane/designs/fa16/runs/auto_pnr/results/signoff/fa16.sdf'…
