OpenROAD b16bda7e82721d10566ff7e2b68f1ff0be9f9e38 
Features included (+) or not (-): +Charts +GPU +GUI +Python
This program is licensed under the BSD-3 license. See the LICENSE file for details.
Components of this program may be licensed under more restrictive licenses which must be honored.
define_corners Typical
read_liberty -corner Typical /volare/sky130A/libs.ref/sky130_fd_sc_hd/lib/sky130_fd_sc_hd__tt_025C_1v80.lib
Using 1e-12 for capacitance...
Using 1e+03 for resistance...
Using 1e-09 for time...
Using 1e+00 for voltage...
Using 1e-03 for current...
Using 1e-09 for power...
Using 1e-06 for distance...
[INFO]: Reading ODB at '/openlane/designs/fa16/runs/auto_pnr/tmp/placement/7-global.odb'…
Reading design constraints file at '/openlane/designs/fa16/src/fa16.sdc'…
[INFO]: Setting RC values...
min_report

===========================================================================
report_checks -path_delay min (Hold)
============================================================================
======================= Typical Corner ===================================

Startpoint: _182_ (rising edge-triggered flip-flop clocked by core_clock)
Endpoint: _166_ (rising edge-triggered flip-flop clocked by core_clock)
Path Group: core_clock
Path Type: min

Fanout     Cap    Slew   Delay    Time   Description
-----------------------------------------------------------------------------
                  0.00    0.00    0.00   clock core_clock (rise edge)
                          0.00    0.00   clock network delay (ideal)
                  0.00    0.00    0.00 ^ _182_/CLK (sky130_fd_sc_hd__dfxtp_2)
     2    0.01    0.06    0.32    0.32 ^ _182_/Q (sky130_fd_sc_hd__dfxtp_2)
                                         x1_15.A (net)
                  0.06    0.00    0.32 ^ _110_/B (sky130_fd_sc_hd__nand2_2)
     2    0.01    0.04    0.06    0.37 v _110_/Y (sky130_fd_sc_hd__nand2_2)
                                         _065_ (net)
                  0.04    0.00    0.37 v _111_/B1 (sky130_fd_sc_hd__o21ai_2)
     1    0.00    0.03    0.04    0.42 ^ _111_/Y (sky130_fd_sc_hd__o21ai_2)
                                         x1_15.Cout (net)
                  0.03    0.00    0.42 ^ _166_/D (sky130_fd_sc_hd__dfxtp_2)
                                  0.42   data arrival time

                  0.00    0.00    0.00   clock core_clock (rise edge)
                          0.00    0.00   clock network delay (ideal)
                          0.00    0.00   clock reconvergence pessimism
                                  0.00 ^ _166_/CLK (sky130_fd_sc_hd__dfxtp_2)
                         -0.03   -0.03   library hold time
                                 -0.03   data required time
-----------------------------------------------------------------------------
                                 -0.03   data required time
                                 -0.42   data arrival time
-----------------------------------------------------------------------------
                                  0.45   slack (MET)


Startpoint: _175_ (rising edge-triggered flip-flop clocked by core_clock)
Endpoint: _208_ (rising edge-triggered flip-flop clocked by core_clock)
Path Group: core_clock
Path Type: min

Fanout     Cap    Slew   Delay    Time   Description
-----------------------------------------------------------------------------
                  0.00    0.00    0.00   clock core_clock (rise edge)
                          0.00    0.00   clock network delay (ideal)
                  0.00    0.00    0.00 ^ _175_/CLK (sky130_fd_sc_hd__dfxtp_2)
     2    0.01    0.07    0.32    0.32 ^ _175_/Q (sky130_fd_sc_hd__dfxtp_2)
                                         x1_8.A (net)
                  0.07    0.00    0.32 ^ _078_/B (sky130_fd_sc_hd__nor2_2)
     3    0.01    0.03    0.05    0.37 v _078_/Y (sky130_fd_sc_hd__nor2_2)
                                         _033_ (net)
                  0.03    0.00    0.37 v _134_/A1 (sky130_fd_sc_hd__a21oi_2)
     1    0.00    0.07    0.10    0.47 ^ _134_/Y (sky130_fd_sc_hd__a21oi_2)
                                         x1_8.S (net)
                  0.07    0.00    0.47 ^ _208_/D (sky130_fd_sc_hd__dfxtp_2)
                                  0.47   data arrival time

                  0.00    0.00    0.00   clock core_clock (rise edge)
                          0.00    0.00   clock network delay (ideal)
                          0.00    0.00   clock reconvergence pessimism
                                  0.00 ^ _208_/CLK (sky130_fd_sc_hd__dfxtp_2)
                         -0.04   -0.04   library hold time
                                 -0.04   data required time
-----------------------------------------------------------------------------
                                 -0.04   data required time
                                 -0.47   data arrival time
-----------------------------------------------------------------------------
                                  0.51   slack (MET)


Startpoint: _183_ (rising edge-triggered flip-flop clocked by core_clock)
Endpoint: _200_ (rising edge-triggered flip-flop clocked by core_clock)
Path Group: core_clock
Path Type: min

Fanout     Cap    Slew   Delay    Time   Description
-----------------------------------------------------------------------------
                  0.00    0.00    0.00   clock core_clock (rise edge)
                          0.00    0.00   clock network delay (ideal)
                  0.00    0.00    0.00 ^ _183_/CLK (sky130_fd_sc_hd__dfxtp_2)
     3    0.01    0.03    0.30    0.30 v _183_/Q (sky130_fd_sc_hd__dfxtp_2)
                                         x1_0.B (net)
                  0.03    0.00    0.30 v _087_/B1 (sky130_fd_sc_hd__o21ai_2)
     3    0.01    0.06    0.06    0.36 ^ _087_/Y (sky130_fd_sc_hd__o21ai_2)
                                         _042_ (net)
                  0.06    0.00    0.36 ^ _158_/A2 (sky130_fd_sc_hd__a31o_2)
     1    0.00    0.04    0.15    0.51 ^ _158_/X (sky130_fd_sc_hd__a31o_2)
                                         x1_0.S (net)
                  0.04    0.00    0.51 ^ _200_/D (sky130_fd_sc_hd__dfxtp_2)
                                  0.51   data arrival time

                  0.00    0.00    0.00   clock core_clock (rise edge)
                          0.00    0.00   clock network delay (ideal)
                          0.00    0.00   clock reconvergence pessimism
                                  0.00 ^ _200_/CLK (sky130_fd_sc_hd__dfxtp_2)
                         -0.04   -0.04   library hold time
                                 -0.04   data required time
-----------------------------------------------------------------------------
                                 -0.04   data required time
                                 -0.51   data arrival time
-----------------------------------------------------------------------------
                                  0.55   slack (MET)


Startpoint: _194_ (rising edge-triggered flip-flop clocked by core_clock)
Endpoint: _161_ (rising edge-triggered flip-flop clocked by core_clock)
Path Group: core_clock
Path Type: min

Fanout     Cap    Slew   Delay    Time   Description
-----------------------------------------------------------------------------
                  0.00    0.00    0.00   clock core_clock (rise edge)
                          0.00    0.00   clock network delay (ideal)
                  0.00    0.00    0.00 ^ _194_/CLK (sky130_fd_sc_hd__dfxtp_2)
     2    0.01    0.04    0.30    0.30 v _194_/Q (sky130_fd_sc_hd__dfxtp_2)
                                         x1_11.B (net)
                  0.04    0.00    0.30 v _103_/A (sky130_fd_sc_hd__nand2_2)
     2    0.01    0.04    0.05    0.36 ^ _103_/Y (sky130_fd_sc_hd__nand2_2)
                                         _058_ (net)
                  0.04    0.00    0.36 ^ _124_/A (sky130_fd_sc_hd__or2_2)
     1    0.00    0.04    0.10    0.46 ^ _124_/X (sky130_fd_sc_hd__or2_2)
                                         _003_ (net)
                  0.04    0.00    0.46 ^ _125_/B2 (sky130_fd_sc_hd__a22oi_2)
     1    0.00    0.04    0.05    0.51 v _125_/Y (sky130_fd_sc_hd__a22oi_2)
                                         x1_11.S (net)
                  0.04    0.00    0.51 v _161_/D (sky130_fd_sc_hd__dfxtp_2)
                                  0.51   data arrival time

                  0.00    0.00    0.00   clock core_clock (rise edge)
                          0.00    0.00   clock network delay (ideal)
                          0.00    0.00   clock reconvergence pessimism
                                  0.00 ^ _161_/CLK (sky130_fd_sc_hd__dfxtp_2)
                         -0.05   -0.05   library hold time
                                 -0.05   data required time
-----------------------------------------------------------------------------
                                 -0.05   data required time
                                 -0.51   data arrival time
-----------------------------------------------------------------------------
                                  0.56   slack (MET)


Startpoint: _174_ (rising edge-triggered flip-flop clocked by core_clock)
Endpoint: _207_ (rising edge-triggered flip-flop clocked by core_clock)
Path Group: core_clock
Path Type: min

Fanout     Cap    Slew   Delay    Time   Description
-----------------------------------------------------------------------------
                  0.00    0.00    0.00   clock core_clock (rise edge)
                          0.00    0.00   clock network delay (ideal)
                  0.00    0.00    0.00 ^ _174_/CLK (sky130_fd_sc_hd__dfxtp_2)
     2    0.01    0.07    0.32    0.32 ^ _174_/Q (sky130_fd_sc_hd__dfxtp_2)
                                         x1_7.A (net)
                  0.07    0.00    0.32 ^ _079_/B (sky130_fd_sc_hd__nor2_2)
     3    0.01    0.03    0.05    0.37 v _079_/Y (sky130_fd_sc_hd__nor2_2)
                                         _034_ (net)
                  0.03    0.00    0.37 v _136_/A (sky130_fd_sc_hd__nand2_2)
     1    0.00    0.02    0.04    0.41 ^ _136_/Y (sky130_fd_sc_hd__nand2_2)
                                         _011_ (net)
                  0.02    0.00    0.41 ^ _137_/B2 (sky130_fd_sc_hd__a2bb2o_2)
     1    0.00    0.03    0.13    0.54 ^ _137_/X (sky130_fd_sc_hd__a2bb2o_2)
                                         x1_7.S (net)
                  0.03    0.00    0.54 ^ _207_/D (sky130_fd_sc_hd__dfxtp_2)
                                  0.54   data arrival time

                  0.00    0.00    0.00   clock core_clock (rise edge)
                          0.00    0.00   clock network delay (ideal)
                          0.00    0.00   clock reconvergence pessimism
                                  0.00 ^ _207_/CLK (sky130_fd_sc_hd__dfxtp_2)
                         -0.03   -0.03   library hold time
                                 -0.03   data required time
-----------------------------------------------------------------------------
                                 -0.03   data required time
                                 -0.54   data arrival time
-----------------------------------------------------------------------------
                                  0.57   slack (MET)


Startpoint: _184_ (rising edge-triggered flip-flop clocked by core_clock)
Endpoint: _201_ (rising edge-triggered flip-flop clocked by core_clock)
Path Group: core_clock
Path Type: min

Fanout     Cap    Slew   Delay    Time   Description
-----------------------------------------------------------------------------
                  0.00    0.00    0.00   clock core_clock (rise edge)
                          0.00    0.00   clock network delay (ideal)
                  0.00    0.00    0.00 ^ _184_/CLK (sky130_fd_sc_hd__dfxtp_2)
     3    0.01    0.07    0.32    0.32 ^ _184_/Q (sky130_fd_sc_hd__dfxtp_2)
                                         x1_1.B (net)
                  0.07    0.00    0.32 ^ _088_/A (sky130_fd_sc_hd__nor2_2)
     2    0.01    0.03    0.05    0.37 v _088_/Y (sky130_fd_sc_hd__nor2_2)
                                         _043_ (net)
                  0.03    0.00    0.37 v _154_/B (sky130_fd_sc_hd__nor2_2)
     1    0.01    0.12    0.11    0.48 ^ _154_/Y (sky130_fd_sc_hd__nor2_2)
                                         _023_ (net)
                  0.12    0.00    0.48 ^ _155_/B (sky130_fd_sc_hd__xnor2_2)
     1    0.00    0.04    0.07    0.55 v _155_/Y (sky130_fd_sc_hd__xnor2_2)
                                         x1_1.S (net)
                  0.04    0.00    0.55 v _201_/D (sky130_fd_sc_hd__dfxtp_2)
                                  0.55   data arrival time

                  0.00    0.00    0.00   clock core_clock (rise edge)
                          0.00    0.00   clock network delay (ideal)
                          0.00    0.00   clock reconvergence pessimism
                                  0.00 ^ _201_/CLK (sky130_fd_sc_hd__dfxtp_2)
                         -0.05   -0.05   library hold time
                                 -0.05   data required time
-----------------------------------------------------------------------------
                                 -0.05   data required time
                                 -0.55   data arrival time
-----------------------------------------------------------------------------
                                  0.60   slack (MET)


Startpoint: _188_ (rising edge-triggered flip-flop clocked by core_clock)
Endpoint: _205_ (rising edge-triggered flip-flop clocked by core_clock)
Path Group: core_clock
Path Type: min

Fanout     Cap    Slew   Delay    Time   Description
-----------------------------------------------------------------------------
                  0.00    0.00    0.00   clock core_clock (rise edge)
                          0.00    0.00   clock network delay (ideal)
                  0.00    0.00    0.00 ^ _188_/CLK (sky130_fd_sc_hd__dfxtp_2)
     2    0.01    0.04    0.30    0.30 v _188_/Q (sky130_fd_sc_hd__dfxtp_2)
                                         x1_5.B (net)
                  0.04    0.00    0.30 v _094_/A (sky130_fd_sc_hd__nand2_2)
     2    0.00    0.04    0.05    0.35 ^ _094_/Y (sky130_fd_sc_hd__nand2_2)
                                         _049_ (net)
                  0.04    0.00    0.35 ^ _142_/B (sky130_fd_sc_hd__and2b_2)
     1    0.01    0.06    0.15    0.51 ^ _142_/X (sky130_fd_sc_hd__and2b_2)
                                         _015_ (net)
                  0.06    0.00    0.51 ^ _143_/B (sky130_fd_sc_hd__xnor2_2)
     1    0.00    0.03    0.05    0.56 v _143_/Y (sky130_fd_sc_hd__xnor2_2)
                                         x1_5.S (net)
                  0.03    0.00    0.56 v _205_/D (sky130_fd_sc_hd__dfxtp_2)
                                  0.56   data arrival time

                  0.00    0.00    0.00   clock core_clock (rise edge)
                          0.00    0.00   clock network delay (ideal)
                          0.00    0.00   clock reconvergence pessimism
                                  0.00 ^ _205_/CLK (sky130_fd_sc_hd__dfxtp_2)
                         -0.05   -0.05   library hold time
                                 -0.05   data required time
-----------------------------------------------------------------------------
                                 -0.05   data required time
                                 -0.56   data arrival time
-----------------------------------------------------------------------------
                                  0.60   slack (MET)


Startpoint: _186_ (rising edge-triggered flip-flop clocked by core_clock)
Endpoint: _203_ (rising edge-triggered flip-flop clocked by core_clock)
Path Group: core_clock
Path Type: min

Fanout     Cap    Slew   Delay    Time   Description
-----------------------------------------------------------------------------
                  0.00    0.00    0.00   clock core_clock (rise edge)
                          0.00    0.00   clock network delay (ideal)
                  0.00    0.00    0.00 ^ _186_/CLK (sky130_fd_sc_hd__dfxtp_2)
     2    0.01    0.04    0.30    0.30 v _186_/Q (sky130_fd_sc_hd__dfxtp_2)
                                         x1_3.B (net)
                  0.04    0.00    0.30 v _091_/A (sky130_fd_sc_hd__nand2_2)
     2    0.00    0.04    0.05    0.36 ^ _091_/Y (sky130_fd_sc_hd__nand2_2)
                                         _046_ (net)
                  0.04    0.00    0.36 ^ _148_/B (sky130_fd_sc_hd__and2b_2)
     1    0.01    0.06    0.15    0.51 ^ _148_/X (sky130_fd_sc_hd__and2b_2)
                                         _019_ (net)
                  0.06    0.00    0.51 ^ _149_/B (sky130_fd_sc_hd__xnor2_2)
     1    0.00    0.03    0.05    0.56 v _149_/Y (sky130_fd_sc_hd__xnor2_2)
                                         x1_3.S (net)
                  0.03    0.00    0.56 v _203_/D (sky130_fd_sc_hd__dfxtp_2)
                                  0.56   data arrival time

                  0.00    0.00    0.00   clock core_clock (rise edge)
                          0.00    0.00   clock network delay (ideal)
                          0.00    0.00   clock reconvergence pessimism
                                  0.00 ^ _203_/CLK (sky130_fd_sc_hd__dfxtp_2)
                         -0.05   -0.05   library hold time
                                 -0.05   data required time
-----------------------------------------------------------------------------
                                 -0.05   data required time
                                 -0.56   data arrival time
-----------------------------------------------------------------------------
                                  0.61   slack (MET)


Startpoint: _192_ (rising edge-triggered flip-flop clocked by core_clock)
Endpoint: _159_ (rising edge-triggered flip-flop clocked by core_clock)
Path Group: core_clock
Path Type: min

Fanout     Cap    Slew   Delay    Time   Description
-----------------------------------------------------------------------------
                  0.00    0.00    0.00   clock core_clock (rise edge)
                          0.00    0.00   clock network delay (ideal)
                  0.00    0.00    0.00 ^ _192_/CLK (sky130_fd_sc_hd__dfxtp_2)
     2    0.01    0.04    0.31    0.31 v _192_/Q (sky130_fd_sc_hd__dfxtp_2)
                                         x1_9.B (net)
                  0.04    0.00    0.31 v _100_/A (sky130_fd_sc_hd__nand2_2)
     2    0.00    0.04    0.05    0.36 ^ _100_/Y (sky130_fd_sc_hd__nand2_2)
                                         _055_ (net)
                  0.04    0.00    0.36 ^ _131_/B (sky130_fd_sc_hd__and2b_2)
     1    0.01    0.06    0.15    0.51 ^ _131_/X (sky130_fd_sc_hd__and2b_2)
                                         _008_ (net)
                  0.06    0.00    0.51 ^ _132_/B (sky130_fd_sc_hd__xnor2_2)
     1    0.00    0.03    0.05    0.57 v _132_/Y (sky130_fd_sc_hd__xnor2_2)
                                         x1_9.S (net)
                  0.03    0.00    0.57 v _159_/D (sky130_fd_sc_hd__dfxtp_2)
                                  0.57   data arrival time

                  0.00    0.00    0.00   clock core_clock (rise edge)
                          0.00    0.00   clock network delay (ideal)
                          0.00    0.00   clock reconvergence pessimism
                                  0.00 ^ _159_/CLK (sky130_fd_sc_hd__dfxtp_2)
                         -0.05   -0.05   library hold time
                                 -0.05   data required time
-----------------------------------------------------------------------------
                                 -0.05   data required time
                                 -0.57   data arrival time
-----------------------------------------------------------------------------
                                  0.62   slack (MET)


Startpoint: _196_ (rising edge-triggered flip-flop clocked by core_clock)
Endpoint: _163_ (rising edge-triggered flip-flop clocked by core_clock)
Path Group: core_clock
Path Type: min

Fanout     Cap    Slew   Delay    Time   Description
-----------------------------------------------------------------------------
                  0.00    0.00    0.00   clock core_clock (rise edge)
                          0.00    0.00   clock network delay (ideal)
                  0.00    0.00    0.00 ^ _196_/CLK (sky130_fd_sc_hd__dfxtp_2)
     2    0.01    0.04    0.31    0.31 v _196_/Q (sky130_fd_sc_hd__dfxtp_2)
                                         x1_13.B (net)
                  0.04    0.00    0.31 v _106_/A (sky130_fd_sc_hd__nand2_2)
     2    0.00    0.04    0.05    0.36 ^ _106_/Y (sky130_fd_sc_hd__nand2_2)
                                         _061_ (net)
                  0.04    0.00    0.36 ^ _118_/B (sky130_fd_sc_hd__and2b_2)
     1    0.01    0.06    0.15    0.51 ^ _118_/X (sky130_fd_sc_hd__and2b_2)
                                         _070_ (net)
                  0.06    0.00    0.51 ^ _119_/B (sky130_fd_sc_hd__xnor2_2)
     1    0.00    0.03    0.06    0.57 v _119_/Y (sky130_fd_sc_hd__xnor2_2)
                                         x1_13.S (net)
                  0.03    0.00    0.57 v _163_/D (sky130_fd_sc_hd__dfxtp_2)
                                  0.57   data arrival time

                  0.00    0.00    0.00   clock core_clock (rise edge)
                          0.00    0.00   clock network delay (ideal)
                          0.00    0.00   clock reconvergence pessimism
                                  0.00 ^ _163_/CLK (sky130_fd_sc_hd__dfxtp_2)
                         -0.05   -0.05   library hold time
                                 -0.05   data required time
-----------------------------------------------------------------------------
                                 -0.05   data required time
                                 -0.57   data arrival time
-----------------------------------------------------------------------------
                                  0.62   slack (MET)


Startpoint: _182_ (rising edge-triggered flip-flop clocked by core_clock)
Endpoint: _165_ (rising edge-triggered flip-flop clocked by core_clock)
Path Group: core_clock
Path Type: min

Fanout     Cap    Slew   Delay    Time   Description
-----------------------------------------------------------------------------
                  0.00    0.00    0.00   clock core_clock (rise edge)
                          0.00    0.00   clock network delay (ideal)
                  0.00    0.00    0.00 ^ _182_/CLK (sky130_fd_sc_hd__dfxtp_2)
     2    0.01    0.04    0.30    0.30 v _182_/Q (sky130_fd_sc_hd__dfxtp_2)
                                         x1_15.A (net)
                  0.04    0.00    0.30 v _110_/B (sky130_fd_sc_hd__nand2_2)
     2    0.01    0.05    0.07    0.37 ^ _110_/Y (sky130_fd_sc_hd__nand2_2)
                                         _065_ (net)
                  0.05    0.00    0.37 ^ _112_/B (sky130_fd_sc_hd__and2b_2)
     1    0.01    0.06    0.15    0.52 ^ _112_/X (sky130_fd_sc_hd__and2b_2)
                                         _066_ (net)
                  0.06    0.00    0.52 ^ _113_/B (sky130_fd_sc_hd__xnor2_2)
     1    0.00    0.03    0.05    0.58 v _113_/Y (sky130_fd_sc_hd__xnor2_2)
                                         x1_15.S (net)
                  0.03    0.00    0.58 v _165_/D (sky130_fd_sc_hd__dfxtp_2)
                                  0.58   data arrival time

                  0.00    0.00    0.00   clock core_clock (rise edge)
                          0.00    0.00   clock network delay (ideal)
                          0.00    0.00   clock reconvergence pessimism
                                  0.00 ^ _165_/CLK (sky130_fd_sc_hd__dfxtp_2)
                         -0.05   -0.05   library hold time
                                 -0.05   data required time
-----------------------------------------------------------------------------
                                 -0.05   data required time
                                 -0.58   data arrival time
-----------------------------------------------------------------------------
                                  0.62   slack (MET)


Startpoint: _185_ (rising edge-triggered flip-flop clocked by core_clock)
Endpoint: _202_ (rising edge-triggered flip-flop clocked by core_clock)
Path Group: core_clock
Path Type: min

Fanout     Cap    Slew   Delay    Time   Description
-----------------------------------------------------------------------------
                  0.00    0.00    0.00   clock core_clock (rise edge)
                          0.00    0.00   clock network delay (ideal)
                  0.00    0.00    0.00 ^ _185_/CLK (sky130_fd_sc_hd__dfxtp_2)
     2    0.01    0.04    0.30    0.30 v _185_/Q (sky130_fd_sc_hd__dfxtp_2)
                                         x1_2.B (net)
                  0.04    0.00    0.30 v _090_/A (sky130_fd_sc_hd__nand2_2)
     3    0.01    0.05    0.06    0.36 ^ _090_/Y (sky130_fd_sc_hd__nand2_2)
                                         _045_ (net)
                  0.05    0.00    0.36 ^ _150_/B (sky130_fd_sc_hd__and2b_2)
     1    0.01    0.06    0.15    0.52 ^ _150_/X (sky130_fd_sc_hd__and2b_2)
                                         _020_ (net)
                  0.06    0.00    0.52 ^ _151_/B (sky130_fd_sc_hd__xnor2_2)
     1    0.00    0.03    0.05    0.57 v _151_/Y (sky130_fd_sc_hd__xnor2_2)
                                         x1_2.S (net)
                  0.03    0.00    0.57 v _202_/D (sky130_fd_sc_hd__dfxtp_2)
                                  0.57   data arrival time

                  0.00    0.00    0.00   clock core_clock (rise edge)
                          0.00    0.00   clock network delay (ideal)
                          0.00    0.00   clock reconvergence pessimism
                                  0.00 ^ _202_/CLK (sky130_fd_sc_hd__dfxtp_2)
                         -0.05   -0.05   library hold time
                                 -0.05   data required time
-----------------------------------------------------------------------------
                                 -0.05   data required time
                                 -0.57   data arrival time
-----------------------------------------------------------------------------
                                  0.62   slack (MET)


Startpoint: _188_ (rising edge-triggered flip-flop clocked by core_clock)
Endpoint: _206_ (rising edge-triggered flip-flop clocked by core_clock)
Path Group: core_clock
Path Type: min

Fanout     Cap    Slew   Delay    Time   Description
-----------------------------------------------------------------------------
                  0.00    0.00    0.00   clock core_clock (rise edge)
                          0.00    0.00   clock network delay (ideal)
                  0.00    0.00    0.00 ^ _188_/CLK (sky130_fd_sc_hd__dfxtp_2)
     2    0.01    0.06    0.32    0.32 ^ _188_/Q (sky130_fd_sc_hd__dfxtp_2)
                                         x1_5.B (net)
                  0.06    0.00    0.32 ^ _081_/A (sky130_fd_sc_hd__nor2_2)
     4    0.01    0.04    0.06    0.37 v _081_/Y (sky130_fd_sc_hd__nor2_2)
                                         _036_ (net)
                  0.04    0.00    0.37 v _138_/A (sky130_fd_sc_hd__nor2_2)
     1    0.01    0.13    0.14    0.51 ^ _138_/Y (sky130_fd_sc_hd__nor2_2)
                                         _012_ (net)
                  0.13    0.00    0.51 ^ _140_/A (sky130_fd_sc_hd__xnor2_2)
     1    0.00    0.02    0.07    0.58 v _140_/Y (sky130_fd_sc_hd__xnor2_2)
                                         x1_6.S (net)
                  0.02    0.00    0.58 v _206_/D (sky130_fd_sc_hd__dfxtp_2)
                                  0.58   data arrival time

                  0.00    0.00    0.00   clock core_clock (rise edge)
                          0.00    0.00   clock network delay (ideal)
                          0.00    0.00   clock reconvergence pessimism
                                  0.00 ^ _206_/CLK (sky130_fd_sc_hd__dfxtp_2)
                         -0.05   -0.05   library hold time
                                 -0.05   data required time
-----------------------------------------------------------------------------
                                 -0.05   data required time
                                 -0.58   data arrival time
-----------------------------------------------------------------------------
                                  0.63   slack (MET)


Startpoint: _181_ (rising edge-triggered flip-flop clocked by core_clock)
Endpoint: _164_ (rising edge-triggered flip-flop clocked by core_clock)
Path Group: core_clock
Path Type: min

Fanout     Cap    Slew   Delay    Time   Description
-----------------------------------------------------------------------------
                  0.00    0.00    0.00   clock core_clock (rise edge)
                          0.00    0.00   clock network delay (ideal)
                  0.00    0.00    0.00 ^ _181_/CLK (sky130_fd_sc_hd__dfxtp_2)
     2    0.01    0.04    0.30    0.30 v _181_/Q (sky130_fd_sc_hd__dfxtp_2)
                                         x1_14.A (net)
                  0.04    0.00    0.30 v _072_/B (sky130_fd_sc_hd__nor2_2)
     2    0.00    0.08    0.08    0.39 ^ _072_/Y (sky130_fd_sc_hd__nor2_2)
                                         _027_ (net)
                  0.08    0.00    0.39 ^ _115_/A (sky130_fd_sc_hd__or2b_2)
     1    0.01    0.05    0.13    0.51 ^ _115_/X (sky130_fd_sc_hd__or2b_2)
                                         _068_ (net)
                  0.05    0.00    0.51 ^ _116_/B (sky130_fd_sc_hd__xnor2_2)
     1    0.01    0.04    0.06    0.58 v _116_/Y (sky130_fd_sc_hd__xnor2_2)
                                         x1_14.S (net)
                  0.04    0.00    0.58 v _164_/D (sky130_fd_sc_hd__dfxtp_2)
                                  0.58   data arrival time

                  0.00    0.00    0.00   clock core_clock (rise edge)
                          0.00    0.00   clock network delay (ideal)
                          0.00    0.00   clock reconvergence pessimism
                                  0.00 ^ _164_/CLK (sky130_fd_sc_hd__dfxtp_2)
                         -0.05   -0.05   library hold time
                                 -0.05   data required time
-----------------------------------------------------------------------------
                                 -0.05   data required time
                                 -0.58   data arrival time
-----------------------------------------------------------------------------
                                  0.63   slack (MET)


Startpoint: _186_ (rising edge-triggered flip-flop clocked by core_clock)
Endpoint: _204_ (rising edge-triggered flip-flop clocked by core_clock)
Path Group: core_clock
Path Type: min

Fanout     Cap    Slew   Delay    Time   Description
-----------------------------------------------------------------------------
                  0.00    0.00    0.00   clock core_clock (rise edge)
                          0.00    0.00   clock network delay (ideal)
                  0.00    0.00    0.00 ^ _186_/CLK (sky130_fd_sc_hd__dfxtp_2)
     2    0.01    0.06    0.32    0.32 ^ _186_/Q (sky130_fd_sc_hd__dfxtp_2)
                                         x1_3.B (net)
                  0.06    0.00    0.32 ^ _083_/A (sky130_fd_sc_hd__nor2_2)
     4    0.01    0.04    0.06    0.37 v _083_/Y (sky130_fd_sc_hd__nor2_2)
                                         _038_ (net)
                  0.04    0.00    0.37 v _144_/A (sky130_fd_sc_hd__nor2_2)
     1    0.01    0.13    0.14    0.51 ^ _144_/Y (sky130_fd_sc_hd__nor2_2)
                                         _016_ (net)
                  0.13    0.00    0.51 ^ _146_/A (sky130_fd_sc_hd__xnor2_2)
     1    0.00    0.02    0.07    0.58 v _146_/Y (sky130_fd_sc_hd__xnor2_2)
                                         x1_4.S (net)
                  0.02    0.00    0.58 v _204_/D (sky130_fd_sc_hd__dfxtp_2)
                                  0.58   data arrival time

                  0.00    0.00    0.00   clock core_clock (rise edge)
                          0.00    0.00   clock network delay (ideal)
                          0.00    0.00   clock reconvergence pessimism
                                  0.00 ^ _204_/CLK (sky130_fd_sc_hd__dfxtp_2)
                         -0.05   -0.05   library hold time
                                 -0.05   data required time
-----------------------------------------------------------------------------
                                 -0.05   data required time
                                 -0.58   data arrival time
-----------------------------------------------------------------------------
                                  0.63   slack (MET)


Startpoint: _176_ (rising edge-triggered flip-flop clocked by core_clock)
Endpoint: _160_ (rising edge-triggered flip-flop clocked by core_clock)
Path Group: core_clock
Path Type: min

Fanout     Cap    Slew   Delay    Time   Description
-----------------------------------------------------------------------------
                  0.00    0.00    0.00   clock core_clock (rise edge)
                          0.00    0.00   clock network delay (ideal)
                  0.00    0.00    0.00 ^ _176_/CLK (sky130_fd_sc_hd__dfxtp_2)
     2    0.01    0.07    0.32    0.32 ^ _176_/Q (sky130_fd_sc_hd__dfxtp_2)
                                         x1_9.A (net)
                  0.07    0.00    0.32 ^ _077_/B (sky130_fd_sc_hd__nor2_2)
     4    0.01    0.03    0.05    0.37 v _077_/Y (sky130_fd_sc_hd__nor2_2)
                                         _032_ (net)
                  0.03    0.00    0.37 v _126_/A (sky130_fd_sc_hd__nor2_2)
     1    0.01    0.13    0.14    0.51 ^ _126_/Y (sky130_fd_sc_hd__nor2_2)
                                         _004_ (net)
                  0.13    0.00    0.51 ^ _128_/A (sky130_fd_sc_hd__xnor2_2)
     1    0.00    0.03    0.08    0.59 v _128_/Y (sky130_fd_sc_hd__xnor2_2)
                                         x1_10.S (net)
                  0.03    0.00    0.59 v _160_/D (sky130_fd_sc_hd__dfxtp_2)
                                  0.59   data arrival time

                  0.00    0.00    0.00   clock core_clock (rise edge)
                          0.00    0.00   clock network delay (ideal)
                          0.00    0.00   clock reconvergence pessimism
                                  0.00 ^ _160_/CLK (sky130_fd_sc_hd__dfxtp_2)
                         -0.05   -0.05   library hold time
                                 -0.05   data required time
-----------------------------------------------------------------------------
                                 -0.05   data required time
                                 -0.59   data arrival time
-----------------------------------------------------------------------------
                                  0.64   slack (MET)


Startpoint: _179_ (rising edge-triggered flip-flop clocked by core_clock)
Endpoint: _162_ (rising edge-triggered flip-flop clocked by core_clock)
Path Group: core_clock
Path Type: min

Fanout     Cap    Slew   Delay    Time   Description
-----------------------------------------------------------------------------
                  0.00    0.00    0.00   clock core_clock (rise edge)
                          0.00    0.00   clock network delay (ideal)
                  0.00    0.00    0.00 ^ _179_/CLK (sky130_fd_sc_hd__dfxtp_2)
     2    0.01    0.04    0.30    0.30 v _179_/Q (sky130_fd_sc_hd__dfxtp_2)
                                         x1_12.A (net)
                  0.04    0.00    0.30 v _074_/B (sky130_fd_sc_hd__nor2_2)
     3    0.01    0.11    0.10    0.40 ^ _074_/Y (sky130_fd_sc_hd__nor2_2)
                                         _029_ (net)
                  0.11    0.00    0.40 ^ _121_/A (sky130_fd_sc_hd__or2b_2)
     1    0.01    0.06    0.14    0.55 ^ _121_/X (sky130_fd_sc_hd__or2b_2)
                                         _001_ (net)
                  0.06    0.00    0.55 ^ _122_/B (sky130_fd_sc_hd__xnor2_2)
     1    0.00    0.03    0.06    0.60 v _122_/Y (sky130_fd_sc_hd__xnor2_2)
                                         x1_12.S (net)
                  0.03    0.00    0.60 v _162_/D (sky130_fd_sc_hd__dfxtp_2)
                                  0.60   data arrival time

                  0.00    0.00    0.00   clock core_clock (rise edge)
                          0.00    0.00   clock network delay (ideal)
                          0.00    0.00   clock reconvergence pessimism
                                  0.00 ^ _162_/CLK (sky130_fd_sc_hd__dfxtp_2)
                         -0.05   -0.05   library hold time
                                 -0.05   data required time
-----------------------------------------------------------------------------
                                 -0.05   data required time
                                 -0.60   data arrival time
-----------------------------------------------------------------------------
                                  0.65   slack (MET)



worst slack corner Typical: 0.4500
min_report_end
max_report

===========================================================================
report_checks -path_delay max (Setup)
============================================================================
======================= Typical Corner ===================================

Startpoint: _167_ (rising edge-triggered flip-flop clocked by core_clock)
Endpoint: _165_ (rising edge-triggered flip-flop clocked by core_clock)
Path Group: core_clock
Path Type: max

Fanout     Cap    Slew   Delay    Time   Description
-----------------------------------------------------------------------------
                  0.00    0.00    0.00   clock core_clock (rise edge)
                          0.00    0.00   clock network delay (ideal)
                  0.00    0.00    0.00 ^ _167_/CLK (sky130_fd_sc_hd__dfxtp_2)
     4    0.01    0.08    0.33    0.33 ^ _167_/Q (sky130_fd_sc_hd__dfxtp_2)
                                         x1_0.A (net)
                  0.08    0.00    0.33 ^ _087_/A1 (sky130_fd_sc_hd__o21ai_2)
     3    0.01    0.04    0.07    0.40 v _087_/Y (sky130_fd_sc_hd__o21ai_2)
                                         _042_ (net)
                  0.04    0.00    0.40 v _089_/A3 (sky130_fd_sc_hd__a31o_2)
     3    0.01    0.06    0.27    0.67 v _089_/X (sky130_fd_sc_hd__a31o_2)
                                         _044_ (net)
                  0.06    0.00    0.67 v _092_/A2 (sky130_fd_sc_hd__o211a_2)
     3    0.01    0.06    0.26    0.94 v _092_/X (sky130_fd_sc_hd__o211a_2)
                                         _047_ (net)
                  0.06    0.00    0.94 v _095_/A3 (sky130_fd_sc_hd__o311a_2)
     3    0.01    0.07    0.36    1.30 v _095_/X (sky130_fd_sc_hd__o311a_2)
                                         _050_ (net)
                  0.07    0.00    1.30 v _098_/A3 (sky130_fd_sc_hd__o311a_2)
     2    0.00    0.06    0.34    1.64 v _098_/X (sky130_fd_sc_hd__o311a_2)
                                         _053_ (net)
                  0.06    0.00    1.64 v _101_/A3 (sky130_fd_sc_hd__o311a_2)
     3    0.01    0.07    0.36    2.00 v _101_/X (sky130_fd_sc_hd__o311a_2)
                                         _056_ (net)
                  0.07    0.00    2.00 v _104_/A3 (sky130_fd_sc_hd__o311a_2)
     3    0.01    0.07    0.36    2.36 v _104_/X (sky130_fd_sc_hd__o311a_2)
                                         _059_ (net)
                  0.07    0.00    2.36 v _107_/A3 (sky130_fd_sc_hd__o311a_2)
     2    0.01    0.07    0.35    2.71 v _107_/X (sky130_fd_sc_hd__o311a_2)
                                         _062_ (net)
                  0.07    0.00    2.71 v _109_/A3 (sky130_fd_sc_hd__o31a_2)
     2    0.01    0.08    0.33    3.04 v _109_/X (sky130_fd_sc_hd__o31a_2)
                                         _064_ (net)
                  0.08    0.00    3.04 v _113_/A (sky130_fd_sc_hd__xnor2_2)
     1    0.00    0.04    0.13    3.17 v _113_/Y (sky130_fd_sc_hd__xnor2_2)
                                         x1_15.S (net)
                  0.04    0.00    3.17 v _165_/D (sky130_fd_sc_hd__dfxtp_2)
                                  3.17   data arrival time

                  0.00    6.15    6.15   clock core_clock (rise edge)
                          0.00    6.15   clock network delay (ideal)
                          0.00    6.15   clock reconvergence pessimism
                                  6.15 ^ _165_/CLK (sky130_fd_sc_hd__dfxtp_2)
                         -0.12    6.03   library setup time
                                  6.03   data required time
-----------------------------------------------------------------------------
                                  6.03   data required time
                                 -3.17   data arrival time
-----------------------------------------------------------------------------
                                  2.86   slack (MET)


Startpoint: _167_ (rising edge-triggered flip-flop clocked by core_clock)
Endpoint: _166_ (rising edge-triggered flip-flop clocked by core_clock)
Path Group: core_clock
Path Type: max

Fanout     Cap    Slew   Delay    Time   Description
-----------------------------------------------------------------------------
                  0.00    0.00    0.00   clock core_clock (rise edge)
                          0.00    0.00   clock network delay (ideal)
                  0.00    0.00    0.00 ^ _167_/CLK (sky130_fd_sc_hd__dfxtp_2)
     4    0.01    0.08    0.33    0.33 ^ _167_/Q (sky130_fd_sc_hd__dfxtp_2)
                                         x1_0.A (net)
                  0.08    0.00    0.33 ^ _087_/A1 (sky130_fd_sc_hd__o21ai_2)
     3    0.01    0.04    0.07    0.40 v _087_/Y (sky130_fd_sc_hd__o21ai_2)
                                         _042_ (net)
                  0.04    0.00    0.40 v _089_/A3 (sky130_fd_sc_hd__a31o_2)
     3    0.01    0.06    0.27    0.67 v _089_/X (sky130_fd_sc_hd__a31o_2)
                                         _044_ (net)
                  0.06    0.00    0.67 v _092_/A2 (sky130_fd_sc_hd__o211a_2)
     3    0.01    0.06    0.26    0.94 v _092_/X (sky130_fd_sc_hd__o211a_2)
                                         _047_ (net)
                  0.06    0.00    0.94 v _095_/A3 (sky130_fd_sc_hd__o311a_2)
     3    0.01    0.07    0.36    1.30 v _095_/X (sky130_fd_sc_hd__o311a_2)
                                         _050_ (net)
                  0.07    0.00    1.30 v _098_/A3 (sky130_fd_sc_hd__o311a_2)
     2    0.00    0.06    0.34    1.64 v _098_/X (sky130_fd_sc_hd__o311a_2)
                                         _053_ (net)
                  0.06    0.00    1.64 v _101_/A3 (sky130_fd_sc_hd__o311a_2)
     3    0.01    0.07    0.36    2.00 v _101_/X (sky130_fd_sc_hd__o311a_2)
                                         _056_ (net)
                  0.07    0.00    2.00 v _104_/A3 (sky130_fd_sc_hd__o311a_2)
     3    0.01    0.07    0.36    2.36 v _104_/X (sky130_fd_sc_hd__o311a_2)
                                         _059_ (net)
                  0.07    0.00    2.36 v _107_/A3 (sky130_fd_sc_hd__o311a_2)
     2    0.01    0.07    0.35    2.71 v _107_/X (sky130_fd_sc_hd__o311a_2)
                                         _062_ (net)
                  0.07    0.00    2.71 v _109_/A3 (sky130_fd_sc_hd__o31a_2)
     2    0.01    0.08    0.33    3.04 v _109_/X (sky130_fd_sc_hd__o31a_2)
                                         _064_ (net)
                  0.08    0.00    3.04 v _111_/A2 (sky130_fd_sc_hd__o21ai_2)
     1    0.00    0.08    0.11    3.15 ^ _111_/Y (sky130_fd_sc_hd__o21ai_2)
                                         x1_15.Cout (net)
                  0.08    0.00    3.15 ^ _166_/D (sky130_fd_sc_hd__dfxtp_2)
                                  3.15   data arrival time

                  0.00    6.15    6.15   clock core_clock (rise edge)
                          0.00    6.15   clock network delay (ideal)
                          0.00    6.15   clock reconvergence pessimism
                                  6.15 ^ _166_/CLK (sky130_fd_sc_hd__dfxtp_2)
                         -0.07    6.08   library setup time
                                  6.08   data required time
-----------------------------------------------------------------------------
                                  6.08   data required time
                                 -3.15   data arrival time
-----------------------------------------------------------------------------
                                  2.93   slack (MET)


Startpoint: _167_ (rising edge-triggered flip-flop clocked by core_clock)
Endpoint: _164_ (rising edge-triggered flip-flop clocked by core_clock)
Path Group: core_clock
Path Type: max

Fanout     Cap    Slew   Delay    Time   Description
-----------------------------------------------------------------------------
                  0.00    0.00    0.00   clock core_clock (rise edge)
                          0.00    0.00   clock network delay (ideal)
                  0.00    0.00    0.00 ^ _167_/CLK (sky130_fd_sc_hd__dfxtp_2)
     4    0.01    0.08    0.33    0.33 ^ _167_/Q (sky130_fd_sc_hd__dfxtp_2)
                                         x1_0.A (net)
                  0.08    0.00    0.33 ^ _087_/A1 (sky130_fd_sc_hd__o21ai_2)
     3    0.01    0.04    0.07    0.40 v _087_/Y (sky130_fd_sc_hd__o21ai_2)
                                         _042_ (net)
                  0.04    0.00    0.40 v _089_/A3 (sky130_fd_sc_hd__a31o_2)
     3    0.01    0.06    0.27    0.67 v _089_/X (sky130_fd_sc_hd__a31o_2)
                                         _044_ (net)
                  0.06    0.00    0.67 v _092_/A2 (sky130_fd_sc_hd__o211a_2)
     3    0.01    0.06    0.26    0.94 v _092_/X (sky130_fd_sc_hd__o211a_2)
                                         _047_ (net)
                  0.06    0.00    0.94 v _095_/A3 (sky130_fd_sc_hd__o311a_2)
     3    0.01    0.07    0.36    1.30 v _095_/X (sky130_fd_sc_hd__o311a_2)
                                         _050_ (net)
                  0.07    0.00    1.30 v _098_/A3 (sky130_fd_sc_hd__o311a_2)
     2    0.00    0.06    0.34    1.64 v _098_/X (sky130_fd_sc_hd__o311a_2)
                                         _053_ (net)
                  0.06    0.00    1.64 v _101_/A3 (sky130_fd_sc_hd__o311a_2)
     3    0.01    0.07    0.36    2.00 v _101_/X (sky130_fd_sc_hd__o311a_2)
                                         _056_ (net)
                  0.07    0.00    2.00 v _104_/A3 (sky130_fd_sc_hd__o311a_2)
     3    0.01    0.07    0.36    2.36 v _104_/X (sky130_fd_sc_hd__o311a_2)
                                         _059_ (net)
                  0.07    0.00    2.36 v _107_/A3 (sky130_fd_sc_hd__o311a_2)
     2    0.01    0.07    0.35    2.71 v _107_/X (sky130_fd_sc_hd__o311a_2)
                                         _062_ (net)
                  0.07    0.00    2.71 v _114_/B (sky130_fd_sc_hd__nor2_2)
     1    0.01    0.13    0.13    2.84 ^ _114_/Y (sky130_fd_sc_hd__nor2_2)
                                         _067_ (net)
                  0.13    0.00    2.84 ^ _116_/A (sky130_fd_sc_hd__xnor2_2)
     1    0.01    0.13    0.13    2.97 ^ _116_/Y (sky130_fd_sc_hd__xnor2_2)
                                         x1_14.S (net)
                  0.13    0.00    2.97 ^ _164_/D (sky130_fd_sc_hd__dfxtp_2)
                                  2.97   data arrival time

                  0.00    6.15    6.15   clock core_clock (rise edge)
                          0.00    6.15   clock network delay (ideal)
                          0.00    6.15   clock reconvergence pessimism
                                  6.15 ^ _164_/CLK (sky130_fd_sc_hd__dfxtp_2)
                         -0.09    6.06   library setup time
                                  6.06   data required time
-----------------------------------------------------------------------------
                                  6.06   data required time
                                 -2.97   data arrival time
-----------------------------------------------------------------------------
                                  3.09   slack (MET)


Startpoint: _167_ (rising edge-triggered flip-flop clocked by core_clock)
Endpoint: _163_ (rising edge-triggered flip-flop clocked by core_clock)
Path Group: core_clock
Path Type: max

Fanout     Cap    Slew   Delay    Time   Description
-----------------------------------------------------------------------------
                  0.00    0.00    0.00   clock core_clock (rise edge)
                          0.00    0.00   clock network delay (ideal)
                  0.00    0.00    0.00 ^ _167_/CLK (sky130_fd_sc_hd__dfxtp_2)
     4    0.01    0.08    0.33    0.33 ^ _167_/Q (sky130_fd_sc_hd__dfxtp_2)
                                         x1_0.A (net)
                  0.08    0.00    0.33 ^ _087_/A1 (sky130_fd_sc_hd__o21ai_2)
     3    0.01    0.04    0.07    0.40 v _087_/Y (sky130_fd_sc_hd__o21ai_2)
                                         _042_ (net)
                  0.04    0.00    0.40 v _089_/A3 (sky130_fd_sc_hd__a31o_2)
     3    0.01    0.06    0.27    0.67 v _089_/X (sky130_fd_sc_hd__a31o_2)
                                         _044_ (net)
                  0.06    0.00    0.67 v _092_/A2 (sky130_fd_sc_hd__o211a_2)
     3    0.01    0.06    0.26    0.94 v _092_/X (sky130_fd_sc_hd__o211a_2)
                                         _047_ (net)
                  0.06    0.00    0.94 v _095_/A3 (sky130_fd_sc_hd__o311a_2)
     3    0.01    0.07    0.36    1.30 v _095_/X (sky130_fd_sc_hd__o311a_2)
                                         _050_ (net)
                  0.07    0.00    1.30 v _098_/A3 (sky130_fd_sc_hd__o311a_2)
     2    0.00    0.06    0.34    1.64 v _098_/X (sky130_fd_sc_hd__o311a_2)
                                         _053_ (net)
                  0.06    0.00    1.64 v _101_/A3 (sky130_fd_sc_hd__o311a_2)
     3    0.01    0.07    0.36    2.00 v _101_/X (sky130_fd_sc_hd__o311a_2)
                                         _056_ (net)
                  0.07    0.00    2.00 v _104_/A3 (sky130_fd_sc_hd__o311a_2)
     3    0.01    0.07    0.36    2.36 v _104_/X (sky130_fd_sc_hd__o311a_2)
                                         _059_ (net)
                  0.07    0.00    2.36 v _117_/A3 (sky130_fd_sc_hd__o31a_2)
     1    0.01    0.07    0.31    2.67 v _117_/X (sky130_fd_sc_hd__o31a_2)
                                         _069_ (net)
                  0.07    0.00    2.67 v _119_/A (sky130_fd_sc_hd__xnor2_2)
     1    0.00    0.05    0.14    2.81 v _119_/Y (sky130_fd_sc_hd__xnor2_2)
                                         x1_13.S (net)
                  0.05    0.00    2.81 v _163_/D (sky130_fd_sc_hd__dfxtp_2)
                                  2.81   data arrival time

                  0.00    6.15    6.15   clock core_clock (rise edge)
                          0.00    6.15   clock network delay (ideal)
                          0.00    6.15   clock reconvergence pessimism
                                  6.15 ^ _163_/CLK (sky130_fd_sc_hd__dfxtp_2)
                         -0.12    6.03   library setup time
                                  6.03   data required time
-----------------------------------------------------------------------------
                                  6.03   data required time
                                 -2.81   data arrival time
-----------------------------------------------------------------------------
                                  3.21   slack (MET)


Startpoint: _167_ (rising edge-triggered flip-flop clocked by core_clock)
Endpoint: _161_ (rising edge-triggered flip-flop clocked by core_clock)
Path Group: core_clock
Path Type: max

Fanout     Cap    Slew   Delay    Time   Description
-----------------------------------------------------------------------------
                  0.00    0.00    0.00   clock core_clock (rise edge)
                          0.00    0.00   clock network delay (ideal)
                  0.00    0.00    0.00 ^ _167_/CLK (sky130_fd_sc_hd__dfxtp_2)
     4    0.01    0.08    0.33    0.33 ^ _167_/Q (sky130_fd_sc_hd__dfxtp_2)
                                         x1_0.A (net)
                  0.08    0.00    0.33 ^ _087_/A1 (sky130_fd_sc_hd__o21ai_2)
     3    0.01    0.04    0.07    0.40 v _087_/Y (sky130_fd_sc_hd__o21ai_2)
                                         _042_ (net)
                  0.04    0.00    0.40 v _089_/A3 (sky130_fd_sc_hd__a31o_2)
     3    0.01    0.06    0.27    0.67 v _089_/X (sky130_fd_sc_hd__a31o_2)
                                         _044_ (net)
                  0.06    0.00    0.67 v _092_/A2 (sky130_fd_sc_hd__o211a_2)
     3    0.01    0.06    0.26    0.94 v _092_/X (sky130_fd_sc_hd__o211a_2)
                                         _047_ (net)
                  0.06    0.00    0.94 v _095_/A3 (sky130_fd_sc_hd__o311a_2)
     3    0.01    0.07    0.36    1.30 v _095_/X (sky130_fd_sc_hd__o311a_2)
                                         _050_ (net)
                  0.07    0.00    1.30 v _098_/A3 (sky130_fd_sc_hd__o311a_2)
     2    0.00    0.06    0.34    1.64 v _098_/X (sky130_fd_sc_hd__o311a_2)
                                         _053_ (net)
                  0.06    0.00    1.64 v _101_/A3 (sky130_fd_sc_hd__o311a_2)
     3    0.01    0.07    0.36    2.00 v _101_/X (sky130_fd_sc_hd__o311a_2)
                                         _056_ (net)
                  0.07    0.00    2.00 v _123_/A3 (sky130_fd_sc_hd__o31a_2)
     2    0.01    0.06    0.30    2.30 v _123_/X (sky130_fd_sc_hd__o31a_2)
                                         _002_ (net)
                  0.06    0.00    2.30 v _124_/B (sky130_fd_sc_hd__or2_2)
     1    0.00    0.06    0.28    2.58 v _124_/X (sky130_fd_sc_hd__or2_2)
                                         _003_ (net)
                  0.06    0.00    2.58 v _125_/B2 (sky130_fd_sc_hd__a22oi_2)
     1    0.00    0.12    0.14    2.72 ^ _125_/Y (sky130_fd_sc_hd__a22oi_2)
                                         x1_11.S (net)
                  0.12    0.00    2.72 ^ _161_/D (sky130_fd_sc_hd__dfxtp_2)
                                  2.72   data arrival time

                  0.00    6.15    6.15   clock core_clock (rise edge)
                          0.00    6.15   clock network delay (ideal)
                          0.00    6.15   clock reconvergence pessimism
                                  6.15 ^ _161_/CLK (sky130_fd_sc_hd__dfxtp_2)
                         -0.08    6.07   library setup time
                                  6.07   data required time
-----------------------------------------------------------------------------
                                  6.07   data required time
                                 -2.72   data arrival time
-----------------------------------------------------------------------------
                                  3.35   slack (MET)


Startpoint: _167_ (rising edge-triggered flip-flop clocked by core_clock)
Endpoint: _162_ (rising edge-triggered flip-flop clocked by core_clock)
Path Group: core_clock
Path Type: max

Fanout     Cap    Slew   Delay    Time   Description
-----------------------------------------------------------------------------
                  0.00    0.00    0.00   clock core_clock (rise edge)
                          0.00    0.00   clock network delay (ideal)
                  0.00    0.00    0.00 ^ _167_/CLK (sky130_fd_sc_hd__dfxtp_2)
     4    0.01    0.08    0.33    0.33 ^ _167_/Q (sky130_fd_sc_hd__dfxtp_2)
                                         x1_0.A (net)
                  0.08    0.00    0.33 ^ _087_/A1 (sky130_fd_sc_hd__o21ai_2)
     3    0.01    0.04    0.07    0.40 v _087_/Y (sky130_fd_sc_hd__o21ai_2)
                                         _042_ (net)
                  0.04    0.00    0.40 v _089_/A3 (sky130_fd_sc_hd__a31o_2)
     3    0.01    0.06    0.27    0.67 v _089_/X (sky130_fd_sc_hd__a31o_2)
                                         _044_ (net)
                  0.06    0.00    0.67 v _092_/A2 (sky130_fd_sc_hd__o211a_2)
     3    0.01    0.06    0.26    0.94 v _092_/X (sky130_fd_sc_hd__o211a_2)
                                         _047_ (net)
                  0.06    0.00    0.94 v _095_/A3 (sky130_fd_sc_hd__o311a_2)
     3    0.01    0.07    0.36    1.30 v _095_/X (sky130_fd_sc_hd__o311a_2)
                                         _050_ (net)
                  0.07    0.00    1.30 v _098_/A3 (sky130_fd_sc_hd__o311a_2)
     2    0.00    0.06    0.34    1.64 v _098_/X (sky130_fd_sc_hd__o311a_2)
                                         _053_ (net)
                  0.06    0.00    1.64 v _101_/A3 (sky130_fd_sc_hd__o311a_2)
     3    0.01    0.07    0.36    2.00 v _101_/X (sky130_fd_sc_hd__o311a_2)
                                         _056_ (net)
                  0.07    0.00    2.00 v _104_/A3 (sky130_fd_sc_hd__o311a_2)
     3    0.01    0.07    0.36    2.36 v _104_/X (sky130_fd_sc_hd__o311a_2)
                                         _059_ (net)
                  0.07    0.00    2.36 v _120_/B (sky130_fd_sc_hd__nor2_2)
     2    0.01    0.18    0.16    2.52 ^ _120_/Y (sky130_fd_sc_hd__nor2_2)
                                         _000_ (net)
                  0.18    0.00    2.52 ^ _122_/A (sky130_fd_sc_hd__xnor2_2)
     1    0.00    0.05    0.09    2.61 v _122_/Y (sky130_fd_sc_hd__xnor2_2)
                                         x1_12.S (net)
                  0.05    0.00    2.61 v _162_/D (sky130_fd_sc_hd__dfxtp_2)
                                  2.61   data arrival time

                  0.00    6.15    6.15   clock core_clock (rise edge)
                          0.00    6.15   clock network delay (ideal)
                          0.00    6.15   clock reconvergence pessimism
                                  6.15 ^ _162_/CLK (sky130_fd_sc_hd__dfxtp_2)
                         -0.13    6.02   library setup time
                                  6.02   data required time
-----------------------------------------------------------------------------
                                  6.02   data required time
                                 -2.61   data arrival time
-----------------------------------------------------------------------------
                                  3.41   slack (MET)


Startpoint: _167_ (rising edge-triggered flip-flop clocked by core_clock)
Endpoint: _208_ (rising edge-triggered flip-flop clocked by core_clock)
Path Group: core_clock
Path Type: max

Fanout     Cap    Slew   Delay    Time   Description
-----------------------------------------------------------------------------
                  0.00    0.00    0.00   clock core_clock (rise edge)
                          0.00    0.00   clock network delay (ideal)
                  0.00    0.00    0.00 ^ _167_/CLK (sky130_fd_sc_hd__dfxtp_2)
     4    0.01    0.08    0.33    0.33 ^ _167_/Q (sky130_fd_sc_hd__dfxtp_2)
                                         x1_0.A (net)
                  0.08    0.00    0.33 ^ _087_/A1 (sky130_fd_sc_hd__o21ai_2)
     3    0.01    0.04    0.07    0.40 v _087_/Y (sky130_fd_sc_hd__o21ai_2)
                                         _042_ (net)
                  0.04    0.00    0.40 v _089_/A3 (sky130_fd_sc_hd__a31o_2)
     3    0.01    0.06    0.27    0.67 v _089_/X (sky130_fd_sc_hd__a31o_2)
                                         _044_ (net)
                  0.06    0.00    0.67 v _092_/A2 (sky130_fd_sc_hd__o211a_2)
     3    0.01    0.06    0.26    0.94 v _092_/X (sky130_fd_sc_hd__o211a_2)
                                         _047_ (net)
                  0.06    0.00    0.94 v _095_/A3 (sky130_fd_sc_hd__o311a_2)
     3    0.01    0.07    0.36    1.30 v _095_/X (sky130_fd_sc_hd__o311a_2)
                                         _050_ (net)
                  0.07    0.00    1.30 v _098_/A3 (sky130_fd_sc_hd__o311a_2)
     2    0.00    0.06    0.34    1.64 v _098_/X (sky130_fd_sc_hd__o311a_2)
                                         _053_ (net)
                  0.06    0.00    1.64 v _129_/B (sky130_fd_sc_hd__or2_2)
     4    0.01    0.08    0.31    1.95 v _129_/X (sky130_fd_sc_hd__or2_2)
                                         _006_ (net)
                  0.08    0.00    1.95 v _130_/A2 (sky130_fd_sc_hd__o21a_2)
     2    0.01    0.05    0.22    2.17 v _130_/X (sky130_fd_sc_hd__o21a_2)
                                         _007_ (net)
                  0.05    0.00    2.17 v _133_/B1_N (sky130_fd_sc_hd__o21ba_2)
     1    0.00    0.05    0.23    2.41 ^ _133_/X (sky130_fd_sc_hd__o21ba_2)
                                         _009_ (net)
                  0.05    0.00    2.41 ^ _134_/B1 (sky130_fd_sc_hd__a21oi_2)
     1    0.00    0.04    0.03    2.44 v _134_/Y (sky130_fd_sc_hd__a21oi_2)
                                         x1_8.S (net)
                  0.04    0.00    2.44 v _208_/D (sky130_fd_sc_hd__dfxtp_2)
                                  2.44   data arrival time

                  0.00    6.15    6.15   clock core_clock (rise edge)
                          0.00    6.15   clock network delay (ideal)
                          0.00    6.15   clock reconvergence pessimism
                                  6.15 ^ _208_/CLK (sky130_fd_sc_hd__dfxtp_2)
                         -0.12    6.03   library setup time
                                  6.03   data required time
-----------------------------------------------------------------------------
                                  6.03   data required time
                                 -2.44   data arrival time
-----------------------------------------------------------------------------
                                  3.59   slack (MET)


Startpoint: _167_ (rising edge-triggered flip-flop clocked by core_clock)
Endpoint: _159_ (rising edge-triggered flip-flop clocked by core_clock)
Path Group: core_clock
Path Type: max

Fanout     Cap    Slew   Delay    Time   Description
-----------------------------------------------------------------------------
                  0.00    0.00    0.00   clock core_clock (rise edge)
                          0.00    0.00   clock network delay (ideal)
                  0.00    0.00    0.00 ^ _167_/CLK (sky130_fd_sc_hd__dfxtp_2)
     4    0.01    0.08    0.33    0.33 ^ _167_/Q (sky130_fd_sc_hd__dfxtp_2)
                                         x1_0.A (net)
                  0.08    0.00    0.33 ^ _087_/A1 (sky130_fd_sc_hd__o21ai_2)
     3    0.01    0.04    0.07    0.40 v _087_/Y (sky130_fd_sc_hd__o21ai_2)
                                         _042_ (net)
                  0.04    0.00    0.40 v _089_/A3 (sky130_fd_sc_hd__a31o_2)
     3    0.01    0.06    0.27    0.67 v _089_/X (sky130_fd_sc_hd__a31o_2)
                                         _044_ (net)
                  0.06    0.00    0.67 v _092_/A2 (sky130_fd_sc_hd__o211a_2)
     3    0.01    0.06    0.26    0.94 v _092_/X (sky130_fd_sc_hd__o211a_2)
                                         _047_ (net)
                  0.06    0.00    0.94 v _095_/A3 (sky130_fd_sc_hd__o311a_2)
     3    0.01    0.07    0.36    1.30 v _095_/X (sky130_fd_sc_hd__o311a_2)
                                         _050_ (net)
                  0.07    0.00    1.30 v _098_/A3 (sky130_fd_sc_hd__o311a_2)
     2    0.00    0.06    0.34    1.64 v _098_/X (sky130_fd_sc_hd__o311a_2)
                                         _053_ (net)
                  0.06    0.00    1.64 v _129_/B (sky130_fd_sc_hd__or2_2)
     4    0.01    0.08    0.31    1.95 v _129_/X (sky130_fd_sc_hd__or2_2)
                                         _006_ (net)
                  0.08    0.00    1.95 v _130_/A2 (sky130_fd_sc_hd__o21a_2)
     2    0.01    0.05    0.22    2.17 v _130_/X (sky130_fd_sc_hd__o21a_2)
                                         _007_ (net)
                  0.05    0.00    2.17 v _132_/A (sky130_fd_sc_hd__xnor2_2)
     1    0.00    0.04    0.13    2.30 v _132_/Y (sky130_fd_sc_hd__xnor2_2)
                                         x1_9.S (net)
                  0.04    0.00    2.30 v _159_/D (sky130_fd_sc_hd__dfxtp_2)
                                  2.30   data arrival time

                  0.00    6.15    6.15   clock core_clock (rise edge)
                          0.00    6.15   clock network delay (ideal)
                          0.00    6.15   clock reconvergence pessimism
                                  6.15 ^ _159_/CLK (sky130_fd_sc_hd__dfxtp_2)
                         -0.12    6.03   library setup time
                                  6.03   data required time
-----------------------------------------------------------------------------
                                  6.03   data required time
                                 -2.30   data arrival time
-----------------------------------------------------------------------------
                                  3.73   slack (MET)


Startpoint: _167_ (rising edge-triggered flip-flop clocked by core_clock)
Endpoint: _207_ (rising edge-triggered flip-flop clocked by core_clock)
Path Group: core_clock
Path Type: max

Fanout     Cap    Slew   Delay    Time   Description
-----------------------------------------------------------------------------
                  0.00    0.00    0.00   clock core_clock (rise edge)
                          0.00    0.00   clock network delay (ideal)
                  0.00    0.00    0.00 ^ _167_/CLK (sky130_fd_sc_hd__dfxtp_2)
     4    0.01    0.08    0.33    0.33 ^ _167_/Q (sky130_fd_sc_hd__dfxtp_2)
                                         x1_0.A (net)
                  0.08    0.00    0.33 ^ _087_/A1 (sky130_fd_sc_hd__o21ai_2)
     3    0.01    0.04    0.07    0.40 v _087_/Y (sky130_fd_sc_hd__o21ai_2)
                                         _042_ (net)
                  0.04    0.00    0.40 v _089_/A3 (sky130_fd_sc_hd__a31o_2)
     3    0.01    0.06    0.27    0.67 v _089_/X (sky130_fd_sc_hd__a31o_2)
                                         _044_ (net)
                  0.06    0.00    0.67 v _092_/A2 (sky130_fd_sc_hd__o211a_2)
     3    0.01    0.06    0.26    0.94 v _092_/X (sky130_fd_sc_hd__o211a_2)
                                         _047_ (net)
                  0.06    0.00    0.94 v _095_/A3 (sky130_fd_sc_hd__o311a_2)
     3    0.01    0.07    0.36    1.30 v _095_/X (sky130_fd_sc_hd__o311a_2)
                                         _050_ (net)
                  0.07    0.00    1.30 v _098_/A3 (sky130_fd_sc_hd__o311a_2)
     2    0.00    0.06    0.34    1.64 v _098_/X (sky130_fd_sc_hd__o311a_2)
                                         _053_ (net)
                  0.06    0.00    1.64 v _129_/B (sky130_fd_sc_hd__or2_2)
     4    0.01    0.08    0.31    1.95 v _129_/X (sky130_fd_sc_hd__or2_2)
                                         _006_ (net)
                  0.08    0.00    1.95 v _137_/B1 (sky130_fd_sc_hd__a2bb2o_2)
     1    0.00    0.04    0.26    2.21 v _137_/X (sky130_fd_sc_hd__a2bb2o_2)
                                         x1_7.S (net)
                  0.04    0.00    2.21 v _207_/D (sky130_fd_sc_hd__dfxtp_2)
                                  2.21   data arrival time

                  0.00    6.15    6.15   clock core_clock (rise edge)
                          0.00    6.15   clock network delay (ideal)
                          0.00    6.15   clock reconvergence pessimism
                                  6.15 ^ _207_/CLK (sky130_fd_sc_hd__dfxtp_2)
                         -0.12    6.03   library setup time
                                  6.03   data required time
-----------------------------------------------------------------------------
                                  6.03   data required time
                                 -2.21   data arrival time
-----------------------------------------------------------------------------
                                  3.81   slack (MET)


Startpoint: _167_ (rising edge-triggered flip-flop clocked by core_clock)
Endpoint: _160_ (rising edge-triggered flip-flop clocked by core_clock)
Path Group: core_clock
Path Type: max

Fanout     Cap    Slew   Delay    Time   Description
-----------------------------------------------------------------------------
                  0.00    0.00    0.00   clock core_clock (rise edge)
                          0.00    0.00   clock network delay (ideal)
                  0.00    0.00    0.00 ^ _167_/CLK (sky130_fd_sc_hd__dfxtp_2)
     4    0.01    0.08    0.33    0.33 ^ _167_/Q (sky130_fd_sc_hd__dfxtp_2)
                                         x1_0.A (net)
                  0.08    0.00    0.33 ^ _087_/A1 (sky130_fd_sc_hd__o21ai_2)
     3    0.01    0.04    0.07    0.40 v _087_/Y (sky130_fd_sc_hd__o21ai_2)
                                         _042_ (net)
                  0.04    0.00    0.40 v _089_/A3 (sky130_fd_sc_hd__a31o_2)
     3    0.01    0.06    0.27    0.67 v _089_/X (sky130_fd_sc_hd__a31o_2)
                                         _044_ (net)
                  0.06    0.00    0.67 v _092_/A2 (sky130_fd_sc_hd__o211a_2)
     3    0.01    0.06    0.26    0.94 v _092_/X (sky130_fd_sc_hd__o211a_2)
                                         _047_ (net)
                  0.06    0.00    0.94 v _095_/A3 (sky130_fd_sc_hd__o311a_2)
     3    0.01    0.07    0.36    1.30 v _095_/X (sky130_fd_sc_hd__o311a_2)
                                         _050_ (net)
                  0.07    0.00    1.30 v _098_/A3 (sky130_fd_sc_hd__o311a_2)
     2    0.00    0.06    0.34    1.64 v _098_/X (sky130_fd_sc_hd__o311a_2)
                                         _053_ (net)
                  0.06    0.00    1.64 v _101_/A3 (sky130_fd_sc_hd__o311a_2)
     3    0.01    0.07    0.36    2.00 v _101_/X (sky130_fd_sc_hd__o311a_2)
                                         _056_ (net)
                  0.07    0.00    2.00 v _126_/B (sky130_fd_sc_hd__nor2_2)
     1    0.01    0.13    0.13    2.13 ^ _126_/Y (sky130_fd_sc_hd__nor2_2)
                                         _004_ (net)
                  0.13    0.00    2.13 ^ _128_/A (sky130_fd_sc_hd__xnor2_2)
     1    0.00    0.05    0.08    2.20 v _128_/Y (sky130_fd_sc_hd__xnor2_2)
                                         x1_10.S (net)
                  0.05    0.00    2.20 v _160_/D (sky130_fd_sc_hd__dfxtp_2)
                                  2.20   data arrival time

                  0.00    6.15    6.15   clock core_clock (rise edge)
                          0.00    6.15   clock network delay (ideal)
                          0.00    6.15   clock reconvergence pessimism
                                  6.15 ^ _160_/CLK (sky130_fd_sc_hd__dfxtp_2)
                         -0.12    6.03   library setup time
                                  6.03   data required time
-----------------------------------------------------------------------------
                                  6.03   data required time
                                 -2.20   data arrival time
-----------------------------------------------------------------------------
                                  3.82   slack (MET)


Startpoint: _167_ (rising edge-triggered flip-flop clocked by core_clock)
Endpoint: _206_ (rising edge-triggered flip-flop clocked by core_clock)
Path Group: core_clock
Path Type: max

Fanout     Cap    Slew   Delay    Time   Description
-----------------------------------------------------------------------------
                  0.00    0.00    0.00   clock core_clock (rise edge)
                          0.00    0.00   clock network delay (ideal)
                  0.00    0.00    0.00 ^ _167_/CLK (sky130_fd_sc_hd__dfxtp_2)
     4    0.01    0.08    0.33    0.33 ^ _167_/Q (sky130_fd_sc_hd__dfxtp_2)
                                         x1_0.A (net)
                  0.08    0.00    0.33 ^ _087_/A1 (sky130_fd_sc_hd__o21ai_2)
     3    0.01    0.04    0.07    0.40 v _087_/Y (sky130_fd_sc_hd__o21ai_2)
                                         _042_ (net)
                  0.04    0.00    0.40 v _089_/A3 (sky130_fd_sc_hd__a31o_2)
     3    0.01    0.06    0.27    0.67 v _089_/X (sky130_fd_sc_hd__a31o_2)
                                         _044_ (net)
                  0.06    0.00    0.67 v _092_/A2 (sky130_fd_sc_hd__o211a_2)
     3    0.01    0.06    0.26    0.94 v _092_/X (sky130_fd_sc_hd__o211a_2)
                                         _047_ (net)
                  0.06    0.00    0.94 v _095_/A3 (sky130_fd_sc_hd__o311a_2)
     3    0.01    0.07    0.36    1.30 v _095_/X (sky130_fd_sc_hd__o311a_2)
                                         _050_ (net)
                  0.07    0.00    1.30 v _138_/B (sky130_fd_sc_hd__nor2_2)
     1    0.01    0.13    0.13    1.42 ^ _138_/Y (sky130_fd_sc_hd__nor2_2)
                                         _012_ (net)
                  0.13    0.00    1.42 ^ _140_/A (sky130_fd_sc_hd__xnor2_2)
     1    0.00    0.04    0.07    1.50 v _140_/Y (sky130_fd_sc_hd__xnor2_2)
                                         x1_6.S (net)
                  0.04    0.00    1.50 v _206_/D (sky130_fd_sc_hd__dfxtp_2)
                                  1.50   data arrival time

                  0.00    6.15    6.15   clock core_clock (rise edge)
                          0.00    6.15   clock network delay (ideal)
                          0.00    6.15   clock reconvergence pessimism
                                  6.15 ^ _206_/CLK (sky130_fd_sc_hd__dfxtp_2)
                         -0.12    6.03   library setup time
                                  6.03   data required time
-----------------------------------------------------------------------------
                                  6.03   data required time
                                 -1.50   data arrival time
-----------------------------------------------------------------------------
                                  4.53   slack (MET)


Startpoint: _167_ (rising edge-triggered flip-flop clocked by core_clock)
Endpoint: _205_ (rising edge-triggered flip-flop clocked by core_clock)
Path Group: core_clock
Path Type: max

Fanout     Cap    Slew   Delay    Time   Description
-----------------------------------------------------------------------------
                  0.00    0.00    0.00   clock core_clock (rise edge)
                          0.00    0.00   clock network delay (ideal)
                  0.00    0.00    0.00 ^ _167_/CLK (sky130_fd_sc_hd__dfxtp_2)
     4    0.01    0.08    0.33    0.33 ^ _167_/Q (sky130_fd_sc_hd__dfxtp_2)
                                         x1_0.A (net)
                  0.08    0.00    0.33 ^ _087_/A1 (sky130_fd_sc_hd__o21ai_2)
     3    0.01    0.04    0.07    0.40 v _087_/Y (sky130_fd_sc_hd__o21ai_2)
                                         _042_ (net)
                  0.04    0.00    0.40 v _089_/A3 (sky130_fd_sc_hd__a31o_2)
     3    0.01    0.06    0.27    0.67 v _089_/X (sky130_fd_sc_hd__a31o_2)
                                         _044_ (net)
                  0.06    0.00    0.67 v _092_/A2 (sky130_fd_sc_hd__o211a_2)
     3    0.01    0.06    0.26    0.94 v _092_/X (sky130_fd_sc_hd__o211a_2)
                                         _047_ (net)
                  0.06    0.00    0.94 v _141_/A3 (sky130_fd_sc_hd__o31a_2)
     1    0.01    0.07    0.31    1.24 v _141_/X (sky130_fd_sc_hd__o31a_2)
                                         _014_ (net)
                  0.07    0.00    1.24 v _143_/A (sky130_fd_sc_hd__xnor2_2)
     1    0.00    0.04    0.13    1.37 v _143_/Y (sky130_fd_sc_hd__xnor2_2)
                                         x1_5.S (net)
                  0.04    0.00    1.37 v _205_/D (sky130_fd_sc_hd__dfxtp_2)
                                  1.37   data arrival time

                  0.00    6.15    6.15   clock core_clock (rise edge)
                          0.00    6.15   clock network delay (ideal)
                          0.00    6.15   clock reconvergence pessimism
                                  6.15 ^ _205_/CLK (sky130_fd_sc_hd__dfxtp_2)
                         -0.12    6.03   library setup time
                                  6.03   data required time
-----------------------------------------------------------------------------
                                  6.03   data required time
                                 -1.37   data arrival time
-----------------------------------------------------------------------------
                                  4.66   slack (MET)


Startpoint: _167_ (rising edge-triggered flip-flop clocked by core_clock)
Endpoint: _204_ (rising edge-triggered flip-flop clocked by core_clock)
Path Group: core_clock
Path Type: max

Fanout     Cap    Slew   Delay    Time   Description
-----------------------------------------------------------------------------
                  0.00    0.00    0.00   clock core_clock (rise edge)
                          0.00    0.00   clock network delay (ideal)
                  0.00    0.00    0.00 ^ _167_/CLK (sky130_fd_sc_hd__dfxtp_2)
     4    0.01    0.08    0.33    0.33 ^ _167_/Q (sky130_fd_sc_hd__dfxtp_2)
                                         x1_0.A (net)
                  0.08    0.00    0.33 ^ _087_/A1 (sky130_fd_sc_hd__o21ai_2)
     3    0.01    0.04    0.07    0.40 v _087_/Y (sky130_fd_sc_hd__o21ai_2)
                                         _042_ (net)
                  0.04    0.00    0.40 v _089_/A3 (sky130_fd_sc_hd__a31o_2)
     3    0.01    0.06    0.27    0.67 v _089_/X (sky130_fd_sc_hd__a31o_2)
                                         _044_ (net)
                  0.06    0.00    0.67 v _092_/A2 (sky130_fd_sc_hd__o211a_2)
     3    0.01    0.06    0.26    0.94 v _092_/X (sky130_fd_sc_hd__o211a_2)
                                         _047_ (net)
                  0.06    0.00    0.94 v _144_/B (sky130_fd_sc_hd__nor2_2)
     1    0.01    0.13    0.12    1.06 ^ _144_/Y (sky130_fd_sc_hd__nor2_2)
                                         _016_ (net)
                  0.13    0.00    1.06 ^ _146_/A (sky130_fd_sc_hd__xnor2_2)
     1    0.00    0.04    0.07    1.13 v _146_/Y (sky130_fd_sc_hd__xnor2_2)
                                         x1_4.S (net)
                  0.04    0.00    1.13 v _204_/D (sky130_fd_sc_hd__dfxtp_2)
                                  1.13   data arrival time

                  0.00    6.15    6.15   clock core_clock (rise edge)
                          0.00    6.15   clock network delay (ideal)
                          0.00    6.15   clock reconvergence pessimism
                                  6.15 ^ _204_/CLK (sky130_fd_sc_hd__dfxtp_2)
                         -0.12    6.03   library setup time
                                  6.03   data required time
-----------------------------------------------------------------------------
                                  6.03   data required time
                                 -1.13   data arrival time
-----------------------------------------------------------------------------
                                  4.89   slack (MET)


Startpoint: _183_ (rising edge-triggered flip-flop clocked by core_clock)
Endpoint: _200_ (rising edge-triggered flip-flop clocked by core_clock)
Path Group: core_clock
Path Type: max

Fanout     Cap    Slew   Delay    Time   Description
-----------------------------------------------------------------------------
                  0.00    0.00    0.00   clock core_clock (rise edge)
                          0.00    0.00   clock network delay (ideal)
                  0.00    0.00    0.00 ^ _183_/CLK (sky130_fd_sc_hd__dfxtp_2)
     3    0.01    0.03    0.30    0.30 v _183_/Q (sky130_fd_sc_hd__dfxtp_2)
                                         x1_0.B (net)
                  0.03    0.00    0.30 v _156_/A (sky130_fd_sc_hd__or3_2)
     1    0.00    0.07    0.46    0.76 v _156_/X (sky130_fd_sc_hd__or3_2)
                                         _024_ (net)
                  0.07    0.00    0.76 v _158_/A3 (sky130_fd_sc_hd__a31o_2)
     1    0.00    0.04    0.26    1.01 v _158_/X (sky130_fd_sc_hd__a31o_2)
                                         x1_0.S (net)
                  0.04    0.00    1.01 v _200_/D (sky130_fd_sc_hd__dfxtp_2)
                                  1.01   data arrival time

                  0.00    6.15    6.15   clock core_clock (rise edge)
                          0.00    6.15   clock network delay (ideal)
                          0.00    6.15   clock reconvergence pessimism
                                  6.15 ^ _200_/CLK (sky130_fd_sc_hd__dfxtp_2)
                         -0.12    6.03   library setup time
                                  6.03   data required time
-----------------------------------------------------------------------------
                                  6.03   data required time
                                 -1.01   data arrival time
-----------------------------------------------------------------------------
                                  5.01   slack (MET)


Startpoint: _167_ (rising edge-triggered flip-flop clocked by core_clock)
Endpoint: _203_ (rising edge-triggered flip-flop clocked by core_clock)
Path Group: core_clock
Path Type: max

Fanout     Cap    Slew   Delay    Time   Description
-----------------------------------------------------------------------------
                  0.00    0.00    0.00   clock core_clock (rise edge)
                          0.00    0.00   clock network delay (ideal)
                  0.00    0.00    0.00 ^ _167_/CLK (sky130_fd_sc_hd__dfxtp_2)
     4    0.01    0.08    0.33    0.33 ^ _167_/Q (sky130_fd_sc_hd__dfxtp_2)
                                         x1_0.A (net)
                  0.08    0.00    0.33 ^ _087_/A1 (sky130_fd_sc_hd__o21ai_2)
     3    0.01    0.04    0.07    0.40 v _087_/Y (sky130_fd_sc_hd__o21ai_2)
                                         _042_ (net)
                  0.04    0.00    0.40 v _089_/A3 (sky130_fd_sc_hd__a31o_2)
     3    0.01    0.06    0.27    0.67 v _089_/X (sky130_fd_sc_hd__a31o_2)
                                         _044_ (net)
                  0.06    0.00    0.67 v _147_/A2 (sky130_fd_sc_hd__o21a_2)
     1    0.01    0.05    0.21    0.89 v _147_/X (sky130_fd_sc_hd__o21a_2)
                                         _018_ (net)
                  0.05    0.00    0.89 v _149_/A (sky130_fd_sc_hd__xnor2_2)
     1    0.00    0.04    0.12    1.01 v _149_/Y (sky130_fd_sc_hd__xnor2_2)
                                         x1_3.S (net)
                  0.04    0.00    1.01 v _203_/D (sky130_fd_sc_hd__dfxtp_2)
                                  1.01   data arrival time

                  0.00    6.15    6.15   clock core_clock (rise edge)
                          0.00    6.15   clock network delay (ideal)
                          0.00    6.15   clock reconvergence pessimism
                                  6.15 ^ _203_/CLK (sky130_fd_sc_hd__dfxtp_2)
                         -0.12    6.03   library setup time
                                  6.03   data required time
-----------------------------------------------------------------------------
                                  6.03   data required time
                                 -1.01   data arrival time
-----------------------------------------------------------------------------
                                  5.02   slack (MET)


Startpoint: _167_ (rising edge-triggered flip-flop clocked by core_clock)
Endpoint: _202_ (rising edge-triggered flip-flop clocked by core_clock)
Path Group: core_clock
Path Type: max

Fanout     Cap    Slew   Delay    Time   Description
-----------------------------------------------------------------------------
                  0.00    0.00    0.00   clock core_clock (rise edge)
                          0.00    0.00   clock network delay (ideal)
                  0.00    0.00    0.00 ^ _167_/CLK (sky130_fd_sc_hd__dfxtp_2)
     4    0.01    0.08    0.33    0.33 ^ _167_/Q (sky130_fd_sc_hd__dfxtp_2)
                                         x1_0.A (net)
                  0.08    0.00    0.33 ^ _087_/A1 (sky130_fd_sc_hd__o21ai_2)
     3    0.01    0.04    0.07    0.40 v _087_/Y (sky130_fd_sc_hd__o21ai_2)
                                         _042_ (net)
                  0.04    0.00    0.40 v _089_/A3 (sky130_fd_sc_hd__a31o_2)
     3    0.01    0.06    0.27    0.67 v _089_/X (sky130_fd_sc_hd__a31o_2)
                                         _044_ (net)
                  0.06    0.00    0.67 v _151_/A (sky130_fd_sc_hd__xnor2_2)
     1    0.00    0.04    0.13    0.80 v _151_/Y (sky130_fd_sc_hd__xnor2_2)
                                         x1_2.S (net)
                  0.04    0.00    0.80 v _202_/D (sky130_fd_sc_hd__dfxtp_2)
                                  0.80   data arrival time

                  0.00    6.15    6.15   clock core_clock (rise edge)
                          0.00    6.15   clock network delay (ideal)
                          0.00    6.15   clock reconvergence pessimism
                                  6.15 ^ _202_/CLK (sky130_fd_sc_hd__dfxtp_2)
                         -0.12    6.03   library setup time
                                  6.03   data required time
-----------------------------------------------------------------------------
                                  6.03   data required time
                                 -0.80   data arrival time
-----------------------------------------------------------------------------
                                  5.22   slack (MET)


Startpoint: _167_ (rising edge-triggered flip-flop clocked by core_clock)
Endpoint: _201_ (rising edge-triggered flip-flop clocked by core_clock)
Path Group: core_clock
Path Type: max

Fanout     Cap    Slew   Delay    Time   Description
-----------------------------------------------------------------------------
                  0.00    0.00    0.00   clock core_clock (rise edge)
                          0.00    0.00   clock network delay (ideal)
                  0.00    0.00    0.00 ^ _167_/CLK (sky130_fd_sc_hd__dfxtp_2)
     4    0.01    0.08    0.33    0.33 ^ _167_/Q (sky130_fd_sc_hd__dfxtp_2)
                                         x1_0.A (net)
                  0.08    0.00    0.33 ^ _087_/A1 (sky130_fd_sc_hd__o21ai_2)
     3    0.01    0.04    0.07    0.40 v _087_/Y (sky130_fd_sc_hd__o21ai_2)
                                         _042_ (net)
                  0.04    0.00    0.40 v _152_/B (sky130_fd_sc_hd__and2_2)
     1    0.01    0.05    0.20    0.60 v _152_/X (sky130_fd_sc_hd__and2_2)
                                         _021_ (net)
                  0.05    0.00    0.60 v _155_/A (sky130_fd_sc_hd__xnor2_2)
     1    0.00    0.05    0.13    0.73 v _155_/Y (sky130_fd_sc_hd__xnor2_2)
                                         x1_1.S (net)
                  0.05    0.00    0.73 v _201_/D (sky130_fd_sc_hd__dfxtp_2)
                                  0.73   data arrival time

                  0.00    6.15    6.15   clock core_clock (rise edge)
                          0.00    6.15   clock network delay (ideal)
                          0.00    6.15   clock reconvergence pessimism
                                  6.15 ^ _201_/CLK (sky130_fd_sc_hd__dfxtp_2)
                         -0.12    6.03   library setup time
                                  6.03   data required time
-----------------------------------------------------------------------------
                                  6.03   data required time
                                 -0.73   data arrival time
-----------------------------------------------------------------------------
                                  5.29   slack (MET)



worst slack corner Typical: 2.8558
max_report_end
checks_report

===========================================================================
report_checks -unconstrained
===========================================================================
======================= Typical Corner ===================================

Startpoint: _167_ (rising edge-triggered flip-flop clocked by core_clock)
Endpoint: _165_ (rising edge-triggered flip-flop clocked by core_clock)
Path Group: core_clock
Path Type: max

Fanout     Cap    Slew   Delay    Time   Description
-----------------------------------------------------------------------------
                  0.00    0.00    0.00   clock core_clock (rise edge)
                          0.00    0.00   clock network delay (ideal)
                  0.00    0.00    0.00 ^ _167_/CLK (sky130_fd_sc_hd__dfxtp_2)
     4    0.01    0.08    0.33    0.33 ^ _167_/Q (sky130_fd_sc_hd__dfxtp_2)
                                         x1_0.A (net)
                  0.08    0.00    0.33 ^ _087_/A1 (sky130_fd_sc_hd__o21ai_2)
     3    0.01    0.04    0.07    0.40 v _087_/Y (sky130_fd_sc_hd__o21ai_2)
                                         _042_ (net)
                  0.04    0.00    0.40 v _089_/A3 (sky130_fd_sc_hd__a31o_2)
     3    0.01    0.06    0.27    0.67 v _089_/X (sky130_fd_sc_hd__a31o_2)
                                         _044_ (net)
                  0.06    0.00    0.67 v _092_/A2 (sky130_fd_sc_hd__o211a_2)
     3    0.01    0.06    0.26    0.94 v _092_/X (sky130_fd_sc_hd__o211a_2)
                                         _047_ (net)
                  0.06    0.00    0.94 v _095_/A3 (sky130_fd_sc_hd__o311a_2)
     3    0.01    0.07    0.36    1.30 v _095_/X (sky130_fd_sc_hd__o311a_2)
                                         _050_ (net)
                  0.07    0.00    1.30 v _098_/A3 (sky130_fd_sc_hd__o311a_2)
     2    0.00    0.06    0.34    1.64 v _098_/X (sky130_fd_sc_hd__o311a_2)
                                         _053_ (net)
                  0.06    0.00    1.64 v _101_/A3 (sky130_fd_sc_hd__o311a_2)
     3    0.01    0.07    0.36    2.00 v _101_/X (sky130_fd_sc_hd__o311a_2)
                                         _056_ (net)
                  0.07    0.00    2.00 v _104_/A3 (sky130_fd_sc_hd__o311a_2)
     3    0.01    0.07    0.36    2.36 v _104_/X (sky130_fd_sc_hd__o311a_2)
                                         _059_ (net)
                  0.07    0.00    2.36 v _107_/A3 (sky130_fd_sc_hd__o311a_2)
     2    0.01    0.07    0.35    2.71 v _107_/X (sky130_fd_sc_hd__o311a_2)
                                         _062_ (net)
                  0.07    0.00    2.71 v _109_/A3 (sky130_fd_sc_hd__o31a_2)
     2    0.01    0.08    0.33    3.04 v _109_/X (sky130_fd_sc_hd__o31a_2)
                                         _064_ (net)
                  0.08    0.00    3.04 v _113_/A (sky130_fd_sc_hd__xnor2_2)
     1    0.00    0.04    0.13    3.17 v _113_/Y (sky130_fd_sc_hd__xnor2_2)
                                         x1_15.S (net)
                  0.04    0.00    3.17 v _165_/D (sky130_fd_sc_hd__dfxtp_2)
                                  3.17   data arrival time

                  0.00    6.15    6.15   clock core_clock (rise edge)
                          0.00    6.15   clock network delay (ideal)
                          0.00    6.15   clock reconvergence pessimism
                                  6.15 ^ _165_/CLK (sky130_fd_sc_hd__dfxtp_2)
                         -0.12    6.03   library setup time
                                  6.03   data required time
-----------------------------------------------------------------------------
                                  6.03   data required time
                                 -3.17   data arrival time
-----------------------------------------------------------------------------
                                  2.86   slack (MET)




===========================================================================
report_checks --slack_max -0.01
============================================================================
======================= Typical Corner ===================================

No paths found.


===========================================================================
 report_check_types -max_slew -max_cap -max_fanout -violators
============================================================================
======================= Typical Corner ===================================


max slew violations count Typical: 0
max fanout violations count Typical: 0
max cap violations count Typical: 0

===========================================================================
report_parasitic_annotation -report_unannotated
============================================================================
Found 1 unannotated drivers.
 CLK
Found 0 partially unannotated drivers.

===========================================================================
max slew violation count 0
max fanout violation count 0
max cap violation count 0
============================================================================

===========================================================================
check_setup -verbose -unconstrained_endpoints -multiple_clock -no_clock -no_input_delay -loops -generated_clocks
===========================================================================
Warning: There are 33 input ports missing set_input_delay.
  A[0]
  A[10]
  A[11]
  A[12]
  A[13]
  A[14]
  A[15]
  A[1]
  A[2]
  A[3]
  A[4]
  A[5]
  A[6]
  A[7]
  A[8]
  A[9]
  B[0]
  B[10]
  B[11]
  B[12]
  B[13]
  B[14]
  B[15]
  B[1]
  B[2]
  B[3]
  B[4]
  B[5]
  B[6]
  B[7]
  B[8]
  B[9]
  Cin
Warning: There are 50 unconstrained endpoints.
  Cout
  S[0]
  S[10]
  S[11]
  S[12]
  S[13]
  S[14]
  S[15]
  S[1]
  S[2]
  S[3]
  S[4]
  S[5]
  S[6]
  S[7]
  S[8]
  S[9]
  _167_/D
  _168_/D
  _169_/D
  _170_/D
  _171_/D
  _172_/D
  _173_/D
  _174_/D
  _175_/D
  _176_/D
  _177_/D
  _178_/D
  _179_/D
  _180_/D
  _181_/D
  _182_/D
  _183_/D
  _184_/D
  _185_/D
  _186_/D
  _187_/D
  _188_/D
  _189_/D
  _190_/D
  _191_/D
  _192_/D
  _193_/D
  _194_/D
  _195_/D
  _196_/D
  _197_/D
  _198_/D
  _199_/D
checks_report_end
power_report

===========================================================================
 report_power
============================================================================
======================= Typical Corner ===================================

Group                  Internal  Switching    Leakage      Total
                          Power      Power      Power      Power (Watts)
----------------------------------------------------------------
Sequential             3.67e-04   1.29e-05   4.23e-10   3.80e-04  83.9%
Combinational          4.35e-05   2.96e-05   3.11e-10   7.32e-05  16.1%
Clock                  0.00e+00   0.00e+00   1.43e-10   1.43e-10   0.0%
Macro                  0.00e+00   0.00e+00   0.00e+00   0.00e+00   0.0%
Pad                    0.00e+00   0.00e+00   0.00e+00   0.00e+00   0.0%
----------------------------------------------------------------
Total                  4.10e-04   4.26e-05   8.76e-10   4.53e-04 100.0%
                          90.6%       9.4%       0.0%

power_report_end
skew_report

===========================================================================
report_clock_skew
============================================================================
Clock core_clock
   0.00 source latency _167_/CLK ^
   0.00 target latency _159_/CLK ^
   0.00 CRPR
--------------
   0.00 setup skew

skew_report_end
summary_report

===========================================================================
report_tns
============================================================================
tns 0.00

===========================================================================
report_wns
============================================================================
wns 0.00

===========================================================================
report_worst_slack -max (Setup)
============================================================================
worst slack 2.86

===========================================================================
report_worst_slack -min (Hold)
============================================================================
worst slack 0.45
summary_report_end
area_report

===========================================================================
report_design_area
============================================================================
Design area 1907 u^2 52% utilization.
area_report_end
check_nonpropagated_clocks
core_clock
check_nonpropagated_clocks_end
[WARNING] Did not save OpenROAD database!
Writing SDF to '/openlane/designs/fa16/runs/auto_pnr/results/signoff/fa16.sdf'…
