OpenROAD b16bda7e82721d10566ff7e2b68f1ff0be9f9e38 
Features included (+) or not (-): +Charts +GPU +GUI +Python
This program is licensed under the BSD-3 license. See the LICENSE file for details.
Components of this program may be licensed under more restrictive licenses which must be honored.
Top-level design name: ksa
Block boundaries: 0 0 83200 93920
Horizontal Tracks Origin: 340, Count: 138, Step: 680
Vertical Tracks Origin: 230, Count: 181, Step: 460
Placement details for the #N side
Virtual pin count:  0
Actual pin count:  16
Total pin count:  16
Tracks count:  181
Tracks per pin:  11
Used tracks count:  166
Unused track count:  15
Starting track index:  7
Placement Map:
[230, 690, 1150, 1610, 2070, 2530, 2990, [91m3450[0m, 3910, 4370, 4830, 5290, 5750, 6210, 6670, 7130, 7590, 8050, [91m8510[0m, 8970, 9430, 9890, 10350, 10810, 11270, 11730, 12190, 12650, 13110, [91m13570[0m, 14030, 14490, 14950, 15410, 15870, 16330, 16790, 17250, 17710, 18170, [91m18630[0m, 19090, 19550, 20010, 20470, 20930, 21390, 21850, 22310, 22770, 23230, [91m23690[0m, 24150, 24610, 25070, 25530, 25990, 26450, 26910, 27370, 27830, 28290, [91m28750[0m, 29210, 29670, 30130, 30590, 31050, 31510, 31970, 32430, 32890, 33350, [91m33810[0m, 34270, 34730, 35190, 35650, 36110, 36570, 37030, 37490, 37950, 38410, [91m38870[0m, 39330, 39790, 40250, 40710, 41170, 41630, 42090, 42550, 43010, 43470, [91m43930[0m, 44390, 44850, 45310, 45770, 46230, 46690, 47150, 47610, 48070, 48530, [91m48990[0m, 49450, 49910, 50370, 50830, 51290, 51750, 52210, 52670, 53130, 53590, [91m54050[0m, 54510, 54970, 55430, 55890, 56350, 56810, 57270, 57730, 58190, 58650, [91m59110[0m, 59570, 60030, 60490, 60950, 61410, 61870, 62330, 62790, 63250, 63710, [91m64170[0m, 64630, 65090, 65550, 66010, 66470, 66930, 67390, 67850, 68310, 68770, [91m69230[0m, 69690, 70150, 70610, 71070, 71530, 71990, 72450, 72910, 73370, 73830, [91m74290[0m, 74750, 75210, 75670, 76130, 76590, 77050, 77510, 77970, 78430, 78890, [91m79350[0m, 79810, 80270, 80730, 81190, 81650, 82110, 82570, 83030, ]
Indices of used tracks: [7, 18, 29, 40, 51, 62, 73, 84, 95, 106, 117, 128, 139, 150, 161, 172]
---
Placement details for the #E side
Virtual pin count:  0
Actual pin count:  2
Total pin count:  2
Tracks count:  69
Tracks per pin:  34
Used tracks count:  35
Unused track count:  34
Starting track index:  17
Placement Map:
[340, 1700, 3060, 4420, 5780, 7140, 8500, 9860, 11220, 12580, 13940, 15300, 16660, 18020, 19380, 20740, 22100, [91m23460[0m, 24820, 26180, 27540, 28900, 30260, 31620, 32980, 34340, 35700, 37060, 38420, 39780, 41140, 42500, 43860, 45220, 46580, 47940, 49300, 50660, 52020, 53380, 54740, 56100, 57460, 58820, 60180, 61540, 62900, 64260, 65620, 66980, 68340, [91m69700[0m, 71060, 72420, 73780, 75140, 76500, 77860, 79220, 80580, 81940, 83300, 84660, 86020, 87380, 88740, 90100, 91460, 92820, ]
Indices of used tracks: [17, 51]
---
Placement details for the #S side
Virtual pin count:  0
Actual pin count:  16
Total pin count:  16
Tracks count:  181
Tracks per pin:  11
Used tracks count:  166
Unused track count:  15
Starting track index:  7
Placement Map:
[230, 690, 1150, 1610, 2070, 2530, 2990, [91m3450[0m, 3910, 4370, 4830, 5290, 5750, 6210, 6670, 7130, 7590, 8050, [91m8510[0m, 8970, 9430, 9890, 10350, 10810, 11270, 11730, 12190, 12650, 13110, [91m13570[0m, 14030, 14490, 14950, 15410, 15870, 16330, 16790, 17250, 17710, 18170, [91m18630[0m, 19090, 19550, 20010, 20470, 20930, 21390, 21850, 22310, 22770, 23230, [91m23690[0m, 24150, 24610, 25070, 25530, 25990, 26450, 26910, 27370, 27830, 28290, [91m28750[0m, 29210, 29670, 30130, 30590, 31050, 31510, 31970, 32430, 32890, 33350, [91m33810[0m, 34270, 34730, 35190, 35650, 36110, 36570, 37030, 37490, 37950, 38410, [91m38870[0m, 39330, 39790, 40250, 40710, 41170, 41630, 42090, 42550, 43010, 43470, [91m43930[0m, 44390, 44850, 45310, 45770, 46230, 46690, 47150, 47610, 48070, 48530, [91m48990[0m, 49450, 49910, 50370, 50830, 51290, 51750, 52210, 52670, 53130, 53590, [91m54050[0m, 54510, 54970, 55430, 55890, 56350, 56810, 57270, 57730, 58190, 58650, [91m59110[0m, 59570, 60030, 60490, 60950, 61410, 61870, 62330, 62790, 63250, 63710, [91m64170[0m, 64630, 65090, 65550, 66010, 66470, 66930, 67390, 67850, 68310, 68770, [91m69230[0m, 69690, 70150, 70610, 71070, 71530, 71990, 72450, 72910, 73370, 73830, [91m74290[0m, 74750, 75210, 75670, 76130, 76590, 77050, 77510, 77970, 78430, 78890, [91m79350[0m, 79810, 80270, 80730, 81190, 81650, 82110, 82570, 83030, ]
Indices of used tracks: [7, 18, 29, 40, 51, 62, 73, 84, 95, 106, 117, 128, 139, 150, 161, 172]
---
Placement details for the #W side
Virtual pin count:  0
Actual pin count:  17
Total pin count:  17
Tracks count:  69
Tracks per pin:  4
Used tracks count:  65
Unused track count:  4
Starting track index:  2
Placement Map:
[340, 1700, [91m3060[0m, 4420, 5780, 7140, [91m8500[0m, 9860, 11220, 12580, [91m13940[0m, 15300, 16660, 18020, [91m19380[0m, 20740, 22100, 23460, [91m24820[0m, 26180, 27540, 28900, [91m30260[0m, 31620, 32980, 34340, [91m35700[0m, 37060, 38420, 39780, [91m41140[0m, 42500, 43860, 45220, [91m46580[0m, 47940, 49300, 50660, [91m52020[0m, 53380, 54740, 56100, [91m57460[0m, 58820, 60180, 61540, [91m62900[0m, 64260, 65620, 66980, [91m68340[0m, 69700, 71060, 72420, [91m73780[0m, 75140, 76500, 77860, [91m79220[0m, 80580, 81940, 83300, [91m84660[0m, 86020, 87380, 88740, [91m90100[0m, 91460, 92820, ]
Indices of used tracks: [2, 6, 10, 14, 18, 22, 26, 30, 34, 38, 42, 46, 50, 54, 58, 62, 66]
---
