
===========================================================================
report_checks -path_delay max (Setup)
============================================================================
======================= Typical Corner ===================================

Startpoint: _310_ (rising edge-triggered flip-flop clocked by core_clock)
Endpoint: _287_ (rising edge-triggered flip-flop clocked by core_clock)
Path Group: core_clock
Path Type: max

Fanout     Cap    Slew   Delay    Time   Description
-----------------------------------------------------------------------------
                          0.00    0.00   clock core_clock (rise edge)
                          0.00    0.00   clock source latency
     1    0.01    0.00    0.00    0.00 ^ CLK (in)
                                         CLK (net)
                  0.00    0.00    0.00 ^ clkbuf_0_CLK/A (sky130_fd_sc_hd__clkbuf_16)
     4    0.03    0.05    0.12    0.12 ^ clkbuf_0_CLK/X (sky130_fd_sc_hd__clkbuf_16)
                                         clknet_0_CLK (net)
                  0.05    0.00    0.12 ^ clkbuf_2_0__f_CLK/A (sky130_fd_sc_hd__clkbuf_16)
    15    0.03    0.05    0.14    0.26 ^ clkbuf_2_0__f_CLK/X (sky130_fd_sc_hd__clkbuf_16)
                                         clknet_2_0__leaf_CLK (net)
                  0.05    0.00    0.26 ^ _310_/CLK (sky130_fd_sc_hd__dfxtp_1)
     4    0.02    0.15    0.39    0.64 ^ _310_/Q (sky130_fd_sc_hd__dfxtp_1)
                                         x3.B (net)
                  0.15    0.00    0.64 ^ _132_/A (sky130_fd_sc_hd__xnor2_1)
     4    0.01    0.10    0.13    0.78 v _132_/Y (sky130_fd_sc_hd__xnor2_1)
                                         _083_ (net)
                  0.10    0.00    0.78 v _136_/A (sky130_fd_sc_hd__or4_4)
     6    0.02    0.11    0.59    1.37 v _136_/X (sky130_fd_sc_hd__or4_4)
                                         _087_ (net)
                  0.11    0.00    1.37 v _137_/C (sky130_fd_sc_hd__or3_1)
     2    0.01    0.08    0.35    1.71 v _137_/X (sky130_fd_sc_hd__or3_1)
                                         _088_ (net)
                  0.08    0.00    1.71 v _147_/A (sky130_fd_sc_hd__and3_1)
     3    0.01    0.07    0.19    1.90 v _147_/X (sky130_fd_sc_hd__and3_1)
                                         _098_ (net)
                  0.07    0.00    1.90 v _161_/A (sky130_fd_sc_hd__or3_1)
     1    0.01    0.08    0.39    2.29 v _161_/X (sky130_fd_sc_hd__or3_1)
                                         _112_ (net)
                  0.08    0.00    2.29 v _177_/A (sky130_fd_sc_hd__xnor2_1)
     1    0.00    0.04    0.13    2.42 v _177_/Y (sky130_fd_sc_hd__xnor2_1)
                                         x83.Si (net)
                  0.04    0.00    2.42 v _287_/D (sky130_fd_sc_hd__dfxtp_1)
                                  2.42   data arrival time

                          4.93    4.93   clock core_clock (rise edge)
                          0.00    4.93   clock source latency
     1    0.01    0.00    0.00    4.93 ^ CLK (in)
                                         CLK (net)
                  0.00    0.00    4.93 ^ clkbuf_0_CLK/A (sky130_fd_sc_hd__clkbuf_16)
     4    0.03    0.05    0.12    5.05 ^ clkbuf_0_CLK/X (sky130_fd_sc_hd__clkbuf_16)
                                         clknet_0_CLK (net)
                  0.05    0.00    5.05 ^ clkbuf_2_2__f_CLK/A (sky130_fd_sc_hd__clkbuf_16)
    15    0.04    0.06    0.14    5.19 ^ clkbuf_2_2__f_CLK/X (sky130_fd_sc_hd__clkbuf_16)
                                         clknet_2_2__leaf_CLK (net)
                  0.06    0.00    5.20 ^ _287_/CLK (sky130_fd_sc_hd__dfxtp_1)
                          0.00    5.20   clock reconvergence pessimism
                         -0.11    5.09   library setup time
                                  5.09   data required time
-----------------------------------------------------------------------------
                                  5.09   data required time
                                 -2.42   data arrival time
-----------------------------------------------------------------------------
                                  2.66   slack (MET)


Startpoint: _311_ (rising edge-triggered flip-flop clocked by core_clock)
Endpoint: _286_ (rising edge-triggered flip-flop clocked by core_clock)
Path Group: core_clock
Path Type: max

Fanout     Cap    Slew   Delay    Time   Description
-----------------------------------------------------------------------------
                          0.00    0.00   clock core_clock (rise edge)
                          0.00    0.00   clock source latency
     1    0.01    0.00    0.00    0.00 ^ CLK (in)
                                         CLK (net)
                  0.00    0.00    0.00 ^ clkbuf_0_CLK/A (sky130_fd_sc_hd__clkbuf_16)
     4    0.03    0.05    0.12    0.12 ^ clkbuf_0_CLK/X (sky130_fd_sc_hd__clkbuf_16)
                                         clknet_0_CLK (net)
                  0.05    0.00    0.12 ^ clkbuf_2_0__f_CLK/A (sky130_fd_sc_hd__clkbuf_16)
    15    0.03    0.05    0.14    0.26 ^ clkbuf_2_0__f_CLK/X (sky130_fd_sc_hd__clkbuf_16)
                                         clknet_2_0__leaf_CLK (net)
                  0.05    0.00    0.26 ^ _311_/CLK (sky130_fd_sc_hd__dfxtp_1)
     4    0.02    0.19    0.41    0.67 ^ _311_/Q (sky130_fd_sc_hd__dfxtp_1)
                                         x4.B (net)
                  0.19    0.00    0.67 ^ _128_/A (sky130_fd_sc_hd__xnor2_2)
     7    0.02    0.12    0.15    0.82 v _128_/Y (sky130_fd_sc_hd__xnor2_2)
                                         _079_ (net)
                  0.12    0.00    0.82 v _195_/A (sky130_fd_sc_hd__or4_1)
     3    0.01    0.11    0.58    1.40 v _195_/X (sky130_fd_sc_hd__or4_1)
                                         _017_ (net)
                  0.11    0.00    1.40 v _196_/C (sky130_fd_sc_hd__or3_1)
     2    0.01    0.08    0.35    1.75 v _196_/X (sky130_fd_sc_hd__or3_1)
                                         _018_ (net)
                  0.08    0.00    1.75 v _200_/A3 (sky130_fd_sc_hd__o31a_1)
     1    0.01    0.06    0.27    2.02 v _200_/X (sky130_fd_sc_hd__o31a_1)
                                         _022_ (net)
                  0.06    0.00    2.02 v _205_/A (sky130_fd_sc_hd__xnor2_1)
     1    0.01    0.19    0.21    2.23 ^ _205_/Y (sky130_fd_sc_hd__xnor2_1)
                                         _027_ (net)
                  0.19    0.00    2.23 ^ _206_/B (sky130_fd_sc_hd__xnor2_1)
     1    0.01    0.16    0.16    2.38 ^ _206_/Y (sky130_fd_sc_hd__xnor2_1)
                                         x84.Si (net)
                  0.16    0.00    2.38 ^ _286_/D (sky130_fd_sc_hd__dfxtp_1)
                                  2.38   data arrival time

                          4.93    4.93   clock core_clock (rise edge)
                          0.00    4.93   clock source latency
     1    0.01    0.00    0.00    4.93 ^ CLK (in)
                                         CLK (net)
                  0.00    0.00    4.93 ^ clkbuf_0_CLK/A (sky130_fd_sc_hd__clkbuf_16)
     4    0.03    0.05    0.12    5.05 ^ clkbuf_0_CLK/X (sky130_fd_sc_hd__clkbuf_16)
                                         clknet_0_CLK (net)
                  0.05    0.00    5.05 ^ clkbuf_2_2__f_CLK/A (sky130_fd_sc_hd__clkbuf_16)
    15    0.04    0.06    0.14    5.19 ^ clkbuf_2_2__f_CLK/X (sky130_fd_sc_hd__clkbuf_16)
                                         clknet_2_2__leaf_CLK (net)
                  0.06    0.00    5.20 ^ _286_/CLK (sky130_fd_sc_hd__dfxtp_1)
                          0.00    5.20   clock reconvergence pessimism
                         -0.08    5.12   library setup time
                                  5.12   data required time
-----------------------------------------------------------------------------
                                  5.12   data required time
                                 -2.38   data arrival time
-----------------------------------------------------------------------------
                                  2.73   slack (MET)


Startpoint: _310_ (rising edge-triggered flip-flop clocked by core_clock)
Endpoint: _284_ (rising edge-triggered flip-flop clocked by core_clock)
Path Group: core_clock
Path Type: max

Fanout     Cap    Slew   Delay    Time   Description
-----------------------------------------------------------------------------
                          0.00    0.00   clock core_clock (rise edge)
                          0.00    0.00   clock source latency
     1    0.01    0.00    0.00    0.00 ^ CLK (in)
                                         CLK (net)
                  0.00    0.00    0.00 ^ clkbuf_0_CLK/A (sky130_fd_sc_hd__clkbuf_16)
     4    0.03    0.05    0.12    0.12 ^ clkbuf_0_CLK/X (sky130_fd_sc_hd__clkbuf_16)
                                         clknet_0_CLK (net)
                  0.05    0.00    0.12 ^ clkbuf_2_0__f_CLK/A (sky130_fd_sc_hd__clkbuf_16)
    15    0.03    0.05    0.14    0.26 ^ clkbuf_2_0__f_CLK/X (sky130_fd_sc_hd__clkbuf_16)
                                         clknet_2_0__leaf_CLK (net)
                  0.05    0.00    0.26 ^ _310_/CLK (sky130_fd_sc_hd__dfxtp_1)
     4    0.02    0.15    0.39    0.64 ^ _310_/Q (sky130_fd_sc_hd__dfxtp_1)
                                         x3.B (net)
                  0.15    0.00    0.64 ^ _132_/A (sky130_fd_sc_hd__xnor2_1)
     4    0.01    0.10    0.13    0.78 v _132_/Y (sky130_fd_sc_hd__xnor2_1)
                                         _083_ (net)
                  0.10    0.00    0.78 v _136_/A (sky130_fd_sc_hd__or4_4)
     6    0.02    0.11    0.59    1.37 v _136_/X (sky130_fd_sc_hd__or4_4)
                                         _087_ (net)
                  0.11    0.00    1.37 v _221_/A2 (sky130_fd_sc_hd__o31a_1)
     2    0.01    0.06    0.31    1.68 v _221_/X (sky130_fd_sc_hd__o31a_1)
                                         _041_ (net)
                  0.06    0.00    1.68 v _222_/A2 (sky130_fd_sc_hd__a211o_1)
     2    0.01    0.08    0.32    2.01 v _222_/X (sky130_fd_sc_hd__a211o_1)
                                         _042_ (net)
                  0.08    0.00    2.01 v _223_/B (sky130_fd_sc_hd__xnor2_1)
     1    0.01    0.17    0.18    2.19 ^ _223_/Y (sky130_fd_sc_hd__xnor2_1)
                                         _043_ (net)
                  0.17    0.00    2.19 ^ _224_/B (sky130_fd_sc_hd__xnor2_1)
     1    0.01    0.16    0.16    2.34 ^ _224_/Y (sky130_fd_sc_hd__xnor2_1)
                                         x86.Si (net)
                  0.16    0.00    2.34 ^ _284_/D (sky130_fd_sc_hd__dfxtp_1)
                                  2.34   data arrival time

                          4.93    4.93   clock core_clock (rise edge)
                          0.00    4.93   clock source latency
     1    0.01    0.00    0.00    4.93 ^ CLK (in)
                                         CLK (net)
                  0.00    0.00    4.93 ^ clkbuf_0_CLK/A (sky130_fd_sc_hd__clkbuf_16)
     4    0.03    0.05    0.12    5.05 ^ clkbuf_0_CLK/X (sky130_fd_sc_hd__clkbuf_16)
                                         clknet_0_CLK (net)
                  0.05    0.00    5.05 ^ clkbuf_2_2__f_CLK/A (sky130_fd_sc_hd__clkbuf_16)
    15    0.04    0.06    0.14    5.19 ^ clkbuf_2_2__f_CLK/X (sky130_fd_sc_hd__clkbuf_16)
                                         clknet_2_2__leaf_CLK (net)
                  0.06    0.00    5.20 ^ _284_/CLK (sky130_fd_sc_hd__dfxtp_1)
                          0.00    5.20   clock reconvergence pessimism
                         -0.08    5.12   library setup time
                                  5.12   data required time
-----------------------------------------------------------------------------
                                  5.12   data required time
                                 -2.34   data arrival time
-----------------------------------------------------------------------------
                                  2.77   slack (MET)


Startpoint: _308_ (rising edge-triggered flip-flop clocked by core_clock)
Endpoint: _285_ (rising edge-triggered flip-flop clocked by core_clock)
Path Group: core_clock
Path Type: max

Fanout     Cap    Slew   Delay    Time   Description
-----------------------------------------------------------------------------
                          0.00    0.00   clock core_clock (rise edge)
                          0.00    0.00   clock source latency
     1    0.01    0.00    0.00    0.00 ^ CLK (in)
                                         CLK (net)
                  0.00    0.00    0.00 ^ clkbuf_0_CLK/A (sky130_fd_sc_hd__clkbuf_16)
     4    0.03    0.05    0.12    0.12 ^ clkbuf_0_CLK/X (sky130_fd_sc_hd__clkbuf_16)
                                         clknet_0_CLK (net)
                  0.05    0.00    0.12 ^ clkbuf_2_0__f_CLK/A (sky130_fd_sc_hd__clkbuf_16)
    15    0.03    0.05    0.14    0.26 ^ clkbuf_2_0__f_CLK/X (sky130_fd_sc_hd__clkbuf_16)
                                         clknet_2_0__leaf_CLK (net)
                  0.05    0.00    0.26 ^ _308_/CLK (sky130_fd_sc_hd__dfxtp_1)
     4    0.02    0.18    0.41    0.66 ^ _308_/Q (sky130_fd_sc_hd__dfxtp_1)
                                         x5.B (net)
                  0.18    0.00    0.66 ^ _134_/A (sky130_fd_sc_hd__xnor2_2)
     5    0.02    0.10    0.14    0.80 v _134_/Y (sky130_fd_sc_hd__xnor2_2)
                                         _085_ (net)
                  0.10    0.00    0.80 v _142_/B (sky130_fd_sc_hd__or4b_1)
     2    0.01    0.10    0.54    1.34 v _142_/X (sky130_fd_sc_hd__or4b_1)
                                         _093_ (net)
                  0.10    0.00    1.34 v _144_/A3 (sky130_fd_sc_hd__a31o_1)
     3    0.01    0.06    0.26    1.61 v _144_/X (sky130_fd_sc_hd__a31o_1)
                                         _095_ (net)
                  0.06    0.00    1.61 v _212_/A (sky130_fd_sc_hd__or3_1)
     1    0.01    0.08    0.39    1.99 v _212_/X (sky130_fd_sc_hd__or3_1)
                                         _033_ (net)
                  0.08    0.00    1.99 v _213_/B (sky130_fd_sc_hd__xnor2_1)
     1    0.01    0.17    0.18    2.18 ^ _213_/Y (sky130_fd_sc_hd__xnor2_1)
                                         _034_ (net)
                  0.17    0.00    2.18 ^ _214_/B (sky130_fd_sc_hd__xnor2_1)
     1    0.00    0.15    0.15    2.32 ^ _214_/Y (sky130_fd_sc_hd__xnor2_1)
                                         x85.Si (net)
                  0.15    0.00    2.32 ^ _285_/D (sky130_fd_sc_hd__dfxtp_1)
                                  2.32   data arrival time

                          4.93    4.93   clock core_clock (rise edge)
                          0.00    4.93   clock source latency
     1    0.01    0.00    0.00    4.93 ^ CLK (in)
                                         CLK (net)
                  0.00    0.00    4.93 ^ clkbuf_0_CLK/A (sky130_fd_sc_hd__clkbuf_16)
     4    0.03    0.05    0.12    5.05 ^ clkbuf_0_CLK/X (sky130_fd_sc_hd__clkbuf_16)
                                         clknet_0_CLK (net)
                  0.05    0.00    5.05 ^ clkbuf_2_2__f_CLK/A (sky130_fd_sc_hd__clkbuf_16)
    15    0.04    0.06    0.14    5.19 ^ clkbuf_2_2__f_CLK/X (sky130_fd_sc_hd__clkbuf_16)
                                         clknet_2_2__leaf_CLK (net)
                  0.06    0.00    5.20 ^ _285_/CLK (sky130_fd_sc_hd__dfxtp_1)
                          0.00    5.20   clock reconvergence pessimism
                         -0.08    5.12   library setup time
                                  5.12   data required time
-----------------------------------------------------------------------------
                                  5.12   data required time
                                 -2.32   data arrival time
-----------------------------------------------------------------------------
                                  2.80   slack (MET)


Startpoint: _310_ (rising edge-triggered flip-flop clocked by core_clock)
Endpoint: _289_ (rising edge-triggered flip-flop clocked by core_clock)
Path Group: core_clock
Path Type: max

Fanout     Cap    Slew   Delay    Time   Description
-----------------------------------------------------------------------------
                          0.00    0.00   clock core_clock (rise edge)
                          0.00    0.00   clock source latency
     1    0.01    0.00    0.00    0.00 ^ CLK (in)
                                         CLK (net)
                  0.00    0.00    0.00 ^ clkbuf_0_CLK/A (sky130_fd_sc_hd__clkbuf_16)
     4    0.03    0.05    0.12    0.12 ^ clkbuf_0_CLK/X (sky130_fd_sc_hd__clkbuf_16)
                                         clknet_0_CLK (net)
                  0.05    0.00    0.12 ^ clkbuf_2_0__f_CLK/A (sky130_fd_sc_hd__clkbuf_16)
    15    0.03    0.05    0.14    0.26 ^ clkbuf_2_0__f_CLK/X (sky130_fd_sc_hd__clkbuf_16)
                                         clknet_2_0__leaf_CLK (net)
                  0.05    0.00    0.26 ^ _310_/CLK (sky130_fd_sc_hd__dfxtp_1)
     4    0.02    0.15    0.39    0.64 ^ _310_/Q (sky130_fd_sc_hd__dfxtp_1)
                                         x3.B (net)
                  0.15    0.00    0.64 ^ _132_/A (sky130_fd_sc_hd__xnor2_1)
     4    0.01    0.10    0.13    0.78 v _132_/Y (sky130_fd_sc_hd__xnor2_1)
                                         _083_ (net)
                  0.10    0.00    0.78 v _136_/A (sky130_fd_sc_hd__or4_4)
     6    0.02    0.11    0.59    1.37 v _136_/X (sky130_fd_sc_hd__or4_4)
                                         _087_ (net)
                  0.11    0.00    1.37 v _137_/C (sky130_fd_sc_hd__or3_1)
     2    0.01    0.08    0.35    1.71 v _137_/X (sky130_fd_sc_hd__or3_1)
                                         _088_ (net)
                  0.08    0.00    1.71 v _147_/A (sky130_fd_sc_hd__and3_1)
     3    0.01    0.07    0.19    1.90 v _147_/X (sky130_fd_sc_hd__and3_1)
                                         _098_ (net)
                  0.07    0.00    1.90 v _236_/A1 (sky130_fd_sc_hd__o21ai_1)
     2    0.01    0.22    0.22    2.12 ^ _236_/Y (sky130_fd_sc_hd__o21ai_1)
                                         _053_ (net)
                  0.22    0.00    2.12 ^ _264_/A2 (sky130_fd_sc_hd__a311o_1)
     1    0.00    0.06    0.20    2.32 ^ _264_/X (sky130_fd_sc_hd__a311o_1)
                                         x66.G (net)
                  0.06    0.00    2.33 ^ _289_/D (sky130_fd_sc_hd__dfxtp_1)
                                  2.33   data arrival time

                          4.93    4.93   clock core_clock (rise edge)
                          0.00    4.93   clock source latency
     1    0.01    0.00    0.00    4.93 ^ CLK (in)
                                         CLK (net)
                  0.00    0.00    4.93 ^ clkbuf_0_CLK/A (sky130_fd_sc_hd__clkbuf_16)
     4    0.03    0.05    0.12    5.05 ^ clkbuf_0_CLK/X (sky130_fd_sc_hd__clkbuf_16)
                                         clknet_0_CLK (net)
                  0.05    0.00    5.05 ^ clkbuf_2_2__f_CLK/A (sky130_fd_sc_hd__clkbuf_16)
    15    0.04    0.06    0.14    5.19 ^ clkbuf_2_2__f_CLK/X (sky130_fd_sc_hd__clkbuf_16)
                                         clknet_2_2__leaf_CLK (net)
                  0.06    0.00    5.20 ^ _289_/CLK (sky130_fd_sc_hd__dfxtp_1)
                          0.00    5.20   clock reconvergence pessimism
                         -0.06    5.14   library setup time
                                  5.14   data required time
-----------------------------------------------------------------------------
                                  5.14   data required time
                                 -2.33   data arrival time
-----------------------------------------------------------------------------
                                  2.82   slack (MET)


Startpoint: _310_ (rising edge-triggered flip-flop clocked by core_clock)
Endpoint: _288_ (rising edge-triggered flip-flop clocked by core_clock)
Path Group: core_clock
Path Type: max

Fanout     Cap    Slew   Delay    Time   Description
-----------------------------------------------------------------------------
                          0.00    0.00   clock core_clock (rise edge)
                          0.00    0.00   clock source latency
     1    0.01    0.00    0.00    0.00 ^ CLK (in)
                                         CLK (net)
                  0.00    0.00    0.00 ^ clkbuf_0_CLK/A (sky130_fd_sc_hd__clkbuf_16)
     4    0.03    0.05    0.12    0.12 ^ clkbuf_0_CLK/X (sky130_fd_sc_hd__clkbuf_16)
                                         clknet_0_CLK (net)
                  0.05    0.00    0.12 ^ clkbuf_2_0__f_CLK/A (sky130_fd_sc_hd__clkbuf_16)
    15    0.03    0.05    0.14    0.26 ^ clkbuf_2_0__f_CLK/X (sky130_fd_sc_hd__clkbuf_16)
                                         clknet_2_0__leaf_CLK (net)
                  0.05    0.00    0.26 ^ _310_/CLK (sky130_fd_sc_hd__dfxtp_1)
     4    0.02    0.15    0.39    0.64 ^ _310_/Q (sky130_fd_sc_hd__dfxtp_1)
                                         x3.B (net)
                  0.15    0.00    0.64 ^ _132_/A (sky130_fd_sc_hd__xnor2_1)
     4    0.01    0.10    0.13    0.78 v _132_/Y (sky130_fd_sc_hd__xnor2_1)
                                         _083_ (net)
                  0.10    0.00    0.78 v _136_/A (sky130_fd_sc_hd__or4_4)
     6    0.02    0.11    0.59    1.37 v _136_/X (sky130_fd_sc_hd__or4_4)
                                         _087_ (net)
                  0.11    0.00    1.37 v _221_/A2 (sky130_fd_sc_hd__o31a_1)
     2    0.01    0.06    0.31    1.68 v _221_/X (sky130_fd_sc_hd__o31a_1)
                                         _041_ (net)
                  0.06    0.00    1.68 v _222_/A2 (sky130_fd_sc_hd__a211o_1)
     2    0.01    0.08    0.32    2.01 v _222_/X (sky130_fd_sc_hd__a211o_1)
                                         _042_ (net)
                  0.08    0.00    2.01 v _271_/A2 (sky130_fd_sc_hd__a21oi_1)
     1    0.01    0.15    0.19    2.19 ^ _271_/Y (sky130_fd_sc_hd__a21oi_1)
                                         _078_ (net)
                  0.15    0.00    2.19 ^ _272_/B (sky130_fd_sc_hd__xnor2_1)
     1    0.00    0.10    0.12    2.32 ^ _272_/Y (sky130_fd_sc_hd__xnor2_1)
                                         x82.Si (net)
                  0.10    0.00    2.32 ^ _288_/D (sky130_fd_sc_hd__dfxtp_1)
                                  2.32   data arrival time

                          4.93    4.93   clock core_clock (rise edge)
                          0.00    4.93   clock source latency
     1    0.01    0.00    0.00    4.93 ^ CLK (in)
                                         CLK (net)
                  0.00    0.00    4.93 ^ clkbuf_0_CLK/A (sky130_fd_sc_hd__clkbuf_16)
     4    0.03    0.05    0.12    5.05 ^ clkbuf_0_CLK/X (sky130_fd_sc_hd__clkbuf_16)
                                         clknet_0_CLK (net)
                  0.05    0.00    5.05 ^ clkbuf_2_2__f_CLK/A (sky130_fd_sc_hd__clkbuf_16)
    15    0.04    0.06    0.14    5.19 ^ clkbuf_2_2__f_CLK/X (sky130_fd_sc_hd__clkbuf_16)
                                         clknet_2_2__leaf_CLK (net)
                  0.06    0.00    5.20 ^ _288_/CLK (sky130_fd_sc_hd__dfxtp_1)
                          0.00    5.20   clock reconvergence pessimism
                         -0.06    5.13   library setup time
                                  5.13   data required time
-----------------------------------------------------------------------------
                                  5.13   data required time
                                 -2.32   data arrival time
-----------------------------------------------------------------------------
                                  2.82   slack (MET)


Startpoint: _310_ (rising edge-triggered flip-flop clocked by core_clock)
Endpoint: _281_ (rising edge-triggered flip-flop clocked by core_clock)
Path Group: core_clock
Path Type: max

Fanout     Cap    Slew   Delay    Time   Description
-----------------------------------------------------------------------------
                          0.00    0.00   clock core_clock (rise edge)
                          0.00    0.00   clock source latency
     1    0.01    0.00    0.00    0.00 ^ CLK (in)
                                         CLK (net)
                  0.00    0.00    0.00 ^ clkbuf_0_CLK/A (sky130_fd_sc_hd__clkbuf_16)
     4    0.03    0.05    0.12    0.12 ^ clkbuf_0_CLK/X (sky130_fd_sc_hd__clkbuf_16)
                                         clknet_0_CLK (net)
                  0.05    0.00    0.12 ^ clkbuf_2_0__f_CLK/A (sky130_fd_sc_hd__clkbuf_16)
    15    0.03    0.05    0.14    0.26 ^ clkbuf_2_0__f_CLK/X (sky130_fd_sc_hd__clkbuf_16)
                                         clknet_2_0__leaf_CLK (net)
                  0.05    0.00    0.26 ^ _310_/CLK (sky130_fd_sc_hd__dfxtp_1)
     4    0.02    0.15    0.39    0.64 ^ _310_/Q (sky130_fd_sc_hd__dfxtp_1)
                                         x3.B (net)
                  0.15    0.00    0.64 ^ _132_/A (sky130_fd_sc_hd__xnor2_1)
     4    0.01    0.10    0.13    0.78 v _132_/Y (sky130_fd_sc_hd__xnor2_1)
                                         _083_ (net)
                  0.10    0.00    0.78 v _136_/A (sky130_fd_sc_hd__or4_4)
     6    0.02    0.11    0.59    1.37 v _136_/X (sky130_fd_sc_hd__or4_4)
                                         _087_ (net)
                  0.11    0.00    1.37 v _137_/C (sky130_fd_sc_hd__or3_1)
     2    0.01    0.08    0.35    1.71 v _137_/X (sky130_fd_sc_hd__or3_1)
                                         _088_ (net)
                  0.08    0.00    1.71 v _147_/A (sky130_fd_sc_hd__and3_1)
     3    0.01    0.07    0.19    1.90 v _147_/X (sky130_fd_sc_hd__and3_1)
                                         _098_ (net)
                  0.07    0.00    1.90 v _236_/A1 (sky130_fd_sc_hd__o21ai_1)
     2    0.01    0.22    0.22    2.12 ^ _236_/Y (sky130_fd_sc_hd__o21ai_1)
                                         _053_ (net)
                  0.22    0.00    2.12 ^ _237_/B (sky130_fd_sc_hd__xnor2_1)
     1    0.00    0.12    0.15    2.27 ^ _237_/Y (sky130_fd_sc_hd__xnor2_1)
                                         x89.Si (net)
                  0.12    0.00    2.27 ^ _281_/D (sky130_fd_sc_hd__dfxtp_1)
                                  2.27   data arrival time

                          4.93    4.93   clock core_clock (rise edge)
                          0.00    4.93   clock source latency
     1    0.01    0.00    0.00    4.93 ^ CLK (in)
                                         CLK (net)
                  0.00    0.00    4.93 ^ clkbuf_0_CLK/A (sky130_fd_sc_hd__clkbuf_16)
     4    0.03    0.05    0.12    5.05 ^ clkbuf_0_CLK/X (sky130_fd_sc_hd__clkbuf_16)
                                         clknet_0_CLK (net)
                  0.05    0.00    5.05 ^ clkbuf_2_2__f_CLK/A (sky130_fd_sc_hd__clkbuf_16)
    15    0.04    0.06    0.14    5.19 ^ clkbuf_2_2__f_CLK/X (sky130_fd_sc_hd__clkbuf_16)
                                         clknet_2_2__leaf_CLK (net)
                  0.06    0.00    5.20 ^ _281_/CLK (sky130_fd_sc_hd__dfxtp_1)
                          0.00    5.20   clock reconvergence pessimism
                         -0.07    5.13   library setup time
                                  5.13   data required time
-----------------------------------------------------------------------------
                                  5.13   data required time
                                 -2.27   data arrival time
-----------------------------------------------------------------------------
                                  2.86   slack (MET)


Startpoint: _310_ (rising edge-triggered flip-flop clocked by core_clock)
Endpoint: _283_ (rising edge-triggered flip-flop clocked by core_clock)
Path Group: core_clock
Path Type: max

Fanout     Cap    Slew   Delay    Time   Description
-----------------------------------------------------------------------------
                          0.00    0.00   clock core_clock (rise edge)
                          0.00    0.00   clock source latency
     1    0.01    0.00    0.00    0.00 ^ CLK (in)
                                         CLK (net)
                  0.00    0.00    0.00 ^ clkbuf_0_CLK/A (sky130_fd_sc_hd__clkbuf_16)
     4    0.03    0.05    0.12    0.12 ^ clkbuf_0_CLK/X (sky130_fd_sc_hd__clkbuf_16)
                                         clknet_0_CLK (net)
                  0.05    0.00    0.12 ^ clkbuf_2_0__f_CLK/A (sky130_fd_sc_hd__clkbuf_16)
    15    0.03    0.05    0.14    0.26 ^ clkbuf_2_0__f_CLK/X (sky130_fd_sc_hd__clkbuf_16)
                                         clknet_2_0__leaf_CLK (net)
                  0.05    0.00    0.26 ^ _310_/CLK (sky130_fd_sc_hd__dfxtp_1)
     4    0.02    0.15    0.39    0.64 ^ _310_/Q (sky130_fd_sc_hd__dfxtp_1)
                                         x3.B (net)
                  0.15    0.00    0.64 ^ _132_/A (sky130_fd_sc_hd__xnor2_1)
     4    0.01    0.10    0.13    0.78 v _132_/Y (sky130_fd_sc_hd__xnor2_1)
                                         _083_ (net)
                  0.10    0.00    0.78 v _136_/A (sky130_fd_sc_hd__or4_4)
     6    0.02    0.11    0.59    1.37 v _136_/X (sky130_fd_sc_hd__or4_4)
                                         _087_ (net)
                  0.11    0.00    1.37 v _137_/C (sky130_fd_sc_hd__or3_1)
     2    0.01    0.08    0.35    1.71 v _137_/X (sky130_fd_sc_hd__or3_1)
                                         _088_ (net)
                  0.08    0.00    1.71 v _226_/A (sky130_fd_sc_hd__nor2_1)
     1    0.01    0.12    0.14    1.86 ^ _226_/Y (sky130_fd_sc_hd__nor2_1)
                                         _045_ (net)
                  0.12    0.00    1.86 ^ _228_/A (sky130_fd_sc_hd__xnor2_1)
     1    0.01    0.16    0.15    2.00 ^ _228_/Y (sky130_fd_sc_hd__xnor2_1)
                                         _047_ (net)
                  0.16    0.00    2.00 ^ _229_/B (sky130_fd_sc_hd__xnor2_1)
     1    0.00    0.11    0.13    2.14 ^ _229_/Y (sky130_fd_sc_hd__xnor2_1)
                                         x87.Si (net)
                  0.11    0.00    2.14 ^ _283_/D (sky130_fd_sc_hd__dfxtp_1)
                                  2.14   data arrival time

                          4.93    4.93   clock core_clock (rise edge)
                          0.00    4.93   clock source latency
     1    0.01    0.00    0.00    4.93 ^ CLK (in)
                                         CLK (net)
                  0.00    0.00    4.93 ^ clkbuf_0_CLK/A (sky130_fd_sc_hd__clkbuf_16)
     4    0.03    0.05    0.12    5.05 ^ clkbuf_0_CLK/X (sky130_fd_sc_hd__clkbuf_16)
                                         clknet_0_CLK (net)
                  0.05    0.00    5.05 ^ clkbuf_2_2__f_CLK/A (sky130_fd_sc_hd__clkbuf_16)
    15    0.04    0.06    0.14    5.19 ^ clkbuf_2_2__f_CLK/X (sky130_fd_sc_hd__clkbuf_16)
                                         clknet_2_2__leaf_CLK (net)
                  0.06    0.00    5.20 ^ _283_/CLK (sky130_fd_sc_hd__dfxtp_1)
                          0.00    5.20   clock reconvergence pessimism
                         -0.07    5.13   library setup time
                                  5.13   data required time
-----------------------------------------------------------------------------
                                  5.13   data required time
                                 -2.14   data arrival time
-----------------------------------------------------------------------------
                                  2.99   slack (MET)


Startpoint: _311_ (rising edge-triggered flip-flop clocked by core_clock)
Endpoint: _282_ (rising edge-triggered flip-flop clocked by core_clock)
Path Group: core_clock
Path Type: max

Fanout     Cap    Slew   Delay    Time   Description
-----------------------------------------------------------------------------
                          0.00    0.00   clock core_clock (rise edge)
                          0.00    0.00   clock source latency
     1    0.01    0.00    0.00    0.00 ^ CLK (in)
                                         CLK (net)
                  0.00    0.00    0.00 ^ clkbuf_0_CLK/A (sky130_fd_sc_hd__clkbuf_16)
     4    0.03    0.05    0.12    0.12 ^ clkbuf_0_CLK/X (sky130_fd_sc_hd__clkbuf_16)
                                         clknet_0_CLK (net)
                  0.05    0.00    0.12 ^ clkbuf_2_0__f_CLK/A (sky130_fd_sc_hd__clkbuf_16)
    15    0.03    0.05    0.14    0.26 ^ clkbuf_2_0__f_CLK/X (sky130_fd_sc_hd__clkbuf_16)
                                         clknet_2_0__leaf_CLK (net)
                  0.05    0.00    0.26 ^ _311_/CLK (sky130_fd_sc_hd__dfxtp_1)
     4    0.02    0.19    0.41    0.67 ^ _311_/Q (sky130_fd_sc_hd__dfxtp_1)
                                         x4.B (net)
                  0.19    0.00    0.67 ^ _128_/A (sky130_fd_sc_hd__xnor2_2)
     7    0.02    0.12    0.15    0.82 v _128_/Y (sky130_fd_sc_hd__xnor2_2)
                                         _079_ (net)
                  0.12    0.00    0.82 v _195_/A (sky130_fd_sc_hd__or4_1)
     3    0.01    0.11    0.58    1.40 v _195_/X (sky130_fd_sc_hd__or4_1)
                                         _017_ (net)
                  0.11    0.00    1.40 v _233_/B (sky130_fd_sc_hd__or3b_1)
     1    0.01    0.08    0.39    1.79 v _233_/X (sky130_fd_sc_hd__or3b_1)
                                         _051_ (net)
                  0.08    0.00    1.79 v _234_/B (sky130_fd_sc_hd__xnor2_1)
     1    0.01    0.17    0.18    1.98 ^ _234_/Y (sky130_fd_sc_hd__xnor2_1)
                                         _052_ (net)
                  0.17    0.00    1.98 ^ _235_/B (sky130_fd_sc_hd__xnor2_1)
     1    0.00    0.14    0.15    2.12 ^ _235_/Y (sky130_fd_sc_hd__xnor2_1)
                                         x88.Si (net)
                  0.14    0.00    2.12 ^ _282_/D (sky130_fd_sc_hd__dfxtp_1)
                                  2.12   data arrival time

                          4.93    4.93   clock core_clock (rise edge)
                          0.00    4.93   clock source latency
     1    0.01    0.00    0.00    4.93 ^ CLK (in)
                                         CLK (net)
                  0.00    0.00    4.93 ^ clkbuf_0_CLK/A (sky130_fd_sc_hd__clkbuf_16)
     4    0.03    0.05    0.12    5.05 ^ clkbuf_0_CLK/X (sky130_fd_sc_hd__clkbuf_16)
                                         clknet_0_CLK (net)
                  0.05    0.00    5.05 ^ clkbuf_2_2__f_CLK/A (sky130_fd_sc_hd__clkbuf_16)
    15    0.04    0.06    0.14    5.19 ^ clkbuf_2_2__f_CLK/X (sky130_fd_sc_hd__clkbuf_16)
                                         clknet_2_2__leaf_CLK (net)
                  0.06    0.00    5.20 ^ _282_/CLK (sky130_fd_sc_hd__dfxtp_1)
                          0.00    5.20   clock reconvergence pessimism
                         -0.07    5.12   library setup time
                                  5.12   data required time
-----------------------------------------------------------------------------
                                  5.12   data required time
                                 -2.12   data arrival time
-----------------------------------------------------------------------------
                                  3.00   slack (MET)


Startpoint: _310_ (rising edge-triggered flip-flop clocked by core_clock)
Endpoint: _279_ (rising edge-triggered flip-flop clocked by core_clock)
Path Group: core_clock
Path Type: max

Fanout     Cap    Slew   Delay    Time   Description
-----------------------------------------------------------------------------
                          0.00    0.00   clock core_clock (rise edge)
                          0.00    0.00   clock source latency
     1    0.01    0.00    0.00    0.00 ^ CLK (in)
                                         CLK (net)
                  0.00    0.00    0.00 ^ clkbuf_0_CLK/A (sky130_fd_sc_hd__clkbuf_16)
     4    0.03    0.05    0.12    0.12 ^ clkbuf_0_CLK/X (sky130_fd_sc_hd__clkbuf_16)
                                         clknet_0_CLK (net)
                  0.05    0.00    0.12 ^ clkbuf_2_0__f_CLK/A (sky130_fd_sc_hd__clkbuf_16)
    15    0.03    0.05    0.14    0.26 ^ clkbuf_2_0__f_CLK/X (sky130_fd_sc_hd__clkbuf_16)
                                         clknet_2_0__leaf_CLK (net)
                  0.05    0.00    0.26 ^ _310_/CLK (sky130_fd_sc_hd__dfxtp_1)
     4    0.02    0.15    0.39    0.64 ^ _310_/Q (sky130_fd_sc_hd__dfxtp_1)
                                         x3.B (net)
                  0.15    0.00    0.64 ^ _132_/A (sky130_fd_sc_hd__xnor2_1)
     4    0.01    0.10    0.13    0.78 v _132_/Y (sky130_fd_sc_hd__xnor2_1)
                                         _083_ (net)
                  0.10    0.00    0.78 v _136_/A (sky130_fd_sc_hd__or4_4)
     6    0.02    0.11    0.59    1.37 v _136_/X (sky130_fd_sc_hd__or4_4)
                                         _087_ (net)
                  0.11    0.00    1.37 v _137_/C (sky130_fd_sc_hd__or3_1)
     2    0.01    0.08    0.35    1.71 v _137_/X (sky130_fd_sc_hd__or3_1)
                                         _088_ (net)
                  0.08    0.00    1.71 v _147_/A (sky130_fd_sc_hd__and3_1)
     3    0.01    0.07    0.19    1.90 v _147_/X (sky130_fd_sc_hd__and3_1)
                                         _098_ (net)
                  0.07    0.00    1.90 v _240_/A (sky130_fd_sc_hd__xor2_1)
     1    0.00    0.08    0.17    2.07 v _240_/X (sky130_fd_sc_hd__xor2_1)
                                         x91.Si (net)
                  0.08    0.00    2.07 v _279_/D (sky130_fd_sc_hd__dfxtp_1)
                                  2.07   data arrival time

                          4.93    4.93   clock core_clock (rise edge)
                          0.00    4.93   clock source latency
     1    0.01    0.00    0.00    4.93 ^ CLK (in)
                                         CLK (net)
                  0.00    0.00    4.93 ^ clkbuf_0_CLK/A (sky130_fd_sc_hd__clkbuf_16)
     4    0.03    0.05    0.12    5.05 ^ clkbuf_0_CLK/X (sky130_fd_sc_hd__clkbuf_16)
                                         clknet_0_CLK (net)
                  0.05    0.00    5.05 ^ clkbuf_2_2__f_CLK/A (sky130_fd_sc_hd__clkbuf_16)
    15    0.04    0.06    0.14    5.19 ^ clkbuf_2_2__f_CLK/X (sky130_fd_sc_hd__clkbuf_16)
                                         clknet_2_2__leaf_CLK (net)
                  0.06    0.00    5.20 ^ _279_/CLK (sky130_fd_sc_hd__dfxtp_1)
                          0.00    5.20   clock reconvergence pessimism
                         -0.12    5.07   library setup time
                                  5.07   data required time
-----------------------------------------------------------------------------
                                  5.07   data required time
                                 -2.07   data arrival time
-----------------------------------------------------------------------------
                                  3.01   slack (MET)


Startpoint: _310_ (rising edge-triggered flip-flop clocked by core_clock)
Endpoint: _280_ (rising edge-triggered flip-flop clocked by core_clock)
Path Group: core_clock
Path Type: max

Fanout     Cap    Slew   Delay    Time   Description
-----------------------------------------------------------------------------
                          0.00    0.00   clock core_clock (rise edge)
                          0.00    0.00   clock source latency
     1    0.01    0.00    0.00    0.00 ^ CLK (in)
                                         CLK (net)
                  0.00    0.00    0.00 ^ clkbuf_0_CLK/A (sky130_fd_sc_hd__clkbuf_16)
     4    0.03    0.05    0.12    0.12 ^ clkbuf_0_CLK/X (sky130_fd_sc_hd__clkbuf_16)
                                         clknet_0_CLK (net)
                  0.05    0.00    0.12 ^ clkbuf_2_0__f_CLK/A (sky130_fd_sc_hd__clkbuf_16)
    15    0.03    0.05    0.14    0.26 ^ clkbuf_2_0__f_CLK/X (sky130_fd_sc_hd__clkbuf_16)
                                         clknet_2_0__leaf_CLK (net)
                  0.05    0.00    0.26 ^ _310_/CLK (sky130_fd_sc_hd__dfxtp_1)
     4    0.02    0.15    0.39    0.64 ^ _310_/Q (sky130_fd_sc_hd__dfxtp_1)
                                         x3.B (net)
                  0.15    0.00    0.64 ^ _132_/A (sky130_fd_sc_hd__xnor2_1)
     4    0.01    0.10    0.13    0.78 v _132_/Y (sky130_fd_sc_hd__xnor2_1)
                                         _083_ (net)
                  0.10    0.00    0.78 v _136_/A (sky130_fd_sc_hd__or4_4)
     6    0.02    0.11    0.59    1.37 v _136_/X (sky130_fd_sc_hd__or4_4)
                                         _087_ (net)
                  0.11    0.00    1.37 v _221_/A2 (sky130_fd_sc_hd__o31a_1)
     2    0.01    0.06    0.31    1.68 v _221_/X (sky130_fd_sc_hd__o31a_1)
                                         _041_ (net)
                  0.06    0.00    1.68 v _238_/C (sky130_fd_sc_hd__and3_1)
     1    0.01    0.05    0.19    1.88 v _238_/X (sky130_fd_sc_hd__and3_1)
                                         _054_ (net)
                  0.05    0.00    1.88 v _239_/B (sky130_fd_sc_hd__xor2_1)
     1    0.00    0.07    0.15    2.02 v _239_/X (sky130_fd_sc_hd__xor2_1)
                                         x90.Si (net)
                  0.07    0.00    2.02 v _280_/D (sky130_fd_sc_hd__dfxtp_1)
                                  2.02   data arrival time

                          4.93    4.93   clock core_clock (rise edge)
                          0.00    4.93   clock source latency
     1    0.01    0.00    0.00    4.93 ^ CLK (in)
                                         CLK (net)
                  0.00    0.00    4.93 ^ clkbuf_0_CLK/A (sky130_fd_sc_hd__clkbuf_16)
     4    0.03    0.05    0.12    5.05 ^ clkbuf_0_CLK/X (sky130_fd_sc_hd__clkbuf_16)
                                         clknet_0_CLK (net)
                  0.05    0.00    5.05 ^ clkbuf_2_0__f_CLK/A (sky130_fd_sc_hd__clkbuf_16)
    15    0.03    0.05    0.14    5.19 ^ clkbuf_2_0__f_CLK/X (sky130_fd_sc_hd__clkbuf_16)
                                         clknet_2_0__leaf_CLK (net)
                  0.05    0.00    5.19 ^ _280_/CLK (sky130_fd_sc_hd__dfxtp_1)
                          0.00    5.19   clock reconvergence pessimism
                         -0.12    5.07   library setup time
                                  5.07   data required time
-----------------------------------------------------------------------------
                                  5.07   data required time
                                 -2.02   data arrival time
-----------------------------------------------------------------------------
                                  3.05   slack (MET)


Startpoint: _310_ (rising edge-triggered flip-flop clocked by core_clock)
Endpoint: _278_ (rising edge-triggered flip-flop clocked by core_clock)
Path Group: core_clock
Path Type: max

Fanout     Cap    Slew   Delay    Time   Description
-----------------------------------------------------------------------------
                          0.00    0.00   clock core_clock (rise edge)
                          0.00    0.00   clock source latency
     1    0.01    0.00    0.00    0.00 ^ CLK (in)
                                         CLK (net)
                  0.00    0.00    0.00 ^ clkbuf_0_CLK/A (sky130_fd_sc_hd__clkbuf_16)
     4    0.03    0.05    0.12    0.12 ^ clkbuf_0_CLK/X (sky130_fd_sc_hd__clkbuf_16)
                                         clknet_0_CLK (net)
                  0.05    0.00    0.12 ^ clkbuf_2_0__f_CLK/A (sky130_fd_sc_hd__clkbuf_16)
    15    0.03    0.05    0.14    0.26 ^ clkbuf_2_0__f_CLK/X (sky130_fd_sc_hd__clkbuf_16)
                                         clknet_2_0__leaf_CLK (net)
                  0.05    0.00    0.26 ^ _310_/CLK (sky130_fd_sc_hd__dfxtp_1)
     4    0.02    0.15    0.39    0.64 ^ _310_/Q (sky130_fd_sc_hd__dfxtp_1)
                                         x3.B (net)
                  0.15    0.00    0.64 ^ _132_/A (sky130_fd_sc_hd__xnor2_1)
     4    0.01    0.10    0.13    0.78 v _132_/Y (sky130_fd_sc_hd__xnor2_1)
                                         _083_ (net)
                  0.10    0.00    0.78 v _136_/A (sky130_fd_sc_hd__or4_4)
     6    0.02    0.11    0.59    1.37 v _136_/X (sky130_fd_sc_hd__or4_4)
                                         _087_ (net)
                  0.11    0.00    1.37 v _241_/B (sky130_fd_sc_hd__nor2_1)
     2    0.01    0.19    0.19    1.56 ^ _241_/Y (sky130_fd_sc_hd__nor2_1)
                                         _055_ (net)
                  0.19    0.00    1.56 ^ _242_/B (sky130_fd_sc_hd__xnor2_1)
     1    0.01    0.18    0.16    1.72 ^ _242_/Y (sky130_fd_sc_hd__xnor2_1)
                                         _056_ (net)
                  0.18    0.00    1.72 ^ _243_/B (sky130_fd_sc_hd__xnor2_1)
     1    0.01    0.16    0.16    1.88 ^ _243_/Y (sky130_fd_sc_hd__xnor2_1)
                                         x92.Si (net)
                  0.16    0.00    1.88 ^ _278_/D (sky130_fd_sc_hd__dfxtp_1)
                                  1.88   data arrival time

                          4.93    4.93   clock core_clock (rise edge)
                          0.00    4.93   clock source latency
     1    0.01    0.00    0.00    4.93 ^ CLK (in)
                                         CLK (net)
                  0.00    0.00    4.93 ^ clkbuf_0_CLK/A (sky130_fd_sc_hd__clkbuf_16)
     4    0.03    0.05    0.12    5.05 ^ clkbuf_0_CLK/X (sky130_fd_sc_hd__clkbuf_16)
                                         clknet_0_CLK (net)
                  0.05    0.00    5.05 ^ clkbuf_2_0__f_CLK/A (sky130_fd_sc_hd__clkbuf_16)
    15    0.03    0.05    0.14    5.19 ^ clkbuf_2_0__f_CLK/X (sky130_fd_sc_hd__clkbuf_16)
                                         clknet_2_0__leaf_CLK (net)
                  0.05    0.00    5.19 ^ _278_/CLK (sky130_fd_sc_hd__dfxtp_1)
                          0.00    5.19   clock reconvergence pessimism
                         -0.08    5.11   library setup time
                                  5.11   data required time
-----------------------------------------------------------------------------
                                  5.11   data required time
                                 -1.88   data arrival time
-----------------------------------------------------------------------------
                                  3.23   slack (MET)


Startpoint: _310_ (rising edge-triggered flip-flop clocked by core_clock)
Endpoint: _277_ (rising edge-triggered flip-flop clocked by core_clock)
Path Group: core_clock
Path Type: max

Fanout     Cap    Slew   Delay    Time   Description
-----------------------------------------------------------------------------
                          0.00    0.00   clock core_clock (rise edge)
                          0.00    0.00   clock source latency
     1    0.01    0.00    0.00    0.00 ^ CLK (in)
                                         CLK (net)
                  0.00    0.00    0.00 ^ clkbuf_0_CLK/A (sky130_fd_sc_hd__clkbuf_16)
     4    0.03    0.05    0.12    0.12 ^ clkbuf_0_CLK/X (sky130_fd_sc_hd__clkbuf_16)
                                         clknet_0_CLK (net)
                  0.05    0.00    0.12 ^ clkbuf_2_0__f_CLK/A (sky130_fd_sc_hd__clkbuf_16)
    15    0.03    0.05    0.14    0.26 ^ clkbuf_2_0__f_CLK/X (sky130_fd_sc_hd__clkbuf_16)
                                         clknet_2_0__leaf_CLK (net)
                  0.05    0.00    0.26 ^ _310_/CLK (sky130_fd_sc_hd__dfxtp_1)
     4    0.02    0.15    0.39    0.64 ^ _310_/Q (sky130_fd_sc_hd__dfxtp_1)
                                         x3.B (net)
                  0.15    0.00    0.64 ^ _132_/A (sky130_fd_sc_hd__xnor2_1)
     4    0.01    0.10    0.13    0.78 v _132_/Y (sky130_fd_sc_hd__xnor2_1)
                                         _083_ (net)
                  0.10    0.00    0.78 v _136_/A (sky130_fd_sc_hd__or4_4)
     6    0.02    0.11    0.59    1.37 v _136_/X (sky130_fd_sc_hd__or4_4)
                                         _087_ (net)
                  0.11    0.00    1.37 v _241_/B (sky130_fd_sc_hd__nor2_1)
     2    0.01    0.19    0.19    1.56 ^ _241_/Y (sky130_fd_sc_hd__nor2_1)
                                         _055_ (net)
                  0.19    0.00    1.56 ^ _247_/A (sky130_fd_sc_hd__nor2_1)
     1    0.01    0.06    0.09    1.64 v _247_/Y (sky130_fd_sc_hd__nor2_1)
                                         _060_ (net)
                  0.06    0.00    1.64 v _248_/B (sky130_fd_sc_hd__xnor2_1)
     1    0.00    0.05    0.13    1.77 v _248_/Y (sky130_fd_sc_hd__xnor2_1)
                                         x93.Si (net)
                  0.05    0.00    1.77 v _277_/D (sky130_fd_sc_hd__dfxtp_1)
                                  1.77   data arrival time

                          4.93    4.93   clock core_clock (rise edge)
                          0.00    4.93   clock source latency
     1    0.01    0.00    0.00    4.93 ^ CLK (in)
                                         CLK (net)
                  0.00    0.00    4.93 ^ clkbuf_0_CLK/A (sky130_fd_sc_hd__clkbuf_16)
     4    0.03    0.05    0.12    5.05 ^ clkbuf_0_CLK/X (sky130_fd_sc_hd__clkbuf_16)
                                         clknet_0_CLK (net)
                  0.05    0.00    5.05 ^ clkbuf_2_0__f_CLK/A (sky130_fd_sc_hd__clkbuf_16)
    15    0.03    0.05    0.14    5.19 ^ clkbuf_2_0__f_CLK/X (sky130_fd_sc_hd__clkbuf_16)
                                         clknet_2_0__leaf_CLK (net)
                  0.05    0.00    5.19 ^ _277_/CLK (sky130_fd_sc_hd__dfxtp_1)
                          0.00    5.19   clock reconvergence pessimism
                         -0.11    5.08   library setup time
                                  5.08   data required time
-----------------------------------------------------------------------------
                                  5.08   data required time
                                 -1.77   data arrival time
-----------------------------------------------------------------------------
                                  3.30   slack (MET)


Startpoint: _308_ (rising edge-triggered flip-flop clocked by core_clock)
Endpoint: _276_ (rising edge-triggered flip-flop clocked by core_clock)
Path Group: core_clock
Path Type: max

Fanout     Cap    Slew   Delay    Time   Description
-----------------------------------------------------------------------------
                          0.00    0.00   clock core_clock (rise edge)
                          0.00    0.00   clock source latency
     1    0.01    0.00    0.00    0.00 ^ CLK (in)
                                         CLK (net)
                  0.00    0.00    0.00 ^ clkbuf_0_CLK/A (sky130_fd_sc_hd__clkbuf_16)
     4    0.03    0.05    0.12    0.12 ^ clkbuf_0_CLK/X (sky130_fd_sc_hd__clkbuf_16)
                                         clknet_0_CLK (net)
                  0.05    0.00    0.12 ^ clkbuf_2_0__f_CLK/A (sky130_fd_sc_hd__clkbuf_16)
    15    0.03    0.05    0.14    0.26 ^ clkbuf_2_0__f_CLK/X (sky130_fd_sc_hd__clkbuf_16)
                                         clknet_2_0__leaf_CLK (net)
                  0.05    0.00    0.26 ^ _308_/CLK (sky130_fd_sc_hd__dfxtp_1)
     4    0.02    0.18    0.41    0.66 ^ _308_/Q (sky130_fd_sc_hd__dfxtp_1)
                                         x5.B (net)
                  0.18    0.00    0.66 ^ _134_/A (sky130_fd_sc_hd__xnor2_2)
     5    0.02    0.10    0.14    0.80 v _134_/Y (sky130_fd_sc_hd__xnor2_2)
                                         _085_ (net)
                  0.10    0.00    0.80 v _189_/B (sky130_fd_sc_hd__or3_1)
     2    0.01    0.08    0.38    1.18 v _189_/X (sky130_fd_sc_hd__or3_1)
                                         _011_ (net)
                  0.08    0.00    1.18 v _190_/B (sky130_fd_sc_hd__and2_1)
     2    0.01    0.06    0.19    1.38 v _190_/X (sky130_fd_sc_hd__and2_1)
                                         _012_ (net)
                  0.06    0.00    1.38 v _251_/A (sky130_fd_sc_hd__xnor2_1)
     1    0.01    0.17    0.20    1.58 ^ _251_/Y (sky130_fd_sc_hd__xnor2_1)
                                         x94.Si (net)
                  0.17    0.00    1.58 ^ _276_/D (sky130_fd_sc_hd__dfxtp_1)
                                  1.58   data arrival time

                          4.93    4.93   clock core_clock (rise edge)
                          0.00    4.93   clock source latency
     1    0.01    0.00    0.00    4.93 ^ CLK (in)
                                         CLK (net)
                  0.00    0.00    4.93 ^ clkbuf_0_CLK/A (sky130_fd_sc_hd__clkbuf_16)
     4    0.03    0.05    0.12    5.05 ^ clkbuf_0_CLK/X (sky130_fd_sc_hd__clkbuf_16)
                                         clknet_0_CLK (net)
                  0.05    0.00    5.05 ^ clkbuf_2_0__f_CLK/A (sky130_fd_sc_hd__clkbuf_16)
    15    0.03    0.05    0.14    5.19 ^ clkbuf_2_0__f_CLK/X (sky130_fd_sc_hd__clkbuf_16)
                                         clknet_2_0__leaf_CLK (net)
                  0.05    0.00    5.19 ^ _276_/CLK (sky130_fd_sc_hd__dfxtp_1)
                          0.00    5.19   clock reconvergence pessimism
                         -0.08    5.10   library setup time
                                  5.10   data required time
-----------------------------------------------------------------------------
                                  5.10   data required time
                                 -1.58   data arrival time
-----------------------------------------------------------------------------
                                  3.53   slack (MET)


Startpoint: _306_ (rising edge-triggered flip-flop clocked by core_clock)
Endpoint: _275_ (rising edge-triggered flip-flop clocked by core_clock)
Path Group: core_clock
Path Type: max

Fanout     Cap    Slew   Delay    Time   Description
-----------------------------------------------------------------------------
                          0.00    0.00   clock core_clock (rise edge)
                          0.00    0.00   clock source latency
     1    0.01    0.00    0.00    0.00 ^ CLK (in)
                                         CLK (net)
                  0.00    0.00    0.00 ^ clkbuf_0_CLK/A (sky130_fd_sc_hd__clkbuf_16)
     4    0.03    0.05    0.12    0.12 ^ clkbuf_0_CLK/X (sky130_fd_sc_hd__clkbuf_16)
                                         clknet_0_CLK (net)
                  0.05    0.00    0.12 ^ clkbuf_2_0__f_CLK/A (sky130_fd_sc_hd__clkbuf_16)
    15    0.03    0.05    0.14    0.26 ^ clkbuf_2_0__f_CLK/X (sky130_fd_sc_hd__clkbuf_16)
                                         clknet_2_0__leaf_CLK (net)
                  0.05    0.00    0.26 ^ _306_/CLK (sky130_fd_sc_hd__dfxtp_1)
     3    0.01    0.06    0.32    0.58 v _306_/Q (sky130_fd_sc_hd__dfxtp_1)
                                         x7.B (net)
                  0.06    0.00    0.58 v _130_/A (sky130_fd_sc_hd__or2_1)
     3    0.01    0.10    0.28    0.86 v _130_/X (sky130_fd_sc_hd__or2_1)
                                         _081_ (net)
                  0.10    0.00    0.86 v _252_/C (sky130_fd_sc_hd__and3_1)
     2    0.01    0.05    0.21    1.08 v _252_/X (sky130_fd_sc_hd__and3_1)
                                         _063_ (net)
                  0.05    0.00    1.08 v _253_/A1 (sky130_fd_sc_hd__o21ba_1)
     1    0.01    0.05    0.20    1.27 v _253_/X (sky130_fd_sc_hd__o21ba_1)
                                         _064_ (net)
                  0.05    0.00    1.27 v _254_/B (sky130_fd_sc_hd__xnor2_1)
     1    0.00    0.06    0.12    1.39 v _254_/Y (sky130_fd_sc_hd__xnor2_1)
                                         x95.Si (net)
                  0.06    0.00    1.39 v _275_/D (sky130_fd_sc_hd__dfxtp_1)
                                  1.39   data arrival time

                          4.93    4.93   clock core_clock (rise edge)
                          0.00    4.93   clock source latency
     1    0.01    0.00    0.00    4.93 ^ CLK (in)
                                         CLK (net)
                  0.00    0.00    4.93 ^ clkbuf_0_CLK/A (sky130_fd_sc_hd__clkbuf_16)
     4    0.03    0.05    0.12    5.05 ^ clkbuf_0_CLK/X (sky130_fd_sc_hd__clkbuf_16)
                                         clknet_0_CLK (net)
                  0.05    0.00    5.05 ^ clkbuf_2_0__f_CLK/A (sky130_fd_sc_hd__clkbuf_16)
    15    0.03    0.05    0.14    5.19 ^ clkbuf_2_0__f_CLK/X (sky130_fd_sc_hd__clkbuf_16)
                                         clknet_2_0__leaf_CLK (net)
                  0.05    0.00    5.19 ^ _275_/CLK (sky130_fd_sc_hd__dfxtp_1)
                          0.00    5.19   clock reconvergence pessimism
                         -0.12    5.07   library setup time
                                  5.07   data required time
-----------------------------------------------------------------------------
                                  5.07   data required time
                                 -1.39   data arrival time
-----------------------------------------------------------------------------
                                  3.68   slack (MET)


Startpoint: _306_ (rising edge-triggered flip-flop clocked by core_clock)
Endpoint: _274_ (rising edge-triggered flip-flop clocked by core_clock)
Path Group: core_clock
Path Type: max

Fanout     Cap    Slew   Delay    Time   Description
-----------------------------------------------------------------------------
                          0.00    0.00   clock core_clock (rise edge)
                          0.00    0.00   clock source latency
     1    0.01    0.00    0.00    0.00 ^ CLK (in)
                                         CLK (net)
                  0.00    0.00    0.00 ^ clkbuf_0_CLK/A (sky130_fd_sc_hd__clkbuf_16)
     4    0.03    0.05    0.12    0.12 ^ clkbuf_0_CLK/X (sky130_fd_sc_hd__clkbuf_16)
                                         clknet_0_CLK (net)
                  0.05    0.00    0.12 ^ clkbuf_2_0__f_CLK/A (sky130_fd_sc_hd__clkbuf_16)
    15    0.03    0.05    0.14    0.26 ^ clkbuf_2_0__f_CLK/X (sky130_fd_sc_hd__clkbuf_16)
                                         clknet_2_0__leaf_CLK (net)
                  0.05    0.00    0.26 ^ _306_/CLK (sky130_fd_sc_hd__dfxtp_1)
     3    0.01    0.06    0.32    0.58 v _306_/Q (sky130_fd_sc_hd__dfxtp_1)
                                         x7.B (net)
                  0.06    0.00    0.58 v _130_/A (sky130_fd_sc_hd__or2_1)
     3    0.01    0.10    0.28    0.86 v _130_/X (sky130_fd_sc_hd__or2_1)
                                         _081_ (net)
                  0.10    0.00    0.86 v _131_/C (sky130_fd_sc_hd__nand3_4)
     8    0.03    0.12    0.14    1.01 ^ _131_/Y (sky130_fd_sc_hd__nand3_4)
                                         _082_ (net)
                  0.12    0.00    1.01 ^ _232_/B (sky130_fd_sc_hd__nand2_1)
     2    0.01    0.08    0.11    1.11 v _232_/Y (sky130_fd_sc_hd__nand2_1)
                                         _050_ (net)
                  0.08    0.00    1.11 v _255_/B (sky130_fd_sc_hd__xnor2_1)
     1    0.00    0.07    0.13    1.25 v _255_/Y (sky130_fd_sc_hd__xnor2_1)
                                         x96.Si (net)
                  0.07    0.00    1.25 v _274_/D (sky130_fd_sc_hd__dfxtp_1)
                                  1.25   data arrival time

                          4.93    4.93   clock core_clock (rise edge)
                          0.00    4.93   clock source latency
     1    0.01    0.00    0.00    4.93 ^ CLK (in)
                                         CLK (net)
                  0.00    0.00    4.93 ^ clkbuf_0_CLK/A (sky130_fd_sc_hd__clkbuf_16)
     4    0.03    0.05    0.12    5.05 ^ clkbuf_0_CLK/X (sky130_fd_sc_hd__clkbuf_16)
                                         clknet_0_CLK (net)
                  0.05    0.00    5.05 ^ clkbuf_2_1__f_CLK/A (sky130_fd_sc_hd__clkbuf_16)
    12    0.04    0.06    0.14    5.19 ^ clkbuf_2_1__f_CLK/X (sky130_fd_sc_hd__clkbuf_16)
                                         clknet_2_1__leaf_CLK (net)
                  0.06    0.00    5.20 ^ _274_/CLK (sky130_fd_sc_hd__dfxtp_1)
                          0.00    5.20   clock reconvergence pessimism
                         -0.12    5.08   library setup time
                                  5.08   data required time
-----------------------------------------------------------------------------
                                  5.08   data required time
                                 -1.25   data arrival time
-----------------------------------------------------------------------------
                                  3.83   slack (MET)


Startpoint: _306_ (rising edge-triggered flip-flop clocked by core_clock)
Endpoint: _273_ (rising edge-triggered flip-flop clocked by core_clock)
Path Group: core_clock
Path Type: max

Fanout     Cap    Slew   Delay    Time   Description
-----------------------------------------------------------------------------
                          0.00    0.00   clock core_clock (rise edge)
                          0.00    0.00   clock source latency
     1    0.01    0.00    0.00    0.00 ^ CLK (in)
                                         CLK (net)
                  0.00    0.00    0.00 ^ clkbuf_0_CLK/A (sky130_fd_sc_hd__clkbuf_16)
     4    0.03    0.05    0.12    0.12 ^ clkbuf_0_CLK/X (sky130_fd_sc_hd__clkbuf_16)
                                         clknet_0_CLK (net)
                  0.05    0.00    0.12 ^ clkbuf_2_0__f_CLK/A (sky130_fd_sc_hd__clkbuf_16)
    15    0.03    0.05    0.14    0.26 ^ clkbuf_2_0__f_CLK/X (sky130_fd_sc_hd__clkbuf_16)
                                         clknet_2_0__leaf_CLK (net)
                  0.05    0.00    0.26 ^ _306_/CLK (sky130_fd_sc_hd__dfxtp_1)
     3    0.01    0.06    0.32    0.58 v _306_/Q (sky130_fd_sc_hd__dfxtp_1)
                                         x7.B (net)
                  0.06    0.00    0.58 v _130_/A (sky130_fd_sc_hd__or2_1)
     3    0.01    0.10    0.28    0.86 v _130_/X (sky130_fd_sc_hd__or2_1)
                                         _081_ (net)
                  0.10    0.00    0.86 v _252_/C (sky130_fd_sc_hd__and3_1)
     2    0.01    0.05    0.21    1.08 v _252_/X (sky130_fd_sc_hd__and3_1)
                                         _063_ (net)
                  0.05    0.00    1.08 v _257_/A (sky130_fd_sc_hd__nor2_1)
     1    0.00    0.08    0.11    1.18 ^ _257_/Y (sky130_fd_sc_hd__nor2_1)
                                         x97.Si (net)
                  0.08    0.00    1.18 ^ _273_/D (sky130_fd_sc_hd__dfxtp_1)
                                  1.18   data arrival time

                          4.93    4.93   clock core_clock (rise edge)
                          0.00    4.93   clock source latency
     1    0.01    0.00    0.00    4.93 ^ CLK (in)
                                         CLK (net)
                  0.00    0.00    4.93 ^ clkbuf_0_CLK/A (sky130_fd_sc_hd__clkbuf_16)
     4    0.03    0.05    0.12    5.05 ^ clkbuf_0_CLK/X (sky130_fd_sc_hd__clkbuf_16)
                                         clknet_0_CLK (net)
                  0.05    0.00    5.05 ^ clkbuf_2_0__f_CLK/A (sky130_fd_sc_hd__clkbuf_16)
    15    0.03    0.05    0.14    5.19 ^ clkbuf_2_0__f_CLK/X (sky130_fd_sc_hd__clkbuf_16)
                                         clknet_2_0__leaf_CLK (net)
                  0.05    0.00    5.19 ^ _273_/CLK (sky130_fd_sc_hd__dfxtp_1)
                          0.00    5.19   clock reconvergence pessimism
                         -0.06    5.12   library setup time
                                  5.12   data required time
-----------------------------------------------------------------------------
                                  5.12   data required time
                                 -1.18   data arrival time
-----------------------------------------------------------------------------
                                  3.94   slack (MET)



worst slack corner Typical: 2.6646
