OpenROAD b16bda7e82721d10566ff7e2b68f1ff0be9f9e38 
Features included (+) or not (-): +Charts +GPU +GUI +Python
This program is licensed under the BSD-3 license. See the LICENSE file for details.
Components of this program may be licensed under more restrictive licenses which must be honored.
define_corners Typical
read_liberty -corner Typical /volare/sky130A/libs.ref/sky130_fd_sc_hd/lib/sky130_fd_sc_hd__tt_025C_1v80.lib
Using 1e-12 for capacitance...
Using 1e+03 for resistance...
Using 1e-09 for time...
Using 1e+00 for voltage...
Using 1e-03 for current...
Using 1e-09 for power...
Using 1e-06 for distance...
[INFO]: Reading ODB at '/openlane/designs/ksa/runs/auto_pnr/tmp/routing/22-fill.odb'…
Reading design constraints file at '/openlane/designs/ksa/src/ksa.sdc'…
[INFO ORD-0030] Using 2 thread(s).
[INFO DRT-0149] Reading tech and libs.
[WARNING DRT-0349] LEF58_ENCLOSURE with no CUTCLASS is not supported. Skipping for layer mcon
[WARNING DRT-0349] LEF58_ENCLOSURE with no CUTCLASS is not supported. Skipping for layer mcon
[WARNING DRT-0349] LEF58_ENCLOSURE with no CUTCLASS is not supported. Skipping for layer via
[WARNING DRT-0349] LEF58_ENCLOSURE with no CUTCLASS is not supported. Skipping for layer via
[WARNING DRT-0349] LEF58_ENCLOSURE with no CUTCLASS is not supported. Skipping for layer via2
[WARNING DRT-0349] LEF58_ENCLOSURE with no CUTCLASS is not supported. Skipping for layer via2
[WARNING DRT-0349] LEF58_ENCLOSURE with no CUTCLASS is not supported. Skipping for layer via3
[WARNING DRT-0349] LEF58_ENCLOSURE with no CUTCLASS is not supported. Skipping for layer via3
[WARNING DRT-0349] LEF58_ENCLOSURE with no CUTCLASS is not supported. Skipping for layer via4
[WARNING DRT-0349] LEF58_ENCLOSURE with no CUTCLASS is not supported. Skipping for layer via4

Units:                1000
Number of layers:     13
Number of macros:     441
Number of vias:       29
Number of viarulegen: 25

[INFO DRT-0150] Reading design.

Design:                   ksa
Die area:                 ( 0 0 ) ( 83200 93920 )
Number of track patterns: 12
Number of DEF vias:       0
Number of components:     705
Number of terminals:      53
Number of snets:          2
Number of nets:           284

[INFO DRT-0167] List of default vias:
  Layer via
    default via: M1M2_PR
  Layer via2
    default via: M2M3_PR
  Layer via3
    default via: M3M4_PR
  Layer via4
    default via: M4M5_PR
[INFO DRT-0162] Library cell analysis.
[INFO DRT-0163] Instance analysis.
[INFO DRT-0164] Number of unique instances = 97.
[INFO DRT-0168] Init region query.
[INFO DRT-0024]   Complete FR_MASTERSLICE.
[INFO DRT-0024]   Complete Fr_VIA.
[INFO DRT-0024]   Complete li1.
[INFO DRT-0024]   Complete mcon.
[INFO DRT-0024]   Complete met1.
[INFO DRT-0024]   Complete via.
[INFO DRT-0024]   Complete met2.
[INFO DRT-0024]   Complete via2.
[INFO DRT-0024]   Complete met3.
[INFO DRT-0024]   Complete via3.
[INFO DRT-0024]   Complete met4.
[INFO DRT-0024]   Complete via4.
[INFO DRT-0024]   Complete met5.
[INFO DRT-0033] FR_MASTERSLICE shape region query size = 0.
[INFO DRT-0033] FR_VIA shape region query size = 0.
[INFO DRT-0033] li1 shape region query size = 10574.
[INFO DRT-0033] mcon shape region query size = 1872.
[INFO DRT-0033] met1 shape region query size = 1969.
[INFO DRT-0033] via shape region query size = 540.
[INFO DRT-0033] met2 shape region query size = 356.
[INFO DRT-0033] via2 shape region query size = 432.
[INFO DRT-0033] met3 shape region query size = 343.
[INFO DRT-0033] via3 shape region query size = 432.
[INFO DRT-0033] met4 shape region query size = 156.
[INFO DRT-0033] via4 shape region query size = 32.
[INFO DRT-0033] met5 shape region query size = 48.
[INFO DRT-0165] Start pin access.
[INFO DRT-0078]   Complete 283 pins.
[INFO DRT-0081]   Complete 79 unique inst patterns.
[INFO DRT-0084]   Complete 160 groups.
#scanned instances     = 705
#unique  instances     = 97
#stdCellGenAp          = 2258
#stdCellValidPlanarAp  = 0
#stdCellValidViaAp     = 1701
#stdCellPinNoAp        = 0
#stdCellPinCnt         = 803
#instTermValidViaApCnt = 0
#macroGenAp            = 0
#macroValidPlanarAp    = 0
#macroValidViaAp       = 0
#macroNoAp             = 0
[INFO DRT-0166] Complete pin access.
[INFO DRT-0267] cpu time = 00:00:06, elapsed time = 00:00:01, memory = 114.91 (MB), peak = 115.10 (MB)

Number of guides:     1686

[INFO DRT-0169] Post process guides.
[INFO DRT-0176] GCELLGRID X 0 DO 12 STEP 6900 ;
[INFO DRT-0177] GCELLGRID Y 0 DO 13 STEP 6900 ;
[INFO DRT-0028]   Complete FR_MASTERSLICE.
[INFO DRT-0028]   Complete Fr_VIA.
[INFO DRT-0028]   Complete li1.
[INFO DRT-0028]   Complete mcon.
[INFO DRT-0028]   Complete met1.
[INFO DRT-0028]   Complete via.
[INFO DRT-0028]   Complete met2.
[INFO DRT-0028]   Complete via2.
[INFO DRT-0028]   Complete met3.
[INFO DRT-0028]   Complete via3.
[INFO DRT-0028]   Complete met4.
[INFO DRT-0028]   Complete via4.
[INFO DRT-0028]   Complete met5.
[INFO DRT-0178] Init guide query.
[INFO DRT-0035]   Complete FR_MASTERSLICE (guide).
[INFO DRT-0035]   Complete Fr_VIA (guide).
[INFO DRT-0035]   Complete li1 (guide).
[INFO DRT-0035]   Complete mcon (guide).
[INFO DRT-0035]   Complete met1 (guide).
[INFO DRT-0035]   Complete via (guide).
[INFO DRT-0035]   Complete met2 (guide).
[INFO DRT-0035]   Complete via2 (guide).
[INFO DRT-0035]   Complete met3 (guide).
[INFO DRT-0035]   Complete via3 (guide).
[INFO DRT-0035]   Complete met4 (guide).
[INFO DRT-0035]   Complete via4 (guide).
[INFO DRT-0035]   Complete met5 (guide).
[INFO DRT-0036] FR_MASTERSLICE guide region query size = 0.
[INFO DRT-0036] FR_VIA guide region query size = 0.
[INFO DRT-0036] li1 guide region query size = 623.
[INFO DRT-0036] mcon guide region query size = 0.
[INFO DRT-0036] met1 guide region query size = 477.
[INFO DRT-0036] via guide region query size = 0.
[INFO DRT-0036] met2 guide region query size = 254.
[INFO DRT-0036] via2 guide region query size = 0.
[INFO DRT-0036] met3 guide region query size = 23.
[INFO DRT-0036] via3 guide region query size = 0.
[INFO DRT-0036] met4 guide region query size = 3.
[INFO DRT-0036] via4 guide region query size = 0.
[INFO DRT-0036] met5 guide region query size = 0.
[INFO DRT-0179] Init gr pin query.
[INFO DRT-0245] skipped writing guide updates to database.
[INFO DRT-0185] Post process initialize RPin region query.
[INFO DRT-0181] Start track assignment.
[INFO DRT-0184] Done with 880 vertical wires in 1 frboxes and 500 horizontal wires in 1 frboxes.
[INFO DRT-0186] Done with 110 vertical wires in 1 frboxes and 117 horizontal wires in 1 frboxes.
[INFO DRT-0182] Complete track assignment.
[INFO DRT-0267] cpu time = 00:00:00, elapsed time = 00:00:00, memory = 121.47 (MB), peak = 121.47 (MB)
[INFO DRT-0187] Start routing data preparation.
[INFO DRT-0267] cpu time = 00:00:00, elapsed time = 00:00:00, memory = 121.47 (MB), peak = 121.47 (MB)
[INFO DRT-0194] Start detail routing.
[INFO DRT-0195] Start 0th optimization iteration.
    Completing 10% with 0 violations.
    elapsed time = 00:00:00, memory = 129.78 (MB).
    Completing 20% with 18 violations.
    elapsed time = 00:00:01, memory = 139.53 (MB).
    Completing 30% with 34 violations.
    elapsed time = 00:00:01, memory = 139.53 (MB).
    Completing 40% with 36 violations.
    elapsed time = 00:00:01, memory = 139.53 (MB).
[INFO DRT-0199]   Number of violations = 64.
Viol/Layer         li1   met1   met2   met3
Metal Spacing        2     11      4      3
Recheck              0      7      6      0
Short                0     29      2      0
[INFO DRT-0267] cpu time = 00:00:02, elapsed time = 00:00:01, memory = 483.03 (MB), peak = 483.03 (MB)
Total wire length = 5288 um.
Total wire length on LAYER li1 = 0 um.
Total wire length on LAYER met1 = 2332 um.
Total wire length on LAYER met2 = 2766 um.
Total wire length on LAYER met3 = 149 um.
Total wire length on LAYER met4 = 40 um.
Total wire length on LAYER met5 = 0 um.
Total number of vias = 1617.
Up-via summary (total 1617):

-----------------------
 FR_MASTERSLICE       0
            li1     803
           met1     789
           met2      21
           met3       4
           met4       0
-----------------------
                   1617


[INFO DRT-0195] Start 1st optimization iteration.
    Completing 10% with 64 violations.
    elapsed time = 00:00:00, memory = 483.03 (MB).
    Completing 20% with 64 violations.
    elapsed time = 00:00:00, memory = 483.03 (MB).
    Completing 30% with 86 violations.
    elapsed time = 00:00:00, memory = 483.03 (MB).
    Completing 40% with 84 violations.
    elapsed time = 00:00:00, memory = 483.03 (MB).
    Completing 50% with 84 violations.
    elapsed time = 00:00:00, memory = 483.03 (MB).
    Completing 60% with 97 violations.
    elapsed time = 00:00:01, memory = 483.03 (MB).
[INFO DRT-0199]   Number of violations = 64.
Viol/Layer        met1   met2
Metal Spacing        8      3
Short               51      2
[INFO DRT-0267] cpu time = 00:00:01, elapsed time = 00:00:01, memory = 483.22 (MB), peak = 483.22 (MB)
Total wire length = 5255 um.
Total wire length on LAYER li1 = 0 um.
Total wire length on LAYER met1 = 2354 um.
Total wire length on LAYER met2 = 2694 um.
Total wire length on LAYER met3 = 166 um.
Total wire length on LAYER met4 = 39 um.
Total wire length on LAYER met5 = 0 um.
Total number of vias = 1603.
Up-via summary (total 1603):

-----------------------
 FR_MASTERSLICE       0
            li1     803
           met1     770
           met2      26
           met3       4
           met4       0
-----------------------
                   1603


[INFO DRT-0195] Start 2nd optimization iteration.
    Completing 10% with 64 violations.
    elapsed time = 00:00:00, memory = 483.22 (MB).
    Completing 20% with 64 violations.
    elapsed time = 00:00:00, memory = 483.22 (MB).
    Completing 30% with 64 violations.
    elapsed time = 00:00:00, memory = 483.22 (MB).
    Completing 40% with 64 violations.
    elapsed time = 00:00:00, memory = 483.22 (MB).
    Completing 50% with 64 violations.
    elapsed time = 00:00:00, memory = 483.22 (MB).
    Completing 60% with 64 violations.
    elapsed time = 00:00:00, memory = 483.22 (MB).
    Completing 70% with 64 violations.
    elapsed time = 00:00:00, memory = 483.22 (MB).
    Completing 80% with 64 violations.
    elapsed time = 00:00:00, memory = 491.09 (MB).
    Completing 90% with 64 violations.
    elapsed time = 00:00:01, memory = 501.67 (MB).
    Completing 100% with 33 violations.
    elapsed time = 00:00:01, memory = 501.67 (MB).
[INFO DRT-0199]   Number of violations = 33.
Viol/Layer        met1   met2
Metal Spacing        4      3
Short               25      1
[INFO DRT-0267] cpu time = 00:00:02, elapsed time = 00:00:01, memory = 501.67 (MB), peak = 519.59 (MB)
Total wire length = 5245 um.
Total wire length on LAYER li1 = 0 um.
Total wire length on LAYER met1 = 2359 um.
Total wire length on LAYER met2 = 2668 um.
Total wire length on LAYER met3 = 164 um.
Total wire length on LAYER met4 = 53 um.
Total wire length on LAYER met5 = 0 um.
Total number of vias = 1597.
Up-via summary (total 1597):

-----------------------
 FR_MASTERSLICE       0
            li1     803
           met1     764
           met2      25
           met3       5
           met4       0
-----------------------
                   1597


[INFO DRT-0195] Start 3rd optimization iteration.
    Completing 10% with 33 violations.
    elapsed time = 00:00:00, memory = 518.36 (MB).
    Completing 20% with 18 violations.
    elapsed time = 00:00:00, memory = 518.36 (MB).
    Completing 30% with 2 violations.
    elapsed time = 00:00:00, memory = 518.36 (MB).
    Completing 40% with 2 violations.
    elapsed time = 00:00:00, memory = 518.36 (MB).
[INFO DRT-0199]   Number of violations = 0.
[INFO DRT-0267] cpu time = 00:00:01, elapsed time = 00:00:00, memory = 518.36 (MB), peak = 519.59 (MB)
Total wire length = 5250 um.
Total wire length on LAYER li1 = 0 um.
Total wire length on LAYER met1 = 2270 um.
Total wire length on LAYER met2 = 2665 um.
Total wire length on LAYER met3 = 245 um.
Total wire length on LAYER met4 = 69 um.
Total wire length on LAYER met5 = 0 um.
Total number of vias = 1624.
Up-via summary (total 1624):

-----------------------
 FR_MASTERSLICE       0
            li1     803
           met1     772
           met2      41
           met3       8
           met4       0
-----------------------
                   1624


[INFO DRT-0198] Complete detail routing.
Total wire length = 5250 um.
Total wire length on LAYER li1 = 0 um.
Total wire length on LAYER met1 = 2270 um.
Total wire length on LAYER met2 = 2665 um.
Total wire length on LAYER met3 = 245 um.
Total wire length on LAYER met4 = 69 um.
Total wire length on LAYER met5 = 0 um.
Total number of vias = 1624.
Up-via summary (total 1624):

-----------------------
 FR_MASTERSLICE       0
            li1     803
           met1     772
           met2      41
           met3       8
           met4       0
-----------------------
                   1624


[INFO DRT-0267] cpu time = 00:00:07, elapsed time = 00:00:04, memory = 518.36 (MB), peak = 519.59 (MB)

[INFO DRT-0180] Post processing.
Setting global connections for newly added cells…
Writing OpenROAD database to '/openlane/designs/ksa/runs/auto_pnr/results/routing/ksa.odb'…
Writing netlist to '/openlane/designs/ksa/runs/auto_pnr/results/routing/ksa.nl.v'…
Writing powered netlist to '/openlane/designs/ksa/runs/auto_pnr/results/routing/ksa.pnl.v'…
Writing layout to '/openlane/designs/ksa/runs/auto_pnr/results/routing/ksa.def'…
