Thu Oct 23 11:57:35 +0000 2025 - Executing "{openroad -exit -no_init -python /openlane/scripts/odbpy/lefutil.py get_metal_layers -o /openlane/designs/bka/runs/auto_pnr/tmp/layers.list /volare/sky130A/libs.ref/sky130_fd_sc_hd/techlef/sky130_fd_sc_hd__nom.tlef}"

Thu Oct 23 11:57:35 +0000 2025 - Executing "{/openlane/scripts/mergeLef.py -o /openlane/designs/bka/runs/auto_pnr/tmp/merged.nom.lef -i /volare/sky130A/libs.ref/sky130_fd_sc_hd/techlef/sky130_fd_sc_hd__nom.tlef {/volare/sky130A/libs.ref/sky130_fd_sc_hd/lef/sky130_fd_sc_hd.lef /volare/sky130A/libs.ref/sky130_fd_sc_hd/lef/sky130_ef_sc_hd.lef} |& tee /dev/null}"

Thu Oct 23 11:57:35 +0000 2025 - Executing "{/openlane/scripts/mergeLef.py -o /openlane/designs/bka/runs/auto_pnr/tmp/merged.min.lef -i /volare/sky130A/libs.ref/sky130_fd_sc_hd/techlef/sky130_fd_sc_hd__min.tlef {/volare/sky130A/libs.ref/sky130_fd_sc_hd/lef/sky130_fd_sc_hd.lef /volare/sky130A/libs.ref/sky130_fd_sc_hd/lef/sky130_ef_sc_hd.lef} |& tee /dev/null}"

Thu Oct 23 11:57:35 +0000 2025 - Executing "{/openlane/scripts/mergeLef.py -o /openlane/designs/bka/runs/auto_pnr/tmp/merged.max.lef -i /volare/sky130A/libs.ref/sky130_fd_sc_hd/techlef/sky130_fd_sc_hd__max.tlef {/volare/sky130A/libs.ref/sky130_fd_sc_hd/lef/sky130_fd_sc_hd.lef /volare/sky130A/libs.ref/sky130_fd_sc_hd/lef/sky130_ef_sc_hd.lef} |& tee /dev/null}"

Thu Oct 23 11:57:35 +0000 2025 - Executing "{python3 /openlane/scripts/mergeLib.py --output /openlane/designs/bka/runs/auto_pnr/tmp/synthesis/merged.lib --name sky130A_merged /volare/sky130A/libs.ref/sky130_fd_sc_hd/lib/sky130_fd_sc_hd__tt_025C_1v80.lib}"

Thu Oct 23 11:57:36 +0000 2025 - Executing "{python3 /openlane/scripts/libtrim.py --cell-file /openlane/designs/bka/runs/auto_pnr/tmp/synthesis/trimmed.lib.exclude.list --output /openlane/designs/bka/runs/auto_pnr/tmp/synthesis/trimmed.lib /openlane/designs/bka/runs/auto_pnr/tmp/synthesis/merged.lib}"

Thu Oct 23 11:57:36 +0000 2025 - Executing "{python3 /openlane/scripts/libtrim.py --cell-file /openlane/designs/bka/runs/auto_pnr/tmp/cts/cts.lib.exclude.list --output /openlane/designs/bka/runs/auto_pnr/tmp/cts/cts.lib /volare/sky130A/libs.ref/sky130_fd_sc_hd/lib/sky130_fd_sc_hd__tt_025C_1v80.lib}"

Thu Oct 23 11:57:36 +0000 2025 - Executing "{python3 /openlane/scripts/libtrim.py --cell-file /openlane/designs/bka/runs/auto_pnr/tmp/cts/cts-fastest.lib.exclude.list --output /openlane/designs/bka/runs/auto_pnr/tmp/cts/cts-fastest.lib /volare/sky130A/libs.ref/sky130_fd_sc_hd/lib/sky130_fd_sc_hd__ff_n40C_1v95.lib}"

Thu Oct 23 11:57:36 +0000 2025 - Executing "{python3 /openlane/scripts/libtrim.py --cell-file /openlane/designs/bka/runs/auto_pnr/tmp/cts/cts-slowest.lib.exclude.list --output /openlane/designs/bka/runs/auto_pnr/tmp/cts/cts-slowest.lib /volare/sky130A/libs.ref/sky130_fd_sc_hd/lib/sky130_fd_sc_hd__ss_100C_1v60.lib}"

Thu Oct 23 11:57:36 +0000 2025 - Executing "{python3 /openlane/scripts/new_tracks.py -i /volare/sky130A/libs.tech/openlane/sky130_fd_sc_hd/tracks.info -o /openlane/designs/bka/runs/auto_pnr/tmp/routing/config.tracks}"

Thu Oct 23 11:57:36 +0000 2025 - Executing "{echo {OpenLane } > /openlane/designs/bka/runs/auto_pnr/OPENLANE_COMMIT}"

Thu Oct 23 11:57:36 +0000 2025 - Executing "{yosys -c /openlane/scripts/yosys/blackbox.tcl}"

Thu Oct 23 11:57:36 +0000 2025 - Executing "{verilator -Wall --lint-only --Wno-DECLFILENAME --top-module bka /openlane/designs/bka/runs/auto_pnr/tmp/synthesis/blackbox/sky130_fd_sc_hd__blackbox.v /openlane/designs/bka/src/bka.v -Wno-fatal --relative-includes |& tee /openlane/designs/bka/runs/auto_pnr/logs/synthesis/linter.log /dev/null}"

Thu Oct 23 11:57:36 +0000 2025 - Executing "{sed -E {s/^([[:space:]]+)pg_pin(.*)/\1pin\2\n\1    direction : "inout";/g} /volare/sky130A/libs.ref/sky130_fd_sc_hd/lib/sky130_fd_sc_hd__tt_025C_1v80.lib > /openlane/designs/bka/runs/auto_pnr/tmp/synthesis/1-sky130_fd_sc_hd__tt_025C_1v80.no_pg.lib}"

Thu Oct 23 11:57:36 +0000 2025 - Executing "{sed -E {s/^([[:space:]]+)pg_pin(.*)/\1pin\2\n\1    direction : "inout";/g} /openlane/designs/bka/runs/auto_pnr/tmp/synthesis/trimmed.lib > /openlane/designs/bka/runs/auto_pnr/tmp/synthesis/1-trimmed.no_pg.lib}"

Thu Oct 23 11:57:36 +0000 2025 - Executing "yosys -c /openlane/scripts/yosys/synth.tcl |& tee /dev/null /openlane/designs/bka/runs/auto_pnr/logs/synthesis/1-synthesis.log"

Thu Oct 23 11:57:36 +0000 2025 - Executing "{yosys -c /openlane/scripts/yosys/synth.tcl |& tee /dev/null /openlane/designs/bka/runs/auto_pnr/logs/synthesis/1-synthesis.log}"

Thu Oct 23 11:57:37 +0000 2025 - Executing "{sed -i.bak -e {s/\(set ::env(CURRENT_NETLIST)\).*/\1 \/openlane\/designs\/bka\/runs\/auto_pnr\/results\/synthesis\/bka.v/} /openlane/designs/bka/runs/auto_pnr/config.tcl}"

Thu Oct 23 11:57:37 +0000 2025 - Executing "{sed -i.bak /defparam/d /openlane/designs/bka/runs/auto_pnr/results/synthesis/bka.v}"

Thu Oct 23 11:57:37 +0000 2025 - Executing "sta -exit -no_init /openlane/scripts/openroad/sta/multi_corner.tcl |& tee /dev/null /openlane/designs/bka/runs/auto_pnr/logs/synthesis/2-sta.log"

Thu Oct 23 11:57:37 +0000 2025 - Executing "{sta -exit -no_init /openlane/scripts/openroad/sta/multi_corner.tcl |& tee /dev/null /openlane/designs/bka/runs/auto_pnr/logs/synthesis/2-sta.log}"

Thu Oct 23 11:57:37 +0000 2025 - Executing "openroad -exit /openlane/scripts/openroad/floorplan.tcl |& tee /dev/null /openlane/designs/bka/runs/auto_pnr/logs/floorplan/3-initial_fp.log"

Thu Oct 23 11:57:37 +0000 2025 - Executing "{openroad -exit /openlane/scripts/openroad/floorplan.tcl |& tee /dev/null /openlane/designs/bka/runs/auto_pnr/logs/floorplan/3-initial_fp.log}"

Thu Oct 23 11:57:38 +0000 2025 - Executing "{openroad -exit -no_init -python /openlane/scripts/odbpy/snap_to_grid.py --output /openlane/designs/bka/runs/auto_pnr/tmp/floorplan/3-minimized_pdn.txt --input-lef /openlane/designs/bka/runs/auto_pnr/tmp/merged.nom.lef 7.9350000000000005 7.819999999999999 15.870000000000001 15.639999999999999}"

Thu Oct 23 11:57:38 +0000 2025 - Executing "{openroad -exit -no_init -python /openlane/scripts/odbpy/defutil.py extract_core_dims --output-data /openlane/designs/bka/runs/auto_pnr/tmp/dimensions.txt --input-lef /openlane/designs/bka/runs/auto_pnr/tmp/merged.nom.lef /openlane/designs/bka/runs/auto_pnr/tmp/floorplan/3-initial_fp.def}"

Thu Oct 23 11:57:38 +0000 2025 - Executing "{openroad -exit -no_init -python /openlane/scripts/odbpy/io_place.py --config /openlane/designs/bka/pin_order.cfg --hor-layer met3 --ver-layer met2 --ver-width-mult 2 --hor-width-mult 2 --hor-extension 0 --ver-extension 0 --length 4 --unmatched-error --input-lef /openlane/designs/bka/runs/auto_pnr/tmp/merged.nom.lef --output-def /openlane/designs/bka/runs/auto_pnr/tmp/floorplan/4-io.def --output /openlane/designs/bka/runs/auto_pnr/tmp/floorplan/4-io.odb /openlane/designs/bka/runs/auto_pnr/tmp/floorplan/3-initial_fp.odb |& tee /dev/null /openlane/designs/bka/runs/auto_pnr/logs/floorplan/4-place_io.log}"

Thu Oct 23 11:57:38 +0000 2025 - Executing "openroad -exit /openlane/scripts/openroad/tapcell.tcl |& tee /dev/null /openlane/designs/bka/runs/auto_pnr/logs/floorplan/5-tap.log"

Thu Oct 23 11:57:38 +0000 2025 - Executing "{openroad -exit /openlane/scripts/openroad/tapcell.tcl |& tee /dev/null /openlane/designs/bka/runs/auto_pnr/logs/floorplan/5-tap.log}"

Thu Oct 23 11:57:39 +0000 2025 - Executing "openroad -exit /openlane/scripts/openroad/pdn.tcl |& tee /dev/null /openlane/designs/bka/runs/auto_pnr/logs/floorplan/6-pdn.log"

Thu Oct 23 11:57:39 +0000 2025 - Executing "{openroad -exit /openlane/scripts/openroad/pdn.tcl |& tee /dev/null /openlane/designs/bka/runs/auto_pnr/logs/floorplan/6-pdn.log}"

Thu Oct 23 11:57:39 +0000 2025 - Executing "openroad -exit /openlane/scripts/openroad/gpl.tcl |& tee /dev/null /openlane/designs/bka/runs/auto_pnr/logs/placement/6-global.log"

Thu Oct 23 11:57:39 +0000 2025 - Executing "{openroad -exit /openlane/scripts/openroad/gpl.tcl |& tee /dev/null /openlane/designs/bka/runs/auto_pnr/logs/placement/6-global.log}"

Thu Oct 23 11:57:39 +0000 2025 - Executing "{sed -i.bak -e {s/\(set ::env(CURRENT_NETLIST)\).*/\1 \/openlane\/designs\/bka\/runs\/auto_pnr\/tmp\/placement\/7-global.nl.v/} /openlane/designs/bka/runs/auto_pnr/config.tcl}"

Thu Oct 23 11:57:40 +0000 2025 - Executing "openroad -exit /openlane/scripts/openroad/sta/multi_corner.tcl |& tee /dev/null /openlane/designs/bka/runs/auto_pnr/logs/placement/8-gpl_sta.log"

Thu Oct 23 11:57:40 +0000 2025 - Executing "{openroad -exit /openlane/scripts/openroad/sta/multi_corner.tcl |& tee /dev/null /openlane/designs/bka/runs/auto_pnr/logs/placement/8-gpl_sta.log}"

Thu Oct 23 11:57:40 +0000 2025 - Executing "openroad -exit /openlane/scripts/openroad/resizer.tcl |& tee /dev/null /openlane/designs/bka/runs/auto_pnr/logs/placement/9-resizer.log"

Thu Oct 23 11:57:40 +0000 2025 - Executing "{openroad -exit /openlane/scripts/openroad/resizer.tcl |& tee /dev/null /openlane/designs/bka/runs/auto_pnr/logs/placement/9-resizer.log}"

Thu Oct 23 11:57:41 +0000 2025 - Executing "{sed -i.bak -e {s/\(set ::env(CURRENT_NETLIST)\).*/\1 \/openlane\/designs\/bka\/runs\/auto_pnr\/tmp\/placement\/9-resizer.nl.v/} /openlane/designs/bka/runs/auto_pnr/config.tcl}"

Thu Oct 23 11:57:41 +0000 2025 - Executing "openroad -exit /openlane/scripts/openroad/dpl.tcl |& tee /dev/null /openlane/designs/bka/runs/auto_pnr/logs/placement/10-detailed.log"

Thu Oct 23 11:57:41 +0000 2025 - Executing "{openroad -exit /openlane/scripts/openroad/dpl.tcl |& tee /dev/null /openlane/designs/bka/runs/auto_pnr/logs/placement/10-detailed.log}"

Thu Oct 23 11:57:41 +0000 2025 - Executing "{sed -i.bak -e {s/\(set ::env(CURRENT_NETLIST)\).*/\1 \/openlane\/designs\/bka\/runs\/auto_pnr\/results\/placement\/bka.nl.v/} /openlane/designs/bka/runs/auto_pnr/config.tcl}"

Thu Oct 23 11:57:41 +0000 2025 - Executing "openroad -exit /openlane/scripts/openroad/sta/multi_corner.tcl |& tee /dev/null /openlane/designs/bka/runs/auto_pnr/logs/placement/11-dpl_sta.log"

Thu Oct 23 11:57:41 +0000 2025 - Executing "{openroad -exit /openlane/scripts/openroad/sta/multi_corner.tcl |& tee /dev/null /openlane/designs/bka/runs/auto_pnr/logs/placement/11-dpl_sta.log}"

Thu Oct 23 11:57:42 +0000 2025 - Executing "openroad -exit /openlane/scripts/openroad/cts.tcl |& tee /dev/null /openlane/designs/bka/runs/auto_pnr/logs/cts/12-cts.log"

Thu Oct 23 11:57:42 +0000 2025 - Executing "{openroad -exit /openlane/scripts/openroad/cts.tcl |& tee /dev/null /openlane/designs/bka/runs/auto_pnr/logs/cts/12-cts.log}"

Thu Oct 23 11:57:45 +0000 2025 - Executing "openroad -exit /openlane/scripts/openroad/sta/multi_corner.tcl |& tee /dev/null /openlane/designs/bka/runs/auto_pnr/logs/cts/13-cts_sta.log"

Thu Oct 23 11:57:45 +0000 2025 - Executing "{openroad -exit /openlane/scripts/openroad/sta/multi_corner.tcl |& tee /dev/null /openlane/designs/bka/runs/auto_pnr/logs/cts/13-cts_sta.log}"

Thu Oct 23 11:57:45 +0000 2025 - Executing "openroad -exit /openlane/scripts/openroad/resizer_timing.tcl |& tee /dev/null /openlane/designs/bka/runs/auto_pnr/logs/cts/14-resizer.log"

Thu Oct 23 11:57:45 +0000 2025 - Executing "{openroad -exit /openlane/scripts/openroad/resizer_timing.tcl |& tee /dev/null /openlane/designs/bka/runs/auto_pnr/logs/cts/14-resizer.log}"

Thu Oct 23 11:57:46 +0000 2025 - Executing "{sed -i.bak -e {s/\(set ::env(CURRENT_NETLIST)\).*/\1 \/openlane\/designs\/bka\/runs\/auto_pnr\/tmp\/cts\/14-bka.resized.nl.v/} /openlane/designs/bka/runs/auto_pnr/config.tcl}"

Thu Oct 23 11:57:46 +0000 2025 - Executing "openroad -exit /openlane/scripts/openroad/resizer_routing_design.tcl |& tee /dev/null /openlane/designs/bka/runs/auto_pnr/logs/routing/15-resizer_design.log"

Thu Oct 23 11:57:46 +0000 2025 - Executing "{openroad -exit /openlane/scripts/openroad/resizer_routing_design.tcl |& tee /dev/null /openlane/designs/bka/runs/auto_pnr/logs/routing/15-resizer_design.log}"

Thu Oct 23 11:57:47 +0000 2025 - Executing "{sed -i.bak -e {s/\(set ::env(CURRENT_NETLIST)\).*/\1 \/openlane\/designs\/bka\/runs\/auto_pnr\/tmp\/15-bka.nl.v/} /openlane/designs/bka/runs/auto_pnr/config.tcl}"

Thu Oct 23 11:57:47 +0000 2025 - Executing "openroad -exit /openlane/scripts/openroad/sta/multi_corner.tcl |& tee /dev/null /openlane/designs/bka/runs/auto_pnr/logs/routing/16-rsz_design_sta.log"

Thu Oct 23 11:57:47 +0000 2025 - Executing "{openroad -exit /openlane/scripts/openroad/sta/multi_corner.tcl |& tee /dev/null /openlane/designs/bka/runs/auto_pnr/logs/routing/16-rsz_design_sta.log}"

Thu Oct 23 11:57:48 +0000 2025 - Executing "openroad -exit /openlane/scripts/openroad/resizer_routing_timing.tcl |& tee /dev/null /openlane/designs/bka/runs/auto_pnr/logs/routing/17-resizer_timing.log"

Thu Oct 23 11:57:48 +0000 2025 - Executing "{openroad -exit /openlane/scripts/openroad/resizer_routing_timing.tcl |& tee /dev/null /openlane/designs/bka/runs/auto_pnr/logs/routing/17-resizer_timing.log}"

Thu Oct 23 11:57:49 +0000 2025 - Executing "{sed -i.bak -e {s/\(set ::env(CURRENT_NETLIST)\).*/\1 \/openlane\/designs\/bka\/runs\/auto_pnr\/tmp\/17-bka.nl.v/} /openlane/designs/bka/runs/auto_pnr/config.tcl}"

Thu Oct 23 11:57:49 +0000 2025 - Executing "openroad -exit /openlane/scripts/openroad/sta/multi_corner.tcl |& tee /dev/null /openlane/designs/bka/runs/auto_pnr/logs/routing/18-rsz_timing_sta.log"

Thu Oct 23 11:57:49 +0000 2025 - Executing "{openroad -exit /openlane/scripts/openroad/sta/multi_corner.tcl |& tee /dev/null /openlane/designs/bka/runs/auto_pnr/logs/routing/18-rsz_timing_sta.log}"

Thu Oct 23 11:57:49 +0000 2025 - Executing "openroad -exit /openlane/scripts/openroad/repair_antennas.tcl |& tee /dev/null /openlane/designs/bka/runs/auto_pnr/logs/routing/19-global.log"

Thu Oct 23 11:57:49 +0000 2025 - Executing "{openroad -exit /openlane/scripts/openroad/repair_antennas.tcl |& tee /dev/null /openlane/designs/bka/runs/auto_pnr/logs/routing/19-global.log}"

Thu Oct 23 11:57:50 +0000 2025 - Executing "openroad -exit /openlane/scripts/openroad/write_views.tcl |& tee /dev/null /openlane/designs/bka/runs/auto_pnr/logs/routing/19-global_write_netlist.log"

Thu Oct 23 11:57:50 +0000 2025 - Executing "{openroad -exit /openlane/scripts/openroad/write_views.tcl |& tee /dev/null /openlane/designs/bka/runs/auto_pnr/logs/routing/19-global_write_netlist.log}"

Thu Oct 23 11:57:50 +0000 2025 - Executing "{sed -i.bak -e {s/\(set ::env(CURRENT_NETLIST)\).*/\1 \/openlane\/designs\/bka\/runs\/auto_pnr\/tmp\/routing\/global.nl.v/} /openlane/designs/bka/runs/auto_pnr/config.tcl}"

Thu Oct 23 11:57:50 +0000 2025 - Executing "openroad -exit /openlane/scripts/openroad/sta/multi_corner.tcl |& tee /dev/null /openlane/designs/bka/runs/auto_pnr/logs/routing/21-grt_sta.log"

Thu Oct 23 11:57:50 +0000 2025 - Executing "{openroad -exit /openlane/scripts/openroad/sta/multi_corner.tcl |& tee /dev/null /openlane/designs/bka/runs/auto_pnr/logs/routing/21-grt_sta.log}"

Thu Oct 23 11:57:50 +0000 2025 - Executing "openroad -exit /openlane/scripts/openroad/fill.tcl |& tee /dev/null /openlane/designs/bka/runs/auto_pnr/logs/routing/22-fill.log"

Thu Oct 23 11:57:50 +0000 2025 - Executing "{openroad -exit /openlane/scripts/openroad/fill.tcl |& tee /dev/null /openlane/designs/bka/runs/auto_pnr/logs/routing/22-fill.log}"

Thu Oct 23 11:57:50 +0000 2025 - Executing "{sed -i.bak -e {s/\(set ::env(CURRENT_NETLIST)\).*/\1 \/openlane\/designs\/bka\/runs\/auto_pnr\/tmp\/routing\/22-fill.nl.v/} /openlane/designs/bka/runs/auto_pnr/config.tcl}"

Thu Oct 23 11:57:51 +0000 2025 - Executing "openroad -exit -metrics /openlane/designs/bka/runs/auto_pnr/reports/routing/23-drt_metrics.json /openlane/scripts/openroad/droute.tcl |& tee /dev/null /openlane/designs/bka/runs/auto_pnr/logs/routing/23-detailed.log"

Thu Oct 23 11:57:51 +0000 2025 - Executing "{openroad -exit -metrics /openlane/designs/bka/runs/auto_pnr/reports/routing/23-drt_metrics.json /openlane/scripts/openroad/droute.tcl |& tee /dev/null /openlane/designs/bka/runs/auto_pnr/logs/routing/23-detailed.log}"

Thu Oct 23 11:57:56 +0000 2025 - Executing "{sed -i.bak -e {s/\(set ::env(CURRENT_NETLIST)\).*/\1 \/openlane\/designs\/bka\/runs\/auto_pnr\/results\/routing\/bka.nl.v/} /openlane/designs/bka/runs/auto_pnr/config.tcl}"

Thu Oct 23 11:57:56 +0000 2025 - Executing "{python3 /openlane/scripts/drc_rosetta.py tr to_klayout -o /openlane/designs/bka/runs/auto_pnr/reports/routing/drt.klayout.xml --design-name bka /openlane/designs/bka/runs/auto_pnr/reports/routing/drt.drc}"

Thu Oct 23 11:57:56 +0000 2025 - Executing "{openroad -exit -no_init -python /openlane/scripts/odbpy/wire_lengths.py --report-out /openlane/designs/bka/runs/auto_pnr/reports/routing/24-wire_lengths.csv --input-lef /openlane/designs/bka/runs/auto_pnr/tmp/merged.nom.lef --output-def /openlane/designs/bka/runs/auto_pnr/results/routing/bka.def --output /openlane/designs/bka/runs/auto_pnr/results/routing/bka.odb /openlane/designs/bka/runs/auto_pnr/results/routing/bka.odb |& tee /dev/null /openlane/designs/bka/runs/auto_pnr/logs/routing/24-wire_lengths.log}"

Thu Oct 23 11:57:56 +0000 2025 - Executing "openroad -exit /openlane/scripts/openroad/rcx.tcl |& tee /dev/null /openlane/designs/bka/runs/auto_pnr/logs/signoff/25-parasitics_extraction.min.log"

Thu Oct 23 11:57:56 +0000 2025 - Executing "{openroad -exit /openlane/scripts/openroad/rcx.tcl |& tee /dev/null /openlane/designs/bka/runs/auto_pnr/logs/signoff/25-parasitics_extraction.min.log}"

Thu Oct 23 11:57:56 +0000 2025 - Executing "sta -exit -no_init /openlane/scripts/openroad/sta/multi_corner.tcl |& tee /dev/null /openlane/designs/bka/runs/auto_pnr/logs/signoff/26-rcx_mcsta.min.log"

Thu Oct 23 11:57:56 +0000 2025 - Executing "{sta -exit -no_init /openlane/scripts/openroad/sta/multi_corner.tcl |& tee /dev/null /openlane/designs/bka/runs/auto_pnr/logs/signoff/26-rcx_mcsta.min.log}"

Thu Oct 23 11:57:57 +0000 2025 - Executing "openroad -exit /openlane/scripts/openroad/rcx.tcl |& tee /dev/null /openlane/designs/bka/runs/auto_pnr/logs/signoff/27-parasitics_extraction.max.log"

Thu Oct 23 11:57:57 +0000 2025 - Executing "{openroad -exit /openlane/scripts/openroad/rcx.tcl |& tee /dev/null /openlane/designs/bka/runs/auto_pnr/logs/signoff/27-parasitics_extraction.max.log}"

Thu Oct 23 11:57:58 +0000 2025 - Executing "sta -exit -no_init /openlane/scripts/openroad/sta/multi_corner.tcl |& tee /dev/null /openlane/designs/bka/runs/auto_pnr/logs/signoff/28-rcx_mcsta.max.log"

Thu Oct 23 11:57:58 +0000 2025 - Executing "{sta -exit -no_init /openlane/scripts/openroad/sta/multi_corner.tcl |& tee /dev/null /openlane/designs/bka/runs/auto_pnr/logs/signoff/28-rcx_mcsta.max.log}"

Thu Oct 23 11:57:59 +0000 2025 - Executing "openroad -exit /openlane/scripts/openroad/rcx.tcl |& tee /dev/null /openlane/designs/bka/runs/auto_pnr/logs/signoff/29-parasitics_extraction.nom.log"

Thu Oct 23 11:57:59 +0000 2025 - Executing "{openroad -exit /openlane/scripts/openroad/rcx.tcl |& tee /dev/null /openlane/designs/bka/runs/auto_pnr/logs/signoff/29-parasitics_extraction.nom.log}"

Thu Oct 23 11:57:59 +0000 2025 - Executing "sta -exit -no_init /openlane/scripts/openroad/sta/multi_corner.tcl |& tee /dev/null /openlane/designs/bka/runs/auto_pnr/logs/signoff/30-rcx_mcsta.nom.log"

Thu Oct 23 11:57:59 +0000 2025 - Executing "{sta -exit -no_init /openlane/scripts/openroad/sta/multi_corner.tcl |& tee /dev/null /openlane/designs/bka/runs/auto_pnr/logs/signoff/30-rcx_mcsta.nom.log}"

Thu Oct 23 11:58:00 +0000 2025 - Executing "openroad -exit /openlane/scripts/openroad/irdrop.tcl |& tee /dev/null /openlane/designs/bka/runs/auto_pnr/logs/signoff/31-irdrop.log"

Thu Oct 23 11:58:00 +0000 2025 - Executing "{openroad -exit /openlane/scripts/openroad/irdrop.tcl |& tee /dev/null /openlane/designs/bka/runs/auto_pnr/logs/signoff/31-irdrop.log}"

Thu Oct 23 11:58:01 +0000 2025 - Executing "magic -noconsole -dnull -rcfile /volare/sky130A/libs.tech/magic/sky130A.magicrc < /openlane/scripts/magic/wrapper.tcl |& tee /dev/null /openlane/designs/bka/runs/auto_pnr/logs/signoff/32-gdsii.log"

Thu Oct 23 11:58:01 +0000 2025 - Executing "{magic -noconsole -dnull -rcfile /volare/sky130A/libs.tech/magic/sky130A.magicrc < /openlane/scripts/magic/wrapper.tcl |& tee /dev/null /openlane/designs/bka/runs/auto_pnr/logs/signoff/32-gdsii.log}"

Thu Oct 23 11:58:01 +0000 2025 - Executing "magic -noconsole -dnull -rcfile /volare/sky130A/libs.tech/magic/sky130A.magicrc < /openlane/scripts/magic/wrapper.tcl |& tee /dev/null /openlane/designs/bka/runs/auto_pnr/logs/signoff/32-gds_ptrs.log"

Thu Oct 23 11:58:01 +0000 2025 - Executing "{magic -noconsole -dnull -rcfile /volare/sky130A/libs.tech/magic/sky130A.magicrc < /openlane/scripts/magic/wrapper.tcl |& tee /dev/null /openlane/designs/bka/runs/auto_pnr/logs/signoff/32-gds_ptrs.log}"

Thu Oct 23 11:58:01 +0000 2025 - Executing "{sed -i.bak -n {/^<< properties >>/,/^<< end >>/p} /openlane/designs/bka/runs/auto_pnr/tmp/signoff/gds_ptrs.mag}"

Thu Oct 23 11:58:01 +0000 2025 - Executing "magic -noconsole -dnull -rcfile /volare/sky130A/libs.tech/magic/sky130A.magicrc < /openlane/scripts/magic/wrapper.tcl |& tee /dev/null /openlane/designs/bka/runs/auto_pnr/logs/signoff/32-lef.log"

Thu Oct 23 11:58:01 +0000 2025 - Executing "{magic -noconsole -dnull -rcfile /volare/sky130A/libs.tech/magic/sky130A.magicrc < /openlane/scripts/magic/wrapper.tcl |& tee /dev/null /openlane/designs/bka/runs/auto_pnr/logs/signoff/32-lef.log}"

Thu Oct 23 11:58:01 +0000 2025 - Executing "magic -noconsole -dnull -rcfile /volare/sky130A/libs.tech/magic/sky130A.magicrc < /openlane/scripts/magic/wrapper.tcl |& tee /dev/null /openlane/designs/bka/runs/auto_pnr/logs/signoff/32-maglef.log"

Thu Oct 23 11:58:01 +0000 2025 - Executing "{magic -noconsole -dnull -rcfile /volare/sky130A/libs.tech/magic/sky130A.magicrc < /openlane/scripts/magic/wrapper.tcl |& tee /dev/null /openlane/designs/bka/runs/auto_pnr/logs/signoff/32-maglef.log}"

Thu Oct 23 11:58:01 +0000 2025 - Executing "{python3 /openlane/scripts/klayout/stream_out.py --output /openlane/designs/bka/runs/auto_pnr/results/signoff/bka.klayout.gds --lyt /volare/sky130A/libs.tech/klayout/tech/sky130A.lyt --lym /volare/sky130A/libs.tech/klayout/tech/sky130A.map --lyp /volare/sky130A/libs.tech/klayout/tech/sky130A.lyp --top bka --with-gds-file /volare/sky130A/libs.ref/sky130_fd_sc_hd/gds/sky130_fd_sc_hd.gds --input-lef /openlane/designs/bka/runs/auto_pnr/tmp/merged.nom.lef /openlane/designs/bka/runs/auto_pnr/results/routing/bka.def |& tee /dev/null /openlane/designs/bka/runs/auto_pnr/logs/signoff/33-gdsii-klayout.log}"

Thu Oct 23 11:58:02 +0000 2025 - Executing "{klayout -b -r /openlane/scripts/klayout/xor.drc -rd a=/openlane/designs/bka/runs/auto_pnr/results/signoff/bka.gds -rd b=/openlane/designs/bka/runs/auto_pnr/results/signoff/bka.klayout.gds -rd jobs=1 -rd rdb_out=/openlane/designs/bka/runs/auto_pnr/reports/signoff/34-xor.xml -rd ignore=81/14 -rd rpt_out=/openlane/designs/bka/runs/auto_pnr/reports/signoff/34-xor.rpt |& tee /dev/null /openlane/designs/bka/runs/auto_pnr/logs/signoff/34-xor.log}"

Thu Oct 23 11:58:02 +0000 2025 - Executing "magic -noconsole -dnull -rcfile /volare/sky130A/libs.tech/magic/sky130A.magicrc < /openlane/scripts/magic/wrapper.tcl |& tee /dev/null /openlane/designs/bka/runs/auto_pnr/logs/signoff/35-spice.log"

Thu Oct 23 11:58:02 +0000 2025 - Executing "{magic -noconsole -dnull -rcfile /volare/sky130A/libs.tech/magic/sky130A.magicrc < /openlane/scripts/magic/wrapper.tcl |& tee /dev/null /openlane/designs/bka/runs/auto_pnr/logs/signoff/35-spice.log}"

Thu Oct 23 11:58:02 +0000 2025 - Executing "{openroad -exit -no_init -python /openlane/scripts/odbpy/power_utils.py write_powered_def --output /openlane/designs/bka/runs/auto_pnr/tmp/signoff/35-bka.p.def --input-lef /openlane/designs/bka/runs/auto_pnr/tmp/merged.nom.lef --power-port VPWR --ground-port VGND --powered-netlist {} /openlane/designs/bka/runs/auto_pnr/results/routing/bka.def |& tee /dev/null /openlane/designs/bka/runs/auto_pnr/logs/signoff/36-write_powered_def.log}"

Thu Oct 23 11:58:03 +0000 2025 - Executing "openroad -exit /openlane/scripts/openroad/write_views.tcl |& tee /dev/null /openlane/designs/bka/runs/auto_pnr/logs/signoff/36-write_powered_verilog.log"

Thu Oct 23 11:58:03 +0000 2025 - Executing "{openroad -exit /openlane/scripts/openroad/write_views.tcl |& tee /dev/null /openlane/designs/bka/runs/auto_pnr/logs/signoff/36-write_powered_verilog.log}"

Thu Oct 23 11:58:03 +0000 2025 - Executing "{sed -i.bak -e {s/\(set ::env(CURRENT_NETLIST)\).*/\1 \/openlane\/designs\/bka\/runs\/auto_pnr\/tmp\/signoff\/35-bka.nl.v/} /openlane/designs/bka/runs/auto_pnr/config.tcl}"

Thu Oct 23 11:58:03 +0000 2025 - Executing "{netgen -batch source /openlane/designs/bka/runs/auto_pnr/tmp/signoff/38-setup_file.lef.lvs |& tee /dev/null /openlane/designs/bka/runs/auto_pnr/logs/signoff/38-lvs.lef.log}"

Thu Oct 23 11:58:03 +0000 2025 - Executing "magic -noconsole -dnull -rcfile /volare/sky130A/libs.tech/magic/sky130A.magicrc < /openlane/scripts/magic/wrapper.tcl |& tee /dev/null /openlane/designs/bka/runs/auto_pnr/logs/signoff/39-drc.log"

Thu Oct 23 11:58:03 +0000 2025 - Executing "{magic -noconsole -dnull -rcfile /volare/sky130A/libs.tech/magic/sky130A.magicrc < /openlane/scripts/magic/wrapper.tcl |& tee /dev/null /openlane/designs/bka/runs/auto_pnr/logs/signoff/39-drc.log}"

Thu Oct 23 11:58:04 +0000 2025 - Executing "{python3 /openlane/scripts/drc_rosetta.py magic to_tcl -o /openlane/designs/bka/runs/auto_pnr/reports/signoff/drc.tcl /openlane/designs/bka/runs/auto_pnr/reports/signoff/drc.rpt}"

Thu Oct 23 11:58:04 +0000 2025 - Executing "{python3 /openlane/scripts/drc_rosetta.py magic to_tr -o /openlane/designs/bka/runs/auto_pnr/reports/signoff/drc.tr /openlane/designs/bka/runs/auto_pnr/reports/signoff/drc.rpt}"

Thu Oct 23 11:58:04 +0000 2025 - Executing "{python3 /openlane/scripts/drc_rosetta.py tr to_klayout -o /openlane/designs/bka/runs/auto_pnr/reports/signoff/drc.klayout.xml --design-name bka /openlane/designs/bka/runs/auto_pnr/reports/signoff/drc.tr}"

Thu Oct 23 11:58:04 +0000 2025 - Executing "{python3 /openlane/scripts/drc_rosetta.py magic to_rdb -o /openlane/designs/bka/runs/auto_pnr/reports/signoff/drc.rdb /openlane/designs/bka/runs/auto_pnr/reports/signoff/drc.rpt}"

Thu Oct 23 11:58:04 +0000 2025 - Executing "{klayout -b -zz -r /volare/sky130A/libs.tech/klayout/drc/sky130A_mr.drc -rd topcell=bka -rd input=/openlane/designs/bka/runs/auto_pnr/results/signoff/bka.gds -rd report=/openlane/designs/bka/runs/auto_pnr/reports/signoff/violations.xml -rd feol=true -rd beol=true -rd floating_metal=false -rd seal=true -rd thread=1 |& tee /dev/null /openlane/designs/bka/runs/auto_pnr/logs/signoff/40-drc-klayout.log}"

Thu Oct 23 11:58:05 +0000 2025 - Executing "{python3 /openlane/scripts/klayout/xml_drc_report_to_json.py --xml-file /openlane/designs/bka/runs/auto_pnr/reports/signoff/violations.xml --json-file /openlane/designs/bka/runs/auto_pnr/reports/signoff/violations.json}"

Thu Oct 23 11:58:05 +0000 2025 - Executing "openroad -exit /openlane/scripts/openroad/antenna_check.tcl |& tee /dev/null /openlane/designs/bka/runs/auto_pnr/logs/signoff/41-arc.log"

Thu Oct 23 11:58:05 +0000 2025 - Executing "{openroad -exit /openlane/scripts/openroad/antenna_check.tcl |& tee /dev/null /openlane/designs/bka/runs/auto_pnr/logs/signoff/41-arc.log}"

Thu Oct 23 11:58:05 +0000 2025 - Executing "{python3 /openlane/scripts/extract_antenna_violators.py --output /openlane/designs/bka/runs/auto_pnr/reports/signoff/41-antenna_violators.rpt --plain-out /openlane/designs/bka/runs/auto_pnr/reports/signoff/41-antenna_violators_pins.txt /openlane/designs/bka/runs/auto_pnr/logs/signoff/41-arc.log}"

Thu Oct 23 11:58:05 +0000 2025 - Executing "{python3 /openlane/scripts/write_runtime.py --conclude --seconds --time-in 1761220685 {flow completed}}"

Thu Oct 23 11:58:05 +0000 2025 - Executing "{python3 /openlane/scripts/generate_reports.py -d /openlane/designs/bka --design_name bka --tag auto_pnr --output_file /openlane/designs/bka/runs/auto_pnr/reports/metrics.csv --man_report /openlane/designs/bka/runs/auto_pnr/reports/manufacturability.rpt --run_path /openlane/designs/bka/runs/auto_pnr}"

