
63. Printing statistics.

=== fa16 ===

   Number of wires:                127
   Number of wire bits:            172
   Number of public wires:          56
   Number of public wire bits:     101
   Number of memories:               0
   Number of memory bits:            0
   Number of processes:              0
   Number of cells:                138
     sky130_fd_sc_hd__a21oi_2        1
     sky130_fd_sc_hd__a22oi_2        1
     sky130_fd_sc_hd__a2bb2o_2       1
     sky130_fd_sc_hd__a31o_2         2
     sky130_fd_sc_hd__and2_2         2
     sky130_fd_sc_hd__and2b_2        6
     sky130_fd_sc_hd__and3_2         1
     sky130_fd_sc_hd__dfxtp_2       50
     sky130_fd_sc_hd__nand2_2       17
     sky130_fd_sc_hd__nor2_2        21
     sky130_fd_sc_hd__o211a_2        1
     sky130_fd_sc_hd__o21a_2         2
     sky130_fd_sc_hd__o21ai_2        2
     sky130_fd_sc_hd__o21ba_2        1
     sky130_fd_sc_hd__o311a_2        5
     sky130_fd_sc_hd__o31a_2         5
     sky130_fd_sc_hd__or2_2          2
     sky130_fd_sc_hd__or2b_2         5
     sky130_fd_sc_hd__or3_2          1
     sky130_fd_sc_hd__xnor2_2       12

   Chip area for module '\fa16': 1846.771200

