
===========================================================================
report_checks -path_delay max (Setup)
============================================================================
======================= Typical Corner ===================================

Startpoint: _167_ (rising edge-triggered flip-flop clocked by core_clock)
Endpoint: _165_ (rising edge-triggered flip-flop clocked by core_clock)
Path Group: core_clock
Path Type: max

Fanout     Cap    Slew   Delay    Time   Description
-----------------------------------------------------------------------------
                  0.00    0.00    0.00   clock core_clock (rise edge)
                          0.00    0.00   clock network delay (ideal)
                  0.00    0.00    0.00 ^ _167_/CLK (sky130_fd_sc_hd__dfxtp_2)
     4    0.01    0.08    0.33    0.33 ^ _167_/Q (sky130_fd_sc_hd__dfxtp_2)
                                         x1_0.A (net)
                  0.08    0.00    0.33 ^ _087_/A1 (sky130_fd_sc_hd__o21ai_2)
     3    0.01    0.04    0.07    0.40 v _087_/Y (sky130_fd_sc_hd__o21ai_2)
                                         _042_ (net)
                  0.04    0.00    0.40 v _089_/A3 (sky130_fd_sc_hd__a31o_2)
     3    0.01    0.06    0.27    0.67 v _089_/X (sky130_fd_sc_hd__a31o_2)
                                         _044_ (net)
                  0.06    0.00    0.67 v _092_/A2 (sky130_fd_sc_hd__o211a_2)
     3    0.01    0.06    0.26    0.93 v _092_/X (sky130_fd_sc_hd__o211a_2)
                                         _047_ (net)
                  0.06    0.00    0.93 v _095_/A3 (sky130_fd_sc_hd__o311a_2)
     3    0.01    0.07    0.35    1.28 v _095_/X (sky130_fd_sc_hd__o311a_2)
                                         _050_ (net)
                  0.07    0.00    1.28 v _098_/A3 (sky130_fd_sc_hd__o311a_2)
     2    0.00    0.06    0.34    1.61 v _098_/X (sky130_fd_sc_hd__o311a_2)
                                         _053_ (net)
                  0.06    0.00    1.61 v _101_/A3 (sky130_fd_sc_hd__o311a_2)
     3    0.01    0.07    0.35    1.97 v _101_/X (sky130_fd_sc_hd__o311a_2)
                                         _056_ (net)
                  0.07    0.00    1.97 v _104_/A3 (sky130_fd_sc_hd__o311a_2)
     3    0.01    0.07    0.36    2.33 v _104_/X (sky130_fd_sc_hd__o311a_2)
                                         _059_ (net)
                  0.07    0.00    2.33 v _107_/A3 (sky130_fd_sc_hd__o311a_2)
     2    0.01    0.07    0.35    2.68 v _107_/X (sky130_fd_sc_hd__o311a_2)
                                         _062_ (net)
                  0.07    0.00    2.68 v _109_/A3 (sky130_fd_sc_hd__o31a_2)
     2    0.01    0.08    0.32    3.00 v _109_/X (sky130_fd_sc_hd__o31a_2)
                                         _064_ (net)
                  0.08    0.00    3.00 v _113_/A (sky130_fd_sc_hd__xnor2_2)
     1    0.00    0.04    0.13    3.13 v _113_/Y (sky130_fd_sc_hd__xnor2_2)
                                         x1_15.S (net)
                  0.04    0.00    3.13 v _165_/D (sky130_fd_sc_hd__dfxtp_2)
                                  3.13   data arrival time

                  0.00    6.15    6.15   clock core_clock (rise edge)
                          0.00    6.15   clock network delay (ideal)
                          0.00    6.15   clock reconvergence pessimism
                                  6.15 ^ _165_/CLK (sky130_fd_sc_hd__dfxtp_2)
                         -0.12    6.03   library setup time
                                  6.03   data required time
-----------------------------------------------------------------------------
                                  6.03   data required time
                                 -3.13   data arrival time
-----------------------------------------------------------------------------
                                  2.90   slack (MET)


Startpoint: _167_ (rising edge-triggered flip-flop clocked by core_clock)
Endpoint: _166_ (rising edge-triggered flip-flop clocked by core_clock)
Path Group: core_clock
Path Type: max

Fanout     Cap    Slew   Delay    Time   Description
-----------------------------------------------------------------------------
                  0.00    0.00    0.00   clock core_clock (rise edge)
                          0.00    0.00   clock network delay (ideal)
                  0.00    0.00    0.00 ^ _167_/CLK (sky130_fd_sc_hd__dfxtp_2)
     4    0.01    0.08    0.33    0.33 ^ _167_/Q (sky130_fd_sc_hd__dfxtp_2)
                                         x1_0.A (net)
                  0.08    0.00    0.33 ^ _087_/A1 (sky130_fd_sc_hd__o21ai_2)
     3    0.01    0.04    0.07    0.40 v _087_/Y (sky130_fd_sc_hd__o21ai_2)
                                         _042_ (net)
                  0.04    0.00    0.40 v _089_/A3 (sky130_fd_sc_hd__a31o_2)
     3    0.01    0.06    0.27    0.67 v _089_/X (sky130_fd_sc_hd__a31o_2)
                                         _044_ (net)
                  0.06    0.00    0.67 v _092_/A2 (sky130_fd_sc_hd__o211a_2)
     3    0.01    0.06    0.26    0.93 v _092_/X (sky130_fd_sc_hd__o211a_2)
                                         _047_ (net)
                  0.06    0.00    0.93 v _095_/A3 (sky130_fd_sc_hd__o311a_2)
     3    0.01    0.07    0.35    1.28 v _095_/X (sky130_fd_sc_hd__o311a_2)
                                         _050_ (net)
                  0.07    0.00    1.28 v _098_/A3 (sky130_fd_sc_hd__o311a_2)
     2    0.00    0.06    0.34    1.61 v _098_/X (sky130_fd_sc_hd__o311a_2)
                                         _053_ (net)
                  0.06    0.00    1.61 v _101_/A3 (sky130_fd_sc_hd__o311a_2)
     3    0.01    0.07    0.35    1.97 v _101_/X (sky130_fd_sc_hd__o311a_2)
                                         _056_ (net)
                  0.07    0.00    1.97 v _104_/A3 (sky130_fd_sc_hd__o311a_2)
     3    0.01    0.07    0.36    2.33 v _104_/X (sky130_fd_sc_hd__o311a_2)
                                         _059_ (net)
                  0.07    0.00    2.33 v _107_/A3 (sky130_fd_sc_hd__o311a_2)
     2    0.01    0.07    0.35    2.68 v _107_/X (sky130_fd_sc_hd__o311a_2)
                                         _062_ (net)
                  0.07    0.00    2.68 v _109_/A3 (sky130_fd_sc_hd__o31a_2)
     2    0.01    0.08    0.32    3.00 v _109_/X (sky130_fd_sc_hd__o31a_2)
                                         _064_ (net)
                  0.08    0.00    3.00 v _111_/A2 (sky130_fd_sc_hd__o21ai_2)
     1    0.00    0.07    0.10    3.10 ^ _111_/Y (sky130_fd_sc_hd__o21ai_2)
                                         x1_15.Cout (net)
                  0.07    0.00    3.10 ^ _166_/D (sky130_fd_sc_hd__dfxtp_2)
                                  3.10   data arrival time

                  0.00    6.15    6.15   clock core_clock (rise edge)
                          0.00    6.15   clock network delay (ideal)
                          0.00    6.15   clock reconvergence pessimism
                                  6.15 ^ _166_/CLK (sky130_fd_sc_hd__dfxtp_2)
                         -0.07    6.08   library setup time
                                  6.08   data required time
-----------------------------------------------------------------------------
                                  6.08   data required time
                                 -3.10   data arrival time
-----------------------------------------------------------------------------
                                  2.97   slack (MET)


Startpoint: _167_ (rising edge-triggered flip-flop clocked by core_clock)
Endpoint: _164_ (rising edge-triggered flip-flop clocked by core_clock)
Path Group: core_clock
Path Type: max

Fanout     Cap    Slew   Delay    Time   Description
-----------------------------------------------------------------------------
                  0.00    0.00    0.00   clock core_clock (rise edge)
                          0.00    0.00   clock network delay (ideal)
                  0.00    0.00    0.00 ^ _167_/CLK (sky130_fd_sc_hd__dfxtp_2)
     4    0.01    0.08    0.33    0.33 ^ _167_/Q (sky130_fd_sc_hd__dfxtp_2)
                                         x1_0.A (net)
                  0.08    0.00    0.33 ^ _087_/A1 (sky130_fd_sc_hd__o21ai_2)
     3    0.01    0.04    0.07    0.40 v _087_/Y (sky130_fd_sc_hd__o21ai_2)
                                         _042_ (net)
                  0.04    0.00    0.40 v _089_/A3 (sky130_fd_sc_hd__a31o_2)
     3    0.01    0.06    0.27    0.67 v _089_/X (sky130_fd_sc_hd__a31o_2)
                                         _044_ (net)
                  0.06    0.00    0.67 v _092_/A2 (sky130_fd_sc_hd__o211a_2)
     3    0.01    0.06    0.26    0.93 v _092_/X (sky130_fd_sc_hd__o211a_2)
                                         _047_ (net)
                  0.06    0.00    0.93 v _095_/A3 (sky130_fd_sc_hd__o311a_2)
     3    0.01    0.07    0.35    1.28 v _095_/X (sky130_fd_sc_hd__o311a_2)
                                         _050_ (net)
                  0.07    0.00    1.28 v _098_/A3 (sky130_fd_sc_hd__o311a_2)
     2    0.00    0.06    0.34    1.61 v _098_/X (sky130_fd_sc_hd__o311a_2)
                                         _053_ (net)
                  0.06    0.00    1.61 v _101_/A3 (sky130_fd_sc_hd__o311a_2)
     3    0.01    0.07    0.35    1.97 v _101_/X (sky130_fd_sc_hd__o311a_2)
                                         _056_ (net)
                  0.07    0.00    1.97 v _104_/A3 (sky130_fd_sc_hd__o311a_2)
     3    0.01    0.07    0.36    2.33 v _104_/X (sky130_fd_sc_hd__o311a_2)
                                         _059_ (net)
                  0.07    0.00    2.33 v _107_/A3 (sky130_fd_sc_hd__o311a_2)
     2    0.01    0.07    0.35    2.68 v _107_/X (sky130_fd_sc_hd__o311a_2)
                                         _062_ (net)
                  0.07    0.00    2.68 v _114_/B (sky130_fd_sc_hd__nor2_2)
     1    0.01    0.13    0.12    2.80 ^ _114_/Y (sky130_fd_sc_hd__nor2_2)
                                         _067_ (net)
                  0.13    0.00    2.80 ^ _116_/A (sky130_fd_sc_hd__xnor2_2)
     1    0.00    0.04    0.07    2.87 v _116_/Y (sky130_fd_sc_hd__xnor2_2)
                                         x1_14.S (net)
                  0.04    0.00    2.87 v _164_/D (sky130_fd_sc_hd__dfxtp_2)
                                  2.87   data arrival time

                  0.00    6.15    6.15   clock core_clock (rise edge)
                          0.00    6.15   clock network delay (ideal)
                          0.00    6.15   clock reconvergence pessimism
                                  6.15 ^ _164_/CLK (sky130_fd_sc_hd__dfxtp_2)
                         -0.12    6.03   library setup time
                                  6.03   data required time
-----------------------------------------------------------------------------
                                  6.03   data required time
                                 -2.87   data arrival time
-----------------------------------------------------------------------------
                                  3.16   slack (MET)


Startpoint: _167_ (rising edge-triggered flip-flop clocked by core_clock)
Endpoint: _163_ (rising edge-triggered flip-flop clocked by core_clock)
Path Group: core_clock
Path Type: max

Fanout     Cap    Slew   Delay    Time   Description
-----------------------------------------------------------------------------
                  0.00    0.00    0.00   clock core_clock (rise edge)
                          0.00    0.00   clock network delay (ideal)
                  0.00    0.00    0.00 ^ _167_/CLK (sky130_fd_sc_hd__dfxtp_2)
     4    0.01    0.08    0.33    0.33 ^ _167_/Q (sky130_fd_sc_hd__dfxtp_2)
                                         x1_0.A (net)
                  0.08    0.00    0.33 ^ _087_/A1 (sky130_fd_sc_hd__o21ai_2)
     3    0.01    0.04    0.07    0.40 v _087_/Y (sky130_fd_sc_hd__o21ai_2)
                                         _042_ (net)
                  0.04    0.00    0.40 v _089_/A3 (sky130_fd_sc_hd__a31o_2)
     3    0.01    0.06    0.27    0.67 v _089_/X (sky130_fd_sc_hd__a31o_2)
                                         _044_ (net)
                  0.06    0.00    0.67 v _092_/A2 (sky130_fd_sc_hd__o211a_2)
     3    0.01    0.06    0.26    0.93 v _092_/X (sky130_fd_sc_hd__o211a_2)
                                         _047_ (net)
                  0.06    0.00    0.93 v _095_/A3 (sky130_fd_sc_hd__o311a_2)
     3    0.01    0.07    0.35    1.28 v _095_/X (sky130_fd_sc_hd__o311a_2)
                                         _050_ (net)
                  0.07    0.00    1.28 v _098_/A3 (sky130_fd_sc_hd__o311a_2)
     2    0.00    0.06    0.34    1.61 v _098_/X (sky130_fd_sc_hd__o311a_2)
                                         _053_ (net)
                  0.06    0.00    1.61 v _101_/A3 (sky130_fd_sc_hd__o311a_2)
     3    0.01    0.07    0.35    1.97 v _101_/X (sky130_fd_sc_hd__o311a_2)
                                         _056_ (net)
                  0.07    0.00    1.97 v _104_/A3 (sky130_fd_sc_hd__o311a_2)
     3    0.01    0.07    0.36    2.33 v _104_/X (sky130_fd_sc_hd__o311a_2)
                                         _059_ (net)
                  0.07    0.00    2.33 v _117_/A3 (sky130_fd_sc_hd__o31a_2)
     1    0.01    0.07    0.31    2.64 v _117_/X (sky130_fd_sc_hd__o31a_2)
                                         _069_ (net)
                  0.07    0.00    2.64 v _119_/A (sky130_fd_sc_hd__xnor2_2)
     1    0.00    0.04    0.13    2.76 v _119_/Y (sky130_fd_sc_hd__xnor2_2)
                                         x1_13.S (net)
                  0.04    0.00    2.76 v _163_/D (sky130_fd_sc_hd__dfxtp_2)
                                  2.76   data arrival time

                  0.00    6.15    6.15   clock core_clock (rise edge)
                          0.00    6.15   clock network delay (ideal)
                          0.00    6.15   clock reconvergence pessimism
                                  6.15 ^ _163_/CLK (sky130_fd_sc_hd__dfxtp_2)
                         -0.12    6.03   library setup time
                                  6.03   data required time
-----------------------------------------------------------------------------
                                  6.03   data required time
                                 -2.76   data arrival time
-----------------------------------------------------------------------------
                                  3.26   slack (MET)


Startpoint: _167_ (rising edge-triggered flip-flop clocked by core_clock)
Endpoint: _161_ (rising edge-triggered flip-flop clocked by core_clock)
Path Group: core_clock
Path Type: max

Fanout     Cap    Slew   Delay    Time   Description
-----------------------------------------------------------------------------
                  0.00    0.00    0.00   clock core_clock (rise edge)
                          0.00    0.00   clock network delay (ideal)
                  0.00    0.00    0.00 ^ _167_/CLK (sky130_fd_sc_hd__dfxtp_2)
     4    0.01    0.08    0.33    0.33 ^ _167_/Q (sky130_fd_sc_hd__dfxtp_2)
                                         x1_0.A (net)
                  0.08    0.00    0.33 ^ _087_/A1 (sky130_fd_sc_hd__o21ai_2)
     3    0.01    0.04    0.07    0.40 v _087_/Y (sky130_fd_sc_hd__o21ai_2)
                                         _042_ (net)
                  0.04    0.00    0.40 v _089_/A3 (sky130_fd_sc_hd__a31o_2)
     3    0.01    0.06    0.27    0.67 v _089_/X (sky130_fd_sc_hd__a31o_2)
                                         _044_ (net)
                  0.06    0.00    0.67 v _092_/A2 (sky130_fd_sc_hd__o211a_2)
     3    0.01    0.06    0.26    0.93 v _092_/X (sky130_fd_sc_hd__o211a_2)
                                         _047_ (net)
                  0.06    0.00    0.93 v _095_/A3 (sky130_fd_sc_hd__o311a_2)
     3    0.01    0.07    0.35    1.28 v _095_/X (sky130_fd_sc_hd__o311a_2)
                                         _050_ (net)
                  0.07    0.00    1.28 v _098_/A3 (sky130_fd_sc_hd__o311a_2)
     2    0.00    0.06    0.34    1.61 v _098_/X (sky130_fd_sc_hd__o311a_2)
                                         _053_ (net)
                  0.06    0.00    1.61 v _101_/A3 (sky130_fd_sc_hd__o311a_2)
     3    0.01    0.07    0.35    1.97 v _101_/X (sky130_fd_sc_hd__o311a_2)
                                         _056_ (net)
                  0.07    0.00    1.97 v _123_/A3 (sky130_fd_sc_hd__o31a_2)
     2    0.01    0.06    0.30    2.27 v _123_/X (sky130_fd_sc_hd__o31a_2)
                                         _002_ (net)
                  0.06    0.00    2.27 v _124_/B (sky130_fd_sc_hd__or2_2)
     1    0.00    0.06    0.28    2.55 v _124_/X (sky130_fd_sc_hd__or2_2)
                                         _003_ (net)
                  0.06    0.00    2.55 v _125_/B2 (sky130_fd_sc_hd__a22oi_2)
     1    0.00    0.11    0.13    2.67 ^ _125_/Y (sky130_fd_sc_hd__a22oi_2)
                                         x1_11.S (net)
                  0.11    0.00    2.67 ^ _161_/D (sky130_fd_sc_hd__dfxtp_2)
                                  2.67   data arrival time

                  0.00    6.15    6.15   clock core_clock (rise edge)
                          0.00    6.15   clock network delay (ideal)
                          0.00    6.15   clock reconvergence pessimism
                                  6.15 ^ _161_/CLK (sky130_fd_sc_hd__dfxtp_2)
                         -0.08    6.07   library setup time
                                  6.07   data required time
-----------------------------------------------------------------------------
                                  6.07   data required time
                                 -2.67   data arrival time
-----------------------------------------------------------------------------
                                  3.40   slack (MET)


Startpoint: _167_ (rising edge-triggered flip-flop clocked by core_clock)
Endpoint: _162_ (rising edge-triggered flip-flop clocked by core_clock)
Path Group: core_clock
Path Type: max

Fanout     Cap    Slew   Delay    Time   Description
-----------------------------------------------------------------------------
                  0.00    0.00    0.00   clock core_clock (rise edge)
                          0.00    0.00   clock network delay (ideal)
                  0.00    0.00    0.00 ^ _167_/CLK (sky130_fd_sc_hd__dfxtp_2)
     4    0.01    0.08    0.33    0.33 ^ _167_/Q (sky130_fd_sc_hd__dfxtp_2)
                                         x1_0.A (net)
                  0.08    0.00    0.33 ^ _087_/A1 (sky130_fd_sc_hd__o21ai_2)
     3    0.01    0.04    0.07    0.40 v _087_/Y (sky130_fd_sc_hd__o21ai_2)
                                         _042_ (net)
                  0.04    0.00    0.40 v _089_/A3 (sky130_fd_sc_hd__a31o_2)
     3    0.01    0.06    0.27    0.67 v _089_/X (sky130_fd_sc_hd__a31o_2)
                                         _044_ (net)
                  0.06    0.00    0.67 v _092_/A2 (sky130_fd_sc_hd__o211a_2)
     3    0.01    0.06    0.26    0.93 v _092_/X (sky130_fd_sc_hd__o211a_2)
                                         _047_ (net)
                  0.06    0.00    0.93 v _095_/A3 (sky130_fd_sc_hd__o311a_2)
     3    0.01    0.07    0.35    1.28 v _095_/X (sky130_fd_sc_hd__o311a_2)
                                         _050_ (net)
                  0.07    0.00    1.28 v _098_/A3 (sky130_fd_sc_hd__o311a_2)
     2    0.00    0.06    0.34    1.61 v _098_/X (sky130_fd_sc_hd__o311a_2)
                                         _053_ (net)
                  0.06    0.00    1.61 v _101_/A3 (sky130_fd_sc_hd__o311a_2)
     3    0.01    0.07    0.35    1.97 v _101_/X (sky130_fd_sc_hd__o311a_2)
                                         _056_ (net)
                  0.07    0.00    1.97 v _104_/A3 (sky130_fd_sc_hd__o311a_2)
     3    0.01    0.07    0.36    2.33 v _104_/X (sky130_fd_sc_hd__o311a_2)
                                         _059_ (net)
                  0.07    0.00    2.33 v _120_/B (sky130_fd_sc_hd__nor2_2)
     2    0.01    0.17    0.16    2.49 ^ _120_/Y (sky130_fd_sc_hd__nor2_2)
                                         _000_ (net)
                  0.17    0.00    2.49 ^ _122_/A (sky130_fd_sc_hd__xnor2_2)
     1    0.00    0.04    0.08    2.57 v _122_/Y (sky130_fd_sc_hd__xnor2_2)
                                         x1_12.S (net)
                  0.04    0.00    2.57 v _162_/D (sky130_fd_sc_hd__dfxtp_2)
                                  2.57   data arrival time

                  0.00    6.15    6.15   clock core_clock (rise edge)
                          0.00    6.15   clock network delay (ideal)
                          0.00    6.15   clock reconvergence pessimism
                                  6.15 ^ _162_/CLK (sky130_fd_sc_hd__dfxtp_2)
                         -0.12    6.03   library setup time
                                  6.03   data required time
-----------------------------------------------------------------------------
                                  6.03   data required time
                                 -2.57   data arrival time
-----------------------------------------------------------------------------
                                  3.46   slack (MET)


Startpoint: _167_ (rising edge-triggered flip-flop clocked by core_clock)
Endpoint: _208_ (rising edge-triggered flip-flop clocked by core_clock)
Path Group: core_clock
Path Type: max

Fanout     Cap    Slew   Delay    Time   Description
-----------------------------------------------------------------------------
                  0.00    0.00    0.00   clock core_clock (rise edge)
                          0.00    0.00   clock network delay (ideal)
                  0.00    0.00    0.00 ^ _167_/CLK (sky130_fd_sc_hd__dfxtp_2)
     4    0.01    0.08    0.33    0.33 ^ _167_/Q (sky130_fd_sc_hd__dfxtp_2)
                                         x1_0.A (net)
                  0.08    0.00    0.33 ^ _087_/A1 (sky130_fd_sc_hd__o21ai_2)
     3    0.01    0.04    0.07    0.40 v _087_/Y (sky130_fd_sc_hd__o21ai_2)
                                         _042_ (net)
                  0.04    0.00    0.40 v _089_/A3 (sky130_fd_sc_hd__a31o_2)
     3    0.01    0.06    0.27    0.67 v _089_/X (sky130_fd_sc_hd__a31o_2)
                                         _044_ (net)
                  0.06    0.00    0.67 v _092_/A2 (sky130_fd_sc_hd__o211a_2)
     3    0.01    0.06    0.26    0.93 v _092_/X (sky130_fd_sc_hd__o211a_2)
                                         _047_ (net)
                  0.06    0.00    0.93 v _095_/A3 (sky130_fd_sc_hd__o311a_2)
     3    0.01    0.07    0.35    1.28 v _095_/X (sky130_fd_sc_hd__o311a_2)
                                         _050_ (net)
                  0.07    0.00    1.28 v _098_/A3 (sky130_fd_sc_hd__o311a_2)
     2    0.00    0.06    0.34    1.61 v _098_/X (sky130_fd_sc_hd__o311a_2)
                                         _053_ (net)
                  0.06    0.00    1.61 v _129_/B (sky130_fd_sc_hd__or2_2)
     4    0.01    0.08    0.31    1.92 v _129_/X (sky130_fd_sc_hd__or2_2)
                                         _006_ (net)
                  0.08    0.00    1.92 v _130_/A2 (sky130_fd_sc_hd__o21a_2)
     2    0.01    0.05    0.22    2.15 v _130_/X (sky130_fd_sc_hd__o21a_2)
                                         _007_ (net)
                  0.05    0.00    2.15 v _133_/B1_N (sky130_fd_sc_hd__o21ba_2)
     1    0.00    0.05    0.23    2.38 ^ _133_/X (sky130_fd_sc_hd__o21ba_2)
                                         _009_ (net)
                  0.05    0.00    2.38 ^ _134_/B1 (sky130_fd_sc_hd__a21oi_2)
     1    0.00    0.04    0.03    2.40 v _134_/Y (sky130_fd_sc_hd__a21oi_2)
                                         x1_8.S (net)
                  0.04    0.00    2.40 v _208_/D (sky130_fd_sc_hd__dfxtp_2)
                                  2.40   data arrival time

                  0.00    6.15    6.15   clock core_clock (rise edge)
                          0.00    6.15   clock network delay (ideal)
                          0.00    6.15   clock reconvergence pessimism
                                  6.15 ^ _208_/CLK (sky130_fd_sc_hd__dfxtp_2)
                         -0.12    6.03   library setup time
                                  6.03   data required time
-----------------------------------------------------------------------------
                                  6.03   data required time
                                 -2.40   data arrival time
-----------------------------------------------------------------------------
                                  3.62   slack (MET)


Startpoint: _167_ (rising edge-triggered flip-flop clocked by core_clock)
Endpoint: _159_ (rising edge-triggered flip-flop clocked by core_clock)
Path Group: core_clock
Path Type: max

Fanout     Cap    Slew   Delay    Time   Description
-----------------------------------------------------------------------------
                  0.00    0.00    0.00   clock core_clock (rise edge)
                          0.00    0.00   clock network delay (ideal)
                  0.00    0.00    0.00 ^ _167_/CLK (sky130_fd_sc_hd__dfxtp_2)
     4    0.01    0.08    0.33    0.33 ^ _167_/Q (sky130_fd_sc_hd__dfxtp_2)
                                         x1_0.A (net)
                  0.08    0.00    0.33 ^ _087_/A1 (sky130_fd_sc_hd__o21ai_2)
     3    0.01    0.04    0.07    0.40 v _087_/Y (sky130_fd_sc_hd__o21ai_2)
                                         _042_ (net)
                  0.04    0.00    0.40 v _089_/A3 (sky130_fd_sc_hd__a31o_2)
     3    0.01    0.06    0.27    0.67 v _089_/X (sky130_fd_sc_hd__a31o_2)
                                         _044_ (net)
                  0.06    0.00    0.67 v _092_/A2 (sky130_fd_sc_hd__o211a_2)
     3    0.01    0.06    0.26    0.93 v _092_/X (sky130_fd_sc_hd__o211a_2)
                                         _047_ (net)
                  0.06    0.00    0.93 v _095_/A3 (sky130_fd_sc_hd__o311a_2)
     3    0.01    0.07    0.35    1.28 v _095_/X (sky130_fd_sc_hd__o311a_2)
                                         _050_ (net)
                  0.07    0.00    1.28 v _098_/A3 (sky130_fd_sc_hd__o311a_2)
     2    0.00    0.06    0.34    1.61 v _098_/X (sky130_fd_sc_hd__o311a_2)
                                         _053_ (net)
                  0.06    0.00    1.61 v _129_/B (sky130_fd_sc_hd__or2_2)
     4    0.01    0.08    0.31    1.92 v _129_/X (sky130_fd_sc_hd__or2_2)
                                         _006_ (net)
                  0.08    0.00    1.92 v _130_/A2 (sky130_fd_sc_hd__o21a_2)
     2    0.01    0.05    0.22    2.15 v _130_/X (sky130_fd_sc_hd__o21a_2)
                                         _007_ (net)
                  0.05    0.00    2.15 v _132_/A (sky130_fd_sc_hd__xnor2_2)
     1    0.00    0.04    0.12    2.27 v _132_/Y (sky130_fd_sc_hd__xnor2_2)
                                         x1_9.S (net)
                  0.04    0.00    2.27 v _159_/D (sky130_fd_sc_hd__dfxtp_2)
                                  2.27   data arrival time

                  0.00    6.15    6.15   clock core_clock (rise edge)
                          0.00    6.15   clock network delay (ideal)
                          0.00    6.15   clock reconvergence pessimism
                                  6.15 ^ _159_/CLK (sky130_fd_sc_hd__dfxtp_2)
                         -0.12    6.03   library setup time
                                  6.03   data required time
-----------------------------------------------------------------------------
                                  6.03   data required time
                                 -2.27   data arrival time
-----------------------------------------------------------------------------
                                  3.76   slack (MET)


Startpoint: _167_ (rising edge-triggered flip-flop clocked by core_clock)
Endpoint: _207_ (rising edge-triggered flip-flop clocked by core_clock)
Path Group: core_clock
Path Type: max

Fanout     Cap    Slew   Delay    Time   Description
-----------------------------------------------------------------------------
                  0.00    0.00    0.00   clock core_clock (rise edge)
                          0.00    0.00   clock network delay (ideal)
                  0.00    0.00    0.00 ^ _167_/CLK (sky130_fd_sc_hd__dfxtp_2)
     4    0.01    0.08    0.33    0.33 ^ _167_/Q (sky130_fd_sc_hd__dfxtp_2)
                                         x1_0.A (net)
                  0.08    0.00    0.33 ^ _087_/A1 (sky130_fd_sc_hd__o21ai_2)
     3    0.01    0.04    0.07    0.40 v _087_/Y (sky130_fd_sc_hd__o21ai_2)
                                         _042_ (net)
                  0.04    0.00    0.40 v _089_/A3 (sky130_fd_sc_hd__a31o_2)
     3    0.01    0.06    0.27    0.67 v _089_/X (sky130_fd_sc_hd__a31o_2)
                                         _044_ (net)
                  0.06    0.00    0.67 v _092_/A2 (sky130_fd_sc_hd__o211a_2)
     3    0.01    0.06    0.26    0.93 v _092_/X (sky130_fd_sc_hd__o211a_2)
                                         _047_ (net)
                  0.06    0.00    0.93 v _095_/A3 (sky130_fd_sc_hd__o311a_2)
     3    0.01    0.07    0.35    1.28 v _095_/X (sky130_fd_sc_hd__o311a_2)
                                         _050_ (net)
                  0.07    0.00    1.28 v _098_/A3 (sky130_fd_sc_hd__o311a_2)
     2    0.00    0.06    0.34    1.61 v _098_/X (sky130_fd_sc_hd__o311a_2)
                                         _053_ (net)
                  0.06    0.00    1.61 v _129_/B (sky130_fd_sc_hd__or2_2)
     4    0.01    0.08    0.31    1.92 v _129_/X (sky130_fd_sc_hd__or2_2)
                                         _006_ (net)
                  0.08    0.00    1.92 v _137_/B1 (sky130_fd_sc_hd__a2bb2o_2)
     1    0.00    0.04    0.26    2.18 v _137_/X (sky130_fd_sc_hd__a2bb2o_2)
                                         x1_7.S (net)
                  0.04    0.00    2.18 v _207_/D (sky130_fd_sc_hd__dfxtp_2)
                                  2.18   data arrival time

                  0.00    6.15    6.15   clock core_clock (rise edge)
                          0.00    6.15   clock network delay (ideal)
                          0.00    6.15   clock reconvergence pessimism
                                  6.15 ^ _207_/CLK (sky130_fd_sc_hd__dfxtp_2)
                         -0.12    6.03   library setup time
                                  6.03   data required time
-----------------------------------------------------------------------------
                                  6.03   data required time
                                 -2.18   data arrival time
-----------------------------------------------------------------------------
                                  3.85   slack (MET)


Startpoint: _167_ (rising edge-triggered flip-flop clocked by core_clock)
Endpoint: _160_ (rising edge-triggered flip-flop clocked by core_clock)
Path Group: core_clock
Path Type: max

Fanout     Cap    Slew   Delay    Time   Description
-----------------------------------------------------------------------------
                  0.00    0.00    0.00   clock core_clock (rise edge)
                          0.00    0.00   clock network delay (ideal)
                  0.00    0.00    0.00 ^ _167_/CLK (sky130_fd_sc_hd__dfxtp_2)
     4    0.01    0.08    0.33    0.33 ^ _167_/Q (sky130_fd_sc_hd__dfxtp_2)
                                         x1_0.A (net)
                  0.08    0.00    0.33 ^ _087_/A1 (sky130_fd_sc_hd__o21ai_2)
     3    0.01    0.04    0.07    0.40 v _087_/Y (sky130_fd_sc_hd__o21ai_2)
                                         _042_ (net)
                  0.04    0.00    0.40 v _089_/A3 (sky130_fd_sc_hd__a31o_2)
     3    0.01    0.06    0.27    0.67 v _089_/X (sky130_fd_sc_hd__a31o_2)
                                         _044_ (net)
                  0.06    0.00    0.67 v _092_/A2 (sky130_fd_sc_hd__o211a_2)
     3    0.01    0.06    0.26    0.93 v _092_/X (sky130_fd_sc_hd__o211a_2)
                                         _047_ (net)
                  0.06    0.00    0.93 v _095_/A3 (sky130_fd_sc_hd__o311a_2)
     3    0.01    0.07    0.35    1.28 v _095_/X (sky130_fd_sc_hd__o311a_2)
                                         _050_ (net)
                  0.07    0.00    1.28 v _098_/A3 (sky130_fd_sc_hd__o311a_2)
     2    0.00    0.06    0.34    1.61 v _098_/X (sky130_fd_sc_hd__o311a_2)
                                         _053_ (net)
                  0.06    0.00    1.61 v _101_/A3 (sky130_fd_sc_hd__o311a_2)
     3    0.01    0.07    0.35    1.97 v _101_/X (sky130_fd_sc_hd__o311a_2)
                                         _056_ (net)
                  0.07    0.00    1.97 v _126_/B (sky130_fd_sc_hd__nor2_2)
     1    0.01    0.13    0.13    2.09 ^ _126_/Y (sky130_fd_sc_hd__nor2_2)
                                         _004_ (net)
                  0.13    0.00    2.09 ^ _128_/A (sky130_fd_sc_hd__xnor2_2)
     1    0.00    0.04    0.07    2.17 v _128_/Y (sky130_fd_sc_hd__xnor2_2)
                                         x1_10.S (net)
                  0.04    0.00    2.17 v _160_/D (sky130_fd_sc_hd__dfxtp_2)
                                  2.17   data arrival time

                  0.00    6.15    6.15   clock core_clock (rise edge)
                          0.00    6.15   clock network delay (ideal)
                          0.00    6.15   clock reconvergence pessimism
                                  6.15 ^ _160_/CLK (sky130_fd_sc_hd__dfxtp_2)
                         -0.12    6.03   library setup time
                                  6.03   data required time
-----------------------------------------------------------------------------
                                  6.03   data required time
                                 -2.17   data arrival time
-----------------------------------------------------------------------------
                                  3.86   slack (MET)


Startpoint: _167_ (rising edge-triggered flip-flop clocked by core_clock)
Endpoint: _206_ (rising edge-triggered flip-flop clocked by core_clock)
Path Group: core_clock
Path Type: max

Fanout     Cap    Slew   Delay    Time   Description
-----------------------------------------------------------------------------
                  0.00    0.00    0.00   clock core_clock (rise edge)
                          0.00    0.00   clock network delay (ideal)
                  0.00    0.00    0.00 ^ _167_/CLK (sky130_fd_sc_hd__dfxtp_2)
     4    0.01    0.08    0.33    0.33 ^ _167_/Q (sky130_fd_sc_hd__dfxtp_2)
                                         x1_0.A (net)
                  0.08    0.00    0.33 ^ _087_/A1 (sky130_fd_sc_hd__o21ai_2)
     3    0.01    0.04    0.07    0.40 v _087_/Y (sky130_fd_sc_hd__o21ai_2)
                                         _042_ (net)
                  0.04    0.00    0.40 v _089_/A3 (sky130_fd_sc_hd__a31o_2)
     3    0.01    0.06    0.27    0.67 v _089_/X (sky130_fd_sc_hd__a31o_2)
                                         _044_ (net)
                  0.06    0.00    0.67 v _092_/A2 (sky130_fd_sc_hd__o211a_2)
     3    0.01    0.06    0.26    0.93 v _092_/X (sky130_fd_sc_hd__o211a_2)
                                         _047_ (net)
                  0.06    0.00    0.93 v _095_/A3 (sky130_fd_sc_hd__o311a_2)
     3    0.01    0.07    0.35    1.28 v _095_/X (sky130_fd_sc_hd__o311a_2)
                                         _050_ (net)
                  0.07    0.00    1.28 v _138_/B (sky130_fd_sc_hd__nor2_2)
     1    0.01    0.13    0.13    1.41 ^ _138_/Y (sky130_fd_sc_hd__nor2_2)
                                         _012_ (net)
                  0.13    0.00    1.41 ^ _140_/A (sky130_fd_sc_hd__xnor2_2)
     1    0.00    0.04    0.07    1.48 v _140_/Y (sky130_fd_sc_hd__xnor2_2)
                                         x1_6.S (net)
                  0.04    0.00    1.48 v _206_/D (sky130_fd_sc_hd__dfxtp_2)
                                  1.48   data arrival time

                  0.00    6.15    6.15   clock core_clock (rise edge)
                          0.00    6.15   clock network delay (ideal)
                          0.00    6.15   clock reconvergence pessimism
                                  6.15 ^ _206_/CLK (sky130_fd_sc_hd__dfxtp_2)
                         -0.12    6.03   library setup time
                                  6.03   data required time
-----------------------------------------------------------------------------
                                  6.03   data required time
                                 -1.48   data arrival time
-----------------------------------------------------------------------------
                                  4.55   slack (MET)


Startpoint: _167_ (rising edge-triggered flip-flop clocked by core_clock)
Endpoint: _205_ (rising edge-triggered flip-flop clocked by core_clock)
Path Group: core_clock
Path Type: max

Fanout     Cap    Slew   Delay    Time   Description
-----------------------------------------------------------------------------
                  0.00    0.00    0.00   clock core_clock (rise edge)
                          0.00    0.00   clock network delay (ideal)
                  0.00    0.00    0.00 ^ _167_/CLK (sky130_fd_sc_hd__dfxtp_2)
     4    0.01    0.08    0.33    0.33 ^ _167_/Q (sky130_fd_sc_hd__dfxtp_2)
                                         x1_0.A (net)
                  0.08    0.00    0.33 ^ _087_/A1 (sky130_fd_sc_hd__o21ai_2)
     3    0.01    0.04    0.07    0.40 v _087_/Y (sky130_fd_sc_hd__o21ai_2)
                                         _042_ (net)
                  0.04    0.00    0.40 v _089_/A3 (sky130_fd_sc_hd__a31o_2)
     3    0.01    0.06    0.27    0.67 v _089_/X (sky130_fd_sc_hd__a31o_2)
                                         _044_ (net)
                  0.06    0.00    0.67 v _092_/A2 (sky130_fd_sc_hd__o211a_2)
     3    0.01    0.06    0.26    0.93 v _092_/X (sky130_fd_sc_hd__o211a_2)
                                         _047_ (net)
                  0.06    0.00    0.93 v _141_/A3 (sky130_fd_sc_hd__o31a_2)
     1    0.01    0.07    0.30    1.23 v _141_/X (sky130_fd_sc_hd__o31a_2)
                                         _014_ (net)
                  0.07    0.00    1.23 v _143_/A (sky130_fd_sc_hd__xnor2_2)
     1    0.00    0.04    0.13    1.36 v _143_/Y (sky130_fd_sc_hd__xnor2_2)
                                         x1_5.S (net)
                  0.04    0.00    1.36 v _205_/D (sky130_fd_sc_hd__dfxtp_2)
                                  1.36   data arrival time

                  0.00    6.15    6.15   clock core_clock (rise edge)
                          0.00    6.15   clock network delay (ideal)
                          0.00    6.15   clock reconvergence pessimism
                                  6.15 ^ _205_/CLK (sky130_fd_sc_hd__dfxtp_2)
                         -0.12    6.03   library setup time
                                  6.03   data required time
-----------------------------------------------------------------------------
                                  6.03   data required time
                                 -1.36   data arrival time
-----------------------------------------------------------------------------
                                  4.67   slack (MET)


Startpoint: _167_ (rising edge-triggered flip-flop clocked by core_clock)
Endpoint: _204_ (rising edge-triggered flip-flop clocked by core_clock)
Path Group: core_clock
Path Type: max

Fanout     Cap    Slew   Delay    Time   Description
-----------------------------------------------------------------------------
                  0.00    0.00    0.00   clock core_clock (rise edge)
                          0.00    0.00   clock network delay (ideal)
                  0.00    0.00    0.00 ^ _167_/CLK (sky130_fd_sc_hd__dfxtp_2)
     4    0.01    0.08    0.33    0.33 ^ _167_/Q (sky130_fd_sc_hd__dfxtp_2)
                                         x1_0.A (net)
                  0.08    0.00    0.33 ^ _087_/A1 (sky130_fd_sc_hd__o21ai_2)
     3    0.01    0.04    0.07    0.40 v _087_/Y (sky130_fd_sc_hd__o21ai_2)
                                         _042_ (net)
                  0.04    0.00    0.40 v _089_/A3 (sky130_fd_sc_hd__a31o_2)
     3    0.01    0.06    0.27    0.67 v _089_/X (sky130_fd_sc_hd__a31o_2)
                                         _044_ (net)
                  0.06    0.00    0.67 v _092_/A2 (sky130_fd_sc_hd__o211a_2)
     3    0.01    0.06    0.26    0.93 v _092_/X (sky130_fd_sc_hd__o211a_2)
                                         _047_ (net)
                  0.06    0.00    0.93 v _144_/B (sky130_fd_sc_hd__nor2_2)
     1    0.01    0.13    0.12    1.05 ^ _144_/Y (sky130_fd_sc_hd__nor2_2)
                                         _016_ (net)
                  0.13    0.00    1.05 ^ _146_/A (sky130_fd_sc_hd__xnor2_2)
     1    0.00    0.04    0.07    1.12 v _146_/Y (sky130_fd_sc_hd__xnor2_2)
                                         x1_4.S (net)
                  0.04    0.00    1.12 v _204_/D (sky130_fd_sc_hd__dfxtp_2)
                                  1.12   data arrival time

                  0.00    6.15    6.15   clock core_clock (rise edge)
                          0.00    6.15   clock network delay (ideal)
                          0.00    6.15   clock reconvergence pessimism
                                  6.15 ^ _204_/CLK (sky130_fd_sc_hd__dfxtp_2)
                         -0.12    6.03   library setup time
                                  6.03   data required time
-----------------------------------------------------------------------------
                                  6.03   data required time
                                 -1.12   data arrival time
-----------------------------------------------------------------------------
                                  4.91   slack (MET)


Startpoint: _167_ (rising edge-triggered flip-flop clocked by core_clock)
Endpoint: _203_ (rising edge-triggered flip-flop clocked by core_clock)
Path Group: core_clock
Path Type: max

Fanout     Cap    Slew   Delay    Time   Description
-----------------------------------------------------------------------------
                  0.00    0.00    0.00   clock core_clock (rise edge)
                          0.00    0.00   clock network delay (ideal)
                  0.00    0.00    0.00 ^ _167_/CLK (sky130_fd_sc_hd__dfxtp_2)
     4    0.01    0.08    0.33    0.33 ^ _167_/Q (sky130_fd_sc_hd__dfxtp_2)
                                         x1_0.A (net)
                  0.08    0.00    0.33 ^ _087_/A1 (sky130_fd_sc_hd__o21ai_2)
     3    0.01    0.04    0.07    0.40 v _087_/Y (sky130_fd_sc_hd__o21ai_2)
                                         _042_ (net)
                  0.04    0.00    0.40 v _089_/A3 (sky130_fd_sc_hd__a31o_2)
     3    0.01    0.06    0.27    0.67 v _089_/X (sky130_fd_sc_hd__a31o_2)
                                         _044_ (net)
                  0.06    0.00    0.67 v _147_/A2 (sky130_fd_sc_hd__o21a_2)
     1    0.01    0.05    0.21    0.88 v _147_/X (sky130_fd_sc_hd__o21a_2)
                                         _018_ (net)
                  0.05    0.00    0.88 v _149_/A (sky130_fd_sc_hd__xnor2_2)
     1    0.00    0.04    0.12    1.00 v _149_/Y (sky130_fd_sc_hd__xnor2_2)
                                         x1_3.S (net)
                  0.04    0.00    1.00 v _203_/D (sky130_fd_sc_hd__dfxtp_2)
                                  1.00   data arrival time

                  0.00    6.15    6.15   clock core_clock (rise edge)
                          0.00    6.15   clock network delay (ideal)
                          0.00    6.15   clock reconvergence pessimism
                                  6.15 ^ _203_/CLK (sky130_fd_sc_hd__dfxtp_2)
                         -0.12    6.03   library setup time
                                  6.03   data required time
-----------------------------------------------------------------------------
                                  6.03   data required time
                                 -1.00   data arrival time
-----------------------------------------------------------------------------
                                  5.03   slack (MET)


Startpoint: _183_ (rising edge-triggered flip-flop clocked by core_clock)
Endpoint: _200_ (rising edge-triggered flip-flop clocked by core_clock)
Path Group: core_clock
Path Type: max

Fanout     Cap    Slew   Delay    Time   Description
-----------------------------------------------------------------------------
                  0.00    0.00    0.00   clock core_clock (rise edge)
                          0.00    0.00   clock network delay (ideal)
                  0.00    0.00    0.00 ^ _183_/CLK (sky130_fd_sc_hd__dfxtp_2)
     3    0.01    0.03    0.30    0.30 v _183_/Q (sky130_fd_sc_hd__dfxtp_2)
                                         x1_0.B (net)
                  0.03    0.00    0.30 v _156_/A (sky130_fd_sc_hd__or3_2)
     1    0.00    0.07    0.46    0.75 v _156_/X (sky130_fd_sc_hd__or3_2)
                                         _024_ (net)
                  0.07    0.00    0.75 v _158_/A3 (sky130_fd_sc_hd__a31o_2)
     1    0.00    0.03    0.24    1.00 v _158_/X (sky130_fd_sc_hd__a31o_2)
                                         x1_0.S (net)
                  0.03    0.00    1.00 v _200_/D (sky130_fd_sc_hd__dfxtp_2)
                                  1.00   data arrival time

                  0.00    6.15    6.15   clock core_clock (rise edge)
                          0.00    6.15   clock network delay (ideal)
                          0.00    6.15   clock reconvergence pessimism
                                  6.15 ^ _200_/CLK (sky130_fd_sc_hd__dfxtp_2)
                         -0.12    6.03   library setup time
                                  6.03   data required time
-----------------------------------------------------------------------------
                                  6.03   data required time
                                 -1.00   data arrival time
-----------------------------------------------------------------------------
                                  5.04   slack (MET)


Startpoint: _167_ (rising edge-triggered flip-flop clocked by core_clock)
Endpoint: _202_ (rising edge-triggered flip-flop clocked by core_clock)
Path Group: core_clock
Path Type: max

Fanout     Cap    Slew   Delay    Time   Description
-----------------------------------------------------------------------------
                  0.00    0.00    0.00   clock core_clock (rise edge)
                          0.00    0.00   clock network delay (ideal)
                  0.00    0.00    0.00 ^ _167_/CLK (sky130_fd_sc_hd__dfxtp_2)
     4    0.01    0.08    0.33    0.33 ^ _167_/Q (sky130_fd_sc_hd__dfxtp_2)
                                         x1_0.A (net)
                  0.08    0.00    0.33 ^ _087_/A1 (sky130_fd_sc_hd__o21ai_2)
     3    0.01    0.04    0.07    0.40 v _087_/Y (sky130_fd_sc_hd__o21ai_2)
                                         _042_ (net)
                  0.04    0.00    0.40 v _089_/A3 (sky130_fd_sc_hd__a31o_2)
     3    0.01    0.06    0.27    0.67 v _089_/X (sky130_fd_sc_hd__a31o_2)
                                         _044_ (net)
                  0.06    0.00    0.67 v _151_/A (sky130_fd_sc_hd__xnor2_2)
     1    0.00    0.04    0.13    0.79 v _151_/Y (sky130_fd_sc_hd__xnor2_2)
                                         x1_2.S (net)
                  0.04    0.00    0.79 v _202_/D (sky130_fd_sc_hd__dfxtp_2)
                                  0.79   data arrival time

                  0.00    6.15    6.15   clock core_clock (rise edge)
                          0.00    6.15   clock network delay (ideal)
                          0.00    6.15   clock reconvergence pessimism
                                  6.15 ^ _202_/CLK (sky130_fd_sc_hd__dfxtp_2)
                         -0.12    6.03   library setup time
                                  6.03   data required time
-----------------------------------------------------------------------------
                                  6.03   data required time
                                 -0.79   data arrival time
-----------------------------------------------------------------------------
                                  5.24   slack (MET)


Startpoint: _167_ (rising edge-triggered flip-flop clocked by core_clock)
Endpoint: _201_ (rising edge-triggered flip-flop clocked by core_clock)
Path Group: core_clock
Path Type: max

Fanout     Cap    Slew   Delay    Time   Description
-----------------------------------------------------------------------------
                  0.00    0.00    0.00   clock core_clock (rise edge)
                          0.00    0.00   clock network delay (ideal)
                  0.00    0.00    0.00 ^ _167_/CLK (sky130_fd_sc_hd__dfxtp_2)
     4    0.01    0.08    0.33    0.33 ^ _167_/Q (sky130_fd_sc_hd__dfxtp_2)
                                         x1_0.A (net)
                  0.08    0.00    0.33 ^ _087_/A1 (sky130_fd_sc_hd__o21ai_2)
     3    0.01    0.04    0.07    0.40 v _087_/Y (sky130_fd_sc_hd__o21ai_2)
                                         _042_ (net)
                  0.04    0.00    0.40 v _152_/B (sky130_fd_sc_hd__and2_2)
     1    0.01    0.05    0.20    0.60 v _152_/X (sky130_fd_sc_hd__and2_2)
                                         _021_ (net)
                  0.05    0.00    0.60 v _155_/A (sky130_fd_sc_hd__xnor2_2)
     1    0.00    0.04    0.12    0.72 v _155_/Y (sky130_fd_sc_hd__xnor2_2)
                                         x1_1.S (net)
                  0.04    0.00    0.72 v _201_/D (sky130_fd_sc_hd__dfxtp_2)
                                  0.72   data arrival time

                  0.00    6.15    6.15   clock core_clock (rise edge)
                          0.00    6.15   clock network delay (ideal)
                          0.00    6.15   clock reconvergence pessimism
                                  6.15 ^ _201_/CLK (sky130_fd_sc_hd__dfxtp_2)
                         -0.12    6.03   library setup time
                                  6.03   data required time
-----------------------------------------------------------------------------
                                  6.03   data required time
                                 -0.72   data arrival time
-----------------------------------------------------------------------------
                                  5.31   slack (MET)



worst slack corner Typical: 2.8961
