
===========================================================================
report_checks -unconstrained
===========================================================================
======================= Typical Corner ===================================

Startpoint: _167_ (rising edge-triggered flip-flop clocked by core_clock)
Endpoint: _165_ (rising edge-triggered flip-flop clocked by core_clock)
Path Group: core_clock
Path Type: max

Fanout     Cap    Slew   Delay    Time   Description
-----------------------------------------------------------------------------
                  0.00    0.00    0.00   clock core_clock (rise edge)
                          0.00    0.00   clock network delay (ideal)
                  0.00    0.00    0.00 ^ _167_/CLK (sky130_fd_sc_hd__dfxtp_2)
     4    0.01    0.08    0.33    0.33 ^ _167_/Q (sky130_fd_sc_hd__dfxtp_2)
                                         x1_0.A (net)
                  0.08    0.00    0.33 ^ _087_/A1 (sky130_fd_sc_hd__o21ai_2)
     3    0.01    0.04    0.07    0.40 v _087_/Y (sky130_fd_sc_hd__o21ai_2)
                                         _042_ (net)
                  0.04    0.00    0.40 v _089_/A3 (sky130_fd_sc_hd__a31o_2)
     3    0.01    0.06    0.27    0.67 v _089_/X (sky130_fd_sc_hd__a31o_2)
                                         _044_ (net)
                  0.06    0.00    0.67 v _092_/A2 (sky130_fd_sc_hd__o211a_2)
     3    0.01    0.06    0.26    0.93 v _092_/X (sky130_fd_sc_hd__o211a_2)
                                         _047_ (net)
                  0.06    0.00    0.93 v _095_/A3 (sky130_fd_sc_hd__o311a_2)
     3    0.01    0.07    0.35    1.28 v _095_/X (sky130_fd_sc_hd__o311a_2)
                                         _050_ (net)
                  0.07    0.00    1.28 v _098_/A3 (sky130_fd_sc_hd__o311a_2)
     2    0.00    0.06    0.34    1.61 v _098_/X (sky130_fd_sc_hd__o311a_2)
                                         _053_ (net)
                  0.06    0.00    1.61 v _101_/A3 (sky130_fd_sc_hd__o311a_2)
     3    0.01    0.07    0.35    1.97 v _101_/X (sky130_fd_sc_hd__o311a_2)
                                         _056_ (net)
                  0.07    0.00    1.97 v _104_/A3 (sky130_fd_sc_hd__o311a_2)
     3    0.01    0.07    0.36    2.33 v _104_/X (sky130_fd_sc_hd__o311a_2)
                                         _059_ (net)
                  0.07    0.00    2.33 v _107_/A3 (sky130_fd_sc_hd__o311a_2)
     2    0.01    0.07    0.35    2.68 v _107_/X (sky130_fd_sc_hd__o311a_2)
                                         _062_ (net)
                  0.07    0.00    2.68 v _109_/A3 (sky130_fd_sc_hd__o31a_2)
     2    0.01    0.08    0.32    3.00 v _109_/X (sky130_fd_sc_hd__o31a_2)
                                         _064_ (net)
                  0.08    0.00    3.00 v _113_/A (sky130_fd_sc_hd__xnor2_2)
     1    0.00    0.04    0.13    3.13 v _113_/Y (sky130_fd_sc_hd__xnor2_2)
                                         x1_15.S (net)
                  0.04    0.00    3.13 v _165_/D (sky130_fd_sc_hd__dfxtp_2)
                                  3.13   data arrival time

                  0.00    6.15    6.15   clock core_clock (rise edge)
                          0.00    6.15   clock network delay (ideal)
                          0.00    6.15   clock reconvergence pessimism
                                  6.15 ^ _165_/CLK (sky130_fd_sc_hd__dfxtp_2)
                         -0.12    6.03   library setup time
                                  6.03   data required time
-----------------------------------------------------------------------------
                                  6.03   data required time
                                 -3.13   data arrival time
-----------------------------------------------------------------------------
                                  2.90   slack (MET)




===========================================================================
report_checks --slack_max -0.01
============================================================================
======================= Typical Corner ===================================

No paths found.


===========================================================================
 report_check_types -max_slew -max_cap -max_fanout -violators
============================================================================
======================= Typical Corner ===================================


max slew violations count Typical: 0
max fanout violations count Typical: 0
max cap violations count Typical: 0

===========================================================================
report_parasitic_annotation -report_unannotated
============================================================================
Found 172 unannotated drivers.
 A[0]
 A[10]
 A[11]
 A[12]
 A[13]
 A[14]
 A[15]
 A[1]
 A[2]
 A[3]
 A[4]
 A[5]
 A[6]
 A[7]
 A[8]
 A[9]
 B[0]
 B[10]
 B[11]
 B[12]
 B[13]
 B[14]
 B[15]
 B[1]
 B[2]
 B[3]
 B[4]
 B[5]
 B[6]
 B[7]
 B[8]
 B[9]
 CLK
 Cin
 _071_/Y
 _072_/Y
 _073_/Y
 _074_/Y
 _075_/Y
 _076_/Y
 _077_/Y
 _078_/Y
 _079_/Y
 _080_/Y
 _081_/Y
 _082_/Y
 _083_/Y
 _084_/Y
 _085_/Y
 _086_/Y
 _087_/Y
 _088_/Y
 _089_/X
 _090_/Y
 _091_/Y
 _092_/X
 _093_/Y
 _094_/Y
 _095_/X
 _096_/Y
 _097_/Y
 _098_/X
 _099_/Y
 _100_/Y
 _101_/X
 _102_/Y
 _103_/Y
 _104_/X
 _105_/Y
 _106_/Y
 _107_/X
 _108_/Y
 _109_/X
 _110_/Y
 _111_/Y
 _112_/X
 _113_/Y
 _114_/Y
 _115_/X
 _116_/Y
 _117_/X
 _118_/X
 _119_/Y
 _120_/Y
 _121_/X
 _122_/Y
 _123_/X
 _124_/X
 _125_/Y
 _126_/Y
 _127_/X
 _128_/Y
 _129_/X
 _130_/X
 _131_/X
 _132_/Y
 _133_/X
 _134_/Y
 _135_/X
 _136_/Y
 _137_/X
 _138_/Y
 _139_/X
 _140_/Y
 _141_/X
 _142_/X
 _143_/Y
 _144_/Y
 _145_/X
 _146_/Y
 _147_/X
 _148_/X
 _149_/Y
 _150_/X
 _151_/Y
 _152_/X
 _153_/X
 _154_/Y
 _155_/Y
 _156_/X
 _157_/X
 _158_/X
 _159_/Q
 _160_/Q
 _161_/Q
 _162_/Q
 _163_/Q
 _164_/Q
 _165_/Q
 _166_/Q
 _167_/Q
 _168_/Q
 _169_/Q
 _170_/Q
 _171_/Q
 _172_/Q
 _173_/Q
 _174_/Q
 _175_/Q
 _176_/Q
 _177_/Q
 _178_/Q
 _179_/Q
 _180_/Q
 _181_/Q
 _182_/Q
 _183_/Q
 _184_/Q
 _185_/Q
 _186_/Q
 _187_/Q
 _188_/Q
 _189_/Q
 _190_/Q
 _191_/Q
 _192_/Q
 _193_/Q
 _194_/Q
 _195_/Q
 _196_/Q
 _197_/Q
 _198_/Q
 _199_/Q
 _200_/Q
 _201_/Q
 _202_/Q
 _203_/Q
 _204_/Q
 _205_/Q
 _206_/Q
 _207_/Q
 _208_/Q
Found 0 partially unannotated drivers.

===========================================================================
max slew violation count 0
max fanout violation count 0
max cap violation count 0
============================================================================

===========================================================================
check_setup -verbose -unconstrained_endpoints -multiple_clock -no_clock -no_input_delay -loops -generated_clocks
===========================================================================
Warning: There are 33 input ports missing set_input_delay.
  A[0]
  A[10]
  A[11]
  A[12]
  A[13]
  A[14]
  A[15]
  A[1]
  A[2]
  A[3]
  A[4]
  A[5]
  A[6]
  A[7]
  A[8]
  A[9]
  B[0]
  B[10]
  B[11]
  B[12]
  B[13]
  B[14]
  B[15]
  B[1]
  B[2]
  B[3]
  B[4]
  B[5]
  B[6]
  B[7]
  B[8]
  B[9]
  Cin
Warning: There are 50 unconstrained endpoints.
  Cout
  S[0]
  S[10]
  S[11]
  S[12]
  S[13]
  S[14]
  S[15]
  S[1]
  S[2]
  S[3]
  S[4]
  S[5]
  S[6]
  S[7]
  S[8]
  S[9]
  _167_/D
  _168_/D
  _169_/D
  _170_/D
  _171_/D
  _172_/D
  _173_/D
  _174_/D
  _175_/D
  _176_/D
  _177_/D
  _178_/D
  _179_/D
  _180_/D
  _181_/D
  _182_/D
  _183_/D
  _184_/D
  _185_/D
  _186_/D
  _187_/D
  _188_/D
  _189_/D
  _190_/D
  _191_/D
  _192_/D
  _193_/D
  _194_/D
  _195_/D
  _196_/D
  _197_/D
  _198_/D
  _199_/D
