
===========================================================================
 report_power
============================================================================
======================= Fastest Corner ===================================

Group                  Internal  Switching    Leakage      Total
                          Power      Power      Power      Power (Watts)
----------------------------------------------------------------
Sequential             4.10e-04   1.81e-05   7.26e-10   4.28e-04  52.8%
Combinational          3.73e-05   3.36e-05   4.32e-10   7.09e-05   8.7%
Clock                  1.71e-04   1.41e-04   8.03e-10   3.12e-04  38.5%
Macro                  0.00e+00   0.00e+00   0.00e+00   0.00e+00   0.0%
Pad                    0.00e+00   0.00e+00   0.00e+00   0.00e+00   0.0%
----------------------------------------------------------------
Total                  6.19e-04   1.92e-04   1.96e-09   8.11e-04 100.0%
                          76.3%      23.7%       0.0%

======================= Slowest Corner ===================================

Group                  Internal  Switching    Leakage      Total
                          Power      Power      Power      Power (Watts)
----------------------------------------------------------------
Sequential             2.75e-04   1.20e-05   7.32e-07   2.88e-04  52.2%
Combinational          2.79e-05   2.21e-05   5.31e-07   5.05e-05   9.2%
Clock                  1.24e-04   8.99e-05   1.06e-07   2.13e-04  38.7%
Macro                  0.00e+00   0.00e+00   0.00e+00   0.00e+00   0.0%
Pad                    0.00e+00   0.00e+00   0.00e+00   0.00e+00   0.0%
----------------------------------------------------------------
Total                  4.26e-04   1.24e-04   1.37e-06   5.52e-04 100.0%
                          77.3%      22.5%       0.2%

======================= Typical Corner ===================================

Group                  Internal  Switching    Leakage      Total
                          Power      Power      Power      Power (Watts)
----------------------------------------------------------------
Sequential             3.54e-04   1.53e-05   4.22e-10   3.69e-04  52.8%
Combinational          3.40e-05   2.83e-05   2.99e-10   6.24e-05   8.9%
Clock                  1.50e-04   1.18e-04   5.17e-10   2.68e-04  38.3%
Macro                  0.00e+00   0.00e+00   0.00e+00   0.00e+00   0.0%
Pad                    0.00e+00   0.00e+00   0.00e+00   0.00e+00   0.0%
----------------------------------------------------------------
Total                  5.38e-04   1.62e-04   1.24e-09   6.99e-04 100.0%
                          76.9%      23.1%       0.0%

