
===========================================================================
report_checks -path_delay min (Hold)
============================================================================
======================= Typical Corner ===================================

Startpoint: _182_ (rising edge-triggered flip-flop clocked by core_clock)
Endpoint: _166_ (rising edge-triggered flip-flop clocked by core_clock)
Path Group: core_clock
Path Type: min

Fanout     Cap    Slew   Delay    Time   Description
-----------------------------------------------------------------------------
                          0.00    0.00   clock core_clock (rise edge)
                          0.00    0.00   clock source latency
     1    0.01    0.00    0.00    0.00 ^ CLK (in)
                                         CLK (net)
                  0.00    0.00    0.00 ^ clkbuf_0_CLK/A (sky130_fd_sc_hd__clkbuf_16)
     4    0.03    0.05    0.12    0.12 ^ clkbuf_0_CLK/X (sky130_fd_sc_hd__clkbuf_16)
                                         clknet_0_CLK (net)
                  0.05    0.00    0.12 ^ clkbuf_2_3__f_CLK/A (sky130_fd_sc_hd__clkbuf_16)
    12    0.04    0.06    0.14    0.26 ^ clkbuf_2_3__f_CLK/X (sky130_fd_sc_hd__clkbuf_16)
                                         clknet_2_3__leaf_CLK (net)
                  0.06    0.00    0.26 ^ _182_/CLK (sky130_fd_sc_hd__dfxtp_1)
     2    0.01    0.04    0.31    0.57 v _182_/Q (sky130_fd_sc_hd__dfxtp_1)
                                         x1_15.A (net)
                  0.04    0.00    0.57 v _110_/B (sky130_fd_sc_hd__nand2_1)
     2    0.01    0.06    0.07    0.65 ^ _110_/Y (sky130_fd_sc_hd__nand2_1)
                                         _065_ (net)
                  0.06    0.00    0.65 ^ _111_/B1 (sky130_fd_sc_hd__o21ai_1)
     1    0.00    0.03    0.06    0.70 v _111_/Y (sky130_fd_sc_hd__o21ai_1)
                                         x1_15.Cout (net)
                  0.03    0.00    0.70 v _166_/D (sky130_fd_sc_hd__dfxtp_1)
                                  0.70   data arrival time

                          0.00    0.00   clock core_clock (rise edge)
                          0.00    0.00   clock source latency
     1    0.01    0.00    0.00    0.00 ^ CLK (in)
                                         CLK (net)
                  0.00    0.00    0.00 ^ clkbuf_0_CLK/A (sky130_fd_sc_hd__clkbuf_16)
     4    0.03    0.05    0.12    0.12 ^ clkbuf_0_CLK/X (sky130_fd_sc_hd__clkbuf_16)
                                         clknet_0_CLK (net)
                  0.05    0.00    0.12 ^ clkbuf_2_3__f_CLK/A (sky130_fd_sc_hd__clkbuf_16)
    12    0.04    0.06    0.14    0.26 ^ clkbuf_2_3__f_CLK/X (sky130_fd_sc_hd__clkbuf_16)
                                         clknet_2_3__leaf_CLK (net)
                  0.06    0.00    0.26 ^ _166_/CLK (sky130_fd_sc_hd__dfxtp_1)
                          0.00    0.26   clock reconvergence pessimism
                         -0.05    0.22   library hold time
                                  0.22   data required time
-----------------------------------------------------------------------------
                                  0.22   data required time
                                 -0.70   data arrival time
-----------------------------------------------------------------------------
                                  0.48   slack (MET)


Startpoint: _175_ (rising edge-triggered flip-flop clocked by core_clock)
Endpoint: _208_ (rising edge-triggered flip-flop clocked by core_clock)
Path Group: core_clock
Path Type: min

Fanout     Cap    Slew   Delay    Time   Description
-----------------------------------------------------------------------------
                          0.00    0.00   clock core_clock (rise edge)
                          0.00    0.00   clock source latency
     1    0.01    0.00    0.00    0.00 ^ CLK (in)
                                         CLK (net)
                  0.00    0.00    0.00 ^ clkbuf_0_CLK/A (sky130_fd_sc_hd__clkbuf_16)
     4    0.03    0.05    0.12    0.12 ^ clkbuf_0_CLK/X (sky130_fd_sc_hd__clkbuf_16)
                                         clknet_0_CLK (net)
                  0.05    0.00    0.12 ^ clkbuf_2_1__f_CLK/A (sky130_fd_sc_hd__clkbuf_16)
    16    0.04    0.06    0.15    0.27 ^ clkbuf_2_1__f_CLK/X (sky130_fd_sc_hd__clkbuf_16)
                                         clknet_2_1__leaf_CLK (net)
                  0.06    0.00    0.27 ^ _175_/CLK (sky130_fd_sc_hd__dfxtp_1)
     2    0.00    0.06    0.32    0.59 ^ _175_/Q (sky130_fd_sc_hd__dfxtp_1)
                                         x1_8.A (net)
                  0.06    0.00    0.59 ^ _078_/B (sky130_fd_sc_hd__nor2_1)
     3    0.01    0.05    0.06    0.65 v _078_/Y (sky130_fd_sc_hd__nor2_1)
                                         _033_ (net)
                  0.05    0.00    0.65 v _134_/A1 (sky130_fd_sc_hd__a21oi_1)
     1    0.00    0.09    0.12    0.77 ^ _134_/Y (sky130_fd_sc_hd__a21oi_1)
                                         x1_8.S (net)
                  0.09    0.00    0.77 ^ _208_/D (sky130_fd_sc_hd__dfxtp_1)
                                  0.77   data arrival time

                          0.00    0.00   clock core_clock (rise edge)
                          0.00    0.00   clock source latency
     1    0.01    0.00    0.00    0.00 ^ CLK (in)
                                         CLK (net)
                  0.00    0.00    0.00 ^ clkbuf_0_CLK/A (sky130_fd_sc_hd__clkbuf_16)
     4    0.03    0.05    0.12    0.12 ^ clkbuf_0_CLK/X (sky130_fd_sc_hd__clkbuf_16)
                                         clknet_0_CLK (net)
                  0.05    0.00    0.12 ^ clkbuf_2_3__f_CLK/A (sky130_fd_sc_hd__clkbuf_16)
    12    0.04    0.06    0.14    0.26 ^ clkbuf_2_3__f_CLK/X (sky130_fd_sc_hd__clkbuf_16)
                                         clknet_2_3__leaf_CLK (net)
                  0.06    0.00    0.26 ^ _208_/CLK (sky130_fd_sc_hd__dfxtp_1)
                          0.00    0.26   clock reconvergence pessimism
                         -0.04    0.22   library hold time
                                  0.22   data required time
-----------------------------------------------------------------------------
                                  0.22   data required time
                                 -0.77   data arrival time
-----------------------------------------------------------------------------
                                  0.55   slack (MET)


Startpoint: _194_ (rising edge-triggered flip-flop clocked by core_clock)
Endpoint: _161_ (rising edge-triggered flip-flop clocked by core_clock)
Path Group: core_clock
Path Type: min

Fanout     Cap    Slew   Delay    Time   Description
-----------------------------------------------------------------------------
                          0.00    0.00   clock core_clock (rise edge)
                          0.00    0.00   clock source latency
     1    0.01    0.00    0.00    0.00 ^ CLK (in)
                                         CLK (net)
                  0.00    0.00    0.00 ^ clkbuf_0_CLK/A (sky130_fd_sc_hd__clkbuf_16)
     4    0.03    0.05    0.12    0.12 ^ clkbuf_0_CLK/X (sky130_fd_sc_hd__clkbuf_16)
                                         clknet_0_CLK (net)
                  0.05    0.00    0.12 ^ clkbuf_2_2__f_CLK/A (sky130_fd_sc_hd__clkbuf_16)
    10    0.03    0.05    0.14    0.26 ^ clkbuf_2_2__f_CLK/X (sky130_fd_sc_hd__clkbuf_16)
                                         clknet_2_2__leaf_CLK (net)
                  0.05    0.00    0.26 ^ _194_/CLK (sky130_fd_sc_hd__dfxtp_1)
     2    0.00    0.03    0.30    0.56 v _194_/Q (sky130_fd_sc_hd__dfxtp_1)
                                         x1_11.B (net)
                  0.03    0.00    0.56 v _103_/A (sky130_fd_sc_hd__nand2_1)
     2    0.01    0.06    0.06    0.62 ^ _103_/Y (sky130_fd_sc_hd__nand2_1)
                                         _058_ (net)
                  0.06    0.00    0.62 ^ _124_/A (sky130_fd_sc_hd__or2_1)
     1    0.00    0.05    0.10    0.72 ^ _124_/X (sky130_fd_sc_hd__or2_1)
                                         _003_ (net)
                  0.05    0.00    0.72 ^ _125_/B2 (sky130_fd_sc_hd__a22oi_1)
     1    0.00    0.05    0.06    0.78 v _125_/Y (sky130_fd_sc_hd__a22oi_1)
                                         x1_11.S (net)
                  0.05    0.00    0.78 v _161_/D (sky130_fd_sc_hd__dfxtp_1)
                                  0.78   data arrival time

                          0.00    0.00   clock core_clock (rise edge)
                          0.00    0.00   clock source latency
     1    0.01    0.00    0.00    0.00 ^ CLK (in)
                                         CLK (net)
                  0.00    0.00    0.00 ^ clkbuf_0_CLK/A (sky130_fd_sc_hd__clkbuf_16)
     4    0.03    0.05    0.12    0.12 ^ clkbuf_0_CLK/X (sky130_fd_sc_hd__clkbuf_16)
                                         clknet_0_CLK (net)
                  0.05    0.00    0.12 ^ clkbuf_2_1__f_CLK/A (sky130_fd_sc_hd__clkbuf_16)
    16    0.04    0.06    0.15    0.27 ^ clkbuf_2_1__f_CLK/X (sky130_fd_sc_hd__clkbuf_16)
                                         clknet_2_1__leaf_CLK (net)
                  0.06    0.00    0.27 ^ _161_/CLK (sky130_fd_sc_hd__dfxtp_1)
                          0.00    0.27   clock reconvergence pessimism
                         -0.05    0.21   library hold time
                                  0.21   data required time
-----------------------------------------------------------------------------
                                  0.21   data required time
                                 -0.78   data arrival time
-----------------------------------------------------------------------------
                                  0.57   slack (MET)


Startpoint: _174_ (rising edge-triggered flip-flop clocked by core_clock)
Endpoint: _207_ (rising edge-triggered flip-flop clocked by core_clock)
Path Group: core_clock
Path Type: min

Fanout     Cap    Slew   Delay    Time   Description
-----------------------------------------------------------------------------
                          0.00    0.00   clock core_clock (rise edge)
                          0.00    0.00   clock source latency
     1    0.01    0.00    0.00    0.00 ^ CLK (in)
                                         CLK (net)
                  0.00    0.00    0.00 ^ clkbuf_0_CLK/A (sky130_fd_sc_hd__clkbuf_16)
     4    0.03    0.05    0.12    0.12 ^ clkbuf_0_CLK/X (sky130_fd_sc_hd__clkbuf_16)
                                         clknet_0_CLK (net)
                  0.05    0.00    0.12 ^ clkbuf_2_1__f_CLK/A (sky130_fd_sc_hd__clkbuf_16)
    16    0.04    0.06    0.15    0.27 ^ clkbuf_2_1__f_CLK/X (sky130_fd_sc_hd__clkbuf_16)
                                         clknet_2_1__leaf_CLK (net)
                  0.06    0.00    0.27 ^ _174_/CLK (sky130_fd_sc_hd__dfxtp_1)
     2    0.00    0.06    0.32    0.59 ^ _174_/Q (sky130_fd_sc_hd__dfxtp_1)
                                         x1_7.A (net)
                  0.06    0.00    0.59 ^ _079_/B (sky130_fd_sc_hd__nor2_1)
     3    0.01    0.04    0.06    0.65 v _079_/Y (sky130_fd_sc_hd__nor2_1)
                                         _034_ (net)
                  0.04    0.00    0.65 v _136_/A (sky130_fd_sc_hd__nand2_1)
     1    0.00    0.04    0.05    0.70 ^ _136_/Y (sky130_fd_sc_hd__nand2_1)
                                         _011_ (net)
                  0.04    0.00    0.70 ^ _137_/B2 (sky130_fd_sc_hd__a2bb2o_1)
     1    0.00    0.04    0.11    0.81 ^ _137_/X (sky130_fd_sc_hd__a2bb2o_1)
                                         x1_7.S (net)
                  0.04    0.00    0.81 ^ _207_/D (sky130_fd_sc_hd__dfxtp_1)
                                  0.81   data arrival time

                          0.00    0.00   clock core_clock (rise edge)
                          0.00    0.00   clock source latency
     1    0.01    0.00    0.00    0.00 ^ CLK (in)
                                         CLK (net)
                  0.00    0.00    0.00 ^ clkbuf_0_CLK/A (sky130_fd_sc_hd__clkbuf_16)
     4    0.03    0.05    0.12    0.12 ^ clkbuf_0_CLK/X (sky130_fd_sc_hd__clkbuf_16)
                                         clknet_0_CLK (net)
                  0.05    0.00    0.12 ^ clkbuf_2_0__f_CLK/A (sky130_fd_sc_hd__clkbuf_16)
    15    0.04    0.06    0.15    0.27 ^ clkbuf_2_0__f_CLK/X (sky130_fd_sc_hd__clkbuf_16)
                                         clknet_2_0__leaf_CLK (net)
                  0.06    0.00    0.27 ^ _207_/CLK (sky130_fd_sc_hd__dfxtp_1)
                          0.00    0.27   clock reconvergence pessimism
                         -0.03    0.24   library hold time
                                  0.24   data required time
-----------------------------------------------------------------------------
                                  0.24   data required time
                                 -0.81   data arrival time
-----------------------------------------------------------------------------
                                  0.57   slack (MET)


Startpoint: _167_ (rising edge-triggered flip-flop clocked by core_clock)
Endpoint: _200_ (rising edge-triggered flip-flop clocked by core_clock)
Path Group: core_clock
Path Type: min

Fanout     Cap    Slew   Delay    Time   Description
-----------------------------------------------------------------------------
                          0.00    0.00   clock core_clock (rise edge)
                          0.00    0.00   clock source latency
     1    0.01    0.00    0.00    0.00 ^ CLK (in)
                                         CLK (net)
                  0.00    0.00    0.00 ^ clkbuf_0_CLK/A (sky130_fd_sc_hd__clkbuf_16)
     4    0.03    0.05    0.12    0.12 ^ clkbuf_0_CLK/X (sky130_fd_sc_hd__clkbuf_16)
                                         clknet_0_CLK (net)
                  0.05    0.00    0.12 ^ clkbuf_2_1__f_CLK/A (sky130_fd_sc_hd__clkbuf_16)
    16    0.04    0.06    0.15    0.27 ^ clkbuf_2_1__f_CLK/X (sky130_fd_sc_hd__clkbuf_16)
                                         clknet_2_1__leaf_CLK (net)
                  0.06    0.00    0.27 ^ _167_/CLK (sky130_fd_sc_hd__dfxtp_1)
     4    0.01    0.05    0.33    0.59 v _167_/Q (sky130_fd_sc_hd__dfxtp_1)
                                         x1_0.A (net)
                  0.05    0.00    0.59 v _086_/A (sky130_fd_sc_hd__nand2_1)
     3    0.01    0.08    0.09    0.68 ^ _086_/Y (sky130_fd_sc_hd__nand2_1)
                                         _041_ (net)
                  0.08    0.00    0.68 ^ _158_/A1 (sky130_fd_sc_hd__a31o_1)
     1    0.01    0.06    0.15    0.84 ^ _158_/X (sky130_fd_sc_hd__a31o_1)
                                         x1_0.S (net)
                  0.06    0.00    0.84 ^ _200_/D (sky130_fd_sc_hd__dfxtp_1)
                                  0.84   data arrival time

                          0.00    0.00   clock core_clock (rise edge)
                          0.00    0.00   clock source latency
     1    0.01    0.00    0.00    0.00 ^ CLK (in)
                                         CLK (net)
                  0.00    0.00    0.00 ^ clkbuf_0_CLK/A (sky130_fd_sc_hd__clkbuf_16)
     4    0.03    0.05    0.12    0.12 ^ clkbuf_0_CLK/X (sky130_fd_sc_hd__clkbuf_16)
                                         clknet_0_CLK (net)
                  0.05    0.00    0.12 ^ clkbuf_2_0__f_CLK/A (sky130_fd_sc_hd__clkbuf_16)
    15    0.04    0.06    0.15    0.27 ^ clkbuf_2_0__f_CLK/X (sky130_fd_sc_hd__clkbuf_16)
                                         clknet_2_0__leaf_CLK (net)
                  0.06    0.00    0.27 ^ _200_/CLK (sky130_fd_sc_hd__dfxtp_1)
                          0.00    0.27   clock reconvergence pessimism
                         -0.03    0.23   library hold time
                                  0.23   data required time
-----------------------------------------------------------------------------
                                  0.23   data required time
                                 -0.84   data arrival time
-----------------------------------------------------------------------------
                                  0.60   slack (MET)


Startpoint: _186_ (rising edge-triggered flip-flop clocked by core_clock)
Endpoint: _203_ (rising edge-triggered flip-flop clocked by core_clock)
Path Group: core_clock
Path Type: min

Fanout     Cap    Slew   Delay    Time   Description
-----------------------------------------------------------------------------
                          0.00    0.00   clock core_clock (rise edge)
                          0.00    0.00   clock source latency
     1    0.01    0.00    0.00    0.00 ^ CLK (in)
                                         CLK (net)
                  0.00    0.00    0.00 ^ clkbuf_0_CLK/A (sky130_fd_sc_hd__clkbuf_16)
     4    0.03    0.05    0.12    0.12 ^ clkbuf_0_CLK/X (sky130_fd_sc_hd__clkbuf_16)
                                         clknet_0_CLK (net)
                  0.05    0.00    0.12 ^ clkbuf_2_0__f_CLK/A (sky130_fd_sc_hd__clkbuf_16)
    15    0.04    0.06    0.15    0.27 ^ clkbuf_2_0__f_CLK/X (sky130_fd_sc_hd__clkbuf_16)
                                         clknet_2_0__leaf_CLK (net)
                  0.06    0.00    0.27 ^ _186_/CLK (sky130_fd_sc_hd__dfxtp_1)
     2    0.00    0.03    0.30    0.57 v _186_/Q (sky130_fd_sc_hd__dfxtp_1)
                                         x1_3.B (net)
                  0.03    0.00    0.57 v _091_/A (sky130_fd_sc_hd__nand2_1)
     2    0.00    0.05    0.06    0.63 ^ _091_/Y (sky130_fd_sc_hd__nand2_1)
                                         _046_ (net)
                  0.05    0.00    0.63 ^ _148_/B (sky130_fd_sc_hd__and2b_1)
     1    0.01    0.07    0.14    0.77 ^ _148_/X (sky130_fd_sc_hd__and2b_1)
                                         _019_ (net)
                  0.07    0.00    0.77 ^ _149_/B (sky130_fd_sc_hd__xnor2_1)
     1    0.00    0.04    0.06    0.83 v _149_/Y (sky130_fd_sc_hd__xnor2_1)
                                         x1_3.S (net)
                  0.04    0.00    0.83 v _203_/D (sky130_fd_sc_hd__dfxtp_1)
                                  0.83   data arrival time

                          0.00    0.00   clock core_clock (rise edge)
                          0.00    0.00   clock source latency
     1    0.01    0.00    0.00    0.00 ^ CLK (in)
                                         CLK (net)
                  0.00    0.00    0.00 ^ clkbuf_0_CLK/A (sky130_fd_sc_hd__clkbuf_16)
     4    0.03    0.05    0.12    0.12 ^ clkbuf_0_CLK/X (sky130_fd_sc_hd__clkbuf_16)
                                         clknet_0_CLK (net)
                  0.05    0.00    0.12 ^ clkbuf_2_0__f_CLK/A (sky130_fd_sc_hd__clkbuf_16)
    15    0.04    0.06    0.15    0.27 ^ clkbuf_2_0__f_CLK/X (sky130_fd_sc_hd__clkbuf_16)
                                         clknet_2_0__leaf_CLK (net)
                  0.06    0.00    0.27 ^ _203_/CLK (sky130_fd_sc_hd__dfxtp_1)
                          0.00    0.27   clock reconvergence pessimism
                         -0.05    0.22   library hold time
                                  0.22   data required time
-----------------------------------------------------------------------------
                                  0.22   data required time
                                 -0.83   data arrival time
-----------------------------------------------------------------------------
                                  0.61   slack (MET)


Startpoint: _168_ (rising edge-triggered flip-flop clocked by core_clock)
Endpoint: _201_ (rising edge-triggered flip-flop clocked by core_clock)
Path Group: core_clock
Path Type: min

Fanout     Cap    Slew   Delay    Time   Description
-----------------------------------------------------------------------------
                          0.00    0.00   clock core_clock (rise edge)
                          0.00    0.00   clock source latency
     1    0.01    0.00    0.00    0.00 ^ CLK (in)
                                         CLK (net)
                  0.00    0.00    0.00 ^ clkbuf_0_CLK/A (sky130_fd_sc_hd__clkbuf_16)
     4    0.03    0.05    0.12    0.12 ^ clkbuf_0_CLK/X (sky130_fd_sc_hd__clkbuf_16)
                                         clknet_0_CLK (net)
                  0.05    0.00    0.12 ^ clkbuf_2_1__f_CLK/A (sky130_fd_sc_hd__clkbuf_16)
    16    0.04    0.06    0.15    0.27 ^ clkbuf_2_1__f_CLK/X (sky130_fd_sc_hd__clkbuf_16)
                                         clknet_2_1__leaf_CLK (net)
                  0.06    0.00    0.27 ^ _168_/CLK (sky130_fd_sc_hd__dfxtp_1)
     3    0.01    0.07    0.33    0.60 ^ _168_/Q (sky130_fd_sc_hd__dfxtp_1)
                                         x1_1.A (net)
                  0.07    0.00    0.60 ^ _088_/B (sky130_fd_sc_hd__nor2_1)
     2    0.01    0.03    0.05    0.65 v _088_/Y (sky130_fd_sc_hd__nor2_1)
                                         _043_ (net)
                  0.03    0.00    0.65 v _154_/B (sky130_fd_sc_hd__nor2_1)
     1    0.01    0.13    0.12    0.77 ^ _154_/Y (sky130_fd_sc_hd__nor2_1)
                                         _023_ (net)
                  0.13    0.00    0.77 ^ _155_/B (sky130_fd_sc_hd__xnor2_1)
     1    0.00    0.03    0.07    0.84 v _155_/Y (sky130_fd_sc_hd__xnor2_1)
                                         x1_1.S (net)
                  0.03    0.00    0.84 v _201_/D (sky130_fd_sc_hd__dfxtp_1)
                                  0.84   data arrival time

                          0.00    0.00   clock core_clock (rise edge)
                          0.00    0.00   clock source latency
     1    0.01    0.00    0.00    0.00 ^ CLK (in)
                                         CLK (net)
                  0.00    0.00    0.00 ^ clkbuf_0_CLK/A (sky130_fd_sc_hd__clkbuf_16)
     4    0.03    0.05    0.12    0.12 ^ clkbuf_0_CLK/X (sky130_fd_sc_hd__clkbuf_16)
                                         clknet_0_CLK (net)
                  0.05    0.00    0.12 ^ clkbuf_2_0__f_CLK/A (sky130_fd_sc_hd__clkbuf_16)
    15    0.04    0.06    0.15    0.27 ^ clkbuf_2_0__f_CLK/X (sky130_fd_sc_hd__clkbuf_16)
                                         clknet_2_0__leaf_CLK (net)
                  0.06    0.00    0.27 ^ _201_/CLK (sky130_fd_sc_hd__dfxtp_1)
                          0.00    0.27   clock reconvergence pessimism
                         -0.04    0.22   library hold time
                                  0.22   data required time
-----------------------------------------------------------------------------
                                  0.22   data required time
                                 -0.84   data arrival time
-----------------------------------------------------------------------------
                                  0.61   slack (MET)


Startpoint: _176_ (rising edge-triggered flip-flop clocked by core_clock)
Endpoint: _159_ (rising edge-triggered flip-flop clocked by core_clock)
Path Group: core_clock
Path Type: min

Fanout     Cap    Slew   Delay    Time   Description
-----------------------------------------------------------------------------
                          0.00    0.00   clock core_clock (rise edge)
                          0.00    0.00   clock source latency
     1    0.01    0.00    0.00    0.00 ^ CLK (in)
                                         CLK (net)
                  0.00    0.00    0.00 ^ clkbuf_0_CLK/A (sky130_fd_sc_hd__clkbuf_16)
     4    0.03    0.05    0.12    0.12 ^ clkbuf_0_CLK/X (sky130_fd_sc_hd__clkbuf_16)
                                         clknet_0_CLK (net)
                  0.05    0.00    0.12 ^ clkbuf_2_3__f_CLK/A (sky130_fd_sc_hd__clkbuf_16)
    12    0.04    0.06    0.14    0.26 ^ clkbuf_2_3__f_CLK/X (sky130_fd_sc_hd__clkbuf_16)
                                         clknet_2_3__leaf_CLK (net)
                  0.06    0.00    0.26 ^ _176_/CLK (sky130_fd_sc_hd__dfxtp_1)
     2    0.00    0.03    0.30    0.57 v _176_/Q (sky130_fd_sc_hd__dfxtp_1)
                                         x1_9.A (net)
                  0.03    0.00    0.57 v _100_/B (sky130_fd_sc_hd__nand2_1)
     2    0.01    0.06    0.08    0.64 ^ _100_/Y (sky130_fd_sc_hd__nand2_1)
                                         _055_ (net)
                  0.06    0.00    0.64 ^ _131_/B (sky130_fd_sc_hd__and2b_1)
     1    0.01    0.06    0.14    0.78 ^ _131_/X (sky130_fd_sc_hd__and2b_1)
                                         _008_ (net)
                  0.06    0.00    0.78 ^ _132_/B (sky130_fd_sc_hd__xnor2_1)
     1    0.00    0.03    0.06    0.83 v _132_/Y (sky130_fd_sc_hd__xnor2_1)
                                         x1_9.S (net)
                  0.03    0.00    0.83 v _159_/D (sky130_fd_sc_hd__dfxtp_1)
                                  0.83   data arrival time

                          0.00    0.00   clock core_clock (rise edge)
                          0.00    0.00   clock source latency
     1    0.01    0.00    0.00    0.00 ^ CLK (in)
                                         CLK (net)
                  0.00    0.00    0.00 ^ clkbuf_0_CLK/A (sky130_fd_sc_hd__clkbuf_16)
     4    0.03    0.05    0.12    0.12 ^ clkbuf_0_CLK/X (sky130_fd_sc_hd__clkbuf_16)
                                         clknet_0_CLK (net)
                  0.05    0.00    0.12 ^ clkbuf_2_3__f_CLK/A (sky130_fd_sc_hd__clkbuf_16)
    12    0.04    0.06    0.14    0.26 ^ clkbuf_2_3__f_CLK/X (sky130_fd_sc_hd__clkbuf_16)
                                         clknet_2_3__leaf_CLK (net)
                  0.06    0.00    0.26 ^ _159_/CLK (sky130_fd_sc_hd__dfxtp_1)
                          0.00    0.26   clock reconvergence pessimism
                         -0.04    0.22   library hold time
                                  0.22   data required time
-----------------------------------------------------------------------------
                                  0.22   data required time
                                 -0.83   data arrival time
-----------------------------------------------------------------------------
                                  0.62   slack (MET)


Startpoint: _182_ (rising edge-triggered flip-flop clocked by core_clock)
Endpoint: _165_ (rising edge-triggered flip-flop clocked by core_clock)
Path Group: core_clock
Path Type: min

Fanout     Cap    Slew   Delay    Time   Description
-----------------------------------------------------------------------------
                          0.00    0.00   clock core_clock (rise edge)
                          0.00    0.00   clock source latency
     1    0.01    0.00    0.00    0.00 ^ CLK (in)
                                         CLK (net)
                  0.00    0.00    0.00 ^ clkbuf_0_CLK/A (sky130_fd_sc_hd__clkbuf_16)
     4    0.03    0.05    0.12    0.12 ^ clkbuf_0_CLK/X (sky130_fd_sc_hd__clkbuf_16)
                                         clknet_0_CLK (net)
                  0.05    0.00    0.12 ^ clkbuf_2_3__f_CLK/A (sky130_fd_sc_hd__clkbuf_16)
    12    0.04    0.06    0.14    0.26 ^ clkbuf_2_3__f_CLK/X (sky130_fd_sc_hd__clkbuf_16)
                                         clknet_2_3__leaf_CLK (net)
                  0.06    0.00    0.26 ^ _182_/CLK (sky130_fd_sc_hd__dfxtp_1)
     2    0.01    0.04    0.31    0.57 v _182_/Q (sky130_fd_sc_hd__dfxtp_1)
                                         x1_15.A (net)
                  0.04    0.00    0.57 v _110_/B (sky130_fd_sc_hd__nand2_1)
     2    0.01    0.06    0.07    0.65 ^ _110_/Y (sky130_fd_sc_hd__nand2_1)
                                         _065_ (net)
                  0.06    0.00    0.65 ^ _112_/B (sky130_fd_sc_hd__and2b_1)
     1    0.01    0.06    0.13    0.78 ^ _112_/X (sky130_fd_sc_hd__and2b_1)
                                         _066_ (net)
                  0.06    0.00    0.78 ^ _113_/B (sky130_fd_sc_hd__xnor2_1)
     1    0.00    0.03    0.06    0.84 v _113_/Y (sky130_fd_sc_hd__xnor2_1)
                                         x1_15.S (net)
                  0.03    0.00    0.84 v _165_/D (sky130_fd_sc_hd__dfxtp_1)
                                  0.84   data arrival time

                          0.00    0.00   clock core_clock (rise edge)
                          0.00    0.00   clock source latency
     1    0.01    0.00    0.00    0.00 ^ CLK (in)
                                         CLK (net)
                  0.00    0.00    0.00 ^ clkbuf_0_CLK/A (sky130_fd_sc_hd__clkbuf_16)
     4    0.03    0.05    0.12    0.12 ^ clkbuf_0_CLK/X (sky130_fd_sc_hd__clkbuf_16)
                                         clknet_0_CLK (net)
                  0.05    0.00    0.12 ^ clkbuf_2_3__f_CLK/A (sky130_fd_sc_hd__clkbuf_16)
    12    0.04    0.06    0.14    0.26 ^ clkbuf_2_3__f_CLK/X (sky130_fd_sc_hd__clkbuf_16)
                                         clknet_2_3__leaf_CLK (net)
                  0.06    0.00    0.26 ^ _165_/CLK (sky130_fd_sc_hd__dfxtp_1)
                          0.00    0.26   clock reconvergence pessimism
                         -0.05    0.22   library hold time
                                  0.22   data required time
-----------------------------------------------------------------------------
                                  0.22   data required time
                                 -0.84   data arrival time
-----------------------------------------------------------------------------
                                  0.62   slack (MET)


Startpoint: _196_ (rising edge-triggered flip-flop clocked by core_clock)
Endpoint: _163_ (rising edge-triggered flip-flop clocked by core_clock)
Path Group: core_clock
Path Type: min

Fanout     Cap    Slew   Delay    Time   Description
-----------------------------------------------------------------------------
                          0.00    0.00   clock core_clock (rise edge)
                          0.00    0.00   clock source latency
     1    0.01    0.00    0.00    0.00 ^ CLK (in)
                                         CLK (net)
                  0.00    0.00    0.00 ^ clkbuf_0_CLK/A (sky130_fd_sc_hd__clkbuf_16)
     4    0.03    0.05    0.12    0.12 ^ clkbuf_0_CLK/X (sky130_fd_sc_hd__clkbuf_16)
                                         clknet_0_CLK (net)
                  0.05    0.00    0.12 ^ clkbuf_2_2__f_CLK/A (sky130_fd_sc_hd__clkbuf_16)
    10    0.03    0.05    0.14    0.26 ^ clkbuf_2_2__f_CLK/X (sky130_fd_sc_hd__clkbuf_16)
                                         clknet_2_2__leaf_CLK (net)
                  0.05    0.00    0.26 ^ _196_/CLK (sky130_fd_sc_hd__dfxtp_1)
     2    0.00    0.03    0.30    0.56 v _196_/Q (sky130_fd_sc_hd__dfxtp_1)
                                         x1_13.B (net)
                  0.03    0.00    0.56 v _106_/A (sky130_fd_sc_hd__nand2_1)
     2    0.01    0.07    0.07    0.63 ^ _106_/Y (sky130_fd_sc_hd__nand2_1)
                                         _061_ (net)
                  0.07    0.00    0.63 ^ _118_/B (sky130_fd_sc_hd__and2b_1)
     1    0.01    0.07    0.14    0.77 ^ _118_/X (sky130_fd_sc_hd__and2b_1)
                                         _070_ (net)
                  0.07    0.00    0.77 ^ _119_/B (sky130_fd_sc_hd__xnor2_1)
     1    0.00    0.05    0.07    0.84 v _119_/Y (sky130_fd_sc_hd__xnor2_1)
                                         x1_13.S (net)
                  0.05    0.00    0.84 v _163_/D (sky130_fd_sc_hd__dfxtp_1)
                                  0.84   data arrival time

                          0.00    0.00   clock core_clock (rise edge)
                          0.00    0.00   clock source latency
     1    0.01    0.00    0.00    0.00 ^ CLK (in)
                                         CLK (net)
                  0.00    0.00    0.00 ^ clkbuf_0_CLK/A (sky130_fd_sc_hd__clkbuf_16)
     4    0.03    0.05    0.12    0.12 ^ clkbuf_0_CLK/X (sky130_fd_sc_hd__clkbuf_16)
                                         clknet_0_CLK (net)
                  0.05    0.00    0.12 ^ clkbuf_2_1__f_CLK/A (sky130_fd_sc_hd__clkbuf_16)
    16    0.04    0.06    0.15    0.27 ^ clkbuf_2_1__f_CLK/X (sky130_fd_sc_hd__clkbuf_16)
                                         clknet_2_1__leaf_CLK (net)
                  0.06    0.00    0.27 ^ _163_/CLK (sky130_fd_sc_hd__dfxtp_1)
                          0.00    0.27   clock reconvergence pessimism
                         -0.05    0.22   library hold time
                                  0.22   data required time
-----------------------------------------------------------------------------
                                  0.22   data required time
                                 -0.84   data arrival time
-----------------------------------------------------------------------------
                                  0.62   slack (MET)


Startpoint: _169_ (rising edge-triggered flip-flop clocked by core_clock)
Endpoint: _202_ (rising edge-triggered flip-flop clocked by core_clock)
Path Group: core_clock
Path Type: min

Fanout     Cap    Slew   Delay    Time   Description
-----------------------------------------------------------------------------
                          0.00    0.00   clock core_clock (rise edge)
                          0.00    0.00   clock source latency
     1    0.01    0.00    0.00    0.00 ^ CLK (in)
                                         CLK (net)
                  0.00    0.00    0.00 ^ clkbuf_0_CLK/A (sky130_fd_sc_hd__clkbuf_16)
     4    0.03    0.05    0.12    0.12 ^ clkbuf_0_CLK/X (sky130_fd_sc_hd__clkbuf_16)
                                         clknet_0_CLK (net)
                  0.05    0.00    0.12 ^ clkbuf_2_1__f_CLK/A (sky130_fd_sc_hd__clkbuf_16)
    16    0.04    0.06    0.15    0.27 ^ clkbuf_2_1__f_CLK/X (sky130_fd_sc_hd__clkbuf_16)
                                         clknet_2_1__leaf_CLK (net)
                  0.06    0.00    0.27 ^ _169_/CLK (sky130_fd_sc_hd__dfxtp_1)
     2    0.00    0.03    0.30    0.57 v _169_/Q (sky130_fd_sc_hd__dfxtp_1)
                                         x1_2.A (net)
                  0.03    0.00    0.57 v _090_/B (sky130_fd_sc_hd__nand2_1)
     3    0.01    0.08    0.09    0.66 ^ _090_/Y (sky130_fd_sc_hd__nand2_1)
                                         _045_ (net)
                  0.08    0.00    0.66 ^ _150_/B (sky130_fd_sc_hd__and2b_1)
     1    0.01    0.06    0.14    0.80 ^ _150_/X (sky130_fd_sc_hd__and2b_1)
                                         _020_ (net)
                  0.06    0.00    0.80 ^ _151_/B (sky130_fd_sc_hd__xnor2_1)
     1    0.00    0.03    0.05    0.86 v _151_/Y (sky130_fd_sc_hd__xnor2_1)
                                         x1_2.S (net)
                  0.03    0.00    0.86 v _202_/D (sky130_fd_sc_hd__dfxtp_1)
                                  0.86   data arrival time

                          0.00    0.00   clock core_clock (rise edge)
                          0.00    0.00   clock source latency
     1    0.01    0.00    0.00    0.00 ^ CLK (in)
                                         CLK (net)
                  0.00    0.00    0.00 ^ clkbuf_0_CLK/A (sky130_fd_sc_hd__clkbuf_16)
     4    0.03    0.05    0.12    0.12 ^ clkbuf_0_CLK/X (sky130_fd_sc_hd__clkbuf_16)
                                         clknet_0_CLK (net)
                  0.05    0.00    0.12 ^ clkbuf_2_0__f_CLK/A (sky130_fd_sc_hd__clkbuf_16)
    15    0.04    0.06    0.15    0.27 ^ clkbuf_2_0__f_CLK/X (sky130_fd_sc_hd__clkbuf_16)
                                         clknet_2_0__leaf_CLK (net)
                  0.06    0.00    0.27 ^ _202_/CLK (sky130_fd_sc_hd__dfxtp_1)
                          0.00    0.27   clock reconvergence pessimism
                         -0.04    0.22   library hold time
                                  0.22   data required time
-----------------------------------------------------------------------------
                                  0.22   data required time
                                 -0.86   data arrival time
-----------------------------------------------------------------------------
                                  0.63   slack (MET)


Startpoint: _172_ (rising edge-triggered flip-flop clocked by core_clock)
Endpoint: _205_ (rising edge-triggered flip-flop clocked by core_clock)
Path Group: core_clock
Path Type: min

Fanout     Cap    Slew   Delay    Time   Description
-----------------------------------------------------------------------------
                          0.00    0.00   clock core_clock (rise edge)
                          0.00    0.00   clock source latency
     1    0.01    0.00    0.00    0.00 ^ CLK (in)
                                         CLK (net)
                  0.00    0.00    0.00 ^ clkbuf_0_CLK/A (sky130_fd_sc_hd__clkbuf_16)
     4    0.03    0.05    0.12    0.12 ^ clkbuf_0_CLK/X (sky130_fd_sc_hd__clkbuf_16)
                                         clknet_0_CLK (net)
                  0.05    0.00    0.12 ^ clkbuf_2_1__f_CLK/A (sky130_fd_sc_hd__clkbuf_16)
    16    0.04    0.06    0.15    0.27 ^ clkbuf_2_1__f_CLK/X (sky130_fd_sc_hd__clkbuf_16)
                                         clknet_2_1__leaf_CLK (net)
                  0.06    0.00    0.27 ^ _172_/CLK (sky130_fd_sc_hd__dfxtp_1)
     2    0.00    0.03    0.30    0.57 v _172_/Q (sky130_fd_sc_hd__dfxtp_1)
                                         x1_5.A (net)
                  0.03    0.00    0.57 v _094_/B (sky130_fd_sc_hd__nand2_1)
     2    0.01    0.07    0.08    0.65 ^ _094_/Y (sky130_fd_sc_hd__nand2_1)
                                         _049_ (net)
                  0.07    0.00    0.65 ^ _142_/B (sky130_fd_sc_hd__and2b_1)
     1    0.01    0.07    0.14    0.79 ^ _142_/X (sky130_fd_sc_hd__and2b_1)
                                         _015_ (net)
                  0.07    0.00    0.79 ^ _143_/B (sky130_fd_sc_hd__xnor2_1)
     1    0.00    0.04    0.06    0.86 v _143_/Y (sky130_fd_sc_hd__xnor2_1)
                                         x1_5.S (net)
                  0.04    0.00    0.86 v _205_/D (sky130_fd_sc_hd__dfxtp_1)
                                  0.86   data arrival time

                          0.00    0.00   clock core_clock (rise edge)
                          0.00    0.00   clock source latency
     1    0.01    0.00    0.00    0.00 ^ CLK (in)
                                         CLK (net)
                  0.00    0.00    0.00 ^ clkbuf_0_CLK/A (sky130_fd_sc_hd__clkbuf_16)
     4    0.03    0.05    0.12    0.12 ^ clkbuf_0_CLK/X (sky130_fd_sc_hd__clkbuf_16)
                                         clknet_0_CLK (net)
                  0.05    0.00    0.12 ^ clkbuf_2_0__f_CLK/A (sky130_fd_sc_hd__clkbuf_16)
    15    0.04    0.06    0.15    0.27 ^ clkbuf_2_0__f_CLK/X (sky130_fd_sc_hd__clkbuf_16)
                                         clknet_2_0__leaf_CLK (net)
                  0.06    0.00    0.27 ^ _205_/CLK (sky130_fd_sc_hd__dfxtp_1)
                          0.00    0.27   clock reconvergence pessimism
                         -0.05    0.22   library hold time
                                  0.22   data required time
-----------------------------------------------------------------------------
                                  0.22   data required time
                                 -0.86   data arrival time
-----------------------------------------------------------------------------
                                  0.64   slack (MET)


Startpoint: _176_ (rising edge-triggered flip-flop clocked by core_clock)
Endpoint: _160_ (rising edge-triggered flip-flop clocked by core_clock)
Path Group: core_clock
Path Type: min

Fanout     Cap    Slew   Delay    Time   Description
-----------------------------------------------------------------------------
                          0.00    0.00   clock core_clock (rise edge)
                          0.00    0.00   clock source latency
     1    0.01    0.00    0.00    0.00 ^ CLK (in)
                                         CLK (net)
                  0.00    0.00    0.00 ^ clkbuf_0_CLK/A (sky130_fd_sc_hd__clkbuf_16)
     4    0.03    0.05    0.12    0.12 ^ clkbuf_0_CLK/X (sky130_fd_sc_hd__clkbuf_16)
                                         clknet_0_CLK (net)
                  0.05    0.00    0.12 ^ clkbuf_2_3__f_CLK/A (sky130_fd_sc_hd__clkbuf_16)
    12    0.04    0.06    0.14    0.26 ^ clkbuf_2_3__f_CLK/X (sky130_fd_sc_hd__clkbuf_16)
                                         clknet_2_3__leaf_CLK (net)
                  0.06    0.00    0.26 ^ _176_/CLK (sky130_fd_sc_hd__dfxtp_1)
     2    0.00    0.06    0.32    0.58 ^ _176_/Q (sky130_fd_sc_hd__dfxtp_1)
                                         x1_9.A (net)
                  0.06    0.00    0.58 ^ _077_/B (sky130_fd_sc_hd__nor2_1)
     4    0.01    0.05    0.07    0.65 v _077_/Y (sky130_fd_sc_hd__nor2_1)
                                         _032_ (net)
                  0.05    0.00    0.65 v _126_/A (sky130_fd_sc_hd__nor2_1)
     1    0.01    0.13    0.14    0.79 ^ _126_/Y (sky130_fd_sc_hd__nor2_1)
                                         _004_ (net)
                  0.13    0.00    0.79 ^ _128_/A (sky130_fd_sc_hd__xnor2_1)
     1    0.00    0.04    0.09    0.88 v _128_/Y (sky130_fd_sc_hd__xnor2_1)
                                         x1_10.S (net)
                  0.04    0.00    0.88 v _160_/D (sky130_fd_sc_hd__dfxtp_1)
                                  0.88   data arrival time

                          0.00    0.00   clock core_clock (rise edge)
                          0.00    0.00   clock source latency
     1    0.01    0.00    0.00    0.00 ^ CLK (in)
                                         CLK (net)
                  0.00    0.00    0.00 ^ clkbuf_0_CLK/A (sky130_fd_sc_hd__clkbuf_16)
     4    0.03    0.05    0.12    0.12 ^ clkbuf_0_CLK/X (sky130_fd_sc_hd__clkbuf_16)
                                         clknet_0_CLK (net)
                  0.05    0.00    0.12 ^ clkbuf_2_1__f_CLK/A (sky130_fd_sc_hd__clkbuf_16)
    16    0.04    0.06    0.15    0.27 ^ clkbuf_2_1__f_CLK/X (sky130_fd_sc_hd__clkbuf_16)
                                         clknet_2_1__leaf_CLK (net)
                  0.06    0.00    0.27 ^ _160_/CLK (sky130_fd_sc_hd__dfxtp_1)
                          0.00    0.27   clock reconvergence pessimism
                         -0.05    0.22   library hold time
                                  0.22   data required time
-----------------------------------------------------------------------------
                                  0.22   data required time
                                 -0.88   data arrival time
-----------------------------------------------------------------------------
                                  0.66   slack (MET)


Startpoint: _196_ (rising edge-triggered flip-flop clocked by core_clock)
Endpoint: _164_ (rising edge-triggered flip-flop clocked by core_clock)
Path Group: core_clock
Path Type: min

Fanout     Cap    Slew   Delay    Time   Description
-----------------------------------------------------------------------------
                          0.00    0.00   clock core_clock (rise edge)
                          0.00    0.00   clock source latency
     1    0.01    0.00    0.00    0.00 ^ CLK (in)
                                         CLK (net)
                  0.00    0.00    0.00 ^ clkbuf_0_CLK/A (sky130_fd_sc_hd__clkbuf_16)
     4    0.03    0.05    0.12    0.12 ^ clkbuf_0_CLK/X (sky130_fd_sc_hd__clkbuf_16)
                                         clknet_0_CLK (net)
                  0.05    0.00    0.12 ^ clkbuf_2_2__f_CLK/A (sky130_fd_sc_hd__clkbuf_16)
    10    0.03    0.05    0.14    0.26 ^ clkbuf_2_2__f_CLK/X (sky130_fd_sc_hd__clkbuf_16)
                                         clknet_2_2__leaf_CLK (net)
                  0.05    0.00    0.26 ^ _196_/CLK (sky130_fd_sc_hd__dfxtp_1)
     2    0.00    0.06    0.32    0.57 ^ _196_/Q (sky130_fd_sc_hd__dfxtp_1)
                                         x1_13.B (net)
                  0.06    0.00    0.57 ^ _073_/A (sky130_fd_sc_hd__nor2_1)
     3    0.01    0.05    0.07    0.64 v _073_/Y (sky130_fd_sc_hd__nor2_1)
                                         _028_ (net)
                  0.05    0.00    0.64 v _114_/A (sky130_fd_sc_hd__nor2_1)
     1    0.01    0.12    0.13    0.77 ^ _114_/Y (sky130_fd_sc_hd__nor2_1)
                                         _067_ (net)
                  0.12    0.00    0.77 ^ _116_/A (sky130_fd_sc_hd__xnor2_1)
     1    0.01    0.05    0.10    0.87 v _116_/Y (sky130_fd_sc_hd__xnor2_1)
                                         x1_14.S (net)
                  0.05    0.00    0.87 v _164_/D (sky130_fd_sc_hd__dfxtp_1)
                                  0.87   data arrival time

                          0.00    0.00   clock core_clock (rise edge)
                          0.00    0.00   clock source latency
     1    0.01    0.00    0.00    0.00 ^ CLK (in)
                                         CLK (net)
                  0.00    0.00    0.00 ^ clkbuf_0_CLK/A (sky130_fd_sc_hd__clkbuf_16)
     4    0.03    0.05    0.12    0.12 ^ clkbuf_0_CLK/X (sky130_fd_sc_hd__clkbuf_16)
                                         clknet_0_CLK (net)
                  0.05    0.00    0.12 ^ clkbuf_2_1__f_CLK/A (sky130_fd_sc_hd__clkbuf_16)
    16    0.04    0.06    0.15    0.27 ^ clkbuf_2_1__f_CLK/X (sky130_fd_sc_hd__clkbuf_16)
                                         clknet_2_1__leaf_CLK (net)
                  0.06    0.00    0.27 ^ _164_/CLK (sky130_fd_sc_hd__dfxtp_1)
                          0.00    0.27   clock reconvergence pessimism
                         -0.05    0.22   library hold time
                                  0.22   data required time
-----------------------------------------------------------------------------
                                  0.22   data required time
                                 -0.87   data arrival time
-----------------------------------------------------------------------------
                                  0.66   slack (MET)


Startpoint: _172_ (rising edge-triggered flip-flop clocked by core_clock)
Endpoint: _206_ (rising edge-triggered flip-flop clocked by core_clock)
Path Group: core_clock
Path Type: min

Fanout     Cap    Slew   Delay    Time   Description
-----------------------------------------------------------------------------
                          0.00    0.00   clock core_clock (rise edge)
                          0.00    0.00   clock source latency
     1    0.01    0.00    0.00    0.00 ^ CLK (in)
                                         CLK (net)
                  0.00    0.00    0.00 ^ clkbuf_0_CLK/A (sky130_fd_sc_hd__clkbuf_16)
     4    0.03    0.05    0.12    0.12 ^ clkbuf_0_CLK/X (sky130_fd_sc_hd__clkbuf_16)
                                         clknet_0_CLK (net)
                  0.05    0.00    0.12 ^ clkbuf_2_1__f_CLK/A (sky130_fd_sc_hd__clkbuf_16)
    16    0.04    0.06    0.15    0.27 ^ clkbuf_2_1__f_CLK/X (sky130_fd_sc_hd__clkbuf_16)
                                         clknet_2_1__leaf_CLK (net)
                  0.06    0.00    0.27 ^ _172_/CLK (sky130_fd_sc_hd__dfxtp_1)
     2    0.00    0.06    0.32    0.59 ^ _172_/Q (sky130_fd_sc_hd__dfxtp_1)
                                         x1_5.A (net)
                  0.06    0.00    0.59 ^ _081_/B (sky130_fd_sc_hd__nor2_1)
     4    0.01    0.05    0.07    0.65 v _081_/Y (sky130_fd_sc_hd__nor2_1)
                                         _036_ (net)
                  0.05    0.00    0.65 v _138_/A (sky130_fd_sc_hd__nor2_1)
     1    0.01    0.12    0.13    0.79 ^ _138_/Y (sky130_fd_sc_hd__nor2_1)
                                         _012_ (net)
                  0.12    0.00    0.79 ^ _140_/A (sky130_fd_sc_hd__xnor2_1)
     1    0.00    0.03    0.08    0.87 v _140_/Y (sky130_fd_sc_hd__xnor2_1)
                                         x1_6.S (net)
                  0.03    0.00    0.87 v _206_/D (sky130_fd_sc_hd__dfxtp_1)
                                  0.87   data arrival time

                          0.00    0.00   clock core_clock (rise edge)
                          0.00    0.00   clock source latency
     1    0.01    0.00    0.00    0.00 ^ CLK (in)
                                         CLK (net)
                  0.00    0.00    0.00 ^ clkbuf_0_CLK/A (sky130_fd_sc_hd__clkbuf_16)
     4    0.03    0.05    0.12    0.12 ^ clkbuf_0_CLK/X (sky130_fd_sc_hd__clkbuf_16)
                                         clknet_0_CLK (net)
                  0.05    0.00    0.12 ^ clkbuf_2_2__f_CLK/A (sky130_fd_sc_hd__clkbuf_16)
    10    0.03    0.05    0.14    0.26 ^ clkbuf_2_2__f_CLK/X (sky130_fd_sc_hd__clkbuf_16)
                                         clknet_2_2__leaf_CLK (net)
                  0.05    0.00    0.26 ^ _206_/CLK (sky130_fd_sc_hd__dfxtp_1)
                          0.00    0.26   clock reconvergence pessimism
                         -0.05    0.21   library hold time
                                  0.21   data required time
-----------------------------------------------------------------------------
                                  0.21   data required time
                                 -0.87   data arrival time
-----------------------------------------------------------------------------
                                  0.66   slack (MET)


Startpoint: _186_ (rising edge-triggered flip-flop clocked by core_clock)
Endpoint: _204_ (rising edge-triggered flip-flop clocked by core_clock)
Path Group: core_clock
Path Type: min

Fanout     Cap    Slew   Delay    Time   Description
-----------------------------------------------------------------------------
                          0.00    0.00   clock core_clock (rise edge)
                          0.00    0.00   clock source latency
     1    0.01    0.00    0.00    0.00 ^ CLK (in)
                                         CLK (net)
                  0.00    0.00    0.00 ^ clkbuf_0_CLK/A (sky130_fd_sc_hd__clkbuf_16)
     4    0.03    0.05    0.12    0.12 ^ clkbuf_0_CLK/X (sky130_fd_sc_hd__clkbuf_16)
                                         clknet_0_CLK (net)
                  0.05    0.00    0.12 ^ clkbuf_2_0__f_CLK/A (sky130_fd_sc_hd__clkbuf_16)
    15    0.04    0.06    0.15    0.27 ^ clkbuf_2_0__f_CLK/X (sky130_fd_sc_hd__clkbuf_16)
                                         clknet_2_0__leaf_CLK (net)
                  0.06    0.00    0.27 ^ _186_/CLK (sky130_fd_sc_hd__dfxtp_1)
     2    0.00    0.06    0.32    0.59 ^ _186_/Q (sky130_fd_sc_hd__dfxtp_1)
                                         x1_3.B (net)
                  0.06    0.00    0.59 ^ _083_/A (sky130_fd_sc_hd__nor2_1)
     4    0.01    0.06    0.08    0.66 v _083_/Y (sky130_fd_sc_hd__nor2_1)
                                         _038_ (net)
                  0.06    0.00    0.66 v _144_/A (sky130_fd_sc_hd__nor2_1)
     1    0.01    0.13    0.14    0.80 ^ _144_/Y (sky130_fd_sc_hd__nor2_1)
                                         _016_ (net)
                  0.13    0.00    0.80 ^ _146_/A (sky130_fd_sc_hd__xnor2_1)
     1    0.00    0.03    0.09    0.89 v _146_/Y (sky130_fd_sc_hd__xnor2_1)
                                         x1_4.S (net)
                  0.03    0.00    0.89 v _204_/D (sky130_fd_sc_hd__dfxtp_1)
                                  0.89   data arrival time

                          0.00    0.00   clock core_clock (rise edge)
                          0.00    0.00   clock source latency
     1    0.01    0.00    0.00    0.00 ^ CLK (in)
                                         CLK (net)
                  0.00    0.00    0.00 ^ clkbuf_0_CLK/A (sky130_fd_sc_hd__clkbuf_16)
     4    0.03    0.05    0.12    0.12 ^ clkbuf_0_CLK/X (sky130_fd_sc_hd__clkbuf_16)
                                         clknet_0_CLK (net)
                  0.05    0.00    0.12 ^ clkbuf_2_0__f_CLK/A (sky130_fd_sc_hd__clkbuf_16)
    15    0.04    0.06    0.15    0.27 ^ clkbuf_2_0__f_CLK/X (sky130_fd_sc_hd__clkbuf_16)
                                         clknet_2_0__leaf_CLK (net)
                  0.06    0.00    0.27 ^ _204_/CLK (sky130_fd_sc_hd__dfxtp_1)
                          0.00    0.27   clock reconvergence pessimism
                         -0.05    0.22   library hold time
                                  0.22   data required time
-----------------------------------------------------------------------------
                                  0.22   data required time
                                 -0.89   data arrival time
-----------------------------------------------------------------------------
                                  0.67   slack (MET)


Startpoint: _195_ (rising edge-triggered flip-flop clocked by core_clock)
Endpoint: _162_ (rising edge-triggered flip-flop clocked by core_clock)
Path Group: core_clock
Path Type: min

Fanout     Cap    Slew   Delay    Time   Description
-----------------------------------------------------------------------------
                          0.00    0.00   clock core_clock (rise edge)
                          0.00    0.00   clock source latency
     1    0.01    0.00    0.00    0.00 ^ CLK (in)
                                         CLK (net)
                  0.00    0.00    0.00 ^ clkbuf_0_CLK/A (sky130_fd_sc_hd__clkbuf_16)
     4    0.03    0.05    0.12    0.12 ^ clkbuf_0_CLK/X (sky130_fd_sc_hd__clkbuf_16)
                                         clknet_0_CLK (net)
                  0.05    0.00    0.12 ^ clkbuf_2_2__f_CLK/A (sky130_fd_sc_hd__clkbuf_16)
    10    0.03    0.05    0.14    0.26 ^ clkbuf_2_2__f_CLK/X (sky130_fd_sc_hd__clkbuf_16)
                                         clknet_2_2__leaf_CLK (net)
                  0.05    0.00    0.26 ^ _195_/CLK (sky130_fd_sc_hd__dfxtp_1)
     2    0.00    0.06    0.32    0.57 ^ _195_/Q (sky130_fd_sc_hd__dfxtp_1)
                                         x1_12.B (net)
                  0.06    0.00    0.57 ^ _105_/A (sky130_fd_sc_hd__nand2_1)
     3    0.01    0.07    0.08    0.65 v _105_/Y (sky130_fd_sc_hd__nand2_1)
                                         _060_ (net)
                  0.07    0.00    0.65 v _121_/B_N (sky130_fd_sc_hd__or2b_1)
     1    0.01    0.06    0.17    0.83 ^ _121_/X (sky130_fd_sc_hd__or2b_1)
                                         _001_ (net)
                  0.06    0.00    0.83 ^ _122_/B (sky130_fd_sc_hd__xnor2_1)
     1    0.00    0.04    0.07    0.89 v _122_/Y (sky130_fd_sc_hd__xnor2_1)
                                         x1_12.S (net)
                  0.04    0.00    0.89 v _162_/D (sky130_fd_sc_hd__dfxtp_1)
                                  0.89   data arrival time

                          0.00    0.00   clock core_clock (rise edge)
                          0.00    0.00   clock source latency
     1    0.01    0.00    0.00    0.00 ^ CLK (in)
                                         CLK (net)
                  0.00    0.00    0.00 ^ clkbuf_0_CLK/A (sky130_fd_sc_hd__clkbuf_16)
     4    0.03    0.05    0.12    0.12 ^ clkbuf_0_CLK/X (sky130_fd_sc_hd__clkbuf_16)
                                         clknet_0_CLK (net)
                  0.05    0.00    0.12 ^ clkbuf_2_1__f_CLK/A (sky130_fd_sc_hd__clkbuf_16)
    16    0.04    0.06    0.15    0.27 ^ clkbuf_2_1__f_CLK/X (sky130_fd_sc_hd__clkbuf_16)
                                         clknet_2_1__leaf_CLK (net)
                  0.06    0.00    0.27 ^ _162_/CLK (sky130_fd_sc_hd__dfxtp_1)
                          0.00    0.27   clock reconvergence pessimism
                         -0.05    0.22   library hold time
                                  0.22   data required time
-----------------------------------------------------------------------------
                                  0.22   data required time
                                 -0.89   data arrival time
-----------------------------------------------------------------------------
                                  0.67   slack (MET)



worst slack corner Typical: 0.4844
