
===========================================================================
report_checks -unconstrained
===========================================================================
======================= Fastest Corner ===================================

Startpoint: _212_ (rising edge-triggered flip-flop clocked by core_clock)
Endpoint: _206_ (rising edge-triggered flip-flop clocked by core_clock)
Path Group: core_clock
Path Type: max
Corner: Fastest

Fanout     Cap    Slew   Delay    Time   Description
-----------------------------------------------------------------------------
                          0.00    0.00   clock core_clock (rise edge)
                          0.00    0.00   clock source latency
     1    0.01    0.00    0.00    0.00 ^ CLK (in)
                                         CLK (net)
                  0.00    0.00    0.00 ^ clkbuf_0_CLK/A (sky130_fd_sc_hd__clkbuf_16)
     4    0.04    0.05    0.09    0.09 ^ clkbuf_0_CLK/X (sky130_fd_sc_hd__clkbuf_16)
                                         clknet_0_CLK (net)
                  0.05    0.00    0.09 ^ clkbuf_2_1__f_CLK/A (sky130_fd_sc_hd__clkbuf_16)
    18    0.05    0.05    0.11    0.20 ^ clkbuf_2_1__f_CLK/X (sky130_fd_sc_hd__clkbuf_16)
                                         clknet_2_1__leaf_CLK (net)
                  0.05    0.00    0.20 ^ _212_/CLK (sky130_fd_sc_hd__dfxtp_1)
     3    0.01    0.03    0.21    0.41 v _212_/Q (sky130_fd_sc_hd__dfxtp_1)
                                         x4.A (net)
                  0.03    0.00    0.41 v _090_/B (sky130_fd_sc_hd__and2_1)
     2    0.01    0.03    0.11    0.51 v _090_/X (sky130_fd_sc_hd__and2_1)
                                         _041_ (net)
                  0.03    0.00    0.51 v _092_/A (sky130_fd_sc_hd__or2_1)
     2    0.01    0.05    0.16    0.67 v _092_/X (sky130_fd_sc_hd__or2_1)
                                         _043_ (net)
                  0.05    0.00    0.67 v _096_/A (sky130_fd_sc_hd__or2_2)
     4    0.02    0.07    0.22    0.89 v _096_/X (sky130_fd_sc_hd__or2_2)
                                         _047_ (net)
                  0.07    0.00    0.89 v _118_/A1 (sky130_fd_sc_hd__o41ai_4)
     4    0.01    0.26    0.30    1.19 ^ _118_/Y (sky130_fd_sc_hd__o41ai_4)
                                         _069_ (net)
                  0.26    0.00    1.19 ^ _130_/A (sky130_fd_sc_hd__and4_1)
     2    0.01    0.06    0.15    1.34 ^ _130_/X (sky130_fd_sc_hd__and4_1)
                                         _081_ (net)
                  0.06    0.00    1.34 ^ _141_/A1 (sky130_fd_sc_hd__o21ai_1)
     3    0.01    0.05    0.06    1.40 v _141_/Y (sky130_fd_sc_hd__o21ai_1)
                                         _005_ (net)
                  0.05    0.00    1.40 v _146_/A1 (sky130_fd_sc_hd__a21oi_1)
     1    0.01    0.12    0.12    1.52 ^ _146_/Y (sky130_fd_sc_hd__a21oi_1)
                                         _010_ (net)
                  0.12    0.00    1.52 ^ _147_/B (sky130_fd_sc_hd__xnor2_1)
     1    0.01    0.17    0.11    1.63 ^ _147_/Y (sky130_fd_sc_hd__xnor2_1)
                                         x65.Si (net)
                  0.17    0.00    1.64 ^ _206_/D (sky130_fd_sc_hd__dfxtp_1)
                                  1.64   data arrival time

                          4.75    4.75   clock core_clock (rise edge)
                          0.00    4.75   clock source latency
     1    0.01    0.00    0.00    4.75 ^ CLK (in)
                                         CLK (net)
                  0.00    0.00    4.75 ^ clkbuf_0_CLK/A (sky130_fd_sc_hd__clkbuf_16)
     4    0.04    0.05    0.09    4.84 ^ clkbuf_0_CLK/X (sky130_fd_sc_hd__clkbuf_16)
                                         clknet_0_CLK (net)
                  0.05    0.00    4.84 ^ clkbuf_2_1__f_CLK/A (sky130_fd_sc_hd__clkbuf_16)
    18    0.05    0.05    0.11    4.95 ^ clkbuf_2_1__f_CLK/X (sky130_fd_sc_hd__clkbuf_16)
                                         clknet_2_1__leaf_CLK (net)
                  0.05    0.00    4.95 ^ _206_/CLK (sky130_fd_sc_hd__dfxtp_1)
                          0.00    4.95   clock reconvergence pessimism
                         -0.04    4.91   library setup time
                                  4.91   data required time
-----------------------------------------------------------------------------
                                  4.91   data required time
                                 -1.64   data arrival time
-----------------------------------------------------------------------------
                                  3.28   slack (MET)



======================= Slowest Corner ===================================

Startpoint: _212_ (rising edge-triggered flip-flop clocked by core_clock)
Endpoint: _206_ (rising edge-triggered flip-flop clocked by core_clock)
Path Group: core_clock
Path Type: max
Corner: Slowest

Fanout     Cap    Slew   Delay    Time   Description
-----------------------------------------------------------------------------
                          0.00    0.00   clock core_clock (rise edge)
                          0.00    0.00   clock source latency
     1    0.01    0.00    0.00    0.00 ^ CLK (in)
                                         CLK (net)
                  0.00    0.00    0.00 ^ clkbuf_0_CLK/A (sky130_fd_sc_hd__clkbuf_16)
     4    0.04    0.10    0.22    0.22 ^ clkbuf_0_CLK/X (sky130_fd_sc_hd__clkbuf_16)
                                         clknet_0_CLK (net)
                  0.10    0.00    0.23 ^ clkbuf_2_1__f_CLK/A (sky130_fd_sc_hd__clkbuf_16)
    18    0.05    0.10    0.27    0.50 ^ clkbuf_2_1__f_CLK/X (sky130_fd_sc_hd__clkbuf_16)
                                         clknet_2_1__leaf_CLK (net)
                  0.10    0.00    0.50 ^ _212_/CLK (sky130_fd_sc_hd__dfxtp_1)
     3    0.01    0.09    0.63    1.13 v _212_/Q (sky130_fd_sc_hd__dfxtp_1)
                                         x4.A (net)
                  0.09    0.00    1.13 v _090_/B (sky130_fd_sc_hd__and2_1)
     2    0.01    0.09    0.35    1.47 v _090_/X (sky130_fd_sc_hd__and2_1)
                                         _041_ (net)
                  0.09    0.00    1.47 v _092_/A (sky130_fd_sc_hd__or2_1)
     2    0.01    0.15    0.57    2.04 v _092_/X (sky130_fd_sc_hd__or2_1)
                                         _043_ (net)
                  0.15    0.00    2.04 v _096_/A (sky130_fd_sc_hd__or2_2)
     4    0.02    0.19    0.82    2.86 v _096_/X (sky130_fd_sc_hd__or2_2)
                                         _047_ (net)
                  0.19    0.00    2.86 v _118_/A1 (sky130_fd_sc_hd__o41ai_4)
     4    0.01    0.54    0.76    3.63 ^ _118_/Y (sky130_fd_sc_hd__o41ai_4)
                                         _069_ (net)
                  0.54    0.00    3.63 ^ _130_/A (sky130_fd_sc_hd__and4_1)
     2    0.01    0.14    0.56    4.18 ^ _130_/X (sky130_fd_sc_hd__and4_1)
                                         _081_ (net)
                  0.14    0.00    4.19 ^ _141_/A1 (sky130_fd_sc_hd__o21ai_1)
     3    0.01    0.18    0.23    4.42 v _141_/Y (sky130_fd_sc_hd__o21ai_1)
                                         _005_ (net)
                  0.18    0.00    4.42 v _146_/A1 (sky130_fd_sc_hd__a21oi_1)
     1    0.01    0.25    0.31    4.73 ^ _146_/Y (sky130_fd_sc_hd__a21oi_1)
                                         _010_ (net)
                  0.25    0.00    4.73 ^ _147_/B (sky130_fd_sc_hd__xnor2_1)
     1    0.01    0.18    0.26    4.99 v _147_/Y (sky130_fd_sc_hd__xnor2_1)
                                         x65.Si (net)
                  0.18    0.00    4.99 v _206_/D (sky130_fd_sc_hd__dfxtp_1)
                                  4.99   data arrival time

                          4.75    4.75   clock core_clock (rise edge)
                          0.00    4.75   clock source latency
     1    0.01    0.00    0.00    4.75 ^ CLK (in)
                                         CLK (net)
                  0.00    0.00    4.75 ^ clkbuf_0_CLK/A (sky130_fd_sc_hd__clkbuf_16)
     4    0.04    0.10    0.22    4.97 ^ clkbuf_0_CLK/X (sky130_fd_sc_hd__clkbuf_16)
                                         clknet_0_CLK (net)
                  0.10    0.00    4.98 ^ clkbuf_2_1__f_CLK/A (sky130_fd_sc_hd__clkbuf_16)
    18    0.05    0.10    0.27    5.25 ^ clkbuf_2_1__f_CLK/X (sky130_fd_sc_hd__clkbuf_16)
                                         clknet_2_1__leaf_CLK (net)
                  0.10    0.00    5.25 ^ _206_/CLK (sky130_fd_sc_hd__dfxtp_1)
                          0.00    5.25   clock reconvergence pessimism
                         -0.31    4.95   library setup time
                                  4.95   data required time
-----------------------------------------------------------------------------
                                  4.95   data required time
                                 -4.99   data arrival time
-----------------------------------------------------------------------------
                                 -0.04   slack (VIOLATED)



======================= Typical Corner ===================================

Startpoint: _212_ (rising edge-triggered flip-flop clocked by core_clock)
Endpoint: _206_ (rising edge-triggered flip-flop clocked by core_clock)
Path Group: core_clock
Path Type: max
Corner: Typical

Fanout     Cap    Slew   Delay    Time   Description
-----------------------------------------------------------------------------
                          0.00    0.00   clock core_clock (rise edge)
                          0.00    0.00   clock source latency
     1    0.01    0.00    0.00    0.00 ^ CLK (in)
                                         CLK (net)
                  0.00    0.00    0.00 ^ clkbuf_0_CLK/A (sky130_fd_sc_hd__clkbuf_16)
     4    0.04    0.06    0.13    0.13 ^ clkbuf_0_CLK/X (sky130_fd_sc_hd__clkbuf_16)
                                         clknet_0_CLK (net)
                  0.06    0.00    0.13 ^ clkbuf_2_1__f_CLK/A (sky130_fd_sc_hd__clkbuf_16)
    18    0.05    0.07    0.15    0.29 ^ clkbuf_2_1__f_CLK/X (sky130_fd_sc_hd__clkbuf_16)
                                         clknet_2_1__leaf_CLK (net)
                  0.07    0.00    0.29 ^ _212_/CLK (sky130_fd_sc_hd__dfxtp_1)
     3    0.01    0.05    0.32    0.61 v _212_/Q (sky130_fd_sc_hd__dfxtp_1)
                                         x4.A (net)
                  0.05    0.00    0.61 v _090_/B (sky130_fd_sc_hd__and2_1)
     2    0.01    0.05    0.16    0.77 v _090_/X (sky130_fd_sc_hd__and2_1)
                                         _041_ (net)
                  0.05    0.00    0.77 v _092_/A (sky130_fd_sc_hd__or2_1)
     2    0.01    0.08    0.26    1.03 v _092_/X (sky130_fd_sc_hd__or2_1)
                                         _043_ (net)
                  0.08    0.00    1.03 v _096_/A (sky130_fd_sc_hd__or2_2)
     4    0.02    0.10    0.36    1.39 v _096_/X (sky130_fd_sc_hd__or2_2)
                                         _047_ (net)
                  0.10    0.00    1.39 v _118_/A1 (sky130_fd_sc_hd__o41ai_4)
     4    0.01    0.34    0.44    1.84 ^ _118_/Y (sky130_fd_sc_hd__o41ai_4)
                                         _069_ (net)
                  0.34    0.00    1.84 ^ _130_/A (sky130_fd_sc_hd__and4_1)
     2    0.01    0.09    0.27    2.10 ^ _130_/X (sky130_fd_sc_hd__and4_1)
                                         _081_ (net)
                  0.09    0.00    2.10 ^ _141_/A1 (sky130_fd_sc_hd__o21ai_1)
     3    0.01    0.08    0.11    2.21 v _141_/Y (sky130_fd_sc_hd__o21ai_1)
                                         _005_ (net)
                  0.08    0.00    2.21 v _146_/A1 (sky130_fd_sc_hd__a21oi_1)
     1    0.01    0.16    0.17    2.38 ^ _146_/Y (sky130_fd_sc_hd__a21oi_1)
                                         _010_ (net)
                  0.16    0.00    2.38 ^ _147_/B (sky130_fd_sc_hd__xnor2_1)
     1    0.01    0.24    0.18    2.56 ^ _147_/Y (sky130_fd_sc_hd__xnor2_1)
                                         x65.Si (net)
                  0.24    0.00    2.56 ^ _206_/D (sky130_fd_sc_hd__dfxtp_1)
                                  2.56   data arrival time

                          4.75    4.75   clock core_clock (rise edge)
                          0.00    4.75   clock source latency
     1    0.01    0.00    0.00    4.75 ^ CLK (in)
                                         CLK (net)
                  0.00    0.00    4.75 ^ clkbuf_0_CLK/A (sky130_fd_sc_hd__clkbuf_16)
     4    0.04    0.06    0.13    4.88 ^ clkbuf_0_CLK/X (sky130_fd_sc_hd__clkbuf_16)
                                         clknet_0_CLK (net)
                  0.06    0.00    4.88 ^ clkbuf_2_1__f_CLK/A (sky130_fd_sc_hd__clkbuf_16)
    18    0.05    0.07    0.15    5.04 ^ clkbuf_2_1__f_CLK/X (sky130_fd_sc_hd__clkbuf_16)
                                         clknet_2_1__leaf_CLK (net)
                  0.07    0.00    5.04 ^ _206_/CLK (sky130_fd_sc_hd__dfxtp_1)
                          0.00    5.04   clock reconvergence pessimism
                         -0.09    4.95   library setup time
                                  4.95   data required time
-----------------------------------------------------------------------------
                                  4.95   data required time
                                 -2.56   data arrival time
-----------------------------------------------------------------------------
                                  2.38   slack (MET)




===========================================================================
report_checks --slack_max -0.01
============================================================================
======================= Fastest Corner ===================================

No paths found.

======================= Slowest Corner ===================================

Startpoint: _212_ (rising edge-triggered flip-flop clocked by core_clock)
Endpoint: _206_ (rising edge-triggered flip-flop clocked by core_clock)
Path Group: core_clock
Path Type: max
Corner: Slowest

Fanout     Cap    Slew   Delay    Time   Description
-----------------------------------------------------------------------------
                          0.00    0.00   clock core_clock (rise edge)
                          0.00    0.00   clock source latency
     1    0.01    0.00    0.00    0.00 ^ CLK (in)
                                         CLK (net)
                  0.00    0.00    0.00 ^ clkbuf_0_CLK/A (sky130_fd_sc_hd__clkbuf_16)
     4    0.04    0.10    0.22    0.22 ^ clkbuf_0_CLK/X (sky130_fd_sc_hd__clkbuf_16)
                                         clknet_0_CLK (net)
                  0.10    0.00    0.23 ^ clkbuf_2_1__f_CLK/A (sky130_fd_sc_hd__clkbuf_16)
    18    0.05    0.10    0.27    0.50 ^ clkbuf_2_1__f_CLK/X (sky130_fd_sc_hd__clkbuf_16)
                                         clknet_2_1__leaf_CLK (net)
                  0.10    0.00    0.50 ^ _212_/CLK (sky130_fd_sc_hd__dfxtp_1)
     3    0.01    0.09    0.63    1.13 v _212_/Q (sky130_fd_sc_hd__dfxtp_1)
                                         x4.A (net)
                  0.09    0.00    1.13 v _090_/B (sky130_fd_sc_hd__and2_1)
     2    0.01    0.09    0.35    1.47 v _090_/X (sky130_fd_sc_hd__and2_1)
                                         _041_ (net)
                  0.09    0.00    1.47 v _092_/A (sky130_fd_sc_hd__or2_1)
     2    0.01    0.15    0.57    2.04 v _092_/X (sky130_fd_sc_hd__or2_1)
                                         _043_ (net)
                  0.15    0.00    2.04 v _096_/A (sky130_fd_sc_hd__or2_2)
     4    0.02    0.19    0.82    2.86 v _096_/X (sky130_fd_sc_hd__or2_2)
                                         _047_ (net)
                  0.19    0.00    2.86 v _118_/A1 (sky130_fd_sc_hd__o41ai_4)
     4    0.01    0.54    0.76    3.63 ^ _118_/Y (sky130_fd_sc_hd__o41ai_4)
                                         _069_ (net)
                  0.54    0.00    3.63 ^ _130_/A (sky130_fd_sc_hd__and4_1)
     2    0.01    0.14    0.56    4.18 ^ _130_/X (sky130_fd_sc_hd__and4_1)
                                         _081_ (net)
                  0.14    0.00    4.19 ^ _141_/A1 (sky130_fd_sc_hd__o21ai_1)
     3    0.01    0.18    0.23    4.42 v _141_/Y (sky130_fd_sc_hd__o21ai_1)
                                         _005_ (net)
                  0.18    0.00    4.42 v _146_/A1 (sky130_fd_sc_hd__a21oi_1)
     1    0.01    0.25    0.31    4.73 ^ _146_/Y (sky130_fd_sc_hd__a21oi_1)
                                         _010_ (net)
                  0.25    0.00    4.73 ^ _147_/B (sky130_fd_sc_hd__xnor2_1)
     1    0.01    0.18    0.26    4.99 v _147_/Y (sky130_fd_sc_hd__xnor2_1)
                                         x65.Si (net)
                  0.18    0.00    4.99 v _206_/D (sky130_fd_sc_hd__dfxtp_1)
                                  4.99   data arrival time

                          4.75    4.75   clock core_clock (rise edge)
                          0.00    4.75   clock source latency
     1    0.01    0.00    0.00    4.75 ^ CLK (in)
                                         CLK (net)
                  0.00    0.00    4.75 ^ clkbuf_0_CLK/A (sky130_fd_sc_hd__clkbuf_16)
     4    0.04    0.10    0.22    4.97 ^ clkbuf_0_CLK/X (sky130_fd_sc_hd__clkbuf_16)
                                         clknet_0_CLK (net)
                  0.10    0.00    4.98 ^ clkbuf_2_1__f_CLK/A (sky130_fd_sc_hd__clkbuf_16)
    18    0.05    0.10    0.27    5.25 ^ clkbuf_2_1__f_CLK/X (sky130_fd_sc_hd__clkbuf_16)
                                         clknet_2_1__leaf_CLK (net)
                  0.10    0.00    5.25 ^ _206_/CLK (sky130_fd_sc_hd__dfxtp_1)
                          0.00    5.25   clock reconvergence pessimism
                         -0.31    4.95   library setup time
                                  4.95   data required time
-----------------------------------------------------------------------------
                                  4.95   data required time
                                 -4.99   data arrival time
-----------------------------------------------------------------------------
                                 -0.04   slack (VIOLATED)



======================= Typical Corner ===================================

No paths found.


===========================================================================
 report_check_types -max_slew -max_cap -max_fanout -violators
============================================================================
======================= Fastest Corner ===================================


max slew violations count Fastest: 0
max fanout violations count Fastest: 0
max cap violations count Fastest: 0
======================= Slowest Corner ===================================


max slew violations count Slowest: 0
max fanout violations count Slowest: 0
max cap violations count Slowest: 0
======================= Typical Corner ===================================


max slew violations count Typical: 0
max fanout violations count Typical: 0
max cap violations count Typical: 0

===========================================================================
report_parasitic_annotation -report_unannotated
============================================================================
Found 3 unannotated drivers.
 clkload0/Y
 clkload1/Y
 clkload2/Y
Found 0 partially unannotated drivers.

===========================================================================
max slew violation count 0
max fanout violation count 0
max cap violation count 0
============================================================================

===========================================================================
check_setup -verbose -unconstrained_endpoints -multiple_clock -no_clock -no_input_delay -loops -generated_clocks
===========================================================================
Warning: There are 33 input ports missing set_input_delay.
  A[0]
  A[10]
  A[11]
  A[12]
  A[13]
  A[14]
  A[15]
  A[1]
  A[2]
  A[3]
  A[4]
  A[5]
  A[6]
  A[7]
  A[8]
  A[9]
  B[0]
  B[10]
  B[11]
  B[12]
  B[13]
  B[14]
  B[15]
  B[1]
  B[2]
  B[3]
  B[4]
  B[5]
  B[6]
  B[7]
  B[8]
  B[9]
  Cin
Warning: There are 50 unconstrained endpoints.
  Cout
  S[0]
  S[10]
  S[11]
  S[12]
  S[13]
  S[14]
  S[15]
  S[1]
  S[2]
  S[3]
  S[4]
  S[5]
  S[6]
  S[7]
  S[8]
  S[9]
  _208_/D
  _209_/D
  _210_/D
  _211_/D
  _212_/D
  _213_/D
  _214_/D
  _215_/D
  _216_/D
  _217_/D
  _218_/D
  _219_/D
  _220_/D
  _221_/D
  _222_/D
  _223_/D
  _224_/D
  _225_/D
  _226_/D
  _227_/D
  _228_/D
  _229_/D
  _230_/D
  _231_/D
  _232_/D
  _233_/D
  _234_/D
  _235_/D
  _236_/D
  _237_/D
  _238_/D
  _239_/D
  _240_/D
