
===========================================================================
 report_power
============================================================================
======================= Fastest Corner ===================================

Group                  Internal  Switching    Leakage      Total
                          Power      Power      Power      Power (Watts)
----------------------------------------------------------------
Sequential             5.29e-04   2.37e-05   7.26e-10   5.53e-04  51.6%
Combinational          5.04e-05   5.35e-05   5.35e-10   1.04e-04   9.7%
Clock                  2.27e-04   1.88e-04   8.26e-10   4.16e-04  38.8%
Macro                  0.00e+00   0.00e+00   0.00e+00   0.00e+00   0.0%
Pad                    0.00e+00   0.00e+00   0.00e+00   0.00e+00   0.0%
----------------------------------------------------------------
Total                  8.07e-04   2.66e-04   2.09e-09   1.07e-03 100.0%
                          75.2%      24.8%       0.0%

======================= Slowest Corner ===================================

Group                  Internal  Switching    Leakage      Total
                          Power      Power      Power      Power (Watts)
----------------------------------------------------------------
Sequential             3.55e-04   1.56e-05   7.32e-07   3.71e-04  50.8%
Combinational          3.82e-05   3.54e-05   6.10e-07   7.42e-05  10.2%
Clock                  1.64e-04   1.21e-04   1.15e-07   2.85e-04  39.0%
Macro                  0.00e+00   0.00e+00   0.00e+00   0.00e+00   0.0%
Pad                    0.00e+00   0.00e+00   0.00e+00   0.00e+00   0.0%
----------------------------------------------------------------
Total                  5.57e-04   1.72e-04   1.46e-06   7.30e-04 100.0%
                          76.3%      23.5%       0.2%

======================= Typical Corner ===================================

Group                  Internal  Switching    Leakage      Total
                          Power      Power      Power      Power (Watts)
----------------------------------------------------------------
Sequential             4.56e-04   2.00e-05   4.22e-10   4.76e-04  51.5%
Combinational          4.65e-05   4.52e-05   3.73e-10   9.17e-05   9.9%
Clock                  1.99e-04   1.58e-04   5.25e-10   3.57e-04  38.6%
Macro                  0.00e+00   0.00e+00   0.00e+00   0.00e+00   0.0%
Pad                    0.00e+00   0.00e+00   0.00e+00   0.00e+00   0.0%
----------------------------------------------------------------
Total                  7.02e-04   2.24e-04   1.32e-09   9.25e-04 100.0%
                          75.8%      24.2%       0.0%

