OpenSTA 2.5.0 GITDIR-NOT Copyright (c) 2024, Parallax Software, Inc.
License GPLv3: GNU GPL version 3 <http://gnu.org/licenses/gpl.html>

This is free software, and you are free to change and redistribute it
under certain conditions; type `show_copying' for details. 
This program comes with ABSOLUTELY NO WARRANTY; for details type `show_warranty'.
define_corners Typical
read_liberty -corner Typical /volare/sky130A/libs.ref/sky130_fd_sc_hd/lib/sky130_fd_sc_hd__tt_025C_1v80.lib
Using 1e-12 for capacitance...
Using 1e+03 for resistance...
Using 1e-09 for time...
Using 1e+00 for voltage...
Using 1e-03 for current...
Using 1e-09 for power...
Using 1e-06 for distance...
Reading netlist '/openlane/designs/ksa/runs/auto_pnr/results/synthesis/ksa.v'…
Reading design constraints file at '/openlane/designs/ksa/src/ksa.sdc'…
min_report

===========================================================================
report_checks -path_delay min (Hold)
============================================================================
======================= Typical Corner ===================================

Startpoint: _322_ (rising edge-triggered flip-flop clocked by core_clock)
Endpoint: _273_ (rising edge-triggered flip-flop clocked by core_clock)
Path Group: core_clock
Path Type: min

Fanout     Cap    Slew   Delay    Time   Description
-----------------------------------------------------------------------------
                  0.00    0.00    0.00   clock core_clock (rise edge)
                          0.00    0.00   clock network delay (ideal)
                  0.00    0.00    0.00 ^ _322_/CLK (sky130_fd_sc_hd__dfxtp_2)
     3    0.01    0.07    0.32    0.32 ^ _322_/Q (sky130_fd_sc_hd__dfxtp_2)
                                         x66.G1 (net)
                  0.07    0.00    0.32 ^ _256_/B1 (sky130_fd_sc_hd__a21oi_2)
     1    0.00    0.03    0.04    0.35 v _256_/Y (sky130_fd_sc_hd__a21oi_2)
                                         _065_ (net)
                  0.03    0.00    0.35 v _257_/B (sky130_fd_sc_hd__nor2_2)
     1    0.00    0.05    0.05    0.41 ^ _257_/Y (sky130_fd_sc_hd__nor2_2)
                                         x97.Si (net)
                  0.05    0.00    0.41 ^ _273_/D (sky130_fd_sc_hd__dfxtp_2)
                                  0.41   data arrival time

                  0.00    0.00    0.00   clock core_clock (rise edge)
                          0.00    0.00   clock network delay (ideal)
                          0.00    0.00   clock reconvergence pessimism
                                  0.00 ^ _273_/CLK (sky130_fd_sc_hd__dfxtp_2)
                         -0.04   -0.04   library hold time
                                 -0.04   data required time
-----------------------------------------------------------------------------
                                 -0.04   data required time
                                 -0.41   data arrival time
-----------------------------------------------------------------------------
                                  0.45   slack (MET)


Startpoint: _306_ (rising edge-triggered flip-flop clocked by core_clock)
Endpoint: _274_ (rising edge-triggered flip-flop clocked by core_clock)
Path Group: core_clock
Path Type: min

Fanout     Cap    Slew   Delay    Time   Description
-----------------------------------------------------------------------------
                  0.00    0.00    0.00   clock core_clock (rise edge)
                          0.00    0.00   clock network delay (ideal)
                  0.00    0.00    0.00 ^ _306_/CLK (sky130_fd_sc_hd__dfxtp_2)
     3    0.01    0.06    0.31    0.31 ^ _306_/Q (sky130_fd_sc_hd__dfxtp_2)
                                         x7.B (net)
                  0.06    0.00    0.31 ^ _129_/A (sky130_fd_sc_hd__nand2_2)
     5    0.02    0.07    0.08    0.39 v _129_/Y (sky130_fd_sc_hd__nand2_2)
                                         _080_ (net)
                  0.07    0.00    0.39 v _232_/A (sky130_fd_sc_hd__nand2_2)
     2    0.01    0.07    0.08    0.47 ^ _232_/Y (sky130_fd_sc_hd__nand2_2)
                                         _050_ (net)
                  0.07    0.00    0.47 ^ _255_/B (sky130_fd_sc_hd__xnor2_2)
     1    0.00    0.02    0.05    0.52 v _255_/Y (sky130_fd_sc_hd__xnor2_2)
                                         x96.Si (net)
                  0.02    0.00    0.52 v _274_/D (sky130_fd_sc_hd__dfxtp_2)
                                  0.52   data arrival time

                  0.00    0.00    0.00   clock core_clock (rise edge)
                          0.00    0.00   clock network delay (ideal)
                          0.00    0.00   clock reconvergence pessimism
                                  0.00 ^ _274_/CLK (sky130_fd_sc_hd__dfxtp_2)
                         -0.05   -0.05   library hold time
                                 -0.05   data required time
-----------------------------------------------------------------------------
                                 -0.05   data required time
                                 -0.52   data arrival time
-----------------------------------------------------------------------------
                                  0.57   slack (MET)


Startpoint: _305_ (rising edge-triggered flip-flop clocked by core_clock)
Endpoint: _289_ (rising edge-triggered flip-flop clocked by core_clock)
Path Group: core_clock
Path Type: min

Fanout     Cap    Slew   Delay    Time   Description
-----------------------------------------------------------------------------
                  0.00    0.00    0.00   clock core_clock (rise edge)
                          0.00    0.00   clock network delay (ideal)
                  0.00    0.00    0.00 ^ _305_/CLK (sky130_fd_sc_hd__dfxtp_2)
     3    0.01    0.08    0.33    0.33 ^ _305_/Q (sky130_fd_sc_hd__dfxtp_2)
                                         x10.A (net)
                  0.08    0.00    0.33 ^ _263_/A2 (sky130_fd_sc_hd__o22a_2)
     1    0.00    0.03    0.13    0.46 ^ _263_/X (sky130_fd_sc_hd__o22a_2)
                                         _071_ (net)
                  0.03    0.00    0.46 ^ _264_/C1 (sky130_fd_sc_hd__a311o_2)
     1    0.00    0.03    0.08    0.54 ^ _264_/X (sky130_fd_sc_hd__a311o_2)
                                         x66.G (net)
                  0.03    0.00    0.54 ^ _289_/D (sky130_fd_sc_hd__dfxtp_2)
                                  0.54   data arrival time

                  0.00    0.00    0.00   clock core_clock (rise edge)
                          0.00    0.00   clock network delay (ideal)
                          0.00    0.00   clock reconvergence pessimism
                                  0.00 ^ _289_/CLK (sky130_fd_sc_hd__dfxtp_2)
                         -0.03   -0.03   library hold time
                                 -0.03   data required time
-----------------------------------------------------------------------------
                                 -0.03   data required time
                                 -0.54   data arrival time
-----------------------------------------------------------------------------
                                  0.57   slack (MET)


Startpoint: _296_ (rising edge-triggered flip-flop clocked by core_clock)
Endpoint: _279_ (rising edge-triggered flip-flop clocked by core_clock)
Path Group: core_clock
Path Type: min

Fanout     Cap    Slew   Delay    Time   Description
-----------------------------------------------------------------------------
                  0.00    0.00    0.00   clock core_clock (rise edge)
                          0.00    0.00   clock network delay (ideal)
                  0.00    0.00    0.00 ^ _296_/CLK (sky130_fd_sc_hd__dfxtp_2)
     4    0.02    0.10    0.34    0.34 ^ _296_/Q (sky130_fd_sc_hd__dfxtp_2)
                                         x1.A (net)
                  0.10    0.00    0.34 ^ _149_/B (sky130_fd_sc_hd__xnor2_2)
     5    0.01    0.08    0.10    0.45 v _149_/Y (sky130_fd_sc_hd__xnor2_2)
                                         _100_ (net)
                  0.08    0.00    0.45 v _240_/B (sky130_fd_sc_hd__xor2_2)
     1    0.00    0.06    0.11    0.56 ^ _240_/X (sky130_fd_sc_hd__xor2_2)
                                         x91.Si (net)
                  0.06    0.00    0.56 ^ _279_/D (sky130_fd_sc_hd__dfxtp_2)
                                  0.56   data arrival time

                  0.00    0.00    0.00   clock core_clock (rise edge)
                          0.00    0.00   clock network delay (ideal)
                          0.00    0.00   clock reconvergence pessimism
                                  0.00 ^ _279_/CLK (sky130_fd_sc_hd__dfxtp_2)
                         -0.04   -0.04   library hold time
                                 -0.04   data required time
-----------------------------------------------------------------------------
                                 -0.04   data required time
                                 -0.56   data arrival time
-----------------------------------------------------------------------------
                                  0.60   slack (MET)


Startpoint: _298_ (rising edge-triggered flip-flop clocked by core_clock)
Endpoint: _281_ (rising edge-triggered flip-flop clocked by core_clock)
Path Group: core_clock
Path Type: min

Fanout     Cap    Slew   Delay    Time   Description
-----------------------------------------------------------------------------
                  0.00    0.00    0.00   clock core_clock (rise edge)
                          0.00    0.00   clock network delay (ideal)
                  0.00    0.00    0.00 ^ _298_/CLK (sky130_fd_sc_hd__dfxtp_2)
     4    0.02    0.10    0.34    0.34 ^ _298_/Q (sky130_fd_sc_hd__dfxtp_2)
                                         x15.A (net)
                  0.10    0.00    0.34 ^ _152_/B (sky130_fd_sc_hd__xnor2_2)
     4    0.01    0.08    0.15    0.49 ^ _152_/Y (sky130_fd_sc_hd__xnor2_2)
                                         _103_ (net)
                  0.08    0.00    0.49 ^ _237_/A (sky130_fd_sc_hd__xnor2_2)
     1    0.00    0.03    0.06    0.56 v _237_/Y (sky130_fd_sc_hd__xnor2_2)
                                         x89.Si (net)
                  0.03    0.00    0.56 v _281_/D (sky130_fd_sc_hd__dfxtp_2)
                                  0.56   data arrival time

                  0.00    0.00    0.00   clock core_clock (rise edge)
                          0.00    0.00   clock network delay (ideal)
                          0.00    0.00   clock reconvergence pessimism
                                  0.00 ^ _281_/CLK (sky130_fd_sc_hd__dfxtp_2)
                         -0.05   -0.05   library hold time
                                 -0.05   data required time
-----------------------------------------------------------------------------
                                 -0.05   data required time
                                 -0.56   data arrival time
-----------------------------------------------------------------------------
                                  0.61   slack (MET)


Startpoint: _297_ (rising edge-triggered flip-flop clocked by core_clock)
Endpoint: _280_ (rising edge-triggered flip-flop clocked by core_clock)
Path Group: core_clock
Path Type: min

Fanout     Cap    Slew   Delay    Time   Description
-----------------------------------------------------------------------------
                  0.00    0.00    0.00   clock core_clock (rise edge)
                          0.00    0.00   clock network delay (ideal)
                  0.00    0.00    0.00 ^ _297_/CLK (sky130_fd_sc_hd__dfxtp_2)
     4    0.02    0.10    0.34    0.34 ^ _297_/Q (sky130_fd_sc_hd__dfxtp_2)
                                         x2.A (net)
                  0.10    0.00    0.34 ^ _148_/B (sky130_fd_sc_hd__xnor2_2)
     4    0.01    0.09    0.15    0.50 ^ _148_/Y (sky130_fd_sc_hd__xnor2_2)
                                         _099_ (net)
                  0.09    0.00    0.50 ^ _239_/A (sky130_fd_sc_hd__xor2_2)
     1    0.00    0.03    0.06    0.56 v _239_/X (sky130_fd_sc_hd__xor2_2)
                                         x90.Si (net)
                  0.03    0.00    0.56 v _280_/D (sky130_fd_sc_hd__dfxtp_2)
                                  0.56   data arrival time

                  0.00    0.00    0.00   clock core_clock (rise edge)
                          0.00    0.00   clock network delay (ideal)
                          0.00    0.00   clock reconvergence pessimism
                                  0.00 ^ _280_/CLK (sky130_fd_sc_hd__dfxtp_2)
                         -0.05   -0.05   library hold time
                                 -0.05   data required time
-----------------------------------------------------------------------------
                                 -0.05   data required time
                                 -0.56   data arrival time
-----------------------------------------------------------------------------
                                  0.61   slack (MET)


Startpoint: _292_ (rising edge-triggered flip-flop clocked by core_clock)
Endpoint: _275_ (rising edge-triggered flip-flop clocked by core_clock)
Path Group: core_clock
Path Type: min

Fanout     Cap    Slew   Delay    Time   Description
-----------------------------------------------------------------------------
                  0.00    0.00    0.00   clock core_clock (rise edge)
                          0.00    0.00   clock network delay (ideal)
                  0.00    0.00    0.00 ^ _292_/CLK (sky130_fd_sc_hd__dfxtp_2)
     4    0.02    0.11    0.35    0.35 ^ _292_/Q (sky130_fd_sc_hd__dfxtp_2)
                                         x5.A (net)
                  0.11    0.00    0.35 ^ _134_/B (sky130_fd_sc_hd__xnor2_2)
     5    0.02    0.09    0.16    0.51 ^ _134_/Y (sky130_fd_sc_hd__xnor2_2)
                                         _085_ (net)
                  0.09    0.00    0.51 ^ _254_/A (sky130_fd_sc_hd__xnor2_2)
     1    0.00    0.02    0.07    0.58 v _254_/Y (sky130_fd_sc_hd__xnor2_2)
                                         x95.Si (net)
                  0.02    0.00    0.58 v _275_/D (sky130_fd_sc_hd__dfxtp_2)
                                  0.58   data arrival time

                  0.00    0.00    0.00   clock core_clock (rise edge)
                          0.00    0.00   clock network delay (ideal)
                          0.00    0.00   clock reconvergence pessimism
                                  0.00 ^ _275_/CLK (sky130_fd_sc_hd__dfxtp_2)
                         -0.05   -0.05   library hold time
                                 -0.05   data required time
-----------------------------------------------------------------------------
                                 -0.05   data required time
                                 -0.58   data arrival time
-----------------------------------------------------------------------------
                                  0.62   slack (MET)


Startpoint: _301_ (rising edge-triggered flip-flop clocked by core_clock)
Endpoint: _285_ (rising edge-triggered flip-flop clocked by core_clock)
Path Group: core_clock
Path Type: min

Fanout     Cap    Slew   Delay    Time   Description
-----------------------------------------------------------------------------
                  0.00    0.00    0.00   clock core_clock (rise edge)
                          0.00    0.00   clock network delay (ideal)
                  0.00    0.00    0.00 ^ _301_/CLK (sky130_fd_sc_hd__dfxtp_2)
     4    0.02    0.10    0.34    0.34 ^ _301_/Q (sky130_fd_sc_hd__dfxtp_2)
                                         x14.A (net)
                  0.10    0.00    0.34 ^ _169_/A2 (sky130_fd_sc_hd__o21ai_2)
     2    0.01    0.04    0.07    0.41 v _169_/Y (sky130_fd_sc_hd__o21ai_2)
                                         _120_ (net)
                  0.04    0.00    0.41 v _210_/B1 (sky130_fd_sc_hd__o21ai_2)
     2    0.00    0.04    0.05    0.46 ^ _210_/Y (sky130_fd_sc_hd__o21ai_2)
                                         _031_ (net)
                  0.04    0.00    0.46 ^ _211_/B1 (sky130_fd_sc_hd__a21o_2)
     1    0.01    0.06    0.10    0.57 ^ _211_/X (sky130_fd_sc_hd__a21o_2)
                                         _032_ (net)
                  0.06    0.00    0.57 ^ _214_/A (sky130_fd_sc_hd__xnor2_2)
     1    0.00    0.02    0.06    0.62 v _214_/Y (sky130_fd_sc_hd__xnor2_2)
                                         x85.Si (net)
                  0.02    0.00    0.62 v _285_/D (sky130_fd_sc_hd__dfxtp_2)
                                  0.62   data arrival time

                  0.00    0.00    0.00   clock core_clock (rise edge)
                          0.00    0.00   clock network delay (ideal)
                          0.00    0.00   clock reconvergence pessimism
                                  0.00 ^ _285_/CLK (sky130_fd_sc_hd__dfxtp_2)
                         -0.05   -0.05   library hold time
                                 -0.05   data required time
-----------------------------------------------------------------------------
                                 -0.05   data required time
                                 -0.62   data arrival time
-----------------------------------------------------------------------------
                                  0.67   slack (MET)


Startpoint: _292_ (rising edge-triggered flip-flop clocked by core_clock)
Endpoint: _277_ (rising edge-triggered flip-flop clocked by core_clock)
Path Group: core_clock
Path Type: min

Fanout     Cap    Slew   Delay    Time   Description
-----------------------------------------------------------------------------
                  0.00    0.00    0.00   clock core_clock (rise edge)
                          0.00    0.00   clock network delay (ideal)
                  0.00    0.00    0.00 ^ _292_/CLK (sky130_fd_sc_hd__dfxtp_2)
     4    0.02    0.06    0.32    0.32 v _292_/Q (sky130_fd_sc_hd__dfxtp_2)
                                         x5.A (net)
                  0.06    0.00    0.32 v _139_/C1 (sky130_fd_sc_hd__o211ai_2)
     2    0.00    0.05    0.06    0.38 ^ _139_/Y (sky130_fd_sc_hd__o211ai_2)
                                         _090_ (net)
                  0.05    0.00    0.38 ^ _244_/B (sky130_fd_sc_hd__and3_2)
     1    0.01    0.07    0.19    0.58 ^ _244_/X (sky130_fd_sc_hd__and3_2)
                                         _057_ (net)
                  0.07    0.00    0.58 ^ _248_/A (sky130_fd_sc_hd__xnor2_2)
     1    0.00    0.03    0.06    0.64 v _248_/Y (sky130_fd_sc_hd__xnor2_2)
                                         x93.Si (net)
                  0.03    0.00    0.64 v _277_/D (sky130_fd_sc_hd__dfxtp_2)
                                  0.64   data arrival time

                  0.00    0.00    0.00   clock core_clock (rise edge)
                          0.00    0.00   clock network delay (ideal)
                          0.00    0.00   clock reconvergence pessimism
                                  0.00 ^ _277_/CLK (sky130_fd_sc_hd__dfxtp_2)
                         -0.05   -0.05   library hold time
                                 -0.05   data required time
-----------------------------------------------------------------------------
                                 -0.05   data required time
                                 -0.64   data arrival time
-----------------------------------------------------------------------------
                                  0.69   slack (MET)


Startpoint: _295_ (rising edge-triggered flip-flop clocked by core_clock)
Endpoint: _283_ (rising edge-triggered flip-flop clocked by core_clock)
Path Group: core_clock
Path Type: min

Fanout     Cap    Slew   Delay    Time   Description
-----------------------------------------------------------------------------
                  0.00    0.00    0.00   clock core_clock (rise edge)
                          0.00    0.00   clock network delay (ideal)
                  0.00    0.00    0.00 ^ _295_/CLK (sky130_fd_sc_hd__dfxtp_2)
     4    0.02    0.05    0.32    0.32 v _295_/Q (sky130_fd_sc_hd__dfxtp_2)
                                         x4.A (net)
                  0.05    0.00    0.32 v _146_/A2 (sky130_fd_sc_hd__o21ai_2)
     3    0.01    0.07    0.15    0.47 ^ _146_/Y (sky130_fd_sc_hd__o21ai_2)
                                         _097_ (net)
                  0.07    0.00    0.47 ^ _225_/A2 (sky130_fd_sc_hd__a21oi_2)
     1    0.01    0.04    0.07    0.54 v _225_/Y (sky130_fd_sc_hd__a21oi_2)
                                         _044_ (net)
                  0.04    0.00    0.54 v _229_/A (sky130_fd_sc_hd__xnor2_2)
     1    0.00    0.03    0.12    0.66 ^ _229_/Y (sky130_fd_sc_hd__xnor2_2)
                                         x87.Si (net)
                  0.03    0.00    0.66 ^ _283_/D (sky130_fd_sc_hd__dfxtp_2)
                                  0.66   data arrival time

                  0.00    0.00    0.00   clock core_clock (rise edge)
                          0.00    0.00   clock network delay (ideal)
                          0.00    0.00   clock reconvergence pessimism
                                  0.00 ^ _283_/CLK (sky130_fd_sc_hd__dfxtp_2)
                         -0.03   -0.03   library hold time
                                 -0.03   data required time
-----------------------------------------------------------------------------
                                 -0.03   data required time
                                 -0.66   data arrival time
-----------------------------------------------------------------------------
                                  0.69   slack (MET)


Startpoint: _298_ (rising edge-triggered flip-flop clocked by core_clock)
Endpoint: _282_ (rising edge-triggered flip-flop clocked by core_clock)
Path Group: core_clock
Path Type: min

Fanout     Cap    Slew   Delay    Time   Description
-----------------------------------------------------------------------------
                  0.00    0.00    0.00   clock core_clock (rise edge)
                          0.00    0.00   clock network delay (ideal)
                  0.00    0.00    0.00 ^ _298_/CLK (sky130_fd_sc_hd__dfxtp_2)
     4    0.02    0.10    0.34    0.34 ^ _298_/Q (sky130_fd_sc_hd__dfxtp_2)
                                         x15.A (net)
                  0.10    0.00    0.34 ^ _184_/A2 (sky130_fd_sc_hd__o21ai_2)
     2    0.00    0.03    0.06    0.41 v _184_/Y (sky130_fd_sc_hd__o21ai_2)
                                         _006_ (net)
                  0.03    0.00    0.41 v _185_/B1 (sky130_fd_sc_hd__o21a_2)
     2    0.01    0.03    0.12    0.52 v _185_/X (sky130_fd_sc_hd__o21a_2)
                                         _007_ (net)
                  0.03    0.00    0.52 v _231_/B1 (sky130_fd_sc_hd__o21ai_2)
     1    0.01    0.07    0.07    0.59 ^ _231_/Y (sky130_fd_sc_hd__o21ai_2)
                                         _049_ (net)
                  0.07    0.00    0.59 ^ _235_/A (sky130_fd_sc_hd__xnor2_2)
     1    0.00    0.02    0.06    0.65 v _235_/Y (sky130_fd_sc_hd__xnor2_2)
                                         x88.Si (net)
                  0.02    0.00    0.65 v _282_/D (sky130_fd_sc_hd__dfxtp_2)
                                  0.65   data arrival time

                  0.00    0.00    0.00   clock core_clock (rise edge)
                          0.00    0.00   clock network delay (ideal)
                          0.00    0.00   clock reconvergence pessimism
                                  0.00 ^ _282_/CLK (sky130_fd_sc_hd__dfxtp_2)
                         -0.05   -0.05   library hold time
                                 -0.05   data required time
-----------------------------------------------------------------------------
                                 -0.05   data required time
                                 -0.65   data arrival time
-----------------------------------------------------------------------------
                                  0.70   slack (MET)


Startpoint: _300_ (rising edge-triggered flip-flop clocked by core_clock)
Endpoint: _284_ (rising edge-triggered flip-flop clocked by core_clock)
Path Group: core_clock
Path Type: min

Fanout     Cap    Slew   Delay    Time   Description
-----------------------------------------------------------------------------
                  0.00    0.00    0.00   clock core_clock (rise edge)
                          0.00    0.00   clock network delay (ideal)
                  0.00    0.00    0.00 ^ _300_/CLK (sky130_fd_sc_hd__dfxtp_2)
     4    0.02    0.10    0.34    0.34 ^ _300_/Q (sky130_fd_sc_hd__dfxtp_2)
                                         x13.A (net)
                  0.10    0.00    0.34 ^ _202_/A2 (sky130_fd_sc_hd__o21ai_2)
     2    0.01    0.04    0.07    0.41 v _202_/Y (sky130_fd_sc_hd__o21ai_2)
                                         _024_ (net)
                  0.04    0.00    0.41 v _215_/B1 (sky130_fd_sc_hd__o21a_2)
     2    0.01    0.03    0.12    0.53 v _215_/X (sky130_fd_sc_hd__o21a_2)
                                         _035_ (net)
                  0.03    0.00    0.53 v _219_/A (sky130_fd_sc_hd__nand2_2)
     1    0.01    0.06    0.07    0.60 ^ _219_/Y (sky130_fd_sc_hd__nand2_2)
                                         _039_ (net)
                  0.06    0.00    0.60 ^ _224_/A (sky130_fd_sc_hd__xnor2_2)
     1    0.00    0.02    0.06    0.65 v _224_/Y (sky130_fd_sc_hd__xnor2_2)
                                         x86.Si (net)
                  0.02    0.00    0.65 v _284_/D (sky130_fd_sc_hd__dfxtp_2)
                                  0.65   data arrival time

                  0.00    0.00    0.00   clock core_clock (rise edge)
                          0.00    0.00   clock network delay (ideal)
                          0.00    0.00   clock reconvergence pessimism
                                  0.00 ^ _284_/CLK (sky130_fd_sc_hd__dfxtp_2)
                         -0.05   -0.05   library hold time
                                 -0.05   data required time
-----------------------------------------------------------------------------
                                 -0.05   data required time
                                 -0.65   data arrival time
-----------------------------------------------------------------------------
                                  0.70   slack (MET)


Startpoint: _293_ (rising edge-triggered flip-flop clocked by core_clock)
Endpoint: _276_ (rising edge-triggered flip-flop clocked by core_clock)
Path Group: core_clock
Path Type: min

Fanout     Cap    Slew   Delay    Time   Description
-----------------------------------------------------------------------------
                  0.00    0.00    0.00   clock core_clock (rise edge)
                          0.00    0.00   clock network delay (ideal)
                  0.00    0.00    0.00 ^ _293_/CLK (sky130_fd_sc_hd__dfxtp_2)
     3    0.02    0.10    0.34    0.34 ^ _293_/Q (sky130_fd_sc_hd__dfxtp_2)
                                         x6.A (net)
                  0.10    0.00    0.34 ^ _133_/B (sky130_fd_sc_hd__xnor2_2)
     5    0.02    0.10    0.16    0.50 ^ _133_/Y (sky130_fd_sc_hd__xnor2_2)
                                         _084_ (net)
                  0.10    0.00    0.50 ^ _250_/A (sky130_fd_sc_hd__xnor2_2)
     1    0.01    0.05    0.09    0.59 v _250_/Y (sky130_fd_sc_hd__xnor2_2)
                                         _062_ (net)
                  0.05    0.00    0.59 v _251_/B (sky130_fd_sc_hd__xnor2_2)
     1    0.00    0.03    0.10    0.69 ^ _251_/Y (sky130_fd_sc_hd__xnor2_2)
                                         x94.Si (net)
                  0.03    0.00    0.69 ^ _276_/D (sky130_fd_sc_hd__dfxtp_2)
                                  0.69   data arrival time

                  0.00    0.00    0.00   clock core_clock (rise edge)
                          0.00    0.00   clock network delay (ideal)
                          0.00    0.00   clock reconvergence pessimism
                                  0.00 ^ _276_/CLK (sky130_fd_sc_hd__dfxtp_2)
                         -0.03   -0.03   library hold time
                                 -0.03   data required time
-----------------------------------------------------------------------------
                                 -0.03   data required time
                                 -0.69   data arrival time
-----------------------------------------------------------------------------
                                  0.73   slack (MET)


Startpoint: _295_ (rising edge-triggered flip-flop clocked by core_clock)
Endpoint: _278_ (rising edge-triggered flip-flop clocked by core_clock)
Path Group: core_clock
Path Type: min

Fanout     Cap    Slew   Delay    Time   Description
-----------------------------------------------------------------------------
                  0.00    0.00    0.00   clock core_clock (rise edge)
                          0.00    0.00   clock network delay (ideal)
                  0.00    0.00    0.00 ^ _295_/CLK (sky130_fd_sc_hd__dfxtp_2)
     4    0.02    0.10    0.34    0.34 ^ _295_/Q (sky130_fd_sc_hd__dfxtp_2)
                                         x4.A (net)
                  0.10    0.00    0.34 ^ _128_/B (sky130_fd_sc_hd__xnor2_2)
     7    0.02    0.12    0.17    0.52 ^ _128_/Y (sky130_fd_sc_hd__xnor2_2)
                                         _079_ (net)
                  0.12    0.00    0.52 ^ _242_/A (sky130_fd_sc_hd__xnor2_2)
     1    0.01    0.05    0.09    0.61 v _242_/Y (sky130_fd_sc_hd__xnor2_2)
                                         _056_ (net)
                  0.05    0.00    0.61 v _243_/B (sky130_fd_sc_hd__xnor2_2)
     1    0.00    0.03    0.10    0.71 ^ _243_/Y (sky130_fd_sc_hd__xnor2_2)
                                         x92.Si (net)
                  0.03    0.00    0.71 ^ _278_/D (sky130_fd_sc_hd__dfxtp_2)
                                  0.71   data arrival time

                  0.00    0.00    0.00   clock core_clock (rise edge)
                          0.00    0.00   clock network delay (ideal)
                          0.00    0.00   clock reconvergence pessimism
                                  0.00 ^ _278_/CLK (sky130_fd_sc_hd__dfxtp_2)
                         -0.03   -0.03   library hold time
                                 -0.03   data required time
-----------------------------------------------------------------------------
                                 -0.03   data required time
                                 -0.71   data arrival time
-----------------------------------------------------------------------------
                                  0.75   slack (MET)


Startpoint: _302_ (rising edge-triggered flip-flop clocked by core_clock)
Endpoint: _286_ (rising edge-triggered flip-flop clocked by core_clock)
Path Group: core_clock
Path Type: min

Fanout     Cap    Slew   Delay    Time   Description
-----------------------------------------------------------------------------
                  0.00    0.00    0.00   clock core_clock (rise edge)
                          0.00    0.00   clock network delay (ideal)
                  0.00    0.00    0.00 ^ _302_/CLK (sky130_fd_sc_hd__dfxtp_2)
     4    0.02    0.10    0.34    0.34 ^ _302_/Q (sky130_fd_sc_hd__dfxtp_2)
                                         x11.A (net)
                  0.10    0.00    0.34 ^ _199_/A2 (sky130_fd_sc_hd__o21ai_2)
     2    0.00    0.03    0.06    0.41 v _199_/Y (sky130_fd_sc_hd__o21ai_2)
                                         _021_ (net)
                  0.03    0.00    0.41 v _200_/B1 (sky130_fd_sc_hd__o31a_2)
     1    0.01    0.04    0.12    0.52 v _200_/X (sky130_fd_sc_hd__o31a_2)
                                         _022_ (net)
                  0.04    0.00    0.52 v _205_/A (sky130_fd_sc_hd__xnor2_2)
     1    0.01    0.05    0.14    0.66 v _205_/Y (sky130_fd_sc_hd__xnor2_2)
                                         _027_ (net)
                  0.05    0.00    0.66 v _206_/B (sky130_fd_sc_hd__xnor2_2)
     1    0.00    0.03    0.10    0.76 ^ _206_/Y (sky130_fd_sc_hd__xnor2_2)
                                         x84.Si (net)
                  0.03    0.00    0.76 ^ _286_/D (sky130_fd_sc_hd__dfxtp_2)
                                  0.76   data arrival time

                  0.00    0.00    0.00   clock core_clock (rise edge)
                          0.00    0.00   clock network delay (ideal)
                          0.00    0.00   clock reconvergence pessimism
                                  0.00 ^ _286_/CLK (sky130_fd_sc_hd__dfxtp_2)
                         -0.03   -0.03   library hold time
                                 -0.03   data required time
-----------------------------------------------------------------------------
                                 -0.03   data required time
                                 -0.76   data arrival time
-----------------------------------------------------------------------------
                                  0.80   slack (MET)


Startpoint: _296_ (rising edge-triggered flip-flop clocked by core_clock)
Endpoint: _288_ (rising edge-triggered flip-flop clocked by core_clock)
Path Group: core_clock
Path Type: min

Fanout     Cap    Slew   Delay    Time   Description
-----------------------------------------------------------------------------
                  0.00    0.00    0.00   clock core_clock (rise edge)
                          0.00    0.00   clock network delay (ideal)
                  0.00    0.00    0.00 ^ _296_/CLK (sky130_fd_sc_hd__dfxtp_2)
     4    0.02    0.05    0.32    0.32 v _296_/Q (sky130_fd_sc_hd__dfxtp_2)
                                         x1.A (net)
                  0.05    0.00    0.32 v _182_/A2 (sky130_fd_sc_hd__o21ai_2)
     3    0.01    0.06    0.13    0.45 ^ _182_/Y (sky130_fd_sc_hd__o21ai_2)
                                         _004_ (net)
                  0.06    0.00    0.45 ^ _222_/A1 (sky130_fd_sc_hd__a211o_2)
     2    0.01    0.07    0.16    0.60 ^ _222_/X (sky130_fd_sc_hd__a211o_2)
                                         _042_ (net)
                  0.07    0.00    0.60 ^ _271_/A2 (sky130_fd_sc_hd__a21oi_2)
     1    0.01    0.03    0.07    0.67 v _271_/Y (sky130_fd_sc_hd__a21oi_2)
                                         _078_ (net)
                  0.03    0.00    0.67 v _272_/B (sky130_fd_sc_hd__xnor2_2)
     1    0.00    0.03    0.09    0.77 ^ _272_/Y (sky130_fd_sc_hd__xnor2_2)
                                         x82.Si (net)
                  0.03    0.00    0.77 ^ _288_/D (sky130_fd_sc_hd__dfxtp_2)
                                  0.77   data arrival time

                  0.00    0.00    0.00   clock core_clock (rise edge)
                          0.00    0.00   clock network delay (ideal)
                          0.00    0.00   clock reconvergence pessimism
                                  0.00 ^ _288_/CLK (sky130_fd_sc_hd__dfxtp_2)
                         -0.03   -0.03   library hold time
                                 -0.03   data required time
-----------------------------------------------------------------------------
                                 -0.03   data required time
                                 -0.77   data arrival time
-----------------------------------------------------------------------------
                                  0.80   slack (MET)


Startpoint: _301_ (rising edge-triggered flip-flop clocked by core_clock)
Endpoint: _287_ (rising edge-triggered flip-flop clocked by core_clock)
Path Group: core_clock
Path Type: min

Fanout     Cap    Slew   Delay    Time   Description
-----------------------------------------------------------------------------
                  0.00    0.00    0.00   clock core_clock (rise edge)
                          0.00    0.00   clock network delay (ideal)
                  0.00    0.00    0.00 ^ _301_/CLK (sky130_fd_sc_hd__dfxtp_2)
     4    0.02    0.05    0.32    0.32 v _301_/Q (sky130_fd_sc_hd__dfxtp_2)
                                         x14.A (net)
                  0.05    0.00    0.32 v _169_/A2 (sky130_fd_sc_hd__o21ai_2)
     2    0.01    0.06    0.13    0.45 ^ _169_/Y (sky130_fd_sc_hd__o21ai_2)
                                         _120_ (net)
                  0.06    0.00    0.45 ^ _175_/A3 (sky130_fd_sc_hd__o32a_2)
     1    0.01    0.06    0.15    0.61 ^ _175_/X (sky130_fd_sc_hd__o32a_2)
                                         _126_ (net)
                  0.06    0.00    0.61 ^ _176_/B (sky130_fd_sc_hd__xnor2_2)
     1    0.01    0.05    0.07    0.68 v _176_/Y (sky130_fd_sc_hd__xnor2_2)
                                         _127_ (net)
                  0.05    0.00    0.68 v _177_/B (sky130_fd_sc_hd__xnor2_2)
     1    0.00    0.03    0.10    0.78 ^ _177_/Y (sky130_fd_sc_hd__xnor2_2)
                                         x83.Si (net)
                  0.03    0.00    0.78 ^ _287_/D (sky130_fd_sc_hd__dfxtp_2)
                                  0.78   data arrival time

                  0.00    0.00    0.00   clock core_clock (rise edge)
                          0.00    0.00   clock network delay (ideal)
                          0.00    0.00   clock reconvergence pessimism
                                  0.00 ^ _287_/CLK (sky130_fd_sc_hd__dfxtp_2)
                         -0.03   -0.03   library hold time
                                 -0.03   data required time
-----------------------------------------------------------------------------
                                 -0.03   data required time
                                 -0.78   data arrival time
-----------------------------------------------------------------------------
                                  0.81   slack (MET)



worst slack corner Typical: 0.4460
min_report_end
max_report

===========================================================================
report_checks -path_delay max (Setup)
============================================================================
======================= Typical Corner ===================================

Startpoint: _309_ (rising edge-triggered flip-flop clocked by core_clock)
Endpoint: _287_ (rising edge-triggered flip-flop clocked by core_clock)
Path Group: core_clock
Path Type: max

Fanout     Cap    Slew   Delay    Time   Description
-----------------------------------------------------------------------------
                  0.00    0.00    0.00   clock core_clock (rise edge)
                          0.00    0.00   clock network delay (ideal)
                  0.00    0.00    0.00 ^ _309_/CLK (sky130_fd_sc_hd__dfxtp_2)
     3    0.02    0.05    0.32    0.32 v _309_/Q (sky130_fd_sc_hd__dfxtp_2)
                                         x6.B (net)
                  0.05    0.00    0.32 v _133_/A (sky130_fd_sc_hd__xnor2_2)
     5    0.01    0.09    0.17    0.49 v _133_/Y (sky130_fd_sc_hd__xnor2_2)
                                         _084_ (net)
                  0.09    0.00    0.49 v _136_/B (sky130_fd_sc_hd__or4_2)
     6    0.01    0.15    0.72    1.21 v _136_/X (sky130_fd_sc_hd__or4_2)
                                         _087_ (net)
                  0.15    0.00    1.21 v _137_/C (sky130_fd_sc_hd__or3_2)
     2    0.01    0.09    0.45    1.66 v _137_/X (sky130_fd_sc_hd__or3_2)
                                         _088_ (net)
                  0.09    0.00    1.66 v _147_/A (sky130_fd_sc_hd__and3_2)
     3    0.01    0.07    0.22    1.88 v _147_/X (sky130_fd_sc_hd__and3_2)
                                         _098_ (net)
                  0.07    0.00    1.88 v _161_/A (sky130_fd_sc_hd__or3_2)
     1    0.01    0.10    0.51    2.39 v _161_/X (sky130_fd_sc_hd__or3_2)
                                         _112_ (net)
                  0.10    0.00    2.39 v _177_/A (sky130_fd_sc_hd__xnor2_2)
     1    0.00    0.04    0.14    2.53 v _177_/Y (sky130_fd_sc_hd__xnor2_2)
                                         x83.Si (net)
                  0.04    0.00    2.53 v _287_/D (sky130_fd_sc_hd__dfxtp_2)
                                  2.53   data arrival time

                  0.00    4.93    4.93   clock core_clock (rise edge)
                          0.00    4.93   clock network delay (ideal)
                          0.00    4.93   clock reconvergence pessimism
                                  4.93 ^ _287_/CLK (sky130_fd_sc_hd__dfxtp_2)
                         -0.12    4.81   library setup time
                                  4.81   data required time
-----------------------------------------------------------------------------
                                  4.81   data required time
                                 -2.53   data arrival time
-----------------------------------------------------------------------------
                                  2.28   slack (MET)


Startpoint: _309_ (rising edge-triggered flip-flop clocked by core_clock)
Endpoint: _285_ (rising edge-triggered flip-flop clocked by core_clock)
Path Group: core_clock
Path Type: max

Fanout     Cap    Slew   Delay    Time   Description
-----------------------------------------------------------------------------
                  0.00    0.00    0.00   clock core_clock (rise edge)
                          0.00    0.00   clock network delay (ideal)
                  0.00    0.00    0.00 ^ _309_/CLK (sky130_fd_sc_hd__dfxtp_2)
     3    0.02    0.05    0.32    0.32 v _309_/Q (sky130_fd_sc_hd__dfxtp_2)
                                         x6.B (net)
                  0.05    0.00    0.32 v _133_/A (sky130_fd_sc_hd__xnor2_2)
     5    0.01    0.09    0.17    0.49 v _133_/Y (sky130_fd_sc_hd__xnor2_2)
                                         _084_ (net)
                  0.09    0.00    0.49 v _142_/A (sky130_fd_sc_hd__or4b_2)
     2    0.00    0.10    0.68    1.17 v _142_/X (sky130_fd_sc_hd__or4b_2)
                                         _093_ (net)
                  0.10    0.00    1.17 v _144_/A3 (sky130_fd_sc_hd__a31o_2)
     3    0.01    0.05    0.28    1.44 v _144_/X (sky130_fd_sc_hd__a31o_2)
                                         _095_ (net)
                  0.05    0.00    1.44 v _212_/A (sky130_fd_sc_hd__or3_2)
     1    0.01    0.10    0.50    1.94 v _212_/X (sky130_fd_sc_hd__or3_2)
                                         _033_ (net)
                  0.10    0.00    1.94 v _213_/B (sky130_fd_sc_hd__xnor2_2)
     1    0.01    0.08    0.16    2.10 v _213_/Y (sky130_fd_sc_hd__xnor2_2)
                                         _034_ (net)
                  0.08    0.00    2.10 v _214_/B (sky130_fd_sc_hd__xnor2_2)
     1    0.00    0.04    0.13    2.23 v _214_/Y (sky130_fd_sc_hd__xnor2_2)
                                         x85.Si (net)
                  0.04    0.00    2.23 v _285_/D (sky130_fd_sc_hd__dfxtp_2)
                                  2.23   data arrival time

                  0.00    4.93    4.93   clock core_clock (rise edge)
                          0.00    4.93   clock network delay (ideal)
                          0.00    4.93   clock reconvergence pessimism
                                  4.93 ^ _285_/CLK (sky130_fd_sc_hd__dfxtp_2)
                         -0.12    4.81   library setup time
                                  4.81   data required time
-----------------------------------------------------------------------------
                                  4.81   data required time
                                 -2.23   data arrival time
-----------------------------------------------------------------------------
                                  2.58   slack (MET)


Startpoint: _311_ (rising edge-triggered flip-flop clocked by core_clock)
Endpoint: _286_ (rising edge-triggered flip-flop clocked by core_clock)
Path Group: core_clock
Path Type: max

Fanout     Cap    Slew   Delay    Time   Description
-----------------------------------------------------------------------------
                  0.00    0.00    0.00   clock core_clock (rise edge)
                          0.00    0.00   clock network delay (ideal)
                  0.00    0.00    0.00 ^ _311_/CLK (sky130_fd_sc_hd__dfxtp_2)
     4    0.02    0.05    0.32    0.32 v _311_/Q (sky130_fd_sc_hd__dfxtp_2)
                                         x4.B (net)
                  0.05    0.00    0.32 v _128_/A (sky130_fd_sc_hd__xnor2_2)
     7    0.02    0.11    0.18    0.50 v _128_/Y (sky130_fd_sc_hd__xnor2_2)
                                         _079_ (net)
                  0.11    0.00    0.50 v _195_/A (sky130_fd_sc_hd__or4_2)
     3    0.01    0.12    0.70    1.20 v _195_/X (sky130_fd_sc_hd__or4_2)
                                         _017_ (net)
                  0.12    0.00    1.20 v _196_/C (sky130_fd_sc_hd__or3_2)
     2    0.00    0.08    0.44    1.64 v _196_/X (sky130_fd_sc_hd__or3_2)
                                         _018_ (net)
                  0.08    0.00    1.64 v _200_/A3 (sky130_fd_sc_hd__o31a_2)
     1    0.01    0.07    0.31    1.95 v _200_/X (sky130_fd_sc_hd__o31a_2)
                                         _022_ (net)
                  0.07    0.00    1.95 v _205_/A (sky130_fd_sc_hd__xnor2_2)
     1    0.01    0.06    0.15    2.11 v _205_/Y (sky130_fd_sc_hd__xnor2_2)
                                         _027_ (net)
                  0.06    0.00    2.11 v _206_/B (sky130_fd_sc_hd__xnor2_2)
     1    0.00    0.04    0.12    2.23 v _206_/Y (sky130_fd_sc_hd__xnor2_2)
                                         x84.Si (net)
                  0.04    0.00    2.23 v _286_/D (sky130_fd_sc_hd__dfxtp_2)
                                  2.23   data arrival time

                  0.00    4.93    4.93   clock core_clock (rise edge)
                          0.00    4.93   clock network delay (ideal)
                          0.00    4.93   clock reconvergence pessimism
                                  4.93 ^ _286_/CLK (sky130_fd_sc_hd__dfxtp_2)
                         -0.12    4.81   library setup time
                                  4.81   data required time
-----------------------------------------------------------------------------
                                  4.81   data required time
                                 -2.23   data arrival time
-----------------------------------------------------------------------------
                                  2.58   slack (MET)


Startpoint: _309_ (rising edge-triggered flip-flop clocked by core_clock)
Endpoint: _284_ (rising edge-triggered flip-flop clocked by core_clock)
Path Group: core_clock
Path Type: max

Fanout     Cap    Slew   Delay    Time   Description
-----------------------------------------------------------------------------
                  0.00    0.00    0.00   clock core_clock (rise edge)
                          0.00    0.00   clock network delay (ideal)
                  0.00    0.00    0.00 ^ _309_/CLK (sky130_fd_sc_hd__dfxtp_2)
     3    0.02    0.05    0.32    0.32 v _309_/Q (sky130_fd_sc_hd__dfxtp_2)
                                         x6.B (net)
                  0.05    0.00    0.32 v _133_/A (sky130_fd_sc_hd__xnor2_2)
     5    0.01    0.09    0.17    0.49 v _133_/Y (sky130_fd_sc_hd__xnor2_2)
                                         _084_ (net)
                  0.09    0.00    0.49 v _136_/B (sky130_fd_sc_hd__or4_2)
     6    0.01    0.15    0.72    1.21 v _136_/X (sky130_fd_sc_hd__or4_2)
                                         _087_ (net)
                  0.15    0.00    1.21 v _221_/A2 (sky130_fd_sc_hd__o31a_2)
     2    0.00    0.05    0.36    1.56 v _221_/X (sky130_fd_sc_hd__o31a_2)
                                         _041_ (net)
                  0.05    0.00    1.56 v _222_/A2 (sky130_fd_sc_hd__a211o_2)
     2    0.01    0.08    0.37    1.93 v _222_/X (sky130_fd_sc_hd__a211o_2)
                                         _042_ (net)
                  0.08    0.00    1.93 v _223_/B (sky130_fd_sc_hd__xnor2_2)
     1    0.01    0.07    0.15    2.08 v _223_/Y (sky130_fd_sc_hd__xnor2_2)
                                         _043_ (net)
                  0.07    0.00    2.08 v _224_/B (sky130_fd_sc_hd__xnor2_2)
     1    0.00    0.04    0.13    2.21 v _224_/Y (sky130_fd_sc_hd__xnor2_2)
                                         x86.Si (net)
                  0.04    0.00    2.21 v _284_/D (sky130_fd_sc_hd__dfxtp_2)
                                  2.21   data arrival time

                  0.00    4.93    4.93   clock core_clock (rise edge)
                          0.00    4.93   clock network delay (ideal)
                          0.00    4.93   clock reconvergence pessimism
                                  4.93 ^ _284_/CLK (sky130_fd_sc_hd__dfxtp_2)
                         -0.12    4.81   library setup time
                                  4.81   data required time
-----------------------------------------------------------------------------
                                  4.81   data required time
                                 -2.21   data arrival time
-----------------------------------------------------------------------------
                                  2.60   slack (MET)


Startpoint: _309_ (rising edge-triggered flip-flop clocked by core_clock)
Endpoint: _289_ (rising edge-triggered flip-flop clocked by core_clock)
Path Group: core_clock
Path Type: max

Fanout     Cap    Slew   Delay    Time   Description
-----------------------------------------------------------------------------
                  0.00    0.00    0.00   clock core_clock (rise edge)
                          0.00    0.00   clock network delay (ideal)
                  0.00    0.00    0.00 ^ _309_/CLK (sky130_fd_sc_hd__dfxtp_2)
     3    0.02    0.05    0.32    0.32 v _309_/Q (sky130_fd_sc_hd__dfxtp_2)
                                         x6.B (net)
                  0.05    0.00    0.32 v _133_/A (sky130_fd_sc_hd__xnor2_2)
     5    0.01    0.09    0.17    0.49 v _133_/Y (sky130_fd_sc_hd__xnor2_2)
                                         _084_ (net)
                  0.09    0.00    0.49 v _136_/B (sky130_fd_sc_hd__or4_2)
     6    0.01    0.15    0.72    1.21 v _136_/X (sky130_fd_sc_hd__or4_2)
                                         _087_ (net)
                  0.15    0.00    1.21 v _137_/C (sky130_fd_sc_hd__or3_2)
     2    0.01    0.09    0.45    1.66 v _137_/X (sky130_fd_sc_hd__or3_2)
                                         _088_ (net)
                  0.09    0.00    1.66 v _147_/A (sky130_fd_sc_hd__and3_2)
     3    0.01    0.07    0.22    1.88 v _147_/X (sky130_fd_sc_hd__and3_2)
                                         _098_ (net)
                  0.07    0.00    1.88 v _236_/A1 (sky130_fd_sc_hd__o21ai_2)
     2    0.01    0.17    0.19    2.07 ^ _236_/Y (sky130_fd_sc_hd__o21ai_2)
                                         _053_ (net)
                  0.17    0.00    2.07 ^ _264_/A2 (sky130_fd_sc_hd__a311o_2)
     1    0.00    0.03    0.18    2.26 ^ _264_/X (sky130_fd_sc_hd__a311o_2)
                                         x66.G (net)
                  0.03    0.00    2.26 ^ _289_/D (sky130_fd_sc_hd__dfxtp_2)
                                  2.26   data arrival time

                  0.00    4.93    4.93   clock core_clock (rise edge)
                          0.00    4.93   clock network delay (ideal)
                          0.00    4.93   clock reconvergence pessimism
                                  4.93 ^ _289_/CLK (sky130_fd_sc_hd__dfxtp_2)
                         -0.06    4.87   library setup time
                                  4.87   data required time
-----------------------------------------------------------------------------
                                  4.87   data required time
                                 -2.26   data arrival time
-----------------------------------------------------------------------------
                                  2.61   slack (MET)


Startpoint: _309_ (rising edge-triggered flip-flop clocked by core_clock)
Endpoint: _288_ (rising edge-triggered flip-flop clocked by core_clock)
Path Group: core_clock
Path Type: max

Fanout     Cap    Slew   Delay    Time   Description
-----------------------------------------------------------------------------
                  0.00    0.00    0.00   clock core_clock (rise edge)
                          0.00    0.00   clock network delay (ideal)
                  0.00    0.00    0.00 ^ _309_/CLK (sky130_fd_sc_hd__dfxtp_2)
     3    0.02    0.05    0.32    0.32 v _309_/Q (sky130_fd_sc_hd__dfxtp_2)
                                         x6.B (net)
                  0.05    0.00    0.32 v _133_/A (sky130_fd_sc_hd__xnor2_2)
     5    0.01    0.09    0.17    0.49 v _133_/Y (sky130_fd_sc_hd__xnor2_2)
                                         _084_ (net)
                  0.09    0.00    0.49 v _136_/B (sky130_fd_sc_hd__or4_2)
     6    0.01    0.15    0.72    1.21 v _136_/X (sky130_fd_sc_hd__or4_2)
                                         _087_ (net)
                  0.15    0.00    1.21 v _221_/A2 (sky130_fd_sc_hd__o31a_2)
     2    0.00    0.05    0.36    1.56 v _221_/X (sky130_fd_sc_hd__o31a_2)
                                         _041_ (net)
                  0.05    0.00    1.56 v _222_/A2 (sky130_fd_sc_hd__a211o_2)
     2    0.01    0.08    0.37    1.93 v _222_/X (sky130_fd_sc_hd__a211o_2)
                                         _042_ (net)
                  0.08    0.00    1.93 v _271_/A2 (sky130_fd_sc_hd__a21oi_2)
     1    0.01    0.14    0.18    2.11 ^ _271_/Y (sky130_fd_sc_hd__a21oi_2)
                                         _078_ (net)
                  0.14    0.00    2.11 ^ _272_/B (sky130_fd_sc_hd__xnor2_2)
     1    0.00    0.09    0.11    2.22 ^ _272_/Y (sky130_fd_sc_hd__xnor2_2)
                                         x82.Si (net)
                  0.09    0.00    2.22 ^ _288_/D (sky130_fd_sc_hd__dfxtp_2)
                                  2.22   data arrival time

                  0.00    4.93    4.93   clock core_clock (rise edge)
                          0.00    4.93   clock network delay (ideal)
                          0.00    4.93   clock reconvergence pessimism
                                  4.93 ^ _288_/CLK (sky130_fd_sc_hd__dfxtp_2)
                         -0.08    4.85   library setup time
                                  4.85   data required time
-----------------------------------------------------------------------------
                                  4.85   data required time
                                 -2.22   data arrival time
-----------------------------------------------------------------------------
                                  2.63   slack (MET)


Startpoint: _309_ (rising edge-triggered flip-flop clocked by core_clock)
Endpoint: _281_ (rising edge-triggered flip-flop clocked by core_clock)
Path Group: core_clock
Path Type: max

Fanout     Cap    Slew   Delay    Time   Description
-----------------------------------------------------------------------------
                  0.00    0.00    0.00   clock core_clock (rise edge)
                          0.00    0.00   clock network delay (ideal)
                  0.00    0.00    0.00 ^ _309_/CLK (sky130_fd_sc_hd__dfxtp_2)
     3    0.02    0.05    0.32    0.32 v _309_/Q (sky130_fd_sc_hd__dfxtp_2)
                                         x6.B (net)
                  0.05    0.00    0.32 v _133_/A (sky130_fd_sc_hd__xnor2_2)
     5    0.01    0.09    0.17    0.49 v _133_/Y (sky130_fd_sc_hd__xnor2_2)
                                         _084_ (net)
                  0.09    0.00    0.49 v _136_/B (sky130_fd_sc_hd__or4_2)
     6    0.01    0.15    0.72    1.21 v _136_/X (sky130_fd_sc_hd__or4_2)
                                         _087_ (net)
                  0.15    0.00    1.21 v _137_/C (sky130_fd_sc_hd__or3_2)
     2    0.01    0.09    0.45    1.66 v _137_/X (sky130_fd_sc_hd__or3_2)
                                         _088_ (net)
                  0.09    0.00    1.66 v _147_/A (sky130_fd_sc_hd__and3_2)
     3    0.01    0.07    0.22    1.88 v _147_/X (sky130_fd_sc_hd__and3_2)
                                         _098_ (net)
                  0.07    0.00    1.88 v _236_/A1 (sky130_fd_sc_hd__o21ai_2)
     2    0.01    0.17    0.19    2.07 ^ _236_/Y (sky130_fd_sc_hd__o21ai_2)
                                         _053_ (net)
                  0.17    0.00    2.07 ^ _237_/B (sky130_fd_sc_hd__xnor2_2)
     1    0.00    0.09    0.12    2.19 ^ _237_/Y (sky130_fd_sc_hd__xnor2_2)
                                         x89.Si (net)
                  0.09    0.00    2.19 ^ _281_/D (sky130_fd_sc_hd__dfxtp_2)
                                  2.19   data arrival time

                  0.00    4.93    4.93   clock core_clock (rise edge)
                          0.00    4.93   clock network delay (ideal)
                          0.00    4.93   clock reconvergence pessimism
                                  4.93 ^ _281_/CLK (sky130_fd_sc_hd__dfxtp_2)
                         -0.08    4.85   library setup time
                                  4.85   data required time
-----------------------------------------------------------------------------
                                  4.85   data required time
                                 -2.19   data arrival time
-----------------------------------------------------------------------------
                                  2.66   slack (MET)


Startpoint: _309_ (rising edge-triggered flip-flop clocked by core_clock)
Endpoint: _279_ (rising edge-triggered flip-flop clocked by core_clock)
Path Group: core_clock
Path Type: max

Fanout     Cap    Slew   Delay    Time   Description
-----------------------------------------------------------------------------
                  0.00    0.00    0.00   clock core_clock (rise edge)
                          0.00    0.00   clock network delay (ideal)
                  0.00    0.00    0.00 ^ _309_/CLK (sky130_fd_sc_hd__dfxtp_2)
     3    0.02    0.05    0.32    0.32 v _309_/Q (sky130_fd_sc_hd__dfxtp_2)
                                         x6.B (net)
                  0.05    0.00    0.32 v _133_/A (sky130_fd_sc_hd__xnor2_2)
     5    0.01    0.09    0.17    0.49 v _133_/Y (sky130_fd_sc_hd__xnor2_2)
                                         _084_ (net)
                  0.09    0.00    0.49 v _136_/B (sky130_fd_sc_hd__or4_2)
     6    0.01    0.15    0.72    1.21 v _136_/X (sky130_fd_sc_hd__or4_2)
                                         _087_ (net)
                  0.15    0.00    1.21 v _137_/C (sky130_fd_sc_hd__or3_2)
     2    0.01    0.09    0.45    1.66 v _137_/X (sky130_fd_sc_hd__or3_2)
                                         _088_ (net)
                  0.09    0.00    1.66 v _147_/A (sky130_fd_sc_hd__and3_2)
     3    0.01    0.07    0.22    1.88 v _147_/X (sky130_fd_sc_hd__and3_2)
                                         _098_ (net)
                  0.07    0.00    1.88 v _240_/A (sky130_fd_sc_hd__xor2_2)
     1    0.00    0.06    0.16    2.05 v _240_/X (sky130_fd_sc_hd__xor2_2)
                                         x91.Si (net)
                  0.06    0.00    2.05 v _279_/D (sky130_fd_sc_hd__dfxtp_2)
                                  2.05   data arrival time

                  0.00    4.93    4.93   clock core_clock (rise edge)
                          0.00    4.93   clock network delay (ideal)
                          0.00    4.93   clock reconvergence pessimism
                                  4.93 ^ _279_/CLK (sky130_fd_sc_hd__dfxtp_2)
                         -0.13    4.80   library setup time
                                  4.80   data required time
-----------------------------------------------------------------------------
                                  4.80   data required time
                                 -2.05   data arrival time
-----------------------------------------------------------------------------
                                  2.75   slack (MET)


Startpoint: _309_ (rising edge-triggered flip-flop clocked by core_clock)
Endpoint: _283_ (rising edge-triggered flip-flop clocked by core_clock)
Path Group: core_clock
Path Type: max

Fanout     Cap    Slew   Delay    Time   Description
-----------------------------------------------------------------------------
                  0.00    0.00    0.00   clock core_clock (rise edge)
                          0.00    0.00   clock network delay (ideal)
                  0.00    0.00    0.00 ^ _309_/CLK (sky130_fd_sc_hd__dfxtp_2)
     3    0.02    0.05    0.32    0.32 v _309_/Q (sky130_fd_sc_hd__dfxtp_2)
                                         x6.B (net)
                  0.05    0.00    0.32 v _133_/A (sky130_fd_sc_hd__xnor2_2)
     5    0.01    0.09    0.17    0.49 v _133_/Y (sky130_fd_sc_hd__xnor2_2)
                                         _084_ (net)
                  0.09    0.00    0.49 v _136_/B (sky130_fd_sc_hd__or4_2)
     6    0.01    0.15    0.72    1.21 v _136_/X (sky130_fd_sc_hd__or4_2)
                                         _087_ (net)
                  0.15    0.00    1.21 v _137_/C (sky130_fd_sc_hd__or3_2)
     2    0.01    0.09    0.45    1.66 v _137_/X (sky130_fd_sc_hd__or3_2)
                                         _088_ (net)
                  0.09    0.00    1.66 v _226_/A (sky130_fd_sc_hd__nor2_2)
     1    0.01    0.13    0.16    1.82 ^ _226_/Y (sky130_fd_sc_hd__nor2_2)
                                         _045_ (net)
                  0.13    0.00    1.82 ^ _228_/A (sky130_fd_sc_hd__xnor2_2)
     1    0.01    0.06    0.10    1.91 v _228_/Y (sky130_fd_sc_hd__xnor2_2)
                                         _047_ (net)
                  0.06    0.00    1.91 v _229_/B (sky130_fd_sc_hd__xnor2_2)
     1    0.00    0.04    0.12    2.04 v _229_/Y (sky130_fd_sc_hd__xnor2_2)
                                         x87.Si (net)
                  0.04    0.00    2.04 v _283_/D (sky130_fd_sc_hd__dfxtp_2)
                                  2.04   data arrival time

                  0.00    4.93    4.93   clock core_clock (rise edge)
                          0.00    4.93   clock network delay (ideal)
                          0.00    4.93   clock reconvergence pessimism
                                  4.93 ^ _283_/CLK (sky130_fd_sc_hd__dfxtp_2)
                         -0.12    4.81   library setup time
                                  4.81   data required time
-----------------------------------------------------------------------------
                                  4.81   data required time
                                 -2.04   data arrival time
-----------------------------------------------------------------------------
                                  2.77   slack (MET)


Startpoint: _309_ (rising edge-triggered flip-flop clocked by core_clock)
Endpoint: _282_ (rising edge-triggered flip-flop clocked by core_clock)
Path Group: core_clock
Path Type: max

Fanout     Cap    Slew   Delay    Time   Description
-----------------------------------------------------------------------------
                  0.00    0.00    0.00   clock core_clock (rise edge)
                          0.00    0.00   clock network delay (ideal)
                  0.00    0.00    0.00 ^ _309_/CLK (sky130_fd_sc_hd__dfxtp_2)
     3    0.02    0.05    0.32    0.32 v _309_/Q (sky130_fd_sc_hd__dfxtp_2)
                                         x6.B (net)
                  0.05    0.00    0.32 v _133_/A (sky130_fd_sc_hd__xnor2_2)
     5    0.01    0.09    0.17    0.49 v _133_/Y (sky130_fd_sc_hd__xnor2_2)
                                         _084_ (net)
                  0.09    0.00    0.49 v _136_/B (sky130_fd_sc_hd__or4_2)
     6    0.01    0.15    0.72    1.21 v _136_/X (sky130_fd_sc_hd__or4_2)
                                         _087_ (net)
                  0.15    0.00    1.21 v _233_/A (sky130_fd_sc_hd__or3b_2)
     1    0.01    0.10    0.52    1.73 v _233_/X (sky130_fd_sc_hd__or3b_2)
                                         _051_ (net)
                  0.10    0.00    1.73 v _234_/B (sky130_fd_sc_hd__xnor2_2)
     1    0.01    0.07    0.16    1.89 v _234_/Y (sky130_fd_sc_hd__xnor2_2)
                                         _052_ (net)
                  0.07    0.00    1.89 v _235_/B (sky130_fd_sc_hd__xnor2_2)
     1    0.00    0.04    0.13    2.02 v _235_/Y (sky130_fd_sc_hd__xnor2_2)
                                         x88.Si (net)
                  0.04    0.00    2.02 v _282_/D (sky130_fd_sc_hd__dfxtp_2)
                                  2.02   data arrival time

                  0.00    4.93    4.93   clock core_clock (rise edge)
                          0.00    4.93   clock network delay (ideal)
                          0.00    4.93   clock reconvergence pessimism
                                  4.93 ^ _282_/CLK (sky130_fd_sc_hd__dfxtp_2)
                         -0.12    4.81   library setup time
                                  4.81   data required time
-----------------------------------------------------------------------------
                                  4.81   data required time
                                 -2.02   data arrival time
-----------------------------------------------------------------------------
                                  2.79   slack (MET)


Startpoint: _309_ (rising edge-triggered flip-flop clocked by core_clock)
Endpoint: _280_ (rising edge-triggered flip-flop clocked by core_clock)
Path Group: core_clock
Path Type: max

Fanout     Cap    Slew   Delay    Time   Description
-----------------------------------------------------------------------------
                  0.00    0.00    0.00   clock core_clock (rise edge)
                          0.00    0.00   clock network delay (ideal)
                  0.00    0.00    0.00 ^ _309_/CLK (sky130_fd_sc_hd__dfxtp_2)
     3    0.02    0.05    0.32    0.32 v _309_/Q (sky130_fd_sc_hd__dfxtp_2)
                                         x6.B (net)
                  0.05    0.00    0.32 v _133_/A (sky130_fd_sc_hd__xnor2_2)
     5    0.01    0.09    0.17    0.49 v _133_/Y (sky130_fd_sc_hd__xnor2_2)
                                         _084_ (net)
                  0.09    0.00    0.49 v _136_/B (sky130_fd_sc_hd__or4_2)
     6    0.01    0.15    0.72    1.21 v _136_/X (sky130_fd_sc_hd__or4_2)
                                         _087_ (net)
                  0.15    0.00    1.21 v _221_/A2 (sky130_fd_sc_hd__o31a_2)
     2    0.00    0.05    0.36    1.56 v _221_/X (sky130_fd_sc_hd__o31a_2)
                                         _041_ (net)
                  0.05    0.00    1.56 v _238_/C (sky130_fd_sc_hd__and3_2)
     1    0.01    0.05    0.22    1.79 v _238_/X (sky130_fd_sc_hd__and3_2)
                                         _054_ (net)
                  0.05    0.00    1.79 v _239_/B (sky130_fd_sc_hd__xor2_2)
     1    0.00    0.05    0.13    1.92 v _239_/X (sky130_fd_sc_hd__xor2_2)
                                         x90.Si (net)
                  0.05    0.00    1.92 v _280_/D (sky130_fd_sc_hd__dfxtp_2)
                                  1.92   data arrival time

                  0.00    4.93    4.93   clock core_clock (rise edge)
                          0.00    4.93   clock network delay (ideal)
                          0.00    4.93   clock reconvergence pessimism
                                  4.93 ^ _280_/CLK (sky130_fd_sc_hd__dfxtp_2)
                         -0.13    4.80   library setup time
                                  4.80   data required time
-----------------------------------------------------------------------------
                                  4.80   data required time
                                 -1.92   data arrival time
-----------------------------------------------------------------------------
                                  2.88   slack (MET)


Startpoint: _309_ (rising edge-triggered flip-flop clocked by core_clock)
Endpoint: _278_ (rising edge-triggered flip-flop clocked by core_clock)
Path Group: core_clock
Path Type: max

Fanout     Cap    Slew   Delay    Time   Description
-----------------------------------------------------------------------------
                  0.00    0.00    0.00   clock core_clock (rise edge)
                          0.00    0.00   clock network delay (ideal)
                  0.00    0.00    0.00 ^ _309_/CLK (sky130_fd_sc_hd__dfxtp_2)
     3    0.02    0.05    0.32    0.32 v _309_/Q (sky130_fd_sc_hd__dfxtp_2)
                                         x6.B (net)
                  0.05    0.00    0.32 v _133_/A (sky130_fd_sc_hd__xnor2_2)
     5    0.01    0.09    0.17    0.49 v _133_/Y (sky130_fd_sc_hd__xnor2_2)
                                         _084_ (net)
                  0.09    0.00    0.49 v _136_/B (sky130_fd_sc_hd__or4_2)
     6    0.01    0.15    0.72    1.21 v _136_/X (sky130_fd_sc_hd__or4_2)
                                         _087_ (net)
                  0.15    0.00    1.21 v _241_/B (sky130_fd_sc_hd__nor2_2)
     2    0.01    0.17    0.19    1.39 ^ _241_/Y (sky130_fd_sc_hd__nor2_2)
                                         _055_ (net)
                  0.17    0.00    1.39 ^ _242_/B (sky130_fd_sc_hd__xnor2_2)
     1    0.01    0.08    0.09    1.49 v _242_/Y (sky130_fd_sc_hd__xnor2_2)
                                         _056_ (net)
                  0.08    0.00    1.49 v _243_/B (sky130_fd_sc_hd__xnor2_2)
     1    0.00    0.04    0.13    1.62 v _243_/Y (sky130_fd_sc_hd__xnor2_2)
                                         x92.Si (net)
                  0.04    0.00    1.62 v _278_/D (sky130_fd_sc_hd__dfxtp_2)
                                  1.62   data arrival time

                  0.00    4.93    4.93   clock core_clock (rise edge)
                          0.00    4.93   clock network delay (ideal)
                          0.00    4.93   clock reconvergence pessimism
                                  4.93 ^ _278_/CLK (sky130_fd_sc_hd__dfxtp_2)
                         -0.12    4.81   library setup time
                                  4.81   data required time
-----------------------------------------------------------------------------
                                  4.81   data required time
                                 -1.62   data arrival time
-----------------------------------------------------------------------------
                                  3.19   slack (MET)


Startpoint: _309_ (rising edge-triggered flip-flop clocked by core_clock)
Endpoint: _277_ (rising edge-triggered flip-flop clocked by core_clock)
Path Group: core_clock
Path Type: max

Fanout     Cap    Slew   Delay    Time   Description
-----------------------------------------------------------------------------
                  0.00    0.00    0.00   clock core_clock (rise edge)
                          0.00    0.00   clock network delay (ideal)
                  0.00    0.00    0.00 ^ _309_/CLK (sky130_fd_sc_hd__dfxtp_2)
     3    0.02    0.05    0.32    0.32 v _309_/Q (sky130_fd_sc_hd__dfxtp_2)
                                         x6.B (net)
                  0.05    0.00    0.32 v _133_/A (sky130_fd_sc_hd__xnor2_2)
     5    0.01    0.09    0.17    0.49 v _133_/Y (sky130_fd_sc_hd__xnor2_2)
                                         _084_ (net)
                  0.09    0.00    0.49 v _136_/B (sky130_fd_sc_hd__or4_2)
     6    0.01    0.15    0.72    1.21 v _136_/X (sky130_fd_sc_hd__or4_2)
                                         _087_ (net)
                  0.15    0.00    1.21 v _241_/B (sky130_fd_sc_hd__nor2_2)
     2    0.01    0.17    0.19    1.39 ^ _241_/Y (sky130_fd_sc_hd__nor2_2)
                                         _055_ (net)
                  0.17    0.00    1.39 ^ _247_/A (sky130_fd_sc_hd__nor2_2)
     1    0.01    0.05    0.07    1.47 v _247_/Y (sky130_fd_sc_hd__nor2_2)
                                         _060_ (net)
                  0.05    0.00    1.47 v _248_/B (sky130_fd_sc_hd__xnor2_2)
     1    0.00    0.04    0.12    1.59 v _248_/Y (sky130_fd_sc_hd__xnor2_2)
                                         x93.Si (net)
                  0.04    0.00    1.59 v _277_/D (sky130_fd_sc_hd__dfxtp_2)
                                  1.59   data arrival time

                  0.00    4.93    4.93   clock core_clock (rise edge)
                          0.00    4.93   clock network delay (ideal)
                          0.00    4.93   clock reconvergence pessimism
                                  4.93 ^ _277_/CLK (sky130_fd_sc_hd__dfxtp_2)
                         -0.12    4.81   library setup time
                                  4.81   data required time
-----------------------------------------------------------------------------
                                  4.81   data required time
                                 -1.59   data arrival time
-----------------------------------------------------------------------------
                                  3.22   slack (MET)


Startpoint: _308_ (rising edge-triggered flip-flop clocked by core_clock)
Endpoint: _276_ (rising edge-triggered flip-flop clocked by core_clock)
Path Group: core_clock
Path Type: max

Fanout     Cap    Slew   Delay    Time   Description
-----------------------------------------------------------------------------
                  0.00    0.00    0.00   clock core_clock (rise edge)
                          0.00    0.00   clock network delay (ideal)
                  0.00    0.00    0.00 ^ _308_/CLK (sky130_fd_sc_hd__dfxtp_2)
     4    0.02    0.06    0.32    0.32 v _308_/Q (sky130_fd_sc_hd__dfxtp_2)
                                         x5.B (net)
                  0.06    0.00    0.32 v _134_/A (sky130_fd_sc_hd__xnor2_2)
     5    0.01    0.09    0.17    0.49 v _134_/Y (sky130_fd_sc_hd__xnor2_2)
                                         _085_ (net)
                  0.09    0.00    0.49 v _189_/B (sky130_fd_sc_hd__or3_2)
     2    0.00    0.08    0.46    0.95 v _189_/X (sky130_fd_sc_hd__or3_2)
                                         _011_ (net)
                  0.08    0.00    0.95 v _190_/B (sky130_fd_sc_hd__and2_2)
     2    0.01    0.06    0.22    1.18 v _190_/X (sky130_fd_sc_hd__and2_2)
                                         _012_ (net)
                  0.06    0.00    1.18 v _251_/A (sky130_fd_sc_hd__xnor2_2)
     1    0.00    0.04    0.12    1.30 v _251_/Y (sky130_fd_sc_hd__xnor2_2)
                                         x94.Si (net)
                  0.04    0.00    1.30 v _276_/D (sky130_fd_sc_hd__dfxtp_2)
                                  1.30   data arrival time

                  0.00    4.93    4.93   clock core_clock (rise edge)
                          0.00    4.93   clock network delay (ideal)
                          0.00    4.93   clock reconvergence pessimism
                                  4.93 ^ _276_/CLK (sky130_fd_sc_hd__dfxtp_2)
                         -0.12    4.81   library setup time
                                  4.81   data required time
-----------------------------------------------------------------------------
                                  4.81   data required time
                                 -1.30   data arrival time
-----------------------------------------------------------------------------
                                  3.51   slack (MET)


Startpoint: _306_ (rising edge-triggered flip-flop clocked by core_clock)
Endpoint: _275_ (rising edge-triggered flip-flop clocked by core_clock)
Path Group: core_clock
Path Type: max

Fanout     Cap    Slew   Delay    Time   Description
-----------------------------------------------------------------------------
                  0.00    0.00    0.00   clock core_clock (rise edge)
                          0.00    0.00   clock network delay (ideal)
                  0.00    0.00    0.00 ^ _306_/CLK (sky130_fd_sc_hd__dfxtp_2)
     3    0.01    0.03    0.30    0.30 v _306_/Q (sky130_fd_sc_hd__dfxtp_2)
                                         x7.B (net)
                  0.03    0.00    0.30 v _130_/A (sky130_fd_sc_hd__or2_2)
     3    0.01    0.08    0.32    0.62 v _130_/X (sky130_fd_sc_hd__or2_2)
                                         _081_ (net)
                  0.08    0.00    0.62 v _252_/C (sky130_fd_sc_hd__and3_2)
     2    0.01    0.05    0.23    0.85 v _252_/X (sky130_fd_sc_hd__and3_2)
                                         _063_ (net)
                  0.05    0.00    0.85 v _253_/A1 (sky130_fd_sc_hd__o21ba_2)
     1    0.01    0.05    0.22    1.07 v _253_/X (sky130_fd_sc_hd__o21ba_2)
                                         _064_ (net)
                  0.05    0.00    1.07 v _254_/B (sky130_fd_sc_hd__xnor2_2)
     1    0.00    0.05    0.12    1.19 v _254_/Y (sky130_fd_sc_hd__xnor2_2)
                                         x95.Si (net)
                  0.05    0.00    1.19 v _275_/D (sky130_fd_sc_hd__dfxtp_2)
                                  1.19   data arrival time

                  0.00    4.93    4.93   clock core_clock (rise edge)
                          0.00    4.93   clock network delay (ideal)
                          0.00    4.93   clock reconvergence pessimism
                                  4.93 ^ _275_/CLK (sky130_fd_sc_hd__dfxtp_2)
                         -0.13    4.80   library setup time
                                  4.80   data required time
-----------------------------------------------------------------------------
                                  4.80   data required time
                                 -1.19   data arrival time
-----------------------------------------------------------------------------
                                  3.61   slack (MET)


Startpoint: _306_ (rising edge-triggered flip-flop clocked by core_clock)
Endpoint: _274_ (rising edge-triggered flip-flop clocked by core_clock)
Path Group: core_clock
Path Type: max

Fanout     Cap    Slew   Delay    Time   Description
-----------------------------------------------------------------------------
                  0.00    0.00    0.00   clock core_clock (rise edge)
                          0.00    0.00   clock network delay (ideal)
                  0.00    0.00    0.00 ^ _306_/CLK (sky130_fd_sc_hd__dfxtp_2)
     3    0.01    0.03    0.30    0.30 v _306_/Q (sky130_fd_sc_hd__dfxtp_2)
                                         x7.B (net)
                  0.03    0.00    0.30 v _130_/A (sky130_fd_sc_hd__or2_2)
     3    0.01    0.08    0.32    0.62 v _130_/X (sky130_fd_sc_hd__or2_2)
                                         _081_ (net)
                  0.08    0.00    0.62 v _131_/C (sky130_fd_sc_hd__nand3_2)
     8    0.03    0.15    0.15    0.77 ^ _131_/Y (sky130_fd_sc_hd__nand3_2)
                                         _082_ (net)
                  0.15    0.00    0.77 ^ _232_/B (sky130_fd_sc_hd__nand2_2)
     2    0.01    0.06    0.09    0.86 v _232_/Y (sky130_fd_sc_hd__nand2_2)
                                         _050_ (net)
                  0.06    0.00    0.86 v _255_/B (sky130_fd_sc_hd__xnor2_2)
     1    0.00    0.05    0.12    0.98 v _255_/Y (sky130_fd_sc_hd__xnor2_2)
                                         x96.Si (net)
                  0.05    0.00    0.98 v _274_/D (sky130_fd_sc_hd__dfxtp_2)
                                  0.98   data arrival time

                  0.00    4.93    4.93   clock core_clock (rise edge)
                          0.00    4.93   clock network delay (ideal)
                          0.00    4.93   clock reconvergence pessimism
                                  4.93 ^ _274_/CLK (sky130_fd_sc_hd__dfxtp_2)
                         -0.13    4.80   library setup time
                                  4.80   data required time
-----------------------------------------------------------------------------
                                  4.80   data required time
                                 -0.98   data arrival time
-----------------------------------------------------------------------------
                                  3.82   slack (MET)


Startpoint: _306_ (rising edge-triggered flip-flop clocked by core_clock)
Endpoint: _273_ (rising edge-triggered flip-flop clocked by core_clock)
Path Group: core_clock
Path Type: max

Fanout     Cap    Slew   Delay    Time   Description
-----------------------------------------------------------------------------
                  0.00    0.00    0.00   clock core_clock (rise edge)
                          0.00    0.00   clock network delay (ideal)
                  0.00    0.00    0.00 ^ _306_/CLK (sky130_fd_sc_hd__dfxtp_2)
     3    0.01    0.03    0.30    0.30 v _306_/Q (sky130_fd_sc_hd__dfxtp_2)
                                         x7.B (net)
                  0.03    0.00    0.30 v _130_/A (sky130_fd_sc_hd__or2_2)
     3    0.01    0.08    0.32    0.62 v _130_/X (sky130_fd_sc_hd__or2_2)
                                         _081_ (net)
                  0.08    0.00    0.62 v _252_/C (sky130_fd_sc_hd__and3_2)
     2    0.01    0.05    0.23    0.85 v _252_/X (sky130_fd_sc_hd__and3_2)
                                         _063_ (net)
                  0.05    0.00    0.85 v _257_/A (sky130_fd_sc_hd__nor2_2)
     1    0.00    0.05    0.08    0.93 ^ _257_/Y (sky130_fd_sc_hd__nor2_2)
                                         x97.Si (net)
                  0.05    0.00    0.93 ^ _273_/D (sky130_fd_sc_hd__dfxtp_2)
                                  0.93   data arrival time

                  0.00    4.93    4.93   clock core_clock (rise edge)
                          0.00    4.93   clock network delay (ideal)
                          0.00    4.93   clock reconvergence pessimism
                                  4.93 ^ _273_/CLK (sky130_fd_sc_hd__dfxtp_2)
                         -0.07    4.86   library setup time
                                  4.86   data required time
-----------------------------------------------------------------------------
                                  4.86   data required time
                                 -0.93   data arrival time
-----------------------------------------------------------------------------
                                  3.93   slack (MET)



worst slack corner Typical: 2.2780
max_report_end
checks_report

===========================================================================
report_checks -unconstrained
===========================================================================
======================= Typical Corner ===================================

Startpoint: _309_ (rising edge-triggered flip-flop clocked by core_clock)
Endpoint: _287_ (rising edge-triggered flip-flop clocked by core_clock)
Path Group: core_clock
Path Type: max

Fanout     Cap    Slew   Delay    Time   Description
-----------------------------------------------------------------------------
                  0.00    0.00    0.00   clock core_clock (rise edge)
                          0.00    0.00   clock network delay (ideal)
                  0.00    0.00    0.00 ^ _309_/CLK (sky130_fd_sc_hd__dfxtp_2)
     3    0.02    0.05    0.32    0.32 v _309_/Q (sky130_fd_sc_hd__dfxtp_2)
                                         x6.B (net)
                  0.05    0.00    0.32 v _133_/A (sky130_fd_sc_hd__xnor2_2)
     5    0.01    0.09    0.17    0.49 v _133_/Y (sky130_fd_sc_hd__xnor2_2)
                                         _084_ (net)
                  0.09    0.00    0.49 v _136_/B (sky130_fd_sc_hd__or4_2)
     6    0.01    0.15    0.72    1.21 v _136_/X (sky130_fd_sc_hd__or4_2)
                                         _087_ (net)
                  0.15    0.00    1.21 v _137_/C (sky130_fd_sc_hd__or3_2)
     2    0.01    0.09    0.45    1.66 v _137_/X (sky130_fd_sc_hd__or3_2)
                                         _088_ (net)
                  0.09    0.00    1.66 v _147_/A (sky130_fd_sc_hd__and3_2)
     3    0.01    0.07    0.22    1.88 v _147_/X (sky130_fd_sc_hd__and3_2)
                                         _098_ (net)
                  0.07    0.00    1.88 v _161_/A (sky130_fd_sc_hd__or3_2)
     1    0.01    0.10    0.51    2.39 v _161_/X (sky130_fd_sc_hd__or3_2)
                                         _112_ (net)
                  0.10    0.00    2.39 v _177_/A (sky130_fd_sc_hd__xnor2_2)
     1    0.00    0.04    0.14    2.53 v _177_/Y (sky130_fd_sc_hd__xnor2_2)
                                         x83.Si (net)
                  0.04    0.00    2.53 v _287_/D (sky130_fd_sc_hd__dfxtp_2)
                                  2.53   data arrival time

                  0.00    4.93    4.93   clock core_clock (rise edge)
                          0.00    4.93   clock network delay (ideal)
                          0.00    4.93   clock reconvergence pessimism
                                  4.93 ^ _287_/CLK (sky130_fd_sc_hd__dfxtp_2)
                         -0.12    4.81   library setup time
                                  4.81   data required time
-----------------------------------------------------------------------------
                                  4.81   data required time
                                 -2.53   data arrival time
-----------------------------------------------------------------------------
                                  2.28   slack (MET)




===========================================================================
report_checks --slack_max -0.01
============================================================================
======================= Typical Corner ===================================

No paths found.


===========================================================================
 report_check_types -max_slew -max_cap -max_fanout -violators
============================================================================
======================= Typical Corner ===================================


max slew violations count Typical: 0
max fanout violations count Typical: 0
max cap violations count Typical: 0

===========================================================================
report_parasitic_annotation -report_unannotated
============================================================================
Found 229 unannotated drivers.
 A[0]
 A[10]
 A[11]
 A[12]
 A[13]
 A[14]
 A[15]
 A[1]
 A[2]
 A[3]
 A[4]
 A[5]
 A[6]
 A[7]
 A[8]
 A[9]
 B[0]
 B[10]
 B[11]
 B[12]
 B[13]
 B[14]
 B[15]
 B[1]
 B[2]
 B[3]
 B[4]
 B[5]
 B[6]
 B[7]
 B[8]
 B[9]
 CLK
 Cin
 _128_/Y
 _129_/Y
 _130_/X
 _131_/Y
 _132_/Y
 _133_/Y
 _134_/Y
 _135_/Y
 _136_/X
 _137_/X
 _138_/Y
 _139_/Y
 _140_/Y
 _141_/X
 _142_/X
 _143_/X
 _144_/X
 _145_/X
 _146_/Y
 _147_/X
 _148_/Y
 _149_/Y
 _150_/X
 _151_/Y
 _152_/Y
 _153_/X
 _154_/X
 _155_/Y
 _156_/Y
 _157_/Y
 _158_/Y
 _159_/X
 _160_/X
 _161_/X
 _162_/Y
 _163_/X
 _164_/Y
 _165_/Y
 _166_/X
 _167_/Y
 _168_/X
 _169_/Y
 _170_/X
 _171_/Y
 _172_/X
 _173_/Y
 _174_/X
 _175_/X
 _176_/Y
 _177_/Y
 _178_/X
 _179_/X
 _180_/X
 _181_/X
 _182_/Y
 _183_/X
 _184_/Y
 _185_/X
 _186_/X
 _187_/X
 _188_/Y
 _189_/X
 _190_/X
 _191_/Y
 _192_/Y
 _193_/X
 _194_/X
 _195_/X
 _196_/X
 _197_/X
 _198_/X
 _199_/Y
 _200_/X
 _201_/X
 _202_/Y
 _203_/Y
 _204_/Y
 _205_/Y
 _206_/Y
 _207_/Y
 _208_/X
 _209_/Y
 _210_/Y
 _211_/X
 _212_/X
 _213_/Y
 _214_/Y
 _215_/X
 _216_/X
 _217_/X
 _218_/X
 _219_/Y
 _220_/X
 _221_/X
 _222_/X
 _223_/Y
 _224_/Y
 _225_/Y
 _226_/Y
 _227_/X
 _228_/Y
 _229_/Y
 _230_/X
 _231_/Y
 _232_/Y
 _233_/X
 _234_/Y
 _235_/Y
 _236_/Y
 _237_/Y
 _238_/X
 _239_/X
 _240_/X
 _241_/Y
 _242_/Y
 _243_/Y
 _244_/X
 _245_/X
 _246_/X
 _247_/Y
 _248_/Y
 _249_/Y
 _250_/Y
 _251_/Y
 _252_/X
 _253_/X
 _254_/Y
 _255_/Y
 _256_/Y
 _257_/Y
 _258_/X
 _259_/Y
 _260_/Y
 _261_/X
 _262_/X
 _263_/X
 _264_/X
 _265_/X
 _266_/X
 _267_/X
 _268_/Y
 _269_/Y
 _270_/Y
 _271_/Y
 _272_/Y
 _273_/Q
 _274_/Q
 _275_/Q
 _276_/Q
 _277_/Q
 _278_/Q
 _279_/Q
 _280_/Q
 _281_/Q
 _282_/Q
 _283_/Q
 _284_/Q
 _285_/Q
 _286_/Q
 _287_/Q
 _288_/Q
 _289_/Q
 _290_/Q
 _291_/Q
 _292_/Q
 _293_/Q
 _294_/Q
 _295_/Q
 _296_/Q
 _297_/Q
 _298_/Q
 _299_/Q
 _300_/Q
 _301_/Q
 _302_/Q
 _303_/Q
 _304_/Q
 _305_/Q
 _306_/Q
 _307_/Q
 _308_/Q
 _309_/Q
 _310_/Q
 _311_/Q
 _312_/Q
 _313_/Q
 _314_/Q
 _315_/Q
 _316_/Q
 _317_/Q
 _318_/Q
 _319_/Q
 _320_/Q
 _321_/Q
 _322_/Q
Found 0 partially unannotated drivers.

===========================================================================
max slew violation count 0
max fanout violation count 0
max cap violation count 0
============================================================================

===========================================================================
check_setup -verbose -unconstrained_endpoints -multiple_clock -no_clock -no_input_delay -loops -generated_clocks
===========================================================================
Warning: There are 33 input ports missing set_input_delay.
  A[0]
  A[10]
  A[11]
  A[12]
  A[13]
  A[14]
  A[15]
  A[1]
  A[2]
  A[3]
  A[4]
  A[5]
  A[6]
  A[7]
  A[8]
  A[9]
  B[0]
  B[10]
  B[11]
  B[12]
  B[13]
  B[14]
  B[15]
  B[1]
  B[2]
  B[3]
  B[4]
  B[5]
  B[6]
  B[7]
  B[8]
  B[9]
  Cin
Warning: There are 50 unconstrained endpoints.
  Cout
  S[0]
  S[10]
  S[11]
  S[12]
  S[13]
  S[14]
  S[15]
  S[1]
  S[2]
  S[3]
  S[4]
  S[5]
  S[6]
  S[7]
  S[8]
  S[9]
  _290_/D
  _291_/D
  _292_/D
  _293_/D
  _294_/D
  _295_/D
  _296_/D
  _297_/D
  _298_/D
  _299_/D
  _300_/D
  _301_/D
  _302_/D
  _303_/D
  _304_/D
  _305_/D
  _306_/D
  _307_/D
  _308_/D
  _309_/D
  _310_/D
  _311_/D
  _312_/D
  _313_/D
  _314_/D
  _315_/D
  _316_/D
  _317_/D
  _318_/D
  _319_/D
  _320_/D
  _321_/D
  _322_/D
checks_report_end
power_report

===========================================================================
 report_power
============================================================================
======================= Typical Corner ===================================

Group                  Internal  Switching    Leakage      Total
                          Power      Power      Power      Power (Watts)
----------------------------------------------------------------
Sequential             4.57e-04   1.91e-05   4.23e-10   4.76e-04  76.6%
Combinational          8.95e-05   5.56e-05   5.85e-10   1.45e-04  23.4%
Clock                  0.00e+00   0.00e+00   0.00e+00   0.00e+00   0.0%
Macro                  0.00e+00   0.00e+00   0.00e+00   0.00e+00   0.0%
Pad                    0.00e+00   0.00e+00   0.00e+00   0.00e+00   0.0%
----------------------------------------------------------------
Total                  5.46e-04   7.47e-05   1.01e-09   6.21e-04 100.0%
                          88.0%      12.0%       0.0%

power_report_end
skew_report

===========================================================================
report_clock_skew
============================================================================
Clock core_clock
Latency      CRPR       Skew
_290_/CLK ^
   0.00
_273_/CLK ^
   0.00      0.00       0.00

skew_report_end
summary_report

===========================================================================
report_tns
============================================================================
tns 0.00

===========================================================================
report_wns
============================================================================
wns 0.00

===========================================================================
report_worst_slack -max (Setup)
============================================================================
worst slack 2.28

===========================================================================
report_worst_slack -min (Hold)
============================================================================
worst slack 0.45
summary_report_end
check_nonpropagated_clocks
core_clock
check_nonpropagated_clocks_end
[WARNING] Did not save OpenROAD database!
Writing SDF to '/openlane/designs/ksa/runs/auto_pnr/results/synthesis/ksa.sdf'…
