%Warning-UNUSEDSIGNAL: /openlane/designs/ksa/src/ksa.v:210:6: Signal is not used: 'net130'
                                                            : ... note: In instance 'ksa'
  210 | wire net130 ;
      |      ^~~~~~
                       ... For warning description see https://verilator.org/warn/UNUSEDSIGNAL?v=5.018
                       ... Use "/* verilator lint_off UNUSEDSIGNAL */" and lint_on around source to disable this message.
%Warning-UNUSEDSIGNAL: /openlane/designs/ksa/src/ksa.v:211:6: Signal is not used: 'net131'
                                                            : ... note: In instance 'ksa'
  211 | wire net131 ;
      |      ^~~~~~
%Warning-UNUSEDSIGNAL: /openlane/designs/ksa/src/ksa.v:212:6: Signal is not used: 'net132'
                                                            : ... note: In instance 'ksa'
  212 | wire net132 ;
      |      ^~~~~~
%Warning-UNUSEDSIGNAL: /openlane/designs/ksa/src/ksa.v:213:6: Signal is not used: 'net133'
                                                            : ... note: In instance 'ksa'
  213 | wire net133 ;
      |      ^~~~~~
%Warning-UNUSEDSIGNAL: /openlane/designs/ksa/src/ksa.v:214:6: Signal is not used: 'net134'
                                                            : ... note: In instance 'ksa'
  214 | wire net134 ;
      |      ^~~~~~
%Warning-UNUSEDSIGNAL: /openlane/designs/ksa/src/ksa.v:215:6: Signal is not used: 'net135'
                                                            : ... note: In instance 'ksa'
  215 | wire net135 ;
      |      ^~~~~~
%Warning-UNUSEDSIGNAL: /openlane/designs/ksa/src/ksa.v:216:6: Signal is not used: 'net136'
                                                            : ... note: In instance 'ksa'
  216 | wire net136 ;
      |      ^~~~~~
%Warning-UNUSEDSIGNAL: /openlane/designs/ksa/src/ksa.v:217:6: Signal is not used: 'net137'
                                                            : ... note: In instance 'ksa'
  217 | wire net137 ;
      |      ^~~~~~
%Warning-UNUSEDSIGNAL: /openlane/designs/ksa/src/ksa.v:218:6: Signal is not used: 'net138'
                                                            : ... note: In instance 'ksa'
  218 | wire net138 ;
      |      ^~~~~~
%Warning-UNUSEDSIGNAL: /openlane/designs/ksa/src/ksa.v:219:6: Signal is not used: 'net139'
                                                            : ... note: In instance 'ksa'
  219 | wire net139 ;
      |      ^~~~~~
%Warning-UNUSEDSIGNAL: /openlane/designs/ksa/src/ksa.v:220:6: Signal is not used: 'net140'
                                                            : ... note: In instance 'ksa'
  220 | wire net140 ;
      |      ^~~~~~
%Warning-UNUSEDSIGNAL: /openlane/designs/ksa/src/ksa.v:221:6: Signal is not used: 'net141'
                                                            : ... note: In instance 'ksa'
  221 | wire net141 ;
      |      ^~~~~~
%Warning-UNUSEDSIGNAL: /openlane/designs/ksa/src/ksa.v:222:6: Signal is not used: 'net142'
                                                            : ... note: In instance 'ksa'
  222 | wire net142 ;
      |      ^~~~~~
%Warning-UNUSEDSIGNAL: /openlane/designs/ksa/src/ksa.v:223:6: Signal is not used: 'net143'
                                                            : ... note: In instance 'ksa'
  223 | wire net143 ;
      |      ^~~~~~
%Warning-UNUSEDSIGNAL: /openlane/designs/ksa/src/ksa.v:224:6: Signal is not used: 'net144'
                                                            : ... note: In instance 'ksa'
  224 | wire net144 ;
      |      ^~~~~~
%Warning-UNUSEDSIGNAL: /openlane/designs/ksa/src/ksa.v:225:6: Signal is not used: 'net145'
                                                            : ... note: In instance 'ksa'
  225 | wire net145 ;
      |      ^~~~~~
