OpenROAD b16bda7e82721d10566ff7e2b68f1ff0be9f9e38 
Features included (+) or not (-): +Charts +GPU +GUI +Python
This program is licensed under the BSD-3 license. See the LICENSE file for details.
Components of this program may be licensed under more restrictive licenses which must be honored.
define_corners Typical
read_liberty -corner Typical /volare/sky130A/libs.ref/sky130_fd_sc_hd/lib/sky130_fd_sc_hd__tt_025C_1v80.lib
Using 1e-12 for capacitance...
Using 1e+03 for resistance...
Using 1e-09 for time...
Using 1e+00 for voltage...
Using 1e-03 for current...
Using 1e-09 for power...
Using 1e-06 for distance...
[INFO]: Reading ODB at '/openlane/designs/ksa/runs/auto_pnr/results/placement/ksa.odb'…
Reading design constraints file at '/openlane/designs/ksa/src/ksa.sdc'…
[INFO]: Setting RC values...
min_report

===========================================================================
report_checks -path_delay min (Hold)
============================================================================
======================= Typical Corner ===================================

Startpoint: _322_ (rising edge-triggered flip-flop clocked by core_clock)
Endpoint: _273_ (rising edge-triggered flip-flop clocked by core_clock)
Path Group: core_clock
Path Type: min

Fanout     Cap    Slew   Delay    Time   Description
-----------------------------------------------------------------------------
                  0.00    0.00    0.00   clock core_clock (rise edge)
                          0.00    0.00   clock network delay (ideal)
                  0.00    0.00    0.00 ^ _322_/CLK (sky130_fd_sc_hd__dfxtp_1)
     3    0.02    0.08    0.32    0.32 v _322_/Q (sky130_fd_sc_hd__dfxtp_1)
                                         x66.G1 (net)
                  0.08    0.00    0.33 v _256_/B1 (sky130_fd_sc_hd__a21oi_1)
     1    0.00    0.09    0.13    0.45 ^ _256_/Y (sky130_fd_sc_hd__a21oi_1)
                                         _065_ (net)
                  0.09    0.00    0.45 ^ _257_/B (sky130_fd_sc_hd__nor2_1)
     1    0.00    0.03    0.05    0.50 v _257_/Y (sky130_fd_sc_hd__nor2_1)
                                         x97.Si (net)
                  0.03    0.00    0.50 v _273_/D (sky130_fd_sc_hd__dfxtp_1)
                                  0.50   data arrival time

                  0.00    0.00    0.00   clock core_clock (rise edge)
                          0.00    0.00   clock network delay (ideal)
                          0.00    0.00   clock reconvergence pessimism
                                  0.00 ^ _273_/CLK (sky130_fd_sc_hd__dfxtp_1)
                         -0.06   -0.06   library hold time
                                 -0.06   data required time
-----------------------------------------------------------------------------
                                 -0.06   data required time
                                 -0.50   data arrival time
-----------------------------------------------------------------------------
                                  0.56   slack (MET)


Startpoint: _305_ (rising edge-triggered flip-flop clocked by core_clock)
Endpoint: _289_ (rising edge-triggered flip-flop clocked by core_clock)
Path Group: core_clock
Path Type: min

Fanout     Cap    Slew   Delay    Time   Description
-----------------------------------------------------------------------------
                  0.00    0.00    0.00   clock core_clock (rise edge)
                          0.00    0.00   clock network delay (ideal)
                  0.00    0.00    0.00 ^ _305_/CLK (sky130_fd_sc_hd__dfxtp_1)
     3    0.01    0.11    0.34    0.34 ^ _305_/Q (sky130_fd_sc_hd__dfxtp_1)
                                         x10.A (net)
                  0.11    0.00    0.34 ^ _263_/A2 (sky130_fd_sc_hd__o22a_1)
     1    0.01    0.06    0.16    0.49 ^ _263_/X (sky130_fd_sc_hd__o22a_1)
                                         _071_ (net)
                  0.06    0.00    0.49 ^ _264_/C1 (sky130_fd_sc_hd__a311o_1)
     1    0.00    0.05    0.10    0.60 ^ _264_/X (sky130_fd_sc_hd__a311o_1)
                                         x66.G (net)
                  0.05    0.00    0.60 ^ _289_/D (sky130_fd_sc_hd__dfxtp_1)
                                  0.60   data arrival time

                  0.00    0.00    0.00   clock core_clock (rise edge)
                          0.00    0.00   clock network delay (ideal)
                          0.00    0.00   clock reconvergence pessimism
                                  0.00 ^ _289_/CLK (sky130_fd_sc_hd__dfxtp_1)
                         -0.04   -0.04   library hold time
                                 -0.04   data required time
-----------------------------------------------------------------------------
                                 -0.04   data required time
                                 -0.60   data arrival time
-----------------------------------------------------------------------------
                                  0.64   slack (MET)


Startpoint: _306_ (rising edge-triggered flip-flop clocked by core_clock)
Endpoint: _274_ (rising edge-triggered flip-flop clocked by core_clock)
Path Group: core_clock
Path Type: min

Fanout     Cap    Slew   Delay    Time   Description
-----------------------------------------------------------------------------
                  0.00    0.00    0.00   clock core_clock (rise edge)
                          0.00    0.00   clock network delay (ideal)
                  0.00    0.00    0.00 ^ _306_/CLK (sky130_fd_sc_hd__dfxtp_1)
     3    0.01    0.10    0.33    0.33 ^ _306_/Q (sky130_fd_sc_hd__dfxtp_1)
                                         x7.B (net)
                  0.10    0.00    0.33 ^ _129_/A (sky130_fd_sc_hd__nand2_2)
     5    0.02    0.08    0.10    0.43 v _129_/Y (sky130_fd_sc_hd__nand2_2)
                                         _080_ (net)
                  0.08    0.00    0.43 v _232_/A (sky130_fd_sc_hd__nand2_1)
     2    0.01    0.09    0.11    0.54 ^ _232_/Y (sky130_fd_sc_hd__nand2_1)
                                         _050_ (net)
                  0.09    0.00    0.54 ^ _255_/B (sky130_fd_sc_hd__xnor2_1)
     1    0.00    0.03    0.06    0.60 v _255_/Y (sky130_fd_sc_hd__xnor2_1)
                                         x96.Si (net)
                  0.03    0.00    0.60 v _274_/D (sky130_fd_sc_hd__dfxtp_1)
                                  0.60   data arrival time

                  0.00    0.00    0.00   clock core_clock (rise edge)
                          0.00    0.00   clock network delay (ideal)
                          0.00    0.00   clock reconvergence pessimism
                                  0.00 ^ _274_/CLK (sky130_fd_sc_hd__dfxtp_1)
                         -0.06   -0.06   library hold time
                                 -0.06   data required time
-----------------------------------------------------------------------------
                                 -0.06   data required time
                                 -0.60   data arrival time
-----------------------------------------------------------------------------
                                  0.66   slack (MET)


Startpoint: _298_ (rising edge-triggered flip-flop clocked by core_clock)
Endpoint: _281_ (rising edge-triggered flip-flop clocked by core_clock)
Path Group: core_clock
Path Type: min

Fanout     Cap    Slew   Delay    Time   Description
-----------------------------------------------------------------------------
                  0.00    0.00    0.00   clock core_clock (rise edge)
                          0.00    0.00   clock network delay (ideal)
                  0.00    0.00    0.00 ^ _298_/CLK (sky130_fd_sc_hd__dfxtp_1)
     4    0.02    0.09    0.33    0.33 v _298_/Q (sky130_fd_sc_hd__dfxtp_1)
                                         x15.A (net)
                  0.09    0.00    0.33 v _152_/B (sky130_fd_sc_hd__xnor2_2)
     4    0.01    0.08    0.20    0.53 ^ _152_/Y (sky130_fd_sc_hd__xnor2_2)
                                         _103_ (net)
                  0.08    0.00    0.53 ^ _237_/A (sky130_fd_sc_hd__xnor2_1)
     1    0.00    0.03    0.07    0.60 v _237_/Y (sky130_fd_sc_hd__xnor2_1)
                                         x89.Si (net)
                  0.03    0.00    0.60 v _281_/D (sky130_fd_sc_hd__dfxtp_1)
                                  0.60   data arrival time

                  0.00    0.00    0.00   clock core_clock (rise edge)
                          0.00    0.00   clock network delay (ideal)
                          0.00    0.00   clock reconvergence pessimism
                                  0.00 ^ _281_/CLK (sky130_fd_sc_hd__dfxtp_1)
                         -0.06   -0.06   library hold time
                                 -0.06   data required time
-----------------------------------------------------------------------------
                                 -0.06   data required time
                                 -0.60   data arrival time
-----------------------------------------------------------------------------
                                  0.66   slack (MET)


Startpoint: _297_ (rising edge-triggered flip-flop clocked by core_clock)
Endpoint: _280_ (rising edge-triggered flip-flop clocked by core_clock)
Path Group: core_clock
Path Type: min

Fanout     Cap    Slew   Delay    Time   Description
-----------------------------------------------------------------------------
                  0.00    0.00    0.00   clock core_clock (rise edge)
                          0.00    0.00   clock network delay (ideal)
                  0.00    0.00    0.00 ^ _297_/CLK (sky130_fd_sc_hd__dfxtp_1)
     4    0.02    0.09    0.33    0.33 v _297_/Q (sky130_fd_sc_hd__dfxtp_1)
                                         x2.A (net)
                  0.09    0.00    0.33 v _148_/B (sky130_fd_sc_hd__xnor2_2)
     4    0.01    0.07    0.20    0.53 ^ _148_/Y (sky130_fd_sc_hd__xnor2_2)
                                         _099_ (net)
                  0.07    0.00    0.53 ^ _239_/A (sky130_fd_sc_hd__xor2_1)
     1    0.00    0.04    0.07    0.61 v _239_/X (sky130_fd_sc_hd__xor2_1)
                                         x90.Si (net)
                  0.04    0.00    0.61 v _280_/D (sky130_fd_sc_hd__dfxtp_1)
                                  0.61   data arrival time

                  0.00    0.00    0.00   clock core_clock (rise edge)
                          0.00    0.00   clock network delay (ideal)
                          0.00    0.00   clock reconvergence pessimism
                                  0.00 ^ _280_/CLK (sky130_fd_sc_hd__dfxtp_1)
                         -0.06   -0.06   library hold time
                                 -0.06   data required time
-----------------------------------------------------------------------------
                                 -0.06   data required time
                                 -0.61   data arrival time
-----------------------------------------------------------------------------
                                  0.67   slack (MET)


Startpoint: _292_ (rising edge-triggered flip-flop clocked by core_clock)
Endpoint: _275_ (rising edge-triggered flip-flop clocked by core_clock)
Path Group: core_clock
Path Type: min

Fanout     Cap    Slew   Delay    Time   Description
-----------------------------------------------------------------------------
                  0.00    0.00    0.00   clock core_clock (rise edge)
                          0.00    0.00   clock network delay (ideal)
                  0.00    0.00    0.00 ^ _292_/CLK (sky130_fd_sc_hd__dfxtp_1)
     4    0.02    0.17    0.38    0.38 ^ _292_/Q (sky130_fd_sc_hd__dfxtp_1)
                                         x5.A (net)
                  0.17    0.00    0.38 ^ _134_/B (sky130_fd_sc_hd__xnor2_2)
     5    0.01    0.09    0.16    0.54 ^ _134_/Y (sky130_fd_sc_hd__xnor2_2)
                                         _085_ (net)
                  0.09    0.00    0.54 ^ _254_/A (sky130_fd_sc_hd__xnor2_1)
     1    0.00    0.03    0.07    0.61 v _254_/Y (sky130_fd_sc_hd__xnor2_1)
                                         x95.Si (net)
                  0.03    0.00    0.61 v _275_/D (sky130_fd_sc_hd__dfxtp_1)
                                  0.61   data arrival time

                  0.00    0.00    0.00   clock core_clock (rise edge)
                          0.00    0.00   clock network delay (ideal)
                          0.00    0.00   clock reconvergence pessimism
                                  0.00 ^ _275_/CLK (sky130_fd_sc_hd__dfxtp_1)
                         -0.06   -0.06   library hold time
                                 -0.06   data required time
-----------------------------------------------------------------------------
                                 -0.06   data required time
                                 -0.61   data arrival time
-----------------------------------------------------------------------------
                                  0.67   slack (MET)


Startpoint: _312_ (rising edge-triggered flip-flop clocked by core_clock)
Endpoint: _279_ (rising edge-triggered flip-flop clocked by core_clock)
Path Group: core_clock
Path Type: min

Fanout     Cap    Slew   Delay    Time   Description
-----------------------------------------------------------------------------
                  0.00    0.00    0.00   clock core_clock (rise edge)
                          0.00    0.00   clock network delay (ideal)
                  0.00    0.00    0.00 ^ _312_/CLK (sky130_fd_sc_hd__dfxtp_1)
     4    0.02    0.18    0.39    0.39 ^ _312_/Q (sky130_fd_sc_hd__dfxtp_1)
                                         x1.B (net)
                  0.18    0.00    0.39 ^ _149_/A (sky130_fd_sc_hd__xnor2_2)
     5    0.02    0.09    0.18    0.56 ^ _149_/Y (sky130_fd_sc_hd__xnor2_2)
                                         _100_ (net)
                  0.09    0.00    0.56 ^ _240_/B (sky130_fd_sc_hd__xor2_1)
     1    0.00    0.04    0.07    0.63 v _240_/X (sky130_fd_sc_hd__xor2_1)
                                         x91.Si (net)
                  0.04    0.00    0.63 v _279_/D (sky130_fd_sc_hd__dfxtp_1)
                                  0.63   data arrival time

                  0.00    0.00    0.00   clock core_clock (rise edge)
                          0.00    0.00   clock network delay (ideal)
                          0.00    0.00   clock reconvergence pessimism
                                  0.00 ^ _279_/CLK (sky130_fd_sc_hd__dfxtp_1)
                         -0.06   -0.06   library hold time
                                 -0.06   data required time
-----------------------------------------------------------------------------
                                 -0.06   data required time
                                 -0.63   data arrival time
-----------------------------------------------------------------------------
                                  0.69   slack (MET)


Startpoint: _309_ (rising edge-triggered flip-flop clocked by core_clock)
Endpoint: _277_ (rising edge-triggered flip-flop clocked by core_clock)
Path Group: core_clock
Path Type: min

Fanout     Cap    Slew   Delay    Time   Description
-----------------------------------------------------------------------------
                  0.00    0.00    0.00   clock core_clock (rise edge)
                          0.00    0.00   clock network delay (ideal)
                  0.00    0.00    0.00 ^ _309_/CLK (sky130_fd_sc_hd__dfxtp_1)
     3    0.01    0.07    0.32    0.32 v _309_/Q (sky130_fd_sc_hd__dfxtp_1)
                                         x6.B (net)
                  0.07    0.00    0.32 v _138_/A (sky130_fd_sc_hd__nand2_1)
     4    0.01    0.11    0.12    0.43 ^ _138_/Y (sky130_fd_sc_hd__nand2_1)
                                         _089_ (net)
                  0.11    0.00    0.43 ^ _244_/A (sky130_fd_sc_hd__and3_1)
     1    0.00    0.07    0.17    0.60 ^ _244_/X (sky130_fd_sc_hd__and3_1)
                                         _057_ (net)
                  0.07    0.00    0.60 ^ _248_/A (sky130_fd_sc_hd__xnor2_1)
     1    0.00    0.04    0.07    0.68 v _248_/Y (sky130_fd_sc_hd__xnor2_1)
                                         x93.Si (net)
                  0.04    0.00    0.68 v _277_/D (sky130_fd_sc_hd__dfxtp_1)
                                  0.68   data arrival time

                  0.00    0.00    0.00   clock core_clock (rise edge)
                          0.00    0.00   clock network delay (ideal)
                          0.00    0.00   clock reconvergence pessimism
                                  0.00 ^ _277_/CLK (sky130_fd_sc_hd__dfxtp_1)
                         -0.06   -0.06   library hold time
                                 -0.06   data required time
-----------------------------------------------------------------------------
                                 -0.06   data required time
                                 -0.68   data arrival time
-----------------------------------------------------------------------------
                                  0.74   slack (MET)


Startpoint: _300_ (rising edge-triggered flip-flop clocked by core_clock)
Endpoint: _284_ (rising edge-triggered flip-flop clocked by core_clock)
Path Group: core_clock
Path Type: min

Fanout     Cap    Slew   Delay    Time   Description
-----------------------------------------------------------------------------
                  0.00    0.00    0.00   clock core_clock (rise edge)
                          0.00    0.00   clock network delay (ideal)
                  0.00    0.00    0.00 ^ _300_/CLK (sky130_fd_sc_hd__dfxtp_1)
     4    0.01    0.14    0.36    0.36 ^ _300_/Q (sky130_fd_sc_hd__dfxtp_1)
                                         x13.A (net)
                  0.14    0.00    0.36 ^ _202_/A2 (sky130_fd_sc_hd__o21ai_1)
     2    0.01    0.06    0.10    0.45 v _202_/Y (sky130_fd_sc_hd__o21ai_1)
                                         _024_ (net)
                  0.06    0.00    0.45 v _215_/B1 (sky130_fd_sc_hd__o21a_1)
     2    0.01    0.04    0.12    0.57 v _215_/X (sky130_fd_sc_hd__o21a_1)
                                         _035_ (net)
                  0.04    0.00    0.57 v _219_/A (sky130_fd_sc_hd__nand2_1)
     1    0.00    0.06    0.07    0.64 ^ _219_/Y (sky130_fd_sc_hd__nand2_1)
                                         _039_ (net)
                  0.06    0.00    0.64 ^ _224_/A (sky130_fd_sc_hd__xnor2_1)
     1    0.00    0.04    0.07    0.71 v _224_/Y (sky130_fd_sc_hd__xnor2_1)
                                         x86.Si (net)
                  0.04    0.00    0.71 v _284_/D (sky130_fd_sc_hd__dfxtp_1)
                                  0.71   data arrival time

                  0.00    0.00    0.00   clock core_clock (rise edge)
                          0.00    0.00   clock network delay (ideal)
                          0.00    0.00   clock reconvergence pessimism
                                  0.00 ^ _284_/CLK (sky130_fd_sc_hd__dfxtp_1)
                         -0.06   -0.06   library hold time
                                 -0.06   data required time
-----------------------------------------------------------------------------
                                 -0.06   data required time
                                 -0.71   data arrival time
-----------------------------------------------------------------------------
                                  0.77   slack (MET)


Startpoint: _301_ (rising edge-triggered flip-flop clocked by core_clock)
Endpoint: _285_ (rising edge-triggered flip-flop clocked by core_clock)
Path Group: core_clock
Path Type: min

Fanout     Cap    Slew   Delay    Time   Description
-----------------------------------------------------------------------------
                  0.00    0.00    0.00   clock core_clock (rise edge)
                          0.00    0.00   clock network delay (ideal)
                  0.00    0.00    0.00 ^ _301_/CLK (sky130_fd_sc_hd__dfxtp_1)
     4    0.01    0.14    0.36    0.36 ^ _301_/Q (sky130_fd_sc_hd__dfxtp_1)
                                         x14.A (net)
                  0.14    0.00    0.36 ^ _169_/A2 (sky130_fd_sc_hd__o21ai_1)
     2    0.01    0.06    0.10    0.46 v _169_/Y (sky130_fd_sc_hd__o21ai_1)
                                         _120_ (net)
                  0.06    0.00    0.46 v _210_/B1 (sky130_fd_sc_hd__o21ai_1)
     2    0.00    0.10    0.09    0.55 ^ _210_/Y (sky130_fd_sc_hd__o21ai_1)
                                         _031_ (net)
                  0.10    0.00    0.55 ^ _211_/B1 (sky130_fd_sc_hd__a21o_1)
     1    0.01    0.06    0.11    0.66 ^ _211_/X (sky130_fd_sc_hd__a21o_1)
                                         _032_ (net)
                  0.06    0.00    0.66 ^ _214_/A (sky130_fd_sc_hd__xnor2_1)
     1    0.00    0.03    0.06    0.72 v _214_/Y (sky130_fd_sc_hd__xnor2_1)
                                         x85.Si (net)
                  0.03    0.00    0.72 v _285_/D (sky130_fd_sc_hd__dfxtp_1)
                                  0.72   data arrival time

                  0.00    0.00    0.00   clock core_clock (rise edge)
                          0.00    0.00   clock network delay (ideal)
                          0.00    0.00   clock reconvergence pessimism
                                  0.00 ^ _285_/CLK (sky130_fd_sc_hd__dfxtp_1)
                         -0.06   -0.06   library hold time
                                 -0.06   data required time
-----------------------------------------------------------------------------
                                 -0.06   data required time
                                 -0.72   data arrival time
-----------------------------------------------------------------------------
                                  0.78   slack (MET)


Startpoint: _322_ (rising edge-triggered flip-flop clocked by core_clock)
Endpoint: _276_ (rising edge-triggered flip-flop clocked by core_clock)
Path Group: core_clock
Path Type: min

Fanout     Cap    Slew   Delay    Time   Description
-----------------------------------------------------------------------------
                  0.00    0.00    0.00   clock core_clock (rise edge)
                          0.00    0.00   clock network delay (ideal)
                  0.00    0.00    0.00 ^ _322_/CLK (sky130_fd_sc_hd__dfxtp_1)
     3    0.02    0.08    0.32    0.32 v _322_/Q (sky130_fd_sc_hd__dfxtp_1)
                                         x66.G1 (net)
                  0.08    0.00    0.33 v _131_/A (sky130_fd_sc_hd__nand3_4)
     8    0.02    0.08    0.10    0.43 ^ _131_/Y (sky130_fd_sc_hd__nand3_4)
                                         _082_ (net)
                  0.08    0.00    0.43 ^ _249_/A (sky130_fd_sc_hd__nor2_1)
     1    0.00    0.03    0.06    0.49 v _249_/Y (sky130_fd_sc_hd__nor2_1)
                                         _061_ (net)
                  0.03    0.00    0.49 v _250_/B (sky130_fd_sc_hd__xnor2_1)
     1    0.01    0.07    0.16    0.65 ^ _250_/Y (sky130_fd_sc_hd__xnor2_1)
                                         _062_ (net)
                  0.07    0.00    0.65 ^ _251_/B (sky130_fd_sc_hd__xnor2_1)
     1    0.00    0.05    0.07    0.72 v _251_/Y (sky130_fd_sc_hd__xnor2_1)
                                         x94.Si (net)
                  0.05    0.00    0.72 v _276_/D (sky130_fd_sc_hd__dfxtp_1)
                                  0.72   data arrival time

                  0.00    0.00    0.00   clock core_clock (rise edge)
                          0.00    0.00   clock network delay (ideal)
                          0.00    0.00   clock reconvergence pessimism
                                  0.00 ^ _276_/CLK (sky130_fd_sc_hd__dfxtp_1)
                         -0.06   -0.06   library hold time
                                 -0.06   data required time
-----------------------------------------------------------------------------
                                 -0.06   data required time
                                 -0.72   data arrival time
-----------------------------------------------------------------------------
                                  0.79   slack (MET)


Startpoint: _322_ (rising edge-triggered flip-flop clocked by core_clock)
Endpoint: _278_ (rising edge-triggered flip-flop clocked by core_clock)
Path Group: core_clock
Path Type: min

Fanout     Cap    Slew   Delay    Time   Description
-----------------------------------------------------------------------------
                  0.00    0.00    0.00   clock core_clock (rise edge)
                          0.00    0.00   clock network delay (ideal)
                  0.00    0.00    0.00 ^ _322_/CLK (sky130_fd_sc_hd__dfxtp_1)
     3    0.02    0.08    0.32    0.32 v _322_/Q (sky130_fd_sc_hd__dfxtp_1)
                                         x66.G1 (net)
                  0.08    0.00    0.33 v _131_/A (sky130_fd_sc_hd__nand3_4)
     8    0.02    0.08    0.10    0.43 ^ _131_/Y (sky130_fd_sc_hd__nand3_4)
                                         _082_ (net)
                  0.08    0.00    0.43 ^ _241_/A (sky130_fd_sc_hd__nor2_1)
     2    0.01    0.05    0.07    0.50 v _241_/Y (sky130_fd_sc_hd__nor2_1)
                                         _055_ (net)
                  0.05    0.00    0.50 v _242_/B (sky130_fd_sc_hd__xnor2_1)
     1    0.00    0.07    0.16    0.66 ^ _242_/Y (sky130_fd_sc_hd__xnor2_1)
                                         _056_ (net)
                  0.07    0.00    0.66 ^ _243_/B (sky130_fd_sc_hd__xnor2_1)
     1    0.00    0.04    0.07    0.73 v _243_/Y (sky130_fd_sc_hd__xnor2_1)
                                         x92.Si (net)
                  0.04    0.00    0.73 v _278_/D (sky130_fd_sc_hd__dfxtp_1)
                                  0.73   data arrival time

                  0.00    0.00    0.00   clock core_clock (rise edge)
                          0.00    0.00   clock network delay (ideal)
                          0.00    0.00   clock reconvergence pessimism
                                  0.00 ^ _278_/CLK (sky130_fd_sc_hd__dfxtp_1)
                         -0.06   -0.06   library hold time
                                 -0.06   data required time
-----------------------------------------------------------------------------
                                 -0.06   data required time
                                 -0.73   data arrival time
-----------------------------------------------------------------------------
                                  0.80   slack (MET)


Startpoint: _299_ (rising edge-triggered flip-flop clocked by core_clock)
Endpoint: _282_ (rising edge-triggered flip-flop clocked by core_clock)
Path Group: core_clock
Path Type: min

Fanout     Cap    Slew   Delay    Time   Description
-----------------------------------------------------------------------------
                  0.00    0.00    0.00   clock core_clock (rise edge)
                          0.00    0.00   clock network delay (ideal)
                  0.00    0.00    0.00 ^ _299_/CLK (sky130_fd_sc_hd__dfxtp_1)
     4    0.01    0.07    0.32    0.32 v _299_/Q (sky130_fd_sc_hd__dfxtp_1)
                                         x16.A (net)
                  0.07    0.00    0.32 v _151_/B (sky130_fd_sc_hd__xnor2_1)
     3    0.01    0.08    0.17    0.49 v _151_/Y (sky130_fd_sc_hd__xnor2_1)
                                         _102_ (net)
                  0.08    0.00    0.49 v _234_/A (sky130_fd_sc_hd__xnor2_1)
     1    0.00    0.07    0.19    0.68 ^ _234_/Y (sky130_fd_sc_hd__xnor2_1)
                                         _052_ (net)
                  0.07    0.00    0.68 ^ _235_/B (sky130_fd_sc_hd__xnor2_1)
     1    0.00    0.04    0.07    0.75 v _235_/Y (sky130_fd_sc_hd__xnor2_1)
                                         x88.Si (net)
                  0.04    0.00    0.75 v _282_/D (sky130_fd_sc_hd__dfxtp_1)
                                  0.75   data arrival time

                  0.00    0.00    0.00   clock core_clock (rise edge)
                          0.00    0.00   clock network delay (ideal)
                          0.00    0.00   clock reconvergence pessimism
                                  0.00 ^ _282_/CLK (sky130_fd_sc_hd__dfxtp_1)
                         -0.06   -0.06   library hold time
                                 -0.06   data required time
-----------------------------------------------------------------------------
                                 -0.06   data required time
                                 -0.75   data arrival time
-----------------------------------------------------------------------------
                                  0.81   slack (MET)


Startpoint: _295_ (rising edge-triggered flip-flop clocked by core_clock)
Endpoint: _283_ (rising edge-triggered flip-flop clocked by core_clock)
Path Group: core_clock
Path Type: min

Fanout     Cap    Slew   Delay    Time   Description
-----------------------------------------------------------------------------
                  0.00    0.00    0.00   clock core_clock (rise edge)
                          0.00    0.00   clock network delay (ideal)
                  0.00    0.00    0.00 ^ _295_/CLK (sky130_fd_sc_hd__dfxtp_1)
     4    0.02    0.09    0.33    0.33 v _295_/Q (sky130_fd_sc_hd__dfxtp_1)
                                         x4.A (net)
                  0.09    0.00    0.34 v _146_/A2 (sky130_fd_sc_hd__o21ai_1)
     3    0.01    0.15    0.21    0.54 ^ _146_/Y (sky130_fd_sc_hd__o21ai_1)
                                         _097_ (net)
                  0.15    0.00    0.54 ^ _225_/A2 (sky130_fd_sc_hd__a21oi_1)
     1    0.00    0.05    0.10    0.64 v _225_/Y (sky130_fd_sc_hd__a21oi_1)
                                         _044_ (net)
                  0.05    0.00    0.64 v _229_/A (sky130_fd_sc_hd__xnor2_1)
     1    0.00    0.04    0.13    0.77 ^ _229_/Y (sky130_fd_sc_hd__xnor2_1)
                                         x87.Si (net)
                  0.04    0.00    0.77 ^ _283_/D (sky130_fd_sc_hd__dfxtp_1)
                                  0.77   data arrival time

                  0.00    0.00    0.00   clock core_clock (rise edge)
                          0.00    0.00   clock network delay (ideal)
                          0.00    0.00   clock reconvergence pessimism
                                  0.00 ^ _283_/CLK (sky130_fd_sc_hd__dfxtp_1)
                         -0.04   -0.04   library hold time
                                 -0.04   data required time
-----------------------------------------------------------------------------
                                 -0.04   data required time
                                 -0.77   data arrival time
-----------------------------------------------------------------------------
                                  0.81   slack (MET)


Startpoint: _322_ (rising edge-triggered flip-flop clocked by core_clock)
Endpoint: _286_ (rising edge-triggered flip-flop clocked by core_clock)
Path Group: core_clock
Path Type: min

Fanout     Cap    Slew   Delay    Time   Description
-----------------------------------------------------------------------------
                  0.00    0.00    0.00   clock core_clock (rise edge)
                          0.00    0.00   clock network delay (ideal)
                  0.00    0.00    0.00 ^ _322_/CLK (sky130_fd_sc_hd__dfxtp_1)
     3    0.02    0.08    0.32    0.32 v _322_/Q (sky130_fd_sc_hd__dfxtp_1)
                                         x66.G1 (net)
                  0.08    0.00    0.33 v _131_/A (sky130_fd_sc_hd__nand3_4)
     8    0.02    0.08    0.10    0.43 ^ _131_/Y (sky130_fd_sc_hd__nand3_4)
                                         _082_ (net)
                  0.08    0.00    0.43 ^ _200_/A1 (sky130_fd_sc_hd__o31a_1)
     1    0.01    0.07    0.16    0.59 ^ _200_/X (sky130_fd_sc_hd__o31a_1)
                                         _022_ (net)
                  0.07    0.00    0.59 ^ _205_/A (sky130_fd_sc_hd__xnor2_1)
     1    0.01    0.07    0.13    0.72 ^ _205_/Y (sky130_fd_sc_hd__xnor2_1)
                                         _027_ (net)
                  0.07    0.00    0.72 ^ _206_/B (sky130_fd_sc_hd__xnor2_1)
     1    0.00    0.05    0.07    0.80 v _206_/Y (sky130_fd_sc_hd__xnor2_1)
                                         x84.Si (net)
                  0.05    0.00    0.80 v _286_/D (sky130_fd_sc_hd__dfxtp_1)
                                  0.80   data arrival time

                  0.00    0.00    0.00   clock core_clock (rise edge)
                          0.00    0.00   clock network delay (ideal)
                          0.00    0.00   clock reconvergence pessimism
                                  0.00 ^ _286_/CLK (sky130_fd_sc_hd__dfxtp_1)
                         -0.06   -0.06   library hold time
                                 -0.06   data required time
-----------------------------------------------------------------------------
                                 -0.06   data required time
                                 -0.80   data arrival time
-----------------------------------------------------------------------------
                                  0.86   slack (MET)


Startpoint: _304_ (rising edge-triggered flip-flop clocked by core_clock)
Endpoint: _288_ (rising edge-triggered flip-flop clocked by core_clock)
Path Group: core_clock
Path Type: min

Fanout     Cap    Slew   Delay    Time   Description
-----------------------------------------------------------------------------
                  0.00    0.00    0.00   clock core_clock (rise edge)
                          0.00    0.00   clock network delay (ideal)
                  0.00    0.00    0.00 ^ _304_/CLK (sky130_fd_sc_hd__dfxtp_1)
     4    0.01    0.07    0.31    0.31 v _304_/Q (sky130_fd_sc_hd__dfxtp_1)
                                         x9.A (net)
                  0.07    0.00    0.31 v _268_/A2 (sky130_fd_sc_hd__o21ai_1)
     1    0.01    0.11    0.15    0.47 ^ _268_/Y (sky130_fd_sc_hd__o21ai_1)
                                         _075_ (net)
                  0.11    0.00    0.47 ^ _269_/B (sky130_fd_sc_hd__xnor2_1)
     1    0.01    0.05    0.09    0.56 v _269_/Y (sky130_fd_sc_hd__xnor2_1)
                                         _076_ (net)
                  0.05    0.00    0.56 v _270_/B (sky130_fd_sc_hd__xnor2_1)
     1    0.00    0.07    0.16    0.72 ^ _270_/Y (sky130_fd_sc_hd__xnor2_1)
                                         _077_ (net)
                  0.07    0.00    0.72 ^ _272_/A (sky130_fd_sc_hd__xnor2_1)
     1    0.00    0.05    0.08    0.80 v _272_/Y (sky130_fd_sc_hd__xnor2_1)
                                         x82.Si (net)
                  0.05    0.00    0.80 v _288_/D (sky130_fd_sc_hd__dfxtp_1)
                                  0.80   data arrival time

                  0.00    0.00    0.00   clock core_clock (rise edge)
                          0.00    0.00   clock network delay (ideal)
                          0.00    0.00   clock reconvergence pessimism
                                  0.00 ^ _288_/CLK (sky130_fd_sc_hd__dfxtp_1)
                         -0.07   -0.07   library hold time
                                 -0.07   data required time
-----------------------------------------------------------------------------
                                 -0.07   data required time
                                 -0.80   data arrival time
-----------------------------------------------------------------------------
                                  0.87   slack (MET)


Startpoint: _301_ (rising edge-triggered flip-flop clocked by core_clock)
Endpoint: _287_ (rising edge-triggered flip-flop clocked by core_clock)
Path Group: core_clock
Path Type: min

Fanout     Cap    Slew   Delay    Time   Description
-----------------------------------------------------------------------------
                  0.00    0.00    0.00   clock core_clock (rise edge)
                          0.00    0.00   clock network delay (ideal)
                  0.00    0.00    0.00 ^ _301_/CLK (sky130_fd_sc_hd__dfxtp_1)
     4    0.01    0.07    0.32    0.32 v _301_/Q (sky130_fd_sc_hd__dfxtp_1)
                                         x14.A (net)
                  0.07    0.00    0.32 v _169_/A2 (sky130_fd_sc_hd__o21ai_1)
     2    0.01    0.12    0.17    0.49 ^ _169_/Y (sky130_fd_sc_hd__o21ai_1)
                                         _120_ (net)
                  0.12    0.00    0.49 ^ _175_/A3 (sky130_fd_sc_hd__o32a_1)
     1    0.01    0.07    0.17    0.66 ^ _175_/X (sky130_fd_sc_hd__o32a_1)
                                         _126_ (net)
                  0.07    0.00    0.66 ^ _176_/B (sky130_fd_sc_hd__xnor2_1)
     1    0.00    0.05    0.07    0.73 v _176_/Y (sky130_fd_sc_hd__xnor2_1)
                                         _127_ (net)
                  0.05    0.00    0.73 v _177_/B (sky130_fd_sc_hd__xnor2_1)
     1    0.00    0.04    0.12    0.85 ^ _177_/Y (sky130_fd_sc_hd__xnor2_1)
                                         x83.Si (net)
                  0.04    0.00    0.85 ^ _287_/D (sky130_fd_sc_hd__dfxtp_1)
                                  0.85   data arrival time

                  0.00    0.00    0.00   clock core_clock (rise edge)
                          0.00    0.00   clock network delay (ideal)
                          0.00    0.00   clock reconvergence pessimism
                                  0.00 ^ _287_/CLK (sky130_fd_sc_hd__dfxtp_1)
                         -0.04   -0.04   library hold time
                                 -0.04   data required time
-----------------------------------------------------------------------------
                                 -0.04   data required time
                                 -0.85   data arrival time
-----------------------------------------------------------------------------
                                  0.88   slack (MET)



worst slack corner Typical: 0.5567
min_report_end
max_report

===========================================================================
report_checks -path_delay max (Setup)
============================================================================
======================= Typical Corner ===================================

Startpoint: _309_ (rising edge-triggered flip-flop clocked by core_clock)
Endpoint: _287_ (rising edge-triggered flip-flop clocked by core_clock)
Path Group: core_clock
Path Type: max

Fanout     Cap    Slew   Delay    Time   Description
-----------------------------------------------------------------------------
                  0.00    0.00    0.00   clock core_clock (rise edge)
                          0.00    0.00   clock network delay (ideal)
                  0.00    0.00    0.00 ^ _309_/CLK (sky130_fd_sc_hd__dfxtp_1)
     3    0.01    0.07    0.32    0.32 v _309_/Q (sky130_fd_sc_hd__dfxtp_1)
                                         x6.B (net)
                  0.07    0.00    0.32 v _133_/A (sky130_fd_sc_hd__xnor2_2)
     5    0.01    0.08    0.17    0.49 v _133_/Y (sky130_fd_sc_hd__xnor2_2)
                                         _084_ (net)
                  0.08    0.00    0.49 v _136_/B (sky130_fd_sc_hd__or4_2)
     6    0.02    0.15    0.72    1.21 v _136_/X (sky130_fd_sc_hd__or4_2)
                                         _087_ (net)
                  0.15    0.00    1.21 v _137_/C (sky130_fd_sc_hd__or3_1)
     2    0.00    0.07    0.35    1.56 v _137_/X (sky130_fd_sc_hd__or3_1)
                                         _088_ (net)
                  0.07    0.00    1.56 v _147_/A (sky130_fd_sc_hd__and3_1)
     3    0.01    0.06    0.18    1.74 v _147_/X (sky130_fd_sc_hd__and3_1)
                                         _098_ (net)
                  0.06    0.00    1.74 v _161_/A (sky130_fd_sc_hd__or3_1)
     1    0.01    0.08    0.39    2.13 v _161_/X (sky130_fd_sc_hd__or3_1)
                                         _112_ (net)
                  0.08    0.00    2.13 v _177_/A (sky130_fd_sc_hd__xnor2_1)
     1    0.00    0.04    0.13    2.26 v _177_/Y (sky130_fd_sc_hd__xnor2_1)
                                         x83.Si (net)
                  0.04    0.00    2.26 v _287_/D (sky130_fd_sc_hd__dfxtp_1)
                                  2.26   data arrival time

                  0.00    4.93    4.93   clock core_clock (rise edge)
                          0.00    4.93   clock network delay (ideal)
                          0.00    4.93   clock reconvergence pessimism
                                  4.93 ^ _287_/CLK (sky130_fd_sc_hd__dfxtp_1)
                         -0.12    4.81   library setup time
                                  4.81   data required time
-----------------------------------------------------------------------------
                                  4.81   data required time
                                 -2.26   data arrival time
-----------------------------------------------------------------------------
                                  2.55   slack (MET)


Startpoint: _309_ (rising edge-triggered flip-flop clocked by core_clock)
Endpoint: _288_ (rising edge-triggered flip-flop clocked by core_clock)
Path Group: core_clock
Path Type: max

Fanout     Cap    Slew   Delay    Time   Description
-----------------------------------------------------------------------------
                  0.00    0.00    0.00   clock core_clock (rise edge)
                          0.00    0.00   clock network delay (ideal)
                  0.00    0.00    0.00 ^ _309_/CLK (sky130_fd_sc_hd__dfxtp_1)
     3    0.01    0.07    0.32    0.32 v _309_/Q (sky130_fd_sc_hd__dfxtp_1)
                                         x6.B (net)
                  0.07    0.00    0.32 v _133_/A (sky130_fd_sc_hd__xnor2_2)
     5    0.01    0.08    0.17    0.49 v _133_/Y (sky130_fd_sc_hd__xnor2_2)
                                         _084_ (net)
                  0.08    0.00    0.49 v _136_/B (sky130_fd_sc_hd__or4_2)
     6    0.02    0.15    0.72    1.21 v _136_/X (sky130_fd_sc_hd__or4_2)
                                         _087_ (net)
                  0.15    0.00    1.21 v _221_/A2 (sky130_fd_sc_hd__o31a_1)
     2    0.01    0.06    0.32    1.53 v _221_/X (sky130_fd_sc_hd__o31a_1)
                                         _041_ (net)
                  0.06    0.00    1.53 v _222_/A2 (sky130_fd_sc_hd__a211o_1)
     2    0.01    0.07    0.32    1.85 v _222_/X (sky130_fd_sc_hd__a211o_1)
                                         _042_ (net)
                  0.07    0.00    1.85 v _271_/A2 (sky130_fd_sc_hd__a21oi_1)
     1    0.00    0.15    0.18    2.03 ^ _271_/Y (sky130_fd_sc_hd__a21oi_1)
                                         _078_ (net)
                  0.15    0.00    2.03 ^ _272_/B (sky130_fd_sc_hd__xnor2_1)
     1    0.00    0.16    0.15    2.18 ^ _272_/Y (sky130_fd_sc_hd__xnor2_1)
                                         x82.Si (net)
                  0.16    0.00    2.18 ^ _288_/D (sky130_fd_sc_hd__dfxtp_1)
                                  2.18   data arrival time

                  0.00    4.93    4.93   clock core_clock (rise edge)
                          0.00    4.93   clock network delay (ideal)
                          0.00    4.93   clock reconvergence pessimism
                                  4.93 ^ _288_/CLK (sky130_fd_sc_hd__dfxtp_1)
                         -0.09    4.84   library setup time
                                  4.84   data required time
-----------------------------------------------------------------------------
                                  4.84   data required time
                                 -2.18   data arrival time
-----------------------------------------------------------------------------
                                  2.66   slack (MET)


Startpoint: _309_ (rising edge-triggered flip-flop clocked by core_clock)
Endpoint: _284_ (rising edge-triggered flip-flop clocked by core_clock)
Path Group: core_clock
Path Type: max

Fanout     Cap    Slew   Delay    Time   Description
-----------------------------------------------------------------------------
                  0.00    0.00    0.00   clock core_clock (rise edge)
                          0.00    0.00   clock network delay (ideal)
                  0.00    0.00    0.00 ^ _309_/CLK (sky130_fd_sc_hd__dfxtp_1)
     3    0.01    0.07    0.32    0.32 v _309_/Q (sky130_fd_sc_hd__dfxtp_1)
                                         x6.B (net)
                  0.07    0.00    0.32 v _133_/A (sky130_fd_sc_hd__xnor2_2)
     5    0.01    0.08    0.17    0.49 v _133_/Y (sky130_fd_sc_hd__xnor2_2)
                                         _084_ (net)
                  0.08    0.00    0.49 v _136_/B (sky130_fd_sc_hd__or4_2)
     6    0.02    0.15    0.72    1.21 v _136_/X (sky130_fd_sc_hd__or4_2)
                                         _087_ (net)
                  0.15    0.00    1.21 v _221_/A2 (sky130_fd_sc_hd__o31a_1)
     2    0.01    0.06    0.32    1.53 v _221_/X (sky130_fd_sc_hd__o31a_1)
                                         _041_ (net)
                  0.06    0.00    1.53 v _222_/A2 (sky130_fd_sc_hd__a211o_1)
     2    0.01    0.07    0.32    1.85 v _222_/X (sky130_fd_sc_hd__a211o_1)
                                         _042_ (net)
                  0.07    0.00    1.85 v _223_/B (sky130_fd_sc_hd__xnor2_1)
     1    0.00    0.08    0.14    2.00 v _223_/Y (sky130_fd_sc_hd__xnor2_1)
                                         _043_ (net)
                  0.08    0.00    2.00 v _224_/B (sky130_fd_sc_hd__xnor2_1)
     1    0.00    0.05    0.14    2.13 v _224_/Y (sky130_fd_sc_hd__xnor2_1)
                                         x86.Si (net)
                  0.05    0.00    2.13 v _284_/D (sky130_fd_sc_hd__dfxtp_1)
                                  2.13   data arrival time

                  0.00    4.93    4.93   clock core_clock (rise edge)
                          0.00    4.93   clock network delay (ideal)
                          0.00    4.93   clock reconvergence pessimism
                                  4.93 ^ _284_/CLK (sky130_fd_sc_hd__dfxtp_1)
                         -0.12    4.81   library setup time
                                  4.81   data required time
-----------------------------------------------------------------------------
                                  4.81   data required time
                                 -2.13   data arrival time
-----------------------------------------------------------------------------
                                  2.67   slack (MET)


Startpoint: _309_ (rising edge-triggered flip-flop clocked by core_clock)
Endpoint: _289_ (rising edge-triggered flip-flop clocked by core_clock)
Path Group: core_clock
Path Type: max

Fanout     Cap    Slew   Delay    Time   Description
-----------------------------------------------------------------------------
                  0.00    0.00    0.00   clock core_clock (rise edge)
                          0.00    0.00   clock network delay (ideal)
                  0.00    0.00    0.00 ^ _309_/CLK (sky130_fd_sc_hd__dfxtp_1)
     3    0.01    0.07    0.32    0.32 v _309_/Q (sky130_fd_sc_hd__dfxtp_1)
                                         x6.B (net)
                  0.07    0.00    0.32 v _133_/A (sky130_fd_sc_hd__xnor2_2)
     5    0.01    0.08    0.17    0.49 v _133_/Y (sky130_fd_sc_hd__xnor2_2)
                                         _084_ (net)
                  0.08    0.00    0.49 v _136_/B (sky130_fd_sc_hd__or4_2)
     6    0.02    0.15    0.72    1.21 v _136_/X (sky130_fd_sc_hd__or4_2)
                                         _087_ (net)
                  0.15    0.00    1.21 v _137_/C (sky130_fd_sc_hd__or3_1)
     2    0.00    0.07    0.35    1.56 v _137_/X (sky130_fd_sc_hd__or3_1)
                                         _088_ (net)
                  0.07    0.00    1.56 v _147_/A (sky130_fd_sc_hd__and3_1)
     3    0.01    0.06    0.18    1.74 v _147_/X (sky130_fd_sc_hd__and3_1)
                                         _098_ (net)
                  0.06    0.00    1.74 v _236_/A1 (sky130_fd_sc_hd__o21ai_1)
     2    0.01    0.20    0.21    1.95 ^ _236_/Y (sky130_fd_sc_hd__o21ai_1)
                                         _053_ (net)
                  0.20    0.00    1.95 ^ _264_/A2 (sky130_fd_sc_hd__a311o_1)
     1    0.00    0.05    0.19    2.14 ^ _264_/X (sky130_fd_sc_hd__a311o_1)
                                         x66.G (net)
                  0.05    0.00    2.14 ^ _289_/D (sky130_fd_sc_hd__dfxtp_1)
                                  2.14   data arrival time

                  0.00    4.93    4.93   clock core_clock (rise edge)
                          0.00    4.93   clock network delay (ideal)
                          0.00    4.93   clock reconvergence pessimism
                                  4.93 ^ _289_/CLK (sky130_fd_sc_hd__dfxtp_1)
                         -0.06    4.87   library setup time
                                  4.87   data required time
-----------------------------------------------------------------------------
                                  4.87   data required time
                                 -2.14   data arrival time
-----------------------------------------------------------------------------
                                  2.73   slack (MET)


Startpoint: _309_ (rising edge-triggered flip-flop clocked by core_clock)
Endpoint: _281_ (rising edge-triggered flip-flop clocked by core_clock)
Path Group: core_clock
Path Type: max

Fanout     Cap    Slew   Delay    Time   Description
-----------------------------------------------------------------------------
                  0.00    0.00    0.00   clock core_clock (rise edge)
                          0.00    0.00   clock network delay (ideal)
                  0.00    0.00    0.00 ^ _309_/CLK (sky130_fd_sc_hd__dfxtp_1)
     3    0.01    0.07    0.32    0.32 v _309_/Q (sky130_fd_sc_hd__dfxtp_1)
                                         x6.B (net)
                  0.07    0.00    0.32 v _133_/A (sky130_fd_sc_hd__xnor2_2)
     5    0.01    0.08    0.17    0.49 v _133_/Y (sky130_fd_sc_hd__xnor2_2)
                                         _084_ (net)
                  0.08    0.00    0.49 v _136_/B (sky130_fd_sc_hd__or4_2)
     6    0.02    0.15    0.72    1.21 v _136_/X (sky130_fd_sc_hd__or4_2)
                                         _087_ (net)
                  0.15    0.00    1.21 v _137_/C (sky130_fd_sc_hd__or3_1)
     2    0.00    0.07    0.35    1.56 v _137_/X (sky130_fd_sc_hd__or3_1)
                                         _088_ (net)
                  0.07    0.00    1.56 v _147_/A (sky130_fd_sc_hd__and3_1)
     3    0.01    0.06    0.18    1.74 v _147_/X (sky130_fd_sc_hd__and3_1)
                                         _098_ (net)
                  0.06    0.00    1.74 v _236_/A1 (sky130_fd_sc_hd__o21ai_1)
     2    0.01    0.20    0.21    1.95 ^ _236_/Y (sky130_fd_sc_hd__o21ai_1)
                                         _053_ (net)
                  0.20    0.00    1.95 ^ _237_/B (sky130_fd_sc_hd__xnor2_1)
     1    0.00    0.11    0.14    2.08 ^ _237_/Y (sky130_fd_sc_hd__xnor2_1)
                                         x89.Si (net)
                  0.11    0.00    2.08 ^ _281_/D (sky130_fd_sc_hd__dfxtp_1)
                                  2.08   data arrival time

                  0.00    4.93    4.93   clock core_clock (rise edge)
                          0.00    4.93   clock network delay (ideal)
                          0.00    4.93   clock reconvergence pessimism
                                  4.93 ^ _281_/CLK (sky130_fd_sc_hd__dfxtp_1)
                         -0.08    4.85   library setup time
                                  4.85   data required time
-----------------------------------------------------------------------------
                                  4.85   data required time
                                 -2.08   data arrival time
-----------------------------------------------------------------------------
                                  2.77   slack (MET)


Startpoint: _311_ (rising edge-triggered flip-flop clocked by core_clock)
Endpoint: _286_ (rising edge-triggered flip-flop clocked by core_clock)
Path Group: core_clock
Path Type: max

Fanout     Cap    Slew   Delay    Time   Description
-----------------------------------------------------------------------------
                  0.00    0.00    0.00   clock core_clock (rise edge)
                          0.00    0.00   clock network delay (ideal)
                  0.00    0.00    0.00 ^ _311_/CLK (sky130_fd_sc_hd__dfxtp_1)
     4    0.02    0.19    0.39    0.39 ^ _311_/Q (sky130_fd_sc_hd__dfxtp_1)
                                         x4.B (net)
                  0.19    0.00    0.39 ^ _128_/A (sky130_fd_sc_hd__xnor2_2)
     7    0.02    0.11    0.15    0.54 v _128_/Y (sky130_fd_sc_hd__xnor2_2)
                                         _079_ (net)
                  0.11    0.00    0.54 v _195_/A (sky130_fd_sc_hd__or4_1)
     3    0.01    0.11    0.57    1.11 v _195_/X (sky130_fd_sc_hd__or4_1)
                                         _017_ (net)
                  0.11    0.00    1.11 v _196_/C (sky130_fd_sc_hd__or3_1)
     2    0.00    0.08    0.34    1.45 v _196_/X (sky130_fd_sc_hd__or3_1)
                                         _018_ (net)
                  0.08    0.00    1.45 v _200_/A3 (sky130_fd_sc_hd__o31a_1)
     1    0.01    0.06    0.26    1.71 v _200_/X (sky130_fd_sc_hd__o31a_1)
                                         _022_ (net)
                  0.06    0.00    1.71 v _205_/A (sky130_fd_sc_hd__xnor2_1)
     1    0.01    0.17    0.19    1.90 ^ _205_/Y (sky130_fd_sc_hd__xnor2_1)
                                         _027_ (net)
                  0.17    0.00    1.90 ^ _206_/B (sky130_fd_sc_hd__xnor2_1)
     1    0.00    0.15    0.15    2.05 ^ _206_/Y (sky130_fd_sc_hd__xnor2_1)
                                         x84.Si (net)
                  0.15    0.00    2.05 ^ _286_/D (sky130_fd_sc_hd__dfxtp_1)
                                  2.05   data arrival time

                  0.00    4.93    4.93   clock core_clock (rise edge)
                          0.00    4.93   clock network delay (ideal)
                          0.00    4.93   clock reconvergence pessimism
                                  4.93 ^ _286_/CLK (sky130_fd_sc_hd__dfxtp_1)
                         -0.08    4.85   library setup time
                                  4.85   data required time
-----------------------------------------------------------------------------
                                  4.85   data required time
                                 -2.05   data arrival time
-----------------------------------------------------------------------------
                                  2.80   slack (MET)


Startpoint: _309_ (rising edge-triggered flip-flop clocked by core_clock)
Endpoint: _285_ (rising edge-triggered flip-flop clocked by core_clock)
Path Group: core_clock
Path Type: max

Fanout     Cap    Slew   Delay    Time   Description
-----------------------------------------------------------------------------
                  0.00    0.00    0.00   clock core_clock (rise edge)
                          0.00    0.00   clock network delay (ideal)
                  0.00    0.00    0.00 ^ _309_/CLK (sky130_fd_sc_hd__dfxtp_1)
     3    0.01    0.07    0.32    0.32 v _309_/Q (sky130_fd_sc_hd__dfxtp_1)
                                         x6.B (net)
                  0.07    0.00    0.32 v _133_/A (sky130_fd_sc_hd__xnor2_2)
     5    0.01    0.08    0.17    0.49 v _133_/Y (sky130_fd_sc_hd__xnor2_2)
                                         _084_ (net)
                  0.08    0.00    0.49 v _142_/A (sky130_fd_sc_hd__or4b_1)
     2    0.00    0.09    0.54    1.03 v _142_/X (sky130_fd_sc_hd__or4b_1)
                                         _093_ (net)
                  0.09    0.00    1.03 v _144_/A3 (sky130_fd_sc_hd__a31o_1)
     3    0.01    0.06    0.26    1.28 v _144_/X (sky130_fd_sc_hd__a31o_1)
                                         _095_ (net)
                  0.06    0.00    1.28 v _212_/A (sky130_fd_sc_hd__or3_1)
     1    0.00    0.08    0.38    1.67 v _212_/X (sky130_fd_sc_hd__or3_1)
                                         _033_ (net)
                  0.08    0.00    1.67 v _213_/B (sky130_fd_sc_hd__xnor2_1)
     1    0.00    0.08    0.14    1.81 v _213_/Y (sky130_fd_sc_hd__xnor2_1)
                                         _034_ (net)
                  0.08    0.00    1.81 v _214_/B (sky130_fd_sc_hd__xnor2_1)
     1    0.00    0.04    0.13    1.94 v _214_/Y (sky130_fd_sc_hd__xnor2_1)
                                         x85.Si (net)
                  0.04    0.00    1.94 v _285_/D (sky130_fd_sc_hd__dfxtp_1)
                                  1.94   data arrival time

                  0.00    4.93    4.93   clock core_clock (rise edge)
                          0.00    4.93   clock network delay (ideal)
                          0.00    4.93   clock reconvergence pessimism
                                  4.93 ^ _285_/CLK (sky130_fd_sc_hd__dfxtp_1)
                         -0.12    4.81   library setup time
                                  4.81   data required time
-----------------------------------------------------------------------------
                                  4.81   data required time
                                 -1.94   data arrival time
-----------------------------------------------------------------------------
                                  2.87   slack (MET)


Startpoint: _309_ (rising edge-triggered flip-flop clocked by core_clock)
Endpoint: _283_ (rising edge-triggered flip-flop clocked by core_clock)
Path Group: core_clock
Path Type: max

Fanout     Cap    Slew   Delay    Time   Description
-----------------------------------------------------------------------------
                  0.00    0.00    0.00   clock core_clock (rise edge)
                          0.00    0.00   clock network delay (ideal)
                  0.00    0.00    0.00 ^ _309_/CLK (sky130_fd_sc_hd__dfxtp_1)
     3    0.01    0.07    0.32    0.32 v _309_/Q (sky130_fd_sc_hd__dfxtp_1)
                                         x6.B (net)
                  0.07    0.00    0.32 v _133_/A (sky130_fd_sc_hd__xnor2_2)
     5    0.01    0.08    0.17    0.49 v _133_/Y (sky130_fd_sc_hd__xnor2_2)
                                         _084_ (net)
                  0.08    0.00    0.49 v _136_/B (sky130_fd_sc_hd__or4_2)
     6    0.02    0.15    0.72    1.21 v _136_/X (sky130_fd_sc_hd__or4_2)
                                         _087_ (net)
                  0.15    0.00    1.21 v _137_/C (sky130_fd_sc_hd__or3_1)
     2    0.00    0.07    0.35    1.56 v _137_/X (sky130_fd_sc_hd__or3_1)
                                         _088_ (net)
                  0.07    0.00    1.56 v _226_/A (sky130_fd_sc_hd__nor2_1)
     1    0.01    0.12    0.14    1.70 ^ _226_/Y (sky130_fd_sc_hd__nor2_1)
                                         _045_ (net)
                  0.12    0.00    1.70 ^ _228_/A (sky130_fd_sc_hd__xnor2_1)
     1    0.00    0.16    0.14    1.84 ^ _228_/Y (sky130_fd_sc_hd__xnor2_1)
                                         _047_ (net)
                  0.16    0.00    1.84 ^ _229_/B (sky130_fd_sc_hd__xnor2_1)
     1    0.00    0.10    0.13    1.97 ^ _229_/Y (sky130_fd_sc_hd__xnor2_1)
                                         x87.Si (net)
                  0.10    0.00    1.97 ^ _283_/D (sky130_fd_sc_hd__dfxtp_1)
                                  1.97   data arrival time

                  0.00    4.93    4.93   clock core_clock (rise edge)
                          0.00    4.93   clock network delay (ideal)
                          0.00    4.93   clock reconvergence pessimism
                                  4.93 ^ _283_/CLK (sky130_fd_sc_hd__dfxtp_1)
                         -0.07    4.86   library setup time
                                  4.86   data required time
-----------------------------------------------------------------------------
                                  4.86   data required time
                                 -1.97   data arrival time
-----------------------------------------------------------------------------
                                  2.89   slack (MET)


Startpoint: _309_ (rising edge-triggered flip-flop clocked by core_clock)
Endpoint: _279_ (rising edge-triggered flip-flop clocked by core_clock)
Path Group: core_clock
Path Type: max

Fanout     Cap    Slew   Delay    Time   Description
-----------------------------------------------------------------------------
                  0.00    0.00    0.00   clock core_clock (rise edge)
                          0.00    0.00   clock network delay (ideal)
                  0.00    0.00    0.00 ^ _309_/CLK (sky130_fd_sc_hd__dfxtp_1)
     3    0.01    0.07    0.32    0.32 v _309_/Q (sky130_fd_sc_hd__dfxtp_1)
                                         x6.B (net)
                  0.07    0.00    0.32 v _133_/A (sky130_fd_sc_hd__xnor2_2)
     5    0.01    0.08    0.17    0.49 v _133_/Y (sky130_fd_sc_hd__xnor2_2)
                                         _084_ (net)
                  0.08    0.00    0.49 v _136_/B (sky130_fd_sc_hd__or4_2)
     6    0.02    0.15    0.72    1.21 v _136_/X (sky130_fd_sc_hd__or4_2)
                                         _087_ (net)
                  0.15    0.00    1.21 v _137_/C (sky130_fd_sc_hd__or3_1)
     2    0.00    0.07    0.35    1.56 v _137_/X (sky130_fd_sc_hd__or3_1)
                                         _088_ (net)
                  0.07    0.00    1.56 v _147_/A (sky130_fd_sc_hd__and3_1)
     3    0.01    0.06    0.18    1.74 v _147_/X (sky130_fd_sc_hd__and3_1)
                                         _098_ (net)
                  0.06    0.00    1.74 v _240_/A (sky130_fd_sc_hd__xor2_1)
     1    0.00    0.07    0.16    1.90 v _240_/X (sky130_fd_sc_hd__xor2_1)
                                         x91.Si (net)
                  0.07    0.00    1.90 v _279_/D (sky130_fd_sc_hd__dfxtp_1)
                                  1.90   data arrival time

                  0.00    4.93    4.93   clock core_clock (rise edge)
                          0.00    4.93   clock network delay (ideal)
                          0.00    4.93   clock reconvergence pessimism
                                  4.93 ^ _279_/CLK (sky130_fd_sc_hd__dfxtp_1)
                         -0.13    4.80   library setup time
                                  4.80   data required time
-----------------------------------------------------------------------------
                                  4.80   data required time
                                 -1.90   data arrival time
-----------------------------------------------------------------------------
                                  2.90   slack (MET)


Startpoint: _309_ (rising edge-triggered flip-flop clocked by core_clock)
Endpoint: _282_ (rising edge-triggered flip-flop clocked by core_clock)
Path Group: core_clock
Path Type: max

Fanout     Cap    Slew   Delay    Time   Description
-----------------------------------------------------------------------------
                  0.00    0.00    0.00   clock core_clock (rise edge)
                          0.00    0.00   clock network delay (ideal)
                  0.00    0.00    0.00 ^ _309_/CLK (sky130_fd_sc_hd__dfxtp_1)
     3    0.01    0.07    0.32    0.32 v _309_/Q (sky130_fd_sc_hd__dfxtp_1)
                                         x6.B (net)
                  0.07    0.00    0.32 v _133_/A (sky130_fd_sc_hd__xnor2_2)
     5    0.01    0.08    0.17    0.49 v _133_/Y (sky130_fd_sc_hd__xnor2_2)
                                         _084_ (net)
                  0.08    0.00    0.49 v _136_/B (sky130_fd_sc_hd__or4_2)
     6    0.02    0.15    0.72    1.21 v _136_/X (sky130_fd_sc_hd__or4_2)
                                         _087_ (net)
                  0.15    0.00    1.21 v _233_/A (sky130_fd_sc_hd__or3b_1)
     1    0.00    0.08    0.42    1.63 v _233_/X (sky130_fd_sc_hd__or3b_1)
                                         _051_ (net)
                  0.08    0.00    1.63 v _234_/B (sky130_fd_sc_hd__xnor2_1)
     1    0.00    0.08    0.14    1.77 v _234_/Y (sky130_fd_sc_hd__xnor2_1)
                                         _052_ (net)
                  0.08    0.00    1.77 v _235_/B (sky130_fd_sc_hd__xnor2_1)
     1    0.00    0.05    0.14    1.91 v _235_/Y (sky130_fd_sc_hd__xnor2_1)
                                         x88.Si (net)
                  0.05    0.00    1.91 v _282_/D (sky130_fd_sc_hd__dfxtp_1)
                                  1.91   data arrival time

                  0.00    4.93    4.93   clock core_clock (rise edge)
                          0.00    4.93   clock network delay (ideal)
                          0.00    4.93   clock reconvergence pessimism
                                  4.93 ^ _282_/CLK (sky130_fd_sc_hd__dfxtp_1)
                         -0.12    4.81   library setup time
                                  4.81   data required time
-----------------------------------------------------------------------------
                                  4.81   data required time
                                 -1.91   data arrival time
-----------------------------------------------------------------------------
                                  2.90   slack (MET)


Startpoint: _309_ (rising edge-triggered flip-flop clocked by core_clock)
Endpoint: _280_ (rising edge-triggered flip-flop clocked by core_clock)
Path Group: core_clock
Path Type: max

Fanout     Cap    Slew   Delay    Time   Description
-----------------------------------------------------------------------------
                  0.00    0.00    0.00   clock core_clock (rise edge)
                          0.00    0.00   clock network delay (ideal)
                  0.00    0.00    0.00 ^ _309_/CLK (sky130_fd_sc_hd__dfxtp_1)
     3    0.01    0.07    0.32    0.32 v _309_/Q (sky130_fd_sc_hd__dfxtp_1)
                                         x6.B (net)
                  0.07    0.00    0.32 v _133_/A (sky130_fd_sc_hd__xnor2_2)
     5    0.01    0.08    0.17    0.49 v _133_/Y (sky130_fd_sc_hd__xnor2_2)
                                         _084_ (net)
                  0.08    0.00    0.49 v _136_/B (sky130_fd_sc_hd__or4_2)
     6    0.02    0.15    0.72    1.21 v _136_/X (sky130_fd_sc_hd__or4_2)
                                         _087_ (net)
                  0.15    0.00    1.21 v _221_/A2 (sky130_fd_sc_hd__o31a_1)
     2    0.01    0.06    0.32    1.53 v _221_/X (sky130_fd_sc_hd__o31a_1)
                                         _041_ (net)
                  0.06    0.00    1.53 v _238_/C (sky130_fd_sc_hd__and3_1)
     1    0.00    0.04    0.19    1.72 v _238_/X (sky130_fd_sc_hd__and3_1)
                                         _054_ (net)
                  0.04    0.00    1.72 v _239_/B (sky130_fd_sc_hd__xor2_1)
     1    0.00    0.06    0.14    1.86 v _239_/X (sky130_fd_sc_hd__xor2_1)
                                         x90.Si (net)
                  0.06    0.00    1.86 v _280_/D (sky130_fd_sc_hd__dfxtp_1)
                                  1.86   data arrival time

                  0.00    4.93    4.93   clock core_clock (rise edge)
                          0.00    4.93   clock network delay (ideal)
                          0.00    4.93   clock reconvergence pessimism
                                  4.93 ^ _280_/CLK (sky130_fd_sc_hd__dfxtp_1)
                         -0.13    4.80   library setup time
                                  4.80   data required time
-----------------------------------------------------------------------------
                                  4.80   data required time
                                 -1.86   data arrival time
-----------------------------------------------------------------------------
                                  2.94   slack (MET)


Startpoint: _309_ (rising edge-triggered flip-flop clocked by core_clock)
Endpoint: _278_ (rising edge-triggered flip-flop clocked by core_clock)
Path Group: core_clock
Path Type: max

Fanout     Cap    Slew   Delay    Time   Description
-----------------------------------------------------------------------------
                  0.00    0.00    0.00   clock core_clock (rise edge)
                          0.00    0.00   clock network delay (ideal)
                  0.00    0.00    0.00 ^ _309_/CLK (sky130_fd_sc_hd__dfxtp_1)
     3    0.01    0.07    0.32    0.32 v _309_/Q (sky130_fd_sc_hd__dfxtp_1)
                                         x6.B (net)
                  0.07    0.00    0.32 v _133_/A (sky130_fd_sc_hd__xnor2_2)
     5    0.01    0.08    0.17    0.49 v _133_/Y (sky130_fd_sc_hd__xnor2_2)
                                         _084_ (net)
                  0.08    0.00    0.49 v _136_/B (sky130_fd_sc_hd__or4_2)
     6    0.02    0.15    0.72    1.21 v _136_/X (sky130_fd_sc_hd__or4_2)
                                         _087_ (net)
                  0.15    0.00    1.21 v _241_/B (sky130_fd_sc_hd__nor2_1)
     2    0.01    0.18    0.19    1.40 ^ _241_/Y (sky130_fd_sc_hd__nor2_1)
                                         _055_ (net)
                  0.18    0.00    1.40 ^ _242_/B (sky130_fd_sc_hd__xnor2_1)
     1    0.00    0.16    0.15    1.55 ^ _242_/Y (sky130_fd_sc_hd__xnor2_1)
                                         _056_ (net)
                  0.16    0.00    1.55 ^ _243_/B (sky130_fd_sc_hd__xnor2_1)
     1    0.00    0.14    0.15    1.70 ^ _243_/Y (sky130_fd_sc_hd__xnor2_1)
                                         x92.Si (net)
                  0.14    0.00    1.70 ^ _278_/D (sky130_fd_sc_hd__dfxtp_1)
                                  1.70   data arrival time

                  0.00    4.93    4.93   clock core_clock (rise edge)
                          0.00    4.93   clock network delay (ideal)
                          0.00    4.93   clock reconvergence pessimism
                                  4.93 ^ _278_/CLK (sky130_fd_sc_hd__dfxtp_1)
                         -0.08    4.85   library setup time
                                  4.85   data required time
-----------------------------------------------------------------------------
                                  4.85   data required time
                                 -1.70   data arrival time
-----------------------------------------------------------------------------
                                  3.15   slack (MET)


Startpoint: _309_ (rising edge-triggered flip-flop clocked by core_clock)
Endpoint: _277_ (rising edge-triggered flip-flop clocked by core_clock)
Path Group: core_clock
Path Type: max

Fanout     Cap    Slew   Delay    Time   Description
-----------------------------------------------------------------------------
                  0.00    0.00    0.00   clock core_clock (rise edge)
                          0.00    0.00   clock network delay (ideal)
                  0.00    0.00    0.00 ^ _309_/CLK (sky130_fd_sc_hd__dfxtp_1)
     3    0.01    0.07    0.32    0.32 v _309_/Q (sky130_fd_sc_hd__dfxtp_1)
                                         x6.B (net)
                  0.07    0.00    0.32 v _133_/A (sky130_fd_sc_hd__xnor2_2)
     5    0.01    0.08    0.17    0.49 v _133_/Y (sky130_fd_sc_hd__xnor2_2)
                                         _084_ (net)
                  0.08    0.00    0.49 v _136_/B (sky130_fd_sc_hd__or4_2)
     6    0.02    0.15    0.72    1.21 v _136_/X (sky130_fd_sc_hd__or4_2)
                                         _087_ (net)
                  0.15    0.00    1.21 v _241_/B (sky130_fd_sc_hd__nor2_1)
     2    0.01    0.18    0.19    1.40 ^ _241_/Y (sky130_fd_sc_hd__nor2_1)
                                         _055_ (net)
                  0.18    0.00    1.40 ^ _247_/A (sky130_fd_sc_hd__nor2_1)
     1    0.00    0.06    0.08    1.48 v _247_/Y (sky130_fd_sc_hd__nor2_1)
                                         _060_ (net)
                  0.06    0.00    1.48 v _248_/B (sky130_fd_sc_hd__xnor2_1)
     1    0.00    0.05    0.12    1.60 v _248_/Y (sky130_fd_sc_hd__xnor2_1)
                                         x93.Si (net)
                  0.05    0.00    1.60 v _277_/D (sky130_fd_sc_hd__dfxtp_1)
                                  1.60   data arrival time

                  0.00    4.93    4.93   clock core_clock (rise edge)
                          0.00    4.93   clock network delay (ideal)
                          0.00    4.93   clock reconvergence pessimism
                                  4.93 ^ _277_/CLK (sky130_fd_sc_hd__dfxtp_1)
                         -0.12    4.81   library setup time
                                  4.81   data required time
-----------------------------------------------------------------------------
                                  4.81   data required time
                                 -1.60   data arrival time
-----------------------------------------------------------------------------
                                  3.20   slack (MET)


Startpoint: _308_ (rising edge-triggered flip-flop clocked by core_clock)
Endpoint: _276_ (rising edge-triggered flip-flop clocked by core_clock)
Path Group: core_clock
Path Type: max

Fanout     Cap    Slew   Delay    Time   Description
-----------------------------------------------------------------------------
                  0.00    0.00    0.00   clock core_clock (rise edge)
                          0.00    0.00   clock network delay (ideal)
                  0.00    0.00    0.00 ^ _308_/CLK (sky130_fd_sc_hd__dfxtp_1)
     4    0.02    0.17    0.38    0.38 ^ _308_/Q (sky130_fd_sc_hd__dfxtp_1)
                                         x5.B (net)
                  0.17    0.00    0.38 ^ _134_/A (sky130_fd_sc_hd__xnor2_2)
     5    0.01    0.09    0.12    0.50 v _134_/Y (sky130_fd_sc_hd__xnor2_2)
                                         _085_ (net)
                  0.09    0.00    0.50 v _189_/B (sky130_fd_sc_hd__or3_1)
     2    0.00    0.08    0.37    0.87 v _189_/X (sky130_fd_sc_hd__or3_1)
                                         _011_ (net)
                  0.08    0.00    0.87 v _190_/B (sky130_fd_sc_hd__and2_1)
     2    0.01    0.05    0.19    1.06 v _190_/X (sky130_fd_sc_hd__and2_1)
                                         _012_ (net)
                  0.05    0.00    1.06 v _251_/A (sky130_fd_sc_hd__xnor2_1)
     1    0.00    0.06    0.13    1.19 v _251_/Y (sky130_fd_sc_hd__xnor2_1)
                                         x94.Si (net)
                  0.06    0.00    1.19 v _276_/D (sky130_fd_sc_hd__dfxtp_1)
                                  1.19   data arrival time

                  0.00    4.93    4.93   clock core_clock (rise edge)
                          0.00    4.93   clock network delay (ideal)
                          0.00    4.93   clock reconvergence pessimism
                                  4.93 ^ _276_/CLK (sky130_fd_sc_hd__dfxtp_1)
                         -0.13    4.80   library setup time
                                  4.80   data required time
-----------------------------------------------------------------------------
                                  4.80   data required time
                                 -1.19   data arrival time
-----------------------------------------------------------------------------
                                  3.61   slack (MET)


Startpoint: _290_ (rising edge-triggered flip-flop clocked by core_clock)
Endpoint: _275_ (rising edge-triggered flip-flop clocked by core_clock)
Path Group: core_clock
Path Type: max

Fanout     Cap    Slew   Delay    Time   Description
-----------------------------------------------------------------------------
                  0.00    0.00    0.00   clock core_clock (rise edge)
                          0.00    0.00   clock network delay (ideal)
                  0.00    0.00    0.00 ^ _290_/CLK (sky130_fd_sc_hd__dfxtp_1)
     3    0.01    0.07    0.31    0.31 v _290_/Q (sky130_fd_sc_hd__dfxtp_1)
                                         x7.A (net)
                  0.07    0.00    0.31 v _130_/B (sky130_fd_sc_hd__or2_1)
     3    0.01    0.09    0.26    0.58 v _130_/X (sky130_fd_sc_hd__or2_1)
                                         _081_ (net)
                  0.09    0.00    0.58 v _252_/C (sky130_fd_sc_hd__and3_1)
     2    0.01    0.05    0.21    0.79 v _252_/X (sky130_fd_sc_hd__and3_1)
                                         _063_ (net)
                  0.05    0.00    0.79 v _253_/A1 (sky130_fd_sc_hd__o21ba_1)
     1    0.00    0.04    0.19    0.98 v _253_/X (sky130_fd_sc_hd__o21ba_1)
                                         _064_ (net)
                  0.04    0.00    0.98 v _254_/B (sky130_fd_sc_hd__xnor2_1)
     1    0.00    0.06    0.11    1.09 v _254_/Y (sky130_fd_sc_hd__xnor2_1)
                                         x95.Si (net)
                  0.06    0.00    1.09 v _275_/D (sky130_fd_sc_hd__dfxtp_1)
                                  1.09   data arrival time

                  0.00    4.93    4.93   clock core_clock (rise edge)
                          0.00    4.93   clock network delay (ideal)
                          0.00    4.93   clock reconvergence pessimism
                                  4.93 ^ _275_/CLK (sky130_fd_sc_hd__dfxtp_1)
                         -0.13    4.80   library setup time
                                  4.80   data required time
-----------------------------------------------------------------------------
                                  4.80   data required time
                                 -1.09   data arrival time
-----------------------------------------------------------------------------
                                  3.71   slack (MET)


Startpoint: _290_ (rising edge-triggered flip-flop clocked by core_clock)
Endpoint: _274_ (rising edge-triggered flip-flop clocked by core_clock)
Path Group: core_clock
Path Type: max

Fanout     Cap    Slew   Delay    Time   Description
-----------------------------------------------------------------------------
                  0.00    0.00    0.00   clock core_clock (rise edge)
                          0.00    0.00   clock network delay (ideal)
                  0.00    0.00    0.00 ^ _290_/CLK (sky130_fd_sc_hd__dfxtp_1)
     3    0.01    0.07    0.31    0.31 v _290_/Q (sky130_fd_sc_hd__dfxtp_1)
                                         x7.A (net)
                  0.07    0.00    0.31 v _130_/B (sky130_fd_sc_hd__or2_1)
     3    0.01    0.09    0.26    0.58 v _130_/X (sky130_fd_sc_hd__or2_1)
                                         _081_ (net)
                  0.09    0.00    0.58 v _131_/C (sky130_fd_sc_hd__nand3_4)
     8    0.02    0.11    0.13    0.71 ^ _131_/Y (sky130_fd_sc_hd__nand3_4)
                                         _082_ (net)
                  0.11    0.00    0.71 ^ _232_/B (sky130_fd_sc_hd__nand2_1)
     2    0.01    0.07    0.09    0.81 v _232_/Y (sky130_fd_sc_hd__nand2_1)
                                         _050_ (net)
                  0.07    0.00    0.81 v _255_/B (sky130_fd_sc_hd__xnor2_1)
     1    0.00    0.06    0.13    0.94 v _255_/Y (sky130_fd_sc_hd__xnor2_1)
                                         x96.Si (net)
                  0.06    0.00    0.94 v _274_/D (sky130_fd_sc_hd__dfxtp_1)
                                  0.94   data arrival time

                  0.00    4.93    4.93   clock core_clock (rise edge)
                          0.00    4.93   clock network delay (ideal)
                          0.00    4.93   clock reconvergence pessimism
                                  4.93 ^ _274_/CLK (sky130_fd_sc_hd__dfxtp_1)
                         -0.13    4.80   library setup time
                                  4.80   data required time
-----------------------------------------------------------------------------
                                  4.80   data required time
                                 -0.94   data arrival time
-----------------------------------------------------------------------------
                                  3.87   slack (MET)


Startpoint: _290_ (rising edge-triggered flip-flop clocked by core_clock)
Endpoint: _273_ (rising edge-triggered flip-flop clocked by core_clock)
Path Group: core_clock
Path Type: max

Fanout     Cap    Slew   Delay    Time   Description
-----------------------------------------------------------------------------
                  0.00    0.00    0.00   clock core_clock (rise edge)
                          0.00    0.00   clock network delay (ideal)
                  0.00    0.00    0.00 ^ _290_/CLK (sky130_fd_sc_hd__dfxtp_1)
     3    0.01    0.07    0.31    0.31 v _290_/Q (sky130_fd_sc_hd__dfxtp_1)
                                         x7.A (net)
                  0.07    0.00    0.31 v _130_/B (sky130_fd_sc_hd__or2_1)
     3    0.01    0.09    0.26    0.58 v _130_/X (sky130_fd_sc_hd__or2_1)
                                         _081_ (net)
                  0.09    0.00    0.58 v _252_/C (sky130_fd_sc_hd__and3_1)
     2    0.01    0.05    0.21    0.79 v _252_/X (sky130_fd_sc_hd__and3_1)
                                         _063_ (net)
                  0.05    0.00    0.79 v _257_/A (sky130_fd_sc_hd__nor2_1)
     1    0.00    0.08    0.10    0.88 ^ _257_/Y (sky130_fd_sc_hd__nor2_1)
                                         x97.Si (net)
                  0.08    0.00    0.88 ^ _273_/D (sky130_fd_sc_hd__dfxtp_1)
                                  0.88   data arrival time

                  0.00    4.93    4.93   clock core_clock (rise edge)
                          0.00    4.93   clock network delay (ideal)
                          0.00    4.93   clock reconvergence pessimism
                                  4.93 ^ _273_/CLK (sky130_fd_sc_hd__dfxtp_1)
                         -0.07    4.86   library setup time
                                  4.86   data required time
-----------------------------------------------------------------------------
                                  4.86   data required time
                                 -0.88   data arrival time
-----------------------------------------------------------------------------
                                  3.98   slack (MET)



worst slack corner Typical: 2.5522
max_report_end
checks_report

===========================================================================
report_checks -unconstrained
===========================================================================
======================= Typical Corner ===================================

Startpoint: _309_ (rising edge-triggered flip-flop clocked by core_clock)
Endpoint: _287_ (rising edge-triggered flip-flop clocked by core_clock)
Path Group: core_clock
Path Type: max

Fanout     Cap    Slew   Delay    Time   Description
-----------------------------------------------------------------------------
                  0.00    0.00    0.00   clock core_clock (rise edge)
                          0.00    0.00   clock network delay (ideal)
                  0.00    0.00    0.00 ^ _309_/CLK (sky130_fd_sc_hd__dfxtp_1)
     3    0.01    0.07    0.32    0.32 v _309_/Q (sky130_fd_sc_hd__dfxtp_1)
                                         x6.B (net)
                  0.07    0.00    0.32 v _133_/A (sky130_fd_sc_hd__xnor2_2)
     5    0.01    0.08    0.17    0.49 v _133_/Y (sky130_fd_sc_hd__xnor2_2)
                                         _084_ (net)
                  0.08    0.00    0.49 v _136_/B (sky130_fd_sc_hd__or4_2)
     6    0.02    0.15    0.72    1.21 v _136_/X (sky130_fd_sc_hd__or4_2)
                                         _087_ (net)
                  0.15    0.00    1.21 v _137_/C (sky130_fd_sc_hd__or3_1)
     2    0.00    0.07    0.35    1.56 v _137_/X (sky130_fd_sc_hd__or3_1)
                                         _088_ (net)
                  0.07    0.00    1.56 v _147_/A (sky130_fd_sc_hd__and3_1)
     3    0.01    0.06    0.18    1.74 v _147_/X (sky130_fd_sc_hd__and3_1)
                                         _098_ (net)
                  0.06    0.00    1.74 v _161_/A (sky130_fd_sc_hd__or3_1)
     1    0.01    0.08    0.39    2.13 v _161_/X (sky130_fd_sc_hd__or3_1)
                                         _112_ (net)
                  0.08    0.00    2.13 v _177_/A (sky130_fd_sc_hd__xnor2_1)
     1    0.00    0.04    0.13    2.26 v _177_/Y (sky130_fd_sc_hd__xnor2_1)
                                         x83.Si (net)
                  0.04    0.00    2.26 v _287_/D (sky130_fd_sc_hd__dfxtp_1)
                                  2.26   data arrival time

                  0.00    4.93    4.93   clock core_clock (rise edge)
                          0.00    4.93   clock network delay (ideal)
                          0.00    4.93   clock reconvergence pessimism
                                  4.93 ^ _287_/CLK (sky130_fd_sc_hd__dfxtp_1)
                         -0.12    4.81   library setup time
                                  4.81   data required time
-----------------------------------------------------------------------------
                                  4.81   data required time
                                 -2.26   data arrival time
-----------------------------------------------------------------------------
                                  2.55   slack (MET)




===========================================================================
report_checks --slack_max -0.01
============================================================================
======================= Typical Corner ===================================

No paths found.


===========================================================================
 report_check_types -max_slew -max_cap -max_fanout -violators
============================================================================
======================= Typical Corner ===================================


max slew violations count Typical: 0
max fanout violations count Typical: 0
max cap violations count Typical: 0

===========================================================================
report_parasitic_annotation -report_unannotated
============================================================================
Found 1 unannotated drivers.
 CLK
Found 0 partially unannotated drivers.

===========================================================================
max slew violation count 0
max fanout violation count 0
max cap violation count 0
============================================================================

===========================================================================
check_setup -verbose -unconstrained_endpoints -multiple_clock -no_clock -no_input_delay -loops -generated_clocks
===========================================================================
Warning: There are 33 input ports missing set_input_delay.
  A[0]
  A[10]
  A[11]
  A[12]
  A[13]
  A[14]
  A[15]
  A[1]
  A[2]
  A[3]
  A[4]
  A[5]
  A[6]
  A[7]
  A[8]
  A[9]
  B[0]
  B[10]
  B[11]
  B[12]
  B[13]
  B[14]
  B[15]
  B[1]
  B[2]
  B[3]
  B[4]
  B[5]
  B[6]
  B[7]
  B[8]
  B[9]
  Cin
Warning: There are 50 unconstrained endpoints.
  Cout
  S[0]
  S[10]
  S[11]
  S[12]
  S[13]
  S[14]
  S[15]
  S[1]
  S[2]
  S[3]
  S[4]
  S[5]
  S[6]
  S[7]
  S[8]
  S[9]
  _290_/D
  _291_/D
  _292_/D
  _293_/D
  _294_/D
  _295_/D
  _296_/D
  _297_/D
  _298_/D
  _299_/D
  _300_/D
  _301_/D
  _302_/D
  _303_/D
  _304_/D
  _305_/D
  _306_/D
  _307_/D
  _308_/D
  _309_/D
  _310_/D
  _311_/D
  _312_/D
  _313_/D
  _314_/D
  _315_/D
  _316_/D
  _317_/D
  _318_/D
  _319_/D
  _320_/D
  _321_/D
  _322_/D
checks_report_end
power_report

===========================================================================
 report_power
============================================================================
======================= Typical Corner ===================================

Group                  Internal  Switching    Leakage      Total
                          Power      Power      Power      Power (Watts)
----------------------------------------------------------------
Sequential             4.50e-04   2.19e-05   4.22e-10   4.72e-04  80.4%
Combinational          6.55e-05   4.93e-05   4.28e-10   1.15e-04  19.6%
Clock                  0.00e+00   0.00e+00   1.68e-10   1.68e-10   0.0%
Macro                  0.00e+00   0.00e+00   0.00e+00   0.00e+00   0.0%
Pad                    0.00e+00   0.00e+00   0.00e+00   0.00e+00   0.0%
----------------------------------------------------------------
Total                  5.15e-04   7.12e-05   1.02e-09   5.86e-04 100.0%
                          87.9%      12.1%       0.0%

power_report_end
skew_report

===========================================================================
report_clock_skew
============================================================================
Clock core_clock
   0.00 source latency _290_/CLK ^
   0.00 target latency _273_/CLK ^
   0.00 CRPR
--------------
   0.00 setup skew

skew_report_end
summary_report

===========================================================================
report_tns
============================================================================
tns 0.00

===========================================================================
report_wns
============================================================================
wns 0.00

===========================================================================
report_worst_slack -max (Setup)
============================================================================
worst slack 2.55

===========================================================================
report_worst_slack -min (Hold)
============================================================================
worst slack 0.56
summary_report_end
area_report

===========================================================================
report_design_area
============================================================================
Design area 2395 u^2 47% utilization.
area_report_end
check_nonpropagated_clocks
core_clock
check_nonpropagated_clocks_end
[WARNING] Did not save OpenROAD database!
Writing SDF to '/openlane/designs/ksa/runs/auto_pnr/results/signoff/ksa.sdf'…
