OpenROAD b16bda7e82721d10566ff7e2b68f1ff0be9f9e38 
Features included (+) or not (-): +Charts +GPU +GUI +Python
This program is licensed under the BSD-3 license. See the LICENSE file for details.
Components of this program may be licensed under more restrictive licenses which must be honored.
define_corners Typical
read_liberty -corner Typical /volare/sky130A/libs.ref/sky130_fd_sc_hd/lib/sky130_fd_sc_hd__tt_025C_1v80.lib
Using 1e-12 for capacitance...
Using 1e+03 for resistance...
Using 1e-09 for time...
Using 1e+00 for voltage...
Using 1e-03 for current...
Using 1e-09 for power...
Using 1e-06 for distance...
[INFO]: Reading ODB at '/openlane/designs/ksa/runs/auto_pnr/tmp/placement/7-global.odb'…
Reading design constraints file at '/openlane/designs/ksa/src/ksa.sdc'…
[INFO]: Setting RC values...
min_report

===========================================================================
report_checks -path_delay min (Hold)
============================================================================
======================= Typical Corner ===================================

Startpoint: _322_ (rising edge-triggered flip-flop clocked by core_clock)
Endpoint: _273_ (rising edge-triggered flip-flop clocked by core_clock)
Path Group: core_clock
Path Type: min

Fanout     Cap    Slew   Delay    Time   Description
-----------------------------------------------------------------------------
                  0.00    0.00    0.00   clock core_clock (rise edge)
                          0.00    0.00   clock network delay (ideal)
                  0.00    0.00    0.00 ^ _322_/CLK (sky130_fd_sc_hd__dfxtp_2)
     3    0.01    0.08    0.33    0.33 ^ _322_/Q (sky130_fd_sc_hd__dfxtp_2)
                                         x66.G1 (net)
                  0.08    0.00    0.33 ^ _256_/B1 (sky130_fd_sc_hd__a21oi_2)
     1    0.00    0.03    0.04    0.37 v _256_/Y (sky130_fd_sc_hd__a21oi_2)
                                         _065_ (net)
                  0.03    0.00    0.37 v _257_/B (sky130_fd_sc_hd__nor2_2)
     1    0.00    0.06    0.07    0.44 ^ _257_/Y (sky130_fd_sc_hd__nor2_2)
                                         x97.Si (net)
                  0.06    0.00    0.44 ^ _273_/D (sky130_fd_sc_hd__dfxtp_2)
                                  0.44   data arrival time

                  0.00    0.00    0.00   clock core_clock (rise edge)
                          0.00    0.00   clock network delay (ideal)
                          0.00    0.00   clock reconvergence pessimism
                                  0.00 ^ _273_/CLK (sky130_fd_sc_hd__dfxtp_2)
                         -0.04   -0.04   library hold time
                                 -0.04   data required time
-----------------------------------------------------------------------------
                                 -0.04   data required time
                                 -0.44   data arrival time
-----------------------------------------------------------------------------
                                  0.48   slack (MET)


Startpoint: _306_ (rising edge-triggered flip-flop clocked by core_clock)
Endpoint: _274_ (rising edge-triggered flip-flop clocked by core_clock)
Path Group: core_clock
Path Type: min

Fanout     Cap    Slew   Delay    Time   Description
-----------------------------------------------------------------------------
                  0.00    0.00    0.00   clock core_clock (rise edge)
                          0.00    0.00   clock network delay (ideal)
                  0.00    0.00    0.00 ^ _306_/CLK (sky130_fd_sc_hd__dfxtp_2)
     3    0.01    0.06    0.31    0.31 ^ _306_/Q (sky130_fd_sc_hd__dfxtp_2)
                                         x7.B (net)
                  0.06    0.00    0.31 ^ _129_/A (sky130_fd_sc_hd__nand2_2)
     5    0.02    0.08    0.08    0.40 v _129_/Y (sky130_fd_sc_hd__nand2_2)
                                         _080_ (net)
                  0.08    0.00    0.40 v _232_/A (sky130_fd_sc_hd__nand2_2)
     2    0.01    0.07    0.09    0.49 ^ _232_/Y (sky130_fd_sc_hd__nand2_2)
                                         _050_ (net)
                  0.07    0.00    0.49 ^ _255_/B (sky130_fd_sc_hd__xnor2_2)
     1    0.00    0.03    0.05    0.55 v _255_/Y (sky130_fd_sc_hd__xnor2_2)
                                         x96.Si (net)
                  0.03    0.00    0.55 v _274_/D (sky130_fd_sc_hd__dfxtp_2)
                                  0.55   data arrival time

                  0.00    0.00    0.00   clock core_clock (rise edge)
                          0.00    0.00   clock network delay (ideal)
                          0.00    0.00   clock reconvergence pessimism
                                  0.00 ^ _274_/CLK (sky130_fd_sc_hd__dfxtp_2)
                         -0.05   -0.05   library hold time
                                 -0.05   data required time
-----------------------------------------------------------------------------
                                 -0.05   data required time
                                 -0.55   data arrival time
-----------------------------------------------------------------------------
                                  0.59   slack (MET)


Startpoint: _305_ (rising edge-triggered flip-flop clocked by core_clock)
Endpoint: _289_ (rising edge-triggered flip-flop clocked by core_clock)
Path Group: core_clock
Path Type: min

Fanout     Cap    Slew   Delay    Time   Description
-----------------------------------------------------------------------------
                  0.00    0.00    0.00   clock core_clock (rise edge)
                          0.00    0.00   clock network delay (ideal)
                  0.00    0.00    0.00 ^ _305_/CLK (sky130_fd_sc_hd__dfxtp_2)
     3    0.01    0.08    0.33    0.33 ^ _305_/Q (sky130_fd_sc_hd__dfxtp_2)
                                         x10.A (net)
                  0.08    0.00    0.33 ^ _263_/A2 (sky130_fd_sc_hd__o22a_2)
     1    0.01    0.04    0.15    0.48 ^ _263_/X (sky130_fd_sc_hd__o22a_2)
                                         _071_ (net)
                  0.04    0.00    0.48 ^ _264_/C1 (sky130_fd_sc_hd__a311o_2)
     1    0.00    0.03    0.09    0.57 ^ _264_/X (sky130_fd_sc_hd__a311o_2)
                                         x66.G (net)
                  0.03    0.00    0.57 ^ _289_/D (sky130_fd_sc_hd__dfxtp_2)
                                  0.57   data arrival time

                  0.00    0.00    0.00   clock core_clock (rise edge)
                          0.00    0.00   clock network delay (ideal)
                          0.00    0.00   clock reconvergence pessimism
                                  0.00 ^ _289_/CLK (sky130_fd_sc_hd__dfxtp_2)
                         -0.03   -0.03   library hold time
                                 -0.03   data required time
-----------------------------------------------------------------------------
                                 -0.03   data required time
                                 -0.57   data arrival time
-----------------------------------------------------------------------------
                                  0.61   slack (MET)


Startpoint: _292_ (rising edge-triggered flip-flop clocked by core_clock)
Endpoint: _275_ (rising edge-triggered flip-flop clocked by core_clock)
Path Group: core_clock
Path Type: min

Fanout     Cap    Slew   Delay    Time   Description
-----------------------------------------------------------------------------
                  0.00    0.00    0.00   clock core_clock (rise edge)
                          0.00    0.00   clock network delay (ideal)
                  0.00    0.00    0.00 ^ _292_/CLK (sky130_fd_sc_hd__dfxtp_2)
     4    0.02    0.11    0.35    0.35 ^ _292_/Q (sky130_fd_sc_hd__dfxtp_2)
                                         x5.A (net)
                  0.11    0.00    0.35 ^ _134_/B (sky130_fd_sc_hd__xnor2_2)
     5    0.02    0.10    0.17    0.52 ^ _134_/Y (sky130_fd_sc_hd__xnor2_2)
                                         _085_ (net)
                  0.10    0.00    0.52 ^ _254_/A (sky130_fd_sc_hd__xnor2_2)
     1    0.00    0.03    0.07    0.59 v _254_/Y (sky130_fd_sc_hd__xnor2_2)
                                         x95.Si (net)
                  0.03    0.00    0.59 v _275_/D (sky130_fd_sc_hd__dfxtp_2)
                                  0.59   data arrival time

                  0.00    0.00    0.00   clock core_clock (rise edge)
                          0.00    0.00   clock network delay (ideal)
                          0.00    0.00   clock reconvergence pessimism
                                  0.00 ^ _275_/CLK (sky130_fd_sc_hd__dfxtp_2)
                         -0.05   -0.05   library hold time
                                 -0.05   data required time
-----------------------------------------------------------------------------
                                 -0.05   data required time
                                 -0.59   data arrival time
-----------------------------------------------------------------------------
                                  0.64   slack (MET)


Startpoint: _298_ (rising edge-triggered flip-flop clocked by core_clock)
Endpoint: _281_ (rising edge-triggered flip-flop clocked by core_clock)
Path Group: core_clock
Path Type: min

Fanout     Cap    Slew   Delay    Time   Description
-----------------------------------------------------------------------------
                  0.00    0.00    0.00   clock core_clock (rise edge)
                          0.00    0.00   clock network delay (ideal)
                  0.00    0.00    0.00 ^ _298_/CLK (sky130_fd_sc_hd__dfxtp_2)
     4    0.02    0.11    0.35    0.35 ^ _298_/Q (sky130_fd_sc_hd__dfxtp_2)
                                         x15.A (net)
                  0.11    0.00    0.35 ^ _152_/B (sky130_fd_sc_hd__xnor2_2)
     4    0.02    0.10    0.16    0.52 ^ _152_/Y (sky130_fd_sc_hd__xnor2_2)
                                         _103_ (net)
                  0.10    0.00    0.52 ^ _237_/A (sky130_fd_sc_hd__xnor2_2)
     1    0.00    0.03    0.07    0.59 v _237_/Y (sky130_fd_sc_hd__xnor2_2)
                                         x89.Si (net)
                  0.03    0.00    0.59 v _281_/D (sky130_fd_sc_hd__dfxtp_2)
                                  0.59   data arrival time

                  0.00    0.00    0.00   clock core_clock (rise edge)
                          0.00    0.00   clock network delay (ideal)
                          0.00    0.00   clock reconvergence pessimism
                                  0.00 ^ _281_/CLK (sky130_fd_sc_hd__dfxtp_2)
                         -0.05   -0.05   library hold time
                                 -0.05   data required time
-----------------------------------------------------------------------------
                                 -0.05   data required time
                                 -0.59   data arrival time
-----------------------------------------------------------------------------
                                  0.64   slack (MET)


Startpoint: _297_ (rising edge-triggered flip-flop clocked by core_clock)
Endpoint: _280_ (rising edge-triggered flip-flop clocked by core_clock)
Path Group: core_clock
Path Type: min

Fanout     Cap    Slew   Delay    Time   Description
-----------------------------------------------------------------------------
                  0.00    0.00    0.00   clock core_clock (rise edge)
                          0.00    0.00   clock network delay (ideal)
                  0.00    0.00    0.00 ^ _297_/CLK (sky130_fd_sc_hd__dfxtp_2)
     4    0.02    0.11    0.35    0.35 ^ _297_/Q (sky130_fd_sc_hd__dfxtp_2)
                                         x2.A (net)
                  0.11    0.00    0.36 ^ _148_/B (sky130_fd_sc_hd__xnor2_2)
     4    0.02    0.10    0.16    0.52 ^ _148_/Y (sky130_fd_sc_hd__xnor2_2)
                                         _099_ (net)
                  0.10    0.00    0.52 ^ _239_/A (sky130_fd_sc_hd__xor2_2)
     1    0.00    0.03    0.08    0.59 v _239_/X (sky130_fd_sc_hd__xor2_2)
                                         x90.Si (net)
                  0.03    0.00    0.59 v _280_/D (sky130_fd_sc_hd__dfxtp_2)
                                  0.59   data arrival time

                  0.00    0.00    0.00   clock core_clock (rise edge)
                          0.00    0.00   clock network delay (ideal)
                          0.00    0.00   clock reconvergence pessimism
                                  0.00 ^ _280_/CLK (sky130_fd_sc_hd__dfxtp_2)
                         -0.05   -0.05   library hold time
                                 -0.05   data required time
-----------------------------------------------------------------------------
                                 -0.05   data required time
                                 -0.59   data arrival time
-----------------------------------------------------------------------------
                                  0.64   slack (MET)


Startpoint: _296_ (rising edge-triggered flip-flop clocked by core_clock)
Endpoint: _279_ (rising edge-triggered flip-flop clocked by core_clock)
Path Group: core_clock
Path Type: min

Fanout     Cap    Slew   Delay    Time   Description
-----------------------------------------------------------------------------
                  0.00    0.00    0.00   clock core_clock (rise edge)
                          0.00    0.00   clock network delay (ideal)
                  0.00    0.00    0.00 ^ _296_/CLK (sky130_fd_sc_hd__dfxtp_2)
     4    0.02    0.12    0.36    0.36 ^ _296_/Q (sky130_fd_sc_hd__dfxtp_2)
                                         x1.A (net)
                  0.12    0.00    0.36 ^ _149_/B (sky130_fd_sc_hd__xnor2_2)
     5    0.02    0.09    0.12    0.47 v _149_/Y (sky130_fd_sc_hd__xnor2_2)
                                         _100_ (net)
                  0.09    0.00    0.47 v _240_/B (sky130_fd_sc_hd__xor2_2)
     1    0.00    0.07    0.13    0.60 ^ _240_/X (sky130_fd_sc_hd__xor2_2)
                                         x91.Si (net)
                  0.07    0.00    0.60 ^ _279_/D (sky130_fd_sc_hd__dfxtp_2)
                                  0.60   data arrival time

                  0.00    0.00    0.00   clock core_clock (rise edge)
                          0.00    0.00   clock network delay (ideal)
                          0.00    0.00   clock reconvergence pessimism
                                  0.00 ^ _279_/CLK (sky130_fd_sc_hd__dfxtp_2)
                         -0.04   -0.04   library hold time
                                 -0.04   data required time
-----------------------------------------------------------------------------
                                 -0.04   data required time
                                 -0.60   data arrival time
-----------------------------------------------------------------------------
                                  0.65   slack (MET)


Startpoint: _292_ (rising edge-triggered flip-flop clocked by core_clock)
Endpoint: _277_ (rising edge-triggered flip-flop clocked by core_clock)
Path Group: core_clock
Path Type: min

Fanout     Cap    Slew   Delay    Time   Description
-----------------------------------------------------------------------------
                  0.00    0.00    0.00   clock core_clock (rise edge)
                          0.00    0.00   clock network delay (ideal)
                  0.00    0.00    0.00 ^ _292_/CLK (sky130_fd_sc_hd__dfxtp_2)
     4    0.02    0.06    0.32    0.32 v _292_/Q (sky130_fd_sc_hd__dfxtp_2)
                                         x5.A (net)
                  0.06    0.00    0.32 v _139_/C1 (sky130_fd_sc_hd__o211ai_2)
     2    0.00    0.06    0.06    0.39 ^ _139_/Y (sky130_fd_sc_hd__o211ai_2)
                                         _090_ (net)
                  0.06    0.00    0.39 ^ _244_/B (sky130_fd_sc_hd__and3_2)
     1    0.01    0.07    0.19    0.58 ^ _244_/X (sky130_fd_sc_hd__and3_2)
                                         _057_ (net)
                  0.07    0.00    0.58 ^ _248_/A (sky130_fd_sc_hd__xnor2_2)
     1    0.00    0.04    0.07    0.65 v _248_/Y (sky130_fd_sc_hd__xnor2_2)
                                         x93.Si (net)
                  0.04    0.00    0.65 v _277_/D (sky130_fd_sc_hd__dfxtp_2)
                                  0.65   data arrival time

                  0.00    0.00    0.00   clock core_clock (rise edge)
                          0.00    0.00   clock network delay (ideal)
                          0.00    0.00   clock reconvergence pessimism
                                  0.00 ^ _277_/CLK (sky130_fd_sc_hd__dfxtp_2)
                         -0.05   -0.05   library hold time
                                 -0.05   data required time
-----------------------------------------------------------------------------
                                 -0.05   data required time
                                 -0.65   data arrival time
-----------------------------------------------------------------------------
                                  0.70   slack (MET)


Startpoint: _301_ (rising edge-triggered flip-flop clocked by core_clock)
Endpoint: _285_ (rising edge-triggered flip-flop clocked by core_clock)
Path Group: core_clock
Path Type: min

Fanout     Cap    Slew   Delay    Time   Description
-----------------------------------------------------------------------------
                  0.00    0.00    0.00   clock core_clock (rise edge)
                          0.00    0.00   clock network delay (ideal)
                  0.00    0.00    0.00 ^ _301_/CLK (sky130_fd_sc_hd__dfxtp_2)
     4    0.02    0.11    0.35    0.35 ^ _301_/Q (sky130_fd_sc_hd__dfxtp_2)
                                         x14.A (net)
                  0.11    0.00    0.35 ^ _169_/A2 (sky130_fd_sc_hd__o21ai_2)
     2    0.01    0.05    0.08    0.43 v _169_/Y (sky130_fd_sc_hd__o21ai_2)
                                         _120_ (net)
                  0.05    0.00    0.43 v _210_/B1 (sky130_fd_sc_hd__o21ai_2)
     2    0.00    0.05    0.06    0.49 ^ _210_/Y (sky130_fd_sc_hd__o21ai_2)
                                         _031_ (net)
                  0.05    0.00    0.49 ^ _211_/B1 (sky130_fd_sc_hd__a21o_2)
     1    0.01    0.06    0.10    0.59 ^ _211_/X (sky130_fd_sc_hd__a21o_2)
                                         _032_ (net)
                  0.06    0.00    0.59 ^ _214_/A (sky130_fd_sc_hd__xnor2_2)
     1    0.00    0.03    0.06    0.65 v _214_/Y (sky130_fd_sc_hd__xnor2_2)
                                         x85.Si (net)
                  0.03    0.00    0.65 v _285_/D (sky130_fd_sc_hd__dfxtp_2)
                                  0.65   data arrival time

                  0.00    0.00    0.00   clock core_clock (rise edge)
                          0.00    0.00   clock network delay (ideal)
                          0.00    0.00   clock reconvergence pessimism
                                  0.00 ^ _285_/CLK (sky130_fd_sc_hd__dfxtp_2)
                         -0.05   -0.05   library hold time
                                 -0.05   data required time
-----------------------------------------------------------------------------
                                 -0.05   data required time
                                 -0.65   data arrival time
-----------------------------------------------------------------------------
                                  0.70   slack (MET)


Startpoint: _298_ (rising edge-triggered flip-flop clocked by core_clock)
Endpoint: _282_ (rising edge-triggered flip-flop clocked by core_clock)
Path Group: core_clock
Path Type: min

Fanout     Cap    Slew   Delay    Time   Description
-----------------------------------------------------------------------------
                  0.00    0.00    0.00   clock core_clock (rise edge)
                          0.00    0.00   clock network delay (ideal)
                  0.00    0.00    0.00 ^ _298_/CLK (sky130_fd_sc_hd__dfxtp_2)
     4    0.02    0.11    0.35    0.35 ^ _298_/Q (sky130_fd_sc_hd__dfxtp_2)
                                         x15.A (net)
                  0.11    0.00    0.35 ^ _184_/A2 (sky130_fd_sc_hd__o21ai_2)
     2    0.01    0.04    0.07    0.42 v _184_/Y (sky130_fd_sc_hd__o21ai_2)
                                         _006_ (net)
                  0.04    0.00    0.42 v _185_/B1 (sky130_fd_sc_hd__o21a_2)
     2    0.01    0.03    0.12    0.54 v _185_/X (sky130_fd_sc_hd__o21a_2)
                                         _007_ (net)
                  0.03    0.00    0.54 v _231_/B1 (sky130_fd_sc_hd__o21ai_2)
     1    0.01    0.07    0.07    0.61 ^ _231_/Y (sky130_fd_sc_hd__o21ai_2)
                                         _049_ (net)
                  0.07    0.00    0.61 ^ _235_/A (sky130_fd_sc_hd__xnor2_2)
     1    0.00    0.03    0.07    0.68 v _235_/Y (sky130_fd_sc_hd__xnor2_2)
                                         x88.Si (net)
                  0.03    0.00    0.68 v _282_/D (sky130_fd_sc_hd__dfxtp_2)
                                  0.68   data arrival time

                  0.00    0.00    0.00   clock core_clock (rise edge)
                          0.00    0.00   clock network delay (ideal)
                          0.00    0.00   clock reconvergence pessimism
                                  0.00 ^ _282_/CLK (sky130_fd_sc_hd__dfxtp_2)
                         -0.05   -0.05   library hold time
                                 -0.05   data required time
-----------------------------------------------------------------------------
                                 -0.05   data required time
                                 -0.68   data arrival time
-----------------------------------------------------------------------------
                                  0.73   slack (MET)


Startpoint: _295_ (rising edge-triggered flip-flop clocked by core_clock)
Endpoint: _283_ (rising edge-triggered flip-flop clocked by core_clock)
Path Group: core_clock
Path Type: min

Fanout     Cap    Slew   Delay    Time   Description
-----------------------------------------------------------------------------
                  0.00    0.00    0.00   clock core_clock (rise edge)
                          0.00    0.00   clock network delay (ideal)
                  0.00    0.00    0.00 ^ _295_/CLK (sky130_fd_sc_hd__dfxtp_2)
     4    0.02    0.06    0.33    0.33 v _295_/Q (sky130_fd_sc_hd__dfxtp_2)
                                         x4.A (net)
                  0.06    0.00    0.33 v _146_/A2 (sky130_fd_sc_hd__o21ai_2)
     3    0.01    0.08    0.17    0.50 ^ _146_/Y (sky130_fd_sc_hd__o21ai_2)
                                         _097_ (net)
                  0.08    0.00    0.50 ^ _225_/A2 (sky130_fd_sc_hd__a21oi_2)
     1    0.01    0.04    0.07    0.57 v _225_/Y (sky130_fd_sc_hd__a21oi_2)
                                         _044_ (net)
                  0.04    0.00    0.57 v _229_/A (sky130_fd_sc_hd__xnor2_2)
     1    0.00    0.03    0.13    0.70 ^ _229_/Y (sky130_fd_sc_hd__xnor2_2)
                                         x87.Si (net)
                  0.03    0.00    0.70 ^ _283_/D (sky130_fd_sc_hd__dfxtp_2)
                                  0.70   data arrival time

                  0.00    0.00    0.00   clock core_clock (rise edge)
                          0.00    0.00   clock network delay (ideal)
                          0.00    0.00   clock reconvergence pessimism
                                  0.00 ^ _283_/CLK (sky130_fd_sc_hd__dfxtp_2)
                         -0.03   -0.03   library hold time
                                 -0.03   data required time
-----------------------------------------------------------------------------
                                 -0.03   data required time
                                 -0.70   data arrival time
-----------------------------------------------------------------------------
                                  0.73   slack (MET)


Startpoint: _300_ (rising edge-triggered flip-flop clocked by core_clock)
Endpoint: _284_ (rising edge-triggered flip-flop clocked by core_clock)
Path Group: core_clock
Path Type: min

Fanout     Cap    Slew   Delay    Time   Description
-----------------------------------------------------------------------------
                  0.00    0.00    0.00   clock core_clock (rise edge)
                          0.00    0.00   clock network delay (ideal)
                  0.00    0.00    0.00 ^ _300_/CLK (sky130_fd_sc_hd__dfxtp_2)
     4    0.02    0.11    0.35    0.35 ^ _300_/Q (sky130_fd_sc_hd__dfxtp_2)
                                         x13.A (net)
                  0.11    0.00    0.35 ^ _202_/A2 (sky130_fd_sc_hd__o21ai_2)
     2    0.01    0.05    0.07    0.43 v _202_/Y (sky130_fd_sc_hd__o21ai_2)
                                         _024_ (net)
                  0.05    0.00    0.43 v _215_/B1 (sky130_fd_sc_hd__o21a_2)
     2    0.01    0.04    0.12    0.55 v _215_/X (sky130_fd_sc_hd__o21a_2)
                                         _035_ (net)
                  0.04    0.00    0.55 v _219_/A (sky130_fd_sc_hd__nand2_2)
     1    0.01    0.06    0.07    0.62 ^ _219_/Y (sky130_fd_sc_hd__nand2_2)
                                         _039_ (net)
                  0.06    0.00    0.62 ^ _224_/A (sky130_fd_sc_hd__xnor2_2)
     1    0.00    0.04    0.07    0.69 v _224_/Y (sky130_fd_sc_hd__xnor2_2)
                                         x86.Si (net)
                  0.04    0.00    0.69 v _284_/D (sky130_fd_sc_hd__dfxtp_2)
                                  0.69   data arrival time

                  0.00    0.00    0.00   clock core_clock (rise edge)
                          0.00    0.00   clock network delay (ideal)
                          0.00    0.00   clock reconvergence pessimism
                                  0.00 ^ _284_/CLK (sky130_fd_sc_hd__dfxtp_2)
                         -0.05   -0.05   library hold time
                                 -0.05   data required time
-----------------------------------------------------------------------------
                                 -0.05   data required time
                                 -0.69   data arrival time
-----------------------------------------------------------------------------
                                  0.74   slack (MET)


Startpoint: _293_ (rising edge-triggered flip-flop clocked by core_clock)
Endpoint: _276_ (rising edge-triggered flip-flop clocked by core_clock)
Path Group: core_clock
Path Type: min

Fanout     Cap    Slew   Delay    Time   Description
-----------------------------------------------------------------------------
                  0.00    0.00    0.00   clock core_clock (rise edge)
                          0.00    0.00   clock network delay (ideal)
                  0.00    0.00    0.00 ^ _293_/CLK (sky130_fd_sc_hd__dfxtp_2)
     3    0.02    0.10    0.35    0.35 ^ _293_/Q (sky130_fd_sc_hd__dfxtp_2)
                                         x6.A (net)
                  0.10    0.00    0.35 ^ _133_/B (sky130_fd_sc_hd__xnor2_2)
     5    0.02    0.11    0.17    0.51 ^ _133_/Y (sky130_fd_sc_hd__xnor2_2)
                                         _084_ (net)
                  0.11    0.00    0.51 ^ _250_/A (sky130_fd_sc_hd__xnor2_2)
     1    0.01    0.06    0.14    0.65 ^ _250_/Y (sky130_fd_sc_hd__xnor2_2)
                                         _062_ (net)
                  0.06    0.00    0.65 ^ _251_/B (sky130_fd_sc_hd__xnor2_2)
     1    0.00    0.04    0.06    0.71 v _251_/Y (sky130_fd_sc_hd__xnor2_2)
                                         x94.Si (net)
                  0.04    0.00    0.71 v _276_/D (sky130_fd_sc_hd__dfxtp_2)
                                  0.71   data arrival time

                  0.00    0.00    0.00   clock core_clock (rise edge)
                          0.00    0.00   clock network delay (ideal)
                          0.00    0.00   clock reconvergence pessimism
                                  0.00 ^ _276_/CLK (sky130_fd_sc_hd__dfxtp_2)
                         -0.05   -0.05   library hold time
                                 -0.05   data required time
-----------------------------------------------------------------------------
                                 -0.05   data required time
                                 -0.71   data arrival time
-----------------------------------------------------------------------------
                                  0.76   slack (MET)


Startpoint: _310_ (rising edge-triggered flip-flop clocked by core_clock)
Endpoint: _278_ (rising edge-triggered flip-flop clocked by core_clock)
Path Group: core_clock
Path Type: min

Fanout     Cap    Slew   Delay    Time   Description
-----------------------------------------------------------------------------
                  0.00    0.00    0.00   clock core_clock (rise edge)
                          0.00    0.00   clock network delay (ideal)
                  0.00    0.00    0.00 ^ _310_/CLK (sky130_fd_sc_hd__dfxtp_2)
     4    0.02    0.06    0.33    0.33 v _310_/Q (sky130_fd_sc_hd__dfxtp_2)
                                         x3.B (net)
                  0.06    0.00    0.33 v _191_/A (sky130_fd_sc_hd__nand2_2)
     2    0.01    0.04    0.06    0.39 ^ _191_/Y (sky130_fd_sc_hd__nand2_2)
                                         _013_ (net)
                  0.04    0.00    0.39 ^ _193_/A1 (sky130_fd_sc_hd__a21o_2)
     2    0.01    0.04    0.12    0.51 ^ _193_/X (sky130_fd_sc_hd__a21o_2)
                                         _015_ (net)
                  0.04    0.00    0.51 ^ _194_/B1 (sky130_fd_sc_hd__o21a_2)
     2    0.01    0.08    0.16    0.66 ^ _194_/X (sky130_fd_sc_hd__o21a_2)
                                         _016_ (net)
                  0.08    0.00    0.66 ^ _243_/A (sky130_fd_sc_hd__xnor2_2)
     1    0.00    0.04    0.07    0.74 v _243_/Y (sky130_fd_sc_hd__xnor2_2)
                                         x92.Si (net)
                  0.04    0.00    0.74 v _278_/D (sky130_fd_sc_hd__dfxtp_2)
                                  0.74   data arrival time

                  0.00    0.00    0.00   clock core_clock (rise edge)
                          0.00    0.00   clock network delay (ideal)
                          0.00    0.00   clock reconvergence pessimism
                                  0.00 ^ _278_/CLK (sky130_fd_sc_hd__dfxtp_2)
                         -0.05   -0.05   library hold time
                                 -0.05   data required time
-----------------------------------------------------------------------------
                                 -0.05   data required time
                                 -0.74   data arrival time
-----------------------------------------------------------------------------
                                  0.79   slack (MET)


Startpoint: _302_ (rising edge-triggered flip-flop clocked by core_clock)
Endpoint: _286_ (rising edge-triggered flip-flop clocked by core_clock)
Path Group: core_clock
Path Type: min

Fanout     Cap    Slew   Delay    Time   Description
-----------------------------------------------------------------------------
                  0.00    0.00    0.00   clock core_clock (rise edge)
                          0.00    0.00   clock network delay (ideal)
                  0.00    0.00    0.00 ^ _302_/CLK (sky130_fd_sc_hd__dfxtp_2)
     4    0.02    0.11    0.35    0.35 ^ _302_/Q (sky130_fd_sc_hd__dfxtp_2)
                                         x11.A (net)
                  0.11    0.00    0.35 ^ _199_/A2 (sky130_fd_sc_hd__o21ai_2)
     2    0.01    0.04    0.07    0.42 v _199_/Y (sky130_fd_sc_hd__o21ai_2)
                                         _021_ (net)
                  0.04    0.00    0.42 v _200_/B1 (sky130_fd_sc_hd__o31a_2)
     1    0.01    0.04    0.12    0.55 v _200_/X (sky130_fd_sc_hd__o31a_2)
                                         _022_ (net)
                  0.04    0.00    0.55 v _205_/A (sky130_fd_sc_hd__xnor2_2)
     1    0.01    0.06    0.18    0.73 ^ _205_/Y (sky130_fd_sc_hd__xnor2_2)
                                         _027_ (net)
                  0.06    0.00    0.73 ^ _206_/B (sky130_fd_sc_hd__xnor2_2)
     1    0.00    0.03    0.06    0.79 v _206_/Y (sky130_fd_sc_hd__xnor2_2)
                                         x84.Si (net)
                  0.03    0.00    0.79 v _286_/D (sky130_fd_sc_hd__dfxtp_2)
                                  0.79   data arrival time

                  0.00    0.00    0.00   clock core_clock (rise edge)
                          0.00    0.00   clock network delay (ideal)
                          0.00    0.00   clock reconvergence pessimism
                                  0.00 ^ _286_/CLK (sky130_fd_sc_hd__dfxtp_2)
                         -0.05   -0.05   library hold time
                                 -0.05   data required time
-----------------------------------------------------------------------------
                                 -0.05   data required time
                                 -0.79   data arrival time
-----------------------------------------------------------------------------
                                  0.84   slack (MET)


Startpoint: _304_ (rising edge-triggered flip-flop clocked by core_clock)
Endpoint: _288_ (rising edge-triggered flip-flop clocked by core_clock)
Path Group: core_clock
Path Type: min

Fanout     Cap    Slew   Delay    Time   Description
-----------------------------------------------------------------------------
                  0.00    0.00    0.00   clock core_clock (rise edge)
                          0.00    0.00   clock network delay (ideal)
                  0.00    0.00    0.00 ^ _304_/CLK (sky130_fd_sc_hd__dfxtp_2)
     4    0.02    0.11    0.35    0.35 ^ _304_/Q (sky130_fd_sc_hd__dfxtp_2)
                                         x9.A (net)
                  0.11    0.00    0.35 ^ _268_/A2 (sky130_fd_sc_hd__o21ai_2)
     1    0.01    0.05    0.08    0.43 v _268_/Y (sky130_fd_sc_hd__o21ai_2)
                                         _075_ (net)
                  0.05    0.00    0.43 v _269_/B (sky130_fd_sc_hd__xnor2_2)
     1    0.01    0.07    0.17    0.60 ^ _269_/Y (sky130_fd_sc_hd__xnor2_2)
                                         _076_ (net)
                  0.07    0.00    0.60 ^ _270_/B (sky130_fd_sc_hd__xnor2_2)
     1    0.01    0.06    0.12    0.72 ^ _270_/Y (sky130_fd_sc_hd__xnor2_2)
                                         _077_ (net)
                  0.06    0.00    0.72 ^ _272_/A (sky130_fd_sc_hd__xnor2_2)
     1    0.00    0.04    0.07    0.79 v _272_/Y (sky130_fd_sc_hd__xnor2_2)
                                         x82.Si (net)
                  0.04    0.00    0.79 v _288_/D (sky130_fd_sc_hd__dfxtp_2)
                                  0.79   data arrival time

                  0.00    0.00    0.00   clock core_clock (rise edge)
                          0.00    0.00   clock network delay (ideal)
                          0.00    0.00   clock reconvergence pessimism
                                  0.00 ^ _288_/CLK (sky130_fd_sc_hd__dfxtp_2)
                         -0.05   -0.05   library hold time
                                 -0.05   data required time
-----------------------------------------------------------------------------
                                 -0.05   data required time
                                 -0.79   data arrival time
-----------------------------------------------------------------------------
                                  0.85   slack (MET)


Startpoint: _301_ (rising edge-triggered flip-flop clocked by core_clock)
Endpoint: _287_ (rising edge-triggered flip-flop clocked by core_clock)
Path Group: core_clock
Path Type: min

Fanout     Cap    Slew   Delay    Time   Description
-----------------------------------------------------------------------------
                  0.00    0.00    0.00   clock core_clock (rise edge)
                          0.00    0.00   clock network delay (ideal)
                  0.00    0.00    0.00 ^ _301_/CLK (sky130_fd_sc_hd__dfxtp_2)
     4    0.02    0.06    0.32    0.32 v _301_/Q (sky130_fd_sc_hd__dfxtp_2)
                                         x14.A (net)
                  0.06    0.00    0.32 v _169_/A2 (sky130_fd_sc_hd__o21ai_2)
     2    0.01    0.07    0.16    0.48 ^ _169_/Y (sky130_fd_sc_hd__o21ai_2)
                                         _120_ (net)
                  0.07    0.00    0.48 ^ _175_/A3 (sky130_fd_sc_hd__o32a_2)
     1    0.01    0.06    0.16    0.64 ^ _175_/X (sky130_fd_sc_hd__o32a_2)
                                         _126_ (net)
                  0.06    0.00    0.64 ^ _176_/B (sky130_fd_sc_hd__xnor2_2)
     1    0.01    0.05    0.07    0.71 v _176_/Y (sky130_fd_sc_hd__xnor2_2)
                                         _127_ (net)
                  0.05    0.00    0.71 v _177_/B (sky130_fd_sc_hd__xnor2_2)
     1    0.00    0.03    0.10    0.82 ^ _177_/Y (sky130_fd_sc_hd__xnor2_2)
                                         x83.Si (net)
                  0.03    0.00    0.82 ^ _287_/D (sky130_fd_sc_hd__dfxtp_2)
                                  0.82   data arrival time

                  0.00    0.00    0.00   clock core_clock (rise edge)
                          0.00    0.00   clock network delay (ideal)
                          0.00    0.00   clock reconvergence pessimism
                                  0.00 ^ _287_/CLK (sky130_fd_sc_hd__dfxtp_2)
                         -0.03   -0.03   library hold time
                                 -0.03   data required time
-----------------------------------------------------------------------------
                                 -0.03   data required time
                                 -0.82   data arrival time
-----------------------------------------------------------------------------
                                  0.85   slack (MET)



worst slack corner Typical: 0.4786
min_report_end
max_report

===========================================================================
report_checks -path_delay max (Setup)
============================================================================
======================= Typical Corner ===================================

Startpoint: _309_ (rising edge-triggered flip-flop clocked by core_clock)
Endpoint: _287_ (rising edge-triggered flip-flop clocked by core_clock)
Path Group: core_clock
Path Type: max

Fanout     Cap    Slew   Delay    Time   Description
-----------------------------------------------------------------------------
                  0.00    0.00    0.00   clock core_clock (rise edge)
                          0.00    0.00   clock network delay (ideal)
                  0.00    0.00    0.00 ^ _309_/CLK (sky130_fd_sc_hd__dfxtp_2)
     3    0.02    0.05    0.32    0.32 v _309_/Q (sky130_fd_sc_hd__dfxtp_2)
                                         x6.B (net)
                  0.05    0.00    0.32 v _133_/A (sky130_fd_sc_hd__xnor2_2)
     5    0.02    0.10    0.18    0.50 v _133_/Y (sky130_fd_sc_hd__xnor2_2)
                                         _084_ (net)
                  0.10    0.00    0.50 v _136_/B (sky130_fd_sc_hd__or4_2)
     6    0.02    0.15    0.74    1.23 v _136_/X (sky130_fd_sc_hd__or4_2)
                                         _087_ (net)
                  0.15    0.00    1.23 v _137_/C (sky130_fd_sc_hd__or3_2)
     2    0.01    0.09    0.46    1.69 v _137_/X (sky130_fd_sc_hd__or3_2)
                                         _088_ (net)
                  0.09    0.00    1.69 v _147_/A (sky130_fd_sc_hd__and3_2)
     3    0.02    0.07    0.23    1.92 v _147_/X (sky130_fd_sc_hd__and3_2)
                                         _098_ (net)
                  0.07    0.00    1.92 v _161_/A (sky130_fd_sc_hd__or3_2)
     1    0.01    0.10    0.51    2.43 v _161_/X (sky130_fd_sc_hd__or3_2)
                                         _112_ (net)
                  0.10    0.00    2.43 v _177_/A (sky130_fd_sc_hd__xnor2_2)
     1    0.00    0.04    0.14    2.57 v _177_/Y (sky130_fd_sc_hd__xnor2_2)
                                         x83.Si (net)
                  0.04    0.00    2.57 v _287_/D (sky130_fd_sc_hd__dfxtp_2)
                                  2.57   data arrival time

                  0.00    4.93    4.93   clock core_clock (rise edge)
                          0.00    4.93   clock network delay (ideal)
                          0.00    4.93   clock reconvergence pessimism
                                  4.93 ^ _287_/CLK (sky130_fd_sc_hd__dfxtp_2)
                         -0.12    4.81   library setup time
                                  4.81   data required time
-----------------------------------------------------------------------------
                                  4.81   data required time
                                 -2.57   data arrival time
-----------------------------------------------------------------------------
                                  2.23   slack (MET)


Startpoint: _311_ (rising edge-triggered flip-flop clocked by core_clock)
Endpoint: _286_ (rising edge-triggered flip-flop clocked by core_clock)
Path Group: core_clock
Path Type: max

Fanout     Cap    Slew   Delay    Time   Description
-----------------------------------------------------------------------------
                  0.00    0.00    0.00   clock core_clock (rise edge)
                          0.00    0.00   clock network delay (ideal)
                  0.00    0.00    0.00 ^ _311_/CLK (sky130_fd_sc_hd__dfxtp_2)
     4    0.02    0.06    0.33    0.33 v _311_/Q (sky130_fd_sc_hd__dfxtp_2)
                                         x4.B (net)
                  0.06    0.00    0.33 v _128_/A (sky130_fd_sc_hd__xnor2_2)
     7    0.02    0.12    0.19    0.52 v _128_/Y (sky130_fd_sc_hd__xnor2_2)
                                         _079_ (net)
                  0.12    0.00    0.52 v _195_/A (sky130_fd_sc_hd__or4_2)
     3    0.01    0.12    0.71    1.23 v _195_/X (sky130_fd_sc_hd__or4_2)
                                         _017_ (net)
                  0.12    0.00    1.23 v _196_/C (sky130_fd_sc_hd__or3_2)
     2    0.00    0.08    0.44    1.67 v _196_/X (sky130_fd_sc_hd__or3_2)
                                         _018_ (net)
                  0.08    0.00    1.67 v _200_/A3 (sky130_fd_sc_hd__o31a_2)
     1    0.01    0.07    0.32    1.99 v _200_/X (sky130_fd_sc_hd__o31a_2)
                                         _022_ (net)
                  0.07    0.00    1.99 v _205_/A (sky130_fd_sc_hd__xnor2_2)
     1    0.01    0.06    0.15    2.14 v _205_/Y (sky130_fd_sc_hd__xnor2_2)
                                         _027_ (net)
                  0.06    0.00    2.14 v _206_/B (sky130_fd_sc_hd__xnor2_2)
     1    0.00    0.05    0.13    2.28 v _206_/Y (sky130_fd_sc_hd__xnor2_2)
                                         x84.Si (net)
                  0.05    0.00    2.28 v _286_/D (sky130_fd_sc_hd__dfxtp_2)
                                  2.28   data arrival time

                  0.00    4.93    4.93   clock core_clock (rise edge)
                          0.00    4.93   clock network delay (ideal)
                          0.00    4.93   clock reconvergence pessimism
                                  4.93 ^ _286_/CLK (sky130_fd_sc_hd__dfxtp_2)
                         -0.13    4.80   library setup time
                                  4.80   data required time
-----------------------------------------------------------------------------
                                  4.80   data required time
                                 -2.28   data arrival time
-----------------------------------------------------------------------------
                                  2.53   slack (MET)


Startpoint: _309_ (rising edge-triggered flip-flop clocked by core_clock)
Endpoint: _285_ (rising edge-triggered flip-flop clocked by core_clock)
Path Group: core_clock
Path Type: max

Fanout     Cap    Slew   Delay    Time   Description
-----------------------------------------------------------------------------
                  0.00    0.00    0.00   clock core_clock (rise edge)
                          0.00    0.00   clock network delay (ideal)
                  0.00    0.00    0.00 ^ _309_/CLK (sky130_fd_sc_hd__dfxtp_2)
     3    0.02    0.05    0.32    0.32 v _309_/Q (sky130_fd_sc_hd__dfxtp_2)
                                         x6.B (net)
                  0.05    0.00    0.32 v _133_/A (sky130_fd_sc_hd__xnor2_2)
     5    0.02    0.10    0.18    0.50 v _133_/Y (sky130_fd_sc_hd__xnor2_2)
                                         _084_ (net)
                  0.10    0.00    0.50 v _142_/A (sky130_fd_sc_hd__or4b_2)
     2    0.00    0.11    0.69    1.18 v _142_/X (sky130_fd_sc_hd__or4b_2)
                                         _093_ (net)
                  0.11    0.00    1.18 v _144_/A3 (sky130_fd_sc_hd__a31o_2)
     3    0.01    0.05    0.29    1.47 v _144_/X (sky130_fd_sc_hd__a31o_2)
                                         _095_ (net)
                  0.05    0.00    1.47 v _212_/A (sky130_fd_sc_hd__or3_2)
     1    0.01    0.10    0.50    1.97 v _212_/X (sky130_fd_sc_hd__or3_2)
                                         _033_ (net)
                  0.10    0.00    1.97 v _213_/B (sky130_fd_sc_hd__xnor2_2)
     1    0.01    0.09    0.16    2.13 v _213_/Y (sky130_fd_sc_hd__xnor2_2)
                                         _034_ (net)
                  0.09    0.00    2.14 v _214_/B (sky130_fd_sc_hd__xnor2_2)
     1    0.00    0.04    0.14    2.27 v _214_/Y (sky130_fd_sc_hd__xnor2_2)
                                         x85.Si (net)
                  0.04    0.00    2.27 v _285_/D (sky130_fd_sc_hd__dfxtp_2)
                                  2.27   data arrival time

                  0.00    4.93    4.93   clock core_clock (rise edge)
                          0.00    4.93   clock network delay (ideal)
                          0.00    4.93   clock reconvergence pessimism
                                  4.93 ^ _285_/CLK (sky130_fd_sc_hd__dfxtp_2)
                         -0.12    4.81   library setup time
                                  4.81   data required time
-----------------------------------------------------------------------------
                                  4.81   data required time
                                 -2.27   data arrival time
-----------------------------------------------------------------------------
                                  2.53   slack (MET)


Startpoint: _309_ (rising edge-triggered flip-flop clocked by core_clock)
Endpoint: _284_ (rising edge-triggered flip-flop clocked by core_clock)
Path Group: core_clock
Path Type: max

Fanout     Cap    Slew   Delay    Time   Description
-----------------------------------------------------------------------------
                  0.00    0.00    0.00   clock core_clock (rise edge)
                          0.00    0.00   clock network delay (ideal)
                  0.00    0.00    0.00 ^ _309_/CLK (sky130_fd_sc_hd__dfxtp_2)
     3    0.02    0.05    0.32    0.32 v _309_/Q (sky130_fd_sc_hd__dfxtp_2)
                                         x6.B (net)
                  0.05    0.00    0.32 v _133_/A (sky130_fd_sc_hd__xnor2_2)
     5    0.02    0.10    0.18    0.50 v _133_/Y (sky130_fd_sc_hd__xnor2_2)
                                         _084_ (net)
                  0.10    0.00    0.50 v _136_/B (sky130_fd_sc_hd__or4_2)
     6    0.02    0.15    0.74    1.23 v _136_/X (sky130_fd_sc_hd__or4_2)
                                         _087_ (net)
                  0.15    0.00    1.23 v _221_/A2 (sky130_fd_sc_hd__o31a_2)
     2    0.01    0.06    0.37    1.60 v _221_/X (sky130_fd_sc_hd__o31a_2)
                                         _041_ (net)
                  0.06    0.00    1.60 v _222_/A2 (sky130_fd_sc_hd__a211o_2)
     2    0.01    0.08    0.37    1.97 v _222_/X (sky130_fd_sc_hd__a211o_2)
                                         _042_ (net)
                  0.08    0.00    1.97 v _223_/B (sky130_fd_sc_hd__xnor2_2)
     1    0.01    0.08    0.15    2.12 v _223_/Y (sky130_fd_sc_hd__xnor2_2)
                                         _043_ (net)
                  0.08    0.00    2.12 v _224_/B (sky130_fd_sc_hd__xnor2_2)
     1    0.00    0.05    0.14    2.26 v _224_/Y (sky130_fd_sc_hd__xnor2_2)
                                         x86.Si (net)
                  0.05    0.00    2.26 v _284_/D (sky130_fd_sc_hd__dfxtp_2)
                                  2.26   data arrival time

                  0.00    4.93    4.93   clock core_clock (rise edge)
                          0.00    4.93   clock network delay (ideal)
                          0.00    4.93   clock reconvergence pessimism
                                  4.93 ^ _284_/CLK (sky130_fd_sc_hd__dfxtp_2)
                         -0.13    4.80   library setup time
                                  4.80   data required time
-----------------------------------------------------------------------------
                                  4.80   data required time
                                 -2.26   data arrival time
-----------------------------------------------------------------------------
                                  2.54   slack (MET)


Startpoint: _309_ (rising edge-triggered flip-flop clocked by core_clock)
Endpoint: _289_ (rising edge-triggered flip-flop clocked by core_clock)
Path Group: core_clock
Path Type: max

Fanout     Cap    Slew   Delay    Time   Description
-----------------------------------------------------------------------------
                  0.00    0.00    0.00   clock core_clock (rise edge)
                          0.00    0.00   clock network delay (ideal)
                  0.00    0.00    0.00 ^ _309_/CLK (sky130_fd_sc_hd__dfxtp_2)
     3    0.02    0.05    0.32    0.32 v _309_/Q (sky130_fd_sc_hd__dfxtp_2)
                                         x6.B (net)
                  0.05    0.00    0.32 v _133_/A (sky130_fd_sc_hd__xnor2_2)
     5    0.02    0.10    0.18    0.50 v _133_/Y (sky130_fd_sc_hd__xnor2_2)
                                         _084_ (net)
                  0.10    0.00    0.50 v _136_/B (sky130_fd_sc_hd__or4_2)
     6    0.02    0.15    0.74    1.23 v _136_/X (sky130_fd_sc_hd__or4_2)
                                         _087_ (net)
                  0.15    0.00    1.23 v _137_/C (sky130_fd_sc_hd__or3_2)
     2    0.01    0.09    0.46    1.69 v _137_/X (sky130_fd_sc_hd__or3_2)
                                         _088_ (net)
                  0.09    0.00    1.69 v _147_/A (sky130_fd_sc_hd__and3_2)
     3    0.02    0.07    0.23    1.92 v _147_/X (sky130_fd_sc_hd__and3_2)
                                         _098_ (net)
                  0.07    0.00    1.92 v _236_/A1 (sky130_fd_sc_hd__o21ai_2)
     2    0.01    0.18    0.20    2.12 ^ _236_/Y (sky130_fd_sc_hd__o21ai_2)
                                         _053_ (net)
                  0.18    0.00    2.12 ^ _264_/A2 (sky130_fd_sc_hd__a311o_2)
     1    0.00    0.04    0.19    2.31 ^ _264_/X (sky130_fd_sc_hd__a311o_2)
                                         x66.G (net)
                  0.04    0.00    2.32 ^ _289_/D (sky130_fd_sc_hd__dfxtp_2)
                                  2.32   data arrival time

                  0.00    4.93    4.93   clock core_clock (rise edge)
                          0.00    4.93   clock network delay (ideal)
                          0.00    4.93   clock reconvergence pessimism
                                  4.93 ^ _289_/CLK (sky130_fd_sc_hd__dfxtp_2)
                         -0.06    4.87   library setup time
                                  4.87   data required time
-----------------------------------------------------------------------------
                                  4.87   data required time
                                 -2.32   data arrival time
-----------------------------------------------------------------------------
                                  2.55   slack (MET)


Startpoint: _309_ (rising edge-triggered flip-flop clocked by core_clock)
Endpoint: _288_ (rising edge-triggered flip-flop clocked by core_clock)
Path Group: core_clock
Path Type: max

Fanout     Cap    Slew   Delay    Time   Description
-----------------------------------------------------------------------------
                  0.00    0.00    0.00   clock core_clock (rise edge)
                          0.00    0.00   clock network delay (ideal)
                  0.00    0.00    0.00 ^ _309_/CLK (sky130_fd_sc_hd__dfxtp_2)
     3    0.02    0.05    0.32    0.32 v _309_/Q (sky130_fd_sc_hd__dfxtp_2)
                                         x6.B (net)
                  0.05    0.00    0.32 v _133_/A (sky130_fd_sc_hd__xnor2_2)
     5    0.02    0.10    0.18    0.50 v _133_/Y (sky130_fd_sc_hd__xnor2_2)
                                         _084_ (net)
                  0.10    0.00    0.50 v _136_/B (sky130_fd_sc_hd__or4_2)
     6    0.02    0.15    0.74    1.23 v _136_/X (sky130_fd_sc_hd__or4_2)
                                         _087_ (net)
                  0.15    0.00    1.23 v _221_/A2 (sky130_fd_sc_hd__o31a_2)
     2    0.01    0.06    0.37    1.60 v _221_/X (sky130_fd_sc_hd__o31a_2)
                                         _041_ (net)
                  0.06    0.00    1.60 v _222_/A2 (sky130_fd_sc_hd__a211o_2)
     2    0.01    0.08    0.37    1.97 v _222_/X (sky130_fd_sc_hd__a211o_2)
                                         _042_ (net)
                  0.08    0.00    1.97 v _271_/A2 (sky130_fd_sc_hd__a21oi_2)
     1    0.01    0.14    0.18    2.15 ^ _271_/Y (sky130_fd_sc_hd__a21oi_2)
                                         _078_ (net)
                  0.14    0.00    2.15 ^ _272_/B (sky130_fd_sc_hd__xnor2_2)
     1    0.00    0.12    0.13    2.28 ^ _272_/Y (sky130_fd_sc_hd__xnor2_2)
                                         x82.Si (net)
                  0.12    0.00    2.28 ^ _288_/D (sky130_fd_sc_hd__dfxtp_2)
                                  2.28   data arrival time

                  0.00    4.93    4.93   clock core_clock (rise edge)
                          0.00    4.93   clock network delay (ideal)
                          0.00    4.93   clock reconvergence pessimism
                                  4.93 ^ _288_/CLK (sky130_fd_sc_hd__dfxtp_2)
                         -0.08    4.85   library setup time
                                  4.85   data required time
-----------------------------------------------------------------------------
                                  4.85   data required time
                                 -2.28   data arrival time
-----------------------------------------------------------------------------
                                  2.56   slack (MET)


Startpoint: _309_ (rising edge-triggered flip-flop clocked by core_clock)
Endpoint: _281_ (rising edge-triggered flip-flop clocked by core_clock)
Path Group: core_clock
Path Type: max

Fanout     Cap    Slew   Delay    Time   Description
-----------------------------------------------------------------------------
                  0.00    0.00    0.00   clock core_clock (rise edge)
                          0.00    0.00   clock network delay (ideal)
                  0.00    0.00    0.00 ^ _309_/CLK (sky130_fd_sc_hd__dfxtp_2)
     3    0.02    0.05    0.32    0.32 v _309_/Q (sky130_fd_sc_hd__dfxtp_2)
                                         x6.B (net)
                  0.05    0.00    0.32 v _133_/A (sky130_fd_sc_hd__xnor2_2)
     5    0.02    0.10    0.18    0.50 v _133_/Y (sky130_fd_sc_hd__xnor2_2)
                                         _084_ (net)
                  0.10    0.00    0.50 v _136_/B (sky130_fd_sc_hd__or4_2)
     6    0.02    0.15    0.74    1.23 v _136_/X (sky130_fd_sc_hd__or4_2)
                                         _087_ (net)
                  0.15    0.00    1.23 v _137_/C (sky130_fd_sc_hd__or3_2)
     2    0.01    0.09    0.46    1.69 v _137_/X (sky130_fd_sc_hd__or3_2)
                                         _088_ (net)
                  0.09    0.00    1.69 v _147_/A (sky130_fd_sc_hd__and3_2)
     3    0.02    0.07    0.23    1.92 v _147_/X (sky130_fd_sc_hd__and3_2)
                                         _098_ (net)
                  0.07    0.00    1.92 v _236_/A1 (sky130_fd_sc_hd__o21ai_2)
     2    0.01    0.18    0.20    2.12 ^ _236_/Y (sky130_fd_sc_hd__o21ai_2)
                                         _053_ (net)
                  0.18    0.00    2.12 ^ _237_/B (sky130_fd_sc_hd__xnor2_2)
     1    0.00    0.10    0.13    2.25 ^ _237_/Y (sky130_fd_sc_hd__xnor2_2)
                                         x89.Si (net)
                  0.10    0.00    2.25 ^ _281_/D (sky130_fd_sc_hd__dfxtp_2)
                                  2.25   data arrival time

                  0.00    4.93    4.93   clock core_clock (rise edge)
                          0.00    4.93   clock network delay (ideal)
                          0.00    4.93   clock reconvergence pessimism
                                  4.93 ^ _281_/CLK (sky130_fd_sc_hd__dfxtp_2)
                         -0.08    4.85   library setup time
                                  4.85   data required time
-----------------------------------------------------------------------------
                                  4.85   data required time
                                 -2.25   data arrival time
-----------------------------------------------------------------------------
                                  2.60   slack (MET)


Startpoint: _309_ (rising edge-triggered flip-flop clocked by core_clock)
Endpoint: _279_ (rising edge-triggered flip-flop clocked by core_clock)
Path Group: core_clock
Path Type: max

Fanout     Cap    Slew   Delay    Time   Description
-----------------------------------------------------------------------------
                  0.00    0.00    0.00   clock core_clock (rise edge)
                          0.00    0.00   clock network delay (ideal)
                  0.00    0.00    0.00 ^ _309_/CLK (sky130_fd_sc_hd__dfxtp_2)
     3    0.02    0.05    0.32    0.32 v _309_/Q (sky130_fd_sc_hd__dfxtp_2)
                                         x6.B (net)
                  0.05    0.00    0.32 v _133_/A (sky130_fd_sc_hd__xnor2_2)
     5    0.02    0.10    0.18    0.50 v _133_/Y (sky130_fd_sc_hd__xnor2_2)
                                         _084_ (net)
                  0.10    0.00    0.50 v _136_/B (sky130_fd_sc_hd__or4_2)
     6    0.02    0.15    0.74    1.23 v _136_/X (sky130_fd_sc_hd__or4_2)
                                         _087_ (net)
                  0.15    0.00    1.23 v _137_/C (sky130_fd_sc_hd__or3_2)
     2    0.01    0.09    0.46    1.69 v _137_/X (sky130_fd_sc_hd__or3_2)
                                         _088_ (net)
                  0.09    0.00    1.69 v _147_/A (sky130_fd_sc_hd__and3_2)
     3    0.02    0.07    0.23    1.92 v _147_/X (sky130_fd_sc_hd__and3_2)
                                         _098_ (net)
                  0.07    0.00    1.92 v _240_/A (sky130_fd_sc_hd__xor2_2)
     1    0.00    0.07    0.17    2.09 v _240_/X (sky130_fd_sc_hd__xor2_2)
                                         x91.Si (net)
                  0.07    0.00    2.09 v _279_/D (sky130_fd_sc_hd__dfxtp_2)
                                  2.09   data arrival time

                  0.00    4.93    4.93   clock core_clock (rise edge)
                          0.00    4.93   clock network delay (ideal)
                          0.00    4.93   clock reconvergence pessimism
                                  4.93 ^ _279_/CLK (sky130_fd_sc_hd__dfxtp_2)
                         -0.14    4.79   library setup time
                                  4.79   data required time
-----------------------------------------------------------------------------
                                  4.79   data required time
                                 -2.09   data arrival time
-----------------------------------------------------------------------------
                                  2.70   slack (MET)


Startpoint: _309_ (rising edge-triggered flip-flop clocked by core_clock)
Endpoint: _283_ (rising edge-triggered flip-flop clocked by core_clock)
Path Group: core_clock
Path Type: max

Fanout     Cap    Slew   Delay    Time   Description
-----------------------------------------------------------------------------
                  0.00    0.00    0.00   clock core_clock (rise edge)
                          0.00    0.00   clock network delay (ideal)
                  0.00    0.00    0.00 ^ _309_/CLK (sky130_fd_sc_hd__dfxtp_2)
     3    0.02    0.05    0.32    0.32 v _309_/Q (sky130_fd_sc_hd__dfxtp_2)
                                         x6.B (net)
                  0.05    0.00    0.32 v _133_/A (sky130_fd_sc_hd__xnor2_2)
     5    0.02    0.10    0.18    0.50 v _133_/Y (sky130_fd_sc_hd__xnor2_2)
                                         _084_ (net)
                  0.10    0.00    0.50 v _136_/B (sky130_fd_sc_hd__or4_2)
     6    0.02    0.15    0.74    1.23 v _136_/X (sky130_fd_sc_hd__or4_2)
                                         _087_ (net)
                  0.15    0.00    1.23 v _137_/C (sky130_fd_sc_hd__or3_2)
     2    0.01    0.09    0.46    1.69 v _137_/X (sky130_fd_sc_hd__or3_2)
                                         _088_ (net)
                  0.09    0.00    1.69 v _226_/A (sky130_fd_sc_hd__nor2_2)
     1    0.01    0.13    0.16    1.86 ^ _226_/Y (sky130_fd_sc_hd__nor2_2)
                                         _045_ (net)
                  0.13    0.00    1.86 ^ _228_/A (sky130_fd_sc_hd__xnor2_2)
     1    0.01    0.06    0.10    1.95 v _228_/Y (sky130_fd_sc_hd__xnor2_2)
                                         _047_ (net)
                  0.06    0.00    1.95 v _229_/B (sky130_fd_sc_hd__xnor2_2)
     1    0.00    0.04    0.13    2.08 v _229_/Y (sky130_fd_sc_hd__xnor2_2)
                                         x87.Si (net)
                  0.04    0.00    2.08 v _283_/D (sky130_fd_sc_hd__dfxtp_2)
                                  2.08   data arrival time

                  0.00    4.93    4.93   clock core_clock (rise edge)
                          0.00    4.93   clock network delay (ideal)
                          0.00    4.93   clock reconvergence pessimism
                                  4.93 ^ _283_/CLK (sky130_fd_sc_hd__dfxtp_2)
                         -0.12    4.81   library setup time
                                  4.81   data required time
-----------------------------------------------------------------------------
                                  4.81   data required time
                                 -2.08   data arrival time
-----------------------------------------------------------------------------
                                  2.73   slack (MET)


Startpoint: _309_ (rising edge-triggered flip-flop clocked by core_clock)
Endpoint: _282_ (rising edge-triggered flip-flop clocked by core_clock)
Path Group: core_clock
Path Type: max

Fanout     Cap    Slew   Delay    Time   Description
-----------------------------------------------------------------------------
                  0.00    0.00    0.00   clock core_clock (rise edge)
                          0.00    0.00   clock network delay (ideal)
                  0.00    0.00    0.00 ^ _309_/CLK (sky130_fd_sc_hd__dfxtp_2)
     3    0.02    0.05    0.32    0.32 v _309_/Q (sky130_fd_sc_hd__dfxtp_2)
                                         x6.B (net)
                  0.05    0.00    0.32 v _133_/A (sky130_fd_sc_hd__xnor2_2)
     5    0.02    0.10    0.18    0.50 v _133_/Y (sky130_fd_sc_hd__xnor2_2)
                                         _084_ (net)
                  0.10    0.00    0.50 v _136_/B (sky130_fd_sc_hd__or4_2)
     6    0.02    0.15    0.74    1.23 v _136_/X (sky130_fd_sc_hd__or4_2)
                                         _087_ (net)
                  0.15    0.00    1.23 v _233_/A (sky130_fd_sc_hd__or3b_2)
     1    0.01    0.10    0.53    1.76 v _233_/X (sky130_fd_sc_hd__or3b_2)
                                         _051_ (net)
                  0.10    0.00    1.76 v _234_/B (sky130_fd_sc_hd__xnor2_2)
     1    0.01    0.08    0.16    1.92 v _234_/Y (sky130_fd_sc_hd__xnor2_2)
                                         _052_ (net)
                  0.08    0.00    1.92 v _235_/B (sky130_fd_sc_hd__xnor2_2)
     1    0.00    0.05    0.14    2.06 v _235_/Y (sky130_fd_sc_hd__xnor2_2)
                                         x88.Si (net)
                  0.05    0.00    2.06 v _282_/D (sky130_fd_sc_hd__dfxtp_2)
                                  2.06   data arrival time

                  0.00    4.93    4.93   clock core_clock (rise edge)
                          0.00    4.93   clock network delay (ideal)
                          0.00    4.93   clock reconvergence pessimism
                                  4.93 ^ _282_/CLK (sky130_fd_sc_hd__dfxtp_2)
                         -0.13    4.80   library setup time
                                  4.80   data required time
-----------------------------------------------------------------------------
                                  4.80   data required time
                                 -2.06   data arrival time
-----------------------------------------------------------------------------
                                  2.75   slack (MET)


Startpoint: _309_ (rising edge-triggered flip-flop clocked by core_clock)
Endpoint: _280_ (rising edge-triggered flip-flop clocked by core_clock)
Path Group: core_clock
Path Type: max

Fanout     Cap    Slew   Delay    Time   Description
-----------------------------------------------------------------------------
                  0.00    0.00    0.00   clock core_clock (rise edge)
                          0.00    0.00   clock network delay (ideal)
                  0.00    0.00    0.00 ^ _309_/CLK (sky130_fd_sc_hd__dfxtp_2)
     3    0.02    0.05    0.32    0.32 v _309_/Q (sky130_fd_sc_hd__dfxtp_2)
                                         x6.B (net)
                  0.05    0.00    0.32 v _133_/A (sky130_fd_sc_hd__xnor2_2)
     5    0.02    0.10    0.18    0.50 v _133_/Y (sky130_fd_sc_hd__xnor2_2)
                                         _084_ (net)
                  0.10    0.00    0.50 v _136_/B (sky130_fd_sc_hd__or4_2)
     6    0.02    0.15    0.74    1.23 v _136_/X (sky130_fd_sc_hd__or4_2)
                                         _087_ (net)
                  0.15    0.00    1.23 v _221_/A2 (sky130_fd_sc_hd__o31a_2)
     2    0.01    0.06    0.37    1.60 v _221_/X (sky130_fd_sc_hd__o31a_2)
                                         _041_ (net)
                  0.06    0.00    1.60 v _238_/C (sky130_fd_sc_hd__and3_2)
     1    0.01    0.05    0.23    1.83 v _238_/X (sky130_fd_sc_hd__and3_2)
                                         _054_ (net)
                  0.05    0.00    1.83 v _239_/B (sky130_fd_sc_hd__xor2_2)
     1    0.00    0.06    0.14    1.97 v _239_/X (sky130_fd_sc_hd__xor2_2)
                                         x90.Si (net)
                  0.06    0.00    1.97 v _280_/D (sky130_fd_sc_hd__dfxtp_2)
                                  1.97   data arrival time

                  0.00    4.93    4.93   clock core_clock (rise edge)
                          0.00    4.93   clock network delay (ideal)
                          0.00    4.93   clock reconvergence pessimism
                                  4.93 ^ _280_/CLK (sky130_fd_sc_hd__dfxtp_2)
                         -0.13    4.80   library setup time
                                  4.80   data required time
-----------------------------------------------------------------------------
                                  4.80   data required time
                                 -1.97   data arrival time
-----------------------------------------------------------------------------
                                  2.83   slack (MET)


Startpoint: _309_ (rising edge-triggered flip-flop clocked by core_clock)
Endpoint: _278_ (rising edge-triggered flip-flop clocked by core_clock)
Path Group: core_clock
Path Type: max

Fanout     Cap    Slew   Delay    Time   Description
-----------------------------------------------------------------------------
                  0.00    0.00    0.00   clock core_clock (rise edge)
                          0.00    0.00   clock network delay (ideal)
                  0.00    0.00    0.00 ^ _309_/CLK (sky130_fd_sc_hd__dfxtp_2)
     3    0.02    0.05    0.32    0.32 v _309_/Q (sky130_fd_sc_hd__dfxtp_2)
                                         x6.B (net)
                  0.05    0.00    0.32 v _133_/A (sky130_fd_sc_hd__xnor2_2)
     5    0.02    0.10    0.18    0.50 v _133_/Y (sky130_fd_sc_hd__xnor2_2)
                                         _084_ (net)
                  0.10    0.00    0.50 v _136_/B (sky130_fd_sc_hd__or4_2)
     6    0.02    0.15    0.74    1.23 v _136_/X (sky130_fd_sc_hd__or4_2)
                                         _087_ (net)
                  0.15    0.00    1.23 v _241_/B (sky130_fd_sc_hd__nor2_2)
     2    0.01    0.18    0.20    1.43 ^ _241_/Y (sky130_fd_sc_hd__nor2_2)
                                         _055_ (net)
                  0.18    0.00    1.43 ^ _242_/B (sky130_fd_sc_hd__xnor2_2)
     1    0.01    0.09    0.10    1.53 v _242_/Y (sky130_fd_sc_hd__xnor2_2)
                                         _056_ (net)
                  0.09    0.00    1.53 v _243_/B (sky130_fd_sc_hd__xnor2_2)
     1    0.00    0.05    0.15    1.67 v _243_/Y (sky130_fd_sc_hd__xnor2_2)
                                         x92.Si (net)
                  0.05    0.00    1.67 v _278_/D (sky130_fd_sc_hd__dfxtp_2)
                                  1.67   data arrival time

                  0.00    4.93    4.93   clock core_clock (rise edge)
                          0.00    4.93   clock network delay (ideal)
                          0.00    4.93   clock reconvergence pessimism
                                  4.93 ^ _278_/CLK (sky130_fd_sc_hd__dfxtp_2)
                         -0.13    4.80   library setup time
                                  4.80   data required time
-----------------------------------------------------------------------------
                                  4.80   data required time
                                 -1.67   data arrival time
-----------------------------------------------------------------------------
                                  3.13   slack (MET)


Startpoint: _309_ (rising edge-triggered flip-flop clocked by core_clock)
Endpoint: _277_ (rising edge-triggered flip-flop clocked by core_clock)
Path Group: core_clock
Path Type: max

Fanout     Cap    Slew   Delay    Time   Description
-----------------------------------------------------------------------------
                  0.00    0.00    0.00   clock core_clock (rise edge)
                          0.00    0.00   clock network delay (ideal)
                  0.00    0.00    0.00 ^ _309_/CLK (sky130_fd_sc_hd__dfxtp_2)
     3    0.02    0.05    0.32    0.32 v _309_/Q (sky130_fd_sc_hd__dfxtp_2)
                                         x6.B (net)
                  0.05    0.00    0.32 v _133_/A (sky130_fd_sc_hd__xnor2_2)
     5    0.02    0.10    0.18    0.50 v _133_/Y (sky130_fd_sc_hd__xnor2_2)
                                         _084_ (net)
                  0.10    0.00    0.50 v _136_/B (sky130_fd_sc_hd__or4_2)
     6    0.02    0.15    0.74    1.23 v _136_/X (sky130_fd_sc_hd__or4_2)
                                         _087_ (net)
                  0.15    0.00    1.23 v _241_/B (sky130_fd_sc_hd__nor2_2)
     2    0.01    0.18    0.20    1.43 ^ _241_/Y (sky130_fd_sc_hd__nor2_2)
                                         _055_ (net)
                  0.18    0.00    1.43 ^ _247_/A (sky130_fd_sc_hd__nor2_2)
     1    0.01    0.05    0.08    1.51 v _247_/Y (sky130_fd_sc_hd__nor2_2)
                                         _060_ (net)
                  0.05    0.00    1.51 v _248_/B (sky130_fd_sc_hd__xnor2_2)
     1    0.00    0.05    0.13    1.63 v _248_/Y (sky130_fd_sc_hd__xnor2_2)
                                         x93.Si (net)
                  0.05    0.00    1.63 v _277_/D (sky130_fd_sc_hd__dfxtp_2)
                                  1.63   data arrival time

                  0.00    4.93    4.93   clock core_clock (rise edge)
                          0.00    4.93   clock network delay (ideal)
                          0.00    4.93   clock reconvergence pessimism
                                  4.93 ^ _277_/CLK (sky130_fd_sc_hd__dfxtp_2)
                         -0.12    4.81   library setup time
                                  4.81   data required time
-----------------------------------------------------------------------------
                                  4.81   data required time
                                 -1.63   data arrival time
-----------------------------------------------------------------------------
                                  3.17   slack (MET)


Startpoint: _308_ (rising edge-triggered flip-flop clocked by core_clock)
Endpoint: _276_ (rising edge-triggered flip-flop clocked by core_clock)
Path Group: core_clock
Path Type: max

Fanout     Cap    Slew   Delay    Time   Description
-----------------------------------------------------------------------------
                  0.00    0.00    0.00   clock core_clock (rise edge)
                          0.00    0.00   clock network delay (ideal)
                  0.00    0.00    0.00 ^ _308_/CLK (sky130_fd_sc_hd__dfxtp_2)
     4    0.02    0.06    0.33    0.33 v _308_/Q (sky130_fd_sc_hd__dfxtp_2)
                                         x5.B (net)
                  0.06    0.00    0.33 v _134_/A (sky130_fd_sc_hd__xnor2_2)
     5    0.02    0.09    0.18    0.50 v _134_/Y (sky130_fd_sc_hd__xnor2_2)
                                         _085_ (net)
                  0.09    0.00    0.50 v _189_/B (sky130_fd_sc_hd__or3_2)
     2    0.00    0.08    0.47    0.97 v _189_/X (sky130_fd_sc_hd__or3_2)
                                         _011_ (net)
                  0.08    0.00    0.97 v _190_/B (sky130_fd_sc_hd__and2_2)
     2    0.01    0.06    0.23    1.20 v _190_/X (sky130_fd_sc_hd__and2_2)
                                         _012_ (net)
                  0.06    0.00    1.20 v _251_/A (sky130_fd_sc_hd__xnor2_2)
     1    0.00    0.05    0.14    1.34 v _251_/Y (sky130_fd_sc_hd__xnor2_2)
                                         x94.Si (net)
                  0.05    0.00    1.34 v _276_/D (sky130_fd_sc_hd__dfxtp_2)
                                  1.34   data arrival time

                  0.00    4.93    4.93   clock core_clock (rise edge)
                          0.00    4.93   clock network delay (ideal)
                          0.00    4.93   clock reconvergence pessimism
                                  4.93 ^ _276_/CLK (sky130_fd_sc_hd__dfxtp_2)
                         -0.13    4.80   library setup time
                                  4.80   data required time
-----------------------------------------------------------------------------
                                  4.80   data required time
                                 -1.34   data arrival time
-----------------------------------------------------------------------------
                                  3.47   slack (MET)


Startpoint: _306_ (rising edge-triggered flip-flop clocked by core_clock)
Endpoint: _275_ (rising edge-triggered flip-flop clocked by core_clock)
Path Group: core_clock
Path Type: max

Fanout     Cap    Slew   Delay    Time   Description
-----------------------------------------------------------------------------
                  0.00    0.00    0.00   clock core_clock (rise edge)
                          0.00    0.00   clock network delay (ideal)
                  0.00    0.00    0.00 ^ _306_/CLK (sky130_fd_sc_hd__dfxtp_2)
     3    0.01    0.04    0.30    0.30 v _306_/Q (sky130_fd_sc_hd__dfxtp_2)
                                         x7.B (net)
                  0.04    0.00    0.30 v _130_/A (sky130_fd_sc_hd__or2_2)
     3    0.01    0.08    0.32    0.63 v _130_/X (sky130_fd_sc_hd__or2_2)
                                         _081_ (net)
                  0.08    0.00    0.63 v _252_/C (sky130_fd_sc_hd__and3_2)
     2    0.01    0.05    0.23    0.86 v _252_/X (sky130_fd_sc_hd__and3_2)
                                         _063_ (net)
                  0.05    0.00    0.86 v _253_/A1 (sky130_fd_sc_hd__o21ba_2)
     1    0.01    0.05    0.22    1.08 v _253_/X (sky130_fd_sc_hd__o21ba_2)
                                         _064_ (net)
                  0.05    0.00    1.08 v _254_/B (sky130_fd_sc_hd__xnor2_2)
     1    0.00    0.06    0.12    1.20 v _254_/Y (sky130_fd_sc_hd__xnor2_2)
                                         x95.Si (net)
                  0.06    0.00    1.20 v _275_/D (sky130_fd_sc_hd__dfxtp_2)
                                  1.20   data arrival time

                  0.00    4.93    4.93   clock core_clock (rise edge)
                          0.00    4.93   clock network delay (ideal)
                          0.00    4.93   clock reconvergence pessimism
                                  4.93 ^ _275_/CLK (sky130_fd_sc_hd__dfxtp_2)
                         -0.13    4.80   library setup time
                                  4.80   data required time
-----------------------------------------------------------------------------
                                  4.80   data required time
                                 -1.20   data arrival time
-----------------------------------------------------------------------------
                                  3.60   slack (MET)


Startpoint: _306_ (rising edge-triggered flip-flop clocked by core_clock)
Endpoint: _274_ (rising edge-triggered flip-flop clocked by core_clock)
Path Group: core_clock
Path Type: max

Fanout     Cap    Slew   Delay    Time   Description
-----------------------------------------------------------------------------
                  0.00    0.00    0.00   clock core_clock (rise edge)
                          0.00    0.00   clock network delay (ideal)
                  0.00    0.00    0.00 ^ _306_/CLK (sky130_fd_sc_hd__dfxtp_2)
     3    0.01    0.04    0.30    0.30 v _306_/Q (sky130_fd_sc_hd__dfxtp_2)
                                         x7.B (net)
                  0.04    0.00    0.30 v _130_/A (sky130_fd_sc_hd__or2_2)
     3    0.01    0.08    0.32    0.63 v _130_/X (sky130_fd_sc_hd__or2_2)
                                         _081_ (net)
                  0.08    0.00    0.63 v _131_/C (sky130_fd_sc_hd__nand3_2)
     8    0.03    0.17    0.17    0.79 ^ _131_/Y (sky130_fd_sc_hd__nand3_2)
                                         _082_ (net)
                  0.17    0.00    0.79 ^ _232_/B (sky130_fd_sc_hd__nand2_2)
     2    0.01    0.07    0.10    0.89 v _232_/Y (sky130_fd_sc_hd__nand2_2)
                                         _050_ (net)
                  0.07    0.00    0.89 v _255_/B (sky130_fd_sc_hd__xnor2_2)
     1    0.00    0.05    0.13    1.02 v _255_/Y (sky130_fd_sc_hd__xnor2_2)
                                         x96.Si (net)
                  0.05    0.00    1.02 v _274_/D (sky130_fd_sc_hd__dfxtp_2)
                                  1.02   data arrival time

                  0.00    4.93    4.93   clock core_clock (rise edge)
                          0.00    4.93   clock network delay (ideal)
                          0.00    4.93   clock reconvergence pessimism
                                  4.93 ^ _274_/CLK (sky130_fd_sc_hd__dfxtp_2)
                         -0.13    4.80   library setup time
                                  4.80   data required time
-----------------------------------------------------------------------------
                                  4.80   data required time
                                 -1.02   data arrival time
-----------------------------------------------------------------------------
                                  3.78   slack (MET)


Startpoint: _306_ (rising edge-triggered flip-flop clocked by core_clock)
Endpoint: _273_ (rising edge-triggered flip-flop clocked by core_clock)
Path Group: core_clock
Path Type: max

Fanout     Cap    Slew   Delay    Time   Description
-----------------------------------------------------------------------------
                  0.00    0.00    0.00   clock core_clock (rise edge)
                          0.00    0.00   clock network delay (ideal)
                  0.00    0.00    0.00 ^ _306_/CLK (sky130_fd_sc_hd__dfxtp_2)
     3    0.01    0.04    0.30    0.30 v _306_/Q (sky130_fd_sc_hd__dfxtp_2)
                                         x7.B (net)
                  0.04    0.00    0.30 v _130_/A (sky130_fd_sc_hd__or2_2)
     3    0.01    0.08    0.32    0.63 v _130_/X (sky130_fd_sc_hd__or2_2)
                                         _081_ (net)
                  0.08    0.00    0.63 v _252_/C (sky130_fd_sc_hd__and3_2)
     2    0.01    0.05    0.23    0.86 v _252_/X (sky130_fd_sc_hd__and3_2)
                                         _063_ (net)
                  0.05    0.00    0.86 v _257_/A (sky130_fd_sc_hd__nor2_2)
     1    0.00    0.06    0.09    0.95 ^ _257_/Y (sky130_fd_sc_hd__nor2_2)
                                         x97.Si (net)
                  0.06    0.00    0.95 ^ _273_/D (sky130_fd_sc_hd__dfxtp_2)
                                  0.95   data arrival time

                  0.00    4.93    4.93   clock core_clock (rise edge)
                          0.00    4.93   clock network delay (ideal)
                          0.00    4.93   clock reconvergence pessimism
                                  4.93 ^ _273_/CLK (sky130_fd_sc_hd__dfxtp_2)
                         -0.07    4.86   library setup time
                                  4.86   data required time
-----------------------------------------------------------------------------
                                  4.86   data required time
                                 -0.95   data arrival time
-----------------------------------------------------------------------------
                                  3.91   slack (MET)



worst slack corner Typical: 2.2345
max_report_end
checks_report

===========================================================================
report_checks -unconstrained
===========================================================================
======================= Typical Corner ===================================

Startpoint: _309_ (rising edge-triggered flip-flop clocked by core_clock)
Endpoint: _287_ (rising edge-triggered flip-flop clocked by core_clock)
Path Group: core_clock
Path Type: max

Fanout     Cap    Slew   Delay    Time   Description
-----------------------------------------------------------------------------
                  0.00    0.00    0.00   clock core_clock (rise edge)
                          0.00    0.00   clock network delay (ideal)
                  0.00    0.00    0.00 ^ _309_/CLK (sky130_fd_sc_hd__dfxtp_2)
     3    0.02    0.05    0.32    0.32 v _309_/Q (sky130_fd_sc_hd__dfxtp_2)
                                         x6.B (net)
                  0.05    0.00    0.32 v _133_/A (sky130_fd_sc_hd__xnor2_2)
     5    0.02    0.10    0.18    0.50 v _133_/Y (sky130_fd_sc_hd__xnor2_2)
                                         _084_ (net)
                  0.10    0.00    0.50 v _136_/B (sky130_fd_sc_hd__or4_2)
     6    0.02    0.15    0.74    1.23 v _136_/X (sky130_fd_sc_hd__or4_2)
                                         _087_ (net)
                  0.15    0.00    1.23 v _137_/C (sky130_fd_sc_hd__or3_2)
     2    0.01    0.09    0.46    1.69 v _137_/X (sky130_fd_sc_hd__or3_2)
                                         _088_ (net)
                  0.09    0.00    1.69 v _147_/A (sky130_fd_sc_hd__and3_2)
     3    0.02    0.07    0.23    1.92 v _147_/X (sky130_fd_sc_hd__and3_2)
                                         _098_ (net)
                  0.07    0.00    1.92 v _161_/A (sky130_fd_sc_hd__or3_2)
     1    0.01    0.10    0.51    2.43 v _161_/X (sky130_fd_sc_hd__or3_2)
                                         _112_ (net)
                  0.10    0.00    2.43 v _177_/A (sky130_fd_sc_hd__xnor2_2)
     1    0.00    0.04    0.14    2.57 v _177_/Y (sky130_fd_sc_hd__xnor2_2)
                                         x83.Si (net)
                  0.04    0.00    2.57 v _287_/D (sky130_fd_sc_hd__dfxtp_2)
                                  2.57   data arrival time

                  0.00    4.93    4.93   clock core_clock (rise edge)
                          0.00    4.93   clock network delay (ideal)
                          0.00    4.93   clock reconvergence pessimism
                                  4.93 ^ _287_/CLK (sky130_fd_sc_hd__dfxtp_2)
                         -0.12    4.81   library setup time
                                  4.81   data required time
-----------------------------------------------------------------------------
                                  4.81   data required time
                                 -2.57   data arrival time
-----------------------------------------------------------------------------
                                  2.23   slack (MET)




===========================================================================
report_checks --slack_max -0.01
============================================================================
======================= Typical Corner ===================================

No paths found.


===========================================================================
 report_check_types -max_slew -max_cap -max_fanout -violators
============================================================================
======================= Typical Corner ===================================


max slew violations count Typical: 0
max fanout violations count Typical: 0
max cap violations count Typical: 0

===========================================================================
report_parasitic_annotation -report_unannotated
============================================================================
Found 1 unannotated drivers.
 CLK
Found 0 partially unannotated drivers.

===========================================================================
max slew violation count 0
max fanout violation count 0
max cap violation count 0
============================================================================

===========================================================================
check_setup -verbose -unconstrained_endpoints -multiple_clock -no_clock -no_input_delay -loops -generated_clocks
===========================================================================
Warning: There are 33 input ports missing set_input_delay.
  A[0]
  A[10]
  A[11]
  A[12]
  A[13]
  A[14]
  A[15]
  A[1]
  A[2]
  A[3]
  A[4]
  A[5]
  A[6]
  A[7]
  A[8]
  A[9]
  B[0]
  B[10]
  B[11]
  B[12]
  B[13]
  B[14]
  B[15]
  B[1]
  B[2]
  B[3]
  B[4]
  B[5]
  B[6]
  B[7]
  B[8]
  B[9]
  Cin
Warning: There are 50 unconstrained endpoints.
  Cout
  S[0]
  S[10]
  S[11]
  S[12]
  S[13]
  S[14]
  S[15]
  S[1]
  S[2]
  S[3]
  S[4]
  S[5]
  S[6]
  S[7]
  S[8]
  S[9]
  _290_/D
  _291_/D
  _292_/D
  _293_/D
  _294_/D
  _295_/D
  _296_/D
  _297_/D
  _298_/D
  _299_/D
  _300_/D
  _301_/D
  _302_/D
  _303_/D
  _304_/D
  _305_/D
  _306_/D
  _307_/D
  _308_/D
  _309_/D
  _310_/D
  _311_/D
  _312_/D
  _313_/D
  _314_/D
  _315_/D
  _316_/D
  _317_/D
  _318_/D
  _319_/D
  _320_/D
  _321_/D
  _322_/D
checks_report_end
power_report

===========================================================================
 report_power
============================================================================
======================= Typical Corner ===================================

Group                  Internal  Switching    Leakage      Total
                          Power      Power      Power      Power (Watts)
----------------------------------------------------------------
Sequential             4.57e-04   2.44e-05   4.23e-10   4.81e-04  75.6%
Combinational          8.98e-05   6.58e-05   5.85e-10   1.56e-04  24.4%
Clock                  0.00e+00   0.00e+00   1.68e-10   1.68e-10   0.0%
Macro                  0.00e+00   0.00e+00   0.00e+00   0.00e+00   0.0%
Pad                    0.00e+00   0.00e+00   0.00e+00   0.00e+00   0.0%
----------------------------------------------------------------
Total                  5.47e-04   9.02e-05   1.18e-09   6.37e-04 100.0%
                          85.8%      14.2%       0.0%

power_report_end
skew_report

===========================================================================
report_clock_skew
============================================================================
Clock core_clock
   0.00 source latency _290_/CLK ^
   0.00 target latency _273_/CLK ^
   0.00 CRPR
--------------
   0.00 setup skew

skew_report_end
summary_report

===========================================================================
report_tns
============================================================================
tns 0.00

===========================================================================
report_wns
============================================================================
wns 0.00

===========================================================================
report_worst_slack -max (Setup)
============================================================================
worst slack 2.23

===========================================================================
report_worst_slack -min (Hold)
============================================================================
worst slack 0.48
summary_report_end
area_report

===========================================================================
report_design_area
============================================================================
Design area 2691 u^2 53% utilization.
area_report_end
check_nonpropagated_clocks
core_clock
check_nonpropagated_clocks_end
[WARNING] Did not save OpenROAD database!
Writing SDF to '/openlane/designs/ksa/runs/auto_pnr/results/signoff/ksa.sdf'…
