
===========================================================================
report_checks -path_delay max (Setup)
============================================================================
======================= Typical Corner ===================================

Startpoint: _309_ (rising edge-triggered flip-flop clocked by core_clock)
Endpoint: _287_ (rising edge-triggered flip-flop clocked by core_clock)
Path Group: core_clock
Path Type: max

Fanout     Cap    Slew   Delay    Time   Description
-----------------------------------------------------------------------------
                  0.00    0.00    0.00   clock core_clock (rise edge)
                          0.00    0.00   clock network delay (ideal)
                  0.00    0.00    0.00 ^ _309_/CLK (sky130_fd_sc_hd__dfxtp_1)
     3    0.01    0.07    0.32    0.32 v _309_/Q (sky130_fd_sc_hd__dfxtp_1)
                                         x6.B (net)
                  0.07    0.00    0.32 v _133_/A (sky130_fd_sc_hd__xnor2_2)
     5    0.01    0.08    0.17    0.49 v _133_/Y (sky130_fd_sc_hd__xnor2_2)
                                         _084_ (net)
                  0.08    0.00    0.49 v _136_/B (sky130_fd_sc_hd__or4_2)
     6    0.02    0.15    0.72    1.21 v _136_/X (sky130_fd_sc_hd__or4_2)
                                         _087_ (net)
                  0.15    0.00    1.21 v _137_/C (sky130_fd_sc_hd__or3_1)
     2    0.00    0.07    0.35    1.56 v _137_/X (sky130_fd_sc_hd__or3_1)
                                         _088_ (net)
                  0.07    0.00    1.56 v _147_/A (sky130_fd_sc_hd__and3_1)
     3    0.01    0.06    0.18    1.74 v _147_/X (sky130_fd_sc_hd__and3_1)
                                         _098_ (net)
                  0.06    0.00    1.74 v _161_/A (sky130_fd_sc_hd__or3_1)
     1    0.01    0.08    0.39    2.13 v _161_/X (sky130_fd_sc_hd__or3_1)
                                         _112_ (net)
                  0.08    0.00    2.13 v _177_/A (sky130_fd_sc_hd__xnor2_1)
     1    0.00    0.04    0.13    2.26 v _177_/Y (sky130_fd_sc_hd__xnor2_1)
                                         x83.Si (net)
                  0.04    0.00    2.26 v _287_/D (sky130_fd_sc_hd__dfxtp_1)
                                  2.26   data arrival time

                  0.00    4.93    4.93   clock core_clock (rise edge)
                          0.00    4.93   clock network delay (ideal)
                          0.00    4.93   clock reconvergence pessimism
                                  4.93 ^ _287_/CLK (sky130_fd_sc_hd__dfxtp_1)
                         -0.12    4.81   library setup time
                                  4.81   data required time
-----------------------------------------------------------------------------
                                  4.81   data required time
                                 -2.26   data arrival time
-----------------------------------------------------------------------------
                                  2.55   slack (MET)


Startpoint: _309_ (rising edge-triggered flip-flop clocked by core_clock)
Endpoint: _288_ (rising edge-triggered flip-flop clocked by core_clock)
Path Group: core_clock
Path Type: max

Fanout     Cap    Slew   Delay    Time   Description
-----------------------------------------------------------------------------
                  0.00    0.00    0.00   clock core_clock (rise edge)
                          0.00    0.00   clock network delay (ideal)
                  0.00    0.00    0.00 ^ _309_/CLK (sky130_fd_sc_hd__dfxtp_1)
     3    0.01    0.07    0.32    0.32 v _309_/Q (sky130_fd_sc_hd__dfxtp_1)
                                         x6.B (net)
                  0.07    0.00    0.32 v _133_/A (sky130_fd_sc_hd__xnor2_2)
     5    0.01    0.08    0.17    0.49 v _133_/Y (sky130_fd_sc_hd__xnor2_2)
                                         _084_ (net)
                  0.08    0.00    0.49 v _136_/B (sky130_fd_sc_hd__or4_2)
     6    0.02    0.15    0.72    1.21 v _136_/X (sky130_fd_sc_hd__or4_2)
                                         _087_ (net)
                  0.15    0.00    1.21 v _221_/A2 (sky130_fd_sc_hd__o31a_1)
     2    0.01    0.06    0.32    1.53 v _221_/X (sky130_fd_sc_hd__o31a_1)
                                         _041_ (net)
                  0.06    0.00    1.53 v _222_/A2 (sky130_fd_sc_hd__a211o_1)
     2    0.01    0.07    0.32    1.85 v _222_/X (sky130_fd_sc_hd__a211o_1)
                                         _042_ (net)
                  0.07    0.00    1.85 v _271_/A2 (sky130_fd_sc_hd__a21oi_1)
     1    0.00    0.15    0.18    2.03 ^ _271_/Y (sky130_fd_sc_hd__a21oi_1)
                                         _078_ (net)
                  0.15    0.00    2.03 ^ _272_/B (sky130_fd_sc_hd__xnor2_1)
     1    0.00    0.16    0.15    2.18 ^ _272_/Y (sky130_fd_sc_hd__xnor2_1)
                                         x82.Si (net)
                  0.16    0.00    2.18 ^ _288_/D (sky130_fd_sc_hd__dfxtp_1)
                                  2.18   data arrival time

                  0.00    4.93    4.93   clock core_clock (rise edge)
                          0.00    4.93   clock network delay (ideal)
                          0.00    4.93   clock reconvergence pessimism
                                  4.93 ^ _288_/CLK (sky130_fd_sc_hd__dfxtp_1)
                         -0.09    4.84   library setup time
                                  4.84   data required time
-----------------------------------------------------------------------------
                                  4.84   data required time
                                 -2.18   data arrival time
-----------------------------------------------------------------------------
                                  2.66   slack (MET)


Startpoint: _309_ (rising edge-triggered flip-flop clocked by core_clock)
Endpoint: _284_ (rising edge-triggered flip-flop clocked by core_clock)
Path Group: core_clock
Path Type: max

Fanout     Cap    Slew   Delay    Time   Description
-----------------------------------------------------------------------------
                  0.00    0.00    0.00   clock core_clock (rise edge)
                          0.00    0.00   clock network delay (ideal)
                  0.00    0.00    0.00 ^ _309_/CLK (sky130_fd_sc_hd__dfxtp_1)
     3    0.01    0.07    0.32    0.32 v _309_/Q (sky130_fd_sc_hd__dfxtp_1)
                                         x6.B (net)
                  0.07    0.00    0.32 v _133_/A (sky130_fd_sc_hd__xnor2_2)
     5    0.01    0.08    0.17    0.49 v _133_/Y (sky130_fd_sc_hd__xnor2_2)
                                         _084_ (net)
                  0.08    0.00    0.49 v _136_/B (sky130_fd_sc_hd__or4_2)
     6    0.02    0.15    0.72    1.21 v _136_/X (sky130_fd_sc_hd__or4_2)
                                         _087_ (net)
                  0.15    0.00    1.21 v _221_/A2 (sky130_fd_sc_hd__o31a_1)
     2    0.01    0.06    0.32    1.53 v _221_/X (sky130_fd_sc_hd__o31a_1)
                                         _041_ (net)
                  0.06    0.00    1.53 v _222_/A2 (sky130_fd_sc_hd__a211o_1)
     2    0.01    0.07    0.32    1.85 v _222_/X (sky130_fd_sc_hd__a211o_1)
                                         _042_ (net)
                  0.07    0.00    1.85 v _223_/B (sky130_fd_sc_hd__xnor2_1)
     1    0.00    0.08    0.14    2.00 v _223_/Y (sky130_fd_sc_hd__xnor2_1)
                                         _043_ (net)
                  0.08    0.00    2.00 v _224_/B (sky130_fd_sc_hd__xnor2_1)
     1    0.00    0.05    0.14    2.13 v _224_/Y (sky130_fd_sc_hd__xnor2_1)
                                         x86.Si (net)
                  0.05    0.00    2.13 v _284_/D (sky130_fd_sc_hd__dfxtp_1)
                                  2.13   data arrival time

                  0.00    4.93    4.93   clock core_clock (rise edge)
                          0.00    4.93   clock network delay (ideal)
                          0.00    4.93   clock reconvergence pessimism
                                  4.93 ^ _284_/CLK (sky130_fd_sc_hd__dfxtp_1)
                         -0.12    4.81   library setup time
                                  4.81   data required time
-----------------------------------------------------------------------------
                                  4.81   data required time
                                 -2.13   data arrival time
-----------------------------------------------------------------------------
                                  2.67   slack (MET)


Startpoint: _309_ (rising edge-triggered flip-flop clocked by core_clock)
Endpoint: _289_ (rising edge-triggered flip-flop clocked by core_clock)
Path Group: core_clock
Path Type: max

Fanout     Cap    Slew   Delay    Time   Description
-----------------------------------------------------------------------------
                  0.00    0.00    0.00   clock core_clock (rise edge)
                          0.00    0.00   clock network delay (ideal)
                  0.00    0.00    0.00 ^ _309_/CLK (sky130_fd_sc_hd__dfxtp_1)
     3    0.01    0.07    0.32    0.32 v _309_/Q (sky130_fd_sc_hd__dfxtp_1)
                                         x6.B (net)
                  0.07    0.00    0.32 v _133_/A (sky130_fd_sc_hd__xnor2_2)
     5    0.01    0.08    0.17    0.49 v _133_/Y (sky130_fd_sc_hd__xnor2_2)
                                         _084_ (net)
                  0.08    0.00    0.49 v _136_/B (sky130_fd_sc_hd__or4_2)
     6    0.02    0.15    0.72    1.21 v _136_/X (sky130_fd_sc_hd__or4_2)
                                         _087_ (net)
                  0.15    0.00    1.21 v _137_/C (sky130_fd_sc_hd__or3_1)
     2    0.00    0.07    0.35    1.56 v _137_/X (sky130_fd_sc_hd__or3_1)
                                         _088_ (net)
                  0.07    0.00    1.56 v _147_/A (sky130_fd_sc_hd__and3_1)
     3    0.01    0.06    0.18    1.74 v _147_/X (sky130_fd_sc_hd__and3_1)
                                         _098_ (net)
                  0.06    0.00    1.74 v _236_/A1 (sky130_fd_sc_hd__o21ai_1)
     2    0.01    0.20    0.21    1.95 ^ _236_/Y (sky130_fd_sc_hd__o21ai_1)
                                         _053_ (net)
                  0.20    0.00    1.95 ^ _264_/A2 (sky130_fd_sc_hd__a311o_1)
     1    0.00    0.05    0.19    2.14 ^ _264_/X (sky130_fd_sc_hd__a311o_1)
                                         x66.G (net)
                  0.05    0.00    2.14 ^ _289_/D (sky130_fd_sc_hd__dfxtp_1)
                                  2.14   data arrival time

                  0.00    4.93    4.93   clock core_clock (rise edge)
                          0.00    4.93   clock network delay (ideal)
                          0.00    4.93   clock reconvergence pessimism
                                  4.93 ^ _289_/CLK (sky130_fd_sc_hd__dfxtp_1)
                         -0.06    4.87   library setup time
                                  4.87   data required time
-----------------------------------------------------------------------------
                                  4.87   data required time
                                 -2.14   data arrival time
-----------------------------------------------------------------------------
                                  2.73   slack (MET)


Startpoint: _309_ (rising edge-triggered flip-flop clocked by core_clock)
Endpoint: _281_ (rising edge-triggered flip-flop clocked by core_clock)
Path Group: core_clock
Path Type: max

Fanout     Cap    Slew   Delay    Time   Description
-----------------------------------------------------------------------------
                  0.00    0.00    0.00   clock core_clock (rise edge)
                          0.00    0.00   clock network delay (ideal)
                  0.00    0.00    0.00 ^ _309_/CLK (sky130_fd_sc_hd__dfxtp_1)
     3    0.01    0.07    0.32    0.32 v _309_/Q (sky130_fd_sc_hd__dfxtp_1)
                                         x6.B (net)
                  0.07    0.00    0.32 v _133_/A (sky130_fd_sc_hd__xnor2_2)
     5    0.01    0.08    0.17    0.49 v _133_/Y (sky130_fd_sc_hd__xnor2_2)
                                         _084_ (net)
                  0.08    0.00    0.49 v _136_/B (sky130_fd_sc_hd__or4_2)
     6    0.02    0.15    0.72    1.21 v _136_/X (sky130_fd_sc_hd__or4_2)
                                         _087_ (net)
                  0.15    0.00    1.21 v _137_/C (sky130_fd_sc_hd__or3_1)
     2    0.00    0.07    0.35    1.56 v _137_/X (sky130_fd_sc_hd__or3_1)
                                         _088_ (net)
                  0.07    0.00    1.56 v _147_/A (sky130_fd_sc_hd__and3_1)
     3    0.01    0.06    0.18    1.74 v _147_/X (sky130_fd_sc_hd__and3_1)
                                         _098_ (net)
                  0.06    0.00    1.74 v _236_/A1 (sky130_fd_sc_hd__o21ai_1)
     2    0.01    0.20    0.21    1.95 ^ _236_/Y (sky130_fd_sc_hd__o21ai_1)
                                         _053_ (net)
                  0.20    0.00    1.95 ^ _237_/B (sky130_fd_sc_hd__xnor2_1)
     1    0.00    0.11    0.14    2.08 ^ _237_/Y (sky130_fd_sc_hd__xnor2_1)
                                         x89.Si (net)
                  0.11    0.00    2.08 ^ _281_/D (sky130_fd_sc_hd__dfxtp_1)
                                  2.08   data arrival time

                  0.00    4.93    4.93   clock core_clock (rise edge)
                          0.00    4.93   clock network delay (ideal)
                          0.00    4.93   clock reconvergence pessimism
                                  4.93 ^ _281_/CLK (sky130_fd_sc_hd__dfxtp_1)
                         -0.08    4.85   library setup time
                                  4.85   data required time
-----------------------------------------------------------------------------
                                  4.85   data required time
                                 -2.08   data arrival time
-----------------------------------------------------------------------------
                                  2.77   slack (MET)


Startpoint: _311_ (rising edge-triggered flip-flop clocked by core_clock)
Endpoint: _286_ (rising edge-triggered flip-flop clocked by core_clock)
Path Group: core_clock
Path Type: max

Fanout     Cap    Slew   Delay    Time   Description
-----------------------------------------------------------------------------
                  0.00    0.00    0.00   clock core_clock (rise edge)
                          0.00    0.00   clock network delay (ideal)
                  0.00    0.00    0.00 ^ _311_/CLK (sky130_fd_sc_hd__dfxtp_1)
     4    0.02    0.19    0.39    0.39 ^ _311_/Q (sky130_fd_sc_hd__dfxtp_1)
                                         x4.B (net)
                  0.19    0.00    0.39 ^ _128_/A (sky130_fd_sc_hd__xnor2_2)
     7    0.02    0.11    0.15    0.54 v _128_/Y (sky130_fd_sc_hd__xnor2_2)
                                         _079_ (net)
                  0.11    0.00    0.54 v _195_/A (sky130_fd_sc_hd__or4_1)
     3    0.01    0.11    0.57    1.11 v _195_/X (sky130_fd_sc_hd__or4_1)
                                         _017_ (net)
                  0.11    0.00    1.11 v _196_/C (sky130_fd_sc_hd__or3_1)
     2    0.00    0.08    0.34    1.45 v _196_/X (sky130_fd_sc_hd__or3_1)
                                         _018_ (net)
                  0.08    0.00    1.45 v _200_/A3 (sky130_fd_sc_hd__o31a_1)
     1    0.01    0.06    0.26    1.71 v _200_/X (sky130_fd_sc_hd__o31a_1)
                                         _022_ (net)
                  0.06    0.00    1.71 v _205_/A (sky130_fd_sc_hd__xnor2_1)
     1    0.01    0.17    0.19    1.90 ^ _205_/Y (sky130_fd_sc_hd__xnor2_1)
                                         _027_ (net)
                  0.17    0.00    1.90 ^ _206_/B (sky130_fd_sc_hd__xnor2_1)
     1    0.00    0.15    0.15    2.05 ^ _206_/Y (sky130_fd_sc_hd__xnor2_1)
                                         x84.Si (net)
                  0.15    0.00    2.05 ^ _286_/D (sky130_fd_sc_hd__dfxtp_1)
                                  2.05   data arrival time

                  0.00    4.93    4.93   clock core_clock (rise edge)
                          0.00    4.93   clock network delay (ideal)
                          0.00    4.93   clock reconvergence pessimism
                                  4.93 ^ _286_/CLK (sky130_fd_sc_hd__dfxtp_1)
                         -0.08    4.85   library setup time
                                  4.85   data required time
-----------------------------------------------------------------------------
                                  4.85   data required time
                                 -2.05   data arrival time
-----------------------------------------------------------------------------
                                  2.80   slack (MET)


Startpoint: _309_ (rising edge-triggered flip-flop clocked by core_clock)
Endpoint: _285_ (rising edge-triggered flip-flop clocked by core_clock)
Path Group: core_clock
Path Type: max

Fanout     Cap    Slew   Delay    Time   Description
-----------------------------------------------------------------------------
                  0.00    0.00    0.00   clock core_clock (rise edge)
                          0.00    0.00   clock network delay (ideal)
                  0.00    0.00    0.00 ^ _309_/CLK (sky130_fd_sc_hd__dfxtp_1)
     3    0.01    0.07    0.32    0.32 v _309_/Q (sky130_fd_sc_hd__dfxtp_1)
                                         x6.B (net)
                  0.07    0.00    0.32 v _133_/A (sky130_fd_sc_hd__xnor2_2)
     5    0.01    0.08    0.17    0.49 v _133_/Y (sky130_fd_sc_hd__xnor2_2)
                                         _084_ (net)
                  0.08    0.00    0.49 v _142_/A (sky130_fd_sc_hd__or4b_1)
     2    0.00    0.09    0.54    1.03 v _142_/X (sky130_fd_sc_hd__or4b_1)
                                         _093_ (net)
                  0.09    0.00    1.03 v _144_/A3 (sky130_fd_sc_hd__a31o_1)
     3    0.01    0.06    0.26    1.28 v _144_/X (sky130_fd_sc_hd__a31o_1)
                                         _095_ (net)
                  0.06    0.00    1.28 v _212_/A (sky130_fd_sc_hd__or3_1)
     1    0.00    0.08    0.38    1.67 v _212_/X (sky130_fd_sc_hd__or3_1)
                                         _033_ (net)
                  0.08    0.00    1.67 v _213_/B (sky130_fd_sc_hd__xnor2_1)
     1    0.00    0.08    0.14    1.81 v _213_/Y (sky130_fd_sc_hd__xnor2_1)
                                         _034_ (net)
                  0.08    0.00    1.81 v _214_/B (sky130_fd_sc_hd__xnor2_1)
     1    0.00    0.04    0.13    1.94 v _214_/Y (sky130_fd_sc_hd__xnor2_1)
                                         x85.Si (net)
                  0.04    0.00    1.94 v _285_/D (sky130_fd_sc_hd__dfxtp_1)
                                  1.94   data arrival time

                  0.00    4.93    4.93   clock core_clock (rise edge)
                          0.00    4.93   clock network delay (ideal)
                          0.00    4.93   clock reconvergence pessimism
                                  4.93 ^ _285_/CLK (sky130_fd_sc_hd__dfxtp_1)
                         -0.12    4.81   library setup time
                                  4.81   data required time
-----------------------------------------------------------------------------
                                  4.81   data required time
                                 -1.94   data arrival time
-----------------------------------------------------------------------------
                                  2.87   slack (MET)


Startpoint: _309_ (rising edge-triggered flip-flop clocked by core_clock)
Endpoint: _283_ (rising edge-triggered flip-flop clocked by core_clock)
Path Group: core_clock
Path Type: max

Fanout     Cap    Slew   Delay    Time   Description
-----------------------------------------------------------------------------
                  0.00    0.00    0.00   clock core_clock (rise edge)
                          0.00    0.00   clock network delay (ideal)
                  0.00    0.00    0.00 ^ _309_/CLK (sky130_fd_sc_hd__dfxtp_1)
     3    0.01    0.07    0.32    0.32 v _309_/Q (sky130_fd_sc_hd__dfxtp_1)
                                         x6.B (net)
                  0.07    0.00    0.32 v _133_/A (sky130_fd_sc_hd__xnor2_2)
     5    0.01    0.08    0.17    0.49 v _133_/Y (sky130_fd_sc_hd__xnor2_2)
                                         _084_ (net)
                  0.08    0.00    0.49 v _136_/B (sky130_fd_sc_hd__or4_2)
     6    0.02    0.15    0.72    1.21 v _136_/X (sky130_fd_sc_hd__or4_2)
                                         _087_ (net)
                  0.15    0.00    1.21 v _137_/C (sky130_fd_sc_hd__or3_1)
     2    0.00    0.07    0.35    1.56 v _137_/X (sky130_fd_sc_hd__or3_1)
                                         _088_ (net)
                  0.07    0.00    1.56 v _226_/A (sky130_fd_sc_hd__nor2_1)
     1    0.01    0.12    0.14    1.70 ^ _226_/Y (sky130_fd_sc_hd__nor2_1)
                                         _045_ (net)
                  0.12    0.00    1.70 ^ _228_/A (sky130_fd_sc_hd__xnor2_1)
     1    0.00    0.16    0.14    1.84 ^ _228_/Y (sky130_fd_sc_hd__xnor2_1)
                                         _047_ (net)
                  0.16    0.00    1.84 ^ _229_/B (sky130_fd_sc_hd__xnor2_1)
     1    0.00    0.10    0.13    1.97 ^ _229_/Y (sky130_fd_sc_hd__xnor2_1)
                                         x87.Si (net)
                  0.10    0.00    1.97 ^ _283_/D (sky130_fd_sc_hd__dfxtp_1)
                                  1.97   data arrival time

                  0.00    4.93    4.93   clock core_clock (rise edge)
                          0.00    4.93   clock network delay (ideal)
                          0.00    4.93   clock reconvergence pessimism
                                  4.93 ^ _283_/CLK (sky130_fd_sc_hd__dfxtp_1)
                         -0.07    4.86   library setup time
                                  4.86   data required time
-----------------------------------------------------------------------------
                                  4.86   data required time
                                 -1.97   data arrival time
-----------------------------------------------------------------------------
                                  2.89   slack (MET)


Startpoint: _309_ (rising edge-triggered flip-flop clocked by core_clock)
Endpoint: _279_ (rising edge-triggered flip-flop clocked by core_clock)
Path Group: core_clock
Path Type: max

Fanout     Cap    Slew   Delay    Time   Description
-----------------------------------------------------------------------------
                  0.00    0.00    0.00   clock core_clock (rise edge)
                          0.00    0.00   clock network delay (ideal)
                  0.00    0.00    0.00 ^ _309_/CLK (sky130_fd_sc_hd__dfxtp_1)
     3    0.01    0.07    0.32    0.32 v _309_/Q (sky130_fd_sc_hd__dfxtp_1)
                                         x6.B (net)
                  0.07    0.00    0.32 v _133_/A (sky130_fd_sc_hd__xnor2_2)
     5    0.01    0.08    0.17    0.49 v _133_/Y (sky130_fd_sc_hd__xnor2_2)
                                         _084_ (net)
                  0.08    0.00    0.49 v _136_/B (sky130_fd_sc_hd__or4_2)
     6    0.02    0.15    0.72    1.21 v _136_/X (sky130_fd_sc_hd__or4_2)
                                         _087_ (net)
                  0.15    0.00    1.21 v _137_/C (sky130_fd_sc_hd__or3_1)
     2    0.00    0.07    0.35    1.56 v _137_/X (sky130_fd_sc_hd__or3_1)
                                         _088_ (net)
                  0.07    0.00    1.56 v _147_/A (sky130_fd_sc_hd__and3_1)
     3    0.01    0.06    0.18    1.74 v _147_/X (sky130_fd_sc_hd__and3_1)
                                         _098_ (net)
                  0.06    0.00    1.74 v _240_/A (sky130_fd_sc_hd__xor2_1)
     1    0.00    0.07    0.16    1.90 v _240_/X (sky130_fd_sc_hd__xor2_1)
                                         x91.Si (net)
                  0.07    0.00    1.90 v _279_/D (sky130_fd_sc_hd__dfxtp_1)
                                  1.90   data arrival time

                  0.00    4.93    4.93   clock core_clock (rise edge)
                          0.00    4.93   clock network delay (ideal)
                          0.00    4.93   clock reconvergence pessimism
                                  4.93 ^ _279_/CLK (sky130_fd_sc_hd__dfxtp_1)
                         -0.13    4.80   library setup time
                                  4.80   data required time
-----------------------------------------------------------------------------
                                  4.80   data required time
                                 -1.90   data arrival time
-----------------------------------------------------------------------------
                                  2.90   slack (MET)


Startpoint: _309_ (rising edge-triggered flip-flop clocked by core_clock)
Endpoint: _282_ (rising edge-triggered flip-flop clocked by core_clock)
Path Group: core_clock
Path Type: max

Fanout     Cap    Slew   Delay    Time   Description
-----------------------------------------------------------------------------
                  0.00    0.00    0.00   clock core_clock (rise edge)
                          0.00    0.00   clock network delay (ideal)
                  0.00    0.00    0.00 ^ _309_/CLK (sky130_fd_sc_hd__dfxtp_1)
     3    0.01    0.07    0.32    0.32 v _309_/Q (sky130_fd_sc_hd__dfxtp_1)
                                         x6.B (net)
                  0.07    0.00    0.32 v _133_/A (sky130_fd_sc_hd__xnor2_2)
     5    0.01    0.08    0.17    0.49 v _133_/Y (sky130_fd_sc_hd__xnor2_2)
                                         _084_ (net)
                  0.08    0.00    0.49 v _136_/B (sky130_fd_sc_hd__or4_2)
     6    0.02    0.15    0.72    1.21 v _136_/X (sky130_fd_sc_hd__or4_2)
                                         _087_ (net)
                  0.15    0.00    1.21 v _233_/A (sky130_fd_sc_hd__or3b_1)
     1    0.00    0.08    0.42    1.63 v _233_/X (sky130_fd_sc_hd__or3b_1)
                                         _051_ (net)
                  0.08    0.00    1.63 v _234_/B (sky130_fd_sc_hd__xnor2_1)
     1    0.00    0.08    0.14    1.77 v _234_/Y (sky130_fd_sc_hd__xnor2_1)
                                         _052_ (net)
                  0.08    0.00    1.77 v _235_/B (sky130_fd_sc_hd__xnor2_1)
     1    0.00    0.05    0.14    1.91 v _235_/Y (sky130_fd_sc_hd__xnor2_1)
                                         x88.Si (net)
                  0.05    0.00    1.91 v _282_/D (sky130_fd_sc_hd__dfxtp_1)
                                  1.91   data arrival time

                  0.00    4.93    4.93   clock core_clock (rise edge)
                          0.00    4.93   clock network delay (ideal)
                          0.00    4.93   clock reconvergence pessimism
                                  4.93 ^ _282_/CLK (sky130_fd_sc_hd__dfxtp_1)
                         -0.12    4.81   library setup time
                                  4.81   data required time
-----------------------------------------------------------------------------
                                  4.81   data required time
                                 -1.91   data arrival time
-----------------------------------------------------------------------------
                                  2.90   slack (MET)


Startpoint: _309_ (rising edge-triggered flip-flop clocked by core_clock)
Endpoint: _280_ (rising edge-triggered flip-flop clocked by core_clock)
Path Group: core_clock
Path Type: max

Fanout     Cap    Slew   Delay    Time   Description
-----------------------------------------------------------------------------
                  0.00    0.00    0.00   clock core_clock (rise edge)
                          0.00    0.00   clock network delay (ideal)
                  0.00    0.00    0.00 ^ _309_/CLK (sky130_fd_sc_hd__dfxtp_1)
     3    0.01    0.07    0.32    0.32 v _309_/Q (sky130_fd_sc_hd__dfxtp_1)
                                         x6.B (net)
                  0.07    0.00    0.32 v _133_/A (sky130_fd_sc_hd__xnor2_2)
     5    0.01    0.08    0.17    0.49 v _133_/Y (sky130_fd_sc_hd__xnor2_2)
                                         _084_ (net)
                  0.08    0.00    0.49 v _136_/B (sky130_fd_sc_hd__or4_2)
     6    0.02    0.15    0.72    1.21 v _136_/X (sky130_fd_sc_hd__or4_2)
                                         _087_ (net)
                  0.15    0.00    1.21 v _221_/A2 (sky130_fd_sc_hd__o31a_1)
     2    0.01    0.06    0.32    1.53 v _221_/X (sky130_fd_sc_hd__o31a_1)
                                         _041_ (net)
                  0.06    0.00    1.53 v _238_/C (sky130_fd_sc_hd__and3_1)
     1    0.00    0.04    0.19    1.72 v _238_/X (sky130_fd_sc_hd__and3_1)
                                         _054_ (net)
                  0.04    0.00    1.72 v _239_/B (sky130_fd_sc_hd__xor2_1)
     1    0.00    0.06    0.14    1.86 v _239_/X (sky130_fd_sc_hd__xor2_1)
                                         x90.Si (net)
                  0.06    0.00    1.86 v _280_/D (sky130_fd_sc_hd__dfxtp_1)
                                  1.86   data arrival time

                  0.00    4.93    4.93   clock core_clock (rise edge)
                          0.00    4.93   clock network delay (ideal)
                          0.00    4.93   clock reconvergence pessimism
                                  4.93 ^ _280_/CLK (sky130_fd_sc_hd__dfxtp_1)
                         -0.13    4.80   library setup time
                                  4.80   data required time
-----------------------------------------------------------------------------
                                  4.80   data required time
                                 -1.86   data arrival time
-----------------------------------------------------------------------------
                                  2.94   slack (MET)


Startpoint: _309_ (rising edge-triggered flip-flop clocked by core_clock)
Endpoint: _278_ (rising edge-triggered flip-flop clocked by core_clock)
Path Group: core_clock
Path Type: max

Fanout     Cap    Slew   Delay    Time   Description
-----------------------------------------------------------------------------
                  0.00    0.00    0.00   clock core_clock (rise edge)
                          0.00    0.00   clock network delay (ideal)
                  0.00    0.00    0.00 ^ _309_/CLK (sky130_fd_sc_hd__dfxtp_1)
     3    0.01    0.07    0.32    0.32 v _309_/Q (sky130_fd_sc_hd__dfxtp_1)
                                         x6.B (net)
                  0.07    0.00    0.32 v _133_/A (sky130_fd_sc_hd__xnor2_2)
     5    0.01    0.08    0.17    0.49 v _133_/Y (sky130_fd_sc_hd__xnor2_2)
                                         _084_ (net)
                  0.08    0.00    0.49 v _136_/B (sky130_fd_sc_hd__or4_2)
     6    0.02    0.15    0.72    1.21 v _136_/X (sky130_fd_sc_hd__or4_2)
                                         _087_ (net)
                  0.15    0.00    1.21 v _241_/B (sky130_fd_sc_hd__nor2_1)
     2    0.01    0.18    0.19    1.40 ^ _241_/Y (sky130_fd_sc_hd__nor2_1)
                                         _055_ (net)
                  0.18    0.00    1.40 ^ _242_/B (sky130_fd_sc_hd__xnor2_1)
     1    0.00    0.16    0.15    1.55 ^ _242_/Y (sky130_fd_sc_hd__xnor2_1)
                                         _056_ (net)
                  0.16    0.00    1.55 ^ _243_/B (sky130_fd_sc_hd__xnor2_1)
     1    0.00    0.14    0.15    1.70 ^ _243_/Y (sky130_fd_sc_hd__xnor2_1)
                                         x92.Si (net)
                  0.14    0.00    1.70 ^ _278_/D (sky130_fd_sc_hd__dfxtp_1)
                                  1.70   data arrival time

                  0.00    4.93    4.93   clock core_clock (rise edge)
                          0.00    4.93   clock network delay (ideal)
                          0.00    4.93   clock reconvergence pessimism
                                  4.93 ^ _278_/CLK (sky130_fd_sc_hd__dfxtp_1)
                         -0.08    4.85   library setup time
                                  4.85   data required time
-----------------------------------------------------------------------------
                                  4.85   data required time
                                 -1.70   data arrival time
-----------------------------------------------------------------------------
                                  3.15   slack (MET)


Startpoint: _309_ (rising edge-triggered flip-flop clocked by core_clock)
Endpoint: _277_ (rising edge-triggered flip-flop clocked by core_clock)
Path Group: core_clock
Path Type: max

Fanout     Cap    Slew   Delay    Time   Description
-----------------------------------------------------------------------------
                  0.00    0.00    0.00   clock core_clock (rise edge)
                          0.00    0.00   clock network delay (ideal)
                  0.00    0.00    0.00 ^ _309_/CLK (sky130_fd_sc_hd__dfxtp_1)
     3    0.01    0.07    0.32    0.32 v _309_/Q (sky130_fd_sc_hd__dfxtp_1)
                                         x6.B (net)
                  0.07    0.00    0.32 v _133_/A (sky130_fd_sc_hd__xnor2_2)
     5    0.01    0.08    0.17    0.49 v _133_/Y (sky130_fd_sc_hd__xnor2_2)
                                         _084_ (net)
                  0.08    0.00    0.49 v _136_/B (sky130_fd_sc_hd__or4_2)
     6    0.02    0.15    0.72    1.21 v _136_/X (sky130_fd_sc_hd__or4_2)
                                         _087_ (net)
                  0.15    0.00    1.21 v _241_/B (sky130_fd_sc_hd__nor2_1)
     2    0.01    0.18    0.19    1.40 ^ _241_/Y (sky130_fd_sc_hd__nor2_1)
                                         _055_ (net)
                  0.18    0.00    1.40 ^ _247_/A (sky130_fd_sc_hd__nor2_1)
     1    0.00    0.06    0.08    1.48 v _247_/Y (sky130_fd_sc_hd__nor2_1)
                                         _060_ (net)
                  0.06    0.00    1.48 v _248_/B (sky130_fd_sc_hd__xnor2_1)
     1    0.00    0.05    0.12    1.60 v _248_/Y (sky130_fd_sc_hd__xnor2_1)
                                         x93.Si (net)
                  0.05    0.00    1.60 v _277_/D (sky130_fd_sc_hd__dfxtp_1)
                                  1.60   data arrival time

                  0.00    4.93    4.93   clock core_clock (rise edge)
                          0.00    4.93   clock network delay (ideal)
                          0.00    4.93   clock reconvergence pessimism
                                  4.93 ^ _277_/CLK (sky130_fd_sc_hd__dfxtp_1)
                         -0.12    4.81   library setup time
                                  4.81   data required time
-----------------------------------------------------------------------------
                                  4.81   data required time
                                 -1.60   data arrival time
-----------------------------------------------------------------------------
                                  3.20   slack (MET)


Startpoint: _308_ (rising edge-triggered flip-flop clocked by core_clock)
Endpoint: _276_ (rising edge-triggered flip-flop clocked by core_clock)
Path Group: core_clock
Path Type: max

Fanout     Cap    Slew   Delay    Time   Description
-----------------------------------------------------------------------------
                  0.00    0.00    0.00   clock core_clock (rise edge)
                          0.00    0.00   clock network delay (ideal)
                  0.00    0.00    0.00 ^ _308_/CLK (sky130_fd_sc_hd__dfxtp_1)
     4    0.02    0.17    0.38    0.38 ^ _308_/Q (sky130_fd_sc_hd__dfxtp_1)
                                         x5.B (net)
                  0.17    0.00    0.38 ^ _134_/A (sky130_fd_sc_hd__xnor2_2)
     5    0.01    0.09    0.12    0.50 v _134_/Y (sky130_fd_sc_hd__xnor2_2)
                                         _085_ (net)
                  0.09    0.00    0.50 v _189_/B (sky130_fd_sc_hd__or3_1)
     2    0.00    0.08    0.37    0.87 v _189_/X (sky130_fd_sc_hd__or3_1)
                                         _011_ (net)
                  0.08    0.00    0.87 v _190_/B (sky130_fd_sc_hd__and2_1)
     2    0.01    0.05    0.19    1.06 v _190_/X (sky130_fd_sc_hd__and2_1)
                                         _012_ (net)
                  0.05    0.00    1.06 v _251_/A (sky130_fd_sc_hd__xnor2_1)
     1    0.00    0.06    0.13    1.19 v _251_/Y (sky130_fd_sc_hd__xnor2_1)
                                         x94.Si (net)
                  0.06    0.00    1.19 v _276_/D (sky130_fd_sc_hd__dfxtp_1)
                                  1.19   data arrival time

                  0.00    4.93    4.93   clock core_clock (rise edge)
                          0.00    4.93   clock network delay (ideal)
                          0.00    4.93   clock reconvergence pessimism
                                  4.93 ^ _276_/CLK (sky130_fd_sc_hd__dfxtp_1)
                         -0.13    4.80   library setup time
                                  4.80   data required time
-----------------------------------------------------------------------------
                                  4.80   data required time
                                 -1.19   data arrival time
-----------------------------------------------------------------------------
                                  3.61   slack (MET)


Startpoint: _290_ (rising edge-triggered flip-flop clocked by core_clock)
Endpoint: _275_ (rising edge-triggered flip-flop clocked by core_clock)
Path Group: core_clock
Path Type: max

Fanout     Cap    Slew   Delay    Time   Description
-----------------------------------------------------------------------------
                  0.00    0.00    0.00   clock core_clock (rise edge)
                          0.00    0.00   clock network delay (ideal)
                  0.00    0.00    0.00 ^ _290_/CLK (sky130_fd_sc_hd__dfxtp_1)
     3    0.01    0.07    0.31    0.31 v _290_/Q (sky130_fd_sc_hd__dfxtp_1)
                                         x7.A (net)
                  0.07    0.00    0.31 v _130_/B (sky130_fd_sc_hd__or2_1)
     3    0.01    0.09    0.26    0.58 v _130_/X (sky130_fd_sc_hd__or2_1)
                                         _081_ (net)
                  0.09    0.00    0.58 v _252_/C (sky130_fd_sc_hd__and3_1)
     2    0.01    0.05    0.21    0.79 v _252_/X (sky130_fd_sc_hd__and3_1)
                                         _063_ (net)
                  0.05    0.00    0.79 v _253_/A1 (sky130_fd_sc_hd__o21ba_1)
     1    0.00    0.04    0.19    0.98 v _253_/X (sky130_fd_sc_hd__o21ba_1)
                                         _064_ (net)
                  0.04    0.00    0.98 v _254_/B (sky130_fd_sc_hd__xnor2_1)
     1    0.00    0.06    0.11    1.09 v _254_/Y (sky130_fd_sc_hd__xnor2_1)
                                         x95.Si (net)
                  0.06    0.00    1.09 v _275_/D (sky130_fd_sc_hd__dfxtp_1)
                                  1.09   data arrival time

                  0.00    4.93    4.93   clock core_clock (rise edge)
                          0.00    4.93   clock network delay (ideal)
                          0.00    4.93   clock reconvergence pessimism
                                  4.93 ^ _275_/CLK (sky130_fd_sc_hd__dfxtp_1)
                         -0.13    4.80   library setup time
                                  4.80   data required time
-----------------------------------------------------------------------------
                                  4.80   data required time
                                 -1.09   data arrival time
-----------------------------------------------------------------------------
                                  3.71   slack (MET)


Startpoint: _290_ (rising edge-triggered flip-flop clocked by core_clock)
Endpoint: _274_ (rising edge-triggered flip-flop clocked by core_clock)
Path Group: core_clock
Path Type: max

Fanout     Cap    Slew   Delay    Time   Description
-----------------------------------------------------------------------------
                  0.00    0.00    0.00   clock core_clock (rise edge)
                          0.00    0.00   clock network delay (ideal)
                  0.00    0.00    0.00 ^ _290_/CLK (sky130_fd_sc_hd__dfxtp_1)
     3    0.01    0.07    0.31    0.31 v _290_/Q (sky130_fd_sc_hd__dfxtp_1)
                                         x7.A (net)
                  0.07    0.00    0.31 v _130_/B (sky130_fd_sc_hd__or2_1)
     3    0.01    0.09    0.26    0.58 v _130_/X (sky130_fd_sc_hd__or2_1)
                                         _081_ (net)
                  0.09    0.00    0.58 v _131_/C (sky130_fd_sc_hd__nand3_4)
     8    0.02    0.11    0.13    0.71 ^ _131_/Y (sky130_fd_sc_hd__nand3_4)
                                         _082_ (net)
                  0.11    0.00    0.71 ^ _232_/B (sky130_fd_sc_hd__nand2_1)
     2    0.01    0.07    0.09    0.81 v _232_/Y (sky130_fd_sc_hd__nand2_1)
                                         _050_ (net)
                  0.07    0.00    0.81 v _255_/B (sky130_fd_sc_hd__xnor2_1)
     1    0.00    0.06    0.13    0.94 v _255_/Y (sky130_fd_sc_hd__xnor2_1)
                                         x96.Si (net)
                  0.06    0.00    0.94 v _274_/D (sky130_fd_sc_hd__dfxtp_1)
                                  0.94   data arrival time

                  0.00    4.93    4.93   clock core_clock (rise edge)
                          0.00    4.93   clock network delay (ideal)
                          0.00    4.93   clock reconvergence pessimism
                                  4.93 ^ _274_/CLK (sky130_fd_sc_hd__dfxtp_1)
                         -0.13    4.80   library setup time
                                  4.80   data required time
-----------------------------------------------------------------------------
                                  4.80   data required time
                                 -0.94   data arrival time
-----------------------------------------------------------------------------
                                  3.87   slack (MET)


Startpoint: _290_ (rising edge-triggered flip-flop clocked by core_clock)
Endpoint: _273_ (rising edge-triggered flip-flop clocked by core_clock)
Path Group: core_clock
Path Type: max

Fanout     Cap    Slew   Delay    Time   Description
-----------------------------------------------------------------------------
                  0.00    0.00    0.00   clock core_clock (rise edge)
                          0.00    0.00   clock network delay (ideal)
                  0.00    0.00    0.00 ^ _290_/CLK (sky130_fd_sc_hd__dfxtp_1)
     3    0.01    0.07    0.31    0.31 v _290_/Q (sky130_fd_sc_hd__dfxtp_1)
                                         x7.A (net)
                  0.07    0.00    0.31 v _130_/B (sky130_fd_sc_hd__or2_1)
     3    0.01    0.09    0.26    0.58 v _130_/X (sky130_fd_sc_hd__or2_1)
                                         _081_ (net)
                  0.09    0.00    0.58 v _252_/C (sky130_fd_sc_hd__and3_1)
     2    0.01    0.05    0.21    0.79 v _252_/X (sky130_fd_sc_hd__and3_1)
                                         _063_ (net)
                  0.05    0.00    0.79 v _257_/A (sky130_fd_sc_hd__nor2_1)
     1    0.00    0.08    0.10    0.88 ^ _257_/Y (sky130_fd_sc_hd__nor2_1)
                                         x97.Si (net)
                  0.08    0.00    0.88 ^ _273_/D (sky130_fd_sc_hd__dfxtp_1)
                                  0.88   data arrival time

                  0.00    4.93    4.93   clock core_clock (rise edge)
                          0.00    4.93   clock network delay (ideal)
                          0.00    4.93   clock reconvergence pessimism
                                  4.93 ^ _273_/CLK (sky130_fd_sc_hd__dfxtp_1)
                         -0.07    4.86   library setup time
                                  4.86   data required time
-----------------------------------------------------------------------------
                                  4.86   data required time
                                 -0.88   data arrival time
-----------------------------------------------------------------------------
                                  3.98   slack (MET)



worst slack corner Typical: 2.5522
