
===========================================================================
report_checks -path_delay max (Setup)
============================================================================
======================= Typical Corner ===================================

Startpoint: _309_ (rising edge-triggered flip-flop clocked by core_clock)
Endpoint: _287_ (rising edge-triggered flip-flop clocked by core_clock)
Path Group: core_clock
Path Type: max

Fanout     Cap    Slew   Delay    Time   Description
-----------------------------------------------------------------------------
                  0.00    0.00    0.00   clock core_clock (rise edge)
                          0.00    0.00   clock network delay (ideal)
                  0.00    0.00    0.00 ^ _309_/CLK (sky130_fd_sc_hd__dfxtp_2)
     3    0.02    0.05    0.32    0.32 v _309_/Q (sky130_fd_sc_hd__dfxtp_2)
                                         x6.B (net)
                  0.05    0.00    0.32 v _133_/A (sky130_fd_sc_hd__xnor2_2)
     5    0.02    0.10    0.18    0.50 v _133_/Y (sky130_fd_sc_hd__xnor2_2)
                                         _084_ (net)
                  0.10    0.00    0.50 v _136_/B (sky130_fd_sc_hd__or4_2)
     6    0.02    0.15    0.74    1.23 v _136_/X (sky130_fd_sc_hd__or4_2)
                                         _087_ (net)
                  0.15    0.00    1.23 v _137_/C (sky130_fd_sc_hd__or3_2)
     2    0.01    0.09    0.46    1.69 v _137_/X (sky130_fd_sc_hd__or3_2)
                                         _088_ (net)
                  0.09    0.00    1.69 v _147_/A (sky130_fd_sc_hd__and3_2)
     3    0.02    0.07    0.23    1.92 v _147_/X (sky130_fd_sc_hd__and3_2)
                                         _098_ (net)
                  0.07    0.00    1.92 v _161_/A (sky130_fd_sc_hd__or3_2)
     1    0.01    0.10    0.51    2.43 v _161_/X (sky130_fd_sc_hd__or3_2)
                                         _112_ (net)
                  0.10    0.00    2.43 v _177_/A (sky130_fd_sc_hd__xnor2_2)
     1    0.00    0.04    0.14    2.57 v _177_/Y (sky130_fd_sc_hd__xnor2_2)
                                         x83.Si (net)
                  0.04    0.00    2.57 v _287_/D (sky130_fd_sc_hd__dfxtp_2)
                                  2.57   data arrival time

                  0.00    4.93    4.93   clock core_clock (rise edge)
                          0.00    4.93   clock network delay (ideal)
                          0.00    4.93   clock reconvergence pessimism
                                  4.93 ^ _287_/CLK (sky130_fd_sc_hd__dfxtp_2)
                         -0.12    4.81   library setup time
                                  4.81   data required time
-----------------------------------------------------------------------------
                                  4.81   data required time
                                 -2.57   data arrival time
-----------------------------------------------------------------------------
                                  2.23   slack (MET)


Startpoint: _311_ (rising edge-triggered flip-flop clocked by core_clock)
Endpoint: _286_ (rising edge-triggered flip-flop clocked by core_clock)
Path Group: core_clock
Path Type: max

Fanout     Cap    Slew   Delay    Time   Description
-----------------------------------------------------------------------------
                  0.00    0.00    0.00   clock core_clock (rise edge)
                          0.00    0.00   clock network delay (ideal)
                  0.00    0.00    0.00 ^ _311_/CLK (sky130_fd_sc_hd__dfxtp_2)
     4    0.02    0.06    0.33    0.33 v _311_/Q (sky130_fd_sc_hd__dfxtp_2)
                                         x4.B (net)
                  0.06    0.00    0.33 v _128_/A (sky130_fd_sc_hd__xnor2_2)
     7    0.02    0.12    0.19    0.52 v _128_/Y (sky130_fd_sc_hd__xnor2_2)
                                         _079_ (net)
                  0.12    0.00    0.52 v _195_/A (sky130_fd_sc_hd__or4_2)
     3    0.01    0.12    0.71    1.23 v _195_/X (sky130_fd_sc_hd__or4_2)
                                         _017_ (net)
                  0.12    0.00    1.23 v _196_/C (sky130_fd_sc_hd__or3_2)
     2    0.00    0.08    0.44    1.67 v _196_/X (sky130_fd_sc_hd__or3_2)
                                         _018_ (net)
                  0.08    0.00    1.67 v _200_/A3 (sky130_fd_sc_hd__o31a_2)
     1    0.01    0.07    0.32    1.99 v _200_/X (sky130_fd_sc_hd__o31a_2)
                                         _022_ (net)
                  0.07    0.00    1.99 v _205_/A (sky130_fd_sc_hd__xnor2_2)
     1    0.01    0.06    0.15    2.14 v _205_/Y (sky130_fd_sc_hd__xnor2_2)
                                         _027_ (net)
                  0.06    0.00    2.14 v _206_/B (sky130_fd_sc_hd__xnor2_2)
     1    0.00    0.05    0.13    2.28 v _206_/Y (sky130_fd_sc_hd__xnor2_2)
                                         x84.Si (net)
                  0.05    0.00    2.28 v _286_/D (sky130_fd_sc_hd__dfxtp_2)
                                  2.28   data arrival time

                  0.00    4.93    4.93   clock core_clock (rise edge)
                          0.00    4.93   clock network delay (ideal)
                          0.00    4.93   clock reconvergence pessimism
                                  4.93 ^ _286_/CLK (sky130_fd_sc_hd__dfxtp_2)
                         -0.13    4.80   library setup time
                                  4.80   data required time
-----------------------------------------------------------------------------
                                  4.80   data required time
                                 -2.28   data arrival time
-----------------------------------------------------------------------------
                                  2.53   slack (MET)


Startpoint: _309_ (rising edge-triggered flip-flop clocked by core_clock)
Endpoint: _285_ (rising edge-triggered flip-flop clocked by core_clock)
Path Group: core_clock
Path Type: max

Fanout     Cap    Slew   Delay    Time   Description
-----------------------------------------------------------------------------
                  0.00    0.00    0.00   clock core_clock (rise edge)
                          0.00    0.00   clock network delay (ideal)
                  0.00    0.00    0.00 ^ _309_/CLK (sky130_fd_sc_hd__dfxtp_2)
     3    0.02    0.05    0.32    0.32 v _309_/Q (sky130_fd_sc_hd__dfxtp_2)
                                         x6.B (net)
                  0.05    0.00    0.32 v _133_/A (sky130_fd_sc_hd__xnor2_2)
     5    0.02    0.10    0.18    0.50 v _133_/Y (sky130_fd_sc_hd__xnor2_2)
                                         _084_ (net)
                  0.10    0.00    0.50 v _142_/A (sky130_fd_sc_hd__or4b_2)
     2    0.00    0.11    0.69    1.18 v _142_/X (sky130_fd_sc_hd__or4b_2)
                                         _093_ (net)
                  0.11    0.00    1.18 v _144_/A3 (sky130_fd_sc_hd__a31o_2)
     3    0.01    0.05    0.29    1.47 v _144_/X (sky130_fd_sc_hd__a31o_2)
                                         _095_ (net)
                  0.05    0.00    1.47 v _212_/A (sky130_fd_sc_hd__or3_2)
     1    0.01    0.10    0.50    1.97 v _212_/X (sky130_fd_sc_hd__or3_2)
                                         _033_ (net)
                  0.10    0.00    1.97 v _213_/B (sky130_fd_sc_hd__xnor2_2)
     1    0.01    0.09    0.16    2.13 v _213_/Y (sky130_fd_sc_hd__xnor2_2)
                                         _034_ (net)
                  0.09    0.00    2.14 v _214_/B (sky130_fd_sc_hd__xnor2_2)
     1    0.00    0.04    0.14    2.27 v _214_/Y (sky130_fd_sc_hd__xnor2_2)
                                         x85.Si (net)
                  0.04    0.00    2.27 v _285_/D (sky130_fd_sc_hd__dfxtp_2)
                                  2.27   data arrival time

                  0.00    4.93    4.93   clock core_clock (rise edge)
                          0.00    4.93   clock network delay (ideal)
                          0.00    4.93   clock reconvergence pessimism
                                  4.93 ^ _285_/CLK (sky130_fd_sc_hd__dfxtp_2)
                         -0.12    4.81   library setup time
                                  4.81   data required time
-----------------------------------------------------------------------------
                                  4.81   data required time
                                 -2.27   data arrival time
-----------------------------------------------------------------------------
                                  2.53   slack (MET)


Startpoint: _309_ (rising edge-triggered flip-flop clocked by core_clock)
Endpoint: _284_ (rising edge-triggered flip-flop clocked by core_clock)
Path Group: core_clock
Path Type: max

Fanout     Cap    Slew   Delay    Time   Description
-----------------------------------------------------------------------------
                  0.00    0.00    0.00   clock core_clock (rise edge)
                          0.00    0.00   clock network delay (ideal)
                  0.00    0.00    0.00 ^ _309_/CLK (sky130_fd_sc_hd__dfxtp_2)
     3    0.02    0.05    0.32    0.32 v _309_/Q (sky130_fd_sc_hd__dfxtp_2)
                                         x6.B (net)
                  0.05    0.00    0.32 v _133_/A (sky130_fd_sc_hd__xnor2_2)
     5    0.02    0.10    0.18    0.50 v _133_/Y (sky130_fd_sc_hd__xnor2_2)
                                         _084_ (net)
                  0.10    0.00    0.50 v _136_/B (sky130_fd_sc_hd__or4_2)
     6    0.02    0.15    0.74    1.23 v _136_/X (sky130_fd_sc_hd__or4_2)
                                         _087_ (net)
                  0.15    0.00    1.23 v _221_/A2 (sky130_fd_sc_hd__o31a_2)
     2    0.01    0.06    0.37    1.60 v _221_/X (sky130_fd_sc_hd__o31a_2)
                                         _041_ (net)
                  0.06    0.00    1.60 v _222_/A2 (sky130_fd_sc_hd__a211o_2)
     2    0.01    0.08    0.37    1.97 v _222_/X (sky130_fd_sc_hd__a211o_2)
                                         _042_ (net)
                  0.08    0.00    1.97 v _223_/B (sky130_fd_sc_hd__xnor2_2)
     1    0.01    0.08    0.15    2.12 v _223_/Y (sky130_fd_sc_hd__xnor2_2)
                                         _043_ (net)
                  0.08    0.00    2.12 v _224_/B (sky130_fd_sc_hd__xnor2_2)
     1    0.00    0.05    0.14    2.26 v _224_/Y (sky130_fd_sc_hd__xnor2_2)
                                         x86.Si (net)
                  0.05    0.00    2.26 v _284_/D (sky130_fd_sc_hd__dfxtp_2)
                                  2.26   data arrival time

                  0.00    4.93    4.93   clock core_clock (rise edge)
                          0.00    4.93   clock network delay (ideal)
                          0.00    4.93   clock reconvergence pessimism
                                  4.93 ^ _284_/CLK (sky130_fd_sc_hd__dfxtp_2)
                         -0.13    4.80   library setup time
                                  4.80   data required time
-----------------------------------------------------------------------------
                                  4.80   data required time
                                 -2.26   data arrival time
-----------------------------------------------------------------------------
                                  2.54   slack (MET)


Startpoint: _309_ (rising edge-triggered flip-flop clocked by core_clock)
Endpoint: _289_ (rising edge-triggered flip-flop clocked by core_clock)
Path Group: core_clock
Path Type: max

Fanout     Cap    Slew   Delay    Time   Description
-----------------------------------------------------------------------------
                  0.00    0.00    0.00   clock core_clock (rise edge)
                          0.00    0.00   clock network delay (ideal)
                  0.00    0.00    0.00 ^ _309_/CLK (sky130_fd_sc_hd__dfxtp_2)
     3    0.02    0.05    0.32    0.32 v _309_/Q (sky130_fd_sc_hd__dfxtp_2)
                                         x6.B (net)
                  0.05    0.00    0.32 v _133_/A (sky130_fd_sc_hd__xnor2_2)
     5    0.02    0.10    0.18    0.50 v _133_/Y (sky130_fd_sc_hd__xnor2_2)
                                         _084_ (net)
                  0.10    0.00    0.50 v _136_/B (sky130_fd_sc_hd__or4_2)
     6    0.02    0.15    0.74    1.23 v _136_/X (sky130_fd_sc_hd__or4_2)
                                         _087_ (net)
                  0.15    0.00    1.23 v _137_/C (sky130_fd_sc_hd__or3_2)
     2    0.01    0.09    0.46    1.69 v _137_/X (sky130_fd_sc_hd__or3_2)
                                         _088_ (net)
                  0.09    0.00    1.69 v _147_/A (sky130_fd_sc_hd__and3_2)
     3    0.02    0.07    0.23    1.92 v _147_/X (sky130_fd_sc_hd__and3_2)
                                         _098_ (net)
                  0.07    0.00    1.92 v _236_/A1 (sky130_fd_sc_hd__o21ai_2)
     2    0.01    0.18    0.20    2.12 ^ _236_/Y (sky130_fd_sc_hd__o21ai_2)
                                         _053_ (net)
                  0.18    0.00    2.12 ^ _264_/A2 (sky130_fd_sc_hd__a311o_2)
     1    0.00    0.04    0.19    2.31 ^ _264_/X (sky130_fd_sc_hd__a311o_2)
                                         x66.G (net)
                  0.04    0.00    2.32 ^ _289_/D (sky130_fd_sc_hd__dfxtp_2)
                                  2.32   data arrival time

                  0.00    4.93    4.93   clock core_clock (rise edge)
                          0.00    4.93   clock network delay (ideal)
                          0.00    4.93   clock reconvergence pessimism
                                  4.93 ^ _289_/CLK (sky130_fd_sc_hd__dfxtp_2)
                         -0.06    4.87   library setup time
                                  4.87   data required time
-----------------------------------------------------------------------------
                                  4.87   data required time
                                 -2.32   data arrival time
-----------------------------------------------------------------------------
                                  2.55   slack (MET)


Startpoint: _309_ (rising edge-triggered flip-flop clocked by core_clock)
Endpoint: _288_ (rising edge-triggered flip-flop clocked by core_clock)
Path Group: core_clock
Path Type: max

Fanout     Cap    Slew   Delay    Time   Description
-----------------------------------------------------------------------------
                  0.00    0.00    0.00   clock core_clock (rise edge)
                          0.00    0.00   clock network delay (ideal)
                  0.00    0.00    0.00 ^ _309_/CLK (sky130_fd_sc_hd__dfxtp_2)
     3    0.02    0.05    0.32    0.32 v _309_/Q (sky130_fd_sc_hd__dfxtp_2)
                                         x6.B (net)
                  0.05    0.00    0.32 v _133_/A (sky130_fd_sc_hd__xnor2_2)
     5    0.02    0.10    0.18    0.50 v _133_/Y (sky130_fd_sc_hd__xnor2_2)
                                         _084_ (net)
                  0.10    0.00    0.50 v _136_/B (sky130_fd_sc_hd__or4_2)
     6    0.02    0.15    0.74    1.23 v _136_/X (sky130_fd_sc_hd__or4_2)
                                         _087_ (net)
                  0.15    0.00    1.23 v _221_/A2 (sky130_fd_sc_hd__o31a_2)
     2    0.01    0.06    0.37    1.60 v _221_/X (sky130_fd_sc_hd__o31a_2)
                                         _041_ (net)
                  0.06    0.00    1.60 v _222_/A2 (sky130_fd_sc_hd__a211o_2)
     2    0.01    0.08    0.37    1.97 v _222_/X (sky130_fd_sc_hd__a211o_2)
                                         _042_ (net)
                  0.08    0.00    1.97 v _271_/A2 (sky130_fd_sc_hd__a21oi_2)
     1    0.01    0.14    0.18    2.15 ^ _271_/Y (sky130_fd_sc_hd__a21oi_2)
                                         _078_ (net)
                  0.14    0.00    2.15 ^ _272_/B (sky130_fd_sc_hd__xnor2_2)
     1    0.00    0.12    0.13    2.28 ^ _272_/Y (sky130_fd_sc_hd__xnor2_2)
                                         x82.Si (net)
                  0.12    0.00    2.28 ^ _288_/D (sky130_fd_sc_hd__dfxtp_2)
                                  2.28   data arrival time

                  0.00    4.93    4.93   clock core_clock (rise edge)
                          0.00    4.93   clock network delay (ideal)
                          0.00    4.93   clock reconvergence pessimism
                                  4.93 ^ _288_/CLK (sky130_fd_sc_hd__dfxtp_2)
                         -0.08    4.85   library setup time
                                  4.85   data required time
-----------------------------------------------------------------------------
                                  4.85   data required time
                                 -2.28   data arrival time
-----------------------------------------------------------------------------
                                  2.56   slack (MET)


Startpoint: _309_ (rising edge-triggered flip-flop clocked by core_clock)
Endpoint: _281_ (rising edge-triggered flip-flop clocked by core_clock)
Path Group: core_clock
Path Type: max

Fanout     Cap    Slew   Delay    Time   Description
-----------------------------------------------------------------------------
                  0.00    0.00    0.00   clock core_clock (rise edge)
                          0.00    0.00   clock network delay (ideal)
                  0.00    0.00    0.00 ^ _309_/CLK (sky130_fd_sc_hd__dfxtp_2)
     3    0.02    0.05    0.32    0.32 v _309_/Q (sky130_fd_sc_hd__dfxtp_2)
                                         x6.B (net)
                  0.05    0.00    0.32 v _133_/A (sky130_fd_sc_hd__xnor2_2)
     5    0.02    0.10    0.18    0.50 v _133_/Y (sky130_fd_sc_hd__xnor2_2)
                                         _084_ (net)
                  0.10    0.00    0.50 v _136_/B (sky130_fd_sc_hd__or4_2)
     6    0.02    0.15    0.74    1.23 v _136_/X (sky130_fd_sc_hd__or4_2)
                                         _087_ (net)
                  0.15    0.00    1.23 v _137_/C (sky130_fd_sc_hd__or3_2)
     2    0.01    0.09    0.46    1.69 v _137_/X (sky130_fd_sc_hd__or3_2)
                                         _088_ (net)
                  0.09    0.00    1.69 v _147_/A (sky130_fd_sc_hd__and3_2)
     3    0.02    0.07    0.23    1.92 v _147_/X (sky130_fd_sc_hd__and3_2)
                                         _098_ (net)
                  0.07    0.00    1.92 v _236_/A1 (sky130_fd_sc_hd__o21ai_2)
     2    0.01    0.18    0.20    2.12 ^ _236_/Y (sky130_fd_sc_hd__o21ai_2)
                                         _053_ (net)
                  0.18    0.00    2.12 ^ _237_/B (sky130_fd_sc_hd__xnor2_2)
     1    0.00    0.10    0.13    2.25 ^ _237_/Y (sky130_fd_sc_hd__xnor2_2)
                                         x89.Si (net)
                  0.10    0.00    2.25 ^ _281_/D (sky130_fd_sc_hd__dfxtp_2)
                                  2.25   data arrival time

                  0.00    4.93    4.93   clock core_clock (rise edge)
                          0.00    4.93   clock network delay (ideal)
                          0.00    4.93   clock reconvergence pessimism
                                  4.93 ^ _281_/CLK (sky130_fd_sc_hd__dfxtp_2)
                         -0.08    4.85   library setup time
                                  4.85   data required time
-----------------------------------------------------------------------------
                                  4.85   data required time
                                 -2.25   data arrival time
-----------------------------------------------------------------------------
                                  2.60   slack (MET)


Startpoint: _309_ (rising edge-triggered flip-flop clocked by core_clock)
Endpoint: _279_ (rising edge-triggered flip-flop clocked by core_clock)
Path Group: core_clock
Path Type: max

Fanout     Cap    Slew   Delay    Time   Description
-----------------------------------------------------------------------------
                  0.00    0.00    0.00   clock core_clock (rise edge)
                          0.00    0.00   clock network delay (ideal)
                  0.00    0.00    0.00 ^ _309_/CLK (sky130_fd_sc_hd__dfxtp_2)
     3    0.02    0.05    0.32    0.32 v _309_/Q (sky130_fd_sc_hd__dfxtp_2)
                                         x6.B (net)
                  0.05    0.00    0.32 v _133_/A (sky130_fd_sc_hd__xnor2_2)
     5    0.02    0.10    0.18    0.50 v _133_/Y (sky130_fd_sc_hd__xnor2_2)
                                         _084_ (net)
                  0.10    0.00    0.50 v _136_/B (sky130_fd_sc_hd__or4_2)
     6    0.02    0.15    0.74    1.23 v _136_/X (sky130_fd_sc_hd__or4_2)
                                         _087_ (net)
                  0.15    0.00    1.23 v _137_/C (sky130_fd_sc_hd__or3_2)
     2    0.01    0.09    0.46    1.69 v _137_/X (sky130_fd_sc_hd__or3_2)
                                         _088_ (net)
                  0.09    0.00    1.69 v _147_/A (sky130_fd_sc_hd__and3_2)
     3    0.02    0.07    0.23    1.92 v _147_/X (sky130_fd_sc_hd__and3_2)
                                         _098_ (net)
                  0.07    0.00    1.92 v _240_/A (sky130_fd_sc_hd__xor2_2)
     1    0.00    0.07    0.17    2.09 v _240_/X (sky130_fd_sc_hd__xor2_2)
                                         x91.Si (net)
                  0.07    0.00    2.09 v _279_/D (sky130_fd_sc_hd__dfxtp_2)
                                  2.09   data arrival time

                  0.00    4.93    4.93   clock core_clock (rise edge)
                          0.00    4.93   clock network delay (ideal)
                          0.00    4.93   clock reconvergence pessimism
                                  4.93 ^ _279_/CLK (sky130_fd_sc_hd__dfxtp_2)
                         -0.14    4.79   library setup time
                                  4.79   data required time
-----------------------------------------------------------------------------
                                  4.79   data required time
                                 -2.09   data arrival time
-----------------------------------------------------------------------------
                                  2.70   slack (MET)


Startpoint: _309_ (rising edge-triggered flip-flop clocked by core_clock)
Endpoint: _283_ (rising edge-triggered flip-flop clocked by core_clock)
Path Group: core_clock
Path Type: max

Fanout     Cap    Slew   Delay    Time   Description
-----------------------------------------------------------------------------
                  0.00    0.00    0.00   clock core_clock (rise edge)
                          0.00    0.00   clock network delay (ideal)
                  0.00    0.00    0.00 ^ _309_/CLK (sky130_fd_sc_hd__dfxtp_2)
     3    0.02    0.05    0.32    0.32 v _309_/Q (sky130_fd_sc_hd__dfxtp_2)
                                         x6.B (net)
                  0.05    0.00    0.32 v _133_/A (sky130_fd_sc_hd__xnor2_2)
     5    0.02    0.10    0.18    0.50 v _133_/Y (sky130_fd_sc_hd__xnor2_2)
                                         _084_ (net)
                  0.10    0.00    0.50 v _136_/B (sky130_fd_sc_hd__or4_2)
     6    0.02    0.15    0.74    1.23 v _136_/X (sky130_fd_sc_hd__or4_2)
                                         _087_ (net)
                  0.15    0.00    1.23 v _137_/C (sky130_fd_sc_hd__or3_2)
     2    0.01    0.09    0.46    1.69 v _137_/X (sky130_fd_sc_hd__or3_2)
                                         _088_ (net)
                  0.09    0.00    1.69 v _226_/A (sky130_fd_sc_hd__nor2_2)
     1    0.01    0.13    0.16    1.86 ^ _226_/Y (sky130_fd_sc_hd__nor2_2)
                                         _045_ (net)
                  0.13    0.00    1.86 ^ _228_/A (sky130_fd_sc_hd__xnor2_2)
     1    0.01    0.06    0.10    1.95 v _228_/Y (sky130_fd_sc_hd__xnor2_2)
                                         _047_ (net)
                  0.06    0.00    1.95 v _229_/B (sky130_fd_sc_hd__xnor2_2)
     1    0.00    0.04    0.13    2.08 v _229_/Y (sky130_fd_sc_hd__xnor2_2)
                                         x87.Si (net)
                  0.04    0.00    2.08 v _283_/D (sky130_fd_sc_hd__dfxtp_2)
                                  2.08   data arrival time

                  0.00    4.93    4.93   clock core_clock (rise edge)
                          0.00    4.93   clock network delay (ideal)
                          0.00    4.93   clock reconvergence pessimism
                                  4.93 ^ _283_/CLK (sky130_fd_sc_hd__dfxtp_2)
                         -0.12    4.81   library setup time
                                  4.81   data required time
-----------------------------------------------------------------------------
                                  4.81   data required time
                                 -2.08   data arrival time
-----------------------------------------------------------------------------
                                  2.73   slack (MET)


Startpoint: _309_ (rising edge-triggered flip-flop clocked by core_clock)
Endpoint: _282_ (rising edge-triggered flip-flop clocked by core_clock)
Path Group: core_clock
Path Type: max

Fanout     Cap    Slew   Delay    Time   Description
-----------------------------------------------------------------------------
                  0.00    0.00    0.00   clock core_clock (rise edge)
                          0.00    0.00   clock network delay (ideal)
                  0.00    0.00    0.00 ^ _309_/CLK (sky130_fd_sc_hd__dfxtp_2)
     3    0.02    0.05    0.32    0.32 v _309_/Q (sky130_fd_sc_hd__dfxtp_2)
                                         x6.B (net)
                  0.05    0.00    0.32 v _133_/A (sky130_fd_sc_hd__xnor2_2)
     5    0.02    0.10    0.18    0.50 v _133_/Y (sky130_fd_sc_hd__xnor2_2)
                                         _084_ (net)
                  0.10    0.00    0.50 v _136_/B (sky130_fd_sc_hd__or4_2)
     6    0.02    0.15    0.74    1.23 v _136_/X (sky130_fd_sc_hd__or4_2)
                                         _087_ (net)
                  0.15    0.00    1.23 v _233_/A (sky130_fd_sc_hd__or3b_2)
     1    0.01    0.10    0.53    1.76 v _233_/X (sky130_fd_sc_hd__or3b_2)
                                         _051_ (net)
                  0.10    0.00    1.76 v _234_/B (sky130_fd_sc_hd__xnor2_2)
     1    0.01    0.08    0.16    1.92 v _234_/Y (sky130_fd_sc_hd__xnor2_2)
                                         _052_ (net)
                  0.08    0.00    1.92 v _235_/B (sky130_fd_sc_hd__xnor2_2)
     1    0.00    0.05    0.14    2.06 v _235_/Y (sky130_fd_sc_hd__xnor2_2)
                                         x88.Si (net)
                  0.05    0.00    2.06 v _282_/D (sky130_fd_sc_hd__dfxtp_2)
                                  2.06   data arrival time

                  0.00    4.93    4.93   clock core_clock (rise edge)
                          0.00    4.93   clock network delay (ideal)
                          0.00    4.93   clock reconvergence pessimism
                                  4.93 ^ _282_/CLK (sky130_fd_sc_hd__dfxtp_2)
                         -0.13    4.80   library setup time
                                  4.80   data required time
-----------------------------------------------------------------------------
                                  4.80   data required time
                                 -2.06   data arrival time
-----------------------------------------------------------------------------
                                  2.75   slack (MET)


Startpoint: _309_ (rising edge-triggered flip-flop clocked by core_clock)
Endpoint: _280_ (rising edge-triggered flip-flop clocked by core_clock)
Path Group: core_clock
Path Type: max

Fanout     Cap    Slew   Delay    Time   Description
-----------------------------------------------------------------------------
                  0.00    0.00    0.00   clock core_clock (rise edge)
                          0.00    0.00   clock network delay (ideal)
                  0.00    0.00    0.00 ^ _309_/CLK (sky130_fd_sc_hd__dfxtp_2)
     3    0.02    0.05    0.32    0.32 v _309_/Q (sky130_fd_sc_hd__dfxtp_2)
                                         x6.B (net)
                  0.05    0.00    0.32 v _133_/A (sky130_fd_sc_hd__xnor2_2)
     5    0.02    0.10    0.18    0.50 v _133_/Y (sky130_fd_sc_hd__xnor2_2)
                                         _084_ (net)
                  0.10    0.00    0.50 v _136_/B (sky130_fd_sc_hd__or4_2)
     6    0.02    0.15    0.74    1.23 v _136_/X (sky130_fd_sc_hd__or4_2)
                                         _087_ (net)
                  0.15    0.00    1.23 v _221_/A2 (sky130_fd_sc_hd__o31a_2)
     2    0.01    0.06    0.37    1.60 v _221_/X (sky130_fd_sc_hd__o31a_2)
                                         _041_ (net)
                  0.06    0.00    1.60 v _238_/C (sky130_fd_sc_hd__and3_2)
     1    0.01    0.05    0.23    1.83 v _238_/X (sky130_fd_sc_hd__and3_2)
                                         _054_ (net)
                  0.05    0.00    1.83 v _239_/B (sky130_fd_sc_hd__xor2_2)
     1    0.00    0.06    0.14    1.97 v _239_/X (sky130_fd_sc_hd__xor2_2)
                                         x90.Si (net)
                  0.06    0.00    1.97 v _280_/D (sky130_fd_sc_hd__dfxtp_2)
                                  1.97   data arrival time

                  0.00    4.93    4.93   clock core_clock (rise edge)
                          0.00    4.93   clock network delay (ideal)
                          0.00    4.93   clock reconvergence pessimism
                                  4.93 ^ _280_/CLK (sky130_fd_sc_hd__dfxtp_2)
                         -0.13    4.80   library setup time
                                  4.80   data required time
-----------------------------------------------------------------------------
                                  4.80   data required time
                                 -1.97   data arrival time
-----------------------------------------------------------------------------
                                  2.83   slack (MET)


Startpoint: _309_ (rising edge-triggered flip-flop clocked by core_clock)
Endpoint: _278_ (rising edge-triggered flip-flop clocked by core_clock)
Path Group: core_clock
Path Type: max

Fanout     Cap    Slew   Delay    Time   Description
-----------------------------------------------------------------------------
                  0.00    0.00    0.00   clock core_clock (rise edge)
                          0.00    0.00   clock network delay (ideal)
                  0.00    0.00    0.00 ^ _309_/CLK (sky130_fd_sc_hd__dfxtp_2)
     3    0.02    0.05    0.32    0.32 v _309_/Q (sky130_fd_sc_hd__dfxtp_2)
                                         x6.B (net)
                  0.05    0.00    0.32 v _133_/A (sky130_fd_sc_hd__xnor2_2)
     5    0.02    0.10    0.18    0.50 v _133_/Y (sky130_fd_sc_hd__xnor2_2)
                                         _084_ (net)
                  0.10    0.00    0.50 v _136_/B (sky130_fd_sc_hd__or4_2)
     6    0.02    0.15    0.74    1.23 v _136_/X (sky130_fd_sc_hd__or4_2)
                                         _087_ (net)
                  0.15    0.00    1.23 v _241_/B (sky130_fd_sc_hd__nor2_2)
     2    0.01    0.18    0.20    1.43 ^ _241_/Y (sky130_fd_sc_hd__nor2_2)
                                         _055_ (net)
                  0.18    0.00    1.43 ^ _242_/B (sky130_fd_sc_hd__xnor2_2)
     1    0.01    0.09    0.10    1.53 v _242_/Y (sky130_fd_sc_hd__xnor2_2)
                                         _056_ (net)
                  0.09    0.00    1.53 v _243_/B (sky130_fd_sc_hd__xnor2_2)
     1    0.00    0.05    0.15    1.67 v _243_/Y (sky130_fd_sc_hd__xnor2_2)
                                         x92.Si (net)
                  0.05    0.00    1.67 v _278_/D (sky130_fd_sc_hd__dfxtp_2)
                                  1.67   data arrival time

                  0.00    4.93    4.93   clock core_clock (rise edge)
                          0.00    4.93   clock network delay (ideal)
                          0.00    4.93   clock reconvergence pessimism
                                  4.93 ^ _278_/CLK (sky130_fd_sc_hd__dfxtp_2)
                         -0.13    4.80   library setup time
                                  4.80   data required time
-----------------------------------------------------------------------------
                                  4.80   data required time
                                 -1.67   data arrival time
-----------------------------------------------------------------------------
                                  3.13   slack (MET)


Startpoint: _309_ (rising edge-triggered flip-flop clocked by core_clock)
Endpoint: _277_ (rising edge-triggered flip-flop clocked by core_clock)
Path Group: core_clock
Path Type: max

Fanout     Cap    Slew   Delay    Time   Description
-----------------------------------------------------------------------------
                  0.00    0.00    0.00   clock core_clock (rise edge)
                          0.00    0.00   clock network delay (ideal)
                  0.00    0.00    0.00 ^ _309_/CLK (sky130_fd_sc_hd__dfxtp_2)
     3    0.02    0.05    0.32    0.32 v _309_/Q (sky130_fd_sc_hd__dfxtp_2)
                                         x6.B (net)
                  0.05    0.00    0.32 v _133_/A (sky130_fd_sc_hd__xnor2_2)
     5    0.02    0.10    0.18    0.50 v _133_/Y (sky130_fd_sc_hd__xnor2_2)
                                         _084_ (net)
                  0.10    0.00    0.50 v _136_/B (sky130_fd_sc_hd__or4_2)
     6    0.02    0.15    0.74    1.23 v _136_/X (sky130_fd_sc_hd__or4_2)
                                         _087_ (net)
                  0.15    0.00    1.23 v _241_/B (sky130_fd_sc_hd__nor2_2)
     2    0.01    0.18    0.20    1.43 ^ _241_/Y (sky130_fd_sc_hd__nor2_2)
                                         _055_ (net)
                  0.18    0.00    1.43 ^ _247_/A (sky130_fd_sc_hd__nor2_2)
     1    0.01    0.05    0.08    1.51 v _247_/Y (sky130_fd_sc_hd__nor2_2)
                                         _060_ (net)
                  0.05    0.00    1.51 v _248_/B (sky130_fd_sc_hd__xnor2_2)
     1    0.00    0.05    0.13    1.63 v _248_/Y (sky130_fd_sc_hd__xnor2_2)
                                         x93.Si (net)
                  0.05    0.00    1.63 v _277_/D (sky130_fd_sc_hd__dfxtp_2)
                                  1.63   data arrival time

                  0.00    4.93    4.93   clock core_clock (rise edge)
                          0.00    4.93   clock network delay (ideal)
                          0.00    4.93   clock reconvergence pessimism
                                  4.93 ^ _277_/CLK (sky130_fd_sc_hd__dfxtp_2)
                         -0.12    4.81   library setup time
                                  4.81   data required time
-----------------------------------------------------------------------------
                                  4.81   data required time
                                 -1.63   data arrival time
-----------------------------------------------------------------------------
                                  3.17   slack (MET)


Startpoint: _308_ (rising edge-triggered flip-flop clocked by core_clock)
Endpoint: _276_ (rising edge-triggered flip-flop clocked by core_clock)
Path Group: core_clock
Path Type: max

Fanout     Cap    Slew   Delay    Time   Description
-----------------------------------------------------------------------------
                  0.00    0.00    0.00   clock core_clock (rise edge)
                          0.00    0.00   clock network delay (ideal)
                  0.00    0.00    0.00 ^ _308_/CLK (sky130_fd_sc_hd__dfxtp_2)
     4    0.02    0.06    0.33    0.33 v _308_/Q (sky130_fd_sc_hd__dfxtp_2)
                                         x5.B (net)
                  0.06    0.00    0.33 v _134_/A (sky130_fd_sc_hd__xnor2_2)
     5    0.02    0.09    0.18    0.50 v _134_/Y (sky130_fd_sc_hd__xnor2_2)
                                         _085_ (net)
                  0.09    0.00    0.50 v _189_/B (sky130_fd_sc_hd__or3_2)
     2    0.00    0.08    0.47    0.97 v _189_/X (sky130_fd_sc_hd__or3_2)
                                         _011_ (net)
                  0.08    0.00    0.97 v _190_/B (sky130_fd_sc_hd__and2_2)
     2    0.01    0.06    0.23    1.20 v _190_/X (sky130_fd_sc_hd__and2_2)
                                         _012_ (net)
                  0.06    0.00    1.20 v _251_/A (sky130_fd_sc_hd__xnor2_2)
     1    0.00    0.05    0.14    1.34 v _251_/Y (sky130_fd_sc_hd__xnor2_2)
                                         x94.Si (net)
                  0.05    0.00    1.34 v _276_/D (sky130_fd_sc_hd__dfxtp_2)
                                  1.34   data arrival time

                  0.00    4.93    4.93   clock core_clock (rise edge)
                          0.00    4.93   clock network delay (ideal)
                          0.00    4.93   clock reconvergence pessimism
                                  4.93 ^ _276_/CLK (sky130_fd_sc_hd__dfxtp_2)
                         -0.13    4.80   library setup time
                                  4.80   data required time
-----------------------------------------------------------------------------
                                  4.80   data required time
                                 -1.34   data arrival time
-----------------------------------------------------------------------------
                                  3.47   slack (MET)


Startpoint: _306_ (rising edge-triggered flip-flop clocked by core_clock)
Endpoint: _275_ (rising edge-triggered flip-flop clocked by core_clock)
Path Group: core_clock
Path Type: max

Fanout     Cap    Slew   Delay    Time   Description
-----------------------------------------------------------------------------
                  0.00    0.00    0.00   clock core_clock (rise edge)
                          0.00    0.00   clock network delay (ideal)
                  0.00    0.00    0.00 ^ _306_/CLK (sky130_fd_sc_hd__dfxtp_2)
     3    0.01    0.04    0.30    0.30 v _306_/Q (sky130_fd_sc_hd__dfxtp_2)
                                         x7.B (net)
                  0.04    0.00    0.30 v _130_/A (sky130_fd_sc_hd__or2_2)
     3    0.01    0.08    0.32    0.63 v _130_/X (sky130_fd_sc_hd__or2_2)
                                         _081_ (net)
                  0.08    0.00    0.63 v _252_/C (sky130_fd_sc_hd__and3_2)
     2    0.01    0.05    0.23    0.86 v _252_/X (sky130_fd_sc_hd__and3_2)
                                         _063_ (net)
                  0.05    0.00    0.86 v _253_/A1 (sky130_fd_sc_hd__o21ba_2)
     1    0.01    0.05    0.22    1.08 v _253_/X (sky130_fd_sc_hd__o21ba_2)
                                         _064_ (net)
                  0.05    0.00    1.08 v _254_/B (sky130_fd_sc_hd__xnor2_2)
     1    0.00    0.06    0.12    1.20 v _254_/Y (sky130_fd_sc_hd__xnor2_2)
                                         x95.Si (net)
                  0.06    0.00    1.20 v _275_/D (sky130_fd_sc_hd__dfxtp_2)
                                  1.20   data arrival time

                  0.00    4.93    4.93   clock core_clock (rise edge)
                          0.00    4.93   clock network delay (ideal)
                          0.00    4.93   clock reconvergence pessimism
                                  4.93 ^ _275_/CLK (sky130_fd_sc_hd__dfxtp_2)
                         -0.13    4.80   library setup time
                                  4.80   data required time
-----------------------------------------------------------------------------
                                  4.80   data required time
                                 -1.20   data arrival time
-----------------------------------------------------------------------------
                                  3.60   slack (MET)


Startpoint: _306_ (rising edge-triggered flip-flop clocked by core_clock)
Endpoint: _274_ (rising edge-triggered flip-flop clocked by core_clock)
Path Group: core_clock
Path Type: max

Fanout     Cap    Slew   Delay    Time   Description
-----------------------------------------------------------------------------
                  0.00    0.00    0.00   clock core_clock (rise edge)
                          0.00    0.00   clock network delay (ideal)
                  0.00    0.00    0.00 ^ _306_/CLK (sky130_fd_sc_hd__dfxtp_2)
     3    0.01    0.04    0.30    0.30 v _306_/Q (sky130_fd_sc_hd__dfxtp_2)
                                         x7.B (net)
                  0.04    0.00    0.30 v _130_/A (sky130_fd_sc_hd__or2_2)
     3    0.01    0.08    0.32    0.63 v _130_/X (sky130_fd_sc_hd__or2_2)
                                         _081_ (net)
                  0.08    0.00    0.63 v _131_/C (sky130_fd_sc_hd__nand3_2)
     8    0.03    0.17    0.17    0.79 ^ _131_/Y (sky130_fd_sc_hd__nand3_2)
                                         _082_ (net)
                  0.17    0.00    0.79 ^ _232_/B (sky130_fd_sc_hd__nand2_2)
     2    0.01    0.07    0.10    0.89 v _232_/Y (sky130_fd_sc_hd__nand2_2)
                                         _050_ (net)
                  0.07    0.00    0.89 v _255_/B (sky130_fd_sc_hd__xnor2_2)
     1    0.00    0.05    0.13    1.02 v _255_/Y (sky130_fd_sc_hd__xnor2_2)
                                         x96.Si (net)
                  0.05    0.00    1.02 v _274_/D (sky130_fd_sc_hd__dfxtp_2)
                                  1.02   data arrival time

                  0.00    4.93    4.93   clock core_clock (rise edge)
                          0.00    4.93   clock network delay (ideal)
                          0.00    4.93   clock reconvergence pessimism
                                  4.93 ^ _274_/CLK (sky130_fd_sc_hd__dfxtp_2)
                         -0.13    4.80   library setup time
                                  4.80   data required time
-----------------------------------------------------------------------------
                                  4.80   data required time
                                 -1.02   data arrival time
-----------------------------------------------------------------------------
                                  3.78   slack (MET)


Startpoint: _306_ (rising edge-triggered flip-flop clocked by core_clock)
Endpoint: _273_ (rising edge-triggered flip-flop clocked by core_clock)
Path Group: core_clock
Path Type: max

Fanout     Cap    Slew   Delay    Time   Description
-----------------------------------------------------------------------------
                  0.00    0.00    0.00   clock core_clock (rise edge)
                          0.00    0.00   clock network delay (ideal)
                  0.00    0.00    0.00 ^ _306_/CLK (sky130_fd_sc_hd__dfxtp_2)
     3    0.01    0.04    0.30    0.30 v _306_/Q (sky130_fd_sc_hd__dfxtp_2)
                                         x7.B (net)
                  0.04    0.00    0.30 v _130_/A (sky130_fd_sc_hd__or2_2)
     3    0.01    0.08    0.32    0.63 v _130_/X (sky130_fd_sc_hd__or2_2)
                                         _081_ (net)
                  0.08    0.00    0.63 v _252_/C (sky130_fd_sc_hd__and3_2)
     2    0.01    0.05    0.23    0.86 v _252_/X (sky130_fd_sc_hd__and3_2)
                                         _063_ (net)
                  0.05    0.00    0.86 v _257_/A (sky130_fd_sc_hd__nor2_2)
     1    0.00    0.06    0.09    0.95 ^ _257_/Y (sky130_fd_sc_hd__nor2_2)
                                         x97.Si (net)
                  0.06    0.00    0.95 ^ _273_/D (sky130_fd_sc_hd__dfxtp_2)
                                  0.95   data arrival time

                  0.00    4.93    4.93   clock core_clock (rise edge)
                          0.00    4.93   clock network delay (ideal)
                          0.00    4.93   clock reconvergence pessimism
                                  4.93 ^ _273_/CLK (sky130_fd_sc_hd__dfxtp_2)
                         -0.07    4.86   library setup time
                                  4.86   data required time
-----------------------------------------------------------------------------
                                  4.86   data required time
                                 -0.95   data arrival time
-----------------------------------------------------------------------------
                                  3.91   slack (MET)



worst slack corner Typical: 2.2345
