
===========================================================================
report_checks -path_delay min (Hold)
============================================================================
======================= Typical Corner ===================================

Startpoint: _322_ (rising edge-triggered flip-flop clocked by core_clock)
Endpoint: _273_ (rising edge-triggered flip-flop clocked by core_clock)
Path Group: core_clock
Path Type: min

Fanout     Cap    Slew   Delay    Time   Description
-----------------------------------------------------------------------------
                  0.00    0.00    0.00   clock core_clock (rise edge)
                          0.00    0.00   clock network delay (ideal)
                  0.00    0.00    0.00 ^ _322_/CLK (sky130_fd_sc_hd__dfxtp_2)
     3    0.01    0.08    0.33    0.33 ^ _322_/Q (sky130_fd_sc_hd__dfxtp_2)
                                         x66.G1 (net)
                  0.08    0.00    0.33 ^ _256_/B1 (sky130_fd_sc_hd__a21oi_2)
     1    0.00    0.03    0.04    0.37 v _256_/Y (sky130_fd_sc_hd__a21oi_2)
                                         _065_ (net)
                  0.03    0.00    0.37 v _257_/B (sky130_fd_sc_hd__nor2_2)
     1    0.00    0.06    0.07    0.44 ^ _257_/Y (sky130_fd_sc_hd__nor2_2)
                                         x97.Si (net)
                  0.06    0.00    0.44 ^ _273_/D (sky130_fd_sc_hd__dfxtp_2)
                                  0.44   data arrival time

                  0.00    0.00    0.00   clock core_clock (rise edge)
                          0.00    0.00   clock network delay (ideal)
                          0.00    0.00   clock reconvergence pessimism
                                  0.00 ^ _273_/CLK (sky130_fd_sc_hd__dfxtp_2)
                         -0.04   -0.04   library hold time
                                 -0.04   data required time
-----------------------------------------------------------------------------
                                 -0.04   data required time
                                 -0.44   data arrival time
-----------------------------------------------------------------------------
                                  0.48   slack (MET)


Startpoint: _306_ (rising edge-triggered flip-flop clocked by core_clock)
Endpoint: _274_ (rising edge-triggered flip-flop clocked by core_clock)
Path Group: core_clock
Path Type: min

Fanout     Cap    Slew   Delay    Time   Description
-----------------------------------------------------------------------------
                  0.00    0.00    0.00   clock core_clock (rise edge)
                          0.00    0.00   clock network delay (ideal)
                  0.00    0.00    0.00 ^ _306_/CLK (sky130_fd_sc_hd__dfxtp_2)
     3    0.01    0.06    0.31    0.31 ^ _306_/Q (sky130_fd_sc_hd__dfxtp_2)
                                         x7.B (net)
                  0.06    0.00    0.31 ^ _129_/A (sky130_fd_sc_hd__nand2_2)
     5    0.02    0.08    0.08    0.40 v _129_/Y (sky130_fd_sc_hd__nand2_2)
                                         _080_ (net)
                  0.08    0.00    0.40 v _232_/A (sky130_fd_sc_hd__nand2_2)
     2    0.01    0.07    0.09    0.49 ^ _232_/Y (sky130_fd_sc_hd__nand2_2)
                                         _050_ (net)
                  0.07    0.00    0.49 ^ _255_/B (sky130_fd_sc_hd__xnor2_2)
     1    0.00    0.03    0.05    0.55 v _255_/Y (sky130_fd_sc_hd__xnor2_2)
                                         x96.Si (net)
                  0.03    0.00    0.55 v _274_/D (sky130_fd_sc_hd__dfxtp_2)
                                  0.55   data arrival time

                  0.00    0.00    0.00   clock core_clock (rise edge)
                          0.00    0.00   clock network delay (ideal)
                          0.00    0.00   clock reconvergence pessimism
                                  0.00 ^ _274_/CLK (sky130_fd_sc_hd__dfxtp_2)
                         -0.05   -0.05   library hold time
                                 -0.05   data required time
-----------------------------------------------------------------------------
                                 -0.05   data required time
                                 -0.55   data arrival time
-----------------------------------------------------------------------------
                                  0.59   slack (MET)


Startpoint: _305_ (rising edge-triggered flip-flop clocked by core_clock)
Endpoint: _289_ (rising edge-triggered flip-flop clocked by core_clock)
Path Group: core_clock
Path Type: min

Fanout     Cap    Slew   Delay    Time   Description
-----------------------------------------------------------------------------
                  0.00    0.00    0.00   clock core_clock (rise edge)
                          0.00    0.00   clock network delay (ideal)
                  0.00    0.00    0.00 ^ _305_/CLK (sky130_fd_sc_hd__dfxtp_2)
     3    0.01    0.08    0.33    0.33 ^ _305_/Q (sky130_fd_sc_hd__dfxtp_2)
                                         x10.A (net)
                  0.08    0.00    0.33 ^ _263_/A2 (sky130_fd_sc_hd__o22a_2)
     1    0.01    0.04    0.15    0.48 ^ _263_/X (sky130_fd_sc_hd__o22a_2)
                                         _071_ (net)
                  0.04    0.00    0.48 ^ _264_/C1 (sky130_fd_sc_hd__a311o_2)
     1    0.00    0.03    0.09    0.57 ^ _264_/X (sky130_fd_sc_hd__a311o_2)
                                         x66.G (net)
                  0.03    0.00    0.57 ^ _289_/D (sky130_fd_sc_hd__dfxtp_2)
                                  0.57   data arrival time

                  0.00    0.00    0.00   clock core_clock (rise edge)
                          0.00    0.00   clock network delay (ideal)
                          0.00    0.00   clock reconvergence pessimism
                                  0.00 ^ _289_/CLK (sky130_fd_sc_hd__dfxtp_2)
                         -0.03   -0.03   library hold time
                                 -0.03   data required time
-----------------------------------------------------------------------------
                                 -0.03   data required time
                                 -0.57   data arrival time
-----------------------------------------------------------------------------
                                  0.61   slack (MET)


Startpoint: _292_ (rising edge-triggered flip-flop clocked by core_clock)
Endpoint: _275_ (rising edge-triggered flip-flop clocked by core_clock)
Path Group: core_clock
Path Type: min

Fanout     Cap    Slew   Delay    Time   Description
-----------------------------------------------------------------------------
                  0.00    0.00    0.00   clock core_clock (rise edge)
                          0.00    0.00   clock network delay (ideal)
                  0.00    0.00    0.00 ^ _292_/CLK (sky130_fd_sc_hd__dfxtp_2)
     4    0.02    0.11    0.35    0.35 ^ _292_/Q (sky130_fd_sc_hd__dfxtp_2)
                                         x5.A (net)
                  0.11    0.00    0.35 ^ _134_/B (sky130_fd_sc_hd__xnor2_2)
     5    0.02    0.10    0.17    0.52 ^ _134_/Y (sky130_fd_sc_hd__xnor2_2)
                                         _085_ (net)
                  0.10    0.00    0.52 ^ _254_/A (sky130_fd_sc_hd__xnor2_2)
     1    0.00    0.03    0.07    0.59 v _254_/Y (sky130_fd_sc_hd__xnor2_2)
                                         x95.Si (net)
                  0.03    0.00    0.59 v _275_/D (sky130_fd_sc_hd__dfxtp_2)
                                  0.59   data arrival time

                  0.00    0.00    0.00   clock core_clock (rise edge)
                          0.00    0.00   clock network delay (ideal)
                          0.00    0.00   clock reconvergence pessimism
                                  0.00 ^ _275_/CLK (sky130_fd_sc_hd__dfxtp_2)
                         -0.05   -0.05   library hold time
                                 -0.05   data required time
-----------------------------------------------------------------------------
                                 -0.05   data required time
                                 -0.59   data arrival time
-----------------------------------------------------------------------------
                                  0.64   slack (MET)


Startpoint: _298_ (rising edge-triggered flip-flop clocked by core_clock)
Endpoint: _281_ (rising edge-triggered flip-flop clocked by core_clock)
Path Group: core_clock
Path Type: min

Fanout     Cap    Slew   Delay    Time   Description
-----------------------------------------------------------------------------
                  0.00    0.00    0.00   clock core_clock (rise edge)
                          0.00    0.00   clock network delay (ideal)
                  0.00    0.00    0.00 ^ _298_/CLK (sky130_fd_sc_hd__dfxtp_2)
     4    0.02    0.11    0.35    0.35 ^ _298_/Q (sky130_fd_sc_hd__dfxtp_2)
                                         x15.A (net)
                  0.11    0.00    0.35 ^ _152_/B (sky130_fd_sc_hd__xnor2_2)
     4    0.02    0.10    0.16    0.52 ^ _152_/Y (sky130_fd_sc_hd__xnor2_2)
                                         _103_ (net)
                  0.10    0.00    0.52 ^ _237_/A (sky130_fd_sc_hd__xnor2_2)
     1    0.00    0.03    0.07    0.59 v _237_/Y (sky130_fd_sc_hd__xnor2_2)
                                         x89.Si (net)
                  0.03    0.00    0.59 v _281_/D (sky130_fd_sc_hd__dfxtp_2)
                                  0.59   data arrival time

                  0.00    0.00    0.00   clock core_clock (rise edge)
                          0.00    0.00   clock network delay (ideal)
                          0.00    0.00   clock reconvergence pessimism
                                  0.00 ^ _281_/CLK (sky130_fd_sc_hd__dfxtp_2)
                         -0.05   -0.05   library hold time
                                 -0.05   data required time
-----------------------------------------------------------------------------
                                 -0.05   data required time
                                 -0.59   data arrival time
-----------------------------------------------------------------------------
                                  0.64   slack (MET)


Startpoint: _297_ (rising edge-triggered flip-flop clocked by core_clock)
Endpoint: _280_ (rising edge-triggered flip-flop clocked by core_clock)
Path Group: core_clock
Path Type: min

Fanout     Cap    Slew   Delay    Time   Description
-----------------------------------------------------------------------------
                  0.00    0.00    0.00   clock core_clock (rise edge)
                          0.00    0.00   clock network delay (ideal)
                  0.00    0.00    0.00 ^ _297_/CLK (sky130_fd_sc_hd__dfxtp_2)
     4    0.02    0.11    0.35    0.35 ^ _297_/Q (sky130_fd_sc_hd__dfxtp_2)
                                         x2.A (net)
                  0.11    0.00    0.36 ^ _148_/B (sky130_fd_sc_hd__xnor2_2)
     4    0.02    0.10    0.16    0.52 ^ _148_/Y (sky130_fd_sc_hd__xnor2_2)
                                         _099_ (net)
                  0.10    0.00    0.52 ^ _239_/A (sky130_fd_sc_hd__xor2_2)
     1    0.00    0.03    0.08    0.59 v _239_/X (sky130_fd_sc_hd__xor2_2)
                                         x90.Si (net)
                  0.03    0.00    0.59 v _280_/D (sky130_fd_sc_hd__dfxtp_2)
                                  0.59   data arrival time

                  0.00    0.00    0.00   clock core_clock (rise edge)
                          0.00    0.00   clock network delay (ideal)
                          0.00    0.00   clock reconvergence pessimism
                                  0.00 ^ _280_/CLK (sky130_fd_sc_hd__dfxtp_2)
                         -0.05   -0.05   library hold time
                                 -0.05   data required time
-----------------------------------------------------------------------------
                                 -0.05   data required time
                                 -0.59   data arrival time
-----------------------------------------------------------------------------
                                  0.64   slack (MET)


Startpoint: _296_ (rising edge-triggered flip-flop clocked by core_clock)
Endpoint: _279_ (rising edge-triggered flip-flop clocked by core_clock)
Path Group: core_clock
Path Type: min

Fanout     Cap    Slew   Delay    Time   Description
-----------------------------------------------------------------------------
                  0.00    0.00    0.00   clock core_clock (rise edge)
                          0.00    0.00   clock network delay (ideal)
                  0.00    0.00    0.00 ^ _296_/CLK (sky130_fd_sc_hd__dfxtp_2)
     4    0.02    0.12    0.36    0.36 ^ _296_/Q (sky130_fd_sc_hd__dfxtp_2)
                                         x1.A (net)
                  0.12    0.00    0.36 ^ _149_/B (sky130_fd_sc_hd__xnor2_2)
     5    0.02    0.09    0.12    0.47 v _149_/Y (sky130_fd_sc_hd__xnor2_2)
                                         _100_ (net)
                  0.09    0.00    0.47 v _240_/B (sky130_fd_sc_hd__xor2_2)
     1    0.00    0.07    0.13    0.60 ^ _240_/X (sky130_fd_sc_hd__xor2_2)
                                         x91.Si (net)
                  0.07    0.00    0.60 ^ _279_/D (sky130_fd_sc_hd__dfxtp_2)
                                  0.60   data arrival time

                  0.00    0.00    0.00   clock core_clock (rise edge)
                          0.00    0.00   clock network delay (ideal)
                          0.00    0.00   clock reconvergence pessimism
                                  0.00 ^ _279_/CLK (sky130_fd_sc_hd__dfxtp_2)
                         -0.04   -0.04   library hold time
                                 -0.04   data required time
-----------------------------------------------------------------------------
                                 -0.04   data required time
                                 -0.60   data arrival time
-----------------------------------------------------------------------------
                                  0.65   slack (MET)


Startpoint: _292_ (rising edge-triggered flip-flop clocked by core_clock)
Endpoint: _277_ (rising edge-triggered flip-flop clocked by core_clock)
Path Group: core_clock
Path Type: min

Fanout     Cap    Slew   Delay    Time   Description
-----------------------------------------------------------------------------
                  0.00    0.00    0.00   clock core_clock (rise edge)
                          0.00    0.00   clock network delay (ideal)
                  0.00    0.00    0.00 ^ _292_/CLK (sky130_fd_sc_hd__dfxtp_2)
     4    0.02    0.06    0.32    0.32 v _292_/Q (sky130_fd_sc_hd__dfxtp_2)
                                         x5.A (net)
                  0.06    0.00    0.32 v _139_/C1 (sky130_fd_sc_hd__o211ai_2)
     2    0.00    0.06    0.06    0.39 ^ _139_/Y (sky130_fd_sc_hd__o211ai_2)
                                         _090_ (net)
                  0.06    0.00    0.39 ^ _244_/B (sky130_fd_sc_hd__and3_2)
     1    0.01    0.07    0.19    0.58 ^ _244_/X (sky130_fd_sc_hd__and3_2)
                                         _057_ (net)
                  0.07    0.00    0.58 ^ _248_/A (sky130_fd_sc_hd__xnor2_2)
     1    0.00    0.04    0.07    0.65 v _248_/Y (sky130_fd_sc_hd__xnor2_2)
                                         x93.Si (net)
                  0.04    0.00    0.65 v _277_/D (sky130_fd_sc_hd__dfxtp_2)
                                  0.65   data arrival time

                  0.00    0.00    0.00   clock core_clock (rise edge)
                          0.00    0.00   clock network delay (ideal)
                          0.00    0.00   clock reconvergence pessimism
                                  0.00 ^ _277_/CLK (sky130_fd_sc_hd__dfxtp_2)
                         -0.05   -0.05   library hold time
                                 -0.05   data required time
-----------------------------------------------------------------------------
                                 -0.05   data required time
                                 -0.65   data arrival time
-----------------------------------------------------------------------------
                                  0.70   slack (MET)


Startpoint: _301_ (rising edge-triggered flip-flop clocked by core_clock)
Endpoint: _285_ (rising edge-triggered flip-flop clocked by core_clock)
Path Group: core_clock
Path Type: min

Fanout     Cap    Slew   Delay    Time   Description
-----------------------------------------------------------------------------
                  0.00    0.00    0.00   clock core_clock (rise edge)
                          0.00    0.00   clock network delay (ideal)
                  0.00    0.00    0.00 ^ _301_/CLK (sky130_fd_sc_hd__dfxtp_2)
     4    0.02    0.11    0.35    0.35 ^ _301_/Q (sky130_fd_sc_hd__dfxtp_2)
                                         x14.A (net)
                  0.11    0.00    0.35 ^ _169_/A2 (sky130_fd_sc_hd__o21ai_2)
     2    0.01    0.05    0.08    0.43 v _169_/Y (sky130_fd_sc_hd__o21ai_2)
                                         _120_ (net)
                  0.05    0.00    0.43 v _210_/B1 (sky130_fd_sc_hd__o21ai_2)
     2    0.00    0.05    0.06    0.49 ^ _210_/Y (sky130_fd_sc_hd__o21ai_2)
                                         _031_ (net)
                  0.05    0.00    0.49 ^ _211_/B1 (sky130_fd_sc_hd__a21o_2)
     1    0.01    0.06    0.10    0.59 ^ _211_/X (sky130_fd_sc_hd__a21o_2)
                                         _032_ (net)
                  0.06    0.00    0.59 ^ _214_/A (sky130_fd_sc_hd__xnor2_2)
     1    0.00    0.03    0.06    0.65 v _214_/Y (sky130_fd_sc_hd__xnor2_2)
                                         x85.Si (net)
                  0.03    0.00    0.65 v _285_/D (sky130_fd_sc_hd__dfxtp_2)
                                  0.65   data arrival time

                  0.00    0.00    0.00   clock core_clock (rise edge)
                          0.00    0.00   clock network delay (ideal)
                          0.00    0.00   clock reconvergence pessimism
                                  0.00 ^ _285_/CLK (sky130_fd_sc_hd__dfxtp_2)
                         -0.05   -0.05   library hold time
                                 -0.05   data required time
-----------------------------------------------------------------------------
                                 -0.05   data required time
                                 -0.65   data arrival time
-----------------------------------------------------------------------------
                                  0.70   slack (MET)


Startpoint: _298_ (rising edge-triggered flip-flop clocked by core_clock)
Endpoint: _282_ (rising edge-triggered flip-flop clocked by core_clock)
Path Group: core_clock
Path Type: min

Fanout     Cap    Slew   Delay    Time   Description
-----------------------------------------------------------------------------
                  0.00    0.00    0.00   clock core_clock (rise edge)
                          0.00    0.00   clock network delay (ideal)
                  0.00    0.00    0.00 ^ _298_/CLK (sky130_fd_sc_hd__dfxtp_2)
     4    0.02    0.11    0.35    0.35 ^ _298_/Q (sky130_fd_sc_hd__dfxtp_2)
                                         x15.A (net)
                  0.11    0.00    0.35 ^ _184_/A2 (sky130_fd_sc_hd__o21ai_2)
     2    0.01    0.04    0.07    0.42 v _184_/Y (sky130_fd_sc_hd__o21ai_2)
                                         _006_ (net)
                  0.04    0.00    0.42 v _185_/B1 (sky130_fd_sc_hd__o21a_2)
     2    0.01    0.03    0.12    0.54 v _185_/X (sky130_fd_sc_hd__o21a_2)
                                         _007_ (net)
                  0.03    0.00    0.54 v _231_/B1 (sky130_fd_sc_hd__o21ai_2)
     1    0.01    0.07    0.07    0.61 ^ _231_/Y (sky130_fd_sc_hd__o21ai_2)
                                         _049_ (net)
                  0.07    0.00    0.61 ^ _235_/A (sky130_fd_sc_hd__xnor2_2)
     1    0.00    0.03    0.07    0.68 v _235_/Y (sky130_fd_sc_hd__xnor2_2)
                                         x88.Si (net)
                  0.03    0.00    0.68 v _282_/D (sky130_fd_sc_hd__dfxtp_2)
                                  0.68   data arrival time

                  0.00    0.00    0.00   clock core_clock (rise edge)
                          0.00    0.00   clock network delay (ideal)
                          0.00    0.00   clock reconvergence pessimism
                                  0.00 ^ _282_/CLK (sky130_fd_sc_hd__dfxtp_2)
                         -0.05   -0.05   library hold time
                                 -0.05   data required time
-----------------------------------------------------------------------------
                                 -0.05   data required time
                                 -0.68   data arrival time
-----------------------------------------------------------------------------
                                  0.73   slack (MET)


Startpoint: _295_ (rising edge-triggered flip-flop clocked by core_clock)
Endpoint: _283_ (rising edge-triggered flip-flop clocked by core_clock)
Path Group: core_clock
Path Type: min

Fanout     Cap    Slew   Delay    Time   Description
-----------------------------------------------------------------------------
                  0.00    0.00    0.00   clock core_clock (rise edge)
                          0.00    0.00   clock network delay (ideal)
                  0.00    0.00    0.00 ^ _295_/CLK (sky130_fd_sc_hd__dfxtp_2)
     4    0.02    0.06    0.33    0.33 v _295_/Q (sky130_fd_sc_hd__dfxtp_2)
                                         x4.A (net)
                  0.06    0.00    0.33 v _146_/A2 (sky130_fd_sc_hd__o21ai_2)
     3    0.01    0.08    0.17    0.50 ^ _146_/Y (sky130_fd_sc_hd__o21ai_2)
                                         _097_ (net)
                  0.08    0.00    0.50 ^ _225_/A2 (sky130_fd_sc_hd__a21oi_2)
     1    0.01    0.04    0.07    0.57 v _225_/Y (sky130_fd_sc_hd__a21oi_2)
                                         _044_ (net)
                  0.04    0.00    0.57 v _229_/A (sky130_fd_sc_hd__xnor2_2)
     1    0.00    0.03    0.13    0.70 ^ _229_/Y (sky130_fd_sc_hd__xnor2_2)
                                         x87.Si (net)
                  0.03    0.00    0.70 ^ _283_/D (sky130_fd_sc_hd__dfxtp_2)
                                  0.70   data arrival time

                  0.00    0.00    0.00   clock core_clock (rise edge)
                          0.00    0.00   clock network delay (ideal)
                          0.00    0.00   clock reconvergence pessimism
                                  0.00 ^ _283_/CLK (sky130_fd_sc_hd__dfxtp_2)
                         -0.03   -0.03   library hold time
                                 -0.03   data required time
-----------------------------------------------------------------------------
                                 -0.03   data required time
                                 -0.70   data arrival time
-----------------------------------------------------------------------------
                                  0.73   slack (MET)


Startpoint: _300_ (rising edge-triggered flip-flop clocked by core_clock)
Endpoint: _284_ (rising edge-triggered flip-flop clocked by core_clock)
Path Group: core_clock
Path Type: min

Fanout     Cap    Slew   Delay    Time   Description
-----------------------------------------------------------------------------
                  0.00    0.00    0.00   clock core_clock (rise edge)
                          0.00    0.00   clock network delay (ideal)
                  0.00    0.00    0.00 ^ _300_/CLK (sky130_fd_sc_hd__dfxtp_2)
     4    0.02    0.11    0.35    0.35 ^ _300_/Q (sky130_fd_sc_hd__dfxtp_2)
                                         x13.A (net)
                  0.11    0.00    0.35 ^ _202_/A2 (sky130_fd_sc_hd__o21ai_2)
     2    0.01    0.05    0.07    0.43 v _202_/Y (sky130_fd_sc_hd__o21ai_2)
                                         _024_ (net)
                  0.05    0.00    0.43 v _215_/B1 (sky130_fd_sc_hd__o21a_2)
     2    0.01    0.04    0.12    0.55 v _215_/X (sky130_fd_sc_hd__o21a_2)
                                         _035_ (net)
                  0.04    0.00    0.55 v _219_/A (sky130_fd_sc_hd__nand2_2)
     1    0.01    0.06    0.07    0.62 ^ _219_/Y (sky130_fd_sc_hd__nand2_2)
                                         _039_ (net)
                  0.06    0.00    0.62 ^ _224_/A (sky130_fd_sc_hd__xnor2_2)
     1    0.00    0.04    0.07    0.69 v _224_/Y (sky130_fd_sc_hd__xnor2_2)
                                         x86.Si (net)
                  0.04    0.00    0.69 v _284_/D (sky130_fd_sc_hd__dfxtp_2)
                                  0.69   data arrival time

                  0.00    0.00    0.00   clock core_clock (rise edge)
                          0.00    0.00   clock network delay (ideal)
                          0.00    0.00   clock reconvergence pessimism
                                  0.00 ^ _284_/CLK (sky130_fd_sc_hd__dfxtp_2)
                         -0.05   -0.05   library hold time
                                 -0.05   data required time
-----------------------------------------------------------------------------
                                 -0.05   data required time
                                 -0.69   data arrival time
-----------------------------------------------------------------------------
                                  0.74   slack (MET)


Startpoint: _293_ (rising edge-triggered flip-flop clocked by core_clock)
Endpoint: _276_ (rising edge-triggered flip-flop clocked by core_clock)
Path Group: core_clock
Path Type: min

Fanout     Cap    Slew   Delay    Time   Description
-----------------------------------------------------------------------------
                  0.00    0.00    0.00   clock core_clock (rise edge)
                          0.00    0.00   clock network delay (ideal)
                  0.00    0.00    0.00 ^ _293_/CLK (sky130_fd_sc_hd__dfxtp_2)
     3    0.02    0.10    0.35    0.35 ^ _293_/Q (sky130_fd_sc_hd__dfxtp_2)
                                         x6.A (net)
                  0.10    0.00    0.35 ^ _133_/B (sky130_fd_sc_hd__xnor2_2)
     5    0.02    0.11    0.17    0.51 ^ _133_/Y (sky130_fd_sc_hd__xnor2_2)
                                         _084_ (net)
                  0.11    0.00    0.51 ^ _250_/A (sky130_fd_sc_hd__xnor2_2)
     1    0.01    0.06    0.14    0.65 ^ _250_/Y (sky130_fd_sc_hd__xnor2_2)
                                         _062_ (net)
                  0.06    0.00    0.65 ^ _251_/B (sky130_fd_sc_hd__xnor2_2)
     1    0.00    0.04    0.06    0.71 v _251_/Y (sky130_fd_sc_hd__xnor2_2)
                                         x94.Si (net)
                  0.04    0.00    0.71 v _276_/D (sky130_fd_sc_hd__dfxtp_2)
                                  0.71   data arrival time

                  0.00    0.00    0.00   clock core_clock (rise edge)
                          0.00    0.00   clock network delay (ideal)
                          0.00    0.00   clock reconvergence pessimism
                                  0.00 ^ _276_/CLK (sky130_fd_sc_hd__dfxtp_2)
                         -0.05   -0.05   library hold time
                                 -0.05   data required time
-----------------------------------------------------------------------------
                                 -0.05   data required time
                                 -0.71   data arrival time
-----------------------------------------------------------------------------
                                  0.76   slack (MET)


Startpoint: _310_ (rising edge-triggered flip-flop clocked by core_clock)
Endpoint: _278_ (rising edge-triggered flip-flop clocked by core_clock)
Path Group: core_clock
Path Type: min

Fanout     Cap    Slew   Delay    Time   Description
-----------------------------------------------------------------------------
                  0.00    0.00    0.00   clock core_clock (rise edge)
                          0.00    0.00   clock network delay (ideal)
                  0.00    0.00    0.00 ^ _310_/CLK (sky130_fd_sc_hd__dfxtp_2)
     4    0.02    0.06    0.33    0.33 v _310_/Q (sky130_fd_sc_hd__dfxtp_2)
                                         x3.B (net)
                  0.06    0.00    0.33 v _191_/A (sky130_fd_sc_hd__nand2_2)
     2    0.01    0.04    0.06    0.39 ^ _191_/Y (sky130_fd_sc_hd__nand2_2)
                                         _013_ (net)
                  0.04    0.00    0.39 ^ _193_/A1 (sky130_fd_sc_hd__a21o_2)
     2    0.01    0.04    0.12    0.51 ^ _193_/X (sky130_fd_sc_hd__a21o_2)
                                         _015_ (net)
                  0.04    0.00    0.51 ^ _194_/B1 (sky130_fd_sc_hd__o21a_2)
     2    0.01    0.08    0.16    0.66 ^ _194_/X (sky130_fd_sc_hd__o21a_2)
                                         _016_ (net)
                  0.08    0.00    0.66 ^ _243_/A (sky130_fd_sc_hd__xnor2_2)
     1    0.00    0.04    0.07    0.74 v _243_/Y (sky130_fd_sc_hd__xnor2_2)
                                         x92.Si (net)
                  0.04    0.00    0.74 v _278_/D (sky130_fd_sc_hd__dfxtp_2)
                                  0.74   data arrival time

                  0.00    0.00    0.00   clock core_clock (rise edge)
                          0.00    0.00   clock network delay (ideal)
                          0.00    0.00   clock reconvergence pessimism
                                  0.00 ^ _278_/CLK (sky130_fd_sc_hd__dfxtp_2)
                         -0.05   -0.05   library hold time
                                 -0.05   data required time
-----------------------------------------------------------------------------
                                 -0.05   data required time
                                 -0.74   data arrival time
-----------------------------------------------------------------------------
                                  0.79   slack (MET)


Startpoint: _302_ (rising edge-triggered flip-flop clocked by core_clock)
Endpoint: _286_ (rising edge-triggered flip-flop clocked by core_clock)
Path Group: core_clock
Path Type: min

Fanout     Cap    Slew   Delay    Time   Description
-----------------------------------------------------------------------------
                  0.00    0.00    0.00   clock core_clock (rise edge)
                          0.00    0.00   clock network delay (ideal)
                  0.00    0.00    0.00 ^ _302_/CLK (sky130_fd_sc_hd__dfxtp_2)
     4    0.02    0.11    0.35    0.35 ^ _302_/Q (sky130_fd_sc_hd__dfxtp_2)
                                         x11.A (net)
                  0.11    0.00    0.35 ^ _199_/A2 (sky130_fd_sc_hd__o21ai_2)
     2    0.01    0.04    0.07    0.42 v _199_/Y (sky130_fd_sc_hd__o21ai_2)
                                         _021_ (net)
                  0.04    0.00    0.42 v _200_/B1 (sky130_fd_sc_hd__o31a_2)
     1    0.01    0.04    0.12    0.55 v _200_/X (sky130_fd_sc_hd__o31a_2)
                                         _022_ (net)
                  0.04    0.00    0.55 v _205_/A (sky130_fd_sc_hd__xnor2_2)
     1    0.01    0.06    0.18    0.73 ^ _205_/Y (sky130_fd_sc_hd__xnor2_2)
                                         _027_ (net)
                  0.06    0.00    0.73 ^ _206_/B (sky130_fd_sc_hd__xnor2_2)
     1    0.00    0.03    0.06    0.79 v _206_/Y (sky130_fd_sc_hd__xnor2_2)
                                         x84.Si (net)
                  0.03    0.00    0.79 v _286_/D (sky130_fd_sc_hd__dfxtp_2)
                                  0.79   data arrival time

                  0.00    0.00    0.00   clock core_clock (rise edge)
                          0.00    0.00   clock network delay (ideal)
                          0.00    0.00   clock reconvergence pessimism
                                  0.00 ^ _286_/CLK (sky130_fd_sc_hd__dfxtp_2)
                         -0.05   -0.05   library hold time
                                 -0.05   data required time
-----------------------------------------------------------------------------
                                 -0.05   data required time
                                 -0.79   data arrival time
-----------------------------------------------------------------------------
                                  0.84   slack (MET)


Startpoint: _304_ (rising edge-triggered flip-flop clocked by core_clock)
Endpoint: _288_ (rising edge-triggered flip-flop clocked by core_clock)
Path Group: core_clock
Path Type: min

Fanout     Cap    Slew   Delay    Time   Description
-----------------------------------------------------------------------------
                  0.00    0.00    0.00   clock core_clock (rise edge)
                          0.00    0.00   clock network delay (ideal)
                  0.00    0.00    0.00 ^ _304_/CLK (sky130_fd_sc_hd__dfxtp_2)
     4    0.02    0.11    0.35    0.35 ^ _304_/Q (sky130_fd_sc_hd__dfxtp_2)
                                         x9.A (net)
                  0.11    0.00    0.35 ^ _268_/A2 (sky130_fd_sc_hd__o21ai_2)
     1    0.01    0.05    0.08    0.43 v _268_/Y (sky130_fd_sc_hd__o21ai_2)
                                         _075_ (net)
                  0.05    0.00    0.43 v _269_/B (sky130_fd_sc_hd__xnor2_2)
     1    0.01    0.07    0.17    0.60 ^ _269_/Y (sky130_fd_sc_hd__xnor2_2)
                                         _076_ (net)
                  0.07    0.00    0.60 ^ _270_/B (sky130_fd_sc_hd__xnor2_2)
     1    0.01    0.06    0.12    0.72 ^ _270_/Y (sky130_fd_sc_hd__xnor2_2)
                                         _077_ (net)
                  0.06    0.00    0.72 ^ _272_/A (sky130_fd_sc_hd__xnor2_2)
     1    0.00    0.04    0.07    0.79 v _272_/Y (sky130_fd_sc_hd__xnor2_2)
                                         x82.Si (net)
                  0.04    0.00    0.79 v _288_/D (sky130_fd_sc_hd__dfxtp_2)
                                  0.79   data arrival time

                  0.00    0.00    0.00   clock core_clock (rise edge)
                          0.00    0.00   clock network delay (ideal)
                          0.00    0.00   clock reconvergence pessimism
                                  0.00 ^ _288_/CLK (sky130_fd_sc_hd__dfxtp_2)
                         -0.05   -0.05   library hold time
                                 -0.05   data required time
-----------------------------------------------------------------------------
                                 -0.05   data required time
                                 -0.79   data arrival time
-----------------------------------------------------------------------------
                                  0.85   slack (MET)


Startpoint: _301_ (rising edge-triggered flip-flop clocked by core_clock)
Endpoint: _287_ (rising edge-triggered flip-flop clocked by core_clock)
Path Group: core_clock
Path Type: min

Fanout     Cap    Slew   Delay    Time   Description
-----------------------------------------------------------------------------
                  0.00    0.00    0.00   clock core_clock (rise edge)
                          0.00    0.00   clock network delay (ideal)
                  0.00    0.00    0.00 ^ _301_/CLK (sky130_fd_sc_hd__dfxtp_2)
     4    0.02    0.06    0.32    0.32 v _301_/Q (sky130_fd_sc_hd__dfxtp_2)
                                         x14.A (net)
                  0.06    0.00    0.32 v _169_/A2 (sky130_fd_sc_hd__o21ai_2)
     2    0.01    0.07    0.16    0.48 ^ _169_/Y (sky130_fd_sc_hd__o21ai_2)
                                         _120_ (net)
                  0.07    0.00    0.48 ^ _175_/A3 (sky130_fd_sc_hd__o32a_2)
     1    0.01    0.06    0.16    0.64 ^ _175_/X (sky130_fd_sc_hd__o32a_2)
                                         _126_ (net)
                  0.06    0.00    0.64 ^ _176_/B (sky130_fd_sc_hd__xnor2_2)
     1    0.01    0.05    0.07    0.71 v _176_/Y (sky130_fd_sc_hd__xnor2_2)
                                         _127_ (net)
                  0.05    0.00    0.71 v _177_/B (sky130_fd_sc_hd__xnor2_2)
     1    0.00    0.03    0.10    0.82 ^ _177_/Y (sky130_fd_sc_hd__xnor2_2)
                                         x83.Si (net)
                  0.03    0.00    0.82 ^ _287_/D (sky130_fd_sc_hd__dfxtp_2)
                                  0.82   data arrival time

                  0.00    0.00    0.00   clock core_clock (rise edge)
                          0.00    0.00   clock network delay (ideal)
                          0.00    0.00   clock reconvergence pessimism
                                  0.00 ^ _287_/CLK (sky130_fd_sc_hd__dfxtp_2)
                         -0.03   -0.03   library hold time
                                 -0.03   data required time
-----------------------------------------------------------------------------
                                 -0.03   data required time
                                 -0.82   data arrival time
-----------------------------------------------------------------------------
                                  0.85   slack (MET)



worst slack corner Typical: 0.4786
