
===========================================================================
report_checks -unconstrained
===========================================================================
======================= Fastest Corner ===================================

Startpoint: _199_ (rising edge-triggered flip-flop clocked by core_clock)
Endpoint: _165_ (rising edge-triggered flip-flop clocked by core_clock)
Path Group: core_clock
Path Type: max
Corner: Fastest

Fanout     Cap    Slew   Delay    Time   Description
-----------------------------------------------------------------------------
                          0.00    0.00   clock core_clock (rise edge)
                          0.00    0.00   clock source latency
     1    0.01    0.00    0.00    0.00 ^ CLK (in)
                                         CLK (net)
                  0.00    0.00    0.00 ^ clkbuf_0_CLK/A (sky130_fd_sc_hd__clkbuf_16)
     4    0.04    0.05    0.09    0.09 ^ clkbuf_0_CLK/X (sky130_fd_sc_hd__clkbuf_16)
                                         clknet_0_CLK (net)
                  0.05    0.00    0.09 ^ clkbuf_2_1__f_CLK/A (sky130_fd_sc_hd__clkbuf_16)
    16    0.04    0.05    0.10    0.19 ^ clkbuf_2_1__f_CLK/X (sky130_fd_sc_hd__clkbuf_16)
                                         clknet_2_1__leaf_CLK (net)
                  0.05    0.00    0.19 ^ _199_/CLK (sky130_fd_sc_hd__dfxtp_1)
     4    0.01    0.08    0.23    0.42 ^ _199_/Q (sky130_fd_sc_hd__dfxtp_1)
                                         x1_0.Cin (net)
                  0.08    0.00    0.42 ^ _087_/A2 (sky130_fd_sc_hd__o21ai_1)
     3    0.01    0.05    0.06    0.48 v _087_/Y (sky130_fd_sc_hd__o21ai_1)
                                         _042_ (net)
                  0.05    0.00    0.48 v _089_/A3 (sky130_fd_sc_hd__a31o_1)
     3    0.01    0.05    0.17    0.66 v _089_/X (sky130_fd_sc_hd__a31o_1)
                                         _044_ (net)
                  0.05    0.00    0.66 v _092_/A2 (sky130_fd_sc_hd__o211a_1)
     3    0.01    0.05    0.16    0.82 v _092_/X (sky130_fd_sc_hd__o211a_1)
                                         _047_ (net)
                  0.05    0.00    0.82 v _095_/A3 (sky130_fd_sc_hd__o311a_1)
     3    0.01    0.06    0.21    1.02 v _095_/X (sky130_fd_sc_hd__o311a_1)
                                         _050_ (net)
                  0.06    0.00    1.02 v _098_/A3 (sky130_fd_sc_hd__o311a_1)
     2    0.00    0.05    0.19    1.21 v _098_/X (sky130_fd_sc_hd__o311a_1)
                                         _053_ (net)
                  0.05    0.00    1.21 v _101_/A3 (sky130_fd_sc_hd__o311a_1)
     3    0.01    0.06    0.20    1.42 v _101_/X (sky130_fd_sc_hd__o311a_1)
                                         _056_ (net)
                  0.06    0.00    1.42 v _104_/A3 (sky130_fd_sc_hd__o311a_1)
     3    0.01    0.06    0.21    1.62 v _104_/X (sky130_fd_sc_hd__o311a_1)
                                         _059_ (net)
                  0.06    0.00    1.62 v _107_/A3 (sky130_fd_sc_hd__o311a_1)
     2    0.01    0.05    0.20    1.82 v _107_/X (sky130_fd_sc_hd__o311a_1)
                                         _062_ (net)
                  0.05    0.00    1.82 v _109_/A3 (sky130_fd_sc_hd__o31a_1)
     2    0.01    0.05    0.17    1.99 v _109_/X (sky130_fd_sc_hd__o31a_1)
                                         _064_ (net)
                  0.05    0.00    1.99 v _113_/A (sky130_fd_sc_hd__xnor2_1)
     1    0.00    0.03    0.09    2.07 v _113_/Y (sky130_fd_sc_hd__xnor2_1)
                                         x1_15.S (net)
                  0.03    0.00    2.07 v _165_/D (sky130_fd_sc_hd__dfxtp_1)
                                  2.07   data arrival time

                          6.15    6.15   clock core_clock (rise edge)
                          0.00    6.15   clock source latency
     1    0.01    0.00    0.00    6.15 ^ CLK (in)
                                         CLK (net)
                  0.00    0.00    6.15 ^ clkbuf_0_CLK/A (sky130_fd_sc_hd__clkbuf_16)
     4    0.04    0.05    0.09    6.24 ^ clkbuf_0_CLK/X (sky130_fd_sc_hd__clkbuf_16)
                                         clknet_0_CLK (net)
                  0.05    0.00    6.24 ^ clkbuf_2_3__f_CLK/A (sky130_fd_sc_hd__clkbuf_16)
    12    0.05    0.05    0.11    6.35 ^ clkbuf_2_3__f_CLK/X (sky130_fd_sc_hd__clkbuf_16)
                                         clknet_2_3__leaf_CLK (net)
                  0.05    0.00    6.35 ^ _165_/CLK (sky130_fd_sc_hd__dfxtp_1)
                          0.00    6.35   clock reconvergence pessimism
                         -0.07    6.28   library setup time
                                  6.28   data required time
-----------------------------------------------------------------------------
                                  6.28   data required time
                                 -2.07   data arrival time
-----------------------------------------------------------------------------
                                  4.20   slack (MET)



======================= Slowest Corner ===================================

Startpoint: _167_ (rising edge-triggered flip-flop clocked by core_clock)
Endpoint: _165_ (rising edge-triggered flip-flop clocked by core_clock)
Path Group: core_clock
Path Type: max
Corner: Slowest

Fanout     Cap    Slew   Delay    Time   Description
-----------------------------------------------------------------------------
                          0.00    0.00   clock core_clock (rise edge)
                          0.00    0.00   clock source latency
     1    0.01    0.00    0.00    0.00 ^ CLK (in)
                                         CLK (net)
                  0.00    0.00    0.00 ^ clkbuf_0_CLK/A (sky130_fd_sc_hd__clkbuf_16)
     4    0.04    0.10    0.22    0.22 ^ clkbuf_0_CLK/X (sky130_fd_sc_hd__clkbuf_16)
                                         clknet_0_CLK (net)
                  0.10    0.00    0.22 ^ clkbuf_2_1__f_CLK/A (sky130_fd_sc_hd__clkbuf_16)
    16    0.04    0.10    0.26    0.49 ^ clkbuf_2_1__f_CLK/X (sky130_fd_sc_hd__clkbuf_16)
                                         clknet_2_1__leaf_CLK (net)
                  0.10    0.00    0.49 ^ _167_/CLK (sky130_fd_sc_hd__dfxtp_1)
     4    0.01    0.16    0.70    1.19 ^ _167_/Q (sky130_fd_sc_hd__dfxtp_1)
                                         x1_0.A (net)
                  0.16    0.00    1.19 ^ _087_/A1 (sky130_fd_sc_hd__o21ai_1)
     3    0.01    0.16    0.23    1.42 v _087_/Y (sky130_fd_sc_hd__o21ai_1)
                                         _042_ (net)
                  0.16    0.00    1.42 v _089_/A3 (sky130_fd_sc_hd__a31o_1)
     3    0.01    0.14    0.51    1.93 v _089_/X (sky130_fd_sc_hd__a31o_1)
                                         _044_ (net)
                  0.14    0.00    1.93 v _092_/A2 (sky130_fd_sc_hd__o211a_1)
     3    0.01    0.13    0.47    2.40 v _092_/X (sky130_fd_sc_hd__o211a_1)
                                         _047_ (net)
                  0.13    0.00    2.40 v _095_/A3 (sky130_fd_sc_hd__o311a_1)
     3    0.01    0.16    0.65    3.05 v _095_/X (sky130_fd_sc_hd__o311a_1)
                                         _050_ (net)
                  0.16    0.00    3.05 v _098_/A3 (sky130_fd_sc_hd__o311a_1)
     2    0.00    0.11    0.60    3.65 v _098_/X (sky130_fd_sc_hd__o311a_1)
                                         _053_ (net)
                  0.11    0.00    3.65 v _101_/A3 (sky130_fd_sc_hd__o311a_1)
     3    0.01    0.15    0.63    4.28 v _101_/X (sky130_fd_sc_hd__o311a_1)
                                         _056_ (net)
                  0.15    0.00    4.28 v _104_/A3 (sky130_fd_sc_hd__o311a_1)
     3    0.01    0.15    0.64    4.93 v _104_/X (sky130_fd_sc_hd__o311a_1)
                                         _059_ (net)
                  0.15    0.00    4.93 v _107_/A3 (sky130_fd_sc_hd__o311a_1)
     2    0.01    0.13    0.62    5.55 v _107_/X (sky130_fd_sc_hd__o311a_1)
                                         _062_ (net)
                  0.13    0.00    5.55 v _109_/A3 (sky130_fd_sc_hd__o31a_1)
     2    0.01    0.13    0.53    6.07 v _109_/X (sky130_fd_sc_hd__o31a_1)
                                         _064_ (net)
                  0.13    0.00    6.07 v _113_/A (sky130_fd_sc_hd__xnor2_1)
     1    0.00    0.10    0.24    6.32 v _113_/Y (sky130_fd_sc_hd__xnor2_1)
                                         x1_15.S (net)
                  0.10    0.00    6.32 v _165_/D (sky130_fd_sc_hd__dfxtp_1)
                                  6.32   data arrival time

                          6.15    6.15   clock core_clock (rise edge)
                          0.00    6.15   clock source latency
     1    0.01    0.00    0.00    6.15 ^ CLK (in)
                                         CLK (net)
                  0.00    0.00    6.15 ^ clkbuf_0_CLK/A (sky130_fd_sc_hd__clkbuf_16)
     4    0.04    0.10    0.22    6.37 ^ clkbuf_0_CLK/X (sky130_fd_sc_hd__clkbuf_16)
                                         clknet_0_CLK (net)
                  0.10    0.00    6.37 ^ clkbuf_2_3__f_CLK/A (sky130_fd_sc_hd__clkbuf_16)
    12    0.04    0.10    0.27    6.64 ^ clkbuf_2_3__f_CLK/X (sky130_fd_sc_hd__clkbuf_16)
                                         clknet_2_3__leaf_CLK (net)
                  0.10    0.00    6.64 ^ _165_/CLK (sky130_fd_sc_hd__dfxtp_1)
                          0.00    6.64   clock reconvergence pessimism
                         -0.27    6.37   library setup time
                                  6.37   data required time
-----------------------------------------------------------------------------
                                  6.37   data required time
                                 -6.32   data arrival time
-----------------------------------------------------------------------------
                                  0.05   slack (MET)



======================= Typical Corner ===================================

Startpoint: _199_ (rising edge-triggered flip-flop clocked by core_clock)
Endpoint: _165_ (rising edge-triggered flip-flop clocked by core_clock)
Path Group: core_clock
Path Type: max
Corner: Typical

Fanout     Cap    Slew   Delay    Time   Description
-----------------------------------------------------------------------------
                          0.00    0.00   clock core_clock (rise edge)
                          0.00    0.00   clock source latency
     1    0.01    0.00    0.00    0.00 ^ CLK (in)
                                         CLK (net)
                  0.00    0.00    0.00 ^ clkbuf_0_CLK/A (sky130_fd_sc_hd__clkbuf_16)
     4    0.04    0.06    0.13    0.13 ^ clkbuf_0_CLK/X (sky130_fd_sc_hd__clkbuf_16)
                                         clknet_0_CLK (net)
                  0.06    0.00    0.13 ^ clkbuf_2_1__f_CLK/A (sky130_fd_sc_hd__clkbuf_16)
    16    0.04    0.06    0.15    0.28 ^ clkbuf_2_1__f_CLK/X (sky130_fd_sc_hd__clkbuf_16)
                                         clknet_2_1__leaf_CLK (net)
                  0.06    0.00    0.28 ^ _199_/CLK (sky130_fd_sc_hd__dfxtp_1)
     4    0.01    0.11    0.36    0.64 ^ _199_/Q (sky130_fd_sc_hd__dfxtp_1)
                                         x1_0.Cin (net)
                  0.11    0.00    0.64 ^ _087_/A2 (sky130_fd_sc_hd__o21ai_1)
     3    0.01    0.08    0.10    0.73 v _087_/Y (sky130_fd_sc_hd__o21ai_1)
                                         _042_ (net)
                  0.08    0.00    0.73 v _089_/A3 (sky130_fd_sc_hd__a31o_1)
     3    0.01    0.08    0.27    1.00 v _089_/X (sky130_fd_sc_hd__a31o_1)
                                         _044_ (net)
                  0.08    0.00    1.00 v _092_/A2 (sky130_fd_sc_hd__o211a_1)
     3    0.01    0.07    0.25    1.25 v _092_/X (sky130_fd_sc_hd__o211a_1)
                                         _047_ (net)
                  0.07    0.00    1.25 v _095_/A3 (sky130_fd_sc_hd__o311a_1)
     3    0.01    0.08    0.33    1.58 v _095_/X (sky130_fd_sc_hd__o311a_1)
                                         _050_ (net)
                  0.08    0.00    1.58 v _098_/A3 (sky130_fd_sc_hd__o311a_1)
     2    0.00    0.06    0.31    1.89 v _098_/X (sky130_fd_sc_hd__o311a_1)
                                         _053_ (net)
                  0.06    0.00    1.89 v _101_/A3 (sky130_fd_sc_hd__o311a_1)
     3    0.01    0.08    0.33    2.22 v _101_/X (sky130_fd_sc_hd__o311a_1)
                                         _056_ (net)
                  0.08    0.00    2.22 v _104_/A3 (sky130_fd_sc_hd__o311a_1)
     3    0.01    0.08    0.33    2.55 v _104_/X (sky130_fd_sc_hd__o311a_1)
                                         _059_ (net)
                  0.08    0.00    2.55 v _107_/A3 (sky130_fd_sc_hd__o311a_1)
     2    0.01    0.07    0.32    2.87 v _107_/X (sky130_fd_sc_hd__o311a_1)
                                         _062_ (net)
                  0.07    0.00    2.87 v _109_/A3 (sky130_fd_sc_hd__o31a_1)
     2    0.01    0.07    0.27    3.14 v _109_/X (sky130_fd_sc_hd__o31a_1)
                                         _064_ (net)
                  0.07    0.00    3.14 v _113_/A (sky130_fd_sc_hd__xnor2_1)
     1    0.00    0.05    0.13    3.28 v _113_/Y (sky130_fd_sc_hd__xnor2_1)
                                         x1_15.S (net)
                  0.05    0.00    3.28 v _165_/D (sky130_fd_sc_hd__dfxtp_1)
                                  3.28   data arrival time

                          6.15    6.15   clock core_clock (rise edge)
                          0.00    6.15   clock source latency
     1    0.01    0.00    0.00    6.15 ^ CLK (in)
                                         CLK (net)
                  0.00    0.00    6.15 ^ clkbuf_0_CLK/A (sky130_fd_sc_hd__clkbuf_16)
     4    0.04    0.06    0.13    6.28 ^ clkbuf_0_CLK/X (sky130_fd_sc_hd__clkbuf_16)
                                         clknet_0_CLK (net)
                  0.06    0.00    6.28 ^ clkbuf_2_3__f_CLK/A (sky130_fd_sc_hd__clkbuf_16)
    12    0.05    0.07    0.15    6.43 ^ clkbuf_2_3__f_CLK/X (sky130_fd_sc_hd__clkbuf_16)
                                         clknet_2_3__leaf_CLK (net)
                  0.07    0.00    6.43 ^ _165_/CLK (sky130_fd_sc_hd__dfxtp_1)
                          0.00    6.43   clock reconvergence pessimism
                         -0.11    6.32   library setup time
                                  6.32   data required time
-----------------------------------------------------------------------------
                                  6.32   data required time
                                 -3.28   data arrival time
-----------------------------------------------------------------------------
                                  3.05   slack (MET)




===========================================================================
report_checks --slack_max -0.01
============================================================================
======================= Fastest Corner ===================================

No paths found.

======================= Slowest Corner ===================================

No paths found.

======================= Typical Corner ===================================

No paths found.


===========================================================================
 report_check_types -max_slew -max_cap -max_fanout -violators
============================================================================
======================= Fastest Corner ===================================


max slew violations count Fastest: 0
max fanout violations count Fastest: 0
max cap violations count Fastest: 0
======================= Slowest Corner ===================================


max slew violations count Slowest: 0
max fanout violations count Slowest: 0
max cap violations count Slowest: 0
======================= Typical Corner ===================================


max slew violations count Typical: 0
max fanout violations count Typical: 0
max cap violations count Typical: 0

===========================================================================
report_parasitic_annotation -report_unannotated
============================================================================
Found 3 unannotated drivers.
 clkload0/Y
 clkload1/Y
 clkload2/Y
Found 0 partially unannotated drivers.

===========================================================================
max slew violation count 0
max fanout violation count 0
max cap violation count 0
============================================================================

===========================================================================
check_setup -verbose -unconstrained_endpoints -multiple_clock -no_clock -no_input_delay -loops -generated_clocks
===========================================================================
Warning: There are 33 input ports missing set_input_delay.
  A[0]
  A[10]
  A[11]
  A[12]
  A[13]
  A[14]
  A[15]
  A[1]
  A[2]
  A[3]
  A[4]
  A[5]
  A[6]
  A[7]
  A[8]
  A[9]
  B[0]
  B[10]
  B[11]
  B[12]
  B[13]
  B[14]
  B[15]
  B[1]
  B[2]
  B[3]
  B[4]
  B[5]
  B[6]
  B[7]
  B[8]
  B[9]
  Cin
Warning: There are 50 unconstrained endpoints.
  Cout
  S[0]
  S[10]
  S[11]
  S[12]
  S[13]
  S[14]
  S[15]
  S[1]
  S[2]
  S[3]
  S[4]
  S[5]
  S[6]
  S[7]
  S[8]
  S[9]
  _167_/D
  _168_/D
  _169_/D
  _170_/D
  _171_/D
  _172_/D
  _173_/D
  _174_/D
  _175_/D
  _176_/D
  _177_/D
  _178_/D
  _179_/D
  _180_/D
  _181_/D
  _182_/D
  _183_/D
  _184_/D
  _185_/D
  _186_/D
  _187_/D
  _188_/D
  _189_/D
  _190_/D
  _191_/D
  _192_/D
  _193_/D
  _194_/D
  _195_/D
  _196_/D
  _197_/D
  _198_/D
  _199_/D
