
===========================================================================
 report_power
============================================================================
======================= Fastest Corner ===================================

Group                  Internal  Switching    Leakage      Total
                          Power      Power      Power      Power (Watts)
----------------------------------------------------------------
Sequential             5.11e-04   3.00e-05   7.26e-10   5.41e-04  47.9%
Combinational          7.23e-05   7.34e-05   9.58e-10   1.46e-04  12.9%
Clock                  2.80e-04   1.62e-04   1.01e-09   4.42e-04  39.2%
Macro                  0.00e+00   0.00e+00   0.00e+00   0.00e+00   0.0%
Pad                    0.00e+00   0.00e+00   0.00e+00   0.00e+00   0.0%
----------------------------------------------------------------
Total                  8.63e-04   2.66e-04   2.70e-09   1.13e-03 100.0%
                          76.5%      23.5%       0.0%

======================= Slowest Corner ===================================

Group                  Internal  Switching    Leakage      Total
                          Power      Power      Power      Power (Watts)
----------------------------------------------------------------
Sequential             3.43e-04   2.00e-05   7.32e-07   3.63e-04  47.2%
Combinational          5.38e-05   4.83e-05   7.30e-07   1.03e-04  13.3%
Clock                  2.01e-04   1.03e-04   1.27e-07   3.04e-04  39.5%
Macro                  0.00e+00   0.00e+00   0.00e+00   0.00e+00   0.0%
Pad                    0.00e+00   0.00e+00   0.00e+00   0.00e+00   0.0%
----------------------------------------------------------------
Total                  5.98e-04   1.71e-04   1.59e-06   7.71e-04 100.0%
                          77.6%      22.2%       0.2%

======================= Typical Corner ===================================

Group                  Internal  Switching    Leakage      Total
                          Power      Power      Power      Power (Watts)
----------------------------------------------------------------
Sequential             4.41e-04   2.54e-05   4.22e-10   4.66e-04  47.8%
Combinational          6.59e-05   6.19e-05   4.29e-10   1.28e-04  13.1%
Clock                  2.45e-04   1.36e-04   6.67e-10   3.81e-04  39.1%
Macro                  0.00e+00   0.00e+00   0.00e+00   0.00e+00   0.0%
Pad                    0.00e+00   0.00e+00   0.00e+00   0.00e+00   0.0%
----------------------------------------------------------------
Total                  7.51e-04   2.23e-04   1.52e-09   9.74e-04 100.0%
                          77.1%      22.9%       0.0%

