Instance,Terminal,Layer,X location,Y location,Voltage
FILLER_0_25_144,VPWR,li1,72.4500,78.8800,1.799990
FILLER_0_25_139,VPWR,li1,69.6900,78.8800,1.799990
FILLER_0_25_131,VPWR,li1,67.6200,78.8800,1.799990
FILLER_0_25_120,VPWR,li1,62.5600,78.8800,1.799989
FILLER_0_25_113,VPWR,li1,58.4200,78.8800,1.799990
FILLER_0_25_109,VPWR,li1,56.3500,78.8800,1.799991
FILLER_0_25_98,VPWR,li1,52.4400,78.8800,1.799992
FILLER_0_25_94,VPWR,li1,48.9900,78.8800,1.799991
FILLER_0_25_88,VPWR,li1,47.3800,78.8800,1.799991
FILLER_0_25_76,VPWR,li1,42.3200,78.8800,1.799989
FILLER_0_25_65,VPWR,li1,37.2600,78.8800,1.799987
FILLER_0_25_61,VPWR,li1,33.8100,78.8800,1.799986
FILLER_0_25_57,VPWR,li1,32.6600,78.8800,1.799985
FILLER_0_25_54,VPWR,li1,30.8200,78.8800,1.799984
FILLER_0_25_43,VPWR,li1,27.1400,78.8800,1.799982
FILLER_0_25_39,VPWR,li1,23.6900,78.8800,1.799980
FILLER_0_25_35,VPWR,li1,22.5400,78.8800,1.799979
FILLER_0_25_27,VPWR,li1,18.1700,78.8800,1.799977
FILLER_0_25_3,VPWR,li1,7.3600,78.8800,1.799973
FILLER_0_24_141,VPWR,li1,73.1400,78.8800,1.799990
FILLER_0_24_121,VPWR,li1,61.8700,78.8800,1.799989
FILLER_0_24_109,VPWR,li1,58.4200,78.8800,1.799990
FILLER_0_24_97,VPWR,li1,52.9000,78.8800,1.799992
FILLER_0_24_85,VPWR,li1,47.3800,78.8800,1.799991
FILLER_0_24_83,VPWR,li1,43.9300,78.8800,1.799989
FILLER_0_24_77,VPWR,li1,42.3200,78.8800,1.799989
FILLER_0_24_65,VPWR,li1,38.1800,78.8800,1.799987
FILLER_0_24_41,VPWR,li1,26.2200,78.8800,1.799982
FILLER_0_24_29,VPWR,li1,21.6200,78.8800,1.799979
FILLER_0_24_26,VPWR,li1,17.9400,78.8800,1.799977
FILLER_0_24_6,VPWR,li1,8.5100,78.8800,1.799973
FILLER_0_23_145,VPWR,li1,74.0600,73.4400,1.799967
FILLER_0_23_110,VPWR,li1,56.5800,73.4400,1.799956
FILLER_0_23_61,VPWR,li1,33.8100,73.4400,1.799964
FILLER_0_23_57,VPWR,li1,32.6600,73.4400,1.799964
FILLER_0_23_39,VPWR,li1,23.6900,73.4400,1.799957
FILLER_0_23_35,VPWR,li1,22.5400,73.4400,1.799957
FILLER_0_22_149,VPWR,li1,74.2900,73.4400,1.799967
FILLER_0_22_141,VPWR,li1,72.2200,73.4400,1.799967
FILLER_0_22_118,VPWR,li1,61.1800,73.4400,1.799960
FILLER_0_22_100,VPWR,li1,51.9800,73.4400,1.799959
FILLER_0_22_92,VPWR,li1,49.6800,73.4400,1.799964
FILLER_0_22_78,VPWR,li1,42.7800,73.4400,1.799957
FILLER_0_22_61,VPWR,li1,33.8100,73.4400,1.799964
FILLER_0_22_49,VPWR,li1,30.8200,73.4400,1.799967
FILLER_0_22_41,VPWR,li1,24.6100,73.4400,1.799957
FILLER_0_22_29,VPWR,li1,21.6200,73.4400,1.799957
FILLER_0_22_27,VPWR,li1,18.1700,73.4400,1.799956
FILLER_0_22_9,VPWR,li1,10.1200,73.4400,1.799951
FILLER_0_21_147,VPWR,li1,74.5200,68.0000,1.799984
FILLER_0_21_125,VPWR,li1,64.4000,68.0000,1.799985
FILLER_0_21_113,VPWR,li1,60.2600,68.0000,1.799987
FILLER_0_21_111,VPWR,li1,56.8100,68.0000,1.799988
FILLER_0_21_103,VPWR,li1,54.7400,68.0000,1.799989
FILLER_0_21_91,VPWR,li1,50.1400,68.0000,1.799990
FILLER_0_21_83,VPWR,li1,43.9300,68.0000,1.799990
FILLER_0_21_79,VPWR,li1,42.7800,68.0000,1.799990
FILLER_0_21_69,VPWR,li1,37.9500,68.0000,1.799991
FILLER_0_21_57,VPWR,li1,34.5000,68.0000,1.799991
FILLER_0_21_55,VPWR,li1,31.0500,68.0000,1.799990
FILLER_0_21_51,VPWR,li1,29.9000,68.0000,1.799990
FILLER_0_21_33,VPWR,li1,21.6200,68.0000,1.799986
FILLER_0_21_21,VPWR,li1,17.9400,68.0000,1.799986
FILLER_0_21_3,VPWR,li1,7.3600,68.0000,1.799980
FILLER_0_20_152,VPWR,li1,75.6700,68.0000,1.799984
FILLER_0_20_148,VPWR,li1,74.5200,68.0000,1.799984
FILLER_0_20_132,VPWR,li1,66.4700,68.0000,1.799985
FILLER_0_20_114,VPWR,li1,59.8000,68.0000,1.799987
FILLER_0_20_102,VPWR,li1,55.2000,68.0000,1.799989
FILLER_0_20_85,VPWR,li1,44.8500,68.0000,1.799990
FILLER_0_20_83,VPWR,li1,43.9300,68.0000,1.799990
FILLER_0_20_75,VPWR,li1,40.2500,68.0000,1.799990
FILLER_0_20_71,VPWR,li1,39.1000,68.0000,1.799991
FILLER_0_20_59,VPWR,li1,35.4200,68.0000,1.799991
FILLER_0_20_37,VPWR,li1,23.0000,68.0000,1.799987
FILLER_0_20_29,VPWR,li1,20.7000,68.0000,1.799986
FILLER_0_20_26,VPWR,li1,17.9400,68.0000,1.799986
FILLER_0_20_18,VPWR,li1,15.6400,68.0000,1.799986
FILLER_0_20_6,VPWR,li1,11.0400,68.0000,1.799981
FILLER_0_19_147,VPWR,li1,74.5200,62.5600,1.799966
FILLER_0_19_125,VPWR,li1,63.7100,62.5600,1.799952
FILLER_0_19_113,VPWR,li1,60.2600,62.5600,1.799941
FILLER_0_19_111,VPWR,li1,56.8100,62.5600,1.799931
FILLER_0_19_41,VPWR,li1,25.0700,62.5600,1.799937
FILLER_0_19_33,VPWR,li1,22.5400,62.5600,1.799943
FILLER_0_19_21,VPWR,li1,17.9400,62.5600,1.799954
FILLER_0_19_3,VPWR,li1,7.3600,62.5600,1.799956
FILLER_0_18_152,VPWR,li1,75.6700,62.5600,1.799966
FILLER_0_18_148,VPWR,li1,74.5200,62.5600,1.799966
FILLER_0_18_139,VPWR,li1,69.6900,62.5600,1.799967
FILLER_0_18_129,VPWR,li1,65.5500,62.5600,1.799959
FILLER_0_18_121,VPWR,li1,63.0200,62.5600,1.799952
FILLER_0_18_116,VPWR,li1,59.1100,62.5600,1.799941
FILLER_0_18_104,VPWR,li1,56.1200,62.5600,1.799931
FILLER_0_18_76,VPWR,li1,40.7100,62.5600,1.799897
FILLER_0_18_70,VPWR,li1,39.1000,62.5600,1.799897
FILLER_0_18_37,VPWR,li1,22.7700,62.5600,1.799943
FILLER_0_18_29,VPWR,li1,20.7000,62.5600,1.799947
FILLER_0_18_26,VPWR,li1,17.9400,62.5600,1.799954
FILLER_0_18_18,VPWR,li1,15.6400,62.5600,1.799962
FILLER_0_18_6,VPWR,li1,11.0400,62.5600,1.799956
FILLER_0_17_147,VPWR,li1,74.5200,57.1200,1.799991
FILLER_0_17_133,VPWR,li1,66.9300,57.1200,1.799992
FILLER_0_17_111,VPWR,li1,56.8100,57.1200,1.799992
FILLER_0_17_105,VPWR,li1,55.2000,57.1200,1.799992
FILLER_0_17_93,VPWR,li1,51.0600,57.1200,1.799993
FILLER_0_17_83,VPWR,li1,44.1600,57.1200,1.799992
FILLER_0_17_75,VPWR,li1,41.8600,57.1200,1.799992
FILLER_0_17_63,VPWR,li1,37.2600,57.1200,1.799992
FILLER_0_17_55,VPWR,li1,31.0500,57.1200,1.799990
FILLER_0_17_41,VPWR,li1,25.3000,57.1200,1.799986
FILLER_0_17_29,VPWR,li1,21.6200,57.1200,1.799985
FILLER_0_17_21,VPWR,li1,15.4100,57.1200,1.799983
FILLER_0_17_3,VPWR,li1,7.3600,57.1200,1.799977
FILLER_0_16_152,VPWR,li1,75.6700,57.1200,1.799991
FILLER_0_16_148,VPWR,li1,74.5200,57.1200,1.799991
FILLER_0_16_132,VPWR,li1,67.1600,57.1200,1.799992
FILLER_0_16_117,VPWR,li1,59.5700,57.1200,1.799991
FILLER_0_16_111,VPWR,li1,57.9600,57.1200,1.799992
FILLER_0_16_99,VPWR,li1,53.8200,57.1200,1.799992
FILLER_0_16_85,VPWR,li1,46.4600,57.1200,1.799992
FILLER_0_16_82,VPWR,li1,43.7000,57.1200,1.799992
FILLER_0_16_74,VPWR,li1,41.4000,57.1200,1.799992
FILLER_0_16_62,VPWR,li1,36.8000,57.1200,1.799992
FILLER_0_16_35,VPWR,li1,21.8500,57.1200,1.799985
FILLER_0_16_29,VPWR,li1,20.2400,57.1200,1.799985
FILLER_0_16_27,VPWR,li1,18.1700,57.1200,1.799984
FILLER_0_16_23,VPWR,li1,17.0200,57.1200,1.799984
FILLER_0_16_15,VPWR,li1,12.6500,57.1200,1.799978
FILLER_0_16_9,VPWR,li1,11.0400,57.1200,1.799978
FILLER_0_15_152,VPWR,li1,75.6700,51.6800,1.799995
FILLER_0_15_140,VPWR,li1,72.6800,51.6800,1.799995
FILLER_0_15_128,VPWR,li1,67.1600,51.6800,1.799995
FILLER_0_15_109,VPWR,li1,56.3500,51.6800,1.799991
FILLER_0_15_101,VPWR,li1,53.8200,51.6800,1.799992
FILLER_0_15_64,VPWR,li1,36.8000,51.6800,1.799990
FILLER_0_15_50,VPWR,li1,28.7500,51.6800,1.799989
FILLER_0_15_45,VPWR,li1,26.4500,51.6800,1.799988
FILLER_0_15_29,VPWR,li1,19.3200,51.6800,1.799986
FILLER_0_15_21,VPWR,li1,17.0200,51.6800,1.799986
FILLER_0_15_3,VPWR,li1,7.3600,51.6800,1.799982
FILLER_0_14_141,VPWR,li1,73.1400,51.6800,1.799995
FILLER_0_14_139,VPWR,li1,69.6900,51.6800,1.799995
FILLER_0_14_133,VPWR,li1,68.0800,51.6800,1.799995
FILLER_0_14_121,VPWR,li1,63.9400,51.6800,1.799993
FILLER_0_14_107,VPWR,li1,55.4300,51.6800,1.799991
FILLER_0_14_98,VPWR,li1,51.0600,51.6800,1.799992
FILLER_0_14_76,VPWR,li1,41.1700,51.6800,1.799990
FILLER_0_14_71,VPWR,li1,38.4100,51.6800,1.799990
FILLER_0_14_67,VPWR,li1,37.2600,51.6800,1.799990
FILLER_0_14_47,VPWR,li1,27.3700,51.6800,1.799988
FILLER_0_14_41,VPWR,li1,25.7600,51.6800,1.799987
FILLER_0_14_29,VPWR,li1,21.6200,51.6800,1.799986
FILLER_0_14_27,VPWR,li1,18.1700,51.6800,1.799986
FILLER_0_14_21,VPWR,li1,16.5600,51.6800,1.799986
FILLER_0_14_3,VPWR,li1,7.3600,51.6800,1.799982
FILLER_0_13_150,VPWR,li1,75.2100,46.2400,1.799968
FILLER_0_13_132,VPWR,li1,66.7000,46.2400,1.799971
FILLER_0_13_120,VPWR,li1,63.4800,46.2400,1.799964
FILLER_0_13_97,VPWR,li1,50.6000,46.2400,1.799950
FILLER_0_13_75,VPWR,li1,40.4800,46.2400,1.799941
FILLER_0_13_57,VPWR,li1,32.6600,46.2400,1.799968
FILLER_0_13_53,VPWR,li1,30.5900,46.2400,1.799969
FILLER_0_13_45,VPWR,li1,28.0600,46.2400,1.799971
FILLER_0_13_33,VPWR,li1,23.4600,46.2400,1.799974
FILLER_0_13_21,VPWR,li1,17.9400,46.2400,1.799978
FILLER_0_13_3,VPWR,li1,7.3600,46.2400,1.799975
FILLER_0_12_141,VPWR,li1,73.1400,46.2400,1.799968
FILLER_0_12_137,VPWR,li1,69.2300,46.2400,1.799968
FILLER_0_12_129,VPWR,li1,66.7000,46.2400,1.799971
FILLER_0_12_117,VPWR,li1,62.1000,46.2400,1.799964
FILLER_0_12_85,VPWR,li1,45.3100,46.2400,1.799920
FILLER_0_12_81,VPWR,li1,43.4700,46.2400,1.799927
FILLER_0_12_73,VPWR,li1,39.5600,46.2400,1.799941
FILLER_0_12_65,VPWR,li1,37.2600,46.2400,1.799950
FILLER_0_12_53,VPWR,li1,32.6600,46.2400,1.799968
FILLER_0_12_41,VPWR,li1,27.1400,46.2400,1.799971
FILLER_0_12_29,VPWR,li1,21.6200,46.2400,1.799975
FILLER_0_12_27,VPWR,li1,18.1700,46.2400,1.799978
FILLER_0_12_21,VPWR,li1,16.5600,46.2400,1.799978
FILLER_0_12_3,VPWR,li1,7.3600,46.2400,1.799975
FILLER_0_11_149,VPWR,li1,74.9800,40.8000,1.799977
FILLER_0_11_125,VPWR,li1,64.8600,40.8000,1.799977
FILLER_0_11_113,VPWR,li1,60.2600,40.8000,1.799981
FILLER_0_11_111,VPWR,li1,56.8100,40.8000,1.799983
FILLER_0_11_99,VPWR,li1,53.8200,40.8000,1.799985
FILLER_0_11_87,VPWR,li1,45.7700,40.8000,1.799988
FILLER_0_11_83,VPWR,li1,44.6200,40.8000,1.799988
FILLER_0_11_77,VPWR,li1,41.1700,40.8000,1.799987
FILLER_0_11_69,VPWR,li1,39.1000,40.8000,1.799987
FILLER_0_11_57,VPWR,li1,34.5000,40.8000,1.799988
FILLER_0_11_48,VPWR,li1,29.4400,40.8000,1.799987
FILLER_0_11_36,VPWR,li1,24.8400,40.8000,1.799983
FILLER_0_11_17,VPWR,li1,14.0300,40.8000,1.799979
FILLER_0_11_9,VPWR,li1,11.5000,40.8000,1.799979
FILLER_0_10_141,VPWR,li1,73.1400,40.8000,1.799977
FILLER_0_10_138,VPWR,li1,69.4600,40.8000,1.799980
FILLER_0_10_121,VPWR,li1,61.4100,40.8000,1.799980
FILLER_0_10_113,VPWR,li1,59.3400,40.8000,1.799981
FILLER_0_10_101,VPWR,li1,54.7400,40.8000,1.799985
FILLER_0_10_85,VPWR,li1,45.3100,40.8000,1.799988
FILLER_0_10_68,VPWR,li1,37.2600,40.8000,1.799988
FILLER_0_10_60,VPWR,li1,34.0400,40.8000,1.799988
FILLER_0_10_43,VPWR,li1,25.5300,40.8000,1.799983
FILLER_0_10_39,VPWR,li1,24.3800,40.8000,1.799981
FILLER_0_10_29,VPWR,li1,19.0900,40.8000,1.799977
FILLER_0_10_27,VPWR,li1,18.1700,40.8000,1.799977
FILLER_0_10_3,VPWR,li1,8.7400,40.8000,1.799979
FILLER_0_9_150,VPWR,li1,75.2100,35.3600,1.799978
FILLER_0_9_133,VPWR,li1,66.9300,35.3600,1.799982
FILLER_0_9_125,VPWR,li1,64.8600,35.3600,1.799981
FILLER_0_9_113,VPWR,li1,60.2600,35.3600,1.799980
FILLER_0_9_109,VPWR,li1,56.3500,35.3600,1.799978
FILLER_0_9_101,VPWR,li1,53.8200,35.3600,1.799977
FILLER_0_9_80,VPWR,li1,43.0100,35.3600,1.799953
FILLER_0_9_62,VPWR,li1,34.5000,35.3600,1.799938
FILLER_0_9_50,VPWR,li1,29.9000,35.3600,1.799936
FILLER_0_9_18,VPWR,li1,14.4900,35.3600,1.799959
FILLER_0_9_6,VPWR,li1,11.0400,35.3600,1.799959
FILLER_0_8_141,VPWR,li1,73.1400,35.3600,1.799978
FILLER_0_8_139,VPWR,li1,69.6900,35.3600,1.799978
FILLER_0_8_127,VPWR,li1,66.7000,35.3600,1.799982
FILLER_0_8_115,VPWR,li1,61.1800,35.3600,1.799980
FILLER_0_8_103,VPWR,li1,55.6600,35.3600,1.799978
FILLER_0_8_89,VPWR,li1,46.6900,35.3600,1.799966
FILLER_0_8_85,VPWR,li1,45.5400,35.3600,1.799959
FILLER_0_8_83,VPWR,li1,43.9300,35.3600,1.799959
FILLER_0_8_26,VPWR,li1,17.9400,35.3600,1.799948
FILLER_0_8_6,VPWR,li1,9.2000,35.3600,1.799959
FILLER_0_7_149,VPWR,li1,74.9800,29.9200,1.799963
FILLER_0_7_137,VPWR,li1,71.3000,29.9200,1.799963
FILLER_0_7_125,VPWR,li1,65.7800,29.9200,1.799955
FILLER_0_7_113,VPWR,li1,60.2600,29.9200,1.799934
FILLER_0_7_67,VPWR,li1,36.8000,29.9200,1.799942
FILLER_0_7_57,VPWR,li1,31.9700,29.9200,1.799962
FILLER_0_7_54,VPWR,li1,30.8200,29.9200,1.799963
FILLER_0_7_38,VPWR,li1,23.9200,29.9200,1.799967
FILLER_0_7_21,VPWR,li1,16.5600,29.9200,1.799973
FILLER_0_7_3,VPWR,li1,7.3600,29.9200,1.799971
FILLER_0_6_141,VPWR,li1,73.1400,29.9200,1.799963
FILLER_0_6_132,VPWR,li1,68.0800,29.9200,1.799963
FILLER_0_6_120,VPWR,li1,63.4800,29.9200,1.799946
FILLER_0_6_108,VPWR,li1,57.9600,29.9200,1.799923
FILLER_0_6_85,VPWR,li1,45.3100,29.9200,1.799917
FILLER_0_6_83,VPWR,li1,43.9300,29.9200,1.799917
FILLER_0_6_76,VPWR,li1,40.9400,29.9200,1.799926
FILLER_0_6_67,VPWR,li1,36.5700,29.9200,1.799942
FILLER_0_6_56,VPWR,li1,31.5100,29.9200,1.799962
FILLER_0_6_41,VPWR,li1,27.1400,29.9200,1.799965
FILLER_0_6_29,VPWR,li1,21.6200,29.9200,1.799968
FILLER_0_6_27,VPWR,li1,18.1700,29.9200,1.799973
FILLER_0_6_21,VPWR,li1,16.5600,29.9200,1.799973
FILLER_0_6_3,VPWR,li1,7.3600,29.9200,1.799971
FILLER_0_5_150,VPWR,li1,75.2100,24.4800,1.799985
FILLER_0_5_133,VPWR,li1,66.9300,24.4800,1.799989
FILLER_0_5_125,VPWR,li1,64.8600,24.4800,1.799990
FILLER_0_5_113,VPWR,li1,60.2600,24.4800,1.799992
FILLER_0_5_111,VPWR,li1,56.8100,24.4800,1.799993
FILLER_0_5_105,VPWR,li1,55.2000,24.4800,1.799993
FILLER_0_5_93,VPWR,li1,51.0600,24.4800,1.799995
FILLER_0_5_81,VPWR,li1,45.5400,24.4800,1.799994
FILLER_0_5_67,VPWR,li1,36.5700,24.4800,1.799994
FILLER_0_5_48,VPWR,li1,29.4400,24.4800,1.799995
FILLER_0_5_38,VPWR,li1,23.4600,24.4800,1.799995
FILLER_0_5_26,VPWR,li1,17.9400,24.4800,1.799995
FILLER_0_5_18,VPWR,li1,15.6400,24.4800,1.799996
FILLER_0_5_6,VPWR,li1,11.0400,24.4800,1.799996
FILLER_0_4_141,VPWR,li1,73.1400,24.4800,1.799985
FILLER_0_4_128,VPWR,li1,67.1600,24.4800,1.799989
FILLER_0_4_116,VPWR,li1,61.6400,24.4800,1.799992
FILLER_0_4_104,VPWR,li1,56.1200,24.4800,1.799993
FILLER_0_4_92,VPWR,li1,50.6000,24.4800,1.799995
FILLER_0_4_81,VPWR,li1,43.4700,24.4800,1.799994
FILLER_0_4_73,VPWR,li1,40.9400,24.4800,1.799994
FILLER_0_4_61,VPWR,li1,36.3400,24.4800,1.799994
FILLER_0_4_56,VPWR,li1,31.7400,24.4800,1.799995
FILLER_0_4_48,VPWR,li1,29.4400,24.4800,1.799995
FILLER_0_4_29,VPWR,li1,19.0900,24.4800,1.799995
FILLER_0_4_27,VPWR,li1,18.1700,24.4800,1.799995
FILLER_0_4_15,VPWR,li1,15.1800,24.4800,1.799996
FILLER_0_4_3,VPWR,li1,9.6600,24.4800,1.799996
FILLER_0_3_141,VPWR,li1,73.1400,19.0400,1.799979
FILLER_0_3_129,VPWR,li1,67.6200,19.0400,1.799979
FILLER_0_3_111,VPWR,li1,56.8100,19.0400,1.799964
FILLER_0_3_105,VPWR,li1,55.2000,19.0400,1.799964
FILLER_0_3_93,VPWR,li1,51.0600,19.0400,1.799967
FILLER_0_3_74,VPWR,li1,40.2500,19.0400,1.799958
FILLER_0_3_66,VPWR,li1,37.7200,19.0400,1.799964
FILLER_0_3_57,VPWR,li1,32.2000,19.0400,1.799971
FILLER_0_3_40,VPWR,li1,24.3800,19.0400,1.799961
FILLER_0_3_3,VPWR,li1,7.3600,19.0400,1.799955
FILLER_0_2_141,VPWR,li1,73.1400,19.0400,1.799979
FILLER_0_2_134,VPWR,li1,68.5400,19.0400,1.799979
FILLER_0_2_122,VPWR,li1,64.4000,19.0400,1.799972
FILLER_0_2_89,VPWR,li1,46.6900,19.0400,1.799962
FILLER_0_2_85,VPWR,li1,45.5400,19.0400,1.799958
FILLER_0_2_83,VPWR,li1,43.9300,19.0400,1.799958
FILLER_0_2_66,VPWR,li1,36.1100,19.0400,1.799964
FILLER_0_2_49,VPWR,li1,28.2900,19.0400,1.799964
FILLER_0_2_24,VPWR,li1,17.4800,19.0400,1.799962
FILLER_0_2_6,VPWR,li1,8.7400,19.0400,1.799955
FILLER_0_1_141,VPWR,li1,73.1400,13.6000,1.799989
FILLER_0_1_129,VPWR,li1,67.6200,13.6000,1.799989
FILLER_0_1_110,VPWR,li1,56.5800,13.6000,1.799982
FILLER_0_1_98,VPWR,li1,53.3600,13.6000,1.799982
FILLER_0_1_74,VPWR,li1,41.4000,13.6000,1.799980
FILLER_0_1_57,VPWR,li1,31.9700,13.6000,1.799986
FILLER_0_1_53,VPWR,li1,30.5900,13.6000,1.799986
FILLER_0_1_41,VPWR,li1,27.1400,13.6000,1.799985
FILLER_0_1_30,VPWR,li1,21.1600,13.6000,1.799985
FILLER_0_1_3,VPWR,li1,7.3600,13.6000,1.799981
FILLER_0_0_144,VPWR,li1,72.4500,13.6000,1.799989
FILLER_0_0_139,VPWR,li1,69.6900,13.6000,1.799989
FILLER_0_0_131,VPWR,li1,67.6200,13.6000,1.799989
FILLER_0_0_120,VPWR,li1,62.5600,13.6000,1.799983
FILLER_0_0_113,VPWR,li1,58.4200,13.6000,1.799981
FILLER_0_0_109,VPWR,li1,56.3500,13.6000,1.799982
FILLER_0_0_98,VPWR,li1,52.4400,13.6000,1.799982
FILLER_0_0_94,VPWR,li1,48.9900,13.6000,1.799983
FILLER_0_0_88,VPWR,li1,47.3800,13.6000,1.799980
FILLER_0_0_76,VPWR,li1,42.3200,13.6000,1.799980
FILLER_0_0_65,VPWR,li1,37.2600,13.6000,1.799980
FILLER_0_0_61,VPWR,li1,33.8100,13.6000,1.799983
FILLER_0_0_57,VPWR,li1,32.6600,13.6000,1.799986
FILLER_0_0_54,VPWR,li1,30.8200,13.6000,1.799986
FILLER_0_0_43,VPWR,li1,27.1400,13.6000,1.799985
FILLER_0_0_39,VPWR,li1,23.6900,13.6000,1.799985
FILLER_0_0_35,VPWR,li1,22.5400,13.6000,1.799985
FILLER_0_0_27,VPWR,li1,18.1700,13.6000,1.799985
FILLER_0_0_3,VPWR,li1,7.3600,13.6000,1.799981
clkload2,VPWR,li1,46.0000,62.5600,1.799906
clkload1,VPWR,li1,29.9000,62.5600,1.799927
clkload0,VPWR,li1,51.5200,29.9200,1.799898
clkbuf_2_3__f_CLK,VPWR,li1,50.1400,62.5600,1.799913
clkbuf_2_2__f_CLK,VPWR,li1,36.3400,62.5600,1.799894
clkbuf_2_1__f_CLK,VPWR,li1,50.6000,29.9200,1.799898
clkbuf_2_0__f_CLK,VPWR,li1,32.6600,35.3600,1.799934
clkbuf_0_CLK,VPWR,li1,45.5400,46.2400,1.799920
output50,VPWR,li1,8.9700,57.1200,1.799977
output49,VPWR,li1,7.5900,40.8000,1.799978
output48,VPWR,li1,8.9700,40.8000,1.799979
output47,VPWR,li1,7.5900,35.3600,1.799958
output46,VPWR,li1,7.5900,35.3600,1.799958
output45,VPWR,li1,7.5900,24.4800,1.799996
output44,VPWR,li1,7.5900,19.0400,1.799955
output43,VPWR,li1,15.8700,13.6000,1.799985
output42,VPWR,li1,18.6300,13.6000,1.799985
output41,VPWR,li1,20.9300,78.8800,1.799979
output40,VPWR,li1,8.9700,73.4400,1.799951
output39,VPWR,li1,7.5900,73.4400,1.799951
output38,VPWR,li1,7.5900,68.0000,1.799980
output37,VPWR,li1,7.5900,62.5600,1.799956
output36,VPWR,li1,7.5900,57.1200,1.799977
output35,VPWR,li1,20.9300,13.6000,1.799985
output34,VPWR,li1,17.2500,78.8800,1.799977
input33,VPWR,li1,75.2100,73.4400,1.799967
input32,VPWR,li1,49.9100,13.6000,1.799983
input31,VPWR,li1,45.3100,13.6000,1.799980
input30,VPWR,li1,39.7900,13.6000,1.799980
input29,VPWR,li1,34.7300,13.6000,1.799983
input28,VPWR,li1,29.6700,13.6000,1.799986
input27,VPWR,li1,24.6100,13.6000,1.799985
input26,VPWR,li1,19.5500,13.6000,1.799985
input25,VPWR,li1,15.8700,13.6000,1.799985
input24,VPWR,li1,17.2500,13.6000,1.799985
input23,VPWR,li1,73.8300,13.6000,1.799989
input22,VPWR,li1,75.2100,13.6000,1.799989
input21,VPWR,li1,71.0700,13.6000,1.799989
input20,VPWR,li1,65.0900,13.6000,1.799986
input19,VPWR,li1,60.0300,13.6000,1.799981
input18,VPWR,li1,54.9700,13.6000,1.799982
input17,VPWR,li1,17.2500,13.6000,1.799985
input16,VPWR,li1,49.9100,78.8800,1.799992
input15,VPWR,li1,45.3100,78.8800,1.799990
input14,VPWR,li1,39.7900,78.8800,1.799988
input13,VPWR,li1,34.7300,78.8800,1.799986
input12,VPWR,li1,29.6700,78.8800,1.799984
input11,VPWR,li1,24.6100,78.8800,1.799980
input10,VPWR,li1,19.5500,78.8800,1.799977
input9,VPWR,li1,15.8700,78.8800,1.799977
input8,VPWR,li1,9.4300,78.8800,1.799973
input7,VPWR,li1,73.8300,78.8800,1.799990
input6,VPWR,li1,75.2100,78.8800,1.799990
input5,VPWR,li1,71.0700,78.8800,1.799990
input4,VPWR,li1,65.0900,78.8800,1.799988
input3,VPWR,li1,60.0300,78.8800,1.799989
input2,VPWR,li1,54.9700,78.8800,1.799991
input1,VPWR,li1,7.5900,78.8800,1.799973
TAP_TAPCELL_ROW_25_121,VPWR,li1,70.1500,79.1860,1.799990
TAP_TAPCELL_ROW_25_120,VPWR,li1,57.2700,79.1860,1.799990
TAP_TAPCELL_ROW_25_119,VPWR,li1,44.3900,79.1860,1.799990
TAP_TAPCELL_ROW_25_118,VPWR,li1,31.5100,79.1860,1.799985
TAP_TAPCELL_ROW_25_117,VPWR,li1,18.6300,79.1860,1.799977
TAP_TAPCELL_ROW_24_116,VPWR,li1,70.1500,78.5730,1.799990
TAP_TAPCELL_ROW_24_115,VPWR,li1,44.3900,78.5730,1.799990
TAP_TAPCELL_ROW_24_114,VPWR,li1,18.6300,78.5730,1.799977
TAP_TAPCELL_ROW_23_113,VPWR,li1,57.2700,73.7460,1.799956
TAP_TAPCELL_ROW_23_112,VPWR,li1,31.5100,73.7460,1.799967
TAP_TAPCELL_ROW_22_111,VPWR,li1,70.1500,73.1330,1.799967
TAP_TAPCELL_ROW_22_110,VPWR,li1,44.3900,73.1330,1.799956
TAP_TAPCELL_ROW_22_109,VPWR,li1,18.6300,73.1330,1.799956
TAP_TAPCELL_ROW_21_108,VPWR,li1,57.2700,68.3060,1.799988
TAP_TAPCELL_ROW_21_107,VPWR,li1,31.5100,68.3060,1.799990
TAP_TAPCELL_ROW_20_106,VPWR,li1,70.1500,67.6930,1.799984
TAP_TAPCELL_ROW_20_105,VPWR,li1,44.3900,67.6930,1.799990
TAP_TAPCELL_ROW_20_104,VPWR,li1,18.6300,67.6930,1.799986
TAP_TAPCELL_ROW_19_103,VPWR,li1,57.2700,62.8660,1.799931
TAP_TAPCELL_ROW_19_102,VPWR,li1,31.5100,62.8660,1.799927
TAP_TAPCELL_ROW_18_101,VPWR,li1,70.1500,62.2530,1.799967
TAP_TAPCELL_ROW_18_100,VPWR,li1,44.3900,62.2530,1.799903
TAP_TAPCELL_ROW_18_99,VPWR,li1,18.6300,62.2530,1.799954
TAP_TAPCELL_ROW_17_98,VPWR,li1,57.2700,57.4260,1.799992
TAP_TAPCELL_ROW_17_97,VPWR,li1,31.5100,57.4260,1.799990
TAP_TAPCELL_ROW_16_96,VPWR,li1,70.1500,56.8130,1.799991
TAP_TAPCELL_ROW_16_95,VPWR,li1,44.3900,56.8130,1.799992
TAP_TAPCELL_ROW_16_94,VPWR,li1,18.6300,56.8130,1.799984
TAP_TAPCELL_ROW_15_93,VPWR,li1,57.2700,51.9860,1.799992
TAP_TAPCELL_ROW_15_92,VPWR,li1,31.5100,51.9860,1.799990
TAP_TAPCELL_ROW_14_91,VPWR,li1,70.1500,51.3730,1.799995
TAP_TAPCELL_ROW_14_90,VPWR,li1,44.3900,51.3730,1.799991
TAP_TAPCELL_ROW_14_89,VPWR,li1,18.6300,51.3730,1.799986
TAP_TAPCELL_ROW_13_88,VPWR,li1,57.2700,46.5460,1.799957
TAP_TAPCELL_ROW_13_87,VPWR,li1,31.5100,46.5460,1.799969
TAP_TAPCELL_ROW_12_86,VPWR,li1,70.1500,45.9330,1.799968
TAP_TAPCELL_ROW_12_85,VPWR,li1,44.3900,45.9330,1.799927
TAP_TAPCELL_ROW_12_84,VPWR,li1,18.6300,45.9330,1.799977
TAP_TAPCELL_ROW_11_83,VPWR,li1,57.2700,41.1060,1.799983
TAP_TAPCELL_ROW_11_82,VPWR,li1,31.5100,41.1060,1.799989
TAP_TAPCELL_ROW_10_81,VPWR,li1,70.1500,40.4930,1.799977
TAP_TAPCELL_ROW_10_80,VPWR,li1,44.3900,40.4930,1.799988
TAP_TAPCELL_ROW_10_79,VPWR,li1,18.6300,40.4930,1.799977
TAP_TAPCELL_ROW_9_78,VPWR,li1,57.2700,35.6660,1.799978
TAP_TAPCELL_ROW_9_77,VPWR,li1,31.5100,35.6660,1.799936
TAP_TAPCELL_ROW_8_76,VPWR,li1,70.1500,35.0530,1.799978
TAP_TAPCELL_ROW_8_75,VPWR,li1,44.3900,35.0530,1.799959
TAP_TAPCELL_ROW_8_74,VPWR,li1,18.6300,35.0530,1.799948
TAP_TAPCELL_ROW_7_73,VPWR,li1,57.2700,30.2260,1.799923
TAP_TAPCELL_ROW_7_72,VPWR,li1,31.5100,30.2260,1.799962
TAP_TAPCELL_ROW_6_71,VPWR,li1,70.1500,29.6130,1.799963
TAP_TAPCELL_ROW_6_70,VPWR,li1,44.3900,29.6130,1.799917
TAP_TAPCELL_ROW_6_69,VPWR,li1,18.6300,29.6130,1.799971
TAP_TAPCELL_ROW_5_68,VPWR,li1,57.2700,24.7860,1.799993
TAP_TAPCELL_ROW_5_67,VPWR,li1,31.5100,24.7860,1.799995
TAP_TAPCELL_ROW_4_66,VPWR,li1,70.1500,24.1730,1.799985
TAP_TAPCELL_ROW_4_65,VPWR,li1,44.3900,24.1730,1.799994
TAP_TAPCELL_ROW_4_64,VPWR,li1,18.6300,24.1730,1.799995
TAP_TAPCELL_ROW_3_63,VPWR,li1,57.2700,19.3460,1.799963
TAP_TAPCELL_ROW_3_62,VPWR,li1,31.5100,19.3460,1.799971
TAP_TAPCELL_ROW_2_61,VPWR,li1,70.1500,18.7330,1.799979
TAP_TAPCELL_ROW_2_60,VPWR,li1,44.3900,18.7330,1.799958
TAP_TAPCELL_ROW_2_59,VPWR,li1,18.6300,18.7330,1.799961
TAP_TAPCELL_ROW_1_58,VPWR,li1,57.2700,13.9060,1.799981
TAP_TAPCELL_ROW_1_57,VPWR,li1,31.5100,13.9060,1.799986
TAP_TAPCELL_ROW_0_56,VPWR,li1,70.1500,13.2930,1.799989
TAP_TAPCELL_ROW_0_55,VPWR,li1,57.2700,13.2930,1.799981
TAP_TAPCELL_ROW_0_54,VPWR,li1,44.3900,13.2930,1.799980
TAP_TAPCELL_ROW_0_53,VPWR,li1,31.5100,13.2930,1.799986
TAP_TAPCELL_ROW_0_52,VPWR,li1,18.6300,13.2930,1.799985
PHY_EDGE_ROW_25_Left_51,VPWR,li1,6.2100,78.8800,1.799973
PHY_EDGE_ROW_24_Left_50,VPWR,li1,6.2100,78.8800,1.799973
PHY_EDGE_ROW_23_Left_49,VPWR,li1,6.2100,73.4400,1.799951
PHY_EDGE_ROW_22_Left_48,VPWR,li1,6.2100,73.4400,1.799951
PHY_EDGE_ROW_21_Left_47,VPWR,li1,6.2100,68.0000,1.799980
PHY_EDGE_ROW_20_Left_46,VPWR,li1,6.2100,68.0000,1.799980
PHY_EDGE_ROW_19_Left_45,VPWR,li1,6.2100,62.5600,1.799956
PHY_EDGE_ROW_18_Left_44,VPWR,li1,6.2100,62.5600,1.799956
PHY_EDGE_ROW_17_Left_43,VPWR,li1,6.2100,57.1200,1.799977
PHY_EDGE_ROW_16_Left_42,VPWR,li1,6.2100,57.1200,1.799977
PHY_EDGE_ROW_15_Left_41,VPWR,li1,6.2100,51.6800,1.799982
PHY_EDGE_ROW_14_Left_40,VPWR,li1,6.2100,51.6800,1.799982
PHY_EDGE_ROW_13_Left_39,VPWR,li1,6.2100,46.2400,1.799975
PHY_EDGE_ROW_12_Left_38,VPWR,li1,6.2100,46.2400,1.799975
PHY_EDGE_ROW_11_Left_37,VPWR,li1,6.2100,40.8000,1.799978
PHY_EDGE_ROW_10_Left_36,VPWR,li1,6.2100,40.8000,1.799978
PHY_EDGE_ROW_9_Left_35,VPWR,li1,6.2100,35.3600,1.799958
PHY_EDGE_ROW_8_Left_34,VPWR,li1,6.2100,35.3600,1.799958
PHY_EDGE_ROW_7_Left_33,VPWR,li1,6.2100,29.9200,1.799971
PHY_EDGE_ROW_6_Left_32,VPWR,li1,6.2100,29.9200,1.799971
PHY_EDGE_ROW_5_Left_31,VPWR,li1,6.2100,24.4800,1.799996
PHY_EDGE_ROW_4_Left_30,VPWR,li1,6.2100,24.4800,1.799996
PHY_EDGE_ROW_3_Left_29,VPWR,li1,6.2100,19.0400,1.799955
PHY_EDGE_ROW_2_Left_28,VPWR,li1,6.2100,19.0400,1.799955
PHY_EDGE_ROW_1_Left_27,VPWR,li1,6.2100,13.6000,1.799981
PHY_EDGE_ROW_0_Left_26,VPWR,li1,6.2100,13.6000,1.799981
PHY_EDGE_ROW_25_Right_25,VPWR,li1,76.5900,78.8800,1.799990
PHY_EDGE_ROW_24_Right_24,VPWR,li1,76.5900,78.8800,1.799990
PHY_EDGE_ROW_23_Right_23,VPWR,li1,76.5900,73.4400,1.799967
PHY_EDGE_ROW_22_Right_22,VPWR,li1,76.5900,73.4400,1.799967
PHY_EDGE_ROW_21_Right_21,VPWR,li1,76.5900,68.0000,1.799984
PHY_EDGE_ROW_20_Right_20,VPWR,li1,76.5900,68.0000,1.799984
PHY_EDGE_ROW_19_Right_19,VPWR,li1,76.5900,62.5600,1.799966
PHY_EDGE_ROW_18_Right_18,VPWR,li1,76.5900,62.5600,1.799966
PHY_EDGE_ROW_17_Right_17,VPWR,li1,76.5900,57.1200,1.799991
PHY_EDGE_ROW_16_Right_16,VPWR,li1,76.5900,57.1200,1.799991
PHY_EDGE_ROW_15_Right_15,VPWR,li1,76.5900,51.6800,1.799995
PHY_EDGE_ROW_14_Right_14,VPWR,li1,76.5900,51.6800,1.799995
PHY_EDGE_ROW_13_Right_13,VPWR,li1,76.5900,46.2400,1.799968
PHY_EDGE_ROW_12_Right_12,VPWR,li1,76.5900,46.2400,1.799968
PHY_EDGE_ROW_11_Right_11,VPWR,li1,76.5900,40.8000,1.799977
PHY_EDGE_ROW_10_Right_10,VPWR,li1,76.5900,40.8000,1.799977
PHY_EDGE_ROW_9_Right_9,VPWR,li1,76.5900,35.3600,1.799978
PHY_EDGE_ROW_8_Right_8,VPWR,li1,76.5900,35.3600,1.799978
PHY_EDGE_ROW_7_Right_7,VPWR,li1,76.5900,29.9200,1.799963
PHY_EDGE_ROW_6_Right_6,VPWR,li1,76.5900,29.9200,1.799963
PHY_EDGE_ROW_5_Right_5,VPWR,li1,76.5900,24.4800,1.799985
PHY_EDGE_ROW_4_Right_4,VPWR,li1,76.5900,24.4800,1.799985
PHY_EDGE_ROW_3_Right_3,VPWR,li1,76.5900,19.0400,1.799979
PHY_EDGE_ROW_2_Right_2,VPWR,li1,76.5900,19.0400,1.799979
PHY_EDGE_ROW_1_Right_1,VPWR,li1,76.5900,13.6000,1.799989
PHY_EDGE_ROW_0_Right_0,VPWR,li1,76.5900,13.6000,1.799989
_322_,VPWR,li1,70.8400,24.4800,1.799985
_321_,VPWR,li1,70.8400,46.2400,1.799968
_320_,VPWR,li1,70.8400,35.3600,1.799978
_319_,VPWR,li1,70.3800,40.8000,1.799977
_318_,VPWR,li1,65.3200,40.8000,1.799977
_317_,VPWR,li1,61.1800,19.0400,1.799966
_316_,VPWR,li1,61.1800,13.6000,1.799981
_315_,VPWR,li1,57.9600,19.0400,1.799963
_314_,VPWR,li1,50.6000,19.0400,1.799967
_313_,VPWR,li1,46.9200,13.6000,1.799980
_312_,VPWR,li1,44.6200,19.0400,1.799958
_311_,VPWR,li1,35.8800,13.6000,1.799980
_310_,VPWR,li1,32.2000,19.0400,1.799971
_309_,VPWR,li1,18.8600,35.3600,1.799948
_308_,VPWR,li1,13.8000,35.3600,1.799959
_307_,VPWR,li1,12.8800,19.0400,1.799955
_306_,VPWR,li1,11.5000,13.6000,1.799981
_305_,VPWR,li1,66.2400,78.8800,1.799988
_304_,VPWR,li1,66.2400,73.4400,1.799963
_303_,VPWR,li1,69.4600,68.0000,1.799984
_302_,VPWR,li1,68.5400,73.4400,1.799967
_301_,VPWR,li1,61.1800,73.4400,1.799960
_300_,VPWR,li1,56.1200,73.4400,1.799956
_299_,VPWR,li1,52.4400,73.4400,1.799959
_298_,VPWR,li1,45.0800,73.4400,1.799956
_297_,VPWR,li1,37.7200,73.4400,1.799957
_296_,VPWR,li1,37.7200,73.4400,1.799957
_295_,VPWR,li1,31.7400,78.8800,1.799985
_294_,VPWR,li1,29.4400,40.8000,1.799987
_293_,VPWR,li1,18.4000,40.8000,1.799977
_292_,VPWR,li1,14.2600,40.8000,1.799979
_291_,VPWR,li1,14.2600,73.4400,1.799960
_290_,VPWR,li1,11.5000,78.8800,1.799973
_289_,VPWR,li1,17.9400,73.4400,1.799956
_288_,VPWR,li1,13.8000,78.8800,1.799976
_287_,VPWR,li1,27.6000,73.4400,1.799958
_286_,VPWR,li1,10.5800,73.4400,1.799951
_285_,VPWR,li1,11.5000,68.0000,1.799981
_284_,VPWR,li1,11.5000,62.5600,1.799956
_283_,VPWR,li1,11.5000,57.1200,1.799978
_282_,VPWR,li1,11.5000,51.6800,1.799982
_281_,VPWR,li1,11.5000,51.6800,1.799982
_280_,VPWR,li1,11.5000,46.2400,1.799975
_279_,VPWR,li1,11.5000,46.2400,1.799975
_278_,VPWR,li1,11.5000,29.9200,1.799971
_277_,VPWR,li1,11.5000,29.9200,1.799971
_276_,VPWR,li1,11.5000,19.0400,1.799955
_275_,VPWR,li1,22.5400,19.0400,1.799959
_274_,VPWR,li1,40.0200,19.0400,1.799958
_273_,VPWR,li1,11.5000,13.6000,1.799981
_272_,VPWR,li1,45.7700,68.0000,1.799990
_271_,VPWR,li1,46.0000,68.0000,1.799990
_270_,VPWR,li1,48.5300,68.0000,1.799990
_269_,VPWR,li1,63.2500,68.0000,1.799985
_268_,VPWR,li1,68.5400,62.5600,1.799967
_267_,VPWR,li1,71.9900,62.5600,1.799966
_266_,VPWR,li1,49.2200,62.5600,1.799913
_265_,VPWR,li1,51.2900,68.0000,1.799991
_264_,VPWR,li1,28.5200,68.0000,1.799988
_263_,VPWR,li1,68.3100,68.0000,1.799984
_262_,VPWR,li1,71.5300,62.5600,1.799967
_261_,VPWR,li1,31.5100,68.0000,1.799990
_260_,VPWR,li1,55.6600,62.5600,1.799931
_259_,VPWR,li1,71.9900,68.0000,1.799984
_258_,VPWR,li1,52.2100,62.5600,1.799921
_257_,VPWR,li1,23.6900,13.6000,1.799985
_256_,VPWR,li1,27.1400,19.0400,1.799964
_255_,VPWR,li1,34.2700,19.0400,1.799966
_254_,VPWR,li1,19.0900,19.0400,1.799961
_253_,VPWR,li1,23.4600,24.4800,1.799995
_252_,VPWR,li1,26.4500,24.4800,1.799995
_251_,VPWR,li1,46.2300,24.4800,1.799994
_250_,VPWR,li1,38.4100,24.4800,1.799994
_249_,VPWR,li1,40.7100,24.4800,1.799994
_248_,VPWR,li1,26.4500,29.9200,1.799965
_247_,VPWR,li1,30.5900,29.9200,1.799963
_246_,VPWR,li1,34.7300,29.9200,1.799950
_245_,VPWR,li1,32.8900,24.4800,1.799995
_244_,VPWR,li1,29.2100,29.9200,1.799963
_243_,VPWR,li1,48.5300,35.3600,1.799970
_242_,VPWR,li1,44.3900,29.9200,1.799917
_241_,VPWR,li1,42.0900,24.4800,1.799994
_240_,VPWR,li1,24.6100,51.6800,1.799987
_239_,VPWR,li1,38.4100,46.2400,1.799950
_238_,VPWR,li1,42.5500,40.8000,1.799987
_237_,VPWR,li1,21.3900,51.6800,1.799986
_236_,VPWR,li1,27.6000,51.6800,1.799988
_235_,VPWR,li1,34.7300,51.6800,1.799990
_234_,VPWR,li1,33.3500,51.6800,1.799990
_233_,VPWR,li1,35.1900,46.2400,1.799958
_232_,VPWR,li1,32.8900,24.4800,1.799995
_231_,VPWR,li1,39.5600,51.6800,1.799990
_230_,VPWR,li1,38.6400,29.9200,1.799934
_229_,VPWR,li1,14.4900,57.1200,1.799983
_228_,VPWR,li1,17.2500,57.1200,1.799984
_227_,VPWR,li1,27.8300,57.1200,1.799988
_226_,VPWR,li1,24.6100,57.1200,1.799986
_225_,VPWR,li1,23.0000,57.1200,1.799986
_224_,VPWR,li1,43.9300,62.5600,1.799903
_223_,VPWR,li1,42.5500,62.5600,1.799900
_222_,VPWR,li1,46.2300,51.6800,1.799991
_221_,VPWR,li1,39.3300,40.8000,1.799987
_220_,VPWR,li1,40.2500,35.3600,1.799947
_219_,VPWR,li1,41.6300,62.5600,1.799900
_218_,VPWR,li1,43.0100,51.6800,1.799990
_217_,VPWR,li1,42.0900,35.3600,1.799953
_216_,VPWR,li1,50.8300,35.3600,1.799975
_215_,VPWR,li1,49.6800,57.1200,1.799993
_214_,VPWR,li1,24.1500,68.0000,1.799987
_213_,VPWR,li1,25.0700,68.0000,1.799987
_212_,VPWR,li1,26.4500,62.5600,1.799937
_211_,VPWR,li1,27.1400,62.5600,1.799933
_210_,VPWR,li1,28.5200,62.5600,1.799933
_209_,VPWR,li1,33.1200,57.1200,1.799991
_208_,VPWR,li1,31.5100,51.6800,1.799990
_207_,VPWR,li1,30.1300,57.1200,1.799990
_206_,VPWR,li1,46.2300,73.4400,1.799959
_205_,VPWR,li1,40.2500,68.0000,1.799990
_204_,VPWR,li1,42.0900,68.0000,1.799990
_203_,VPWR,li1,47.6100,57.1200,1.799993
_202_,VPWR,li1,61.6400,51.6800,1.799992
_201_,VPWR,li1,59.5700,51.6800,1.799992
_200_,VPWR,li1,40.2500,51.6800,1.799990
_199_,VPWR,li1,63.4800,51.6800,1.799993
_198_,VPWR,li1,64.6300,57.1200,1.799991
_197_,VPWR,li1,43.7000,51.6800,1.799991
_196_,VPWR,li1,46.6900,51.6800,1.799991
_195_,VPWR,li1,41.4000,46.2400,1.799934
_194_,VPWR,li1,41.4000,29.9200,1.799926
_193_,VPWR,li1,51.5200,35.3600,1.799975
_192_,VPWR,li1,39.7900,29.9200,1.799934
_191_,VPWR,li1,32.4300,29.9200,1.799962
_190_,VPWR,li1,42.5500,29.9200,1.799926
_189_,VPWR,li1,35.1900,24.4800,1.799994
_188_,VPWR,li1,22.0800,29.9200,1.799968
_187_,VPWR,li1,19.5500,29.9200,1.799971
_186_,VPWR,li1,37.9500,29.9200,1.799942
_185_,VPWR,li1,49.2200,51.6800,1.799992
_184_,VPWR,li1,55.2000,46.2400,1.799953
_183_,VPWR,li1,53.1300,51.6800,1.799992
_182_,VPWR,li1,46.9200,40.8000,1.799988
_181_,VPWR,li1,42.5500,40.8000,1.799987
_180_,VPWR,li1,47.1500,46.2400,1.799931
_179_,VPWR,li1,48.9900,51.6800,1.799992
_178_,VPWR,li1,45.7700,57.1200,1.799992
_177_,VPWR,li1,26.4500,73.4400,1.799958
_176_,VPWR,li1,27.3700,68.0000,1.799988
_175_,VPWR,li1,33.5800,62.5600,1.799925
_174_,VPWR,li1,33.1200,57.1200,1.799991
_173_,VPWR,li1,57.0400,51.6800,1.799991
_172_,VPWR,li1,59.1100,46.2400,1.799960
_171_,VPWR,li1,51.0600,51.6800,1.799992
_170_,VPWR,li1,49.4500,40.8000,1.799988
_169_,VPWR,li1,60.2600,62.5600,1.799941
_168_,VPWR,li1,61.4100,57.1200,1.799991
_167_,VPWR,li1,65.5500,68.0000,1.799985
_166_,VPWR,li1,65.5500,62.5600,1.799959
_165_,VPWR,li1,66.9300,62.5600,1.799959
_164_,VPWR,li1,69.0000,57.1200,1.799991
_163_,VPWR,li1,71.9900,57.1200,1.799991
_162_,VPWR,li1,68.3100,62.5600,1.799967
_161_,VPWR,li1,24.1500,62.5600,1.799943
_160_,VPWR,li1,30.5900,62.5600,1.799927
_159_,VPWR,li1,36.5700,62.5600,1.799894
_158_,VPWR,li1,59.1100,51.6800,1.799992
_157_,VPWR,li1,59.1100,57.1200,1.799991
_156_,VPWR,li1,70.1500,57.1200,1.799991
_155_,VPWR,li1,63.7100,57.1200,1.799991
_154_,VPWR,li1,28.7500,57.1200,1.799988
_153_,VPWR,li1,30.1300,51.6800,1.799989
_152_,VPWR,li1,54.0500,46.2400,1.799953
_151_,VPWR,li1,57.7300,46.2400,1.799957
_150_,VPWR,li1,28.7500,51.6800,1.799989
_149_,VPWR,li1,48.9900,40.8000,1.799988
_148_,VPWR,li1,51.2900,46.2400,1.799950
_147_,VPWR,li1,26.4500,57.1200,1.799986
_146_,VPWR,li1,35.8800,40.8000,1.799988
_145_,VPWR,li1,36.5700,35.3600,1.799943
_144_,VPWR,li1,26.4500,35.3600,1.799939
_143_,VPWR,li1,32.8900,35.3600,1.799934
_142_,VPWR,li1,25.7600,24.4800,1.799995
_141_,VPWR,li1,20.0100,24.4800,1.799995
_140_,VPWR,li1,22.3100,24.4800,1.799995
_139_,VPWR,li1,20.7000,40.8000,1.799979
_138_,VPWR,li1,22.7700,40.8000,1.799981
_137_,VPWR,li1,31.0500,57.1200,1.799990
_136_,VPWR,li1,34.2700,29.9200,1.799950
_135_,VPWR,li1,22.3100,19.0400,1.799959
_134_,VPWR,li1,21.8500,35.3600,1.799943
_133_,VPWR,li1,25.5300,35.3600,1.799939
_132_,VPWR,li1,38.8700,35.3600,1.799947
_131_,VPWR,li1,28.0600,19.0400,1.799964
_130_,VPWR,li1,20.4700,24.4800,1.799995
_129_,VPWR,li1,16.3300,19.0400,1.799962
_128_,VPWR,li1,46.6900,35.3600,1.799966
