Instance,Terminal,Layer,X location,Y location,Voltage
FILLER_0_25_144,VGND,li1,72.4500,81.6000,0.000000
FILLER_0_25_139,VGND,li1,69.6900,81.6000,0.000000
FILLER_0_25_131,VGND,li1,67.6200,81.6000,0.000000
FILLER_0_25_120,VGND,li1,62.5600,81.6000,0.000001
FILLER_0_25_113,VGND,li1,58.4200,81.6000,0.000001
FILLER_0_25_109,VGND,li1,56.3500,81.6000,0.000001
FILLER_0_25_98,VGND,li1,52.4400,81.6000,0.000001
FILLER_0_25_94,VGND,li1,48.9900,81.6000,0.000002
FILLER_0_25_88,VGND,li1,47.3800,81.6000,0.000002
FILLER_0_25_76,VGND,li1,42.3200,81.6000,0.000002
FILLER_0_25_65,VGND,li1,37.2600,81.6000,0.000003
FILLER_0_25_61,VGND,li1,33.8100,81.6000,0.000004
FILLER_0_25_57,VGND,li1,32.6600,81.6000,0.000005
FILLER_0_25_54,VGND,li1,30.8200,81.6000,0.000006
FILLER_0_25_43,VGND,li1,27.1400,81.6000,0.000007
FILLER_0_25_39,VGND,li1,23.6900,81.6000,0.000009
FILLER_0_25_35,VGND,li1,22.5400,81.6000,0.000009
FILLER_0_25_27,VGND,li1,18.1700,81.6000,0.000011
FILLER_0_25_3,VGND,li1,7.3600,81.6000,0.000020
FILLER_0_24_141,VGND,li1,73.1400,76.1600,0.000029
FILLER_0_24_121,VGND,li1,61.8700,76.1600,0.000043
FILLER_0_24_109,VGND,li1,58.4200,76.1600,0.000040
FILLER_0_24_97,VGND,li1,52.9000,76.1600,0.000034
FILLER_0_24_85,VGND,li1,47.3800,76.1600,0.000039
FILLER_0_24_83,VGND,li1,43.9300,76.1600,0.000042
FILLER_0_24_77,VGND,li1,42.3200,76.1600,0.000041
FILLER_0_24_65,VGND,li1,38.1800,76.1600,0.000040
FILLER_0_24_41,VGND,li1,26.2200,76.1600,0.000046
FILLER_0_24_29,VGND,li1,21.6200,76.1600,0.000042
FILLER_0_24_26,VGND,li1,17.9400,76.1600,0.000038
FILLER_0_24_6,VGND,li1,8.5100,76.1600,0.000054
FILLER_0_23_145,VGND,li1,74.0600,76.1600,0.000029
FILLER_0_23_110,VGND,li1,56.5800,76.1600,0.000038
FILLER_0_23_61,VGND,li1,33.8100,76.1600,0.000040
FILLER_0_23_57,VGND,li1,32.6600,76.1600,0.000044
FILLER_0_23_39,VGND,li1,23.6900,76.1600,0.000044
FILLER_0_23_35,VGND,li1,22.5400,76.1600,0.000042
FILLER_0_22_149,VGND,li1,74.2900,70.7200,0.000023
FILLER_0_22_141,VGND,li1,72.2200,70.7200,0.000023
FILLER_0_22_118,VGND,li1,61.1800,70.7200,0.000029
FILLER_0_22_100,VGND,li1,51.9800,70.7200,0.000022
FILLER_0_22_92,VGND,li1,49.6800,70.7200,0.000023
FILLER_0_22_78,VGND,li1,42.7800,70.7200,0.000025
FILLER_0_22_61,VGND,li1,33.8100,70.7200,0.000022
FILLER_0_22_49,VGND,li1,30.8200,70.7200,0.000025
FILLER_0_22_41,VGND,li1,24.6100,70.7200,0.000027
FILLER_0_22_29,VGND,li1,21.6200,70.7200,0.000028
FILLER_0_22_27,VGND,li1,18.1700,70.7200,0.000028
FILLER_0_22_9,VGND,li1,10.1200,70.7200,0.000043
FILLER_0_21_147,VGND,li1,74.5200,70.7200,0.000023
FILLER_0_21_125,VGND,li1,64.4000,70.7200,0.000030
FILLER_0_21_113,VGND,li1,60.2600,70.7200,0.000029
FILLER_0_21_111,VGND,li1,56.8100,70.7200,0.000027
FILLER_0_21_103,VGND,li1,54.7400,70.7200,0.000026
FILLER_0_21_91,VGND,li1,50.1400,70.7200,0.000023
FILLER_0_21_83,VGND,li1,43.9300,70.7200,0.000025
FILLER_0_21_79,VGND,li1,42.7800,70.7200,0.000025
FILLER_0_21_69,VGND,li1,37.9500,70.7200,0.000024
FILLER_0_21_57,VGND,li1,34.5000,70.7200,0.000022
FILLER_0_21_55,VGND,li1,31.0500,70.7200,0.000025
FILLER_0_21_51,VGND,li1,29.9000,70.7200,0.000025
FILLER_0_21_33,VGND,li1,21.6200,70.7200,0.000028
FILLER_0_21_21,VGND,li1,17.9400,70.7200,0.000028
FILLER_0_21_3,VGND,li1,7.3600,70.7200,0.000044
FILLER_0_20_152,VGND,li1,75.6700,65.2800,0.000028
FILLER_0_20_148,VGND,li1,74.5200,65.2800,0.000028
FILLER_0_20_132,VGND,li1,66.4700,65.2800,0.000039
FILLER_0_20_114,VGND,li1,59.8000,65.2800,0.000051
FILLER_0_20_102,VGND,li1,55.2000,65.2800,0.000063
FILLER_0_20_85,VGND,li1,44.8500,65.2800,0.000101
FILLER_0_20_83,VGND,li1,43.9300,65.2800,0.000101
FILLER_0_20_75,VGND,li1,40.2500,65.2800,0.000095
FILLER_0_20_71,VGND,li1,39.1000,65.2800,0.000095
FILLER_0_20_59,VGND,li1,35.4200,65.2800,0.000090
FILLER_0_20_37,VGND,li1,23.0000,65.2800,0.000061
FILLER_0_20_29,VGND,li1,20.7000,65.2800,0.000055
FILLER_0_20_26,VGND,li1,17.9400,65.2800,0.000046
FILLER_0_20_18,VGND,li1,15.6400,65.2800,0.000050
FILLER_0_20_6,VGND,li1,11.0400,65.2800,0.000057
FILLER_0_19_147,VGND,li1,74.5200,65.2800,0.000028
FILLER_0_19_125,VGND,li1,63.7100,65.2800,0.000044
FILLER_0_19_113,VGND,li1,60.2600,65.2800,0.000051
FILLER_0_19_111,VGND,li1,56.8100,65.2800,0.000059
FILLER_0_19_41,VGND,li1,25.0700,65.2800,0.000069
FILLER_0_19_33,VGND,li1,22.5400,65.2800,0.000061
FILLER_0_19_21,VGND,li1,17.9400,65.2800,0.000046
FILLER_0_19_3,VGND,li1,7.3600,65.2800,0.000057
FILLER_0_18_152,VGND,li1,75.6700,59.8400,0.000007
FILLER_0_18_148,VGND,li1,74.5200,59.8400,0.000007
FILLER_0_18_139,VGND,li1,69.6900,59.8400,0.000009
FILLER_0_18_129,VGND,li1,65.5500,59.8400,0.000010
FILLER_0_18_121,VGND,li1,63.0200,59.8400,0.000011
FILLER_0_18_116,VGND,li1,59.1100,59.8400,0.000011
FILLER_0_18_104,VGND,li1,56.1200,59.8400,0.000010
FILLER_0_18_76,VGND,li1,40.7100,59.8400,0.000013
FILLER_0_18_70,VGND,li1,39.1000,59.8400,0.000013
FILLER_0_18_37,VGND,li1,22.7700,59.8400,0.000016
FILLER_0_18_29,VGND,li1,20.7000,59.8400,0.000016
FILLER_0_18_26,VGND,li1,17.9400,59.8400,0.000016
FILLER_0_18_18,VGND,li1,15.6400,59.8400,0.000019
FILLER_0_18_6,VGND,li1,11.0400,59.8400,0.000026
FILLER_0_17_147,VGND,li1,74.5200,59.8400,0.000007
FILLER_0_17_133,VGND,li1,66.9300,59.8400,0.000010
FILLER_0_17_111,VGND,li1,56.8100,59.8400,0.000010
FILLER_0_17_105,VGND,li1,55.2000,59.8400,0.000009
FILLER_0_17_93,VGND,li1,51.0600,59.8400,0.000011
FILLER_0_17_83,VGND,li1,44.1600,59.8400,0.000014
FILLER_0_17_75,VGND,li1,41.8600,59.8400,0.000013
FILLER_0_17_63,VGND,li1,37.2600,59.8400,0.000012
FILLER_0_17_55,VGND,li1,31.0500,59.8400,0.000015
FILLER_0_17_41,VGND,li1,25.3000,59.8400,0.000016
FILLER_0_17_29,VGND,li1,21.6200,59.8400,0.000016
FILLER_0_17_21,VGND,li1,15.4100,59.8400,0.000019
FILLER_0_17_3,VGND,li1,7.3600,59.8400,0.000026
FILLER_0_16_152,VGND,li1,75.6700,54.4000,0.000005
FILLER_0_16_148,VGND,li1,74.5200,54.4000,0.000005
FILLER_0_16_132,VGND,li1,67.1600,54.4000,0.000007
FILLER_0_16_117,VGND,li1,59.5700,54.4000,0.000008
FILLER_0_16_111,VGND,li1,57.9600,54.4000,0.000008
FILLER_0_16_99,VGND,li1,53.8200,54.4000,0.000007
FILLER_0_16_85,VGND,li1,46.4600,54.4000,0.000009
FILLER_0_16_82,VGND,li1,43.7000,54.4000,0.000010
FILLER_0_16_74,VGND,li1,41.4000,54.4000,0.000010
FILLER_0_16_62,VGND,li1,36.8000,54.4000,0.000010
FILLER_0_16_35,VGND,li1,21.8500,54.4000,0.000018
FILLER_0_16_29,VGND,li1,20.2400,54.4000,0.000018
FILLER_0_16_27,VGND,li1,18.1700,54.4000,0.000018
FILLER_0_16_23,VGND,li1,17.0200,54.4000,0.000018
FILLER_0_16_15,VGND,li1,12.6500,54.4000,0.000028
FILLER_0_16_9,VGND,li1,11.0400,54.4000,0.000028
FILLER_0_15_152,VGND,li1,75.6700,54.4000,0.000005
FILLER_0_15_140,VGND,li1,72.6800,54.4000,0.000005
FILLER_0_15_128,VGND,li1,67.1600,54.4000,0.000007
FILLER_0_15_109,VGND,li1,56.3500,54.4000,0.000008
FILLER_0_15_101,VGND,li1,53.8200,54.4000,0.000007
FILLER_0_15_64,VGND,li1,36.8000,54.4000,0.000010
FILLER_0_15_50,VGND,li1,28.7500,54.4000,0.000015
FILLER_0_15_45,VGND,li1,26.4500,54.4000,0.000017
FILLER_0_15_29,VGND,li1,19.3200,54.4000,0.000018
FILLER_0_15_21,VGND,li1,17.0200,54.4000,0.000018
FILLER_0_15_3,VGND,li1,7.3600,54.4000,0.000028
FILLER_0_14_141,VGND,li1,73.1400,48.9600,0.000024
FILLER_0_14_139,VGND,li1,69.6900,48.9600,0.000028
FILLER_0_14_133,VGND,li1,68.0800,48.9600,0.000031
FILLER_0_14_121,VGND,li1,63.9400,48.9600,0.000035
FILLER_0_14_107,VGND,li1,55.4300,48.9600,0.000043
FILLER_0_14_98,VGND,li1,51.0600,48.9600,0.000055
FILLER_0_14_76,VGND,li1,41.1700,48.9600,0.000064
FILLER_0_14_71,VGND,li1,38.4100,48.9600,0.000053
FILLER_0_14_67,VGND,li1,37.2600,48.9600,0.000053
FILLER_0_14_47,VGND,li1,27.3700,48.9600,0.000034
FILLER_0_14_41,VGND,li1,25.7600,48.9600,0.000034
FILLER_0_14_29,VGND,li1,21.6200,48.9600,0.000029
FILLER_0_14_27,VGND,li1,18.1700,48.9600,0.000024
FILLER_0_14_21,VGND,li1,16.5600,48.9600,0.000024
FILLER_0_14_3,VGND,li1,7.3600,48.9600,0.000032
FILLER_0_13_150,VGND,li1,75.2100,48.9600,0.000024
FILLER_0_13_132,VGND,li1,66.7000,48.9600,0.000031
FILLER_0_13_120,VGND,li1,63.4800,48.9600,0.000035
FILLER_0_13_97,VGND,li1,50.6000,48.9600,0.000064
FILLER_0_13_75,VGND,li1,40.4800,48.9600,0.000064
FILLER_0_13_57,VGND,li1,32.6600,48.9600,0.000040
FILLER_0_13_53,VGND,li1,30.5900,48.9600,0.000038
FILLER_0_13_45,VGND,li1,28.0600,48.9600,0.000036
FILLER_0_13_33,VGND,li1,23.4600,48.9600,0.000031
FILLER_0_13_21,VGND,li1,17.9400,48.9600,0.000024
FILLER_0_13_3,VGND,li1,7.3600,48.9600,0.000032
FILLER_0_12_141,VGND,li1,73.1400,43.5200,0.000011
FILLER_0_12_137,VGND,li1,69.2300,43.5200,0.000013
FILLER_0_12_129,VGND,li1,66.7000,43.5200,0.000013
FILLER_0_12_117,VGND,li1,62.1000,43.5200,0.000012
FILLER_0_12_85,VGND,li1,45.3100,43.5200,0.000010
FILLER_0_12_81,VGND,li1,43.4700,43.5200,0.000010
FILLER_0_12_73,VGND,li1,39.5600,43.5200,0.000009
FILLER_0_12_65,VGND,li1,37.2600,43.5200,0.000008
FILLER_0_12_53,VGND,li1,32.6600,43.5200,0.000008
FILLER_0_12_41,VGND,li1,27.1400,43.5200,0.000010
FILLER_0_12_29,VGND,li1,21.6200,43.5200,0.000012
FILLER_0_12_27,VGND,li1,18.1700,43.5200,0.000011
FILLER_0_12_21,VGND,li1,16.5600,43.5200,0.000011
FILLER_0_12_3,VGND,li1,7.3600,43.5200,0.000013
FILLER_0_11_149,VGND,li1,74.9800,43.5200,0.000011
FILLER_0_11_125,VGND,li1,64.8600,43.5200,0.000012
FILLER_0_11_113,VGND,li1,60.2600,43.5200,0.000011
FILLER_0_11_111,VGND,li1,56.8100,43.5200,0.000010
FILLER_0_11_99,VGND,li1,53.8200,43.5200,0.000009
FILLER_0_11_87,VGND,li1,45.7700,43.5200,0.000010
FILLER_0_11_83,VGND,li1,44.6200,43.5200,0.000010
FILLER_0_11_77,VGND,li1,41.1700,43.5200,0.000010
FILLER_0_11_69,VGND,li1,39.1000,43.5200,0.000009
FILLER_0_11_57,VGND,li1,34.5000,43.5200,0.000007
FILLER_0_11_48,VGND,li1,29.4400,43.5200,0.000009
FILLER_0_11_36,VGND,li1,24.8400,43.5200,0.000011
FILLER_0_11_17,VGND,li1,14.0300,43.5200,0.000012
FILLER_0_11_9,VGND,li1,11.5000,43.5200,0.000012
FILLER_0_10_141,VGND,li1,73.1400,38.0800,0.000019
FILLER_0_10_138,VGND,li1,69.4600,38.0800,0.000023
FILLER_0_10_121,VGND,li1,61.4100,38.0800,0.000022
FILLER_0_10_113,VGND,li1,59.3400,38.0800,0.000020
FILLER_0_10_101,VGND,li1,54.7400,38.0800,0.000016
FILLER_0_10_85,VGND,li1,45.3100,38.0800,0.000020
FILLER_0_10_68,VGND,li1,37.2600,38.0800,0.000020
FILLER_0_10_60,VGND,li1,34.0400,38.0800,0.000019
FILLER_0_10_43,VGND,li1,25.5300,38.0800,0.000027
FILLER_0_10_39,VGND,li1,24.3800,38.0800,0.000027
FILLER_0_10_29,VGND,li1,19.0900,38.0800,0.000027
FILLER_0_10_27,VGND,li1,18.1700,38.0800,0.000027
FILLER_0_10_3,VGND,li1,8.7400,38.0800,0.000033
FILLER_0_9_150,VGND,li1,75.2100,38.0800,0.000019
FILLER_0_9_133,VGND,li1,66.9300,38.0800,0.000024
FILLER_0_9_125,VGND,li1,64.8600,38.0800,0.000025
FILLER_0_9_113,VGND,li1,60.2600,38.0800,0.000020
FILLER_0_9_109,VGND,li1,56.3500,38.0800,0.000018
FILLER_0_9_101,VGND,li1,53.8200,38.0800,0.000016
FILLER_0_9_80,VGND,li1,43.0100,38.0800,0.000020
FILLER_0_9_62,VGND,li1,34.5000,38.0800,0.000019
FILLER_0_9_50,VGND,li1,29.9000,38.0800,0.000026
FILLER_0_9_18,VGND,li1,14.4900,38.0800,0.000032
FILLER_0_9_6,VGND,li1,11.0400,38.0800,0.000033
FILLER_0_8_141,VGND,li1,73.1400,32.6400,0.000007
FILLER_0_8_139,VGND,li1,69.6900,32.6400,0.000008
FILLER_0_8_127,VGND,li1,66.7000,32.6400,0.000011
FILLER_0_8_115,VGND,li1,61.1800,32.6400,0.000015
FILLER_0_8_103,VGND,li1,55.6600,32.6400,0.000018
FILLER_0_8_89,VGND,li1,46.6900,32.6400,0.000038
FILLER_0_8_85,VGND,li1,45.5400,32.6400,0.000044
FILLER_0_8_83,VGND,li1,43.9300,32.6400,0.000044
FILLER_0_8_26,VGND,li1,17.9400,32.6400,0.000053
FILLER_0_8_6,VGND,li1,9.2000,32.6400,0.000064
FILLER_0_7_149,VGND,li1,74.9800,32.6400,0.000007
FILLER_0_7_137,VGND,li1,71.3000,32.6400,0.000008
FILLER_0_7_125,VGND,li1,65.7800,32.6400,0.000011
FILLER_0_7_113,VGND,li1,60.2600,32.6400,0.000015
FILLER_0_7_67,VGND,li1,36.8000,32.6400,0.000058
FILLER_0_7_57,VGND,li1,31.9700,32.6400,0.000083
FILLER_0_7_54,VGND,li1,30.8200,32.6400,0.000079
FILLER_0_7_38,VGND,li1,23.9200,32.6400,0.000069
FILLER_0_7_21,VGND,li1,16.5600,32.6400,0.000053
FILLER_0_7_3,VGND,li1,7.3600,32.6400,0.000065
FILLER_0_6_141,VGND,li1,73.1400,27.2000,0.000028
FILLER_0_6_132,VGND,li1,68.0800,27.2000,0.000032
FILLER_0_6_120,VGND,li1,63.4800,27.2000,0.000037
FILLER_0_6_108,VGND,li1,57.9600,27.2000,0.000047
FILLER_0_6_85,VGND,li1,45.3100,27.2000,0.000056
FILLER_0_6_83,VGND,li1,43.9300,27.2000,0.000051
FILLER_0_6_76,VGND,li1,40.9400,27.2000,0.000047
FILLER_0_6_67,VGND,li1,36.5700,27.2000,0.000035
FILLER_0_6_56,VGND,li1,31.5100,27.2000,0.000029
FILLER_0_6_41,VGND,li1,27.1400,27.2000,0.000027
FILLER_0_6_29,VGND,li1,21.6200,27.2000,0.000024
FILLER_0_6_27,VGND,li1,18.1700,27.2000,0.000022
FILLER_0_6_21,VGND,li1,16.5600,27.2000,0.000025
FILLER_0_6_3,VGND,li1,7.3600,27.2000,0.000033
FILLER_0_5_150,VGND,li1,75.2100,27.2000,0.000028
FILLER_0_5_133,VGND,li1,66.9300,27.2000,0.000032
FILLER_0_5_125,VGND,li1,64.8600,27.2000,0.000037
FILLER_0_5_113,VGND,li1,60.2600,27.2000,0.000042
FILLER_0_5_111,VGND,li1,56.8100,27.2000,0.000047
FILLER_0_5_105,VGND,li1,55.2000,27.2000,0.000051
FILLER_0_5_93,VGND,li1,51.0600,27.2000,0.000071
FILLER_0_5_81,VGND,li1,45.5400,27.2000,0.000056
FILLER_0_5_67,VGND,li1,36.5700,27.2000,0.000035
FILLER_0_5_48,VGND,li1,29.4400,27.2000,0.000028
FILLER_0_5_38,VGND,li1,23.4600,27.2000,0.000025
FILLER_0_5_26,VGND,li1,17.9400,27.2000,0.000022
FILLER_0_5_18,VGND,li1,15.6400,27.2000,0.000025
FILLER_0_5_6,VGND,li1,11.0400,27.2000,0.000033
FILLER_0_4_141,VGND,li1,73.1400,21.7600,0.000009
FILLER_0_4_128,VGND,li1,67.1600,21.7600,0.000011
FILLER_0_4_116,VGND,li1,61.6400,21.7600,0.000017
FILLER_0_4_104,VGND,li1,56.1200,21.7600,0.000014
FILLER_0_4_92,VGND,li1,50.6000,21.7600,0.000016
FILLER_0_4_81,VGND,li1,43.4700,21.7600,0.000021
FILLER_0_4_73,VGND,li1,40.9400,21.7600,0.000019
FILLER_0_4_61,VGND,li1,36.3400,21.7600,0.000016
FILLER_0_4_56,VGND,li1,31.7400,21.7600,0.000017
FILLER_0_4_48,VGND,li1,29.4400,21.7600,0.000018
FILLER_0_4_29,VGND,li1,19.0900,21.7600,0.000019
FILLER_0_4_27,VGND,li1,18.1700,21.7600,0.000019
FILLER_0_4_15,VGND,li1,15.1800,21.7600,0.000023
FILLER_0_4_3,VGND,li1,9.6600,21.7600,0.000029
FILLER_0_3_141,VGND,li1,73.1400,21.7600,0.000009
FILLER_0_3_129,VGND,li1,67.6200,21.7600,0.000011
FILLER_0_3_111,VGND,li1,56.8100,21.7600,0.000014
FILLER_0_3_105,VGND,li1,55.2000,21.7600,0.000013
FILLER_0_3_93,VGND,li1,51.0600,21.7600,0.000016
FILLER_0_3_74,VGND,li1,40.2500,21.7600,0.000019
FILLER_0_3_66,VGND,li1,37.7200,21.7600,0.000016
FILLER_0_3_57,VGND,li1,32.2000,21.7600,0.000017
FILLER_0_3_40,VGND,li1,24.3800,21.7600,0.000020
FILLER_0_3_3,VGND,li1,7.3600,21.7600,0.000029
FILLER_0_2_141,VGND,li1,73.1400,16.3200,0.000019
FILLER_0_2_134,VGND,li1,68.5400,16.3200,0.000023
FILLER_0_2_122,VGND,li1,64.4000,16.3200,0.000030
FILLER_0_2_89,VGND,li1,46.6900,16.3200,0.000048
FILLER_0_2_85,VGND,li1,45.5400,16.3200,0.000048
FILLER_0_2_83,VGND,li1,43.9300,16.3200,0.000048
FILLER_0_2_66,VGND,li1,36.1100,16.3200,0.000042
FILLER_0_2_49,VGND,li1,28.2900,16.3200,0.000049
FILLER_0_2_24,VGND,li1,17.4800,16.3200,0.000050
FILLER_0_2_6,VGND,li1,8.7400,16.3200,0.000062
FILLER_0_1_141,VGND,li1,73.1400,16.3200,0.000019
FILLER_0_1_129,VGND,li1,67.6200,16.3200,0.000023
FILLER_0_1_110,VGND,li1,56.5800,16.3200,0.000038
FILLER_0_1_98,VGND,li1,53.3600,16.3200,0.000035
FILLER_0_1_74,VGND,li1,41.4000,16.3200,0.000048
FILLER_0_1_57,VGND,li1,31.9700,16.3200,0.000049
FILLER_0_1_53,VGND,li1,30.5900,16.3200,0.000049
FILLER_0_1_41,VGND,li1,27.1400,16.3200,0.000049
FILLER_0_1_30,VGND,li1,21.1600,16.3200,0.000049
FILLER_0_1_3,VGND,li1,7.3600,16.3200,0.000062
FILLER_0_0_144,VGND,li1,72.4500,10.8800,0.000000
FILLER_0_0_139,VGND,li1,69.6900,10.8800,0.000000
FILLER_0_0_131,VGND,li1,67.6200,10.8800,0.000000
FILLER_0_0_120,VGND,li1,62.5600,10.8800,0.000001
FILLER_0_0_113,VGND,li1,58.4200,10.8800,0.000001
FILLER_0_0_109,VGND,li1,56.3500,10.8800,0.000001
FILLER_0_0_98,VGND,li1,52.4400,10.8800,0.000001
FILLER_0_0_94,VGND,li1,48.9900,10.8800,0.000001
FILLER_0_0_88,VGND,li1,47.3800,10.8800,0.000001
FILLER_0_0_76,VGND,li1,42.3200,10.8800,0.000002
FILLER_0_0_65,VGND,li1,37.2600,10.8800,0.000003
FILLER_0_0_61,VGND,li1,33.8100,10.8800,0.000004
FILLER_0_0_57,VGND,li1,32.6600,10.8800,0.000005
FILLER_0_0_54,VGND,li1,30.8200,10.8800,0.000005
FILLER_0_0_43,VGND,li1,27.1400,10.8800,0.000006
FILLER_0_0_39,VGND,li1,23.6900,10.8800,0.000008
FILLER_0_0_35,VGND,li1,22.5400,10.8800,0.000008
FILLER_0_0_27,VGND,li1,18.1700,10.8800,0.000010
FILLER_0_0_3,VGND,li1,7.3600,10.8800,0.000018
clkload2,VGND,li1,46.0000,59.8400,0.000014
clkload1,VGND,li1,29.9000,65.2800,0.000083
clkload0,VGND,li1,51.5200,32.6400,0.000026
clkbuf_2_3__f_CLK,VGND,li1,50.1400,65.2800,0.000106
clkbuf_2_2__f_CLK,VGND,li1,36.3400,65.2800,0.000090
clkbuf_2_1__f_CLK,VGND,li1,50.6000,27.2000,0.000071
clkbuf_2_0__f_CLK,VGND,li1,32.6600,32.6400,0.000083
clkbuf_0_CLK,VGND,li1,45.5400,48.9600,0.000086
output50,VGND,li1,8.9700,54.4000,0.000028
output49,VGND,li1,7.5900,43.5200,0.000013
output48,VGND,li1,8.9700,43.5200,0.000012
output47,VGND,li1,7.5900,38.0800,0.000033
output46,VGND,li1,7.5900,32.6400,0.000065
output45,VGND,li1,7.5900,27.2000,0.000033
output44,VGND,li1,7.5900,16.3200,0.000062
output43,VGND,li1,15.8700,16.3200,0.000050
output42,VGND,li1,18.6300,16.3200,0.000044
output41,VGND,li1,20.9300,81.6000,0.000010
output40,VGND,li1,8.9700,70.7200,0.000043
output39,VGND,li1,7.5900,70.7200,0.000044
output38,VGND,li1,7.5900,65.2800,0.000057
output37,VGND,li1,7.5900,59.8400,0.000026
output36,VGND,li1,7.5900,54.4000,0.000028
output35,VGND,li1,20.9300,10.8800,0.000009
output34,VGND,li1,17.2500,81.6000,0.000014
input33,VGND,li1,75.2100,70.7200,0.000023
input32,VGND,li1,49.9100,10.8800,0.000001
input31,VGND,li1,45.3100,10.8800,0.000002
input30,VGND,li1,39.7900,10.8800,0.000002
input29,VGND,li1,34.7300,10.8800,0.000004
input28,VGND,li1,29.6700,10.8800,0.000005
input27,VGND,li1,24.6100,10.8800,0.000007
input26,VGND,li1,19.5500,10.8800,0.000009
input25,VGND,li1,15.8700,10.8800,0.000012
input24,VGND,li1,17.2500,10.8800,0.000012
input23,VGND,li1,73.8300,10.8800,0.000000
input22,VGND,li1,75.2100,10.8800,0.000000
input21,VGND,li1,71.0700,10.8800,0.000000
input20,VGND,li1,65.0900,10.8800,0.000000
input19,VGND,li1,60.0300,10.8800,0.000001
input18,VGND,li1,54.9700,10.8800,0.000001
input17,VGND,li1,17.2500,16.3200,0.000050
input16,VGND,li1,49.9100,81.6000,0.000001
input15,VGND,li1,45.3100,81.6000,0.000002
input14,VGND,li1,39.7900,81.6000,0.000003
input13,VGND,li1,34.7300,81.6000,0.000004
input12,VGND,li1,29.6700,81.6000,0.000006
input11,VGND,li1,24.6100,81.6000,0.000008
input10,VGND,li1,19.5500,81.6000,0.000010
input9,VGND,li1,15.8700,81.6000,0.000014
input8,VGND,li1,9.4300,76.1600,0.000054
input7,VGND,li1,73.8300,81.6000,0.000000
input6,VGND,li1,75.2100,81.6000,0.000000
input5,VGND,li1,71.0700,81.6000,0.000000
input4,VGND,li1,65.0900,81.6000,0.000001
input3,VGND,li1,60.0300,81.6000,0.000001
input2,VGND,li1,54.9700,81.6000,0.000001
input1,VGND,li1,7.5900,76.1600,0.000054
TAP_TAPCELL_ROW_25_121,VGND,li1,70.1500,81.3080,0.000000
TAP_TAPCELL_ROW_25_120,VGND,li1,57.2700,81.3080,0.000001
TAP_TAPCELL_ROW_25_119,VGND,li1,44.3900,81.3080,0.000002
TAP_TAPCELL_ROW_25_118,VGND,li1,31.5100,81.3080,0.000005
TAP_TAPCELL_ROW_25_117,VGND,li1,18.6300,81.3080,0.000011
TAP_TAPCELL_ROW_24_116,VGND,li1,70.1500,76.4510,0.000038
TAP_TAPCELL_ROW_24_115,VGND,li1,44.3900,76.4510,0.000042
TAP_TAPCELL_ROW_24_114,VGND,li1,18.6300,76.4510,0.000038
TAP_TAPCELL_ROW_23_113,VGND,li1,57.2700,75.8680,0.000038
TAP_TAPCELL_ROW_23_112,VGND,li1,31.5100,75.8680,0.000044
TAP_TAPCELL_ROW_22_111,VGND,li1,70.1500,71.0110,0.000028
TAP_TAPCELL_ROW_22_110,VGND,li1,44.3900,71.0110,0.000025
TAP_TAPCELL_ROW_22_109,VGND,li1,18.6300,71.0110,0.000028
TAP_TAPCELL_ROW_21_108,VGND,li1,57.2700,70.4280,0.000027
TAP_TAPCELL_ROW_21_107,VGND,li1,31.5100,70.4280,0.000025
TAP_TAPCELL_ROW_20_106,VGND,li1,70.1500,65.5710,0.000027
TAP_TAPCELL_ROW_20_105,VGND,li1,44.3900,65.5710,0.000101
TAP_TAPCELL_ROW_20_104,VGND,li1,18.6300,65.5710,0.000046
TAP_TAPCELL_ROW_19_103,VGND,li1,57.2700,64.9880,0.000059
TAP_TAPCELL_ROW_19_102,VGND,li1,31.5100,64.9880,0.000083
TAP_TAPCELL_ROW_18_101,VGND,li1,70.1500,60.1310,0.000009
TAP_TAPCELL_ROW_18_100,VGND,li1,44.3900,60.1310,0.000014
TAP_TAPCELL_ROW_18_99,VGND,li1,18.6300,60.1310,0.000016
TAP_TAPCELL_ROW_17_98,VGND,li1,57.2700,59.5480,0.000010
TAP_TAPCELL_ROW_17_97,VGND,li1,31.5100,59.5480,0.000015
TAP_TAPCELL_ROW_16_96,VGND,li1,70.1500,54.6910,0.000006
TAP_TAPCELL_ROW_16_95,VGND,li1,44.3900,54.6910,0.000010
TAP_TAPCELL_ROW_16_94,VGND,li1,18.6300,54.6910,0.000018
TAP_TAPCELL_ROW_15_93,VGND,li1,57.2700,54.1080,0.000008
TAP_TAPCELL_ROW_15_92,VGND,li1,31.5100,54.1080,0.000014
TAP_TAPCELL_ROW_14_91,VGND,li1,70.1500,49.2510,0.000028
TAP_TAPCELL_ROW_14_90,VGND,li1,44.3900,49.2510,0.000086
TAP_TAPCELL_ROW_14_89,VGND,li1,18.6300,49.2510,0.000026
TAP_TAPCELL_ROW_13_88,VGND,li1,57.2700,48.6680,0.000041
TAP_TAPCELL_ROW_13_87,VGND,li1,31.5100,48.6680,0.000038
TAP_TAPCELL_ROW_12_86,VGND,li1,70.1500,43.8110,0.000013
TAP_TAPCELL_ROW_12_85,VGND,li1,44.3900,43.8110,0.000010
TAP_TAPCELL_ROW_12_84,VGND,li1,18.6300,43.8110,0.000013
TAP_TAPCELL_ROW_11_83,VGND,li1,57.2700,43.2280,0.000010
TAP_TAPCELL_ROW_11_82,VGND,li1,31.5100,43.2280,0.000008
TAP_TAPCELL_ROW_10_81,VGND,li1,70.1500,38.3710,0.000023
TAP_TAPCELL_ROW_10_80,VGND,li1,44.3900,38.3710,0.000020
TAP_TAPCELL_ROW_10_79,VGND,li1,18.6300,38.3710,0.000027
TAP_TAPCELL_ROW_9_78,VGND,li1,57.2700,37.7880,0.000018
TAP_TAPCELL_ROW_9_77,VGND,li1,31.5100,37.7880,0.000023
TAP_TAPCELL_ROW_8_76,VGND,li1,70.1500,32.9310,0.000008
TAP_TAPCELL_ROW_8_75,VGND,li1,44.3900,32.9310,0.000044
TAP_TAPCELL_ROW_8_74,VGND,li1,18.6300,32.9310,0.000058
TAP_TAPCELL_ROW_7_73,VGND,li1,57.2700,32.3480,0.000018
TAP_TAPCELL_ROW_7_72,VGND,li1,31.5100,32.3480,0.000083
TAP_TAPCELL_ROW_6_71,VGND,li1,70.1500,27.4910,0.000028
TAP_TAPCELL_ROW_6_70,VGND,li1,44.3900,27.4910,0.000056
TAP_TAPCELL_ROW_6_69,VGND,li1,18.6300,27.4910,0.000022
TAP_TAPCELL_ROW_5_68,VGND,li1,57.2700,26.9080,0.000047
TAP_TAPCELL_ROW_5_67,VGND,li1,31.5100,26.9080,0.000029
TAP_TAPCELL_ROW_4_66,VGND,li1,70.1500,22.0510,0.000009
TAP_TAPCELL_ROW_4_65,VGND,li1,44.3900,22.0510,0.000021
TAP_TAPCELL_ROW_4_64,VGND,li1,18.6300,22.0510,0.000019
TAP_TAPCELL_ROW_3_63,VGND,li1,57.2700,21.4680,0.000014
TAP_TAPCELL_ROW_3_62,VGND,li1,31.5100,21.4680,0.000017
TAP_TAPCELL_ROW_2_61,VGND,li1,70.1500,16.6110,0.000019
TAP_TAPCELL_ROW_2_60,VGND,li1,44.3900,16.6110,0.000048
TAP_TAPCELL_ROW_2_59,VGND,li1,18.6300,16.6110,0.000044
TAP_TAPCELL_ROW_1_58,VGND,li1,57.2700,16.0280,0.000038
TAP_TAPCELL_ROW_1_57,VGND,li1,31.5100,16.0280,0.000049
TAP_TAPCELL_ROW_0_56,VGND,li1,70.1500,11.1710,0.000000
TAP_TAPCELL_ROW_0_55,VGND,li1,57.2700,11.1710,0.000001
TAP_TAPCELL_ROW_0_54,VGND,li1,44.3900,11.1710,0.000002
TAP_TAPCELL_ROW_0_53,VGND,li1,31.5100,11.1710,0.000005
TAP_TAPCELL_ROW_0_52,VGND,li1,18.6300,11.1710,0.000010
PHY_EDGE_ROW_25_Left_51,VGND,li1,6.2100,81.6000,0.000020
PHY_EDGE_ROW_24_Left_50,VGND,li1,6.2100,76.1600,0.000054
PHY_EDGE_ROW_23_Left_49,VGND,li1,6.2100,76.1600,0.000054
PHY_EDGE_ROW_22_Left_48,VGND,li1,6.2100,70.7200,0.000044
PHY_EDGE_ROW_21_Left_47,VGND,li1,6.2100,70.7200,0.000044
PHY_EDGE_ROW_20_Left_46,VGND,li1,6.2100,65.2800,0.000057
PHY_EDGE_ROW_19_Left_45,VGND,li1,6.2100,65.2800,0.000057
PHY_EDGE_ROW_18_Left_44,VGND,li1,6.2100,59.8400,0.000026
PHY_EDGE_ROW_17_Left_43,VGND,li1,6.2100,59.8400,0.000026
PHY_EDGE_ROW_16_Left_42,VGND,li1,6.2100,54.4000,0.000028
PHY_EDGE_ROW_15_Left_41,VGND,li1,6.2100,54.4000,0.000028
PHY_EDGE_ROW_14_Left_40,VGND,li1,6.2100,48.9600,0.000032
PHY_EDGE_ROW_13_Left_39,VGND,li1,6.2100,48.9600,0.000032
PHY_EDGE_ROW_12_Left_38,VGND,li1,6.2100,43.5200,0.000013
PHY_EDGE_ROW_11_Left_37,VGND,li1,6.2100,43.5200,0.000013
PHY_EDGE_ROW_10_Left_36,VGND,li1,6.2100,38.0800,0.000033
PHY_EDGE_ROW_9_Left_35,VGND,li1,6.2100,38.0800,0.000033
PHY_EDGE_ROW_8_Left_34,VGND,li1,6.2100,32.6400,0.000065
PHY_EDGE_ROW_7_Left_33,VGND,li1,6.2100,32.6400,0.000065
PHY_EDGE_ROW_6_Left_32,VGND,li1,6.2100,27.2000,0.000033
PHY_EDGE_ROW_5_Left_31,VGND,li1,6.2100,27.2000,0.000033
PHY_EDGE_ROW_4_Left_30,VGND,li1,6.2100,21.7600,0.000029
PHY_EDGE_ROW_3_Left_29,VGND,li1,6.2100,21.7600,0.000029
PHY_EDGE_ROW_2_Left_28,VGND,li1,6.2100,16.3200,0.000062
PHY_EDGE_ROW_1_Left_27,VGND,li1,6.2100,16.3200,0.000062
PHY_EDGE_ROW_0_Left_26,VGND,li1,6.2100,10.8800,0.000018
PHY_EDGE_ROW_25_Right_25,VGND,li1,76.5900,81.6000,0.000000
PHY_EDGE_ROW_24_Right_24,VGND,li1,76.5900,76.1600,0.000029
PHY_EDGE_ROW_23_Right_23,VGND,li1,76.5900,76.1600,0.000029
PHY_EDGE_ROW_22_Right_22,VGND,li1,76.5900,70.7200,0.000023
PHY_EDGE_ROW_21_Right_21,VGND,li1,76.5900,70.7200,0.000023
PHY_EDGE_ROW_20_Right_20,VGND,li1,76.5900,65.2800,0.000028
PHY_EDGE_ROW_19_Right_19,VGND,li1,76.5900,65.2800,0.000028
PHY_EDGE_ROW_18_Right_18,VGND,li1,76.5900,59.8400,0.000007
PHY_EDGE_ROW_17_Right_17,VGND,li1,76.5900,59.8400,0.000007
PHY_EDGE_ROW_16_Right_16,VGND,li1,76.5900,54.4000,0.000005
PHY_EDGE_ROW_15_Right_15,VGND,li1,76.5900,54.4000,0.000005
PHY_EDGE_ROW_14_Right_14,VGND,li1,76.5900,48.9600,0.000024
PHY_EDGE_ROW_13_Right_13,VGND,li1,76.5900,48.9600,0.000024
PHY_EDGE_ROW_12_Right_12,VGND,li1,76.5900,43.5200,0.000011
PHY_EDGE_ROW_11_Right_11,VGND,li1,76.5900,43.5200,0.000011
PHY_EDGE_ROW_10_Right_10,VGND,li1,76.5900,38.0800,0.000019
PHY_EDGE_ROW_9_Right_9,VGND,li1,76.5900,38.0800,0.000019
PHY_EDGE_ROW_8_Right_8,VGND,li1,76.5900,32.6400,0.000007
PHY_EDGE_ROW_7_Right_7,VGND,li1,76.5900,32.6400,0.000007
PHY_EDGE_ROW_6_Right_6,VGND,li1,76.5900,27.2000,0.000028
PHY_EDGE_ROW_5_Right_5,VGND,li1,76.5900,27.2000,0.000028
PHY_EDGE_ROW_4_Right_4,VGND,li1,76.5900,21.7600,0.000009
PHY_EDGE_ROW_3_Right_3,VGND,li1,76.5900,21.7600,0.000009
PHY_EDGE_ROW_2_Right_2,VGND,li1,76.5900,16.3200,0.000019
PHY_EDGE_ROW_1_Right_1,VGND,li1,76.5900,16.3200,0.000019
PHY_EDGE_ROW_0_Right_0,VGND,li1,76.5900,10.8800,0.000000
_322_,VGND,li1,70.8400,27.2000,0.000028
_321_,VGND,li1,70.8400,48.9600,0.000028
_320_,VGND,li1,70.8400,38.0800,0.000023
_319_,VGND,li1,70.3800,43.5200,0.000014
_318_,VGND,li1,65.3200,38.0800,0.000025
_317_,VGND,li1,61.1800,21.7600,0.000017
_316_,VGND,li1,61.1800,16.3200,0.000036
_315_,VGND,li1,57.9600,16.3200,0.000038
_314_,VGND,li1,50.6000,16.3200,0.000043
_313_,VGND,li1,46.9200,16.3200,0.000048
_312_,VGND,li1,44.6200,21.7600,0.000021
_311_,VGND,li1,35.8800,16.3200,0.000042
_310_,VGND,li1,32.2000,16.3200,0.000049
_309_,VGND,li1,18.8600,38.0800,0.000027
_308_,VGND,li1,13.8000,32.6400,0.000061
_307_,VGND,li1,12.8800,16.3200,0.000062
_306_,VGND,li1,11.5000,10.8800,0.000018
_305_,VGND,li1,66.2400,76.1600,0.000042
_304_,VGND,li1,66.2400,70.7200,0.000031
_303_,VGND,li1,69.4600,70.7200,0.000028
_302_,VGND,li1,68.5400,76.1600,0.000038
_301_,VGND,li1,61.1800,76.1600,0.000043
_300_,VGND,li1,56.1200,70.7200,0.000026
_299_,VGND,li1,52.4400,76.1600,0.000034
_298_,VGND,li1,45.0800,76.1600,0.000042
_297_,VGND,li1,37.7200,76.1600,0.000040
_296_,VGND,li1,37.7200,70.7200,0.000024
_295_,VGND,li1,31.7400,76.1600,0.000044
_294_,VGND,li1,29.4400,38.0800,0.000026
_293_,VGND,li1,18.4000,43.5200,0.000013
_292_,VGND,li1,14.2600,38.0800,0.000032
_291_,VGND,li1,14.2600,70.7200,0.000039
_290_,VGND,li1,11.5000,81.6000,0.000020
_289_,VGND,li1,17.9400,76.1600,0.000038
_288_,VGND,li1,13.8000,76.1600,0.000050
_287_,VGND,li1,27.6000,76.1600,0.000046
_286_,VGND,li1,10.5800,76.1600,0.000054
_285_,VGND,li1,11.5000,70.7200,0.000043
_284_,VGND,li1,11.5000,65.2800,0.000057
_283_,VGND,li1,11.5000,59.8400,0.000026
_282_,VGND,li1,11.5000,54.4000,0.000028
_281_,VGND,li1,11.5000,48.9600,0.000032
_280_,VGND,li1,11.5000,43.5200,0.000012
_279_,VGND,li1,11.5000,48.9600,0.000032
_278_,VGND,li1,11.5000,32.6400,0.000064
_277_,VGND,li1,11.5000,27.2000,0.000033
_276_,VGND,li1,11.5000,21.7600,0.000029
_275_,VGND,li1,22.5400,16.3200,0.000049
_274_,VGND,li1,40.0200,16.3200,0.000048
_273_,VGND,li1,11.5000,16.3200,0.000062
_272_,VGND,li1,45.7700,70.7200,0.000024
_271_,VGND,li1,46.0000,65.2800,0.000103
_270_,VGND,li1,48.5300,65.2800,0.000106
_269_,VGND,li1,63.2500,65.2800,0.000044
_268_,VGND,li1,68.5400,59.8400,0.000009
_267_,VGND,li1,71.9900,59.8400,0.000007
_266_,VGND,li1,49.2200,59.8400,0.000012
_265_,VGND,li1,51.2900,65.2800,0.000083
_264_,VGND,li1,28.5200,65.2800,0.000075
_263_,VGND,li1,68.3100,65.2800,0.000032
_262_,VGND,li1,71.5300,65.2800,0.000027
_261_,VGND,li1,31.5100,65.2800,0.000083
_260_,VGND,li1,55.6600,65.2800,0.000059
_259_,VGND,li1,71.9900,65.2800,0.000028
_258_,VGND,li1,52.2100,59.8400,0.000011
_257_,VGND,li1,23.6900,16.3200,0.000049
_256_,VGND,li1,27.1400,16.3200,0.000049
_255_,VGND,li1,34.2700,21.7600,0.000015
_254_,VGND,li1,19.0900,21.7600,0.000019
_253_,VGND,li1,23.4600,21.7600,0.000020
_252_,VGND,li1,26.4500,21.7600,0.000019
_251_,VGND,li1,46.2300,21.7600,0.000020
_250_,VGND,li1,38.4100,27.2000,0.000041
_249_,VGND,li1,40.7100,27.2000,0.000047
_248_,VGND,li1,26.4500,32.6400,0.000074
_247_,VGND,li1,30.5900,27.2000,0.000028
_246_,VGND,li1,34.7300,27.2000,0.000030
_245_,VGND,li1,32.8900,27.2000,0.000029
_244_,VGND,li1,29.2100,32.6400,0.000079
_243_,VGND,li1,48.5300,32.6400,0.000033
_242_,VGND,li1,44.3900,32.6400,0.000044
_241_,VGND,li1,42.0900,27.2000,0.000047
_240_,VGND,li1,24.6100,54.4000,0.000017
_239_,VGND,li1,38.4100,48.9600,0.000053
_238_,VGND,li1,42.5500,43.5200,0.000010
_237_,VGND,li1,21.3900,54.4000,0.000018
_236_,VGND,li1,27.6000,54.4000,0.000017
_235_,VGND,li1,34.7300,48.9600,0.000041
_234_,VGND,li1,33.3500,54.4000,0.000012
_233_,VGND,li1,35.1900,48.9600,0.000041
_232_,VGND,li1,32.8900,21.7600,0.000017
_231_,VGND,li1,39.5600,48.9600,0.000064
_230_,VGND,li1,38.6400,32.6400,0.000055
_229_,VGND,li1,14.4900,54.4000,0.000022
_228_,VGND,li1,17.2500,59.8400,0.000016
_227_,VGND,li1,27.8300,59.8400,0.000016
_226_,VGND,li1,24.6100,54.4000,0.000017
_225_,VGND,li1,23.0000,54.4000,0.000018
_224_,VGND,li1,43.9300,65.2800,0.000101
_223_,VGND,li1,42.5500,59.8400,0.000013
_222_,VGND,li1,46.2300,48.9600,0.000078
_221_,VGND,li1,39.3300,38.0800,0.000020
_220_,VGND,li1,40.2500,38.0800,0.000020
_219_,VGND,li1,41.6300,65.2800,0.000098
_218_,VGND,li1,43.0100,48.9600,0.000073
_217_,VGND,li1,42.0900,32.6400,0.000050
_216_,VGND,li1,50.8300,38.0800,0.000018
_215_,VGND,li1,49.6800,54.4000,0.000009
_214_,VGND,li1,24.1500,70.7200,0.000027
_213_,VGND,li1,25.0700,65.2800,0.000069
_212_,VGND,li1,26.4500,59.8400,0.000016
_211_,VGND,li1,27.1400,65.2800,0.000075
_210_,VGND,li1,28.5200,59.8400,0.000016
_209_,VGND,li1,33.1200,54.4000,0.000012
_208_,VGND,li1,31.5100,48.9600,0.000038
_207_,VGND,li1,30.1300,59.8400,0.000015
_206_,VGND,li1,46.2300,70.7200,0.000024
_205_,VGND,li1,40.2500,70.7200,0.000025
_204_,VGND,li1,42.0900,65.2800,0.000098
_203_,VGND,li1,47.6100,59.8400,0.000014
_202_,VGND,li1,61.6400,54.4000,0.000008
_201_,VGND,li1,59.5700,48.9600,0.000039
_200_,VGND,li1,40.2500,54.4000,0.000010
_199_,VGND,li1,63.4800,54.4000,0.000008
_198_,VGND,li1,64.6300,54.4000,0.000008
_197_,VGND,li1,43.7000,54.4000,0.000010
_196_,VGND,li1,46.6900,54.4000,0.000009
_195_,VGND,li1,41.4000,43.5200,0.000010
_194_,VGND,li1,41.4000,32.6400,0.000050
_193_,VGND,li1,51.5200,32.6400,0.000026
_192_,VGND,li1,39.7900,27.2000,0.000041
_191_,VGND,li1,32.4300,27.2000,0.000029
_190_,VGND,li1,42.5500,27.2000,0.000051
_189_,VGND,li1,35.1900,27.2000,0.000030
_188_,VGND,li1,22.0800,32.6400,0.000065
_187_,VGND,li1,19.5500,32.6400,0.000058
_186_,VGND,li1,37.9500,27.2000,0.000035
_185_,VGND,li1,49.2200,48.9600,0.000064
_184_,VGND,li1,55.2000,43.5200,0.000009
_183_,VGND,li1,53.1300,48.9600,0.000044
_182_,VGND,li1,46.9200,43.5200,0.000010
_181_,VGND,li1,42.5500,38.0800,0.000020
_180_,VGND,li1,47.1500,43.5200,0.000010
_179_,VGND,li1,48.9900,54.4000,0.000009
_178_,VGND,li1,45.7700,59.8400,0.000014
_177_,VGND,li1,26.4500,70.7200,0.000027
_176_,VGND,li1,27.3700,70.7200,0.000027
_175_,VGND,li1,33.5800,59.8400,0.000013
_174_,VGND,li1,33.1200,59.8400,0.000013
_173_,VGND,li1,57.0400,48.9600,0.000043
_172_,VGND,li1,59.1100,48.9600,0.000039
_171_,VGND,li1,51.0600,54.4000,0.000008
_170_,VGND,li1,49.4500,43.5200,0.000010
_169_,VGND,li1,60.2600,59.8400,0.000011
_168_,VGND,li1,61.4100,54.4000,0.000008
_167_,VGND,li1,65.5500,65.2800,0.000039
_166_,VGND,li1,65.5500,65.2800,0.000039
_165_,VGND,li1,66.9300,59.8400,0.000010
_164_,VGND,li1,69.0000,54.4000,0.000006
_163_,VGND,li1,71.9900,54.4000,0.000005
_162_,VGND,li1,68.3100,65.2800,0.000032
_161_,VGND,li1,24.1500,59.8400,0.000016
_160_,VGND,li1,30.5900,59.8400,0.000015
_159_,VGND,li1,36.5700,59.8400,0.000012
_158_,VGND,li1,59.1100,54.4000,0.000008
_157_,VGND,li1,59.1100,59.8400,0.000011
_156_,VGND,li1,70.1500,59.8400,0.000009
_155_,VGND,li1,63.7100,59.8400,0.000011
_154_,VGND,li1,28.7500,54.4000,0.000015
_153_,VGND,li1,30.1300,54.4000,0.000015
_152_,VGND,li1,54.0500,48.9600,0.000044
_151_,VGND,li1,57.7300,43.5200,0.000010
_150_,VGND,li1,28.7500,48.9600,0.000036
_149_,VGND,li1,48.9900,38.0800,0.000019
_148_,VGND,li1,51.2900,43.5200,0.000010
_147_,VGND,li1,26.4500,54.4000,0.000017
_146_,VGND,li1,35.8800,38.0800,0.000020
_145_,VGND,li1,36.5700,38.0800,0.000020
_144_,VGND,li1,26.4500,32.6400,0.000074
_143_,VGND,li1,32.8900,38.0800,0.000023
_142_,VGND,li1,25.7600,27.2000,0.000027
_141_,VGND,li1,20.0100,27.2000,0.000024
_140_,VGND,li1,22.3100,27.2000,0.000025
_139_,VGND,li1,20.7000,38.0800,0.000027
_138_,VGND,li1,22.7700,38.0800,0.000027
_137_,VGND,li1,31.0500,54.4000,0.000014
_136_,VGND,li1,34.2700,32.6400,0.000062
_135_,VGND,li1,22.3100,21.7600,0.000020
_134_,VGND,li1,21.8500,32.6400,0.000065
_133_,VGND,li1,25.5300,38.0800,0.000027
_132_,VGND,li1,38.8700,32.6400,0.000055
_131_,VGND,li1,28.0600,21.7600,0.000019
_130_,VGND,li1,20.4700,21.7600,0.000020
_129_,VGND,li1,16.3300,21.7600,0.000023
_128_,VGND,li1,46.6900,38.0800,0.000020
