Instance,Terminal,Layer,X location,Y location,Voltage
FILLER_0_22_127,VPWR,li1,64.4000,73.4400,1.800000
FILLER_0_22_123,VPWR,li1,62.3300,73.4400,1.800000
FILLER_0_22_117,VPWR,li1,60.7200,73.4400,1.800000
FILLER_0_22_113,VPWR,li1,57.7300,73.4400,1.800000
FILLER_0_22_111,VPWR,li1,56.8100,73.4400,1.800000
FILLER_0_22_107,VPWR,li1,55.6600,73.4400,1.800000
FILLER_0_22_103,VPWR,li1,53.1300,73.4400,1.800000
FILLER_0_22_97,VPWR,li1,51.5200,73.4400,1.800000
FILLER_0_22_88,VPWR,li1,47.3800,73.4400,1.800000
FILLER_0_22_83,VPWR,li1,43.9300,73.4400,1.800000
FILLER_0_22_77,VPWR,li1,42.3200,73.4400,1.800000
FILLER_0_22_73,VPWR,li1,39.3300,73.4400,1.800000
FILLER_0_22_67,VPWR,li1,37.7200,73.4400,1.800000
FILLER_0_22_60,VPWR,li1,34.0400,73.4400,1.799999
FILLER_0_22_55,VPWR,li1,31.0500,73.4400,1.799999
FILLER_0_22_47,VPWR,li1,28.9800,73.4400,1.799999
FILLER_0_22_43,VPWR,li1,25.5300,73.4400,1.799999
FILLER_0_22_37,VPWR,li1,23.9200,73.4400,1.799999
FILLER_0_22_33,VPWR,li1,20.9300,73.4400,1.799998
FILLER_0_22_29,VPWR,li1,19.7800,73.4400,1.799998
FILLER_0_22_27,VPWR,li1,18.1700,73.4400,1.799998
FILLER_0_22_23,VPWR,li1,16.3300,73.4400,1.799998
FILLER_0_22_12,VPWR,li1,11.5000,73.4400,1.799998
FILLER_0_21_131,VPWR,li1,66.0100,68.0000,1.799966
FILLER_0_21_125,VPWR,li1,64.4000,68.0000,1.799966
FILLER_0_21_113,VPWR,li1,60.2600,68.0000,1.799971
FILLER_0_21_104,VPWR,li1,55.2000,68.0000,1.799962
FILLER_0_21_85,VPWR,li1,47.3800,68.0000,1.799962
FILLER_0_21_73,VPWR,li1,41.8600,68.0000,1.799959
FILLER_0_21_44,VPWR,li1,28.5200,68.0000,1.799967
FILLER_0_21_32,VPWR,li1,23.0000,68.0000,1.799965
FILLER_0_21_20,VPWR,li1,17.4800,68.0000,1.799966
FILLER_0_21_3,VPWR,li1,7.1300,68.0000,1.799960
FILLER_0_20_134,VPWR,li1,67.3900,68.0000,1.799966
FILLER_0_20_101,VPWR,li1,52.2100,68.0000,1.799962
FILLER_0_20_35,VPWR,li1,21.8500,68.0000,1.799965
FILLER_0_20_29,VPWR,li1,20.2400,68.0000,1.799965
FILLER_0_20_22,VPWR,li1,17.0200,68.0000,1.799966
FILLER_0_19_133,VPWR,li1,67.1600,62.5600,1.799972
FILLER_0_19_113,VPWR,li1,57.7300,62.5600,1.799975
FILLER_0_19_111,VPWR,li1,56.8100,62.5600,1.799974
FILLER_0_19_77,VPWR,li1,41.1700,62.5600,1.799969
FILLER_0_19_73,VPWR,li1,40.0200,62.5600,1.799967
FILLER_0_19_54,VPWR,li1,30.8200,62.5600,1.799966
FILLER_0_19_20,VPWR,li1,15.1800,62.5600,1.799971
FILLER_0_19_3,VPWR,li1,7.1300,62.5600,1.799975
FILLER_0_18_134,VPWR,li1,67.3900,62.5600,1.799972
FILLER_0_18_112,VPWR,li1,57.5000,62.5600,1.799975
FILLER_0_18_103,VPWR,li1,53.1300,62.5600,1.799973
FILLER_0_18_97,VPWR,li1,51.5200,62.5600,1.799973
FILLER_0_18_85,VPWR,li1,47.3800,62.5600,1.799973
FILLER_0_18_83,VPWR,li1,43.9300,62.5600,1.799973
FILLER_0_18_79,VPWR,li1,42.7800,62.5600,1.799969
FILLER_0_18_67,VPWR,li1,39.1000,62.5600,1.799967
FILLER_0_18_45,VPWR,li1,27.6000,62.5600,1.799961
FILLER_0_18_26,VPWR,li1,17.9400,62.5600,1.799964
FILLER_0_18_18,VPWR,li1,15.6400,62.5600,1.799971
FILLER_0_18_6,VPWR,li1,11.0400,62.5600,1.799975
FILLER_0_17_133,VPWR,li1,67.1600,57.1200,1.799989
FILLER_0_17_118,VPWR,li1,60.7200,57.1200,1.799990
FILLER_0_17_113,VPWR,li1,57.7300,57.1200,1.799987
FILLER_0_17_111,VPWR,li1,56.8100,57.1200,1.799987
FILLER_0_17_105,VPWR,li1,55.2000,57.1200,1.799985
FILLER_0_17_93,VPWR,li1,51.0600,57.1200,1.799982
FILLER_0_17_81,VPWR,li1,45.5400,57.1200,1.799981
FILLER_0_17_69,VPWR,li1,40.0200,57.1200,1.799969
FILLER_0_17_57,VPWR,li1,34.5000,57.1200,1.799954
FILLER_0_17_54,VPWR,li1,30.8200,57.1200,1.799946
FILLER_0_17_42,VPWR,li1,27.6000,57.1200,1.799933
FILLER_0_17_30,VPWR,li1,22.0800,57.1200,1.799952
FILLER_0_17_18,VPWR,li1,16.5600,57.1200,1.799963
FILLER_0_17_6,VPWR,li1,11.0400,57.1200,1.799971
FILLER_0_16_133,VPWR,li1,67.1600,57.1200,1.799989
FILLER_0_16_121,VPWR,li1,63.9400,57.1200,1.799990
FILLER_0_16_109,VPWR,li1,58.4200,57.1200,1.799987
FILLER_0_16_99,VPWR,li1,51.5200,57.1200,1.799984
FILLER_0_16_91,VPWR,li1,47.6100,57.1200,1.799982
FILLER_0_16_85,VPWR,li1,46.0000,57.1200,1.799981
FILLER_0_16_73,VPWR,li1,40.4800,57.1200,1.799969
FILLER_0_16_67,VPWR,li1,36.5700,57.1200,1.799959
FILLER_0_16_63,VPWR,li1,35.4200,57.1200,1.799959
FILLER_0_16_37,VPWR,li1,23.0000,57.1200,1.799945
FILLER_0_16_29,VPWR,li1,20.7000,57.1200,1.799952
FILLER_0_16_20,VPWR,li1,16.5600,57.1200,1.799963
FILLER_0_16_3,VPWR,li1,7.1300,57.1200,1.799971
FILLER_0_15_132,VPWR,li1,66.9300,51.6800,1.799990
FILLER_0_15_124,VPWR,li1,64.4000,51.6800,1.799990
FILLER_0_15_111,VPWR,li1,56.8100,51.6800,1.799987
FILLER_0_15_92,VPWR,li1,49.6800,51.6800,1.799985
FILLER_0_15_70,VPWR,li1,38.6400,51.6800,1.799982
FILLER_0_15_47,VPWR,li1,27.6000,51.6800,1.799975
FILLER_0_15_35,VPWR,li1,24.3800,51.6800,1.799965
FILLER_0_14_134,VPWR,li1,67.3900,51.6800,1.799990
FILLER_0_14_128,VPWR,li1,65.7800,51.6800,1.799990
FILLER_0_14_117,VPWR,li1,60.7200,51.6800,1.799990
FILLER_0_14_71,VPWR,li1,38.4100,51.6800,1.799982
FILLER_0_14_65,VPWR,li1,36.8000,51.6800,1.799981
FILLER_0_14_46,VPWR,li1,29.4400,51.6800,1.799979
FILLER_0_14_29,VPWR,li1,19.0900,51.6800,1.799960
FILLER_0_14_24,VPWR,li1,17.4800,51.6800,1.799960
FILLER_0_14_6,VPWR,li1,8.7400,51.6800,1.799960
FILLER_0_13_133,VPWR,li1,67.1600,46.2400,1.799926
FILLER_0_13_113,VPWR,li1,58.4200,46.2400,1.799913
FILLER_0_13_109,VPWR,li1,56.3500,46.2400,1.799901
FILLER_0_13_101,VPWR,li1,52.2100,46.2400,1.799922
FILLER_0_13_93,VPWR,li1,48.5300,46.2400,1.799946
FILLER_0_13_85,VPWR,li1,45.0800,46.2400,1.799956
FILLER_0_13_77,VPWR,li1,41.1700,46.2400,1.799961
FILLER_0_13_69,VPWR,li1,39.1000,46.2400,1.799963
FILLER_0_13_57,VPWR,li1,34.5000,46.2400,1.799969
FILLER_0_13_55,VPWR,li1,31.0500,46.2400,1.799973
FILLER_0_13_47,VPWR,li1,28.9800,46.2400,1.799977
FILLER_0_13_41,VPWR,li1,24.6100,46.2400,1.799973
FILLER_0_13_35,VPWR,li1,23.0000,46.2400,1.799972
FILLER_0_13_23,VPWR,li1,18.8600,46.2400,1.799975
FILLER_0_13_6,VPWR,li1,8.5100,46.2400,1.799974
FILLER_0_12_134,VPWR,li1,67.3900,46.2400,1.799926
FILLER_0_12_126,VPWR,li1,65.3200,46.2400,1.799926
FILLER_0_12_122,VPWR,li1,61.8700,46.2400,1.799928
FILLER_0_12_96,VPWR,li1,50.3700,46.2400,1.799936
FILLER_0_12_85,VPWR,li1,45.3100,46.2400,1.799956
FILLER_0_12_80,VPWR,li1,42.5500,46.2400,1.799961
FILLER_0_12_74,VPWR,li1,40.9400,46.2400,1.799961
FILLER_0_12_68,VPWR,li1,37.4900,46.2400,1.799965
FILLER_0_12_60,VPWR,li1,34.9600,46.2400,1.799969
FILLER_0_12_45,VPWR,li1,26.6800,46.2400,1.799975
FILLER_0_12_26,VPWR,li1,17.9400,46.2400,1.799975
FILLER_0_12_18,VPWR,li1,15.6400,46.2400,1.799977
FILLER_0_12_6,VPWR,li1,11.0400,46.2400,1.799974
FILLER_0_11_133,VPWR,li1,67.1600,40.8000,1.799974
FILLER_0_11_121,VPWR,li1,63.9400,40.8000,1.799974
FILLER_0_11_95,VPWR,li1,49.4500,40.8000,1.799950
FILLER_0_11_89,VPWR,li1,47.8400,40.8000,1.799947
FILLER_0_11_55,VPWR,li1,31.0500,40.8000,1.799963
FILLER_0_11_49,VPWR,li1,28.2900,40.8000,1.799972
FILLER_0_11_38,VPWR,li1,23.4600,40.8000,1.799976
FILLER_0_11_30,VPWR,li1,21.1600,40.8000,1.799979
FILLER_0_11_18,VPWR,li1,16.5600,40.8000,1.799984
FILLER_0_11_6,VPWR,li1,11.0400,40.8000,1.799987
FILLER_0_10_133,VPWR,li1,67.1600,40.8000,1.799974
FILLER_0_10_121,VPWR,li1,63.9400,40.8000,1.799974
FILLER_0_10_109,VPWR,li1,58.4200,40.8000,1.799965
FILLER_0_10_97,VPWR,li1,52.9000,40.8000,1.799954
FILLER_0_10_85,VPWR,li1,47.3800,40.8000,1.799947
FILLER_0_10_45,VPWR,li1,26.6800,40.8000,1.799972
FILLER_0_10_37,VPWR,li1,22.7700,40.8000,1.799976
FILLER_0_10_29,VPWR,li1,20.7000,40.8000,1.799979
FILLER_0_10_20,VPWR,li1,16.5600,40.8000,1.799984
FILLER_0_10_3,VPWR,li1,7.1300,40.8000,1.799987
FILLER_0_9_133,VPWR,li1,67.1600,35.3600,1.799979
FILLER_0_9_113,VPWR,li1,58.4200,35.3600,1.799980
FILLER_0_9_110,VPWR,li1,56.5800,35.3600,1.799979
FILLER_0_9_102,VPWR,li1,54.2800,35.3600,1.799978
FILLER_0_9_90,VPWR,li1,49.6800,35.3600,1.799976
FILLER_0_9_64,VPWR,li1,35.1900,35.3600,1.799948
FILLER_0_9_26,VPWR,li1,18.1700,35.3600,1.799924
FILLER_0_9_3,VPWR,li1,7.1300,35.3600,1.799938
FILLER_0_8_133,VPWR,li1,67.1600,35.3600,1.799979
FILLER_0_8_114,VPWR,li1,58.6500,35.3600,1.799980
FILLER_0_8_102,VPWR,li1,55.2000,35.3600,1.799978
FILLER_0_8_90,VPWR,li1,49.6800,35.3600,1.799976
FILLER_0_8_67,VPWR,li1,36.5700,35.3600,1.799948
FILLER_0_8_63,VPWR,li1,35.4200,35.3600,1.799948
FILLER_0_8_51,VPWR,li1,30.8200,35.3600,1.799935
FILLER_0_8_32,VPWR,li1,20.9300,35.3600,1.799916
FILLER_0_8_3,VPWR,li1,7.3600,35.3600,1.799938
FILLER_0_7_133,VPWR,li1,67.1600,29.9200,1.799991
FILLER_0_7_125,VPWR,li1,64.8600,29.9200,1.799991
FILLER_0_7_113,VPWR,li1,60.2600,29.9200,1.799991
FILLER_0_7_92,VPWR,li1,48.7600,29.9200,1.799986
FILLER_0_7_80,VPWR,li1,45.0800,29.9200,1.799987
FILLER_0_7_69,VPWR,li1,38.1800,29.9200,1.799981
FILLER_0_7_57,VPWR,li1,34.5000,29.9200,1.799984
FILLER_0_7_50,VPWR,li1,29.9000,29.9200,1.799988
FILLER_0_7_32,VPWR,li1,20.4700,29.9200,1.799987
FILLER_0_6_133,VPWR,li1,67.1600,29.9200,1.799991
FILLER_0_6_121,VPWR,li1,63.9400,29.9200,1.799991
FILLER_0_6_109,VPWR,li1,58.4200,29.9200,1.799988
FILLER_0_6_97,VPWR,li1,52.9000,29.9200,1.799984
FILLER_0_6_85,VPWR,li1,47.3800,29.9200,1.799986
FILLER_0_6_83,VPWR,li1,43.9300,29.9200,1.799987
FILLER_0_6_77,VPWR,li1,42.3200,29.9200,1.799984
FILLER_0_6_60,VPWR,li1,33.3500,29.9200,1.799984
FILLER_0_6_56,VPWR,li1,32.2000,29.9200,1.799986
FILLER_0_6_44,VPWR,li1,28.5200,29.9200,1.799988
FILLER_0_6_37,VPWR,li1,23.0000,29.9200,1.799987
FILLER_0_6_33,VPWR,li1,20.9300,29.9200,1.799987
FILLER_0_6_29,VPWR,li1,19.7800,29.9200,1.799987
FILLER_0_6_25,VPWR,li1,17.7100,29.9200,1.799988
FILLER_0_6_17,VPWR,li1,15.1800,29.9200,1.799989
FILLER_0_6_6,VPWR,li1,9.6600,29.9200,1.799989
FILLER_0_5_133,VPWR,li1,67.1600,24.4800,1.799941
FILLER_0_5_113,VPWR,li1,58.4200,24.4800,1.799928
FILLER_0_5_89,VPWR,li1,47.1500,24.4800,1.799945
FILLER_0_5_81,VPWR,li1,44.6200,24.4800,1.799957
FILLER_0_5_69,VPWR,li1,40.0200,24.4800,1.799964
FILLER_0_5_57,VPWR,li1,34.5000,24.4800,1.799973
FILLER_0_5_54,VPWR,li1,30.8200,24.4800,1.799982
FILLER_0_5_30,VPWR,li1,21.1600,24.4800,1.799987
FILLER_0_5_18,VPWR,li1,16.5600,24.4800,1.799990
FILLER_0_5_6,VPWR,li1,11.0400,24.4800,1.799991
FILLER_0_4_123,VPWR,li1,64.8600,24.4800,1.799941
FILLER_0_4_111,VPWR,li1,59.3400,24.4800,1.799937
FILLER_0_4_99,VPWR,li1,53.8200,24.4800,1.799908
FILLER_0_4_91,VPWR,li1,47.6100,24.4800,1.799945
FILLER_0_4_85,VPWR,li1,46.0000,24.4800,1.799945
FILLER_0_4_83,VPWR,li1,43.9300,24.4800,1.799957
FILLER_0_4_71,VPWR,li1,40.9400,24.4800,1.799964
FILLER_0_4_29,VPWR,li1,19.0900,24.4800,1.799988
FILLER_0_4_27,VPWR,li1,18.1700,24.4800,1.799988
FILLER_0_4_23,VPWR,li1,17.0200,24.4800,1.799990
FILLER_0_4_3,VPWR,li1,7.1300,24.4800,1.799991
FILLER_0_3_133,VPWR,li1,67.1600,19.0400,1.799981
FILLER_0_3_125,VPWR,li1,64.8600,19.0400,1.799981
FILLER_0_3_113,VPWR,li1,60.2600,19.0400,1.799981
FILLER_0_3_100,VPWR,li1,54.2800,19.0400,1.799972
FILLER_0_3_88,VPWR,li1,48.7600,19.0400,1.799969
FILLER_0_3_76,VPWR,li1,43.2400,19.0400,1.799968
FILLER_0_3_57,VPWR,li1,32.4300,19.0400,1.799961
FILLER_0_3_52,VPWR,li1,30.3600,19.0400,1.799963
FILLER_0_3_37,VPWR,li1,22.7700,19.0400,1.799962
FILLER_0_3_33,VPWR,li1,21.6200,19.0400,1.799962
FILLER_0_3_21,VPWR,li1,17.9400,19.0400,1.799964
FILLER_0_3_3,VPWR,li1,7.3600,19.0400,1.799959
FILLER_0_2_133,VPWR,li1,67.1600,19.0400,1.799981
FILLER_0_2_121,VPWR,li1,63.9400,19.0400,1.799981
FILLER_0_2_101,VPWR,li1,52.9000,19.0400,1.799972
FILLER_0_2_64,VPWR,li1,35.8800,19.0400,1.799959
FILLER_0_2_45,VPWR,li1,26.9100,19.0400,1.799965
FILLER_0_2_20,VPWR,li1,16.5600,19.0400,1.799964
FILLER_0_2_3,VPWR,li1,7.1300,19.0400,1.799959
FILLER_0_1_133,VPWR,li1,67.1600,13.6000,1.799979
FILLER_0_1_113,VPWR,li1,58.4200,13.6000,1.799981
FILLER_0_1_110,VPWR,li1,56.5800,13.6000,1.799981
FILLER_0_1_102,VPWR,li1,54.2800,13.6000,1.799980
FILLER_0_1_82,VPWR,li1,44.1600,13.6000,1.799980
FILLER_0_1_65,VPWR,li1,35.6500,13.6000,1.799977
FILLER_0_1_57,VPWR,li1,33.5800,13.6000,1.799977
FILLER_0_1_34,VPWR,li1,22.5400,13.6000,1.799972
FILLER_0_0_127,VPWR,li1,64.4000,13.6000,1.799979
FILLER_0_0_123,VPWR,li1,62.3300,13.6000,1.799982
FILLER_0_0_117,VPWR,li1,60.7200,13.6000,1.799982
FILLER_0_0_113,VPWR,li1,57.7300,13.6000,1.799981
FILLER_0_0_111,VPWR,li1,56.8100,13.6000,1.799981
FILLER_0_0_107,VPWR,li1,55.6600,13.6000,1.799980
FILLER_0_0_103,VPWR,li1,53.1300,13.6000,1.799979
FILLER_0_0_97,VPWR,li1,51.5200,13.6000,1.799979
FILLER_0_0_88,VPWR,li1,47.3800,13.6000,1.799977
FILLER_0_0_83,VPWR,li1,43.9300,13.6000,1.799978
FILLER_0_0_77,VPWR,li1,42.3200,13.6000,1.799978
FILLER_0_0_73,VPWR,li1,39.3300,13.6000,1.799976
FILLER_0_0_67,VPWR,li1,37.7200,13.6000,1.799976
FILLER_0_0_60,VPWR,li1,34.0400,13.6000,1.799977
FILLER_0_0_55,VPWR,li1,31.0500,13.6000,1.799978
FILLER_0_0_47,VPWR,li1,28.9800,13.6000,1.799979
FILLER_0_0_43,VPWR,li1,25.5300,13.6000,1.799973
FILLER_0_0_37,VPWR,li1,23.9200,13.6000,1.799973
FILLER_0_0_33,VPWR,li1,20.9300,13.6000,1.799972
FILLER_0_0_29,VPWR,li1,19.7800,13.6000,1.799972
FILLER_0_0_27,VPWR,li1,18.1700,13.6000,1.799971
FILLER_0_0_23,VPWR,li1,16.3300,13.6000,1.799972
FILLER_0_0_3,VPWR,li1,7.1300,13.6000,1.799971
clkload2,VPWR,li1,54.0500,46.2400,1.799911
clkload1,VPWR,li1,49.4500,24.4800,1.799924
clkload0,VPWR,li1,20.4700,35.3600,1.799916
clkbuf_2_3__f_CLK,VPWR,li1,57.0400,46.2400,1.799901
clkbuf_2_2__f_CLK,VPWR,li1,52.4400,24.4800,1.799908
clkbuf_2_1__f_CLK,VPWR,li1,28.0600,57.1200,1.799933
clkbuf_2_0__f_CLK,VPWR,li1,26.6800,35.3600,1.799901
clkbuf_0_CLK,VPWR,li1,41.8600,40.8000,1.799926
output50,VPWR,li1,7.5900,46.2400,1.799974
output49,VPWR,li1,7.5900,46.2400,1.799974
output48,VPWR,li1,7.5900,40.8000,1.799987
output47,VPWR,li1,7.5900,29.9200,1.799988
output46,VPWR,li1,8.9700,29.9200,1.799989
output45,VPWR,li1,7.5900,29.9200,1.799988
output44,VPWR,li1,7.5900,24.4800,1.799991
output43,VPWR,li1,7.5900,13.6000,1.799971
output42,VPWR,li1,8.9700,13.6000,1.799971
output41,VPWR,li1,15.4100,73.4400,1.799998
output40,VPWR,li1,7.5900,73.4400,1.799998
output39,VPWR,li1,7.5900,68.0000,1.799960
output38,VPWR,li1,7.5900,62.5600,1.799975
output37,VPWR,li1,7.5900,57.1200,1.799971
output36,VPWR,li1,7.5900,51.6800,1.799959
output35,VPWR,li1,13.1100,13.6000,1.799974
output34,VPWR,li1,14.0300,73.4400,1.799998
input33,VPWR,li1,66.9300,68.0000,1.799966
input32,VPWR,li1,45.3100,13.6000,1.799980
input31,VPWR,li1,40.2500,13.6000,1.799975
input30,VPWR,li1,35.6500,13.6000,1.799977
input29,VPWR,li1,32.4300,13.6000,1.799978
input28,VPWR,li1,26.4500,13.6000,1.799974
input27,VPWR,li1,21.8500,13.6000,1.799972
input26,VPWR,li1,17.2500,13.6000,1.799971
input25,VPWR,li1,15.4100,13.6000,1.799972
input24,VPWR,li1,10.3500,13.6000,1.799971
input23,VPWR,li1,65.5500,13.6000,1.799979
input22,VPWR,li1,66.9300,13.6000,1.799979
input21,VPWR,li1,63.2500,13.6000,1.799979
input20,VPWR,li1,58.6500,13.6000,1.799981
input19,VPWR,li1,54.0500,13.6000,1.799980
input18,VPWR,li1,49.4500,13.6000,1.799978
input17,VPWR,li1,11.7300,13.6000,1.799971
input16,VPWR,li1,45.3100,73.4400,1.800000
input15,VPWR,li1,40.2500,73.4400,1.800000
input14,VPWR,li1,35.6500,73.4400,1.799999
input13,VPWR,li1,32.4300,73.4400,1.799999
input12,VPWR,li1,26.4500,73.4400,1.799999
input11,VPWR,li1,21.8500,73.4400,1.799999
input10,VPWR,li1,17.2500,73.4400,1.799998
input9,VPWR,li1,12.6500,73.4400,1.799998
input8,VPWR,li1,8.9700,73.4400,1.799998
input7,VPWR,li1,65.5500,73.4400,1.800000
input6,VPWR,li1,66.9300,73.4400,1.800000
input5,VPWR,li1,63.2500,73.4400,1.800000
input4,VPWR,li1,58.6500,73.4400,1.800000
input3,VPWR,li1,54.0500,73.4400,1.800000
input2,VPWR,li1,49.4500,73.4400,1.800000
input1,VPWR,li1,10.3500,73.4400,1.799998
TAP_TAPCELL_ROW_22_95,VPWR,li1,57.2700,73.1330,1.800000
TAP_TAPCELL_ROW_22_94,VPWR,li1,44.3900,73.1330,1.800000
TAP_TAPCELL_ROW_22_93,VPWR,li1,31.5100,73.1330,1.799999
TAP_TAPCELL_ROW_22_92,VPWR,li1,18.6300,73.1330,1.799998
TAP_TAPCELL_ROW_21_91,VPWR,li1,57.2700,68.3060,1.799966
TAP_TAPCELL_ROW_21_90,VPWR,li1,31.5100,68.3060,1.799960
TAP_TAPCELL_ROW_20_89,VPWR,li1,44.3900,67.6930,1.799966
TAP_TAPCELL_ROW_20_88,VPWR,li1,18.6300,67.6930,1.799966
TAP_TAPCELL_ROW_19_87,VPWR,li1,57.2700,62.8660,1.799975
TAP_TAPCELL_ROW_19_86,VPWR,li1,31.5100,62.8660,1.799962
TAP_TAPCELL_ROW_18_85,VPWR,li1,44.3900,62.2530,1.799973
TAP_TAPCELL_ROW_18_84,VPWR,li1,18.6300,62.2530,1.799964
TAP_TAPCELL_ROW_17_83,VPWR,li1,57.2700,57.4260,1.799987
TAP_TAPCELL_ROW_17_82,VPWR,li1,31.5100,57.4260,1.799950
TAP_TAPCELL_ROW_16_81,VPWR,li1,44.3900,56.8130,1.799976
TAP_TAPCELL_ROW_16_80,VPWR,li1,18.6300,56.8130,1.799957
TAP_TAPCELL_ROW_15_79,VPWR,li1,57.2700,51.9860,1.799987
TAP_TAPCELL_ROW_15_78,VPWR,li1,31.5100,51.9860,1.799979
TAP_TAPCELL_ROW_14_77,VPWR,li1,44.3900,51.3730,1.799987
TAP_TAPCELL_ROW_14_76,VPWR,li1,18.6300,51.3730,1.799960
TAP_TAPCELL_ROW_13_75,VPWR,li1,57.2700,46.5460,1.799901
TAP_TAPCELL_ROW_13_74,VPWR,li1,31.5100,46.5460,1.799973
TAP_TAPCELL_ROW_12_73,VPWR,li1,44.3900,45.9330,1.799958
TAP_TAPCELL_ROW_12_72,VPWR,li1,18.6300,45.9330,1.799975
TAP_TAPCELL_ROW_11_71,VPWR,li1,57.2700,41.1060,1.799965
TAP_TAPCELL_ROW_11_70,VPWR,li1,31.5100,41.1060,1.799963
TAP_TAPCELL_ROW_10_69,VPWR,li1,44.3900,40.4930,1.799944
TAP_TAPCELL_ROW_10_68,VPWR,li1,18.6300,40.4930,1.799981
TAP_TAPCELL_ROW_9_67,VPWR,li1,57.2700,35.6660,1.799979
TAP_TAPCELL_ROW_9_66,VPWR,li1,31.5100,35.6660,1.799940
TAP_TAPCELL_ROW_8_65,VPWR,li1,44.3900,35.0530,1.799969
TAP_TAPCELL_ROW_8_64,VPWR,li1,18.6300,35.0530,1.799924
TAP_TAPCELL_ROW_7_63,VPWR,li1,57.2700,30.2260,1.799988
TAP_TAPCELL_ROW_7_62,VPWR,li1,31.5100,30.2260,1.799986
TAP_TAPCELL_ROW_6_61,VPWR,li1,44.3900,29.6130,1.799987
TAP_TAPCELL_ROW_6_60,VPWR,li1,18.6300,29.6130,1.799988
TAP_TAPCELL_ROW_5_59,VPWR,li1,57.2700,24.7860,1.799928
TAP_TAPCELL_ROW_5_58,VPWR,li1,31.5100,24.7860,1.799979
TAP_TAPCELL_ROW_4_57,VPWR,li1,44.3900,24.1730,1.799957
TAP_TAPCELL_ROW_4_56,VPWR,li1,18.6300,24.1730,1.799988
TAP_TAPCELL_ROW_3_55,VPWR,li1,57.2700,19.3460,1.799975
TAP_TAPCELL_ROW_3_54,VPWR,li1,31.5100,19.3460,1.799963
TAP_TAPCELL_ROW_2_53,VPWR,li1,44.3900,18.7330,1.799968
TAP_TAPCELL_ROW_2_52,VPWR,li1,18.6300,18.7330,1.799963
TAP_TAPCELL_ROW_1_51,VPWR,li1,57.2700,13.9060,1.799981
TAP_TAPCELL_ROW_1_50,VPWR,li1,31.5100,13.9060,1.799978
TAP_TAPCELL_ROW_0_49,VPWR,li1,57.2700,13.2930,1.799981
TAP_TAPCELL_ROW_0_48,VPWR,li1,44.3900,13.2930,1.799980
TAP_TAPCELL_ROW_0_47,VPWR,li1,31.5100,13.2930,1.799978
TAP_TAPCELL_ROW_0_46,VPWR,li1,18.6300,13.2930,1.799971
PHY_EDGE_ROW_22_Left_45,VPWR,li1,6.2100,73.4400,1.799998
PHY_EDGE_ROW_21_Left_44,VPWR,li1,6.2100,68.0000,1.799960
PHY_EDGE_ROW_20_Left_43,VPWR,li1,6.2100,68.0000,1.799960
PHY_EDGE_ROW_19_Left_42,VPWR,li1,6.2100,62.5600,1.799975
PHY_EDGE_ROW_18_Left_41,VPWR,li1,6.2100,62.5600,1.799975
PHY_EDGE_ROW_17_Left_40,VPWR,li1,6.2100,57.1200,1.799971
PHY_EDGE_ROW_16_Left_39,VPWR,li1,6.2100,57.1200,1.799971
PHY_EDGE_ROW_15_Left_38,VPWR,li1,6.2100,51.6800,1.799959
PHY_EDGE_ROW_14_Left_37,VPWR,li1,6.2100,51.6800,1.799959
PHY_EDGE_ROW_13_Left_36,VPWR,li1,6.2100,46.2400,1.799974
PHY_EDGE_ROW_12_Left_35,VPWR,li1,6.2100,46.2400,1.799974
PHY_EDGE_ROW_11_Left_34,VPWR,li1,6.2100,40.8000,1.799987
PHY_EDGE_ROW_10_Left_33,VPWR,li1,6.2100,40.8000,1.799987
PHY_EDGE_ROW_9_Left_32,VPWR,li1,6.2100,35.3600,1.799938
PHY_EDGE_ROW_8_Left_31,VPWR,li1,6.2100,35.3600,1.799938
PHY_EDGE_ROW_7_Left_30,VPWR,li1,6.2100,29.9200,1.799988
PHY_EDGE_ROW_6_Left_29,VPWR,li1,6.2100,29.9200,1.799988
PHY_EDGE_ROW_5_Left_28,VPWR,li1,6.2100,24.4800,1.799991
PHY_EDGE_ROW_4_Left_27,VPWR,li1,6.2100,24.4800,1.799991
PHY_EDGE_ROW_3_Left_26,VPWR,li1,6.2100,19.0400,1.799959
PHY_EDGE_ROW_2_Left_25,VPWR,li1,6.2100,19.0400,1.799959
PHY_EDGE_ROW_1_Left_24,VPWR,li1,6.2100,13.6000,1.799971
PHY_EDGE_ROW_0_Left_23,VPWR,li1,6.2100,13.6000,1.799971
PHY_EDGE_ROW_22_Right_22,VPWR,li1,68.3100,73.4400,1.800000
PHY_EDGE_ROW_21_Right_21,VPWR,li1,68.3100,68.0000,1.799966
PHY_EDGE_ROW_20_Right_20,VPWR,li1,68.3100,68.0000,1.799966
PHY_EDGE_ROW_19_Right_19,VPWR,li1,68.3100,62.5600,1.799972
PHY_EDGE_ROW_18_Right_18,VPWR,li1,68.3100,62.5600,1.799972
PHY_EDGE_ROW_17_Right_17,VPWR,li1,68.3100,57.1200,1.799989
PHY_EDGE_ROW_16_Right_16,VPWR,li1,68.3100,57.1200,1.799989
PHY_EDGE_ROW_15_Right_15,VPWR,li1,68.3100,51.6800,1.799990
PHY_EDGE_ROW_14_Right_14,VPWR,li1,68.3100,51.6800,1.799990
PHY_EDGE_ROW_13_Right_13,VPWR,li1,68.3100,46.2400,1.799926
PHY_EDGE_ROW_12_Right_12,VPWR,li1,68.3100,46.2400,1.799926
PHY_EDGE_ROW_11_Right_11,VPWR,li1,68.3100,40.8000,1.799974
PHY_EDGE_ROW_10_Right_10,VPWR,li1,68.3100,40.8000,1.799974
PHY_EDGE_ROW_9_Right_9,VPWR,li1,68.3100,35.3600,1.799979
PHY_EDGE_ROW_8_Right_8,VPWR,li1,68.3100,35.3600,1.799979
PHY_EDGE_ROW_7_Right_7,VPWR,li1,68.3100,29.9200,1.799991
PHY_EDGE_ROW_6_Right_6,VPWR,li1,68.3100,29.9200,1.799991
PHY_EDGE_ROW_5_Right_5,VPWR,li1,68.3100,24.4800,1.799941
PHY_EDGE_ROW_4_Right_4,VPWR,li1,68.3100,24.4800,1.799941
PHY_EDGE_ROW_3_Right_3,VPWR,li1,68.3100,19.0400,1.799981
PHY_EDGE_ROW_2_Right_2,VPWR,li1,68.3100,19.0400,1.799981
PHY_EDGE_ROW_1_Right_1,VPWR,li1,68.3100,13.6000,1.799979
PHY_EDGE_ROW_0_Right_0,VPWR,li1,68.3100,13.6000,1.799979
_240_,VPWR,li1,63.0200,35.3600,1.799979
_239_,VPWR,li1,63.0200,24.4800,1.799941
_238_,VPWR,li1,63.0200,13.6000,1.799979
_237_,VPWR,li1,63.0200,35.3600,1.799979
_236_,VPWR,li1,57.5000,19.0400,1.799975
_235_,VPWR,li1,53.3600,29.9200,1.799984
_234_,VPWR,li1,48.7600,13.6000,1.799977
_233_,VPWR,li1,48.3000,19.0400,1.799969
_232_,VPWR,li1,40.4800,19.0400,1.799962
_231_,VPWR,li1,39.5600,13.6000,1.799975
_230_,VPWR,li1,36.8000,19.0400,1.799959
_229_,VPWR,li1,27.6000,13.6000,1.799974
_228_,VPWR,li1,22.5400,46.2400,1.799972
_227_,VPWR,li1,22.5400,19.0400,1.799962
_226_,VPWR,li1,17.4800,13.6000,1.799971
_225_,VPWR,li1,11.0400,13.6000,1.799971
_224_,VPWR,li1,11.0400,24.4800,1.799991
_223_,VPWR,li1,63.0200,62.5600,1.799972
_222_,VPWR,li1,63.4800,68.0000,1.799966
_221_,VPWR,li1,63.0200,46.2400,1.799926
_220_,VPWR,li1,56.1200,68.0000,1.799962
_219_,VPWR,li1,53.3600,40.8000,1.799954
_218_,VPWR,li1,45.0800,62.5600,1.799973
_217_,VPWR,li1,40.4800,68.0000,1.799959
_216_,VPWR,li1,33.1200,68.0000,1.799960
_215_,VPWR,li1,35.4200,62.5600,1.799962
_214_,VPWR,li1,35.4200,68.0000,1.799956
_213_,VPWR,li1,25.7600,68.0000,1.799964
_212_,VPWR,li1,23.0000,51.6800,1.799965
_211_,VPWR,li1,19.3200,62.5600,1.799964
_210_,VPWR,li1,22.5400,62.5600,1.799960
_209_,VPWR,li1,11.0400,68.0000,1.799960
_208_,VPWR,li1,11.0400,62.5600,1.799975
_207_,VPWR,li1,26.6800,62.5600,1.799961
_206_,VPWR,li1,11.9600,68.0000,1.799960
_205_,VPWR,li1,48.3000,68.0000,1.799962
_204_,VPWR,li1,32.6600,62.5600,1.799962
_203_,VPWR,li1,11.0400,57.1200,1.799971
_202_,VPWR,li1,10.5800,51.6800,1.799960
_201_,VPWR,li1,12.8800,51.6800,1.799963
_200_,VPWR,li1,17.9400,51.6800,1.799960
_199_,VPWR,li1,12.4200,46.2400,1.799974
_198_,VPWR,li1,11.0400,40.8000,1.799987
_197_,VPWR,li1,11.0400,35.3600,1.799938
_196_,VPWR,li1,25.3000,35.3600,1.799901
_195_,VPWR,li1,37.2600,29.9200,1.799981
_194_,VPWR,li1,34.5000,24.4800,1.799973
_193_,VPWR,li1,31.2800,19.0400,1.799963
_192_,VPWR,li1,11.5000,19.0400,1.799959
_191_,VPWR,li1,11.0400,19.0400,1.799959
_190_,VPWR,li1,53.3600,62.5600,1.799973
_189_,VPWR,li1,59.5700,62.5600,1.799976
_188_,VPWR,li1,66.4700,62.5600,1.799972
_187_,VPWR,li1,15.4100,24.4800,1.799990
_186_,VPWR,li1,12.1900,29.9200,1.799989
_185_,VPWR,li1,16.1000,35.3600,1.799932
_184_,VPWR,li1,11.2700,29.9200,1.799989
_183_,VPWR,li1,13.5700,29.9200,1.799990
_182_,VPWR,li1,8.7400,35.3600,1.799938
_181_,VPWR,li1,24.6100,24.4800,1.799984
_180_,VPWR,li1,29.6700,24.4800,1.799982
_179_,VPWR,li1,27.8300,24.4800,1.799983
_178_,VPWR,li1,25.7600,19.0400,1.799965
_177_,VPWR,li1,21.8500,29.9200,1.799987
_176_,VPWR,li1,20.0100,24.4800,1.799987
_175_,VPWR,li1,30.1300,24.4800,1.799982
_174_,VPWR,li1,23.6900,19.0400,1.799963
_173_,VPWR,li1,33.3500,35.3600,1.799944
_172_,VPWR,li1,24.6100,40.8000,1.799974
_171_,VPWR,li1,26.6800,40.8000,1.799972
_170_,VPWR,li1,35.6500,40.8000,1.799946
_169_,VPWR,li1,32.8900,40.8000,1.799956
_168_,VPWR,li1,33.5800,35.3600,1.799944
_167_,VPWR,li1,43.4700,35.3600,1.799969
_166_,VPWR,li1,40.2500,35.3600,1.799957
_165_,VPWR,li1,41.1700,35.3600,1.799963
_164_,VPWR,li1,38.8700,35.3600,1.799957
_163_,VPWR,li1,33.8100,51.6800,1.799980
_162_,VPWR,li1,29.6700,51.6800,1.799979
_161_,VPWR,li1,33.5800,57.1200,1.799954
_160_,VPWR,li1,36.3400,51.6800,1.799981
_159_,VPWR,li1,43.0100,46.2400,1.799958
_158_,VPWR,li1,43.4700,46.2400,1.799958
_157_,VPWR,li1,42.5500,51.6800,1.799984
_156_,VPWR,li1,49.2200,51.6800,1.799985
_155_,VPWR,li1,39.7900,51.6800,1.799982
_154_,VPWR,li1,53.1300,51.6800,1.799985
_153_,VPWR,li1,49.4500,57.1200,1.799982
_152_,VPWR,li1,53.8200,57.1200,1.799985
_151_,VPWR,li1,51.7500,51.6800,1.799985
_150_,VPWR,li1,50.3700,62.5600,1.799973
_149_,VPWR,li1,62.3300,62.5600,1.799972
_148_,VPWR,li1,55.2000,62.5600,1.799974
_147_,VPWR,li1,51.7500,68.0000,1.799962
_146_,VPWR,li1,55.6600,62.5600,1.799974
_145_,VPWR,li1,64.6300,57.1200,1.799989
_144_,VPWR,li1,58.8800,57.1200,1.799988
_143_,VPWR,li1,64.6300,62.5600,1.799972
_142_,VPWR,li1,60.4900,51.6800,1.799990
_141_,VPWR,li1,55.6600,51.6800,1.799986
_140_,VPWR,li1,55.8900,51.6800,1.799987
_139_,VPWR,li1,57.2700,51.6800,1.799987
_138_,VPWR,li1,58.6500,51.6800,1.799989
_137_,VPWR,li1,58.6500,51.6800,1.799989
_136_,VPWR,li1,61.8700,51.6800,1.799990
_135_,VPWR,li1,62.7900,46.2400,1.799926
_134_,VPWR,li1,63.2500,51.6800,1.799990
_133_,VPWR,li1,50.3700,46.2400,1.799936
_132_,VPWR,li1,46.9200,46.2400,1.799946
_131_,VPWR,li1,41.1700,51.6800,1.799984
_130_,VPWR,li1,46.2300,51.6800,1.799986
_129_,VPWR,li1,51.7500,46.2400,1.799922
_128_,VPWR,li1,60.4900,40.8000,1.799974
_127_,VPWR,li1,58.6500,40.8000,1.799965
_126_,VPWR,li1,47.1500,46.2400,1.799946
_125_,VPWR,li1,54.0500,51.6800,1.799986
_124_,VPWR,li1,48.9900,46.2400,1.799936
_123_,VPWR,li1,37.9500,57.1200,1.799963
_122_,VPWR,li1,44.1600,51.6800,1.799987
_121_,VPWR,li1,46.6900,51.6800,1.799986
_120_,VPWR,li1,43.0100,57.1200,1.799976
_119_,VPWR,li1,33.3500,51.6800,1.799980
_118_,VPWR,li1,39.1000,40.8000,1.799934
_117_,VPWR,li1,46.0000,35.3600,1.799974
_116_,VPWR,li1,40.7100,29.9200,1.799984
_115_,VPWR,li1,30.5900,40.8000,1.799970
_114_,VPWR,li1,28.7500,46.2400,1.799977
_113_,VPWR,li1,43.4700,35.3600,1.799969
_112_,VPWR,li1,37.4900,35.3600,1.799952
_111_,VPWR,li1,45.7700,35.3600,1.799974
_110_,VPWR,li1,38.8700,46.2400,1.799965
_109_,VPWR,li1,37.0300,35.3600,1.799952
_108_,VPWR,li1,24.6100,29.9200,1.799986
_107_,VPWR,li1,24.6100,24.4800,1.799984
_106_,VPWR,li1,18.8600,29.9200,1.799988
_105_,VPWR,li1,14.4900,35.3600,1.799943
_104_,VPWR,li1,27.6000,24.4800,1.799983
_103_,VPWR,li1,24.6100,29.9200,1.799986
_102_,VPWR,li1,28.2900,19.0400,1.799967
_101_,VPWR,li1,21.8500,24.4800,1.799985
_100_,VPWR,li1,15.8700,29.9200,1.799989
_099_,VPWR,li1,17.2500,35.3600,1.799932
_098_,VPWR,li1,19.5500,35.3600,1.799924
_097_,VPWR,li1,11.2700,35.3600,1.799938
_096_,VPWR,li1,28.2900,40.8000,1.799972
_095_,VPWR,li1,32.4300,46.2400,1.799973
_094_,VPWR,li1,29.6700,40.8000,1.799970
_093_,VPWR,li1,24.6100,40.8000,1.799974
_092_,VPWR,li1,32.8900,40.8000,1.799956
_091_,VPWR,li1,31.0500,46.2400,1.799973
_090_,VPWR,li1,25.9900,46.2400,1.799973
_089_,VPWR,li1,58.6500,62.5600,1.799975
_088_,VPWR,li1,62.7900,57.1200,1.799990
_087_,VPWR,li1,66.0100,57.1200,1.799989
