Instance,Terminal,Layer,X location,Y location,Voltage
FILLER_0_22_127,VGND,li1,64.4000,70.7200,0.000003
FILLER_0_22_123,VGND,li1,62.3300,70.7200,0.000003
FILLER_0_22_117,VGND,li1,60.7200,70.7200,0.000003
FILLER_0_22_113,VGND,li1,57.7300,70.7200,0.000004
FILLER_0_22_111,VGND,li1,56.8100,70.7200,0.000004
FILLER_0_22_107,VGND,li1,55.6600,70.7200,0.000005
FILLER_0_22_103,VGND,li1,53.1300,70.7200,0.000006
FILLER_0_22_97,VGND,li1,51.5200,70.7200,0.000006
FILLER_0_22_88,VGND,li1,47.3800,70.7200,0.000006
FILLER_0_22_83,VGND,li1,43.9300,70.7200,0.000008
FILLER_0_22_77,VGND,li1,42.3200,70.7200,0.000009
FILLER_0_22_73,VGND,li1,39.3300,70.7200,0.000010
FILLER_0_22_67,VGND,li1,37.7200,70.7200,0.000011
FILLER_0_22_60,VGND,li1,34.0400,70.7200,0.000013
FILLER_0_22_55,VGND,li1,31.0500,70.7200,0.000011
FILLER_0_22_47,VGND,li1,28.9800,70.7200,0.000011
FILLER_0_22_43,VGND,li1,25.5300,70.7200,0.000012
FILLER_0_22_37,VGND,li1,23.9200,70.7200,0.000013
FILLER_0_22_33,VGND,li1,20.9300,70.7200,0.000013
FILLER_0_22_29,VGND,li1,19.7800,70.7200,0.000014
FILLER_0_22_27,VGND,li1,18.1700,70.7200,0.000014
FILLER_0_22_23,VGND,li1,16.3300,70.7200,0.000014
FILLER_0_22_12,VGND,li1,11.5000,70.7200,0.000022
FILLER_0_21_131,VGND,li1,66.0100,70.7200,0.000003
FILLER_0_21_125,VGND,li1,64.4000,70.7200,0.000003
FILLER_0_21_113,VGND,li1,60.2600,70.7200,0.000004
FILLER_0_21_104,VGND,li1,55.2000,70.7200,0.000005
FILLER_0_21_85,VGND,li1,47.3800,70.7200,0.000006
FILLER_0_21_73,VGND,li1,41.8600,70.7200,0.000009
FILLER_0_21_44,VGND,li1,28.5200,70.7200,0.000011
FILLER_0_21_32,VGND,li1,23.0000,70.7200,0.000013
FILLER_0_21_20,VGND,li1,17.4800,70.7200,0.000014
FILLER_0_21_3,VGND,li1,7.1300,70.7200,0.000023
FILLER_0_20_134,VGND,li1,67.3900,65.2800,0.000039
FILLER_0_20_101,VGND,li1,52.2100,65.2800,0.000047
FILLER_0_20_35,VGND,li1,21.8500,65.2800,0.000062
FILLER_0_20_29,VGND,li1,20.2400,65.2800,0.000060
FILLER_0_20_22,VGND,li1,17.0200,65.2800,0.000055
FILLER_0_19_133,VGND,li1,67.1600,65.2800,0.000039
FILLER_0_19_113,VGND,li1,57.7300,65.2800,0.000046
FILLER_0_19_111,VGND,li1,56.8100,65.2800,0.000048
FILLER_0_19_77,VGND,li1,41.1700,65.2800,0.000058
FILLER_0_19_73,VGND,li1,40.0200,65.2800,0.000058
FILLER_0_19_54,VGND,li1,30.8200,65.2800,0.000055
FILLER_0_19_20,VGND,li1,15.1800,65.2800,0.000051
FILLER_0_19_3,VGND,li1,7.1300,65.2800,0.000064
FILLER_0_18_134,VGND,li1,67.3900,59.8400,0.000006
FILLER_0_18_112,VGND,li1,57.5000,59.8400,0.000008
FILLER_0_18_103,VGND,li1,53.1300,59.8400,0.000007
FILLER_0_18_97,VGND,li1,51.5200,59.8400,0.000007
FILLER_0_18_85,VGND,li1,47.3800,59.8400,0.000007
FILLER_0_18_83,VGND,li1,43.9300,59.8400,0.000009
FILLER_0_18_79,VGND,li1,42.7800,59.8400,0.000009
FILLER_0_18_67,VGND,li1,39.1000,59.8400,0.000011
FILLER_0_18_45,VGND,li1,27.6000,59.8400,0.000016
FILLER_0_18_26,VGND,li1,17.9400,59.8400,0.000013
FILLER_0_18_18,VGND,li1,15.6400,59.8400,0.000011
FILLER_0_18_6,VGND,li1,11.0400,59.8400,0.000011
FILLER_0_17_133,VGND,li1,67.1600,59.8400,0.000006
FILLER_0_17_118,VGND,li1,60.7200,59.8400,0.000007
FILLER_0_17_113,VGND,li1,57.7300,59.8400,0.000008
FILLER_0_17_111,VGND,li1,56.8100,59.8400,0.000008
FILLER_0_17_105,VGND,li1,55.2000,59.8400,0.000008
FILLER_0_17_93,VGND,li1,51.0600,59.8400,0.000007
FILLER_0_17_81,VGND,li1,45.5400,59.8400,0.000007
FILLER_0_17_69,VGND,li1,40.0200,59.8400,0.000011
FILLER_0_17_57,VGND,li1,34.5000,59.8400,0.000013
FILLER_0_17_54,VGND,li1,30.8200,59.8400,0.000014
FILLER_0_17_42,VGND,li1,27.6000,59.8400,0.000016
FILLER_0_17_30,VGND,li1,22.0800,59.8400,0.000018
FILLER_0_17_18,VGND,li1,16.5600,59.8400,0.000011
FILLER_0_17_6,VGND,li1,11.0400,59.8400,0.000011
FILLER_0_16_133,VGND,li1,67.1600,54.4000,0.000011
FILLER_0_16_121,VGND,li1,63.9400,54.4000,0.000011
FILLER_0_16_109,VGND,li1,58.4200,54.4000,0.000017
FILLER_0_16_99,VGND,li1,51.5200,54.4000,0.000022
FILLER_0_16_91,VGND,li1,47.6100,54.4000,0.000030
FILLER_0_16_85,VGND,li1,46.0000,54.4000,0.000030
FILLER_0_16_73,VGND,li1,40.4800,54.4000,0.000044
FILLER_0_16_67,VGND,li1,36.5700,54.4000,0.000055
FILLER_0_16_63,VGND,li1,35.4200,54.4000,0.000055
FILLER_0_16_37,VGND,li1,23.0000,54.4000,0.000083
FILLER_0_16_29,VGND,li1,20.7000,54.4000,0.000077
FILLER_0_16_20,VGND,li1,16.5600,54.4000,0.000068
FILLER_0_16_3,VGND,li1,7.1300,54.4000,0.000085
FILLER_0_15_132,VGND,li1,66.9300,54.4000,0.000011
FILLER_0_15_124,VGND,li1,64.4000,54.4000,0.000011
FILLER_0_15_111,VGND,li1,56.8100,54.4000,0.000019
FILLER_0_15_92,VGND,li1,49.6800,54.4000,0.000024
FILLER_0_15_70,VGND,li1,38.6400,54.4000,0.000051
FILLER_0_15_47,VGND,li1,27.6000,54.4000,0.000094
FILLER_0_15_35,VGND,li1,24.3800,54.4000,0.000083
FILLER_0_14_134,VGND,li1,67.3900,48.9600,0.000018
FILLER_0_14_128,VGND,li1,65.7800,48.9600,0.000018
FILLER_0_14_117,VGND,li1,60.7200,48.9600,0.000018
FILLER_0_14_71,VGND,li1,38.4100,48.9600,0.000014
FILLER_0_14_65,VGND,li1,36.8000,48.9600,0.000014
FILLER_0_14_46,VGND,li1,29.4400,48.9600,0.000014
FILLER_0_14_29,VGND,li1,19.0900,48.9600,0.000021
FILLER_0_14_24,VGND,li1,17.4800,48.9600,0.000023
FILLER_0_14_6,VGND,li1,8.7400,48.9600,0.000036
FILLER_0_13_133,VGND,li1,67.1600,48.9600,0.000018
FILLER_0_13_113,VGND,li1,58.4200,48.9600,0.000019
FILLER_0_13_109,VGND,li1,56.3500,48.9600,0.000020
FILLER_0_13_101,VGND,li1,52.2100,48.9600,0.000019
FILLER_0_13_93,VGND,li1,48.5300,48.9600,0.000014
FILLER_0_13_85,VGND,li1,45.0800,48.9600,0.000015
FILLER_0_13_77,VGND,li1,41.1700,48.9600,0.000015
FILLER_0_13_69,VGND,li1,39.1000,48.9600,0.000015
FILLER_0_13_57,VGND,li1,34.5000,48.9600,0.000013
FILLER_0_13_55,VGND,li1,31.0500,48.9600,0.000012
FILLER_0_13_47,VGND,li1,28.9800,48.9600,0.000014
FILLER_0_13_41,VGND,li1,24.6100,48.9600,0.000018
FILLER_0_13_35,VGND,li1,23.0000,48.9600,0.000018
FILLER_0_13_23,VGND,li1,18.8600,48.9600,0.000021
FILLER_0_13_6,VGND,li1,8.5100,48.9600,0.000036
FILLER_0_12_134,VGND,li1,67.3900,43.5200,0.000074
FILLER_0_12_126,VGND,li1,65.3200,43.5200,0.000074
FILLER_0_12_122,VGND,li1,61.8700,43.5200,0.000091
FILLER_0_12_96,VGND,li1,50.3700,43.5200,0.000092
FILLER_0_12_85,VGND,li1,45.3100,43.5200,0.000092
FILLER_0_12_80,VGND,li1,42.5500,43.5200,0.000110
FILLER_0_12_74,VGND,li1,40.9400,43.5200,0.000110
FILLER_0_12_68,VGND,li1,37.4900,43.5200,0.000090
FILLER_0_12_60,VGND,li1,34.9600,43.5200,0.000076
FILLER_0_12_45,VGND,li1,26.6800,43.5200,0.000048
FILLER_0_12_26,VGND,li1,17.9400,43.5200,0.000033
FILLER_0_12_18,VGND,li1,15.6400,43.5200,0.000027
FILLER_0_12_6,VGND,li1,11.0400,43.5200,0.000027
FILLER_0_11_133,VGND,li1,67.1600,43.5200,0.000074
FILLER_0_11_121,VGND,li1,63.9400,43.5200,0.000074
FILLER_0_11_95,VGND,li1,49.4500,43.5200,0.000092
FILLER_0_11_89,VGND,li1,47.8400,43.5200,0.000084
FILLER_0_11_55,VGND,li1,31.0500,43.5200,0.000053
FILLER_0_11_49,VGND,li1,28.2900,43.5200,0.000048
FILLER_0_11_38,VGND,li1,23.4600,43.5200,0.000044
FILLER_0_11_30,VGND,li1,21.1600,43.5200,0.000041
FILLER_0_11_18,VGND,li1,16.5600,43.5200,0.000027
FILLER_0_11_6,VGND,li1,11.0400,43.5200,0.000027
FILLER_0_10_133,VGND,li1,67.1600,38.0800,0.000018
FILLER_0_10_121,VGND,li1,63.9400,38.0800,0.000018
FILLER_0_10_109,VGND,li1,58.4200,38.0800,0.000019
FILLER_0_10_97,VGND,li1,52.9000,38.0800,0.000021
FILLER_0_10_85,VGND,li1,47.3800,38.0800,0.000030
FILLER_0_10_45,VGND,li1,26.6800,38.0800,0.000098
FILLER_0_10_37,VGND,li1,22.7700,38.0800,0.000085
FILLER_0_10_29,VGND,li1,20.7000,38.0800,0.000076
FILLER_0_10_20,VGND,li1,16.5600,38.0800,0.000058
FILLER_0_10_3,VGND,li1,7.1300,38.0800,0.000065
FILLER_0_9_133,VGND,li1,67.1600,38.0800,0.000018
FILLER_0_9_113,VGND,li1,58.4200,38.0800,0.000019
FILLER_0_9_110,VGND,li1,56.5800,38.0800,0.000020
FILLER_0_9_102,VGND,li1,54.2800,38.0800,0.000021
FILLER_0_9_90,VGND,li1,49.6800,38.0800,0.000023
FILLER_0_9_64,VGND,li1,35.1900,38.0800,0.000053
FILLER_0_9_26,VGND,li1,18.1700,38.0800,0.000067
FILLER_0_9_3,VGND,li1,7.1300,38.0800,0.000065
FILLER_0_8_133,VGND,li1,67.1600,32.6400,0.000016
FILLER_0_8_114,VGND,li1,58.6500,32.6400,0.000018
FILLER_0_8_102,VGND,li1,55.2000,32.6400,0.000018
FILLER_0_8_90,VGND,li1,49.6800,32.6400,0.000014
FILLER_0_8_67,VGND,li1,36.5700,32.6400,0.000015
FILLER_0_8_63,VGND,li1,35.4200,32.6400,0.000015
FILLER_0_8_51,VGND,li1,30.8200,32.6400,0.000019
FILLER_0_8_32,VGND,li1,20.9300,32.6400,0.000022
FILLER_0_8_3,VGND,li1,7.3600,32.6400,0.000020
FILLER_0_7_133,VGND,li1,67.1600,32.6400,0.000016
FILLER_0_7_125,VGND,li1,64.8600,32.6400,0.000016
FILLER_0_7_113,VGND,li1,60.2600,32.6400,0.000017
FILLER_0_7_92,VGND,li1,48.7600,32.6400,0.000014
FILLER_0_7_80,VGND,li1,45.0800,32.6400,0.000015
FILLER_0_7_69,VGND,li1,38.1800,32.6400,0.000015
FILLER_0_7_57,VGND,li1,34.5000,32.6400,0.000015
FILLER_0_7_50,VGND,li1,29.9000,32.6400,0.000019
FILLER_0_7_32,VGND,li1,20.4700,32.6400,0.000022
FILLER_0_6_133,VGND,li1,67.1600,27.2000,0.000047
FILLER_0_6_121,VGND,li1,63.9400,27.2000,0.000047
FILLER_0_6_109,VGND,li1,58.4200,27.2000,0.000067
FILLER_0_6_97,VGND,li1,52.9000,27.2000,0.000083
FILLER_0_6_85,VGND,li1,47.3800,27.2000,0.000050
FILLER_0_6_83,VGND,li1,43.9300,27.2000,0.000045
FILLER_0_6_77,VGND,li1,42.3200,27.2000,0.000045
FILLER_0_6_60,VGND,li1,33.3500,27.2000,0.000028
FILLER_0_6_56,VGND,li1,32.2000,27.2000,0.000023
FILLER_0_6_44,VGND,li1,28.5200,27.2000,0.000021
FILLER_0_6_37,VGND,li1,23.0000,27.2000,0.000017
FILLER_0_6_33,VGND,li1,20.9300,27.2000,0.000015
FILLER_0_6_29,VGND,li1,19.7800,27.2000,0.000015
FILLER_0_6_25,VGND,li1,17.7100,27.2000,0.000013
FILLER_0_6_17,VGND,li1,15.1800,27.2000,0.000011
FILLER_0_6_6,VGND,li1,9.6600,27.2000,0.000012
FILLER_0_5_133,VGND,li1,67.1600,27.2000,0.000047
FILLER_0_5_113,VGND,li1,58.4200,27.2000,0.000067
FILLER_0_5_89,VGND,li1,47.1500,27.2000,0.000050
FILLER_0_5_81,VGND,li1,44.6200,27.2000,0.000047
FILLER_0_5_69,VGND,li1,40.0200,27.2000,0.000042
FILLER_0_5_57,VGND,li1,34.5000,27.2000,0.000028
FILLER_0_5_54,VGND,li1,30.8200,27.2000,0.000022
FILLER_0_5_30,VGND,li1,21.1600,27.2000,0.000015
FILLER_0_5_18,VGND,li1,16.5600,27.2000,0.000011
FILLER_0_5_6,VGND,li1,11.0400,27.2000,0.000012
FILLER_0_4_123,VGND,li1,64.8600,21.7600,0.000005
FILLER_0_4_111,VGND,li1,59.3400,21.7600,0.000008
FILLER_0_4_99,VGND,li1,53.8200,21.7600,0.000011
FILLER_0_4_91,VGND,li1,47.6100,21.7600,0.000017
FILLER_0_4_85,VGND,li1,46.0000,21.7600,0.000017
FILLER_0_4_83,VGND,li1,43.9300,21.7600,0.000020
FILLER_0_4_71,VGND,li1,40.9400,21.7600,0.000023
FILLER_0_4_29,VGND,li1,19.0900,21.7600,0.000029
FILLER_0_4_27,VGND,li1,18.1700,21.7600,0.000029
FILLER_0_4_23,VGND,li1,17.0200,21.7600,0.000029
FILLER_0_4_3,VGND,li1,7.1300,21.7600,0.000041
FILLER_0_3_133,VGND,li1,67.1600,21.7600,0.000005
FILLER_0_3_125,VGND,li1,64.8600,21.7600,0.000005
FILLER_0_3_113,VGND,li1,60.2600,21.7600,0.000008
FILLER_0_3_100,VGND,li1,54.2800,21.7600,0.000011
FILLER_0_3_88,VGND,li1,48.7600,21.7600,0.000014
FILLER_0_3_76,VGND,li1,43.2400,21.7600,0.000020
FILLER_0_3_57,VGND,li1,32.4300,21.7600,0.000024
FILLER_0_3_52,VGND,li1,30.3600,21.7600,0.000025
FILLER_0_3_37,VGND,li1,22.7700,21.7600,0.000029
FILLER_0_3_33,VGND,li1,21.6200,21.7600,0.000029
FILLER_0_3_21,VGND,li1,17.9400,21.7600,0.000029
FILLER_0_3_3,VGND,li1,7.3600,21.7600,0.000041
FILLER_0_2_133,VGND,li1,67.1600,16.3200,0.000029
FILLER_0_2_121,VGND,li1,63.9400,16.3200,0.000029
FILLER_0_2_101,VGND,li1,52.9000,16.3200,0.000039
FILLER_0_2_64,VGND,li1,35.8800,16.3200,0.000048
FILLER_0_2_45,VGND,li1,26.9100,16.3200,0.000049
FILLER_0_2_20,VGND,li1,16.5600,16.3200,0.000042
FILLER_0_2_3,VGND,li1,7.1300,16.3200,0.000051
FILLER_0_1_133,VGND,li1,67.1600,16.3200,0.000029
FILLER_0_1_113,VGND,li1,58.4200,16.3200,0.000036
FILLER_0_1_110,VGND,li1,56.5800,16.3200,0.000039
FILLER_0_1_102,VGND,li1,54.2800,16.3200,0.000039
FILLER_0_1_82,VGND,li1,44.1600,16.3200,0.000046
FILLER_0_1_65,VGND,li1,35.6500,16.3200,0.000048
FILLER_0_1_57,VGND,li1,33.5800,16.3200,0.000046
FILLER_0_1_34,VGND,li1,22.5400,16.3200,0.000050
FILLER_0_0_127,VGND,li1,64.4000,10.8800,0.000000
FILLER_0_0_123,VGND,li1,62.3300,10.8800,0.000000
FILLER_0_0_117,VGND,li1,60.7200,10.8800,0.000000
FILLER_0_0_113,VGND,li1,57.7300,10.8800,0.000001
FILLER_0_0_111,VGND,li1,56.8100,10.8800,0.000001
FILLER_0_0_107,VGND,li1,55.6600,10.8800,0.000001
FILLER_0_0_103,VGND,li1,53.1300,10.8800,0.000001
FILLER_0_0_97,VGND,li1,51.5200,10.8800,0.000001
FILLER_0_0_88,VGND,li1,47.3800,10.8800,0.000001
FILLER_0_0_83,VGND,li1,43.9300,10.8800,0.000002
FILLER_0_0_77,VGND,li1,42.3200,10.8800,0.000002
FILLER_0_0_73,VGND,li1,39.3300,10.8800,0.000002
FILLER_0_0_67,VGND,li1,37.7200,10.8800,0.000002
FILLER_0_0_60,VGND,li1,34.0400,10.8800,0.000003
FILLER_0_0_55,VGND,li1,31.0500,10.8800,0.000003
FILLER_0_0_47,VGND,li1,28.9800,10.8800,0.000004
FILLER_0_0_43,VGND,li1,25.5300,10.8800,0.000006
FILLER_0_0_37,VGND,li1,23.9200,10.8800,0.000006
FILLER_0_0_33,VGND,li1,20.9300,10.8800,0.000008
FILLER_0_0_29,VGND,li1,19.7800,10.8800,0.000008
FILLER_0_0_27,VGND,li1,18.1700,10.8800,0.000009
FILLER_0_0_23,VGND,li1,16.3300,10.8800,0.000010
FILLER_0_0_3,VGND,li1,7.1300,10.8800,0.000016
clkload2,VGND,li1,54.0500,48.9600,0.000020
clkload1,VGND,li1,49.4500,21.7600,0.000014
clkload0,VGND,li1,20.4700,38.0800,0.000076
clkbuf_2_3__f_CLK,VGND,li1,57.0400,43.5200,0.000117
clkbuf_2_2__f_CLK,VGND,li1,52.4400,27.2000,0.000083
clkbuf_2_1__f_CLK,VGND,li1,28.0600,54.4000,0.000094
clkbuf_2_0__f_CLK,VGND,li1,26.6800,38.0800,0.000098
clkbuf_0_CLK,VGND,li1,41.8600,43.5200,0.000110
output50,VGND,li1,7.5900,48.9600,0.000036
output49,VGND,li1,7.5900,43.5200,0.000027
output48,VGND,li1,7.5900,43.5200,0.000027
output47,VGND,li1,7.5900,32.6400,0.000020
output46,VGND,li1,8.9700,32.6400,0.000020
output45,VGND,li1,7.5900,27.2000,0.000012
output44,VGND,li1,7.5900,27.2000,0.000012
output43,VGND,li1,7.5900,16.3200,0.000051
output42,VGND,li1,8.9700,16.3200,0.000051
output41,VGND,li1,15.4100,70.7200,0.000018
output40,VGND,li1,7.5900,70.7200,0.000023
output39,VGND,li1,7.5900,65.2800,0.000064
output38,VGND,li1,7.5900,59.8400,0.000012
output37,VGND,li1,7.5900,59.8400,0.000012
output36,VGND,li1,7.5900,48.9600,0.000036
output35,VGND,li1,13.1100,16.3200,0.000048
output34,VGND,li1,14.0300,70.7200,0.000018
input33,VGND,li1,66.9300,70.7200,0.000003
input32,VGND,li1,45.3100,10.8800,0.000001
input31,VGND,li1,40.2500,10.8800,0.000002
input30,VGND,li1,35.6500,10.8800,0.000003
input29,VGND,li1,32.4300,10.8800,0.000003
input28,VGND,li1,26.4500,10.8800,0.000005
input27,VGND,li1,21.8500,10.8800,0.000007
input26,VGND,li1,17.2500,10.8800,0.000009
input25,VGND,li1,15.4100,10.8800,0.000010
input24,VGND,li1,10.3500,16.3200,0.000051
input23,VGND,li1,65.5500,10.8800,0.000000
input22,VGND,li1,66.9300,10.8800,0.000000
input21,VGND,li1,63.2500,10.8800,0.000000
input20,VGND,li1,58.6500,10.8800,0.000001
input19,VGND,li1,54.0500,10.8800,0.000001
input18,VGND,li1,49.4500,10.8800,0.000001
input17,VGND,li1,11.7300,16.3200,0.000051
input16,VGND,li1,45.3100,70.7200,0.000008
input15,VGND,li1,40.2500,70.7200,0.000010
input14,VGND,li1,35.6500,70.7200,0.000013
input13,VGND,li1,32.4300,70.7200,0.000011
input12,VGND,li1,26.4500,70.7200,0.000012
input11,VGND,li1,21.8500,70.7200,0.000013
input10,VGND,li1,17.2500,70.7200,0.000014
input9,VGND,li1,12.6500,70.7200,0.000022
input8,VGND,li1,8.9700,70.7200,0.000023
input7,VGND,li1,65.5500,70.7200,0.000003
input6,VGND,li1,66.9300,70.7200,0.000003
input5,VGND,li1,63.2500,70.7200,0.000003
input4,VGND,li1,58.6500,70.7200,0.000004
input3,VGND,li1,54.0500,70.7200,0.000005
input2,VGND,li1,49.4500,70.7200,0.000006
input1,VGND,li1,10.3500,70.7200,0.000023
TAP_TAPCELL_ROW_22_95,VGND,li1,57.2700,71.0110,0.000004
TAP_TAPCELL_ROW_22_94,VGND,li1,44.3900,71.0110,0.000008
TAP_TAPCELL_ROW_22_93,VGND,li1,31.5100,71.0110,0.000011
TAP_TAPCELL_ROW_22_92,VGND,li1,18.6300,71.0110,0.000014
TAP_TAPCELL_ROW_21_91,VGND,li1,57.2700,70.4280,0.000004
TAP_TAPCELL_ROW_21_90,VGND,li1,31.5100,70.4280,0.000011
TAP_TAPCELL_ROW_20_89,VGND,li1,44.3900,65.5710,0.000054
TAP_TAPCELL_ROW_20_88,VGND,li1,18.6300,65.5710,0.000055
TAP_TAPCELL_ROW_19_87,VGND,li1,57.2700,64.9880,0.000048
TAP_TAPCELL_ROW_19_86,VGND,li1,31.5100,64.9880,0.000055
TAP_TAPCELL_ROW_18_85,VGND,li1,44.3900,60.1310,0.000009
TAP_TAPCELL_ROW_18_84,VGND,li1,18.6300,60.1310,0.000013
TAP_TAPCELL_ROW_17_83,VGND,li1,57.2700,59.5480,0.000008
TAP_TAPCELL_ROW_17_82,VGND,li1,31.5100,59.5480,0.000014
TAP_TAPCELL_ROW_16_81,VGND,li1,44.3900,54.6910,0.000038
TAP_TAPCELL_ROW_16_80,VGND,li1,18.6300,54.6910,0.000073
TAP_TAPCELL_ROW_15_79,VGND,li1,57.2700,54.1080,0.000019
TAP_TAPCELL_ROW_15_78,VGND,li1,31.5100,54.1080,0.000062
TAP_TAPCELL_ROW_14_77,VGND,li1,44.3900,49.2510,0.000015
TAP_TAPCELL_ROW_14_76,VGND,li1,18.6300,49.2510,0.000021
TAP_TAPCELL_ROW_13_75,VGND,li1,57.2700,48.6680,0.000020
TAP_TAPCELL_ROW_13_74,VGND,li1,31.5100,48.6680,0.000012
TAP_TAPCELL_ROW_12_73,VGND,li1,44.3900,43.8110,0.000100
TAP_TAPCELL_ROW_12_72,VGND,li1,18.6300,43.8110,0.000033
TAP_TAPCELL_ROW_11_71,VGND,li1,57.2700,43.2280,0.000117
TAP_TAPCELL_ROW_11_70,VGND,li1,31.5100,43.2280,0.000053
TAP_TAPCELL_ROW_10_69,VGND,li1,44.3900,38.3710,0.000036
TAP_TAPCELL_ROW_10_68,VGND,li1,18.6300,38.3710,0.000067
TAP_TAPCELL_ROW_9_67,VGND,li1,57.2700,37.7880,0.000020
TAP_TAPCELL_ROW_9_66,VGND,li1,31.5100,37.7880,0.000071
TAP_TAPCELL_ROW_8_65,VGND,li1,44.3900,32.9310,0.000015
TAP_TAPCELL_ROW_8_64,VGND,li1,18.6300,32.9310,0.000021
TAP_TAPCELL_ROW_7_63,VGND,li1,57.2700,32.3480,0.000018
TAP_TAPCELL_ROW_7_62,VGND,li1,31.5100,32.3480,0.000019
TAP_TAPCELL_ROW_6_61,VGND,li1,44.3900,27.4910,0.000047
TAP_TAPCELL_ROW_6_60,VGND,li1,18.6300,27.4910,0.000013
TAP_TAPCELL_ROW_5_59,VGND,li1,57.2700,26.9080,0.000067
TAP_TAPCELL_ROW_5_58,VGND,li1,31.5100,26.9080,0.000023
TAP_TAPCELL_ROW_4_57,VGND,li1,44.3900,22.0510,0.000020
TAP_TAPCELL_ROW_4_56,VGND,li1,18.6300,22.0510,0.000029
TAP_TAPCELL_ROW_3_55,VGND,li1,57.2700,21.4680,0.000009
TAP_TAPCELL_ROW_3_54,VGND,li1,31.5100,21.4680,0.000025
TAP_TAPCELL_ROW_2_53,VGND,li1,44.3900,16.6110,0.000046
TAP_TAPCELL_ROW_2_52,VGND,li1,18.6300,16.6110,0.000045
TAP_TAPCELL_ROW_1_51,VGND,li1,57.2700,16.0280,0.000039
TAP_TAPCELL_ROW_1_50,VGND,li1,31.5100,16.0280,0.000043
TAP_TAPCELL_ROW_0_49,VGND,li1,57.2700,11.1710,0.000001
TAP_TAPCELL_ROW_0_48,VGND,li1,44.3900,11.1710,0.000001
TAP_TAPCELL_ROW_0_47,VGND,li1,31.5100,11.1710,0.000003
TAP_TAPCELL_ROW_0_46,VGND,li1,18.6300,11.1710,0.000009
PHY_EDGE_ROW_22_Left_45,VGND,li1,6.2100,70.7200,0.000023
PHY_EDGE_ROW_21_Left_44,VGND,li1,6.2100,70.7200,0.000023
PHY_EDGE_ROW_20_Left_43,VGND,li1,6.2100,65.2800,0.000064
PHY_EDGE_ROW_19_Left_42,VGND,li1,6.2100,65.2800,0.000064
PHY_EDGE_ROW_18_Left_41,VGND,li1,6.2100,59.8400,0.000012
PHY_EDGE_ROW_17_Left_40,VGND,li1,6.2100,59.8400,0.000012
PHY_EDGE_ROW_16_Left_39,VGND,li1,6.2100,54.4000,0.000085
PHY_EDGE_ROW_15_Left_38,VGND,li1,6.2100,54.4000,0.000085
PHY_EDGE_ROW_14_Left_37,VGND,li1,6.2100,48.9600,0.000036
PHY_EDGE_ROW_13_Left_36,VGND,li1,6.2100,48.9600,0.000036
PHY_EDGE_ROW_12_Left_35,VGND,li1,6.2100,43.5200,0.000027
PHY_EDGE_ROW_11_Left_34,VGND,li1,6.2100,43.5200,0.000027
PHY_EDGE_ROW_10_Left_33,VGND,li1,6.2100,38.0800,0.000065
PHY_EDGE_ROW_9_Left_32,VGND,li1,6.2100,38.0800,0.000065
PHY_EDGE_ROW_8_Left_31,VGND,li1,6.2100,32.6400,0.000020
PHY_EDGE_ROW_7_Left_30,VGND,li1,6.2100,32.6400,0.000020
PHY_EDGE_ROW_6_Left_29,VGND,li1,6.2100,27.2000,0.000012
PHY_EDGE_ROW_5_Left_28,VGND,li1,6.2100,27.2000,0.000012
PHY_EDGE_ROW_4_Left_27,VGND,li1,6.2100,21.7600,0.000041
PHY_EDGE_ROW_3_Left_26,VGND,li1,6.2100,21.7600,0.000041
PHY_EDGE_ROW_2_Left_25,VGND,li1,6.2100,16.3200,0.000051
PHY_EDGE_ROW_1_Left_24,VGND,li1,6.2100,16.3200,0.000051
PHY_EDGE_ROW_0_Left_23,VGND,li1,6.2100,10.8800,0.000016
PHY_EDGE_ROW_22_Right_22,VGND,li1,68.3100,70.7200,0.000003
PHY_EDGE_ROW_21_Right_21,VGND,li1,68.3100,70.7200,0.000003
PHY_EDGE_ROW_20_Right_20,VGND,li1,68.3100,65.2800,0.000039
PHY_EDGE_ROW_19_Right_19,VGND,li1,68.3100,65.2800,0.000039
PHY_EDGE_ROW_18_Right_18,VGND,li1,68.3100,59.8400,0.000006
PHY_EDGE_ROW_17_Right_17,VGND,li1,68.3100,59.8400,0.000006
PHY_EDGE_ROW_16_Right_16,VGND,li1,68.3100,54.4000,0.000011
PHY_EDGE_ROW_15_Right_15,VGND,li1,68.3100,54.4000,0.000011
PHY_EDGE_ROW_14_Right_14,VGND,li1,68.3100,48.9600,0.000018
PHY_EDGE_ROW_13_Right_13,VGND,li1,68.3100,48.9600,0.000018
PHY_EDGE_ROW_12_Right_12,VGND,li1,68.3100,43.5200,0.000074
PHY_EDGE_ROW_11_Right_11,VGND,li1,68.3100,43.5200,0.000074
PHY_EDGE_ROW_10_Right_10,VGND,li1,68.3100,38.0800,0.000018
PHY_EDGE_ROW_9_Right_9,VGND,li1,68.3100,38.0800,0.000018
PHY_EDGE_ROW_8_Right_8,VGND,li1,68.3100,32.6400,0.000016
PHY_EDGE_ROW_7_Right_7,VGND,li1,68.3100,32.6400,0.000016
PHY_EDGE_ROW_6_Right_6,VGND,li1,68.3100,27.2000,0.000047
PHY_EDGE_ROW_5_Right_5,VGND,li1,68.3100,27.2000,0.000047
PHY_EDGE_ROW_4_Right_4,VGND,li1,68.3100,21.7600,0.000005
PHY_EDGE_ROW_3_Right_3,VGND,li1,68.3100,21.7600,0.000005
PHY_EDGE_ROW_2_Right_2,VGND,li1,68.3100,16.3200,0.000029
PHY_EDGE_ROW_1_Right_1,VGND,li1,68.3100,16.3200,0.000029
PHY_EDGE_ROW_0_Right_0,VGND,li1,68.3100,10.8800,0.000000
_240_,VGND,li1,63.0200,38.0800,0.000018
_239_,VGND,li1,63.0200,27.2000,0.000047
_238_,VGND,li1,63.0200,16.3200,0.000029
_237_,VGND,li1,63.0200,32.6400,0.000016
_236_,VGND,li1,57.5000,16.3200,0.000039
_235_,VGND,li1,53.3600,32.6400,0.000019
_234_,VGND,li1,48.7600,16.3200,0.000040
_233_,VGND,li1,48.3000,16.3200,0.000040
_232_,VGND,li1,40.4800,16.3200,0.000053
_231_,VGND,li1,39.5600,16.3200,0.000053
_230_,VGND,li1,36.8000,21.7600,0.000028
_229_,VGND,li1,27.6000,16.3200,0.000049
_228_,VGND,li1,22.5400,43.5200,0.000041
_227_,VGND,li1,22.5400,16.3200,0.000050
_226_,VGND,li1,17.4800,16.3200,0.000042
_225_,VGND,li1,11.0400,10.8800,0.000016
_224_,VGND,li1,11.0400,21.7600,0.000041
_223_,VGND,li1,63.0200,65.2800,0.000039
_222_,VGND,li1,63.4800,65.2800,0.000039
_221_,VGND,li1,63.0200,48.9600,0.000018
_220_,VGND,li1,56.1200,65.2800,0.000048
_219_,VGND,li1,53.3600,43.5200,0.000103
_218_,VGND,li1,45.0800,65.2800,0.000054
_217_,VGND,li1,40.4800,65.2800,0.000058
_216_,VGND,li1,33.1200,65.2800,0.000052
_215_,VGND,li1,35.4200,65.2800,0.000056
_214_,VGND,li1,35.4200,70.7200,0.000013
_213_,VGND,li1,25.7600,65.2800,0.000065
_212_,VGND,li1,23.0000,48.9600,0.000018
_211_,VGND,li1,19.3200,65.2800,0.000060
_210_,VGND,li1,22.5400,59.8400,0.000018
_209_,VGND,li1,11.0400,70.7200,0.000022
_208_,VGND,li1,11.0400,65.2800,0.000063
_207_,VGND,li1,26.6800,65.2800,0.000065
_206_,VGND,li1,11.9600,65.2800,0.000063
_205_,VGND,li1,48.3000,65.2800,0.000045
_204_,VGND,li1,32.6600,59.8400,0.000014
_203_,VGND,li1,11.0400,54.4000,0.000085
_202_,VGND,li1,10.5800,54.4000,0.000085
_201_,VGND,li1,12.8800,48.9600,0.000036
_200_,VGND,li1,17.9400,54.4000,0.000068
_199_,VGND,li1,12.4200,48.9600,0.000036
_198_,VGND,li1,11.0400,38.0800,0.000065
_197_,VGND,li1,11.0400,38.0800,0.000065
_196_,VGND,li1,25.3000,32.6400,0.000025
_195_,VGND,li1,37.2600,27.2000,0.000039
_194_,VGND,li1,34.5000,21.7600,0.000027
_193_,VGND,li1,31.2800,16.3200,0.000043
_192_,VGND,li1,11.5000,21.7600,0.000041
_191_,VGND,li1,11.0400,16.3200,0.000051
_190_,VGND,li1,53.3600,65.2800,0.000047
_189_,VGND,li1,59.5700,59.8400,0.000007
_188_,VGND,li1,66.4700,59.8400,0.000006
_187_,VGND,li1,15.4100,21.7600,0.000029
_186_,VGND,li1,12.1900,27.2000,0.000011
_185_,VGND,li1,16.1000,38.0800,0.000058
_184_,VGND,li1,11.2700,32.6400,0.000020
_183_,VGND,li1,13.5700,32.6400,0.000019
_182_,VGND,li1,8.7400,32.6400,0.000020
_181_,VGND,li1,24.6100,21.7600,0.000028
_180_,VGND,li1,29.6700,27.2000,0.000022
_179_,VGND,li1,27.8300,21.7600,0.000027
_178_,VGND,li1,25.7600,21.7600,0.000028
_177_,VGND,li1,21.8500,27.2000,0.000017
_176_,VGND,li1,20.0100,21.7600,0.000029
_175_,VGND,li1,30.1300,21.7600,0.000025
_174_,VGND,li1,23.6900,21.7600,0.000028
_173_,VGND,li1,33.3500,38.0800,0.000057
_172_,VGND,li1,24.6100,38.0800,0.000091
_171_,VGND,li1,26.6800,43.5200,0.000048
_170_,VGND,li1,35.6500,43.5200,0.000076
_169_,VGND,li1,32.8900,38.0800,0.000057
_168_,VGND,li1,33.5800,32.6400,0.000015
_167_,VGND,li1,43.4700,38.0800,0.000036
_166_,VGND,li1,40.2500,38.0800,0.000046
_165_,VGND,li1,41.1700,32.6400,0.000016
_164_,VGND,li1,38.8700,32.6400,0.000016
_163_,VGND,li1,33.8100,48.9600,0.000013
_162_,VGND,li1,29.6700,54.4000,0.000077
_161_,VGND,li1,33.5800,54.4000,0.000059
_160_,VGND,li1,36.3400,54.4000,0.000055
_159_,VGND,li1,43.0100,48.9600,0.000015
_158_,VGND,li1,43.4700,43.5200,0.000100
_157_,VGND,li1,42.5500,48.9600,0.000015
_156_,VGND,li1,49.2200,48.9600,0.000017
_155_,VGND,li1,39.7900,48.9600,0.000015
_154_,VGND,li1,53.1300,54.4000,0.000022
_153_,VGND,li1,49.4500,54.4000,0.000024
_152_,VGND,li1,53.8200,54.4000,0.000021
_151_,VGND,li1,51.7500,48.9600,0.000019
_150_,VGND,li1,50.3700,65.2800,0.000046
_149_,VGND,li1,62.3300,59.8400,0.000007
_148_,VGND,li1,55.2000,59.8400,0.000008
_147_,VGND,li1,51.7500,70.7200,0.000006
_146_,VGND,li1,55.6600,65.2800,0.000048
_145_,VGND,li1,64.6300,59.8400,0.000006
_144_,VGND,li1,58.8800,59.8400,0.000008
_143_,VGND,li1,64.6300,59.8400,0.000006
_142_,VGND,li1,60.4900,54.4000,0.000015
_141_,VGND,li1,55.6600,54.4000,0.000019
_140_,VGND,li1,55.8900,48.9600,0.000020
_139_,VGND,li1,57.2700,48.9600,0.000020
_138_,VGND,li1,58.6500,48.9600,0.000019
_137_,VGND,li1,58.6500,54.4000,0.000017
_136_,VGND,li1,61.8700,54.4000,0.000015
_135_,VGND,li1,62.7900,43.5200,0.000074
_134_,VGND,li1,63.2500,48.9600,0.000018
_133_,VGND,li1,50.3700,48.9600,0.000017
_132_,VGND,li1,46.9200,48.9600,0.000014
_131_,VGND,li1,41.1700,54.4000,0.000044
_130_,VGND,li1,46.2300,48.9600,0.000015
_129_,VGND,li1,51.7500,43.5200,0.000103
_128_,VGND,li1,60.4900,43.5200,0.000091
_127_,VGND,li1,58.6500,43.5200,0.000117
_126_,VGND,li1,47.1500,43.5200,0.000084
_125_,VGND,li1,54.0500,48.9600,0.000020
_124_,VGND,li1,48.9900,43.5200,0.000092
_123_,VGND,li1,37.9500,54.4000,0.000051
_122_,VGND,li1,44.1600,54.4000,0.000038
_121_,VGND,li1,46.6900,54.4000,0.000030
_120_,VGND,li1,43.0100,54.4000,0.000038
_119_,VGND,li1,33.3500,54.4000,0.000059
_118_,VGND,li1,39.1000,38.0800,0.000046
_117_,VGND,li1,46.0000,38.0800,0.000030
_116_,VGND,li1,40.7100,32.6400,0.000016
_115_,VGND,li1,30.5900,38.0800,0.000071
_114_,VGND,li1,28.7500,43.5200,0.000050
_113_,VGND,li1,43.4700,32.6400,0.000015
_112_,VGND,li1,37.4900,32.6400,0.000015
_111_,VGND,li1,45.7700,32.6400,0.000015
_110_,VGND,li1,38.8700,43.5200,0.000090
_109_,VGND,li1,37.0300,38.0800,0.000050
_108_,VGND,li1,24.6100,32.6400,0.000025
_107_,VGND,li1,24.6100,27.2000,0.000019
_106_,VGND,li1,18.8600,32.6400,0.000021
_105_,VGND,li1,14.4900,32.6400,0.000019
_104_,VGND,li1,27.6000,27.2000,0.000021
_103_,VGND,li1,24.6100,27.2000,0.000019
_102_,VGND,li1,28.2900,21.7600,0.000027
_101_,VGND,li1,21.8500,21.7600,0.000029
_100_,VGND,li1,15.8700,32.6400,0.000018
_099_,VGND,li1,17.2500,32.6400,0.000018
_098_,VGND,li1,19.5500,32.6400,0.000021
_097_,VGND,li1,11.2700,32.6400,0.000020
_096_,VGND,li1,28.2900,38.0800,0.000098
_095_,VGND,li1,32.4300,43.5200,0.000053
_094_,VGND,li1,29.6700,43.5200,0.000050
_093_,VGND,li1,24.6100,43.5200,0.000044
_092_,VGND,li1,32.8900,43.5200,0.000064
_091_,VGND,li1,31.0500,43.5200,0.000053
_090_,VGND,li1,25.9900,48.9600,0.000016
_089_,VGND,li1,58.6500,65.2800,0.000046
_088_,VGND,li1,62.7900,59.8400,0.000007
_087_,VGND,li1,66.0100,59.8400,0.000006
