
===========================================================================
 report_power
============================================================================
======================= Fastest Corner ===================================

Group                  Internal  Switching    Leakage      Total
                          Power      Power      Power      Power (Watts)
----------------------------------------------------------------
Sequential             4.10e-04   1.74e-05   7.26e-10   4.28e-04  53.1%
Combinational          3.73e-05   3.26e-05   4.32e-10   6.99e-05   8.7%
Clock                  1.71e-04   1.37e-04   8.03e-10   3.08e-04  38.2%
Macro                  0.00e+00   0.00e+00   0.00e+00   0.00e+00   0.0%
Pad                    0.00e+00   0.00e+00   0.00e+00   0.00e+00   0.0%
----------------------------------------------------------------
Total                  6.19e-04   1.87e-04   1.96e-09   8.06e-04 100.0%
                          76.8%      23.2%       0.0%

======================= Slowest Corner ===================================

Group                  Internal  Switching    Leakage      Total
                          Power      Power      Power      Power (Watts)
----------------------------------------------------------------
Sequential             2.75e-04   1.15e-05   7.32e-07   2.87e-04  52.4%
Combinational          2.79e-05   2.14e-05   5.31e-07   4.99e-05   9.1%
Clock                  1.23e-04   8.72e-05   1.06e-07   2.11e-04  38.5%
Macro                  0.00e+00   0.00e+00   0.00e+00   0.00e+00   0.0%
Pad                    0.00e+00   0.00e+00   0.00e+00   0.00e+00   0.0%
----------------------------------------------------------------
Total                  4.26e-04   1.20e-04   1.37e-06   5.48e-04 100.0%
                          77.8%      21.9%       0.2%

======================= Typical Corner ===================================

Group                  Internal  Switching    Leakage      Total
                          Power      Power      Power      Power (Watts)
----------------------------------------------------------------
Sequential             3.54e-04   1.47e-05   4.22e-10   3.69e-04  53.1%
Combinational          3.40e-05   2.75e-05   2.99e-10   6.15e-05   8.9%
Clock                  1.50e-04   1.15e-04   5.17e-10   2.65e-04  38.1%
Macro                  0.00e+00   0.00e+00   0.00e+00   0.00e+00   0.0%
Pad                    0.00e+00   0.00e+00   0.00e+00   0.00e+00   0.0%
----------------------------------------------------------------
Total                  5.38e-04   1.57e-04   1.24e-09   6.95e-04 100.0%
                          77.4%      22.6%       0.0%

