
===========================================================================
report_checks -path_delay min (Hold)
============================================================================
======================= Typical Corner ===================================

Startpoint: _227_ (rising edge-triggered flip-flop clocked by core_clock)
Endpoint: _194_ (rising edge-triggered flip-flop clocked by core_clock)
Path Group: core_clock
Path Type: min

Fanout     Cap    Slew   Delay    Time   Description
-----------------------------------------------------------------------------
                  0.00    0.00    0.00   clock core_clock (rise edge)
                          0.00    0.00   clock network delay (ideal)
                  0.00    0.00    0.00 ^ _227_/CLK (sky130_fd_sc_hd__dfxtp_1)
     3    0.01    0.07    0.31    0.31 ^ _227_/Q (sky130_fd_sc_hd__dfxtp_1)
                                         x5.B (net)
                  0.07    0.00    0.31 ^ _174_/A (sky130_fd_sc_hd__nand2_1)
     1    0.00    0.04    0.05    0.36 v _174_/Y (sky130_fd_sc_hd__nand2_1)
                                         _026_ (net)
                  0.04    0.00    0.36 v _175_/B (sky130_fd_sc_hd__nand2_1)
     1    0.00    0.06    0.07    0.43 ^ _175_/Y (sky130_fd_sc_hd__nand2_1)
                                         _027_ (net)
                  0.06    0.00    0.43 ^ _179_/A (sky130_fd_sc_hd__xnor2_1)
     1    0.00    0.03    0.06    0.50 v _179_/Y (sky130_fd_sc_hd__xnor2_1)
                                         x77.Si (net)
                  0.03    0.00    0.50 v _194_/D (sky130_fd_sc_hd__dfxtp_1)
                                  0.50   data arrival time

                  0.00    0.00    0.00   clock core_clock (rise edge)
                          0.00    0.00   clock network delay (ideal)
                          0.00    0.00   clock reconvergence pessimism
                                  0.00 ^ _194_/CLK (sky130_fd_sc_hd__dfxtp_1)
                         -0.06   -0.06   library hold time
                                 -0.06   data required time
-----------------------------------------------------------------------------
                                 -0.06   data required time
                                 -0.50   data arrival time
-----------------------------------------------------------------------------
                                  0.55   slack (MET)


Startpoint: _213_ (rising edge-triggered flip-flop clocked by core_clock)
Endpoint: _196_ (rising edge-triggered flip-flop clocked by core_clock)
Path Group: core_clock
Path Type: min

Fanout     Cap    Slew   Delay    Time   Description
-----------------------------------------------------------------------------
                  0.00    0.00    0.00   clock core_clock (rise edge)
                          0.00    0.00   clock network delay (ideal)
                  0.00    0.00    0.00 ^ _213_/CLK (sky130_fd_sc_hd__dfxtp_1)
     3    0.01    0.09    0.32    0.32 ^ _213_/Q (sky130_fd_sc_hd__dfxtp_1)
                                         x3.A (net)
                  0.09    0.00    0.32 ^ _093_/B (sky130_fd_sc_hd__nand2_1)
     1    0.00    0.04    0.06    0.38 v _093_/Y (sky130_fd_sc_hd__nand2_1)
                                         _044_ (net)
                  0.04    0.00    0.38 v _095_/A (sky130_fd_sc_hd__nand2_1)
     2    0.01    0.07    0.08    0.46 ^ _095_/Y (sky130_fd_sc_hd__nand2_1)
                                         _046_ (net)
                  0.07    0.00    0.46 ^ _172_/A (sky130_fd_sc_hd__xnor2_1)
     1    0.00    0.03    0.07    0.53 v _172_/Y (sky130_fd_sc_hd__xnor2_1)
                                         x75.Si (net)
                  0.03    0.00    0.53 v _196_/D (sky130_fd_sc_hd__dfxtp_1)
                                  0.53   data arrival time

                  0.00    0.00    0.00   clock core_clock (rise edge)
                          0.00    0.00   clock network delay (ideal)
                          0.00    0.00   clock reconvergence pessimism
                                  0.00 ^ _196_/CLK (sky130_fd_sc_hd__dfxtp_1)
                         -0.06   -0.06   library hold time
                                 -0.06   data required time
-----------------------------------------------------------------------------
                                 -0.06   data required time
                                 -0.53   data arrival time
-----------------------------------------------------------------------------
                                  0.59   slack (MET)


Startpoint: _223_ (rising edge-triggered flip-flop clocked by core_clock)
Endpoint: _207_ (rising edge-triggered flip-flop clocked by core_clock)
Path Group: core_clock
Path Type: min

Fanout     Cap    Slew   Delay    Time   Description
-----------------------------------------------------------------------------
                  0.00    0.00    0.00   clock core_clock (rise edge)
                          0.00    0.00   clock network delay (ideal)
                  0.00    0.00    0.00 ^ _223_/CLK (sky130_fd_sc_hd__dfxtp_1)
     3    0.01    0.08    0.32    0.32 ^ _223_/Q (sky130_fd_sc_hd__dfxtp_1)
                                         x33.A (net)
                  0.08    0.00    0.32 ^ _087_/B (sky130_fd_sc_hd__nand2_1)
     2    0.01    0.05    0.07    0.39 v _087_/Y (sky130_fd_sc_hd__nand2_1)
                                         _038_ (net)
                  0.05    0.00    0.39 v _189_/B1 (sky130_fd_sc_hd__o31a_1)
     1    0.00    0.03    0.10    0.49 v _189_/X (sky130_fd_sc_hd__o31a_1)
                                         _037_ (net)
                  0.03    0.00    0.49 v _190_/B1 (sky130_fd_sc_hd__o31ai_1)
     1    0.00    0.06    0.06    0.55 ^ _190_/Y (sky130_fd_sc_hd__o31ai_1)
                                         x49.G (net)
                  0.06    0.00    0.55 ^ _207_/D (sky130_fd_sc_hd__dfxtp_1)
                                  0.55   data arrival time

                  0.00    0.00    0.00   clock core_clock (rise edge)
                          0.00    0.00   clock network delay (ideal)
                          0.00    0.00   clock reconvergence pessimism
                                  0.00 ^ _207_/CLK (sky130_fd_sc_hd__dfxtp_1)
                         -0.04   -0.04   library hold time
                                 -0.04   data required time
-----------------------------------------------------------------------------
                                 -0.04   data required time
                                 -0.55   data arrival time
-----------------------------------------------------------------------------
                                  0.59   slack (MET)


Startpoint: _221_ (rising edge-triggered flip-flop clocked by core_clock)
Endpoint: _204_ (rising edge-triggered flip-flop clocked by core_clock)
Path Group: core_clock
Path Type: min

Fanout     Cap    Slew   Delay    Time   Description
-----------------------------------------------------------------------------
                  0.00    0.00    0.00   clock core_clock (rise edge)
                          0.00    0.00   clock network delay (ideal)
                  0.00    0.00    0.00 ^ _221_/CLK (sky130_fd_sc_hd__dfxtp_1)
     2    0.00    0.06    0.30    0.30 ^ _221_/Q (sky130_fd_sc_hd__dfxtp_1)
                                         x35.A (net)
                  0.06    0.00    0.30 ^ _135_/B (sky130_fd_sc_hd__nand2_1)
     2    0.01    0.05    0.06    0.36 v _135_/Y (sky130_fd_sc_hd__nand2_1)
                                         _086_ (net)
                  0.05    0.00    0.36 v _136_/B (sky130_fd_sc_hd__nand2_1)
     2    0.01    0.09    0.10    0.46 ^ _136_/Y (sky130_fd_sc_hd__nand2_1)
                                         _000_ (net)
                  0.09    0.00    0.46 ^ _153_/A (sky130_fd_sc_hd__xnor2_1)
     1    0.00    0.04    0.08    0.53 v _153_/Y (sky130_fd_sc_hd__xnor2_1)
                                         x67.Si (net)
                  0.04    0.00    0.53 v _204_/D (sky130_fd_sc_hd__dfxtp_1)
                                  0.53   data arrival time

                  0.00    0.00    0.00   clock core_clock (rise edge)
                          0.00    0.00   clock network delay (ideal)
                          0.00    0.00   clock reconvergence pessimism
                                  0.00 ^ _204_/CLK (sky130_fd_sc_hd__dfxtp_1)
                         -0.06   -0.06   library hold time
                                 -0.06   data required time
-----------------------------------------------------------------------------
                                 -0.06   data required time
                                 -0.53   data arrival time
-----------------------------------------------------------------------------
                                  0.59   slack (MET)


Startpoint: _216_ (rising edge-triggered flip-flop clocked by core_clock)
Endpoint: _200_ (rising edge-triggered flip-flop clocked by core_clock)
Path Group: core_clock
Path Type: min

Fanout     Cap    Slew   Delay    Time   Description
-----------------------------------------------------------------------------
                  0.00    0.00    0.00   clock core_clock (rise edge)
                          0.00    0.00   clock network delay (ideal)
                  0.00    0.00    0.00 ^ _216_/CLK (sky130_fd_sc_hd__dfxtp_1)
     4    0.01    0.14    0.36    0.36 ^ _216_/Q (sky130_fd_sc_hd__dfxtp_1)
                                         x12.A (net)
                  0.14    0.00    0.36 ^ _161_/A2 (sky130_fd_sc_hd__a21oi_1)
     1    0.00    0.03    0.10    0.45 v _161_/Y (sky130_fd_sc_hd__a21oi_1)
                                         _019_ (net)
                  0.03    0.00    0.45 v _162_/B (sky130_fd_sc_hd__xnor2_1)
     1    0.00    0.04    0.12    0.57 ^ _162_/Y (sky130_fd_sc_hd__xnor2_1)
                                         x71.Si (net)
                  0.04    0.00    0.57 ^ _200_/D (sky130_fd_sc_hd__dfxtp_1)
                                  0.57   data arrival time

                  0.00    0.00    0.00   clock core_clock (rise edge)
                          0.00    0.00   clock network delay (ideal)
                          0.00    0.00   clock reconvergence pessimism
                                  0.00 ^ _200_/CLK (sky130_fd_sc_hd__dfxtp_1)
                         -0.04   -0.04   library hold time
                                 -0.04   data required time
-----------------------------------------------------------------------------
                                 -0.04   data required time
                                 -0.57   data arrival time
-----------------------------------------------------------------------------
                                  0.61   slack (MET)


Startpoint: _224_ (rising edge-triggered flip-flop clocked by core_clock)
Endpoint: _192_ (rising edge-triggered flip-flop clocked by core_clock)
Path Group: core_clock
Path Type: min

Fanout     Cap    Slew   Delay    Time   Description
-----------------------------------------------------------------------------
                  0.00    0.00    0.00   clock core_clock (rise edge)
                          0.00    0.00   clock network delay (ideal)
                  0.00    0.00    0.00 ^ _224_/CLK (sky130_fd_sc_hd__dfxtp_1)
     3    0.01    0.08    0.31    0.31 ^ _224_/Q (sky130_fd_sc_hd__dfxtp_1)
                                         x8.B (net)
                  0.08    0.00    0.31 ^ _098_/A (sky130_fd_sc_hd__nand2_1)
     4    0.01    0.08    0.09    0.41 v _098_/Y (sky130_fd_sc_hd__nand2_1)
                                         _049_ (net)
                  0.08    0.00    0.41 v _183_/A (sky130_fd_sc_hd__nand2_1)
     1    0.00    0.06    0.08    0.49 ^ _183_/Y (sky130_fd_sc_hd__nand2_1)
                                         _033_ (net)
                  0.06    0.00    0.49 ^ _184_/B (sky130_fd_sc_hd__xor2_1)
     1    0.00    0.04    0.06    0.55 v _184_/X (sky130_fd_sc_hd__xor2_1)
                                         x79.Si (net)
                  0.04    0.00    0.55 v _192_/D (sky130_fd_sc_hd__dfxtp_1)
                                  0.55   data arrival time

                  0.00    0.00    0.00   clock core_clock (rise edge)
                          0.00    0.00   clock network delay (ideal)
                          0.00    0.00   clock reconvergence pessimism
                                  0.00 ^ _192_/CLK (sky130_fd_sc_hd__dfxtp_1)
                         -0.06   -0.06   library hold time
                                 -0.06   data required time
-----------------------------------------------------------------------------
                                 -0.06   data required time
                                 -0.55   data arrival time
-----------------------------------------------------------------------------
                                  0.61   slack (MET)


Startpoint: _220_ (rising edge-triggered flip-flop clocked by core_clock)
Endpoint: _203_ (rising edge-triggered flip-flop clocked by core_clock)
Path Group: core_clock
Path Type: min

Fanout     Cap    Slew   Delay    Time   Description
-----------------------------------------------------------------------------
                  0.00    0.00    0.00   clock core_clock (rise edge)
                          0.00    0.00   clock network delay (ideal)
                  0.00    0.00    0.00 ^ _220_/CLK (sky130_fd_sc_hd__dfxtp_1)
     2    0.01    0.06    0.30    0.30 ^ _220_/Q (sky130_fd_sc_hd__dfxtp_1)
                                         x36.A (net)
                  0.06    0.00    0.30 ^ _138_/B (sky130_fd_sc_hd__nand2_1)
     3    0.01    0.06    0.08    0.38 v _138_/Y (sky130_fd_sc_hd__nand2_1)
                                         _002_ (net)
                  0.06    0.00    0.38 v _139_/B (sky130_fd_sc_hd__nand2_1)
     2    0.01    0.08    0.10    0.47 ^ _139_/Y (sky130_fd_sc_hd__nand2_1)
                                         _003_ (net)
                  0.08    0.00    0.47 ^ _154_/B (sky130_fd_sc_hd__xnor2_1)
     1    0.00    0.05    0.08    0.55 v _154_/Y (sky130_fd_sc_hd__xnor2_1)
                                         x68.Si (net)
                  0.05    0.00    0.55 v _203_/D (sky130_fd_sc_hd__dfxtp_1)
                                  0.55   data arrival time

                  0.00    0.00    0.00   clock core_clock (rise edge)
                          0.00    0.00   clock network delay (ideal)
                          0.00    0.00   clock reconvergence pessimism
                                  0.00 ^ _203_/CLK (sky130_fd_sc_hd__dfxtp_1)
                         -0.07   -0.07   library hold time
                                 -0.07   data required time
-----------------------------------------------------------------------------
                                 -0.07   data required time
                                 -0.55   data arrival time
-----------------------------------------------------------------------------
                                  0.62   slack (MET)


Startpoint: _218_ (rising edge-triggered flip-flop clocked by core_clock)
Endpoint: _201_ (rising edge-triggered flip-flop clocked by core_clock)
Path Group: core_clock
Path Type: min

Fanout     Cap    Slew   Delay    Time   Description
-----------------------------------------------------------------------------
                  0.00    0.00    0.00   clock core_clock (rise edge)
                          0.00    0.00   clock network delay (ideal)
                  0.00    0.00    0.00 ^ _218_/CLK (sky130_fd_sc_hd__dfxtp_1)
     3    0.01    0.05    0.30    0.30 v _218_/Q (sky130_fd_sc_hd__dfxtp_1)
                                         x10.A (net)
                  0.05    0.00    0.30 v _124_/B (sky130_fd_sc_hd__nand2_1)
     1    0.00    0.03    0.05    0.35 ^ _124_/Y (sky130_fd_sc_hd__nand2_1)
                                         _075_ (net)
                  0.03    0.00    0.35 ^ _126_/A (sky130_fd_sc_hd__and2_1)
     2    0.01    0.08    0.13    0.48 ^ _126_/X (sky130_fd_sc_hd__and2_1)
                                         _077_ (net)
                  0.08    0.00    0.48 ^ _159_/A (sky130_fd_sc_hd__xnor2_1)
     1    0.00    0.04    0.08    0.56 v _159_/Y (sky130_fd_sc_hd__xnor2_1)
                                         x70.Si (net)
                  0.04    0.00    0.56 v _201_/D (sky130_fd_sc_hd__dfxtp_1)
                                  0.56   data arrival time

                  0.00    0.00    0.00   clock core_clock (rise edge)
                          0.00    0.00   clock network delay (ideal)
                          0.00    0.00   clock reconvergence pessimism
                                  0.00 ^ _201_/CLK (sky130_fd_sc_hd__dfxtp_1)
                         -0.06   -0.06   library hold time
                                 -0.06   data required time
-----------------------------------------------------------------------------
                                 -0.06   data required time
                                 -0.56   data arrival time
-----------------------------------------------------------------------------
                                  0.63   slack (MET)


Startpoint: _223_ (rising edge-triggered flip-flop clocked by core_clock)
Endpoint: _206_ (rising edge-triggered flip-flop clocked by core_clock)
Path Group: core_clock
Path Type: min

Fanout     Cap    Slew   Delay    Time   Description
-----------------------------------------------------------------------------
                  0.00    0.00    0.00   clock core_clock (rise edge)
                          0.00    0.00   clock network delay (ideal)
                  0.00    0.00    0.00 ^ _223_/CLK (sky130_fd_sc_hd__dfxtp_1)
     3    0.01    0.08    0.32    0.32 ^ _223_/Q (sky130_fd_sc_hd__dfxtp_1)
                                         x33.A (net)
                  0.08    0.00    0.32 ^ _087_/B (sky130_fd_sc_hd__nand2_1)
     2    0.01    0.05    0.07    0.39 v _087_/Y (sky130_fd_sc_hd__nand2_1)
                                         _038_ (net)
                  0.05    0.00    0.39 v _089_/A (sky130_fd_sc_hd__nand2_1)
     2    0.01    0.08    0.09    0.48 ^ _089_/Y (sky130_fd_sc_hd__nand2_1)
                                         _040_ (net)
                  0.08    0.00    0.48 ^ _147_/A (sky130_fd_sc_hd__xnor2_1)
     1    0.01    0.05    0.09    0.56 v _147_/Y (sky130_fd_sc_hd__xnor2_1)
                                         x65.Si (net)
                  0.05    0.00    0.56 v _206_/D (sky130_fd_sc_hd__dfxtp_1)
                                  0.56   data arrival time

                  0.00    0.00    0.00   clock core_clock (rise edge)
                          0.00    0.00   clock network delay (ideal)
                          0.00    0.00   clock reconvergence pessimism
                                  0.00 ^ _206_/CLK (sky130_fd_sc_hd__dfxtp_1)
                         -0.07   -0.07   library hold time
                                 -0.07   data required time
-----------------------------------------------------------------------------
                                 -0.07   data required time
                                 -0.56   data arrival time
-----------------------------------------------------------------------------
                                  0.63   slack (MET)


Startpoint: _240_ (rising edge-triggered flip-flop clocked by core_clock)
Endpoint: _191_ (rising edge-triggered flip-flop clocked by core_clock)
Path Group: core_clock
Path Type: min

Fanout     Cap    Slew   Delay    Time   Description
-----------------------------------------------------------------------------
                  0.00    0.00    0.00   clock core_clock (rise edge)
                          0.00    0.00   clock network delay (ideal)
                  0.00    0.00    0.00 ^ _240_/CLK (sky130_fd_sc_hd__dfxtp_1)
     4    0.01    0.07    0.31    0.31 v _240_/Q (sky130_fd_sc_hd__dfxtp_1)
                                         x49.G1 (net)
                  0.07    0.00    0.31 v _182_/A (sky130_fd_sc_hd__nand3_1)
     2    0.00    0.07    0.08    0.40 ^ _182_/Y (sky130_fd_sc_hd__nand3_1)
                                         _032_ (net)
                  0.07    0.00    0.40 ^ _186_/A (sky130_fd_sc_hd__and2_1)
     1    0.00    0.05    0.12    0.52 ^ _186_/X (sky130_fd_sc_hd__and2_1)
                                         _035_ (net)
                  0.05    0.00    0.52 ^ _187_/A (sky130_fd_sc_hd__clkbuf_1)
     1    0.00    0.04    0.08    0.60 ^ _187_/X (sky130_fd_sc_hd__clkbuf_1)
                                         x80.Si (net)
                  0.04    0.00    0.60 ^ _191_/D (sky130_fd_sc_hd__dfxtp_1)
                                  0.60   data arrival time

                  0.00    0.00    0.00   clock core_clock (rise edge)
                          0.00    0.00   clock network delay (ideal)
                          0.00    0.00   clock reconvergence pessimism
                                  0.00 ^ _191_/CLK (sky130_fd_sc_hd__dfxtp_1)
                         -0.04   -0.04   library hold time
                                 -0.04   data required time
-----------------------------------------------------------------------------
                                 -0.04   data required time
                                 -0.60   data arrival time
-----------------------------------------------------------------------------
                                  0.63   slack (MET)


Startpoint: _226_ (rising edge-triggered flip-flop clocked by core_clock)
Endpoint: _193_ (rising edge-triggered flip-flop clocked by core_clock)
Path Group: core_clock
Path Type: min

Fanout     Cap    Slew   Delay    Time   Description
-----------------------------------------------------------------------------
                  0.00    0.00    0.00   clock core_clock (rise edge)
                          0.00    0.00   clock network delay (ideal)
                  0.00    0.00    0.00 ^ _226_/CLK (sky130_fd_sc_hd__dfxtp_1)
     3    0.01    0.09    0.32    0.32 ^ _226_/Q (sky130_fd_sc_hd__dfxtp_1)
                                         x6.B (net)
                  0.09    0.00    0.32 ^ _176_/A (sky130_fd_sc_hd__nor2_1)
     2    0.01    0.04    0.06    0.38 v _176_/Y (sky130_fd_sc_hd__nor2_1)
                                         _028_ (net)
                  0.04    0.00    0.38 v _180_/B (sky130_fd_sc_hd__nor2_1)
     1    0.01    0.12    0.11    0.50 ^ _180_/Y (sky130_fd_sc_hd__nor2_1)
                                         _031_ (net)
                  0.12    0.00    0.50 ^ _181_/A (sky130_fd_sc_hd__xnor2_1)
     1    0.00    0.04    0.08    0.58 v _181_/Y (sky130_fd_sc_hd__xnor2_1)
                                         x78.Si (net)
                  0.04    0.00    0.58 v _193_/D (sky130_fd_sc_hd__dfxtp_1)
                                  0.58   data arrival time

                  0.00    0.00    0.00   clock core_clock (rise edge)
                          0.00    0.00   clock network delay (ideal)
                          0.00    0.00   clock reconvergence pessimism
                                  0.00 ^ _193_/CLK (sky130_fd_sc_hd__dfxtp_1)
                         -0.06   -0.06   library hold time
                                 -0.06   data required time
-----------------------------------------------------------------------------
                                 -0.06   data required time
                                 -0.58   data arrival time
-----------------------------------------------------------------------------
                                  0.64   slack (MET)


Startpoint: _230_ (rising edge-triggered flip-flop clocked by core_clock)
Endpoint: _198_ (rising edge-triggered flip-flop clocked by core_clock)
Path Group: core_clock
Path Type: min

Fanout     Cap    Slew   Delay    Time   Description
-----------------------------------------------------------------------------
                  0.00    0.00    0.00   clock core_clock (rise edge)
                          0.00    0.00   clock network delay (ideal)
                  0.00    0.00    0.00 ^ _230_/CLK (sky130_fd_sc_hd__dfxtp_1)
     3    0.01    0.11    0.34    0.34 ^ _230_/Q (sky130_fd_sc_hd__dfxtp_1)
                                         x2.B (net)
                  0.11    0.00    0.34 ^ _165_/A1 (sky130_fd_sc_hd__a22o_1)
     1    0.01    0.06    0.16    0.50 ^ _165_/X (sky130_fd_sc_hd__a22o_1)
                                         _021_ (net)
                  0.06    0.00    0.50 ^ _167_/A (sky130_fd_sc_hd__xnor2_1)
     1    0.00    0.05    0.08    0.57 v _167_/Y (sky130_fd_sc_hd__xnor2_1)
                                         x73.Si (net)
                  0.05    0.00    0.58 v _198_/D (sky130_fd_sc_hd__dfxtp_1)
                                  0.58   data arrival time

                  0.00    0.00    0.00   clock core_clock (rise edge)
                          0.00    0.00   clock network delay (ideal)
                          0.00    0.00   clock reconvergence pessimism
                                  0.00 ^ _198_/CLK (sky130_fd_sc_hd__dfxtp_1)
                         -0.06   -0.06   library hold time
                                 -0.06   data required time
-----------------------------------------------------------------------------
                                 -0.06   data required time
                                 -0.58   data arrival time
-----------------------------------------------------------------------------
                                  0.64   slack (MET)


Startpoint: _216_ (rising edge-triggered flip-flop clocked by core_clock)
Endpoint: _199_ (rising edge-triggered flip-flop clocked by core_clock)
Path Group: core_clock
Path Type: min

Fanout     Cap    Slew   Delay    Time   Description
-----------------------------------------------------------------------------
                  0.00    0.00    0.00   clock core_clock (rise edge)
                          0.00    0.00   clock network delay (ideal)
                  0.00    0.00    0.00 ^ _216_/CLK (sky130_fd_sc_hd__dfxtp_1)
     4    0.01    0.14    0.36    0.36 ^ _216_/Q (sky130_fd_sc_hd__dfxtp_1)
                                         x12.A (net)
                  0.14    0.00    0.36 ^ _119_/B (sky130_fd_sc_hd__xor2_1)
     2    0.01    0.05    0.10    0.46 v _119_/X (sky130_fd_sc_hd__xor2_1)
                                         _070_ (net)
                  0.05    0.00    0.46 v _163_/B (sky130_fd_sc_hd__xor2_1)
     1    0.00    0.11    0.13    0.59 ^ _163_/X (sky130_fd_sc_hd__xor2_1)
                                         x72.Si (net)
                  0.11    0.00    0.59 ^ _199_/D (sky130_fd_sc_hd__dfxtp_1)
                                  0.59   data arrival time

                  0.00    0.00    0.00   clock core_clock (rise edge)
                          0.00    0.00   clock network delay (ideal)
                          0.00    0.00   clock reconvergence pessimism
                                  0.00 ^ _199_/CLK (sky130_fd_sc_hd__dfxtp_1)
                         -0.05   -0.05   library hold time
                                 -0.05   data required time
-----------------------------------------------------------------------------
                                 -0.05   data required time
                                 -0.59   data arrival time
-----------------------------------------------------------------------------
                                  0.64   slack (MET)


Startpoint: _219_ (rising edge-triggered flip-flop clocked by core_clock)
Endpoint: _202_ (rising edge-triggered flip-flop clocked by core_clock)
Path Group: core_clock
Path Type: min

Fanout     Cap    Slew   Delay    Time   Description
-----------------------------------------------------------------------------
                  0.00    0.00    0.00   clock core_clock (rise edge)
                          0.00    0.00   clock network delay (ideal)
                  0.00    0.00    0.00 ^ _219_/CLK (sky130_fd_sc_hd__dfxtp_1)
     2    0.00    0.03    0.28    0.28 v _219_/Q (sky130_fd_sc_hd__dfxtp_1)
                                         x9.A (net)
                  0.03    0.00    0.28 v _128_/B (sky130_fd_sc_hd__nor2_1)
     1    0.00    0.08    0.08    0.36 ^ _128_/Y (sky130_fd_sc_hd__nor2_1)
                                         _079_ (net)
                  0.08    0.00    0.36 ^ _129_/B (sky130_fd_sc_hd__nor2_1)
     3    0.01    0.05    0.07    0.43 v _129_/Y (sky130_fd_sc_hd__nor2_1)
                                         _080_ (net)
                  0.05    0.00    0.43 v _157_/A (sky130_fd_sc_hd__xor2_1)
     1    0.00    0.12    0.16    0.59 ^ _157_/X (sky130_fd_sc_hd__xor2_1)
                                         x69.Si (net)
                  0.12    0.00    0.60 ^ _202_/D (sky130_fd_sc_hd__dfxtp_1)
                                  0.60   data arrival time

                  0.00    0.00    0.00   clock core_clock (rise edge)
                          0.00    0.00   clock network delay (ideal)
                          0.00    0.00   clock reconvergence pessimism
                                  0.00 ^ _202_/CLK (sky130_fd_sc_hd__dfxtp_1)
                         -0.05   -0.05   library hold time
                                 -0.05   data required time
-----------------------------------------------------------------------------
                                 -0.05   data required time
                                 -0.60   data arrival time
-----------------------------------------------------------------------------
                                  0.65   slack (MET)


Startpoint: _212_ (rising edge-triggered flip-flop clocked by core_clock)
Endpoint: _195_ (rising edge-triggered flip-flop clocked by core_clock)
Path Group: core_clock
Path Type: min

Fanout     Cap    Slew   Delay    Time   Description
-----------------------------------------------------------------------------
                  0.00    0.00    0.00   clock core_clock (rise edge)
                          0.00    0.00   clock network delay (ideal)
                  0.00    0.00    0.00 ^ _212_/CLK (sky130_fd_sc_hd__dfxtp_1)
     3    0.01    0.04    0.29    0.29 v _212_/Q (sky130_fd_sc_hd__dfxtp_1)
                                         x4.A (net)
                  0.04    0.00    0.29 v _091_/B (sky130_fd_sc_hd__nor2_1)
     2    0.00    0.11    0.10    0.39 ^ _091_/Y (sky130_fd_sc_hd__nor2_1)
                                         _042_ (net)
                  0.11    0.00    0.39 ^ _092_/B (sky130_fd_sc_hd__or2_1)
     2    0.01    0.08    0.14    0.53 ^ _092_/X (sky130_fd_sc_hd__or2_1)
                                         _043_ (net)
                  0.08    0.00    0.53 ^ _173_/A (sky130_fd_sc_hd__xor2_1)
     1    0.00    0.04    0.07    0.60 v _173_/X (sky130_fd_sc_hd__xor2_1)
                                         x76.Si (net)
                  0.04    0.00    0.60 v _195_/D (sky130_fd_sc_hd__dfxtp_1)
                                  0.60   data arrival time

                  0.00    0.00    0.00   clock core_clock (rise edge)
                          0.00    0.00   clock network delay (ideal)
                          0.00    0.00   clock reconvergence pessimism
                                  0.00 ^ _195_/CLK (sky130_fd_sc_hd__dfxtp_1)
                         -0.06   -0.06   library hold time
                                 -0.06   data required time
-----------------------------------------------------------------------------
                                 -0.06   data required time
                                 -0.60   data arrival time
-----------------------------------------------------------------------------
                                  0.66   slack (MET)


Startpoint: _221_ (rising edge-triggered flip-flop clocked by core_clock)
Endpoint: _205_ (rising edge-triggered flip-flop clocked by core_clock)
Path Group: core_clock
Path Type: min

Fanout     Cap    Slew   Delay    Time   Description
-----------------------------------------------------------------------------
                  0.00    0.00    0.00   clock core_clock (rise edge)
                          0.00    0.00   clock network delay (ideal)
                  0.00    0.00    0.00 ^ _221_/CLK (sky130_fd_sc_hd__dfxtp_1)
     2    0.00    0.06    0.30    0.30 ^ _221_/Q (sky130_fd_sc_hd__dfxtp_1)
                                         x35.A (net)
                  0.06    0.00    0.30 ^ _134_/B (sky130_fd_sc_hd__or2_1)
     3    0.01    0.09    0.13    0.43 ^ _134_/X (sky130_fd_sc_hd__or2_1)
                                         _085_ (net)
                  0.09    0.00    0.43 ^ _148_/A1 (sky130_fd_sc_hd__a21bo_1)
     1    0.01    0.05    0.13    0.55 ^ _148_/X (sky130_fd_sc_hd__a21bo_1)
                                         _011_ (net)
                  0.05    0.00    0.55 ^ _150_/A (sky130_fd_sc_hd__xnor2_1)
     1    0.00    0.03    0.06    0.61 v _150_/Y (sky130_fd_sc_hd__xnor2_1)
                                         x66.Si (net)
                  0.03    0.00    0.61 v _205_/D (sky130_fd_sc_hd__dfxtp_1)
                                  0.61   data arrival time

                  0.00    0.00    0.00   clock core_clock (rise edge)
                          0.00    0.00   clock network delay (ideal)
                          0.00    0.00   clock reconvergence pessimism
                                  0.00 ^ _205_/CLK (sky130_fd_sc_hd__dfxtp_1)
                         -0.06   -0.06   library hold time
                                 -0.06   data required time
-----------------------------------------------------------------------------
                                 -0.06   data required time
                                 -0.61   data arrival time
-----------------------------------------------------------------------------
                                  0.67   slack (MET)


Startpoint: _230_ (rising edge-triggered flip-flop clocked by core_clock)
Endpoint: _197_ (rising edge-triggered flip-flop clocked by core_clock)
Path Group: core_clock
Path Type: min

Fanout     Cap    Slew   Delay    Time   Description
-----------------------------------------------------------------------------
                  0.00    0.00    0.00   clock core_clock (rise edge)
                          0.00    0.00   clock network delay (ideal)
                  0.00    0.00    0.00 ^ _230_/CLK (sky130_fd_sc_hd__dfxtp_1)
     3    0.01    0.11    0.34    0.34 ^ _230_/Q (sky130_fd_sc_hd__dfxtp_1)
                                         x2.B (net)
                  0.11    0.00    0.34 ^ _109_/A (sky130_fd_sc_hd__xor2_1)
     3    0.01    0.06    0.11    0.45 v _109_/X (sky130_fd_sc_hd__xor2_1)
                                         _060_ (net)
                  0.06    0.00    0.45 v _110_/A (sky130_fd_sc_hd__inv_2)
     3    0.01    0.07    0.09    0.54 ^ _110_/Y (sky130_fd_sc_hd__inv_2)
                                         _061_ (net)
                  0.07    0.00    0.54 ^ _170_/A3 (sky130_fd_sc_hd__o31a_1)
     1    0.00    0.05    0.12    0.66 ^ _170_/X (sky130_fd_sc_hd__o31a_1)
                                         x74.Si (net)
                  0.05    0.00    0.66 ^ _197_/D (sky130_fd_sc_hd__dfxtp_1)
                                  0.66   data arrival time

                  0.00    0.00    0.00   clock core_clock (rise edge)
                          0.00    0.00   clock network delay (ideal)
                          0.00    0.00   clock reconvergence pessimism
                                  0.00 ^ _197_/CLK (sky130_fd_sc_hd__dfxtp_1)
                         -0.04   -0.04   library hold time
                                 -0.04   data required time
-----------------------------------------------------------------------------
                                 -0.04   data required time
                                 -0.66   data arrival time
-----------------------------------------------------------------------------
                                  0.70   slack (MET)



worst slack corner Typical: 0.5542
