
===========================================================================
 report_power
============================================================================
======================= Fastest Corner ===================================

Group                  Internal  Switching    Leakage      Total
                          Power      Power      Power      Power (Watts)
----------------------------------------------------------------
Sequential             5.11e-04   2.92e-05   7.26e-10   5.40e-04  48.2%
Combinational          7.22e-05   7.05e-05   9.58e-10   1.43e-04  12.7%
Clock                  2.80e-04   1.58e-04   1.01e-09   4.38e-04  39.0%
Macro                  0.00e+00   0.00e+00   0.00e+00   0.00e+00   0.0%
Pad                    0.00e+00   0.00e+00   0.00e+00   0.00e+00   0.0%
----------------------------------------------------------------
Total                  8.63e-04   2.58e-04   2.70e-09   1.12e-03 100.0%
                          77.0%      23.0%       0.0%

======================= Slowest Corner ===================================

Group                  Internal  Switching    Leakage      Total
                          Power      Power      Power      Power (Watts)
----------------------------------------------------------------
Sequential             3.43e-04   1.94e-05   7.32e-07   3.63e-04  47.4%
Combinational          5.38e-05   4.63e-05   7.30e-07   1.01e-04  13.2%
Clock                  2.01e-04   1.00e-04   1.27e-07   3.01e-04  39.4%
Macro                  0.00e+00   0.00e+00   0.00e+00   0.00e+00   0.0%
Pad                    0.00e+00   0.00e+00   0.00e+00   0.00e+00   0.0%
----------------------------------------------------------------
Total                  5.98e-04   1.66e-04   1.59e-06   7.65e-04 100.0%
                          78.1%      21.7%       0.2%

======================= Typical Corner ===================================

Group                  Internal  Switching    Leakage      Total
                          Power      Power      Power      Power (Watts)
----------------------------------------------------------------
Sequential             4.41e-04   2.47e-05   4.22e-10   4.65e-04  48.1%
Combinational          6.59e-05   5.94e-05   4.29e-10   1.25e-04  13.0%
Clock                  2.45e-04   1.32e-04   6.67e-10   3.77e-04  38.9%
Macro                  0.00e+00   0.00e+00   0.00e+00   0.00e+00   0.0%
Pad                    0.00e+00   0.00e+00   0.00e+00   0.00e+00   0.0%
----------------------------------------------------------------
Total                  7.51e-04   2.16e-04   1.52e-09   9.67e-04 100.0%
                          77.6%      22.4%       0.0%

