
===========================================================================
report_checks -path_delay min (Hold)
============================================================================
======================= Typical Corner ===================================

Startpoint: _227_ (rising edge-triggered flip-flop clocked by core_clock)
Endpoint: _194_ (rising edge-triggered flip-flop clocked by core_clock)
Path Group: core_clock
Path Type: min

Fanout     Cap    Slew   Delay    Time   Description
-----------------------------------------------------------------------------
                          0.00    0.00   clock core_clock (rise edge)
                          0.00    0.00   clock source latency
     1    0.01    0.00    0.00    0.00 ^ CLK (in)
                                         CLK (net)
                  0.00    0.00    0.00 ^ clkbuf_0_CLK/A (sky130_fd_sc_hd__clkbuf_16)
     4    0.04    0.06    0.12    0.12 ^ clkbuf_0_CLK/X (sky130_fd_sc_hd__clkbuf_16)
                                         clknet_0_CLK (net)
                  0.06    0.00    0.12 ^ clkbuf_2_0__f_CLK/A (sky130_fd_sc_hd__clkbuf_16)
    13    0.04    0.06    0.15    0.27 ^ clkbuf_2_0__f_CLK/X (sky130_fd_sc_hd__clkbuf_16)
                                         clknet_2_0__leaf_CLK (net)
                  0.06    0.00    0.27 ^ _227_/CLK (sky130_fd_sc_hd__dfxtp_1)
     3    0.01    0.07    0.33    0.60 ^ _227_/Q (sky130_fd_sc_hd__dfxtp_1)
                                         x5.B (net)
                  0.07    0.00    0.60 ^ _174_/A (sky130_fd_sc_hd__nand2_1)
     1    0.00    0.04    0.05    0.66 v _174_/Y (sky130_fd_sc_hd__nand2_1)
                                         _026_ (net)
                  0.04    0.00    0.66 v _175_/B (sky130_fd_sc_hd__nand2_1)
     1    0.00    0.06    0.07    0.73 ^ _175_/Y (sky130_fd_sc_hd__nand2_1)
                                         _027_ (net)
                  0.06    0.00    0.73 ^ _179_/A (sky130_fd_sc_hd__xnor2_1)
     1    0.00    0.03    0.06    0.79 v _179_/Y (sky130_fd_sc_hd__xnor2_1)
                                         x77.Si (net)
                  0.03    0.00    0.79 v _194_/D (sky130_fd_sc_hd__dfxtp_1)
                                  0.79   data arrival time

                          0.00    0.00   clock core_clock (rise edge)
                          0.00    0.00   clock source latency
     1    0.01    0.00    0.00    0.00 ^ CLK (in)
                                         CLK (net)
                  0.00    0.00    0.00 ^ clkbuf_0_CLK/A (sky130_fd_sc_hd__clkbuf_16)
     4    0.04    0.06    0.12    0.12 ^ clkbuf_0_CLK/X (sky130_fd_sc_hd__clkbuf_16)
                                         clknet_0_CLK (net)
                  0.06    0.00    0.12 ^ clkbuf_2_2__f_CLK/A (sky130_fd_sc_hd__clkbuf_16)
    12    0.04    0.06    0.15    0.27 ^ clkbuf_2_2__f_CLK/X (sky130_fd_sc_hd__clkbuf_16)
                                         clknet_2_2__leaf_CLK (net)
                  0.06    0.00    0.27 ^ _194_/CLK (sky130_fd_sc_hd__dfxtp_1)
                          0.00    0.27   clock reconvergence pessimism
                         -0.05    0.22   library hold time
                                  0.22   data required time
-----------------------------------------------------------------------------
                                  0.22   data required time
                                 -0.79   data arrival time
-----------------------------------------------------------------------------
                                  0.57   slack (MET)


Startpoint: _221_ (rising edge-triggered flip-flop clocked by core_clock)
Endpoint: _204_ (rising edge-triggered flip-flop clocked by core_clock)
Path Group: core_clock
Path Type: min

Fanout     Cap    Slew   Delay    Time   Description
-----------------------------------------------------------------------------
                          0.00    0.00   clock core_clock (rise edge)
                          0.00    0.00   clock source latency
     1    0.01    0.00    0.00    0.00 ^ CLK (in)
                                         CLK (net)
                  0.00    0.00    0.00 ^ clkbuf_0_CLK/A (sky130_fd_sc_hd__clkbuf_16)
     4    0.04    0.06    0.12    0.12 ^ clkbuf_0_CLK/X (sky130_fd_sc_hd__clkbuf_16)
                                         clknet_0_CLK (net)
                  0.06    0.00    0.12 ^ clkbuf_2_3__f_CLK/A (sky130_fd_sc_hd__clkbuf_16)
    10    0.04    0.06    0.14    0.27 ^ clkbuf_2_3__f_CLK/X (sky130_fd_sc_hd__clkbuf_16)
                                         clknet_2_3__leaf_CLK (net)
                  0.06    0.00    0.27 ^ _221_/CLK (sky130_fd_sc_hd__dfxtp_1)
     2    0.00    0.06    0.32    0.59 ^ _221_/Q (sky130_fd_sc_hd__dfxtp_1)
                                         x35.A (net)
                  0.06    0.00    0.59 ^ _135_/B (sky130_fd_sc_hd__nand2_1)
     2    0.01    0.05    0.06    0.65 v _135_/Y (sky130_fd_sc_hd__nand2_1)
                                         _086_ (net)
                  0.05    0.00    0.65 v _136_/B (sky130_fd_sc_hd__nand2_1)
     2    0.01    0.09    0.10    0.75 ^ _136_/Y (sky130_fd_sc_hd__nand2_1)
                                         _000_ (net)
                  0.09    0.00    0.75 ^ _153_/A (sky130_fd_sc_hd__xnor2_1)
     1    0.00    0.04    0.08    0.82 v _153_/Y (sky130_fd_sc_hd__xnor2_1)
                                         x67.Si (net)
                  0.04    0.00    0.82 v _204_/D (sky130_fd_sc_hd__dfxtp_1)
                                  0.82   data arrival time

                          0.00    0.00   clock core_clock (rise edge)
                          0.00    0.00   clock source latency
     1    0.01    0.00    0.00    0.00 ^ CLK (in)
                                         CLK (net)
                  0.00    0.00    0.00 ^ clkbuf_0_CLK/A (sky130_fd_sc_hd__clkbuf_16)
     4    0.04    0.06    0.12    0.12 ^ clkbuf_0_CLK/X (sky130_fd_sc_hd__clkbuf_16)
                                         clknet_0_CLK (net)
                  0.06    0.00    0.12 ^ clkbuf_2_1__f_CLK/A (sky130_fd_sc_hd__clkbuf_16)
    18    0.04    0.06    0.15    0.27 ^ clkbuf_2_1__f_CLK/X (sky130_fd_sc_hd__clkbuf_16)
                                         clknet_2_1__leaf_CLK (net)
                  0.06    0.00    0.27 ^ _204_/CLK (sky130_fd_sc_hd__dfxtp_1)
                          0.00    0.27   clock reconvergence pessimism
                         -0.05    0.23   library hold time
                                  0.23   data required time
-----------------------------------------------------------------------------
                                  0.23   data required time
                                 -0.82   data arrival time
-----------------------------------------------------------------------------
                                  0.60   slack (MET)


Startpoint: _213_ (rising edge-triggered flip-flop clocked by core_clock)
Endpoint: _196_ (rising edge-triggered flip-flop clocked by core_clock)
Path Group: core_clock
Path Type: min

Fanout     Cap    Slew   Delay    Time   Description
-----------------------------------------------------------------------------
                          0.00    0.00   clock core_clock (rise edge)
                          0.00    0.00   clock source latency
     1    0.01    0.00    0.00    0.00 ^ CLK (in)
                                         CLK (net)
                  0.00    0.00    0.00 ^ clkbuf_0_CLK/A (sky130_fd_sc_hd__clkbuf_16)
     4    0.04    0.06    0.12    0.12 ^ clkbuf_0_CLK/X (sky130_fd_sc_hd__clkbuf_16)
                                         clknet_0_CLK (net)
                  0.06    0.00    0.12 ^ clkbuf_2_1__f_CLK/A (sky130_fd_sc_hd__clkbuf_16)
    18    0.04    0.06    0.15    0.27 ^ clkbuf_2_1__f_CLK/X (sky130_fd_sc_hd__clkbuf_16)
                                         clknet_2_1__leaf_CLK (net)
                  0.06    0.00    0.27 ^ _213_/CLK (sky130_fd_sc_hd__dfxtp_1)
     3    0.01    0.09    0.35    0.62 ^ _213_/Q (sky130_fd_sc_hd__dfxtp_1)
                                         x3.A (net)
                  0.09    0.00    0.62 ^ _093_/B (sky130_fd_sc_hd__nand2_1)
     1    0.00    0.04    0.06    0.68 v _093_/Y (sky130_fd_sc_hd__nand2_1)
                                         _044_ (net)
                  0.04    0.00    0.68 v _095_/A (sky130_fd_sc_hd__nand2_1)
     2    0.01    0.07    0.08    0.76 ^ _095_/Y (sky130_fd_sc_hd__nand2_1)
                                         _046_ (net)
                  0.07    0.00    0.76 ^ _172_/A (sky130_fd_sc_hd__xnor2_1)
     1    0.00    0.03    0.07    0.83 v _172_/Y (sky130_fd_sc_hd__xnor2_1)
                                         x75.Si (net)
                  0.03    0.00    0.83 v _196_/D (sky130_fd_sc_hd__dfxtp_1)
                                  0.83   data arrival time

                          0.00    0.00   clock core_clock (rise edge)
                          0.00    0.00   clock source latency
     1    0.01    0.00    0.00    0.00 ^ CLK (in)
                                         CLK (net)
                  0.00    0.00    0.00 ^ clkbuf_0_CLK/A (sky130_fd_sc_hd__clkbuf_16)
     4    0.04    0.06    0.12    0.12 ^ clkbuf_0_CLK/X (sky130_fd_sc_hd__clkbuf_16)
                                         clknet_0_CLK (net)
                  0.06    0.00    0.12 ^ clkbuf_2_0__f_CLK/A (sky130_fd_sc_hd__clkbuf_16)
    13    0.04    0.06    0.15    0.27 ^ clkbuf_2_0__f_CLK/X (sky130_fd_sc_hd__clkbuf_16)
                                         clknet_2_0__leaf_CLK (net)
                  0.06    0.00    0.27 ^ _196_/CLK (sky130_fd_sc_hd__dfxtp_1)
                          0.00    0.27   clock reconvergence pessimism
                         -0.04    0.23   library hold time
                                  0.23   data required time
-----------------------------------------------------------------------------
                                  0.23   data required time
                                 -0.83   data arrival time
-----------------------------------------------------------------------------
                                  0.60   slack (MET)


Startpoint: _223_ (rising edge-triggered flip-flop clocked by core_clock)
Endpoint: _207_ (rising edge-triggered flip-flop clocked by core_clock)
Path Group: core_clock
Path Type: min

Fanout     Cap    Slew   Delay    Time   Description
-----------------------------------------------------------------------------
                          0.00    0.00   clock core_clock (rise edge)
                          0.00    0.00   clock source latency
     1    0.01    0.00    0.00    0.00 ^ CLK (in)
                                         CLK (net)
                  0.00    0.00    0.00 ^ clkbuf_0_CLK/A (sky130_fd_sc_hd__clkbuf_16)
     4    0.04    0.06    0.12    0.12 ^ clkbuf_0_CLK/X (sky130_fd_sc_hd__clkbuf_16)
                                         clknet_0_CLK (net)
                  0.06    0.00    0.12 ^ clkbuf_2_3__f_CLK/A (sky130_fd_sc_hd__clkbuf_16)
    10    0.04    0.06    0.14    0.27 ^ clkbuf_2_3__f_CLK/X (sky130_fd_sc_hd__clkbuf_16)
                                         clknet_2_3__leaf_CLK (net)
                  0.06    0.00    0.27 ^ _223_/CLK (sky130_fd_sc_hd__dfxtp_1)
     3    0.01    0.08    0.34    0.61 ^ _223_/Q (sky130_fd_sc_hd__dfxtp_1)
                                         x33.A (net)
                  0.08    0.00    0.61 ^ _087_/B (sky130_fd_sc_hd__nand2_1)
     2    0.01    0.05    0.07    0.68 v _087_/Y (sky130_fd_sc_hd__nand2_1)
                                         _038_ (net)
                  0.05    0.00    0.68 v _189_/B1 (sky130_fd_sc_hd__o31a_1)
     1    0.00    0.03    0.10    0.78 v _189_/X (sky130_fd_sc_hd__o31a_1)
                                         _037_ (net)
                  0.03    0.00    0.78 v _190_/B1 (sky130_fd_sc_hd__o31ai_1)
     1    0.00    0.06    0.06    0.84 ^ _190_/Y (sky130_fd_sc_hd__o31ai_1)
                                         x49.G (net)
                  0.06    0.00    0.84 ^ _207_/D (sky130_fd_sc_hd__dfxtp_1)
                                  0.84   data arrival time

                          0.00    0.00   clock core_clock (rise edge)
                          0.00    0.00   clock source latency
     1    0.01    0.00    0.00    0.00 ^ CLK (in)
                                         CLK (net)
                  0.00    0.00    0.00 ^ clkbuf_0_CLK/A (sky130_fd_sc_hd__clkbuf_16)
     4    0.04    0.06    0.12    0.12 ^ clkbuf_0_CLK/X (sky130_fd_sc_hd__clkbuf_16)
                                         clknet_0_CLK (net)
                  0.06    0.00    0.12 ^ clkbuf_2_1__f_CLK/A (sky130_fd_sc_hd__clkbuf_16)
    18    0.04    0.06    0.15    0.27 ^ clkbuf_2_1__f_CLK/X (sky130_fd_sc_hd__clkbuf_16)
                                         clknet_2_1__leaf_CLK (net)
                  0.06    0.00    0.27 ^ _207_/CLK (sky130_fd_sc_hd__dfxtp_1)
                          0.00    0.27   clock reconvergence pessimism
                         -0.03    0.24   library hold time
                                  0.24   data required time
-----------------------------------------------------------------------------
                                  0.24   data required time
                                 -0.84   data arrival time
-----------------------------------------------------------------------------
                                  0.60   slack (MET)


Startpoint: _224_ (rising edge-triggered flip-flop clocked by core_clock)
Endpoint: _192_ (rising edge-triggered flip-flop clocked by core_clock)
Path Group: core_clock
Path Type: min

Fanout     Cap    Slew   Delay    Time   Description
-----------------------------------------------------------------------------
                          0.00    0.00   clock core_clock (rise edge)
                          0.00    0.00   clock source latency
     1    0.01    0.00    0.00    0.00 ^ CLK (in)
                                         CLK (net)
                  0.00    0.00    0.00 ^ clkbuf_0_CLK/A (sky130_fd_sc_hd__clkbuf_16)
     4    0.04    0.06    0.12    0.12 ^ clkbuf_0_CLK/X (sky130_fd_sc_hd__clkbuf_16)
                                         clknet_0_CLK (net)
                  0.06    0.00    0.12 ^ clkbuf_2_0__f_CLK/A (sky130_fd_sc_hd__clkbuf_16)
    13    0.04    0.06    0.15    0.27 ^ clkbuf_2_0__f_CLK/X (sky130_fd_sc_hd__clkbuf_16)
                                         clknet_2_0__leaf_CLK (net)
                  0.06    0.00    0.27 ^ _224_/CLK (sky130_fd_sc_hd__dfxtp_1)
     3    0.01    0.08    0.34    0.61 ^ _224_/Q (sky130_fd_sc_hd__dfxtp_1)
                                         x8.B (net)
                  0.08    0.00    0.61 ^ _098_/A (sky130_fd_sc_hd__nand2_1)
     4    0.01    0.08    0.09    0.70 v _098_/Y (sky130_fd_sc_hd__nand2_1)
                                         _049_ (net)
                  0.08    0.00    0.70 v _183_/A (sky130_fd_sc_hd__nand2_1)
     1    0.00    0.06    0.08    0.78 ^ _183_/Y (sky130_fd_sc_hd__nand2_1)
                                         _033_ (net)
                  0.06    0.00    0.78 ^ _184_/B (sky130_fd_sc_hd__xor2_1)
     1    0.00    0.04    0.06    0.84 v _184_/X (sky130_fd_sc_hd__xor2_1)
                                         x79.Si (net)
                  0.04    0.00    0.84 v _192_/D (sky130_fd_sc_hd__dfxtp_1)
                                  0.84   data arrival time

                          0.00    0.00   clock core_clock (rise edge)
                          0.00    0.00   clock source latency
     1    0.01    0.00    0.00    0.00 ^ CLK (in)
                                         CLK (net)
                  0.00    0.00    0.00 ^ clkbuf_0_CLK/A (sky130_fd_sc_hd__clkbuf_16)
     4    0.04    0.06    0.12    0.12 ^ clkbuf_0_CLK/X (sky130_fd_sc_hd__clkbuf_16)
                                         clknet_0_CLK (net)
                  0.06    0.00    0.12 ^ clkbuf_2_0__f_CLK/A (sky130_fd_sc_hd__clkbuf_16)
    13    0.04    0.06    0.15    0.27 ^ clkbuf_2_0__f_CLK/X (sky130_fd_sc_hd__clkbuf_16)
                                         clknet_2_0__leaf_CLK (net)
                  0.06    0.00    0.27 ^ _192_/CLK (sky130_fd_sc_hd__dfxtp_1)
                          0.00    0.27   clock reconvergence pessimism
                         -0.05    0.23   library hold time
                                  0.23   data required time
-----------------------------------------------------------------------------
                                  0.23   data required time
                                 -0.84   data arrival time
-----------------------------------------------------------------------------
                                  0.61   slack (MET)


Startpoint: _216_ (rising edge-triggered flip-flop clocked by core_clock)
Endpoint: _200_ (rising edge-triggered flip-flop clocked by core_clock)
Path Group: core_clock
Path Type: min

Fanout     Cap    Slew   Delay    Time   Description
-----------------------------------------------------------------------------
                          0.00    0.00   clock core_clock (rise edge)
                          0.00    0.00   clock source latency
     1    0.01    0.00    0.00    0.00 ^ CLK (in)
                                         CLK (net)
                  0.00    0.00    0.00 ^ clkbuf_0_CLK/A (sky130_fd_sc_hd__clkbuf_16)
     4    0.04    0.06    0.12    0.12 ^ clkbuf_0_CLK/X (sky130_fd_sc_hd__clkbuf_16)
                                         clknet_0_CLK (net)
                  0.06    0.00    0.12 ^ clkbuf_2_1__f_CLK/A (sky130_fd_sc_hd__clkbuf_16)
    18    0.04    0.06    0.15    0.27 ^ clkbuf_2_1__f_CLK/X (sky130_fd_sc_hd__clkbuf_16)
                                         clknet_2_1__leaf_CLK (net)
                  0.06    0.00    0.27 ^ _216_/CLK (sky130_fd_sc_hd__dfxtp_1)
     4    0.01    0.14    0.38    0.65 ^ _216_/Q (sky130_fd_sc_hd__dfxtp_1)
                                         x12.A (net)
                  0.14    0.00    0.65 ^ _161_/A2 (sky130_fd_sc_hd__a21oi_1)
     1    0.00    0.03    0.10    0.75 v _161_/Y (sky130_fd_sc_hd__a21oi_1)
                                         _019_ (net)
                  0.03    0.00    0.75 v _162_/B (sky130_fd_sc_hd__xnor2_1)
     1    0.00    0.04    0.12    0.86 ^ _162_/Y (sky130_fd_sc_hd__xnor2_1)
                                         x71.Si (net)
                  0.04    0.00    0.86 ^ _200_/D (sky130_fd_sc_hd__dfxtp_1)
                                  0.86   data arrival time

                          0.00    0.00   clock core_clock (rise edge)
                          0.00    0.00   clock source latency
     1    0.01    0.00    0.00    0.00 ^ CLK (in)
                                         CLK (net)
                  0.00    0.00    0.00 ^ clkbuf_0_CLK/A (sky130_fd_sc_hd__clkbuf_16)
     4    0.04    0.06    0.12    0.12 ^ clkbuf_0_CLK/X (sky130_fd_sc_hd__clkbuf_16)
                                         clknet_0_CLK (net)
                  0.06    0.00    0.12 ^ clkbuf_2_1__f_CLK/A (sky130_fd_sc_hd__clkbuf_16)
    18    0.04    0.06    0.15    0.27 ^ clkbuf_2_1__f_CLK/X (sky130_fd_sc_hd__clkbuf_16)
                                         clknet_2_1__leaf_CLK (net)
                  0.06    0.00    0.27 ^ _200_/CLK (sky130_fd_sc_hd__dfxtp_1)
                          0.00    0.27   clock reconvergence pessimism
                         -0.03    0.24   library hold time
                                  0.24   data required time
-----------------------------------------------------------------------------
                                  0.24   data required time
                                 -0.86   data arrival time
-----------------------------------------------------------------------------
                                  0.62   slack (MET)


Startpoint: _220_ (rising edge-triggered flip-flop clocked by core_clock)
Endpoint: _203_ (rising edge-triggered flip-flop clocked by core_clock)
Path Group: core_clock
Path Type: min

Fanout     Cap    Slew   Delay    Time   Description
-----------------------------------------------------------------------------
                          0.00    0.00   clock core_clock (rise edge)
                          0.00    0.00   clock source latency
     1    0.01    0.00    0.00    0.00 ^ CLK (in)
                                         CLK (net)
                  0.00    0.00    0.00 ^ clkbuf_0_CLK/A (sky130_fd_sc_hd__clkbuf_16)
     4    0.04    0.06    0.12    0.12 ^ clkbuf_0_CLK/X (sky130_fd_sc_hd__clkbuf_16)
                                         clknet_0_CLK (net)
                  0.06    0.00    0.12 ^ clkbuf_2_3__f_CLK/A (sky130_fd_sc_hd__clkbuf_16)
    10    0.04    0.06    0.14    0.27 ^ clkbuf_2_3__f_CLK/X (sky130_fd_sc_hd__clkbuf_16)
                                         clknet_2_3__leaf_CLK (net)
                  0.06    0.00    0.27 ^ _220_/CLK (sky130_fd_sc_hd__dfxtp_1)
     2    0.01    0.07    0.32    0.59 ^ _220_/Q (sky130_fd_sc_hd__dfxtp_1)
                                         x36.A (net)
                  0.07    0.00    0.59 ^ _138_/B (sky130_fd_sc_hd__nand2_1)
     3    0.01    0.06    0.08    0.67 v _138_/Y (sky130_fd_sc_hd__nand2_1)
                                         _002_ (net)
                  0.06    0.00    0.67 v _139_/B (sky130_fd_sc_hd__nand2_1)
     2    0.01    0.08    0.10    0.77 ^ _139_/Y (sky130_fd_sc_hd__nand2_1)
                                         _003_ (net)
                  0.08    0.00    0.77 ^ _154_/B (sky130_fd_sc_hd__xnor2_1)
     1    0.00    0.05    0.08    0.85 v _154_/Y (sky130_fd_sc_hd__xnor2_1)
                                         x68.Si (net)
                  0.05    0.00    0.85 v _203_/D (sky130_fd_sc_hd__dfxtp_1)
                                  0.85   data arrival time

                          0.00    0.00   clock core_clock (rise edge)
                          0.00    0.00   clock source latency
     1    0.01    0.00    0.00    0.00 ^ CLK (in)
                                         CLK (net)
                  0.00    0.00    0.00 ^ clkbuf_0_CLK/A (sky130_fd_sc_hd__clkbuf_16)
     4    0.04    0.06    0.12    0.12 ^ clkbuf_0_CLK/X (sky130_fd_sc_hd__clkbuf_16)
                                         clknet_0_CLK (net)
                  0.06    0.00    0.12 ^ clkbuf_2_1__f_CLK/A (sky130_fd_sc_hd__clkbuf_16)
    18    0.04    0.06    0.15    0.27 ^ clkbuf_2_1__f_CLK/X (sky130_fd_sc_hd__clkbuf_16)
                                         clknet_2_1__leaf_CLK (net)
                  0.06    0.00    0.27 ^ _203_/CLK (sky130_fd_sc_hd__dfxtp_1)
                          0.00    0.27   clock reconvergence pessimism
                         -0.05    0.22   library hold time
                                  0.22   data required time
-----------------------------------------------------------------------------
                                  0.22   data required time
                                 -0.85   data arrival time
-----------------------------------------------------------------------------
                                  0.63   slack (MET)


Startpoint: _234_ (rising edge-triggered flip-flop clocked by core_clock)
Endpoint: _201_ (rising edge-triggered flip-flop clocked by core_clock)
Path Group: core_clock
Path Type: min

Fanout     Cap    Slew   Delay    Time   Description
-----------------------------------------------------------------------------
                          0.00    0.00   clock core_clock (rise edge)
                          0.00    0.00   clock source latency
     1    0.01    0.00    0.00    0.00 ^ CLK (in)
                                         CLK (net)
                  0.00    0.00    0.00 ^ clkbuf_0_CLK/A (sky130_fd_sc_hd__clkbuf_16)
     4    0.04    0.06    0.12    0.12 ^ clkbuf_0_CLK/X (sky130_fd_sc_hd__clkbuf_16)
                                         clknet_0_CLK (net)
                  0.06    0.00    0.12 ^ clkbuf_2_2__f_CLK/A (sky130_fd_sc_hd__clkbuf_16)
    12    0.04    0.06    0.15    0.27 ^ clkbuf_2_2__f_CLK/X (sky130_fd_sc_hd__clkbuf_16)
                                         clknet_2_2__leaf_CLK (net)
                  0.06    0.00    0.27 ^ _234_/CLK (sky130_fd_sc_hd__dfxtp_1)
     3    0.01    0.05    0.32    0.59 v _234_/Q (sky130_fd_sc_hd__dfxtp_1)
                                         x10.B (net)
                  0.05    0.00    0.59 v _124_/A (sky130_fd_sc_hd__nand2_1)
     1    0.00    0.03    0.05    0.64 ^ _124_/Y (sky130_fd_sc_hd__nand2_1)
                                         _075_ (net)
                  0.03    0.00    0.64 ^ _126_/A (sky130_fd_sc_hd__and2_1)
     2    0.01    0.08    0.13    0.78 ^ _126_/X (sky130_fd_sc_hd__and2_1)
                                         _077_ (net)
                  0.08    0.00    0.78 ^ _159_/A (sky130_fd_sc_hd__xnor2_1)
     1    0.00    0.04    0.08    0.86 v _159_/Y (sky130_fd_sc_hd__xnor2_1)
                                         x70.Si (net)
                  0.04    0.00    0.86 v _201_/D (sky130_fd_sc_hd__dfxtp_1)
                                  0.86   data arrival time

                          0.00    0.00   clock core_clock (rise edge)
                          0.00    0.00   clock source latency
     1    0.01    0.00    0.00    0.00 ^ CLK (in)
                                         CLK (net)
                  0.00    0.00    0.00 ^ clkbuf_0_CLK/A (sky130_fd_sc_hd__clkbuf_16)
     4    0.04    0.06    0.12    0.12 ^ clkbuf_0_CLK/X (sky130_fd_sc_hd__clkbuf_16)
                                         clknet_0_CLK (net)
                  0.06    0.00    0.12 ^ clkbuf_2_1__f_CLK/A (sky130_fd_sc_hd__clkbuf_16)
    18    0.04    0.06    0.15    0.27 ^ clkbuf_2_1__f_CLK/X (sky130_fd_sc_hd__clkbuf_16)
                                         clknet_2_1__leaf_CLK (net)
                  0.06    0.00    0.27 ^ _201_/CLK (sky130_fd_sc_hd__dfxtp_1)
                          0.00    0.27   clock reconvergence pessimism
                         -0.05    0.22   library hold time
                                  0.22   data required time
-----------------------------------------------------------------------------
                                  0.22   data required time
                                 -0.86   data arrival time
-----------------------------------------------------------------------------
                                  0.63   slack (MET)


Startpoint: _223_ (rising edge-triggered flip-flop clocked by core_clock)
Endpoint: _206_ (rising edge-triggered flip-flop clocked by core_clock)
Path Group: core_clock
Path Type: min

Fanout     Cap    Slew   Delay    Time   Description
-----------------------------------------------------------------------------
                          0.00    0.00   clock core_clock (rise edge)
                          0.00    0.00   clock source latency
     1    0.01    0.00    0.00    0.00 ^ CLK (in)
                                         CLK (net)
                  0.00    0.00    0.00 ^ clkbuf_0_CLK/A (sky130_fd_sc_hd__clkbuf_16)
     4    0.04    0.06    0.12    0.12 ^ clkbuf_0_CLK/X (sky130_fd_sc_hd__clkbuf_16)
                                         clknet_0_CLK (net)
                  0.06    0.00    0.12 ^ clkbuf_2_3__f_CLK/A (sky130_fd_sc_hd__clkbuf_16)
    10    0.04    0.06    0.14    0.27 ^ clkbuf_2_3__f_CLK/X (sky130_fd_sc_hd__clkbuf_16)
                                         clknet_2_3__leaf_CLK (net)
                  0.06    0.00    0.27 ^ _223_/CLK (sky130_fd_sc_hd__dfxtp_1)
     3    0.01    0.08    0.34    0.61 ^ _223_/Q (sky130_fd_sc_hd__dfxtp_1)
                                         x33.A (net)
                  0.08    0.00    0.61 ^ _087_/B (sky130_fd_sc_hd__nand2_1)
     2    0.01    0.05    0.07    0.68 v _087_/Y (sky130_fd_sc_hd__nand2_1)
                                         _038_ (net)
                  0.05    0.00    0.68 v _089_/A (sky130_fd_sc_hd__nand2_1)
     2    0.01    0.08    0.09    0.77 ^ _089_/Y (sky130_fd_sc_hd__nand2_1)
                                         _040_ (net)
                  0.08    0.00    0.77 ^ _147_/A (sky130_fd_sc_hd__xnor2_1)
     1    0.01    0.05    0.09    0.85 v _147_/Y (sky130_fd_sc_hd__xnor2_1)
                                         x65.Si (net)
                  0.05    0.00    0.85 v _206_/D (sky130_fd_sc_hd__dfxtp_1)
                                  0.85   data arrival time

                          0.00    0.00   clock core_clock (rise edge)
                          0.00    0.00   clock source latency
     1    0.01    0.00    0.00    0.00 ^ CLK (in)
                                         CLK (net)
                  0.00    0.00    0.00 ^ clkbuf_0_CLK/A (sky130_fd_sc_hd__clkbuf_16)
     4    0.04    0.06    0.12    0.12 ^ clkbuf_0_CLK/X (sky130_fd_sc_hd__clkbuf_16)
                                         clknet_0_CLK (net)
                  0.06    0.00    0.12 ^ clkbuf_2_1__f_CLK/A (sky130_fd_sc_hd__clkbuf_16)
    18    0.04    0.06    0.15    0.27 ^ clkbuf_2_1__f_CLK/X (sky130_fd_sc_hd__clkbuf_16)
                                         clknet_2_1__leaf_CLK (net)
                  0.06    0.00    0.27 ^ _206_/CLK (sky130_fd_sc_hd__dfxtp_1)
                          0.00    0.27   clock reconvergence pessimism
                         -0.05    0.22   library hold time
                                  0.22   data required time
-----------------------------------------------------------------------------
                                  0.22   data required time
                                 -0.85   data arrival time
-----------------------------------------------------------------------------
                                  0.64   slack (MET)


Startpoint: _240_ (rising edge-triggered flip-flop clocked by core_clock)
Endpoint: _191_ (rising edge-triggered flip-flop clocked by core_clock)
Path Group: core_clock
Path Type: min

Fanout     Cap    Slew   Delay    Time   Description
-----------------------------------------------------------------------------
                          0.00    0.00   clock core_clock (rise edge)
                          0.00    0.00   clock source latency
     1    0.01    0.00    0.00    0.00 ^ CLK (in)
                                         CLK (net)
                  0.00    0.00    0.00 ^ clkbuf_0_CLK/A (sky130_fd_sc_hd__clkbuf_16)
     4    0.04    0.06    0.12    0.12 ^ clkbuf_0_CLK/X (sky130_fd_sc_hd__clkbuf_16)
                                         clknet_0_CLK (net)
                  0.06    0.00    0.12 ^ clkbuf_2_3__f_CLK/A (sky130_fd_sc_hd__clkbuf_16)
    10    0.04    0.06    0.14    0.27 ^ clkbuf_2_3__f_CLK/X (sky130_fd_sc_hd__clkbuf_16)
                                         clknet_2_3__leaf_CLK (net)
                  0.06    0.00    0.27 ^ _240_/CLK (sky130_fd_sc_hd__dfxtp_1)
     4    0.01    0.07    0.33    0.60 v _240_/Q (sky130_fd_sc_hd__dfxtp_1)
                                         x49.G1 (net)
                  0.07    0.00    0.60 v _182_/A (sky130_fd_sc_hd__nand3_1)
     2    0.00    0.07    0.08    0.69 ^ _182_/Y (sky130_fd_sc_hd__nand3_1)
                                         _032_ (net)
                  0.07    0.00    0.69 ^ _186_/A (sky130_fd_sc_hd__and2_1)
     1    0.00    0.05    0.12    0.81 ^ _186_/X (sky130_fd_sc_hd__and2_1)
                                         _035_ (net)
                  0.05    0.00    0.81 ^ _187_/A (sky130_fd_sc_hd__clkbuf_1)
     1    0.00    0.04    0.08    0.88 ^ _187_/X (sky130_fd_sc_hd__clkbuf_1)
                                         x80.Si (net)
                  0.04    0.00    0.88 ^ _191_/D (sky130_fd_sc_hd__dfxtp_1)
                                  0.88   data arrival time

                          0.00    0.00   clock core_clock (rise edge)
                          0.00    0.00   clock source latency
     1    0.01    0.00    0.00    0.00 ^ CLK (in)
                                         CLK (net)
                  0.00    0.00    0.00 ^ clkbuf_0_CLK/A (sky130_fd_sc_hd__clkbuf_16)
     4    0.04    0.06    0.12    0.12 ^ clkbuf_0_CLK/X (sky130_fd_sc_hd__clkbuf_16)
                                         clknet_0_CLK (net)
                  0.06    0.00    0.12 ^ clkbuf_2_0__f_CLK/A (sky130_fd_sc_hd__clkbuf_16)
    13    0.04    0.06    0.15    0.27 ^ clkbuf_2_0__f_CLK/X (sky130_fd_sc_hd__clkbuf_16)
                                         clknet_2_0__leaf_CLK (net)
                  0.06    0.00    0.27 ^ _191_/CLK (sky130_fd_sc_hd__dfxtp_1)
                          0.00    0.27   clock reconvergence pessimism
                         -0.03    0.24   library hold time
                                  0.24   data required time
-----------------------------------------------------------------------------
                                  0.24   data required time
                                 -0.88   data arrival time
-----------------------------------------------------------------------------
                                  0.64   slack (MET)


Startpoint: _230_ (rising edge-triggered flip-flop clocked by core_clock)
Endpoint: _198_ (rising edge-triggered flip-flop clocked by core_clock)
Path Group: core_clock
Path Type: min

Fanout     Cap    Slew   Delay    Time   Description
-----------------------------------------------------------------------------
                          0.00    0.00   clock core_clock (rise edge)
                          0.00    0.00   clock source latency
     1    0.01    0.00    0.00    0.00 ^ CLK (in)
                                         CLK (net)
                  0.00    0.00    0.00 ^ clkbuf_0_CLK/A (sky130_fd_sc_hd__clkbuf_16)
     4    0.04    0.06    0.12    0.12 ^ clkbuf_0_CLK/X (sky130_fd_sc_hd__clkbuf_16)
                                         clknet_0_CLK (net)
                  0.06    0.00    0.12 ^ clkbuf_2_0__f_CLK/A (sky130_fd_sc_hd__clkbuf_16)
    13    0.04    0.06    0.15    0.27 ^ clkbuf_2_0__f_CLK/X (sky130_fd_sc_hd__clkbuf_16)
                                         clknet_2_0__leaf_CLK (net)
                  0.06    0.00    0.27 ^ _230_/CLK (sky130_fd_sc_hd__dfxtp_1)
     3    0.01    0.11    0.36    0.63 ^ _230_/Q (sky130_fd_sc_hd__dfxtp_1)
                                         x2.B (net)
                  0.11    0.00    0.63 ^ _165_/A1 (sky130_fd_sc_hd__a22o_1)
     1    0.01    0.06    0.16    0.79 ^ _165_/X (sky130_fd_sc_hd__a22o_1)
                                         _021_ (net)
                  0.06    0.00    0.79 ^ _167_/A (sky130_fd_sc_hd__xnor2_1)
     1    0.00    0.05    0.08    0.87 v _167_/Y (sky130_fd_sc_hd__xnor2_1)
                                         x73.Si (net)
                  0.05    0.00    0.87 v _198_/D (sky130_fd_sc_hd__dfxtp_1)
                                  0.87   data arrival time

                          0.00    0.00   clock core_clock (rise edge)
                          0.00    0.00   clock source latency
     1    0.01    0.00    0.00    0.00 ^ CLK (in)
                                         CLK (net)
                  0.00    0.00    0.00 ^ clkbuf_0_CLK/A (sky130_fd_sc_hd__clkbuf_16)
     4    0.04    0.06    0.12    0.12 ^ clkbuf_0_CLK/X (sky130_fd_sc_hd__clkbuf_16)
                                         clknet_0_CLK (net)
                  0.06    0.00    0.12 ^ clkbuf_2_0__f_CLK/A (sky130_fd_sc_hd__clkbuf_16)
    13    0.04    0.06    0.15    0.27 ^ clkbuf_2_0__f_CLK/X (sky130_fd_sc_hd__clkbuf_16)
                                         clknet_2_0__leaf_CLK (net)
                  0.06    0.00    0.27 ^ _198_/CLK (sky130_fd_sc_hd__dfxtp_1)
                          0.00    0.27   clock reconvergence pessimism
                         -0.05    0.22   library hold time
                                  0.22   data required time
-----------------------------------------------------------------------------
                                  0.22   data required time
                                 -0.87   data arrival time
-----------------------------------------------------------------------------
                                  0.65   slack (MET)


Startpoint: _226_ (rising edge-triggered flip-flop clocked by core_clock)
Endpoint: _193_ (rising edge-triggered flip-flop clocked by core_clock)
Path Group: core_clock
Path Type: min

Fanout     Cap    Slew   Delay    Time   Description
-----------------------------------------------------------------------------
                          0.00    0.00   clock core_clock (rise edge)
                          0.00    0.00   clock source latency
     1    0.01    0.00    0.00    0.00 ^ CLK (in)
                                         CLK (net)
                  0.00    0.00    0.00 ^ clkbuf_0_CLK/A (sky130_fd_sc_hd__clkbuf_16)
     4    0.04    0.06    0.12    0.12 ^ clkbuf_0_CLK/X (sky130_fd_sc_hd__clkbuf_16)
                                         clknet_0_CLK (net)
                  0.06    0.00    0.12 ^ clkbuf_2_0__f_CLK/A (sky130_fd_sc_hd__clkbuf_16)
    13    0.04    0.06    0.15    0.27 ^ clkbuf_2_0__f_CLK/X (sky130_fd_sc_hd__clkbuf_16)
                                         clknet_2_0__leaf_CLK (net)
                  0.06    0.00    0.27 ^ _226_/CLK (sky130_fd_sc_hd__dfxtp_1)
     3    0.01    0.09    0.34    0.61 ^ _226_/Q (sky130_fd_sc_hd__dfxtp_1)
                                         x6.B (net)
                  0.09    0.00    0.61 ^ _176_/A (sky130_fd_sc_hd__nor2_1)
     2    0.01    0.04    0.06    0.68 v _176_/Y (sky130_fd_sc_hd__nor2_1)
                                         _028_ (net)
                  0.04    0.00    0.68 v _180_/B (sky130_fd_sc_hd__nor2_1)
     1    0.01    0.12    0.11    0.79 ^ _180_/Y (sky130_fd_sc_hd__nor2_1)
                                         _031_ (net)
                  0.12    0.00    0.79 ^ _181_/A (sky130_fd_sc_hd__xnor2_1)
     1    0.00    0.04    0.08    0.87 v _181_/Y (sky130_fd_sc_hd__xnor2_1)
                                         x78.Si (net)
                  0.04    0.00    0.87 v _193_/D (sky130_fd_sc_hd__dfxtp_1)
                                  0.87   data arrival time

                          0.00    0.00   clock core_clock (rise edge)
                          0.00    0.00   clock source latency
     1    0.01    0.00    0.00    0.00 ^ CLK (in)
                                         CLK (net)
                  0.00    0.00    0.00 ^ clkbuf_0_CLK/A (sky130_fd_sc_hd__clkbuf_16)
     4    0.04    0.06    0.12    0.12 ^ clkbuf_0_CLK/X (sky130_fd_sc_hd__clkbuf_16)
                                         clknet_0_CLK (net)
                  0.06    0.00    0.12 ^ clkbuf_2_2__f_CLK/A (sky130_fd_sc_hd__clkbuf_16)
    12    0.04    0.06    0.15    0.27 ^ clkbuf_2_2__f_CLK/X (sky130_fd_sc_hd__clkbuf_16)
                                         clknet_2_2__leaf_CLK (net)
                  0.06    0.00    0.27 ^ _193_/CLK (sky130_fd_sc_hd__dfxtp_1)
                          0.00    0.27   clock reconvergence pessimism
                         -0.05    0.22   library hold time
                                  0.22   data required time
-----------------------------------------------------------------------------
                                  0.22   data required time
                                 -0.87   data arrival time
-----------------------------------------------------------------------------
                                  0.65   slack (MET)


Startpoint: _216_ (rising edge-triggered flip-flop clocked by core_clock)
Endpoint: _199_ (rising edge-triggered flip-flop clocked by core_clock)
Path Group: core_clock
Path Type: min

Fanout     Cap    Slew   Delay    Time   Description
-----------------------------------------------------------------------------
                          0.00    0.00   clock core_clock (rise edge)
                          0.00    0.00   clock source latency
     1    0.01    0.00    0.00    0.00 ^ CLK (in)
                                         CLK (net)
                  0.00    0.00    0.00 ^ clkbuf_0_CLK/A (sky130_fd_sc_hd__clkbuf_16)
     4    0.04    0.06    0.12    0.12 ^ clkbuf_0_CLK/X (sky130_fd_sc_hd__clkbuf_16)
                                         clknet_0_CLK (net)
                  0.06    0.00    0.12 ^ clkbuf_2_1__f_CLK/A (sky130_fd_sc_hd__clkbuf_16)
    18    0.04    0.06    0.15    0.27 ^ clkbuf_2_1__f_CLK/X (sky130_fd_sc_hd__clkbuf_16)
                                         clknet_2_1__leaf_CLK (net)
                  0.06    0.00    0.27 ^ _216_/CLK (sky130_fd_sc_hd__dfxtp_1)
     4    0.01    0.14    0.38    0.65 ^ _216_/Q (sky130_fd_sc_hd__dfxtp_1)
                                         x12.A (net)
                  0.14    0.00    0.65 ^ _119_/B (sky130_fd_sc_hd__xor2_1)
     2    0.01    0.05    0.10    0.75 v _119_/X (sky130_fd_sc_hd__xor2_1)
                                         _070_ (net)
                  0.05    0.00    0.75 v _163_/B (sky130_fd_sc_hd__xor2_1)
     1    0.00    0.11    0.13    0.88 ^ _163_/X (sky130_fd_sc_hd__xor2_1)
                                         x72.Si (net)
                  0.11    0.00    0.88 ^ _199_/D (sky130_fd_sc_hd__dfxtp_1)
                                  0.88   data arrival time

                          0.00    0.00   clock core_clock (rise edge)
                          0.00    0.00   clock source latency
     1    0.01    0.00    0.00    0.00 ^ CLK (in)
                                         CLK (net)
                  0.00    0.00    0.00 ^ clkbuf_0_CLK/A (sky130_fd_sc_hd__clkbuf_16)
     4    0.04    0.06    0.12    0.12 ^ clkbuf_0_CLK/X (sky130_fd_sc_hd__clkbuf_16)
                                         clknet_0_CLK (net)
                  0.06    0.00    0.12 ^ clkbuf_2_1__f_CLK/A (sky130_fd_sc_hd__clkbuf_16)
    18    0.04    0.06    0.15    0.27 ^ clkbuf_2_1__f_CLK/X (sky130_fd_sc_hd__clkbuf_16)
                                         clknet_2_1__leaf_CLK (net)
                  0.06    0.00    0.27 ^ _199_/CLK (sky130_fd_sc_hd__dfxtp_1)
                          0.00    0.27   clock reconvergence pessimism
                         -0.04    0.23   library hold time
                                  0.23   data required time
-----------------------------------------------------------------------------
                                  0.23   data required time
                                 -0.88   data arrival time
-----------------------------------------------------------------------------
                                  0.65   slack (MET)


Startpoint: _219_ (rising edge-triggered flip-flop clocked by core_clock)
Endpoint: _202_ (rising edge-triggered flip-flop clocked by core_clock)
Path Group: core_clock
Path Type: min

Fanout     Cap    Slew   Delay    Time   Description
-----------------------------------------------------------------------------
                          0.00    0.00   clock core_clock (rise edge)
                          0.00    0.00   clock source latency
     1    0.01    0.00    0.00    0.00 ^ CLK (in)
                                         CLK (net)
                  0.00    0.00    0.00 ^ clkbuf_0_CLK/A (sky130_fd_sc_hd__clkbuf_16)
     4    0.04    0.06    0.12    0.12 ^ clkbuf_0_CLK/X (sky130_fd_sc_hd__clkbuf_16)
                                         clknet_0_CLK (net)
                  0.06    0.00    0.12 ^ clkbuf_2_3__f_CLK/A (sky130_fd_sc_hd__clkbuf_16)
    10    0.04    0.06    0.14    0.27 ^ clkbuf_2_3__f_CLK/X (sky130_fd_sc_hd__clkbuf_16)
                                         clknet_2_3__leaf_CLK (net)
                  0.06    0.00    0.27 ^ _219_/CLK (sky130_fd_sc_hd__dfxtp_1)
     2    0.00    0.03    0.30    0.57 v _219_/Q (sky130_fd_sc_hd__dfxtp_1)
                                         x9.A (net)
                  0.03    0.00    0.57 v _128_/B (sky130_fd_sc_hd__nor2_1)
     1    0.00    0.08    0.08    0.65 ^ _128_/Y (sky130_fd_sc_hd__nor2_1)
                                         _079_ (net)
                  0.08    0.00    0.65 ^ _129_/B (sky130_fd_sc_hd__nor2_1)
     3    0.01    0.05    0.07    0.72 v _129_/Y (sky130_fd_sc_hd__nor2_1)
                                         _080_ (net)
                  0.05    0.00    0.72 v _157_/A (sky130_fd_sc_hd__xor2_1)
     1    0.00    0.12    0.16    0.89 ^ _157_/X (sky130_fd_sc_hd__xor2_1)
                                         x69.Si (net)
                  0.12    0.00    0.89 ^ _202_/D (sky130_fd_sc_hd__dfxtp_1)
                                  0.89   data arrival time

                          0.00    0.00   clock core_clock (rise edge)
                          0.00    0.00   clock source latency
     1    0.01    0.00    0.00    0.00 ^ CLK (in)
                                         CLK (net)
                  0.00    0.00    0.00 ^ clkbuf_0_CLK/A (sky130_fd_sc_hd__clkbuf_16)
     4    0.04    0.06    0.12    0.12 ^ clkbuf_0_CLK/X (sky130_fd_sc_hd__clkbuf_16)
                                         clknet_0_CLK (net)
                  0.06    0.00    0.12 ^ clkbuf_2_1__f_CLK/A (sky130_fd_sc_hd__clkbuf_16)
    18    0.04    0.06    0.15    0.27 ^ clkbuf_2_1__f_CLK/X (sky130_fd_sc_hd__clkbuf_16)
                                         clknet_2_1__leaf_CLK (net)
                  0.06    0.00    0.27 ^ _202_/CLK (sky130_fd_sc_hd__dfxtp_1)
                          0.00    0.27   clock reconvergence pessimism
                         -0.04    0.23   library hold time
                                  0.23   data required time
-----------------------------------------------------------------------------
                                  0.23   data required time
                                 -0.89   data arrival time
-----------------------------------------------------------------------------
                                  0.66   slack (MET)


Startpoint: _212_ (rising edge-triggered flip-flop clocked by core_clock)
Endpoint: _195_ (rising edge-triggered flip-flop clocked by core_clock)
Path Group: core_clock
Path Type: min

Fanout     Cap    Slew   Delay    Time   Description
-----------------------------------------------------------------------------
                          0.00    0.00   clock core_clock (rise edge)
                          0.00    0.00   clock source latency
     1    0.01    0.00    0.00    0.00 ^ CLK (in)
                                         CLK (net)
                  0.00    0.00    0.00 ^ clkbuf_0_CLK/A (sky130_fd_sc_hd__clkbuf_16)
     4    0.04    0.06    0.12    0.12 ^ clkbuf_0_CLK/X (sky130_fd_sc_hd__clkbuf_16)
                                         clknet_0_CLK (net)
                  0.06    0.00    0.12 ^ clkbuf_2_1__f_CLK/A (sky130_fd_sc_hd__clkbuf_16)
    18    0.04    0.06    0.15    0.27 ^ clkbuf_2_1__f_CLK/X (sky130_fd_sc_hd__clkbuf_16)
                                         clknet_2_1__leaf_CLK (net)
                  0.06    0.00    0.27 ^ _212_/CLK (sky130_fd_sc_hd__dfxtp_1)
     3    0.01    0.04    0.31    0.59 v _212_/Q (sky130_fd_sc_hd__dfxtp_1)
                                         x4.A (net)
                  0.04    0.00    0.59 v _091_/B (sky130_fd_sc_hd__nor2_1)
     2    0.00    0.11    0.10    0.69 ^ _091_/Y (sky130_fd_sc_hd__nor2_1)
                                         _042_ (net)
                  0.11    0.00    0.69 ^ _092_/B (sky130_fd_sc_hd__or2_1)
     2    0.01    0.08    0.14    0.82 ^ _092_/X (sky130_fd_sc_hd__or2_1)
                                         _043_ (net)
                  0.08    0.00    0.82 ^ _173_/A (sky130_fd_sc_hd__xor2_1)
     1    0.00    0.04    0.07    0.89 v _173_/X (sky130_fd_sc_hd__xor2_1)
                                         x76.Si (net)
                  0.04    0.00    0.89 v _195_/D (sky130_fd_sc_hd__dfxtp_1)
                                  0.89   data arrival time

                          0.00    0.00   clock core_clock (rise edge)
                          0.00    0.00   clock source latency
     1    0.01    0.00    0.00    0.00 ^ CLK (in)
                                         CLK (net)
                  0.00    0.00    0.00 ^ clkbuf_0_CLK/A (sky130_fd_sc_hd__clkbuf_16)
     4    0.04    0.06    0.12    0.12 ^ clkbuf_0_CLK/X (sky130_fd_sc_hd__clkbuf_16)
                                         clknet_0_CLK (net)
                  0.06    0.00    0.12 ^ clkbuf_2_2__f_CLK/A (sky130_fd_sc_hd__clkbuf_16)
    12    0.04    0.06    0.15    0.27 ^ clkbuf_2_2__f_CLK/X (sky130_fd_sc_hd__clkbuf_16)
                                         clknet_2_2__leaf_CLK (net)
                  0.06    0.00    0.27 ^ _195_/CLK (sky130_fd_sc_hd__dfxtp_1)
                          0.00    0.27   clock reconvergence pessimism
                         -0.05    0.22   library hold time
                                  0.22   data required time
-----------------------------------------------------------------------------
                                  0.22   data required time
                                 -0.89   data arrival time
-----------------------------------------------------------------------------
                                  0.67   slack (MET)


Startpoint: _221_ (rising edge-triggered flip-flop clocked by core_clock)
Endpoint: _205_ (rising edge-triggered flip-flop clocked by core_clock)
Path Group: core_clock
Path Type: min

Fanout     Cap    Slew   Delay    Time   Description
-----------------------------------------------------------------------------
                          0.00    0.00   clock core_clock (rise edge)
                          0.00    0.00   clock source latency
     1    0.01    0.00    0.00    0.00 ^ CLK (in)
                                         CLK (net)
                  0.00    0.00    0.00 ^ clkbuf_0_CLK/A (sky130_fd_sc_hd__clkbuf_16)
     4    0.04    0.06    0.12    0.12 ^ clkbuf_0_CLK/X (sky130_fd_sc_hd__clkbuf_16)
                                         clknet_0_CLK (net)
                  0.06    0.00    0.12 ^ clkbuf_2_3__f_CLK/A (sky130_fd_sc_hd__clkbuf_16)
    10    0.04    0.06    0.14    0.27 ^ clkbuf_2_3__f_CLK/X (sky130_fd_sc_hd__clkbuf_16)
                                         clknet_2_3__leaf_CLK (net)
                  0.06    0.00    0.27 ^ _221_/CLK (sky130_fd_sc_hd__dfxtp_1)
     2    0.00    0.06    0.32    0.59 ^ _221_/Q (sky130_fd_sc_hd__dfxtp_1)
                                         x35.A (net)
                  0.06    0.00    0.59 ^ _134_/B (sky130_fd_sc_hd__or2_1)
     3    0.01    0.09    0.13    0.72 ^ _134_/X (sky130_fd_sc_hd__or2_1)
                                         _085_ (net)
                  0.09    0.00    0.72 ^ _148_/A1 (sky130_fd_sc_hd__a21bo_1)
     1    0.01    0.05    0.13    0.84 ^ _148_/X (sky130_fd_sc_hd__a21bo_1)
                                         _011_ (net)
                  0.05    0.00    0.84 ^ _150_/A (sky130_fd_sc_hd__xnor2_1)
     1    0.00    0.03    0.06    0.90 v _150_/Y (sky130_fd_sc_hd__xnor2_1)
                                         x66.Si (net)
                  0.03    0.00    0.90 v _205_/D (sky130_fd_sc_hd__dfxtp_1)
                                  0.90   data arrival time

                          0.00    0.00   clock core_clock (rise edge)
                          0.00    0.00   clock source latency
     1    0.01    0.00    0.00    0.00 ^ CLK (in)
                                         CLK (net)
                  0.00    0.00    0.00 ^ clkbuf_0_CLK/A (sky130_fd_sc_hd__clkbuf_16)
     4    0.04    0.06    0.12    0.12 ^ clkbuf_0_CLK/X (sky130_fd_sc_hd__clkbuf_16)
                                         clknet_0_CLK (net)
                  0.06    0.00    0.12 ^ clkbuf_2_3__f_CLK/A (sky130_fd_sc_hd__clkbuf_16)
    10    0.04    0.06    0.14    0.27 ^ clkbuf_2_3__f_CLK/X (sky130_fd_sc_hd__clkbuf_16)
                                         clknet_2_3__leaf_CLK (net)
                  0.06    0.00    0.27 ^ _205_/CLK (sky130_fd_sc_hd__dfxtp_1)
                          0.00    0.27   clock reconvergence pessimism
                         -0.05    0.22   library hold time
                                  0.22   data required time
-----------------------------------------------------------------------------
                                  0.22   data required time
                                 -0.90   data arrival time
-----------------------------------------------------------------------------
                                  0.68   slack (MET)


Startpoint: _230_ (rising edge-triggered flip-flop clocked by core_clock)
Endpoint: _197_ (rising edge-triggered flip-flop clocked by core_clock)
Path Group: core_clock
Path Type: min

Fanout     Cap    Slew   Delay    Time   Description
-----------------------------------------------------------------------------
                          0.00    0.00   clock core_clock (rise edge)
                          0.00    0.00   clock source latency
     1    0.01    0.00    0.00    0.00 ^ CLK (in)
                                         CLK (net)
                  0.00    0.00    0.00 ^ clkbuf_0_CLK/A (sky130_fd_sc_hd__clkbuf_16)
     4    0.04    0.06    0.12    0.12 ^ clkbuf_0_CLK/X (sky130_fd_sc_hd__clkbuf_16)
                                         clknet_0_CLK (net)
                  0.06    0.00    0.12 ^ clkbuf_2_0__f_CLK/A (sky130_fd_sc_hd__clkbuf_16)
    13    0.04    0.06    0.15    0.27 ^ clkbuf_2_0__f_CLK/X (sky130_fd_sc_hd__clkbuf_16)
                                         clknet_2_0__leaf_CLK (net)
                  0.06    0.00    0.27 ^ _230_/CLK (sky130_fd_sc_hd__dfxtp_1)
     3    0.01    0.11    0.36    0.63 ^ _230_/Q (sky130_fd_sc_hd__dfxtp_1)
                                         x2.B (net)
                  0.11    0.00    0.63 ^ _109_/A (sky130_fd_sc_hd__xor2_1)
     3    0.01    0.06    0.11    0.74 v _109_/X (sky130_fd_sc_hd__xor2_1)
                                         _060_ (net)
                  0.06    0.00    0.74 v _110_/A (sky130_fd_sc_hd__inv_2)
     3    0.02    0.07    0.09    0.83 ^ _110_/Y (sky130_fd_sc_hd__inv_2)
                                         _061_ (net)
                  0.07    0.00    0.83 ^ _170_/A3 (sky130_fd_sc_hd__o31a_1)
     1    0.00    0.05    0.12    0.95 ^ _170_/X (sky130_fd_sc_hd__o31a_1)
                                         x74.Si (net)
                  0.05    0.00    0.95 ^ _197_/D (sky130_fd_sc_hd__dfxtp_1)
                                  0.95   data arrival time

                          0.00    0.00   clock core_clock (rise edge)
                          0.00    0.00   clock source latency
     1    0.01    0.00    0.00    0.00 ^ CLK (in)
                                         CLK (net)
                  0.00    0.00    0.00 ^ clkbuf_0_CLK/A (sky130_fd_sc_hd__clkbuf_16)
     4    0.04    0.06    0.12    0.12 ^ clkbuf_0_CLK/X (sky130_fd_sc_hd__clkbuf_16)
                                         clknet_0_CLK (net)
                  0.06    0.00    0.12 ^ clkbuf_2_0__f_CLK/A (sky130_fd_sc_hd__clkbuf_16)
    13    0.04    0.06    0.15    0.27 ^ clkbuf_2_0__f_CLK/X (sky130_fd_sc_hd__clkbuf_16)
                                         clknet_2_0__leaf_CLK (net)
                  0.06    0.00    0.27 ^ _197_/CLK (sky130_fd_sc_hd__dfxtp_1)
                          0.00    0.27   clock reconvergence pessimism
                         -0.03    0.24   library hold time
                                  0.24   data required time
-----------------------------------------------------------------------------
                                  0.24   data required time
                                 -0.95   data arrival time
-----------------------------------------------------------------------------
                                  0.71   slack (MET)



worst slack corner Typical: 0.5663
