OpenSTA 2.5.0 GITDIR-NOT Copyright (c) 2024, Parallax Software, Inc.
License GPLv3: GNU GPL version 3 <http://gnu.org/licenses/gpl.html>

This is free software, and you are free to change and redistribute it
under certain conditions; type `show_copying' for details. 
This program comes with ABSOLUTELY NO WARRANTY; for details type `show_warranty'.
define_corners Typical
read_liberty -corner Typical /volare/sky130A/libs.ref/sky130_fd_sc_hd/lib/sky130_fd_sc_hd__tt_025C_1v80.lib
Using 1e-12 for capacitance...
Using 1e+03 for resistance...
Using 1e-09 for time...
Using 1e+00 for voltage...
Using 1e-03 for current...
Using 1e-09 for power...
Using 1e-06 for distance...
Reading netlist '/openlane/designs/bka/runs/auto_pnr/results/synthesis/bka.v'…
Reading design constraints file at '/openlane/designs/bka/src/bka.sdc'…
min_report

===========================================================================
report_checks -path_delay min (Hold)
============================================================================
======================= Typical Corner ===================================

Startpoint: _227_ (rising edge-triggered flip-flop clocked by core_clock)
Endpoint: _194_ (rising edge-triggered flip-flop clocked by core_clock)
Path Group: core_clock
Path Type: min

Fanout     Cap    Slew   Delay    Time   Description
-----------------------------------------------------------------------------
                  0.00    0.00    0.00   clock core_clock (rise edge)
                          0.00    0.00   clock network delay (ideal)
                  0.00    0.00    0.00 ^ _227_/CLK (sky130_fd_sc_hd__dfxtp_2)
     3    0.01    0.05    0.31    0.31 ^ _227_/Q (sky130_fd_sc_hd__dfxtp_2)
                                         x5.B (net)
                  0.05    0.00    0.31 ^ _174_/A (sky130_fd_sc_hd__nand2_2)
     1    0.00    0.03    0.04    0.35 v _174_/Y (sky130_fd_sc_hd__nand2_2)
                                         _026_ (net)
                  0.03    0.00    0.35 v _175_/B (sky130_fd_sc_hd__nand2_2)
     1    0.01    0.06    0.07    0.42 ^ _175_/Y (sky130_fd_sc_hd__nand2_2)
                                         _027_ (net)
                  0.06    0.00    0.42 ^ _179_/A (sky130_fd_sc_hd__xnor2_2)
     1    0.00    0.03    0.06    0.48 v _179_/Y (sky130_fd_sc_hd__xnor2_2)
                                         x77.Si (net)
                  0.03    0.00    0.48 v _194_/D (sky130_fd_sc_hd__dfxtp_2)
                                  0.48   data arrival time

                  0.00    0.00    0.00   clock core_clock (rise edge)
                          0.00    0.00   clock network delay (ideal)
                          0.00    0.00   clock reconvergence pessimism
                                  0.00 ^ _194_/CLK (sky130_fd_sc_hd__dfxtp_2)
                         -0.05   -0.05   library hold time
                                 -0.05   data required time
-----------------------------------------------------------------------------
                                 -0.05   data required time
                                 -0.48   data arrival time
-----------------------------------------------------------------------------
                                  0.53   slack (MET)


Startpoint: _229_ (rising edge-triggered flip-flop clocked by core_clock)
Endpoint: _196_ (rising edge-triggered flip-flop clocked by core_clock)
Path Group: core_clock
Path Type: min

Fanout     Cap    Slew   Delay    Time   Description
-----------------------------------------------------------------------------
                  0.00    0.00    0.00   clock core_clock (rise edge)
                          0.00    0.00   clock network delay (ideal)
                  0.00    0.00    0.00 ^ _229_/CLK (sky130_fd_sc_hd__dfxtp_2)
     3    0.01    0.06    0.31    0.31 ^ _229_/Q (sky130_fd_sc_hd__dfxtp_2)
                                         x3.B (net)
                  0.06    0.00    0.31 ^ _093_/A (sky130_fd_sc_hd__nand2_2)
     1    0.00    0.03    0.05    0.36 v _093_/Y (sky130_fd_sc_hd__nand2_2)
                                         _044_ (net)
                  0.03    0.00    0.36 v _095_/A (sky130_fd_sc_hd__nand2_2)
     2    0.01    0.07    0.07    0.42 ^ _095_/Y (sky130_fd_sc_hd__nand2_2)
                                         _046_ (net)
                  0.07    0.00    0.42 ^ _172_/A (sky130_fd_sc_hd__xnor2_2)
     1    0.00    0.03    0.06    0.48 v _172_/Y (sky130_fd_sc_hd__xnor2_2)
                                         x75.Si (net)
                  0.03    0.00    0.48 v _196_/D (sky130_fd_sc_hd__dfxtp_2)
                                  0.48   data arrival time

                  0.00    0.00    0.00   clock core_clock (rise edge)
                          0.00    0.00   clock network delay (ideal)
                          0.00    0.00   clock reconvergence pessimism
                                  0.00 ^ _196_/CLK (sky130_fd_sc_hd__dfxtp_2)
                         -0.05   -0.05   library hold time
                                 -0.05   data required time
-----------------------------------------------------------------------------
                                 -0.05   data required time
                                 -0.48   data arrival time
-----------------------------------------------------------------------------
                                  0.53   slack (MET)


Startpoint: _232_ (rising edge-triggered flip-flop clocked by core_clock)
Endpoint: _200_ (rising edge-triggered flip-flop clocked by core_clock)
Path Group: core_clock
Path Type: min

Fanout     Cap    Slew   Delay    Time   Description
-----------------------------------------------------------------------------
                  0.00    0.00    0.00   clock core_clock (rise edge)
                          0.00    0.00   clock network delay (ideal)
                  0.00    0.00    0.00 ^ _232_/CLK (sky130_fd_sc_hd__dfxtp_2)
     4    0.02    0.11    0.35    0.35 ^ _232_/Q (sky130_fd_sc_hd__dfxtp_2)
                                         x12.B (net)
                  0.11    0.00    0.35 ^ _161_/A1 (sky130_fd_sc_hd__a21oi_2)
     1    0.01    0.03    0.08    0.42 v _161_/Y (sky130_fd_sc_hd__a21oi_2)
                                         _019_ (net)
                  0.03    0.00    0.42 v _162_/B (sky130_fd_sc_hd__xnor2_2)
     1    0.00    0.03    0.09    0.52 ^ _162_/Y (sky130_fd_sc_hd__xnor2_2)
                                         x71.Si (net)
                  0.03    0.00    0.52 ^ _200_/D (sky130_fd_sc_hd__dfxtp_2)
                                  0.52   data arrival time

                  0.00    0.00    0.00   clock core_clock (rise edge)
                          0.00    0.00   clock network delay (ideal)
                          0.00    0.00   clock reconvergence pessimism
                                  0.00 ^ _200_/CLK (sky130_fd_sc_hd__dfxtp_2)
                         -0.03   -0.03   library hold time
                                 -0.03   data required time
-----------------------------------------------------------------------------
                                 -0.03   data required time
                                 -0.52   data arrival time
-----------------------------------------------------------------------------
                                  0.55   slack (MET)


Startpoint: _224_ (rising edge-triggered flip-flop clocked by core_clock)
Endpoint: _192_ (rising edge-triggered flip-flop clocked by core_clock)
Path Group: core_clock
Path Type: min

Fanout     Cap    Slew   Delay    Time   Description
-----------------------------------------------------------------------------
                  0.00    0.00    0.00   clock core_clock (rise edge)
                          0.00    0.00   clock network delay (ideal)
                  0.00    0.00    0.00 ^ _224_/CLK (sky130_fd_sc_hd__dfxtp_2)
     3    0.01    0.06    0.31    0.31 ^ _224_/Q (sky130_fd_sc_hd__dfxtp_2)
                                         x8.B (net)
                  0.06    0.00    0.31 ^ _098_/A (sky130_fd_sc_hd__nand2_2)
     4    0.01    0.06    0.07    0.38 v _098_/Y (sky130_fd_sc_hd__nand2_2)
                                         _049_ (net)
                  0.06    0.00    0.38 v _183_/A (sky130_fd_sc_hd__nand2_2)
     1    0.01    0.06    0.07    0.45 ^ _183_/Y (sky130_fd_sc_hd__nand2_2)
                                         _033_ (net)
                  0.06    0.00    0.45 ^ _184_/B (sky130_fd_sc_hd__xor2_2)
     1    0.00    0.03    0.05    0.50 v _184_/X (sky130_fd_sc_hd__xor2_2)
                                         x79.Si (net)
                  0.03    0.00    0.50 v _192_/D (sky130_fd_sc_hd__dfxtp_2)
                                  0.50   data arrival time

                  0.00    0.00    0.00   clock core_clock (rise edge)
                          0.00    0.00   clock network delay (ideal)
                          0.00    0.00   clock reconvergence pessimism
                                  0.00 ^ _192_/CLK (sky130_fd_sc_hd__dfxtp_2)
                         -0.05   -0.05   library hold time
                                 -0.05   data required time
-----------------------------------------------------------------------------
                                 -0.05   data required time
                                 -0.50   data arrival time
-----------------------------------------------------------------------------
                                  0.55   slack (MET)


Startpoint: _236_ (rising edge-triggered flip-flop clocked by core_clock)
Endpoint: _203_ (rising edge-triggered flip-flop clocked by core_clock)
Path Group: core_clock
Path Type: min

Fanout     Cap    Slew   Delay    Time   Description
-----------------------------------------------------------------------------
                  0.00    0.00    0.00   clock core_clock (rise edge)
                          0.00    0.00   clock network delay (ideal)
                  0.00    0.00    0.00 ^ _236_/CLK (sky130_fd_sc_hd__dfxtp_2)
     2    0.01    0.05    0.30    0.30 ^ _236_/Q (sky130_fd_sc_hd__dfxtp_2)
                                         x36.B (net)
                  0.05    0.00    0.30 ^ _138_/A (sky130_fd_sc_hd__nand2_2)
     3    0.01    0.05    0.06    0.36 v _138_/Y (sky130_fd_sc_hd__nand2_2)
                                         _002_ (net)
                  0.05    0.00    0.36 v _139_/B (sky130_fd_sc_hd__nand2_2)
     2    0.01    0.08    0.09    0.45 ^ _139_/Y (sky130_fd_sc_hd__nand2_2)
                                         _003_ (net)
                  0.08    0.00    0.45 ^ _154_/B (sky130_fd_sc_hd__xnor2_2)
     1    0.00    0.03    0.05    0.51 v _154_/Y (sky130_fd_sc_hd__xnor2_2)
                                         x68.Si (net)
                  0.03    0.00    0.51 v _203_/D (sky130_fd_sc_hd__dfxtp_2)
                                  0.51   data arrival time

                  0.00    0.00    0.00   clock core_clock (rise edge)
                          0.00    0.00   clock network delay (ideal)
                          0.00    0.00   clock reconvergence pessimism
                                  0.00 ^ _203_/CLK (sky130_fd_sc_hd__dfxtp_2)
                         -0.05   -0.05   library hold time
                                 -0.05   data required time
-----------------------------------------------------------------------------
                                 -0.05   data required time
                                 -0.51   data arrival time
-----------------------------------------------------------------------------
                                  0.56   slack (MET)


Startpoint: _239_ (rising edge-triggered flip-flop clocked by core_clock)
Endpoint: _207_ (rising edge-triggered flip-flop clocked by core_clock)
Path Group: core_clock
Path Type: min

Fanout     Cap    Slew   Delay    Time   Description
-----------------------------------------------------------------------------
                  0.00    0.00    0.00   clock core_clock (rise edge)
                          0.00    0.00   clock network delay (ideal)
                  0.00    0.00    0.00 ^ _239_/CLK (sky130_fd_sc_hd__dfxtp_2)
     3    0.01    0.07    0.32    0.32 ^ _239_/Q (sky130_fd_sc_hd__dfxtp_2)
                                         x33.B (net)
                  0.07    0.00    0.32 ^ _087_/A (sky130_fd_sc_hd__nand2_2)
     2    0.01    0.04    0.05    0.37 v _087_/Y (sky130_fd_sc_hd__nand2_2)
                                         _038_ (net)
                  0.04    0.00    0.37 v _189_/B1 (sky130_fd_sc_hd__o31a_2)
     1    0.00    0.03    0.11    0.48 v _189_/X (sky130_fd_sc_hd__o31a_2)
                                         _037_ (net)
                  0.03    0.00    0.48 v _190_/B1 (sky130_fd_sc_hd__o31ai_2)
     1    0.00    0.04    0.04    0.52 ^ _190_/Y (sky130_fd_sc_hd__o31ai_2)
                                         x49.G (net)
                  0.04    0.00    0.52 ^ _207_/D (sky130_fd_sc_hd__dfxtp_2)
                                  0.52   data arrival time

                  0.00    0.00    0.00   clock core_clock (rise edge)
                          0.00    0.00   clock network delay (ideal)
                          0.00    0.00   clock reconvergence pessimism
                                  0.00 ^ _207_/CLK (sky130_fd_sc_hd__dfxtp_2)
                         -0.04   -0.04   library hold time
                                 -0.04   data required time
-----------------------------------------------------------------------------
                                 -0.04   data required time
                                 -0.52   data arrival time
-----------------------------------------------------------------------------
                                  0.56   slack (MET)


Startpoint: _237_ (rising edge-triggered flip-flop clocked by core_clock)
Endpoint: _204_ (rising edge-triggered flip-flop clocked by core_clock)
Path Group: core_clock
Path Type: min

Fanout     Cap    Slew   Delay    Time   Description
-----------------------------------------------------------------------------
                  0.00    0.00    0.00   clock core_clock (rise edge)
                          0.00    0.00   clock network delay (ideal)
                  0.00    0.00    0.00 ^ _237_/CLK (sky130_fd_sc_hd__dfxtp_2)
     2    0.01    0.05    0.30    0.30 ^ _237_/Q (sky130_fd_sc_hd__dfxtp_2)
                                         x35.B (net)
                  0.05    0.00    0.30 ^ _135_/A (sky130_fd_sc_hd__nand2_2)
     2    0.01    0.04    0.05    0.36 v _135_/Y (sky130_fd_sc_hd__nand2_2)
                                         _086_ (net)
                  0.04    0.00    0.36 v _136_/B (sky130_fd_sc_hd__nand2_2)
     2    0.01    0.08    0.09    0.45 ^ _136_/Y (sky130_fd_sc_hd__nand2_2)
                                         _000_ (net)
                  0.08    0.00    0.45 ^ _153_/A (sky130_fd_sc_hd__xnor2_2)
     1    0.00    0.02    0.06    0.51 v _153_/Y (sky130_fd_sc_hd__xnor2_2)
                                         x67.Si (net)
                  0.02    0.00    0.51 v _204_/D (sky130_fd_sc_hd__dfxtp_2)
                                  0.51   data arrival time

                  0.00    0.00    0.00   clock core_clock (rise edge)
                          0.00    0.00   clock network delay (ideal)
                          0.00    0.00   clock reconvergence pessimism
                                  0.00 ^ _204_/CLK (sky130_fd_sc_hd__dfxtp_2)
                         -0.05   -0.05   library hold time
                                 -0.05   data required time
-----------------------------------------------------------------------------
                                 -0.05   data required time
                                 -0.51   data arrival time
-----------------------------------------------------------------------------
                                  0.56   slack (MET)


Startpoint: _239_ (rising edge-triggered flip-flop clocked by core_clock)
Endpoint: _206_ (rising edge-triggered flip-flop clocked by core_clock)
Path Group: core_clock
Path Type: min

Fanout     Cap    Slew   Delay    Time   Description
-----------------------------------------------------------------------------
                  0.00    0.00    0.00   clock core_clock (rise edge)
                          0.00    0.00   clock network delay (ideal)
                  0.00    0.00    0.00 ^ _239_/CLK (sky130_fd_sc_hd__dfxtp_2)
     3    0.01    0.07    0.32    0.32 ^ _239_/Q (sky130_fd_sc_hd__dfxtp_2)
                                         x33.B (net)
                  0.07    0.00    0.32 ^ _087_/A (sky130_fd_sc_hd__nand2_2)
     2    0.01    0.04    0.05    0.37 v _087_/Y (sky130_fd_sc_hd__nand2_2)
                                         _038_ (net)
                  0.04    0.00    0.37 v _089_/A (sky130_fd_sc_hd__nand2_2)
     2    0.01    0.08    0.08    0.46 ^ _089_/Y (sky130_fd_sc_hd__nand2_2)
                                         _040_ (net)
                  0.08    0.00    0.46 ^ _147_/A (sky130_fd_sc_hd__xnor2_2)
     1    0.00    0.03    0.06    0.52 v _147_/Y (sky130_fd_sc_hd__xnor2_2)
                                         x65.Si (net)
                  0.03    0.00    0.52 v _206_/D (sky130_fd_sc_hd__dfxtp_2)
                                  0.52   data arrival time

                  0.00    0.00    0.00   clock core_clock (rise edge)
                          0.00    0.00   clock network delay (ideal)
                          0.00    0.00   clock reconvergence pessimism
                                  0.00 ^ _206_/CLK (sky130_fd_sc_hd__dfxtp_2)
                         -0.05   -0.05   library hold time
                                 -0.05   data required time
-----------------------------------------------------------------------------
                                 -0.05   data required time
                                 -0.52   data arrival time
-----------------------------------------------------------------------------
                                  0.57   slack (MET)


Startpoint: _216_ (rising edge-triggered flip-flop clocked by core_clock)
Endpoint: _199_ (rising edge-triggered flip-flop clocked by core_clock)
Path Group: core_clock
Path Type: min

Fanout     Cap    Slew   Delay    Time   Description
-----------------------------------------------------------------------------
                  0.00    0.00    0.00   clock core_clock (rise edge)
                          0.00    0.00   clock network delay (ideal)
                  0.00    0.00    0.00 ^ _216_/CLK (sky130_fd_sc_hd__dfxtp_2)
     4    0.02    0.10    0.35    0.35 ^ _216_/Q (sky130_fd_sc_hd__dfxtp_2)
                                         x12.A (net)
                  0.10    0.00    0.35 ^ _119_/B (sky130_fd_sc_hd__xor2_2)
     2    0.01    0.05    0.09    0.44 v _119_/X (sky130_fd_sc_hd__xor2_2)
                                         _070_ (net)
                  0.05    0.00    0.44 v _163_/B (sky130_fd_sc_hd__xor2_2)
     1    0.00    0.06    0.10    0.53 ^ _163_/X (sky130_fd_sc_hd__xor2_2)
                                         x72.Si (net)
                  0.06    0.00    0.53 ^ _199_/D (sky130_fd_sc_hd__dfxtp_2)
                                  0.53   data arrival time

                  0.00    0.00    0.00   clock core_clock (rise edge)
                          0.00    0.00   clock network delay (ideal)
                          0.00    0.00   clock reconvergence pessimism
                                  0.00 ^ _199_/CLK (sky130_fd_sc_hd__dfxtp_2)
                         -0.04   -0.04   library hold time
                                 -0.04   data required time
-----------------------------------------------------------------------------
                                 -0.04   data required time
                                 -0.53   data arrival time
-----------------------------------------------------------------------------
                                  0.57   slack (MET)


Startpoint: _240_ (rising edge-triggered flip-flop clocked by core_clock)
Endpoint: _198_ (rising edge-triggered flip-flop clocked by core_clock)
Path Group: core_clock
Path Type: min

Fanout     Cap    Slew   Delay    Time   Description
-----------------------------------------------------------------------------
                  0.00    0.00    0.00   clock core_clock (rise edge)
                          0.00    0.00   clock network delay (ideal)
                  0.00    0.00    0.00 ^ _240_/CLK (sky130_fd_sc_hd__dfxtp_2)
     4    0.01    0.07    0.32    0.32 ^ _240_/Q (sky130_fd_sc_hd__dfxtp_2)
                                         x49.G1 (net)
                  0.07    0.00    0.32 ^ _165_/B2 (sky130_fd_sc_hd__a22o_2)
     1    0.01    0.06    0.15    0.47 ^ _165_/X (sky130_fd_sc_hd__a22o_2)
                                         _021_ (net)
                  0.06    0.00    0.47 ^ _167_/A (sky130_fd_sc_hd__xnor2_2)
     1    0.00    0.03    0.06    0.53 v _167_/Y (sky130_fd_sc_hd__xnor2_2)
                                         x73.Si (net)
                  0.03    0.00    0.53 v _198_/D (sky130_fd_sc_hd__dfxtp_2)
                                  0.53   data arrival time

                  0.00    0.00    0.00   clock core_clock (rise edge)
                          0.00    0.00   clock network delay (ideal)
                          0.00    0.00   clock reconvergence pessimism
                                  0.00 ^ _198_/CLK (sky130_fd_sc_hd__dfxtp_2)
                         -0.05   -0.05   library hold time
                                 -0.05   data required time
-----------------------------------------------------------------------------
                                 -0.05   data required time
                                 -0.53   data arrival time
-----------------------------------------------------------------------------
                                  0.58   slack (MET)


Startpoint: _240_ (rising edge-triggered flip-flop clocked by core_clock)
Endpoint: _191_ (rising edge-triggered flip-flop clocked by core_clock)
Path Group: core_clock
Path Type: min

Fanout     Cap    Slew   Delay    Time   Description
-----------------------------------------------------------------------------
                  0.00    0.00    0.00   clock core_clock (rise edge)
                          0.00    0.00   clock network delay (ideal)
                  0.00    0.00    0.00 ^ _240_/CLK (sky130_fd_sc_hd__dfxtp_2)
     4    0.01    0.04    0.31    0.31 v _240_/Q (sky130_fd_sc_hd__dfxtp_2)
                                         x49.G1 (net)
                  0.04    0.00    0.31 v _182_/A (sky130_fd_sc_hd__nand3_2)
     2    0.01    0.05    0.06    0.37 ^ _182_/Y (sky130_fd_sc_hd__nand3_2)
                                         _032_ (net)
                  0.05    0.00    0.37 ^ _186_/A (sky130_fd_sc_hd__and2_2)
     1    0.00    0.03    0.12    0.49 ^ _186_/X (sky130_fd_sc_hd__and2_2)
                                         _035_ (net)
                  0.03    0.00    0.49 ^ _187_/A (sky130_fd_sc_hd__buf_1)
     1    0.00    0.03    0.07    0.55 ^ _187_/X (sky130_fd_sc_hd__buf_1)
                                         x80.Si (net)
                  0.03    0.00    0.55 ^ _191_/D (sky130_fd_sc_hd__dfxtp_2)
                                  0.55   data arrival time

                  0.00    0.00    0.00   clock core_clock (rise edge)
                          0.00    0.00   clock network delay (ideal)
                          0.00    0.00   clock reconvergence pessimism
                                  0.00 ^ _191_/CLK (sky130_fd_sc_hd__dfxtp_2)
                         -0.03   -0.03   library hold time
                                 -0.03   data required time
-----------------------------------------------------------------------------
                                 -0.03   data required time
                                 -0.55   data arrival time
-----------------------------------------------------------------------------
                                  0.59   slack (MET)


Startpoint: _210_ (rising edge-triggered flip-flop clocked by core_clock)
Endpoint: _193_ (rising edge-triggered flip-flop clocked by core_clock)
Path Group: core_clock
Path Type: min

Fanout     Cap    Slew   Delay    Time   Description
-----------------------------------------------------------------------------
                  0.00    0.00    0.00   clock core_clock (rise edge)
                          0.00    0.00   clock network delay (ideal)
                  0.00    0.00    0.00 ^ _210_/CLK (sky130_fd_sc_hd__dfxtp_2)
     3    0.01    0.06    0.31    0.31 ^ _210_/Q (sky130_fd_sc_hd__dfxtp_2)
                                         x6.A (net)
                  0.06    0.00    0.31 ^ _176_/B (sky130_fd_sc_hd__nor2_2)
     2    0.01    0.03    0.04    0.36 v _176_/Y (sky130_fd_sc_hd__nor2_2)
                                         _028_ (net)
                  0.03    0.00    0.36 v _180_/B (sky130_fd_sc_hd__nor2_2)
     1    0.01    0.13    0.11    0.47 ^ _180_/Y (sky130_fd_sc_hd__nor2_2)
                                         _031_ (net)
                  0.13    0.00    0.47 ^ _181_/A (sky130_fd_sc_hd__xnor2_2)
     1    0.00    0.03    0.07    0.54 v _181_/Y (sky130_fd_sc_hd__xnor2_2)
                                         x78.Si (net)
                  0.03    0.00    0.54 v _193_/D (sky130_fd_sc_hd__dfxtp_2)
                                  0.54   data arrival time

                  0.00    0.00    0.00   clock core_clock (rise edge)
                          0.00    0.00   clock network delay (ideal)
                          0.00    0.00   clock reconvergence pessimism
                                  0.00 ^ _193_/CLK (sky130_fd_sc_hd__dfxtp_2)
                         -0.05   -0.05   library hold time
                                 -0.05   data required time
-----------------------------------------------------------------------------
                                 -0.05   data required time
                                 -0.54   data arrival time
-----------------------------------------------------------------------------
                                  0.59   slack (MET)


Startpoint: _219_ (rising edge-triggered flip-flop clocked by core_clock)
Endpoint: _202_ (rising edge-triggered flip-flop clocked by core_clock)
Path Group: core_clock
Path Type: min

Fanout     Cap    Slew   Delay    Time   Description
-----------------------------------------------------------------------------
                  0.00    0.00    0.00   clock core_clock (rise edge)
                          0.00    0.00   clock network delay (ideal)
                  0.00    0.00    0.00 ^ _219_/CLK (sky130_fd_sc_hd__dfxtp_2)
     2    0.01    0.03    0.29    0.29 v _219_/Q (sky130_fd_sc_hd__dfxtp_2)
                                         x9.A (net)
                  0.03    0.00    0.29 v _128_/B (sky130_fd_sc_hd__nor2_2)
     1    0.00    0.08    0.08    0.37 ^ _128_/Y (sky130_fd_sc_hd__nor2_2)
                                         _079_ (net)
                  0.08    0.00    0.37 ^ _129_/B (sky130_fd_sc_hd__nor2_2)
     3    0.01    0.04    0.06    0.43 v _129_/Y (sky130_fd_sc_hd__nor2_2)
                                         _080_ (net)
                  0.04    0.00    0.43 v _157_/A (sky130_fd_sc_hd__xor2_2)
     1    0.00    0.06    0.12    0.55 ^ _157_/X (sky130_fd_sc_hd__xor2_2)
                                         x69.Si (net)
                  0.06    0.00    0.55 ^ _202_/D (sky130_fd_sc_hd__dfxtp_2)
                                  0.55   data arrival time

                  0.00    0.00    0.00   clock core_clock (rise edge)
                          0.00    0.00   clock network delay (ideal)
                          0.00    0.00   clock reconvergence pessimism
                                  0.00 ^ _202_/CLK (sky130_fd_sc_hd__dfxtp_2)
                         -0.04   -0.04   library hold time
                                 -0.04   data required time
-----------------------------------------------------------------------------
                                 -0.04   data required time
                                 -0.55   data arrival time
-----------------------------------------------------------------------------
                                  0.59   slack (MET)


Startpoint: _234_ (rising edge-triggered flip-flop clocked by core_clock)
Endpoint: _201_ (rising edge-triggered flip-flop clocked by core_clock)
Path Group: core_clock
Path Type: min

Fanout     Cap    Slew   Delay    Time   Description
-----------------------------------------------------------------------------
                  0.00    0.00    0.00   clock core_clock (rise edge)
                          0.00    0.00   clock network delay (ideal)
                  0.00    0.00    0.00 ^ _234_/CLK (sky130_fd_sc_hd__dfxtp_2)
     3    0.01    0.04    0.30    0.30 v _234_/Q (sky130_fd_sc_hd__dfxtp_2)
                                         x10.B (net)
                  0.04    0.00    0.30 v _124_/A (sky130_fd_sc_hd__nand2_2)
     1    0.00    0.02    0.04    0.34 ^ _124_/Y (sky130_fd_sc_hd__nand2_2)
                                         _075_ (net)
                  0.02    0.00    0.34 ^ _126_/A (sky130_fd_sc_hd__and2_2)
     2    0.01    0.07    0.15    0.49 ^ _126_/X (sky130_fd_sc_hd__and2_2)
                                         _077_ (net)
                  0.07    0.00    0.49 ^ _159_/A (sky130_fd_sc_hd__xnor2_2)
     1    0.00    0.03    0.06    0.55 v _159_/Y (sky130_fd_sc_hd__xnor2_2)
                                         x70.Si (net)
                  0.03    0.00    0.55 v _201_/D (sky130_fd_sc_hd__dfxtp_2)
                                  0.55   data arrival time

                  0.00    0.00    0.00   clock core_clock (rise edge)
                          0.00    0.00   clock network delay (ideal)
                          0.00    0.00   clock reconvergence pessimism
                                  0.00 ^ _201_/CLK (sky130_fd_sc_hd__dfxtp_2)
                         -0.05   -0.05   library hold time
                                 -0.05   data required time
-----------------------------------------------------------------------------
                                 -0.05   data required time
                                 -0.55   data arrival time
-----------------------------------------------------------------------------
                                  0.60   slack (MET)


Startpoint: _214_ (rising edge-triggered flip-flop clocked by core_clock)
Endpoint: _197_ (rising edge-triggered flip-flop clocked by core_clock)
Path Group: core_clock
Path Type: min

Fanout     Cap    Slew   Delay    Time   Description
-----------------------------------------------------------------------------
                  0.00    0.00    0.00   clock core_clock (rise edge)
                          0.00    0.00   clock network delay (ideal)
                  0.00    0.00    0.00 ^ _214_/CLK (sky130_fd_sc_hd__dfxtp_2)
     3    0.01    0.08    0.33    0.33 ^ _214_/Q (sky130_fd_sc_hd__dfxtp_2)
                                         x2.A (net)
                  0.08    0.00    0.33 ^ _109_/B (sky130_fd_sc_hd__xor2_2)
     3    0.01    0.05    0.08    0.41 v _109_/X (sky130_fd_sc_hd__xor2_2)
                                         _060_ (net)
                  0.05    0.00    0.41 v _110_/A (sky130_fd_sc_hd__inv_2)
     3    0.01    0.06    0.07    0.48 ^ _110_/Y (sky130_fd_sc_hd__inv_2)
                                         _061_ (net)
                  0.06    0.00    0.48 ^ _170_/A3 (sky130_fd_sc_hd__o31a_2)
     1    0.00    0.03    0.11    0.59 ^ _170_/X (sky130_fd_sc_hd__o31a_2)
                                         x74.Si (net)
                  0.03    0.00    0.59 ^ _197_/D (sky130_fd_sc_hd__dfxtp_2)
                                  0.59   data arrival time

                  0.00    0.00    0.00   clock core_clock (rise edge)
                          0.00    0.00   clock network delay (ideal)
                          0.00    0.00   clock reconvergence pessimism
                                  0.00 ^ _197_/CLK (sky130_fd_sc_hd__dfxtp_2)
                         -0.03   -0.03   library hold time
                                 -0.03   data required time
-----------------------------------------------------------------------------
                                 -0.03   data required time
                                 -0.59   data arrival time
-----------------------------------------------------------------------------
                                  0.63   slack (MET)


Startpoint: _212_ (rising edge-triggered flip-flop clocked by core_clock)
Endpoint: _195_ (rising edge-triggered flip-flop clocked by core_clock)
Path Group: core_clock
Path Type: min

Fanout     Cap    Slew   Delay    Time   Description
-----------------------------------------------------------------------------
                  0.00    0.00    0.00   clock core_clock (rise edge)
                          0.00    0.00   clock network delay (ideal)
                  0.00    0.00    0.00 ^ _212_/CLK (sky130_fd_sc_hd__dfxtp_2)
     3    0.01    0.03    0.30    0.30 v _212_/Q (sky130_fd_sc_hd__dfxtp_2)
                                         x4.A (net)
                  0.03    0.00    0.30 v _091_/B (sky130_fd_sc_hd__nor2_2)
     2    0.01    0.10    0.09    0.39 ^ _091_/Y (sky130_fd_sc_hd__nor2_2)
                                         _042_ (net)
                  0.10    0.00    0.39 ^ _092_/B (sky130_fd_sc_hd__or2_2)
     2    0.01    0.07    0.14    0.53 ^ _092_/X (sky130_fd_sc_hd__or2_2)
                                         _043_ (net)
                  0.07    0.00    0.53 ^ _173_/A (sky130_fd_sc_hd__xor2_2)
     1    0.00    0.03    0.06    0.59 v _173_/X (sky130_fd_sc_hd__xor2_2)
                                         x76.Si (net)
                  0.03    0.00    0.59 v _195_/D (sky130_fd_sc_hd__dfxtp_2)
                                  0.59   data arrival time

                  0.00    0.00    0.00   clock core_clock (rise edge)
                          0.00    0.00   clock network delay (ideal)
                          0.00    0.00   clock reconvergence pessimism
                                  0.00 ^ _195_/CLK (sky130_fd_sc_hd__dfxtp_2)
                         -0.05   -0.05   library hold time
                                 -0.05   data required time
-----------------------------------------------------------------------------
                                 -0.05   data required time
                                 -0.59   data arrival time
-----------------------------------------------------------------------------
                                  0.64   slack (MET)


Startpoint: _222_ (rising edge-triggered flip-flop clocked by core_clock)
Endpoint: _205_ (rising edge-triggered flip-flop clocked by core_clock)
Path Group: core_clock
Path Type: min

Fanout     Cap    Slew   Delay    Time   Description
-----------------------------------------------------------------------------
                  0.00    0.00    0.00   clock core_clock (rise edge)
                          0.00    0.00   clock network delay (ideal)
                  0.00    0.00    0.00 ^ _222_/CLK (sky130_fd_sc_hd__dfxtp_2)
     2    0.01    0.03    0.29    0.29 v _222_/Q (sky130_fd_sc_hd__dfxtp_2)
                                         x34.A (net)
                  0.03    0.00    0.29 v _145_/B (sky130_fd_sc_hd__nor2_2)
     3    0.01    0.12    0.11    0.40 ^ _145_/Y (sky130_fd_sc_hd__nor2_2)
                                         _009_ (net)
                  0.12    0.00    0.40 ^ _149_/A (sky130_fd_sc_hd__or2_2)
     2    0.01    0.08    0.16    0.57 ^ _149_/X (sky130_fd_sc_hd__or2_2)
                                         _012_ (net)
                  0.08    0.00    0.57 ^ _150_/B (sky130_fd_sc_hd__xnor2_2)
     1    0.00    0.03    0.05    0.62 v _150_/Y (sky130_fd_sc_hd__xnor2_2)
                                         x66.Si (net)
                  0.03    0.00    0.62 v _205_/D (sky130_fd_sc_hd__dfxtp_2)
                                  0.62   data arrival time

                  0.00    0.00    0.00   clock core_clock (rise edge)
                          0.00    0.00   clock network delay (ideal)
                          0.00    0.00   clock reconvergence pessimism
                                  0.00 ^ _205_/CLK (sky130_fd_sc_hd__dfxtp_2)
                         -0.05   -0.05   library hold time
                                 -0.05   data required time
-----------------------------------------------------------------------------
                                 -0.05   data required time
                                 -0.62   data arrival time
-----------------------------------------------------------------------------
                                  0.67   slack (MET)



worst slack corner Typical: 0.5289
min_report_end
max_report

===========================================================================
report_checks -path_delay max (Setup)
============================================================================
======================= Typical Corner ===================================

Startpoint: _224_ (rising edge-triggered flip-flop clocked by core_clock)
Endpoint: _204_ (rising edge-triggered flip-flop clocked by core_clock)
Path Group: core_clock
Path Type: max

Fanout     Cap    Slew   Delay    Time   Description
-----------------------------------------------------------------------------
                  0.00    0.00    0.00   clock core_clock (rise edge)
                          0.00    0.00   clock network delay (ideal)
                  0.00    0.00    0.00 ^ _224_/CLK (sky130_fd_sc_hd__dfxtp_2)
     3    0.01    0.03    0.30    0.30 v _224_/Q (sky130_fd_sc_hd__dfxtp_2)
                                         x8.B (net)
                  0.03    0.00    0.30 v _099_/A (sky130_fd_sc_hd__or2_2)
     3    0.01    0.07    0.31    0.61 v _099_/X (sky130_fd_sc_hd__or2_2)
                                         _050_ (net)
                  0.07    0.00    0.61 v _100_/D (sky130_fd_sc_hd__and4_2)
     2    0.01    0.05    0.26    0.87 v _100_/X (sky130_fd_sc_hd__and4_2)
                                         _051_ (net)
                  0.05    0.00    0.87 v _108_/A1 (sky130_fd_sc_hd__o31ai_2)
     5    0.02    0.54    0.50    1.37 ^ _108_/Y (sky130_fd_sc_hd__o31ai_2)
                                         _059_ (net)
                  0.54    0.00    1.37 ^ _118_/A2 (sky130_fd_sc_hd__o41ai_2)
     4    0.01    0.14    0.21    1.58 v _118_/Y (sky130_fd_sc_hd__o41ai_2)
                                         _069_ (net)
                  0.14    0.00    1.58 v _130_/A (sky130_fd_sc_hd__and4_2)
     2    0.01    0.05    0.23    1.81 v _130_/X (sky130_fd_sc_hd__and4_2)
                                         _081_ (net)
                  0.05    0.00    1.81 v _151_/A (sky130_fd_sc_hd__or2_2)
     2    0.01    0.08    0.32    2.13 v _151_/X (sky130_fd_sc_hd__or2_2)
                                         _013_ (net)
                  0.08    0.00    2.13 v _152_/A1 (sky130_fd_sc_hd__a21bo_2)
     1    0.01    0.05    0.22    2.35 v _152_/X (sky130_fd_sc_hd__a21bo_2)
                                         _014_ (net)
                  0.05    0.00    2.35 v _153_/B (sky130_fd_sc_hd__xnor2_2)
     1    0.00    0.04    0.12    2.47 v _153_/Y (sky130_fd_sc_hd__xnor2_2)
                                         x67.Si (net)
                  0.04    0.00    2.47 v _204_/D (sky130_fd_sc_hd__dfxtp_2)
                                  2.47   data arrival time

                  0.00    4.75    4.75   clock core_clock (rise edge)
                          0.00    4.75   clock network delay (ideal)
                          0.00    4.75   clock reconvergence pessimism
                                  4.75 ^ _204_/CLK (sky130_fd_sc_hd__dfxtp_2)
                         -0.12    4.63   library setup time
                                  4.63   data required time
-----------------------------------------------------------------------------
                                  4.63   data required time
                                 -2.47   data arrival time
-----------------------------------------------------------------------------
                                  2.16   slack (MET)


Startpoint: _224_ (rising edge-triggered flip-flop clocked by core_clock)
Endpoint: _205_ (rising edge-triggered flip-flop clocked by core_clock)
Path Group: core_clock
Path Type: max

Fanout     Cap    Slew   Delay    Time   Description
-----------------------------------------------------------------------------
                  0.00    0.00    0.00   clock core_clock (rise edge)
                          0.00    0.00   clock network delay (ideal)
                  0.00    0.00    0.00 ^ _224_/CLK (sky130_fd_sc_hd__dfxtp_2)
     3    0.01    0.03    0.30    0.30 v _224_/Q (sky130_fd_sc_hd__dfxtp_2)
                                         x8.B (net)
                  0.03    0.00    0.30 v _099_/A (sky130_fd_sc_hd__or2_2)
     3    0.01    0.07    0.31    0.61 v _099_/X (sky130_fd_sc_hd__or2_2)
                                         _050_ (net)
                  0.07    0.00    0.61 v _100_/D (sky130_fd_sc_hd__and4_2)
     2    0.01    0.05    0.26    0.87 v _100_/X (sky130_fd_sc_hd__and4_2)
                                         _051_ (net)
                  0.05    0.00    0.87 v _108_/A1 (sky130_fd_sc_hd__o31ai_2)
     5    0.02    0.54    0.50    1.37 ^ _108_/Y (sky130_fd_sc_hd__o31ai_2)
                                         _059_ (net)
                  0.54    0.00    1.37 ^ _118_/A2 (sky130_fd_sc_hd__o41ai_2)
     4    0.01    0.14    0.21    1.58 v _118_/Y (sky130_fd_sc_hd__o41ai_2)
                                         _069_ (net)
                  0.14    0.00    1.58 v _130_/A (sky130_fd_sc_hd__and4_2)
     2    0.01    0.05    0.23    1.81 v _130_/X (sky130_fd_sc_hd__and4_2)
                                         _081_ (net)
                  0.05    0.00    1.81 v _141_/A1 (sky130_fd_sc_hd__o21ai_2)
     3    0.01    0.17    0.18    1.99 ^ _141_/Y (sky130_fd_sc_hd__o21ai_2)
                                         _005_ (net)
                  0.17    0.00    1.99 ^ _148_/B1_N (sky130_fd_sc_hd__a21bo_2)
     1    0.01    0.05    0.26    2.25 v _148_/X (sky130_fd_sc_hd__a21bo_2)
                                         _011_ (net)
                  0.05    0.00    2.25 v _150_/A (sky130_fd_sc_hd__xnor2_2)
     1    0.00    0.04    0.12    2.37 v _150_/Y (sky130_fd_sc_hd__xnor2_2)
                                         x66.Si (net)
                  0.04    0.00    2.37 v _205_/D (sky130_fd_sc_hd__dfxtp_2)
                                  2.37   data arrival time

                  0.00    4.75    4.75   clock core_clock (rise edge)
                          0.00    4.75   clock network delay (ideal)
                          0.00    4.75   clock reconvergence pessimism
                                  4.75 ^ _205_/CLK (sky130_fd_sc_hd__dfxtp_2)
                         -0.12    4.63   library setup time
                                  4.63   data required time
-----------------------------------------------------------------------------
                                  4.63   data required time
                                 -2.37   data arrival time
-----------------------------------------------------------------------------
                                  2.26   slack (MET)


Startpoint: _212_ (rising edge-triggered flip-flop clocked by core_clock)
Endpoint: _206_ (rising edge-triggered flip-flop clocked by core_clock)
Path Group: core_clock
Path Type: max

Fanout     Cap    Slew   Delay    Time   Description
-----------------------------------------------------------------------------
                  0.00    0.00    0.00   clock core_clock (rise edge)
                          0.00    0.00   clock network delay (ideal)
                  0.00    0.00    0.00 ^ _212_/CLK (sky130_fd_sc_hd__dfxtp_2)
     3    0.01    0.03    0.30    0.30 v _212_/Q (sky130_fd_sc_hd__dfxtp_2)
                                         x4.A (net)
                  0.03    0.00    0.30 v _090_/B (sky130_fd_sc_hd__and2_2)
     2    0.00    0.04    0.18    0.48 v _090_/X (sky130_fd_sc_hd__and2_2)
                                         _041_ (net)
                  0.04    0.00    0.48 v _092_/A (sky130_fd_sc_hd__or2_2)
     2    0.01    0.08    0.32    0.79 v _092_/X (sky130_fd_sc_hd__or2_2)
                                         _043_ (net)
                  0.08    0.00    0.79 v _096_/A (sky130_fd_sc_hd__or2_2)
     4    0.01    0.09    0.35    1.14 v _096_/X (sky130_fd_sc_hd__or2_2)
                                         _047_ (net)
                  0.09    0.00    1.14 v _118_/A1 (sky130_fd_sc_hd__o41ai_2)
     4    0.01    0.47    0.52    1.67 ^ _118_/Y (sky130_fd_sc_hd__o41ai_2)
                                         _069_ (net)
                  0.47    0.00    1.67 ^ _130_/A (sky130_fd_sc_hd__and4_2)
     2    0.01    0.08    0.33    2.00 ^ _130_/X (sky130_fd_sc_hd__and4_2)
                                         _081_ (net)
                  0.08    0.00    2.00 ^ _141_/A1 (sky130_fd_sc_hd__o21ai_2)
     3    0.01    0.06    0.08    2.07 v _141_/Y (sky130_fd_sc_hd__o21ai_2)
                                         _005_ (net)
                  0.06    0.00    2.07 v _146_/A1 (sky130_fd_sc_hd__a21oi_2)
     1    0.01    0.14    0.16    2.23 ^ _146_/Y (sky130_fd_sc_hd__a21oi_2)
                                         _010_ (net)
                  0.14    0.00    2.23 ^ _147_/B (sky130_fd_sc_hd__xnor2_2)
     1    0.00    0.09    0.11    2.34 ^ _147_/Y (sky130_fd_sc_hd__xnor2_2)
                                         x65.Si (net)
                  0.09    0.00    2.34 ^ _206_/D (sky130_fd_sc_hd__dfxtp_2)
                                  2.34   data arrival time

                  0.00    4.75    4.75   clock core_clock (rise edge)
                          0.00    4.75   clock network delay (ideal)
                          0.00    4.75   clock reconvergence pessimism
                                  4.75 ^ _206_/CLK (sky130_fd_sc_hd__dfxtp_2)
                         -0.08    4.67   library setup time
                                  4.67   data required time
-----------------------------------------------------------------------------
                                  4.67   data required time
                                 -2.34   data arrival time
-----------------------------------------------------------------------------
                                  2.33   slack (MET)


Startpoint: _224_ (rising edge-triggered flip-flop clocked by core_clock)
Endpoint: _203_ (rising edge-triggered flip-flop clocked by core_clock)
Path Group: core_clock
Path Type: max

Fanout     Cap    Slew   Delay    Time   Description
-----------------------------------------------------------------------------
                  0.00    0.00    0.00   clock core_clock (rise edge)
                          0.00    0.00   clock network delay (ideal)
                  0.00    0.00    0.00 ^ _224_/CLK (sky130_fd_sc_hd__dfxtp_2)
     3    0.01    0.03    0.30    0.30 v _224_/Q (sky130_fd_sc_hd__dfxtp_2)
                                         x8.B (net)
                  0.03    0.00    0.30 v _099_/A (sky130_fd_sc_hd__or2_2)
     3    0.01    0.07    0.31    0.61 v _099_/X (sky130_fd_sc_hd__or2_2)
                                         _050_ (net)
                  0.07    0.00    0.61 v _100_/D (sky130_fd_sc_hd__and4_2)
     2    0.01    0.05    0.26    0.87 v _100_/X (sky130_fd_sc_hd__and4_2)
                                         _051_ (net)
                  0.05    0.00    0.87 v _108_/A1 (sky130_fd_sc_hd__o31ai_2)
     5    0.02    0.54    0.50    1.37 ^ _108_/Y (sky130_fd_sc_hd__o31ai_2)
                                         _059_ (net)
                  0.54    0.00    1.37 ^ _118_/A2 (sky130_fd_sc_hd__o41ai_2)
     4    0.01    0.14    0.21    1.58 v _118_/Y (sky130_fd_sc_hd__o41ai_2)
                                         _069_ (net)
                  0.14    0.00    1.58 v _130_/A (sky130_fd_sc_hd__and4_2)
     2    0.01    0.05    0.23    1.81 v _130_/X (sky130_fd_sc_hd__and4_2)
                                         _081_ (net)
                  0.05    0.00    1.81 v _151_/A (sky130_fd_sc_hd__or2_2)
     2    0.01    0.08    0.32    2.13 v _151_/X (sky130_fd_sc_hd__or2_2)
                                         _013_ (net)
                  0.08    0.00    2.13 v _154_/A (sky130_fd_sc_hd__xnor2_2)
     1    0.00    0.04    0.13    2.27 v _154_/Y (sky130_fd_sc_hd__xnor2_2)
                                         x68.Si (net)
                  0.04    0.00    2.27 v _203_/D (sky130_fd_sc_hd__dfxtp_2)
                                  2.27   data arrival time

                  0.00    4.75    4.75   clock core_clock (rise edge)
                          0.00    4.75   clock network delay (ideal)
                          0.00    4.75   clock reconvergence pessimism
                                  4.75 ^ _203_/CLK (sky130_fd_sc_hd__dfxtp_2)
                         -0.12    4.63   library setup time
                                  4.63   data required time
-----------------------------------------------------------------------------
                                  4.63   data required time
                                 -2.27   data arrival time
-----------------------------------------------------------------------------
                                  2.36   slack (MET)


Startpoint: _212_ (rising edge-triggered flip-flop clocked by core_clock)
Endpoint: _207_ (rising edge-triggered flip-flop clocked by core_clock)
Path Group: core_clock
Path Type: max

Fanout     Cap    Slew   Delay    Time   Description
-----------------------------------------------------------------------------
                  0.00    0.00    0.00   clock core_clock (rise edge)
                          0.00    0.00   clock network delay (ideal)
                  0.00    0.00    0.00 ^ _212_/CLK (sky130_fd_sc_hd__dfxtp_2)
     3    0.01    0.03    0.30    0.30 v _212_/Q (sky130_fd_sc_hd__dfxtp_2)
                                         x4.A (net)
                  0.03    0.00    0.30 v _090_/B (sky130_fd_sc_hd__and2_2)
     2    0.00    0.04    0.18    0.48 v _090_/X (sky130_fd_sc_hd__and2_2)
                                         _041_ (net)
                  0.04    0.00    0.48 v _092_/A (sky130_fd_sc_hd__or2_2)
     2    0.01    0.08    0.32    0.79 v _092_/X (sky130_fd_sc_hd__or2_2)
                                         _043_ (net)
                  0.08    0.00    0.79 v _096_/A (sky130_fd_sc_hd__or2_2)
     4    0.01    0.09    0.35    1.14 v _096_/X (sky130_fd_sc_hd__or2_2)
                                         _047_ (net)
                  0.09    0.00    1.14 v _118_/A1 (sky130_fd_sc_hd__o41ai_2)
     4    0.01    0.47    0.52    1.67 ^ _118_/Y (sky130_fd_sc_hd__o41ai_2)
                                         _069_ (net)
                  0.47    0.00    1.67 ^ _130_/A (sky130_fd_sc_hd__and4_2)
     2    0.01    0.08    0.33    2.00 ^ _130_/X (sky130_fd_sc_hd__and4_2)
                                         _081_ (net)
                  0.08    0.00    2.00 ^ _141_/A1 (sky130_fd_sc_hd__o21ai_2)
     3    0.01    0.06    0.08    2.07 v _141_/Y (sky130_fd_sc_hd__o21ai_2)
                                         _005_ (net)
                  0.06    0.00    2.07 v _190_/A2 (sky130_fd_sc_hd__o31ai_2)
     1    0.00    0.15    0.19    2.27 ^ _190_/Y (sky130_fd_sc_hd__o31ai_2)
                                         x49.G (net)
                  0.15    0.00    2.27 ^ _207_/D (sky130_fd_sc_hd__dfxtp_2)
                                  2.27   data arrival time

                  0.00    4.75    4.75   clock core_clock (rise edge)
                          0.00    4.75   clock network delay (ideal)
                          0.00    4.75   clock reconvergence pessimism
                                  4.75 ^ _207_/CLK (sky130_fd_sc_hd__dfxtp_2)
                         -0.09    4.66   library setup time
                                  4.66   data required time
-----------------------------------------------------------------------------
                                  4.66   data required time
                                 -2.27   data arrival time
-----------------------------------------------------------------------------
                                  2.39   slack (MET)


Startpoint: _224_ (rising edge-triggered flip-flop clocked by core_clock)
Endpoint: _202_ (rising edge-triggered flip-flop clocked by core_clock)
Path Group: core_clock
Path Type: max

Fanout     Cap    Slew   Delay    Time   Description
-----------------------------------------------------------------------------
                  0.00    0.00    0.00   clock core_clock (rise edge)
                          0.00    0.00   clock network delay (ideal)
                  0.00    0.00    0.00 ^ _224_/CLK (sky130_fd_sc_hd__dfxtp_2)
     3    0.01    0.03    0.30    0.30 v _224_/Q (sky130_fd_sc_hd__dfxtp_2)
                                         x8.B (net)
                  0.03    0.00    0.30 v _099_/A (sky130_fd_sc_hd__or2_2)
     3    0.01    0.07    0.31    0.61 v _099_/X (sky130_fd_sc_hd__or2_2)
                                         _050_ (net)
                  0.07    0.00    0.61 v _100_/D (sky130_fd_sc_hd__and4_2)
     2    0.01    0.05    0.26    0.87 v _100_/X (sky130_fd_sc_hd__and4_2)
                                         _051_ (net)
                  0.05    0.00    0.87 v _108_/A1 (sky130_fd_sc_hd__o31ai_2)
     5    0.02    0.54    0.50    1.37 ^ _108_/Y (sky130_fd_sc_hd__o31ai_2)
                                         _059_ (net)
                  0.54    0.00    1.37 ^ _118_/A2 (sky130_fd_sc_hd__o41ai_2)
     4    0.01    0.14    0.21    1.58 v _118_/Y (sky130_fd_sc_hd__o41ai_2)
                                         _069_ (net)
                  0.14    0.00    1.58 v _155_/A (sky130_fd_sc_hd__and2_2)
     2    0.01    0.05    0.22    1.80 v _155_/X (sky130_fd_sc_hd__and2_2)
                                         _015_ (net)
                  0.05    0.00    1.80 v _156_/A1 (sky130_fd_sc_hd__o21a_2)
     1    0.01    0.05    0.22    2.02 v _156_/X (sky130_fd_sc_hd__o21a_2)
                                         _016_ (net)
                  0.05    0.00    2.02 v _157_/B (sky130_fd_sc_hd__xor2_2)
     1    0.00    0.05    0.13    2.15 v _157_/X (sky130_fd_sc_hd__xor2_2)
                                         x69.Si (net)
                  0.05    0.00    2.15 v _202_/D (sky130_fd_sc_hd__dfxtp_2)
                                  2.15   data arrival time

                  0.00    4.75    4.75   clock core_clock (rise edge)
                          0.00    4.75   clock network delay (ideal)
                          0.00    4.75   clock reconvergence pessimism
                                  4.75 ^ _202_/CLK (sky130_fd_sc_hd__dfxtp_2)
                         -0.12    4.63   library setup time
                                  4.63   data required time
-----------------------------------------------------------------------------
                                  4.63   data required time
                                 -2.15   data arrival time
-----------------------------------------------------------------------------
                                  2.48   slack (MET)


Startpoint: _212_ (rising edge-triggered flip-flop clocked by core_clock)
Endpoint: _201_ (rising edge-triggered flip-flop clocked by core_clock)
Path Group: core_clock
Path Type: max

Fanout     Cap    Slew   Delay    Time   Description
-----------------------------------------------------------------------------
                  0.00    0.00    0.00   clock core_clock (rise edge)
                          0.00    0.00   clock network delay (ideal)
                  0.00    0.00    0.00 ^ _212_/CLK (sky130_fd_sc_hd__dfxtp_2)
     3    0.01    0.03    0.30    0.30 v _212_/Q (sky130_fd_sc_hd__dfxtp_2)
                                         x4.A (net)
                  0.03    0.00    0.30 v _090_/B (sky130_fd_sc_hd__and2_2)
     2    0.00    0.04    0.18    0.48 v _090_/X (sky130_fd_sc_hd__and2_2)
                                         _041_ (net)
                  0.04    0.00    0.48 v _092_/A (sky130_fd_sc_hd__or2_2)
     2    0.01    0.08    0.32    0.79 v _092_/X (sky130_fd_sc_hd__or2_2)
                                         _043_ (net)
                  0.08    0.00    0.79 v _096_/A (sky130_fd_sc_hd__or2_2)
     4    0.01    0.09    0.35    1.14 v _096_/X (sky130_fd_sc_hd__or2_2)
                                         _047_ (net)
                  0.09    0.00    1.14 v _118_/A1 (sky130_fd_sc_hd__o41ai_2)
     4    0.01    0.47    0.52    1.67 ^ _118_/Y (sky130_fd_sc_hd__o41ai_2)
                                         _069_ (net)
                  0.47    0.00    1.67 ^ _155_/A (sky130_fd_sc_hd__and2_2)
     2    0.01    0.07    0.25    1.92 ^ _155_/X (sky130_fd_sc_hd__and2_2)
                                         _015_ (net)
                  0.07    0.00    1.92 ^ _158_/A (sky130_fd_sc_hd__nor2_2)
     1    0.01    0.03    0.05    1.97 v _158_/Y (sky130_fd_sc_hd__nor2_2)
                                         _017_ (net)
                  0.03    0.00    1.97 v _159_/B (sky130_fd_sc_hd__xnor2_2)
     1    0.00    0.04    0.11    2.08 v _159_/Y (sky130_fd_sc_hd__xnor2_2)
                                         x70.Si (net)
                  0.04    0.00    2.08 v _201_/D (sky130_fd_sc_hd__dfxtp_2)
                                  2.08   data arrival time

                  0.00    4.75    4.75   clock core_clock (rise edge)
                          0.00    4.75   clock network delay (ideal)
                          0.00    4.75   clock reconvergence pessimism
                                  4.75 ^ _201_/CLK (sky130_fd_sc_hd__dfxtp_2)
                         -0.12    4.63   library setup time
                                  4.63   data required time
-----------------------------------------------------------------------------
                                  4.63   data required time
                                 -2.08   data arrival time
-----------------------------------------------------------------------------
                                  2.55   slack (MET)


Startpoint: _212_ (rising edge-triggered flip-flop clocked by core_clock)
Endpoint: _200_ (rising edge-triggered flip-flop clocked by core_clock)
Path Group: core_clock
Path Type: max

Fanout     Cap    Slew   Delay    Time   Description
-----------------------------------------------------------------------------
                  0.00    0.00    0.00   clock core_clock (rise edge)
                          0.00    0.00   clock network delay (ideal)
                  0.00    0.00    0.00 ^ _212_/CLK (sky130_fd_sc_hd__dfxtp_2)
     3    0.01    0.03    0.30    0.30 v _212_/Q (sky130_fd_sc_hd__dfxtp_2)
                                         x4.A (net)
                  0.03    0.00    0.30 v _090_/B (sky130_fd_sc_hd__and2_2)
     2    0.00    0.04    0.18    0.48 v _090_/X (sky130_fd_sc_hd__and2_2)
                                         _041_ (net)
                  0.04    0.00    0.48 v _092_/A (sky130_fd_sc_hd__or2_2)
     2    0.01    0.08    0.32    0.79 v _092_/X (sky130_fd_sc_hd__or2_2)
                                         _043_ (net)
                  0.08    0.00    0.79 v _096_/A (sky130_fd_sc_hd__or2_2)
     4    0.01    0.09    0.35    1.14 v _096_/X (sky130_fd_sc_hd__or2_2)
                                         _047_ (net)
                  0.09    0.00    1.14 v _118_/A1 (sky130_fd_sc_hd__o41ai_2)
     4    0.01    0.47    0.52    1.67 ^ _118_/Y (sky130_fd_sc_hd__o41ai_2)
                                         _069_ (net)
                  0.47    0.00    1.67 ^ _160_/B1 (sky130_fd_sc_hd__o21a_2)
     1    0.00    0.05    0.22    1.89 ^ _160_/X (sky130_fd_sc_hd__o21a_2)
                                         _018_ (net)
                  0.05    0.00    1.89 ^ _161_/B1 (sky130_fd_sc_hd__a21oi_2)
     1    0.01    0.05    0.04    1.93 v _161_/Y (sky130_fd_sc_hd__a21oi_2)
                                         _019_ (net)
                  0.05    0.00    1.93 v _162_/B (sky130_fd_sc_hd__xnor2_2)
     1    0.00    0.04    0.12    2.05 v _162_/Y (sky130_fd_sc_hd__xnor2_2)
                                         x71.Si (net)
                  0.04    0.00    2.05 v _200_/D (sky130_fd_sc_hd__dfxtp_2)
                                  2.05   data arrival time

                  0.00    4.75    4.75   clock core_clock (rise edge)
                          0.00    4.75   clock network delay (ideal)
                          0.00    4.75   clock reconvergence pessimism
                                  4.75 ^ _200_/CLK (sky130_fd_sc_hd__dfxtp_2)
                         -0.12    4.63   library setup time
                                  4.63   data required time
-----------------------------------------------------------------------------
                                  4.63   data required time
                                 -2.05   data arrival time
-----------------------------------------------------------------------------
                                  2.58   slack (MET)


Startpoint: _212_ (rising edge-triggered flip-flop clocked by core_clock)
Endpoint: _199_ (rising edge-triggered flip-flop clocked by core_clock)
Path Group: core_clock
Path Type: max

Fanout     Cap    Slew   Delay    Time   Description
-----------------------------------------------------------------------------
                  0.00    0.00    0.00   clock core_clock (rise edge)
                          0.00    0.00   clock network delay (ideal)
                  0.00    0.00    0.00 ^ _212_/CLK (sky130_fd_sc_hd__dfxtp_2)
     3    0.01    0.03    0.30    0.30 v _212_/Q (sky130_fd_sc_hd__dfxtp_2)
                                         x4.A (net)
                  0.03    0.00    0.30 v _090_/B (sky130_fd_sc_hd__and2_2)
     2    0.00    0.04    0.18    0.48 v _090_/X (sky130_fd_sc_hd__and2_2)
                                         _041_ (net)
                  0.04    0.00    0.48 v _092_/A (sky130_fd_sc_hd__or2_2)
     2    0.01    0.08    0.32    0.79 v _092_/X (sky130_fd_sc_hd__or2_2)
                                         _043_ (net)
                  0.08    0.00    0.79 v _096_/A (sky130_fd_sc_hd__or2_2)
     4    0.01    0.09    0.35    1.14 v _096_/X (sky130_fd_sc_hd__or2_2)
                                         _047_ (net)
                  0.09    0.00    1.14 v _118_/A1 (sky130_fd_sc_hd__o41ai_2)
     4    0.01    0.47    0.52    1.67 ^ _118_/Y (sky130_fd_sc_hd__o41ai_2)
                                         _069_ (net)
                  0.47    0.00    1.67 ^ _163_/A (sky130_fd_sc_hd__xor2_2)
     1    0.00    0.08    0.11    1.78 v _163_/X (sky130_fd_sc_hd__xor2_2)
                                         x72.Si (net)
                  0.08    0.00    1.78 v _199_/D (sky130_fd_sc_hd__dfxtp_2)
                                  1.78   data arrival time

                  0.00    4.75    4.75   clock core_clock (rise edge)
                          0.00    4.75   clock network delay (ideal)
                          0.00    4.75   clock reconvergence pessimism
                                  4.75 ^ _199_/CLK (sky130_fd_sc_hd__dfxtp_2)
                         -0.14    4.61   library setup time
                                  4.61   data required time
-----------------------------------------------------------------------------
                                  4.61   data required time
                                 -1.78   data arrival time
-----------------------------------------------------------------------------
                                  2.83   slack (MET)


Startpoint: _224_ (rising edge-triggered flip-flop clocked by core_clock)
Endpoint: _196_ (rising edge-triggered flip-flop clocked by core_clock)
Path Group: core_clock
Path Type: max

Fanout     Cap    Slew   Delay    Time   Description
-----------------------------------------------------------------------------
                  0.00    0.00    0.00   clock core_clock (rise edge)
                          0.00    0.00   clock network delay (ideal)
                  0.00    0.00    0.00 ^ _224_/CLK (sky130_fd_sc_hd__dfxtp_2)
     3    0.01    0.03    0.30    0.30 v _224_/Q (sky130_fd_sc_hd__dfxtp_2)
                                         x8.B (net)
                  0.03    0.00    0.30 v _099_/A (sky130_fd_sc_hd__or2_2)
     3    0.01    0.07    0.31    0.61 v _099_/X (sky130_fd_sc_hd__or2_2)
                                         _050_ (net)
                  0.07    0.00    0.61 v _100_/D (sky130_fd_sc_hd__and4_2)
     2    0.01    0.05    0.26    0.87 v _100_/X (sky130_fd_sc_hd__and4_2)
                                         _051_ (net)
                  0.05    0.00    0.87 v _108_/A1 (sky130_fd_sc_hd__o31ai_2)
     5    0.02    0.54    0.50    1.37 ^ _108_/Y (sky130_fd_sc_hd__o31ai_2)
                                         _059_ (net)
                  0.54    0.00    1.37 ^ _171_/A2 (sky130_fd_sc_hd__o21bai_2)
     1    0.01    0.10    0.12    1.49 v _171_/Y (sky130_fd_sc_hd__o21bai_2)
                                         _025_ (net)
                  0.10    0.00    1.49 v _172_/B (sky130_fd_sc_hd__xnor2_2)
     1    0.00    0.04    0.14    1.63 v _172_/Y (sky130_fd_sc_hd__xnor2_2)
                                         x75.Si (net)
                  0.04    0.00    1.63 v _196_/D (sky130_fd_sc_hd__dfxtp_2)
                                  1.63   data arrival time

                  0.00    4.75    4.75   clock core_clock (rise edge)
                          0.00    4.75   clock network delay (ideal)
                          0.00    4.75   clock reconvergence pessimism
                                  4.75 ^ _196_/CLK (sky130_fd_sc_hd__dfxtp_2)
                         -0.12    4.63   library setup time
                                  4.63   data required time
-----------------------------------------------------------------------------
                                  4.63   data required time
                                 -1.63   data arrival time
-----------------------------------------------------------------------------
                                  3.00   slack (MET)


Startpoint: _224_ (rising edge-triggered flip-flop clocked by core_clock)
Endpoint: _197_ (rising edge-triggered flip-flop clocked by core_clock)
Path Group: core_clock
Path Type: max

Fanout     Cap    Slew   Delay    Time   Description
-----------------------------------------------------------------------------
                  0.00    0.00    0.00   clock core_clock (rise edge)
                          0.00    0.00   clock network delay (ideal)
                  0.00    0.00    0.00 ^ _224_/CLK (sky130_fd_sc_hd__dfxtp_2)
     3    0.01    0.03    0.30    0.30 v _224_/Q (sky130_fd_sc_hd__dfxtp_2)
                                         x8.B (net)
                  0.03    0.00    0.30 v _099_/A (sky130_fd_sc_hd__or2_2)
     3    0.01    0.07    0.31    0.61 v _099_/X (sky130_fd_sc_hd__or2_2)
                                         _050_ (net)
                  0.07    0.00    0.61 v _100_/D (sky130_fd_sc_hd__and4_2)
     2    0.01    0.05    0.26    0.87 v _100_/X (sky130_fd_sc_hd__and4_2)
                                         _051_ (net)
                  0.05    0.00    0.87 v _108_/A1 (sky130_fd_sc_hd__o31ai_2)
     5    0.02    0.54    0.50    1.37 ^ _108_/Y (sky130_fd_sc_hd__o31ai_2)
                                         _059_ (net)
                  0.54    0.00    1.37 ^ _169_/A2 (sky130_fd_sc_hd__o22ai_2)
     1    0.00    0.09    0.12    1.49 v _169_/Y (sky130_fd_sc_hd__o22ai_2)
                                         _024_ (net)
                  0.09    0.00    1.49 v _170_/B1 (sky130_fd_sc_hd__o31a_2)
     1    0.00    0.05    0.12    1.61 v _170_/X (sky130_fd_sc_hd__o31a_2)
                                         x74.Si (net)
                  0.05    0.00    1.61 v _197_/D (sky130_fd_sc_hd__dfxtp_2)
                                  1.61   data arrival time

                  0.00    4.75    4.75   clock core_clock (rise edge)
                          0.00    4.75   clock network delay (ideal)
                          0.00    4.75   clock reconvergence pessimism
                                  4.75 ^ _197_/CLK (sky130_fd_sc_hd__dfxtp_2)
                         -0.12    4.63   library setup time
                                  4.63   data required time
-----------------------------------------------------------------------------
                                  4.63   data required time
                                 -1.61   data arrival time
-----------------------------------------------------------------------------
                                  3.02   slack (MET)


Startpoint: _224_ (rising edge-triggered flip-flop clocked by core_clock)
Endpoint: _195_ (rising edge-triggered flip-flop clocked by core_clock)
Path Group: core_clock
Path Type: max

Fanout     Cap    Slew   Delay    Time   Description
-----------------------------------------------------------------------------
                  0.00    0.00    0.00   clock core_clock (rise edge)
                          0.00    0.00   clock network delay (ideal)
                  0.00    0.00    0.00 ^ _224_/CLK (sky130_fd_sc_hd__dfxtp_2)
     3    0.01    0.03    0.30    0.30 v _224_/Q (sky130_fd_sc_hd__dfxtp_2)
                                         x8.B (net)
                  0.03    0.00    0.30 v _099_/A (sky130_fd_sc_hd__or2_2)
     3    0.01    0.07    0.31    0.61 v _099_/X (sky130_fd_sc_hd__or2_2)
                                         _050_ (net)
                  0.07    0.00    0.61 v _100_/D (sky130_fd_sc_hd__and4_2)
     2    0.01    0.05    0.26    0.87 v _100_/X (sky130_fd_sc_hd__and4_2)
                                         _051_ (net)
                  0.05    0.00    0.87 v _108_/A1 (sky130_fd_sc_hd__o31ai_2)
     5    0.02    0.54    0.50    1.37 ^ _108_/Y (sky130_fd_sc_hd__o31ai_2)
                                         _059_ (net)
                  0.54    0.00    1.37 ^ _173_/B (sky130_fd_sc_hd__xor2_2)
     1    0.00    0.09    0.10    1.47 v _173_/X (sky130_fd_sc_hd__xor2_2)
                                         x76.Si (net)
                  0.09    0.00    1.47 v _195_/D (sky130_fd_sc_hd__dfxtp_2)
                                  1.47   data arrival time

                  0.00    4.75    4.75   clock core_clock (rise edge)
                          0.00    4.75   clock network delay (ideal)
                          0.00    4.75   clock reconvergence pessimism
                                  4.75 ^ _195_/CLK (sky130_fd_sc_hd__dfxtp_2)
                         -0.15    4.60   library setup time
                                  4.60   data required time
-----------------------------------------------------------------------------
                                  4.60   data required time
                                 -1.47   data arrival time
-----------------------------------------------------------------------------
                                  3.13   slack (MET)


Startpoint: _212_ (rising edge-triggered flip-flop clocked by core_clock)
Endpoint: _198_ (rising edge-triggered flip-flop clocked by core_clock)
Path Group: core_clock
Path Type: max

Fanout     Cap    Slew   Delay    Time   Description
-----------------------------------------------------------------------------
                  0.00    0.00    0.00   clock core_clock (rise edge)
                          0.00    0.00   clock network delay (ideal)
                  0.00    0.00    0.00 ^ _212_/CLK (sky130_fd_sc_hd__dfxtp_2)
     3    0.01    0.03    0.30    0.30 v _212_/Q (sky130_fd_sc_hd__dfxtp_2)
                                         x4.A (net)
                  0.03    0.00    0.30 v _090_/B (sky130_fd_sc_hd__and2_2)
     2    0.00    0.04    0.18    0.48 v _090_/X (sky130_fd_sc_hd__and2_2)
                                         _041_ (net)
                  0.04    0.00    0.48 v _092_/A (sky130_fd_sc_hd__or2_2)
     2    0.01    0.08    0.32    0.79 v _092_/X (sky130_fd_sc_hd__or2_2)
                                         _043_ (net)
                  0.08    0.00    0.79 v _096_/A (sky130_fd_sc_hd__or2_2)
     4    0.01    0.09    0.35    1.14 v _096_/X (sky130_fd_sc_hd__or2_2)
                                         _047_ (net)
                  0.09    0.00    1.14 v _164_/A (sky130_fd_sc_hd__nor2_2)
     1    0.00    0.06    0.11    1.25 ^ _164_/Y (sky130_fd_sc_hd__nor2_2)
                                         _020_ (net)
                  0.06    0.00    1.25 ^ _165_/B1 (sky130_fd_sc_hd__a22o_2)
     1    0.01    0.06    0.15    1.40 ^ _165_/X (sky130_fd_sc_hd__a22o_2)
                                         _021_ (net)
                  0.06    0.00    1.40 ^ _167_/A (sky130_fd_sc_hd__xnor2_2)
     1    0.00    0.04    0.06    1.46 v _167_/Y (sky130_fd_sc_hd__xnor2_2)
                                         x73.Si (net)
                  0.04    0.00    1.46 v _198_/D (sky130_fd_sc_hd__dfxtp_2)
                                  1.46   data arrival time

                  0.00    4.75    4.75   clock core_clock (rise edge)
                          0.00    4.75   clock network delay (ideal)
                          0.00    4.75   clock reconvergence pessimism
                                  4.75 ^ _198_/CLK (sky130_fd_sc_hd__dfxtp_2)
                         -0.12    4.63   library setup time
                                  4.63   data required time
-----------------------------------------------------------------------------
                                  4.63   data required time
                                 -1.46   data arrival time
-----------------------------------------------------------------------------
                                  3.17   slack (MET)


Startpoint: _224_ (rising edge-triggered flip-flop clocked by core_clock)
Endpoint: _194_ (rising edge-triggered flip-flop clocked by core_clock)
Path Group: core_clock
Path Type: max

Fanout     Cap    Slew   Delay    Time   Description
-----------------------------------------------------------------------------
                  0.00    0.00    0.00   clock core_clock (rise edge)
                          0.00    0.00   clock network delay (ideal)
                  0.00    0.00    0.00 ^ _224_/CLK (sky130_fd_sc_hd__dfxtp_2)
     3    0.01    0.03    0.30    0.30 v _224_/Q (sky130_fd_sc_hd__dfxtp_2)
                                         x8.B (net)
                  0.03    0.00    0.30 v _099_/A (sky130_fd_sc_hd__or2_2)
     3    0.01    0.07    0.31    0.61 v _099_/X (sky130_fd_sc_hd__or2_2)
                                         _050_ (net)
                  0.07    0.00    0.61 v _100_/D (sky130_fd_sc_hd__and4_2)
     2    0.01    0.05    0.26    0.87 v _100_/X (sky130_fd_sc_hd__and4_2)
                                         _051_ (net)
                  0.05    0.00    0.87 v _177_/A (sky130_fd_sc_hd__nor2_2)
     2    0.01    0.17    0.17    1.04 ^ _177_/Y (sky130_fd_sc_hd__nor2_2)
                                         _029_ (net)
                  0.17    0.00    1.04 ^ _178_/A2 (sky130_fd_sc_hd__o21bai_2)
     1    0.01    0.07    0.09    1.13 v _178_/Y (sky130_fd_sc_hd__o21bai_2)
                                         _030_ (net)
                  0.07    0.00    1.13 v _179_/B (sky130_fd_sc_hd__xnor2_2)
     1    0.00    0.04    0.12    1.26 v _179_/Y (sky130_fd_sc_hd__xnor2_2)
                                         x77.Si (net)
                  0.04    0.00    1.26 v _194_/D (sky130_fd_sc_hd__dfxtp_2)
                                  1.26   data arrival time

                  0.00    4.75    4.75   clock core_clock (rise edge)
                          0.00    4.75   clock network delay (ideal)
                          0.00    4.75   clock reconvergence pessimism
                                  4.75 ^ _194_/CLK (sky130_fd_sc_hd__dfxtp_2)
                         -0.12    4.63   library setup time
                                  4.63   data required time
-----------------------------------------------------------------------------
                                  4.63   data required time
                                 -1.26   data arrival time
-----------------------------------------------------------------------------
                                  3.37   slack (MET)


Startpoint: _224_ (rising edge-triggered flip-flop clocked by core_clock)
Endpoint: _193_ (rising edge-triggered flip-flop clocked by core_clock)
Path Group: core_clock
Path Type: max

Fanout     Cap    Slew   Delay    Time   Description
-----------------------------------------------------------------------------
                  0.00    0.00    0.00   clock core_clock (rise edge)
                          0.00    0.00   clock network delay (ideal)
                  0.00    0.00    0.00 ^ _224_/CLK (sky130_fd_sc_hd__dfxtp_2)
     3    0.01    0.03    0.30    0.30 v _224_/Q (sky130_fd_sc_hd__dfxtp_2)
                                         x8.B (net)
                  0.03    0.00    0.30 v _099_/A (sky130_fd_sc_hd__or2_2)
     3    0.01    0.07    0.31    0.61 v _099_/X (sky130_fd_sc_hd__or2_2)
                                         _050_ (net)
                  0.07    0.00    0.61 v _100_/D (sky130_fd_sc_hd__and4_2)
     2    0.01    0.05    0.26    0.87 v _100_/X (sky130_fd_sc_hd__and4_2)
                                         _051_ (net)
                  0.05    0.00    0.87 v _177_/A (sky130_fd_sc_hd__nor2_2)
     2    0.01    0.17    0.17    1.04 ^ _177_/Y (sky130_fd_sc_hd__nor2_2)
                                         _029_ (net)
                  0.17    0.00    1.04 ^ _181_/B (sky130_fd_sc_hd__xnor2_2)
     1    0.00    0.09    0.12    1.16 ^ _181_/Y (sky130_fd_sc_hd__xnor2_2)
                                         x78.Si (net)
                  0.09    0.00    1.16 ^ _193_/D (sky130_fd_sc_hd__dfxtp_2)
                                  1.16   data arrival time

                  0.00    4.75    4.75   clock core_clock (rise edge)
                          0.00    4.75   clock network delay (ideal)
                          0.00    4.75   clock reconvergence pessimism
                                  4.75 ^ _193_/CLK (sky130_fd_sc_hd__dfxtp_2)
                         -0.08    4.67   library setup time
                                  4.67   data required time
-----------------------------------------------------------------------------
                                  4.67   data required time
                                 -1.16   data arrival time
-----------------------------------------------------------------------------
                                  3.52   slack (MET)


Startpoint: _224_ (rising edge-triggered flip-flop clocked by core_clock)
Endpoint: _191_ (rising edge-triggered flip-flop clocked by core_clock)
Path Group: core_clock
Path Type: max

Fanout     Cap    Slew   Delay    Time   Description
-----------------------------------------------------------------------------
                  0.00    0.00    0.00   clock core_clock (rise edge)
                          0.00    0.00   clock network delay (ideal)
                  0.00    0.00    0.00 ^ _224_/CLK (sky130_fd_sc_hd__dfxtp_2)
     3    0.01    0.03    0.30    0.30 v _224_/Q (sky130_fd_sc_hd__dfxtp_2)
                                         x8.B (net)
                  0.03    0.00    0.30 v _099_/A (sky130_fd_sc_hd__or2_2)
     3    0.01    0.07    0.31    0.61 v _099_/X (sky130_fd_sc_hd__or2_2)
                                         _050_ (net)
                  0.07    0.00    0.61 v _185_/A2 (sky130_fd_sc_hd__a21o_2)
     1    0.00    0.03    0.21    0.81 v _185_/X (sky130_fd_sc_hd__a21o_2)
                                         _034_ (net)
                  0.03    0.00    0.81 v _186_/B (sky130_fd_sc_hd__and2_2)
     1    0.00    0.03    0.17    0.99 v _186_/X (sky130_fd_sc_hd__and2_2)
                                         _035_ (net)
                  0.03    0.00    0.99 v _187_/A (sky130_fd_sc_hd__buf_1)
     1    0.00    0.02    0.08    1.06 v _187_/X (sky130_fd_sc_hd__buf_1)
                                         x80.Si (net)
                  0.02    0.00    1.06 v _191_/D (sky130_fd_sc_hd__dfxtp_2)
                                  1.06   data arrival time

                  0.00    4.75    4.75   clock core_clock (rise edge)
                          0.00    4.75   clock network delay (ideal)
                          0.00    4.75   clock reconvergence pessimism
                                  4.75 ^ _191_/CLK (sky130_fd_sc_hd__dfxtp_2)
                         -0.11    4.64   library setup time
                                  4.64   data required time
-----------------------------------------------------------------------------
                                  4.64   data required time
                                 -1.06   data arrival time
-----------------------------------------------------------------------------
                                  3.57   slack (MET)


Startpoint: _224_ (rising edge-triggered flip-flop clocked by core_clock)
Endpoint: _192_ (rising edge-triggered flip-flop clocked by core_clock)
Path Group: core_clock
Path Type: max

Fanout     Cap    Slew   Delay    Time   Description
-----------------------------------------------------------------------------
                  0.00    0.00    0.00   clock core_clock (rise edge)
                          0.00    0.00   clock network delay (ideal)
                  0.00    0.00    0.00 ^ _224_/CLK (sky130_fd_sc_hd__dfxtp_2)
     3    0.01    0.03    0.30    0.30 v _224_/Q (sky130_fd_sc_hd__dfxtp_2)
                                         x8.B (net)
                  0.03    0.00    0.30 v _099_/A (sky130_fd_sc_hd__or2_2)
     3    0.01    0.07    0.31    0.61 v _099_/X (sky130_fd_sc_hd__or2_2)
                                         _050_ (net)
                  0.07    0.00    0.61 v _182_/C (sky130_fd_sc_hd__nand3_2)
     2    0.01    0.06    0.09    0.69 ^ _182_/Y (sky130_fd_sc_hd__nand3_2)
                                         _032_ (net)
                  0.06    0.00    0.69 ^ _183_/B (sky130_fd_sc_hd__nand2_2)
     1    0.01    0.05    0.06    0.76 v _183_/Y (sky130_fd_sc_hd__nand2_2)
                                         _033_ (net)
                  0.05    0.00    0.76 v _184_/B (sky130_fd_sc_hd__xor2_2)
     1    0.00    0.05    0.13    0.89 v _184_/X (sky130_fd_sc_hd__xor2_2)
                                         x79.Si (net)
                  0.05    0.00    0.89 v _192_/D (sky130_fd_sc_hd__dfxtp_2)
                                  0.89   data arrival time

                  0.00    4.75    4.75   clock core_clock (rise edge)
                          0.00    4.75   clock network delay (ideal)
                          0.00    4.75   clock reconvergence pessimism
                                  4.75 ^ _192_/CLK (sky130_fd_sc_hd__dfxtp_2)
                         -0.12    4.63   library setup time
                                  4.63   data required time
-----------------------------------------------------------------------------
                                  4.63   data required time
                                 -0.89   data arrival time
-----------------------------------------------------------------------------
                                  3.74   slack (MET)



worst slack corner Typical: 2.1635
max_report_end
checks_report

===========================================================================
report_checks -unconstrained
===========================================================================
======================= Typical Corner ===================================

Startpoint: _224_ (rising edge-triggered flip-flop clocked by core_clock)
Endpoint: _204_ (rising edge-triggered flip-flop clocked by core_clock)
Path Group: core_clock
Path Type: max

Fanout     Cap    Slew   Delay    Time   Description
-----------------------------------------------------------------------------
                  0.00    0.00    0.00   clock core_clock (rise edge)
                          0.00    0.00   clock network delay (ideal)
                  0.00    0.00    0.00 ^ _224_/CLK (sky130_fd_sc_hd__dfxtp_2)
     3    0.01    0.03    0.30    0.30 v _224_/Q (sky130_fd_sc_hd__dfxtp_2)
                                         x8.B (net)
                  0.03    0.00    0.30 v _099_/A (sky130_fd_sc_hd__or2_2)
     3    0.01    0.07    0.31    0.61 v _099_/X (sky130_fd_sc_hd__or2_2)
                                         _050_ (net)
                  0.07    0.00    0.61 v _100_/D (sky130_fd_sc_hd__and4_2)
     2    0.01    0.05    0.26    0.87 v _100_/X (sky130_fd_sc_hd__and4_2)
                                         _051_ (net)
                  0.05    0.00    0.87 v _108_/A1 (sky130_fd_sc_hd__o31ai_2)
     5    0.02    0.54    0.50    1.37 ^ _108_/Y (sky130_fd_sc_hd__o31ai_2)
                                         _059_ (net)
                  0.54    0.00    1.37 ^ _118_/A2 (sky130_fd_sc_hd__o41ai_2)
     4    0.01    0.14    0.21    1.58 v _118_/Y (sky130_fd_sc_hd__o41ai_2)
                                         _069_ (net)
                  0.14    0.00    1.58 v _130_/A (sky130_fd_sc_hd__and4_2)
     2    0.01    0.05    0.23    1.81 v _130_/X (sky130_fd_sc_hd__and4_2)
                                         _081_ (net)
                  0.05    0.00    1.81 v _151_/A (sky130_fd_sc_hd__or2_2)
     2    0.01    0.08    0.32    2.13 v _151_/X (sky130_fd_sc_hd__or2_2)
                                         _013_ (net)
                  0.08    0.00    2.13 v _152_/A1 (sky130_fd_sc_hd__a21bo_2)
     1    0.01    0.05    0.22    2.35 v _152_/X (sky130_fd_sc_hd__a21bo_2)
                                         _014_ (net)
                  0.05    0.00    2.35 v _153_/B (sky130_fd_sc_hd__xnor2_2)
     1    0.00    0.04    0.12    2.47 v _153_/Y (sky130_fd_sc_hd__xnor2_2)
                                         x67.Si (net)
                  0.04    0.00    2.47 v _204_/D (sky130_fd_sc_hd__dfxtp_2)
                                  2.47   data arrival time

                  0.00    4.75    4.75   clock core_clock (rise edge)
                          0.00    4.75   clock network delay (ideal)
                          0.00    4.75   clock reconvergence pessimism
                                  4.75 ^ _204_/CLK (sky130_fd_sc_hd__dfxtp_2)
                         -0.12    4.63   library setup time
                                  4.63   data required time
-----------------------------------------------------------------------------
                                  4.63   data required time
                                 -2.47   data arrival time
-----------------------------------------------------------------------------
                                  2.16   slack (MET)




===========================================================================
report_checks --slack_max -0.01
============================================================================
======================= Typical Corner ===================================

No paths found.


===========================================================================
 report_check_types -max_slew -max_cap -max_fanout -violators
============================================================================
======================= Typical Corner ===================================


max slew violations count Typical: 0
max fanout violations count Typical: 0
max cap violations count Typical: 0

===========================================================================
report_parasitic_annotation -report_unannotated
============================================================================
Found 188 unannotated drivers.
 A[0]
 A[10]
 A[11]
 A[12]
 A[13]
 A[14]
 A[15]
 A[1]
 A[2]
 A[3]
 A[4]
 A[5]
 A[6]
 A[7]
 A[8]
 A[9]
 B[0]
 B[10]
 B[11]
 B[12]
 B[13]
 B[14]
 B[15]
 B[1]
 B[2]
 B[3]
 B[4]
 B[5]
 B[6]
 B[7]
 B[8]
 B[9]
 CLK
 Cin
 _087_/Y
 _088_/X
 _089_/Y
 _090_/X
 _091_/Y
 _092_/X
 _093_/Y
 _094_/X
 _095_/Y
 _096_/X
 _097_/X
 _098_/Y
 _099_/X
 _100_/X
 _101_/X
 _102_/X
 _103_/X
 _104_/X
 _105_/X
 _106_/X
 _107_/X
 _108_/Y
 _109_/X
 _110_/Y
 _111_/X
 _112_/Y
 _113_/Y
 _114_/X
 _115_/X
 _116_/X
 _117_/Y
 _118_/Y
 _119_/X
 _120_/X
 _121_/X
 _122_/X
 _123_/X
 _124_/Y
 _125_/X
 _126_/X
 _127_/X
 _128_/Y
 _129_/Y
 _130_/X
 _131_/X
 _132_/X
 _133_/X
 _134_/X
 _135_/Y
 _136_/Y
 _137_/X
 _138_/Y
 _139_/Y
 _140_/Y
 _141_/Y
 _142_/Y
 _143_/X
 _144_/Y
 _145_/Y
 _146_/Y
 _147_/Y
 _148_/X
 _149_/X
 _150_/Y
 _151_/X
 _152_/X
 _153_/Y
 _154_/Y
 _155_/X
 _156_/X
 _157_/X
 _158_/Y
 _159_/Y
 _160_/X
 _161_/Y
 _162_/Y
 _163_/X
 _164_/Y
 _165_/X
 _166_/X
 _167_/Y
 _168_/Y
 _169_/Y
 _170_/X
 _171_/Y
 _172_/Y
 _173_/X
 _174_/Y
 _175_/Y
 _176_/Y
 _177_/Y
 _178_/Y
 _179_/Y
 _180_/Y
 _181_/Y
 _182_/Y
 _183_/Y
 _184_/X
 _185_/X
 _186_/X
 _187_/X
 _188_/Y
 _189_/X
 _190_/Y
 _191_/Q
 _192_/Q
 _193_/Q
 _194_/Q
 _195_/Q
 _196_/Q
 _197_/Q
 _198_/Q
 _199_/Q
 _200_/Q
 _201_/Q
 _202_/Q
 _203_/Q
 _204_/Q
 _205_/Q
 _206_/Q
 _207_/Q
 _208_/Q
 _209_/Q
 _210_/Q
 _211_/Q
 _212_/Q
 _213_/Q
 _214_/Q
 _215_/Q
 _216_/Q
 _217_/Q
 _218_/Q
 _219_/Q
 _220_/Q
 _221_/Q
 _222_/Q
 _223_/Q
 _224_/Q
 _225_/Q
 _226_/Q
 _227_/Q
 _228_/Q
 _229_/Q
 _230_/Q
 _231_/Q
 _232_/Q
 _233_/Q
 _234_/Q
 _235_/Q
 _236_/Q
 _237_/Q
 _238_/Q
 _239_/Q
 _240_/Q
Found 0 partially unannotated drivers.

===========================================================================
max slew violation count 0
max fanout violation count 0
max cap violation count 0
============================================================================

===========================================================================
check_setup -verbose -unconstrained_endpoints -multiple_clock -no_clock -no_input_delay -loops -generated_clocks
===========================================================================
Warning: There are 33 input ports missing set_input_delay.
  A[0]
  A[10]
  A[11]
  A[12]
  A[13]
  A[14]
  A[15]
  A[1]
  A[2]
  A[3]
  A[4]
  A[5]
  A[6]
  A[7]
  A[8]
  A[9]
  B[0]
  B[10]
  B[11]
  B[12]
  B[13]
  B[14]
  B[15]
  B[1]
  B[2]
  B[3]
  B[4]
  B[5]
  B[6]
  B[7]
  B[8]
  B[9]
  Cin
Warning: There are 50 unconstrained endpoints.
  Cout
  S[0]
  S[10]
  S[11]
  S[12]
  S[13]
  S[14]
  S[15]
  S[1]
  S[2]
  S[3]
  S[4]
  S[5]
  S[6]
  S[7]
  S[8]
  S[9]
  _208_/D
  _209_/D
  _210_/D
  _211_/D
  _212_/D
  _213_/D
  _214_/D
  _215_/D
  _216_/D
  _217_/D
  _218_/D
  _219_/D
  _220_/D
  _221_/D
  _222_/D
  _223_/D
  _224_/D
  _225_/D
  _226_/D
  _227_/D
  _228_/D
  _229_/D
  _230_/D
  _231_/D
  _232_/D
  _233_/D
  _234_/D
  _235_/D
  _236_/D
  _237_/D
  _238_/D
  _239_/D
  _240_/D
checks_report_end
power_report

===========================================================================
 report_power
============================================================================
======================= Typical Corner ===================================

Group                  Internal  Switching    Leakage      Total
                          Power      Power      Power      Power (Watts)
----------------------------------------------------------------
Sequential             4.73e-04   1.02e-05   4.23e-10   4.83e-04  83.1%
Combinational          5.80e-05   4.05e-05   3.97e-10   9.85e-05  16.9%
Clock                  0.00e+00   0.00e+00   0.00e+00   0.00e+00   0.0%
Macro                  0.00e+00   0.00e+00   0.00e+00   0.00e+00   0.0%
Pad                    0.00e+00   0.00e+00   0.00e+00   0.00e+00   0.0%
----------------------------------------------------------------
Total                  5.30e-04   5.07e-05   8.19e-10   5.81e-04 100.0%
                          91.3%       8.7%       0.0%

power_report_end
skew_report

===========================================================================
report_clock_skew
============================================================================
Clock core_clock
Latency      CRPR       Skew
_208_/CLK ^
   0.00
_191_/CLK ^
   0.00      0.00       0.00

skew_report_end
summary_report

===========================================================================
report_tns
============================================================================
tns 0.00

===========================================================================
report_wns
============================================================================
wns 0.00

===========================================================================
report_worst_slack -max (Setup)
============================================================================
worst slack 2.16

===========================================================================
report_worst_slack -min (Hold)
============================================================================
worst slack 0.53
summary_report_end
check_nonpropagated_clocks
core_clock
check_nonpropagated_clocks_end
[WARNING] Did not save OpenROAD database!
Writing SDF to '/openlane/designs/bka/runs/auto_pnr/results/synthesis/bka.sdf'…
