
===========================================================================
 report_power
============================================================================
======================= Fastest Corner ===================================

Group                  Internal  Switching    Leakage      Total
                          Power      Power      Power      Power (Watts)
----------------------------------------------------------------
Sequential             5.29e-04   2.18e-05   7.26e-10   5.51e-04  52.1%
Combinational          5.03e-05   5.01e-05   5.35e-10   1.00e-04   9.5%
Clock                  2.27e-04   1.79e-04   8.26e-10   4.06e-04  38.4%
Macro                  0.00e+00   0.00e+00   0.00e+00   0.00e+00   0.0%
Pad                    0.00e+00   0.00e+00   0.00e+00   0.00e+00   0.0%
----------------------------------------------------------------
Total                  8.07e-04   2.51e-04   2.09e-09   1.06e-03 100.0%
                          76.3%      23.7%       0.0%

======================= Slowest Corner ===================================

Group                  Internal  Switching    Leakage      Total
                          Power      Power      Power      Power (Watts)
----------------------------------------------------------------
Sequential             3.55e-04   1.43e-05   7.32e-07   3.70e-04  51.4%
Combinational          3.82e-05   3.31e-05   6.10e-07   7.18e-05  10.0%
Clock                  1.64e-04   1.14e-04   1.15e-07   2.78e-04  38.6%
Macro                  0.00e+00   0.00e+00   0.00e+00   0.00e+00   0.0%
Pad                    0.00e+00   0.00e+00   0.00e+00   0.00e+00   0.0%
----------------------------------------------------------------
Total                  5.57e-04   1.62e-04   1.46e-06   7.20e-04 100.0%
                          77.3%      22.5%       0.2%

======================= Typical Corner ===================================

Group                  Internal  Switching    Leakage      Total
                          Power      Power      Power      Power (Watts)
----------------------------------------------------------------
Sequential             4.56e-04   1.83e-05   4.22e-10   4.75e-04  52.0%
Combinational          4.65e-05   4.23e-05   3.73e-10   8.88e-05   9.7%
Clock                  1.99e-04   1.50e-04   5.25e-10   3.49e-04  38.2%
Macro                  0.00e+00   0.00e+00   0.00e+00   0.00e+00   0.0%
Pad                    0.00e+00   0.00e+00   0.00e+00   0.00e+00   0.0%
----------------------------------------------------------------
Total                  7.01e-04   2.11e-04   1.32e-09   9.12e-04 100.0%
                          76.9%      23.1%       0.0%

