Instance,Terminal,Layer,X location,Y location,Voltage
FILLER_0_21_110,VGND,li1,56.5800,70.7200,0.000006
FILLER_0_21_101,VGND,li1,53.3600,70.7200,0.000005
FILLER_0_21_92,VGND,li1,49.2200,70.7200,0.000004
FILLER_0_21_85,VGND,li1,45.5400,70.7200,0.000003
FILLER_0_21_83,VGND,li1,43.9300,70.7200,0.000003
FILLER_0_21_74,VGND,li1,40.9400,70.7200,0.000003
FILLER_0_21_65,VGND,li1,36.8000,70.7200,0.000003
FILLER_0_21_61,VGND,li1,33.8100,70.7200,0.000003
FILLER_0_21_57,VGND,li1,32.6600,70.7200,0.000003
FILLER_0_21_47,VGND,li1,28.5200,70.7200,0.000004
FILLER_0_21_38,VGND,li1,24.3800,70.7200,0.000005
FILLER_0_21_32,VGND,li1,20.9300,70.7200,0.000006
FILLER_0_21_26,VGND,li1,17.9400,70.7200,0.000007
FILLER_0_21_3,VGND,li1,7.1300,70.7200,0.000012
FILLER_0_20_128,VGND,li1,64.6300,65.2800,0.000024
FILLER_0_20_121,VGND,li1,61.4100,65.2800,0.000024
FILLER_0_20_85,VGND,li1,44.8500,65.2800,0.000033
FILLER_0_20_72,VGND,li1,41.4000,65.2800,0.000034
FILLER_0_20_54,VGND,li1,30.8200,65.2800,0.000030
FILLER_0_20_46,VGND,li1,28.5200,65.2800,0.000034
FILLER_0_20_29,VGND,li1,19.0900,65.2800,0.000033
FILLER_0_20_26,VGND,li1,17.9400,65.2800,0.000031
FILLER_0_20_9,VGND,li1,9.8900,65.2800,0.000037
FILLER_0_19_108,VGND,li1,55.4300,65.2800,0.000031
FILLER_0_19_90,VGND,li1,47.1500,65.2800,0.000028
FILLER_0_19_57,VGND,li1,31.9700,65.2800,0.000030
FILLER_0_19_34,VGND,li1,22.5400,65.2800,0.000036
FILLER_0_19_12,VGND,li1,12.4200,65.2800,0.000036
FILLER_0_18_125,VGND,li1,63.2500,59.8400,0.000007
FILLER_0_18_117,VGND,li1,61.1800,59.8400,0.000007
FILLER_0_18_108,VGND,li1,56.5800,59.8400,0.000010
FILLER_0_18_97,VGND,li1,51.0600,59.8400,0.000011
FILLER_0_18_85,VGND,li1,47.3800,59.8400,0.000012
FILLER_0_18_67,VGND,li1,36.5700,59.8400,0.000021
FILLER_0_18_50,VGND,li1,28.7500,59.8400,0.000028
FILLER_0_18_33,VGND,li1,20.9300,59.8400,0.000026
FILLER_0_18_29,VGND,li1,19.7800,59.8400,0.000024
FILLER_0_18_27,VGND,li1,18.1700,59.8400,0.000024
FILLER_0_18_19,VGND,li1,16.1000,59.8400,0.000022
FILLER_0_17_125,VGND,li1,63.9400,59.8400,0.000007
FILLER_0_17_111,VGND,li1,56.8100,59.8400,0.000010
FILLER_0_17_107,VGND,li1,55.6600,59.8400,0.000010
FILLER_0_17_99,VGND,li1,51.2900,59.8400,0.000011
FILLER_0_17_93,VGND,li1,49.6800,59.8400,0.000011
FILLER_0_17_81,VGND,li1,45.5400,59.8400,0.000015
FILLER_0_17_69,VGND,li1,40.0200,59.8400,0.000020
FILLER_0_17_57,VGND,li1,34.5000,59.8400,0.000022
FILLER_0_17_38,VGND,li1,23.4600,59.8400,0.000029
FILLER_0_17_30,VGND,li1,21.1600,59.8400,0.000026
FILLER_0_17_18,VGND,li1,16.5600,59.8400,0.000022
FILLER_0_17_6,VGND,li1,11.0400,59.8400,0.000029
FILLER_0_16_126,VGND,li1,64.1700,54.4000,0.000044
FILLER_0_16_118,VGND,li1,61.6400,54.4000,0.000044
FILLER_0_16_85,VGND,li1,45.5400,54.4000,0.000047
FILLER_0_16_83,VGND,li1,43.9300,54.4000,0.000047
FILLER_0_16_79,VGND,li1,42.7800,54.4000,0.000048
FILLER_0_16_67,VGND,li1,39.1000,54.4000,0.000048
FILLER_0_16_55,VGND,li1,33.5800,54.4000,0.000049
FILLER_0_16_29,VGND,li1,20.2400,54.4000,0.000057
FILLER_0_16_25,VGND,li1,17.7100,54.4000,0.000047
FILLER_0_16_6,VGND,li1,8.9700,54.4000,0.000059
FILLER_0_15_127,VGND,li1,64.4000,54.4000,0.000044
FILLER_0_15_119,VGND,li1,62.1000,54.4000,0.000044
FILLER_0_15_113,VGND,li1,58.1900,54.4000,0.000059
FILLER_0_15_109,VGND,li1,56.3500,54.4000,0.000067
FILLER_0_15_94,VGND,li1,49.2200,54.4000,0.000055
FILLER_0_15_82,VGND,li1,46.0000,54.4000,0.000047
FILLER_0_15_69,VGND,li1,38.6400,54.4000,0.000048
FILLER_0_15_57,VGND,li1,34.5000,54.4000,0.000049
FILLER_0_15_53,VGND,li1,30.5900,54.4000,0.000050
FILLER_0_15_34,VGND,li1,21.8500,54.4000,0.000057
FILLER_0_15_22,VGND,li1,18.4000,54.4000,0.000052
FILLER_0_14_128,VGND,li1,64.6300,48.9600,0.000012
FILLER_0_14_109,VGND,li1,56.3500,48.9600,0.000012
FILLER_0_14_91,VGND,li1,48.0700,48.9600,0.000011
FILLER_0_14_83,VGND,li1,43.9300,48.9600,0.000013
FILLER_0_14_68,VGND,li1,38.1800,48.9600,0.000013
FILLER_0_14_56,VGND,li1,34.0400,48.9600,0.000013
FILLER_0_14_37,VGND,li1,23.2300,48.9600,0.000015
FILLER_0_14_29,VGND,li1,20.7000,48.9600,0.000014
FILLER_0_14_26,VGND,li1,17.9400,48.9600,0.000014
FILLER_0_14_6,VGND,li1,9.6600,48.9600,0.000021
FILLER_0_13_127,VGND,li1,64.4000,48.9600,0.000012
FILLER_0_13_119,VGND,li1,62.1000,48.9600,0.000012
FILLER_0_13_111,VGND,li1,56.8100,48.9600,0.000012
FILLER_0_13_104,VGND,li1,53.5900,48.9600,0.000013
FILLER_0_13_96,VGND,li1,51.5200,48.9600,0.000012
FILLER_0_13_57,VGND,li1,33.5800,48.9600,0.000013
FILLER_0_13_50,VGND,li1,29.9000,48.9600,0.000012
FILLER_0_13_38,VGND,li1,25.7600,48.9600,0.000015
FILLER_0_13_26,VGND,li1,20.2400,48.9600,0.000014
FILLER_0_12_128,VGND,li1,64.6300,43.5200,0.000024
FILLER_0_12_120,VGND,li1,62.5600,43.5200,0.000024
FILLER_0_12_90,VGND,li1,48.7600,43.5200,0.000042
FILLER_0_12_78,VGND,li1,42.0900,43.5200,0.000063
FILLER_0_12_64,VGND,li1,36.8000,43.5200,0.000058
FILLER_0_12_54,VGND,li1,31.0500,43.5200,0.000042
FILLER_0_12_32,VGND,li1,21.6200,43.5200,0.000037
FILLER_0_12_27,VGND,li1,18.1700,43.5200,0.000031
FILLER_0_12_6,VGND,li1,9.2000,43.5200,0.000026
FILLER_0_11_128,VGND,li1,64.6300,43.5200,0.000024
FILLER_0_11_116,VGND,li1,61.6400,43.5200,0.000024
FILLER_0_11_110,VGND,li1,56.5800,43.5200,0.000035
FILLER_0_11_92,VGND,li1,48.3000,43.5200,0.000043
FILLER_0_11_57,VGND,li1,31.9700,43.5200,0.000042
FILLER_0_11_51,VGND,li1,29.2100,43.5200,0.000043
FILLER_0_11_34,VGND,li1,21.3900,43.5200,0.000037
FILLER_0_11_26,VGND,li1,19.3200,43.5200,0.000031
FILLER_0_11_12,VGND,li1,11.2700,43.5200,0.000026
FILLER_0_11_6,VGND,li1,9.6600,43.5200,0.000026
FILLER_0_10_121,VGND,li1,63.0200,38.0800,0.000002
FILLER_0_10_109,VGND,li1,58.4200,38.0800,0.000002
FILLER_0_10_97,VGND,li1,52.9000,38.0800,0.000003
FILLER_0_10_85,VGND,li1,47.3800,38.0800,0.000004
FILLER_0_10_82,VGND,li1,43.7000,38.0800,0.000006
FILLER_0_10_61,VGND,li1,34.0400,38.0800,0.000009
FILLER_0_10_53,VGND,li1,31.7400,38.0800,0.000009
FILLER_0_10_41,VGND,li1,27.1400,38.0800,0.000012
FILLER_0_10_29,VGND,li1,21.6200,38.0800,0.000015
FILLER_0_10_20,VGND,li1,16.5600,38.0800,0.000014
FILLER_0_10_3,VGND,li1,7.1300,38.0800,0.000020
FILLER_0_9_125,VGND,li1,63.9400,38.0800,0.000002
FILLER_0_9_113,VGND,li1,60.2600,38.0800,0.000002
FILLER_0_9_111,VGND,li1,56.8100,38.0800,0.000002
FILLER_0_9_105,VGND,li1,55.2000,38.0800,0.000002
FILLER_0_9_93,VGND,li1,51.0600,38.0800,0.000003
FILLER_0_9_81,VGND,li1,45.5400,38.0800,0.000005
FILLER_0_9_74,VGND,li1,39.7900,38.0800,0.000007
FILLER_0_9_70,VGND,li1,37.9500,38.0800,0.000008
FILLER_0_9_61,VGND,li1,33.8100,38.0800,0.000009
FILLER_0_9_57,VGND,li1,32.6600,38.0800,0.000009
FILLER_0_9_55,VGND,li1,31.0500,38.0800,0.000009
FILLER_0_9_47,VGND,li1,28.9800,38.0800,0.000011
FILLER_0_9_30,VGND,li1,19.5500,38.0800,0.000014
FILLER_0_9_18,VGND,li1,16.5600,38.0800,0.000014
FILLER_0_9_6,VGND,li1,11.0400,38.0800,0.000020
FILLER_0_8_125,VGND,li1,63.9400,32.6400,0.000049
FILLER_0_8_103,VGND,li1,54.2800,32.6400,0.000071
FILLER_0_8_93,VGND,li1,48.9900,32.6400,0.000069
FILLER_0_8_85,VGND,li1,46.4600,32.6400,0.000057
FILLER_0_8_76,VGND,li1,42.3200,32.6400,0.000059
FILLER_0_8_61,VGND,li1,34.5000,32.6400,0.000055
FILLER_0_8_56,VGND,li1,31.7400,32.6400,0.000054
FILLER_0_8_51,VGND,li1,29.4400,32.6400,0.000063
FILLER_0_8_41,VGND,li1,24.8400,32.6400,0.000070
FILLER_0_8_29,VGND,li1,21.6200,32.6400,0.000058
FILLER_0_8_25,VGND,li1,17.7100,32.6400,0.000041
FILLER_0_8_14,VGND,li1,12.4200,32.6400,0.000042
FILLER_0_8_6,VGND,li1,10.1200,32.6400,0.000043
FILLER_0_7_57,VGND,li1,32.2000,32.6400,0.000054
FILLER_0_6_127,VGND,li1,64.4000,27.2000,0.000013
FILLER_0_6_93,VGND,li1,48.7600,27.2000,0.000012
FILLER_0_6_85,VGND,li1,46.4600,27.2000,0.000011
FILLER_0_6_83,VGND,li1,43.9300,27.2000,0.000011
FILLER_0_6_77,VGND,li1,42.3200,27.2000,0.000012
FILLER_0_6_70,VGND,li1,37.9500,27.2000,0.000013
FILLER_0_6_33,VGND,li1,21.1600,27.2000,0.000017
FILLER_0_6_29,VGND,li1,19.0900,27.2000,0.000016
FILLER_0_6_27,VGND,li1,18.1700,27.2000,0.000016
FILLER_0_6_20,VGND,li1,14.9500,27.2000,0.000019
FILLER_0_6_16,VGND,li1,13.8000,27.2000,0.000019
FILLER_0_6_3,VGND,li1,8.2800,27.2000,0.000023
FILLER_0_5_125,VGND,li1,63.9400,27.2000,0.000013
FILLER_0_5_113,VGND,li1,60.2600,27.2000,0.000013
FILLER_0_5_108,VGND,li1,56.1200,27.2000,0.000014
FILLER_0_5_96,VGND,li1,52.4400,27.2000,0.000015
FILLER_0_5_84,VGND,li1,46.9200,27.2000,0.000011
FILLER_0_5_72,VGND,li1,41.4000,27.2000,0.000012
FILLER_0_5_60,VGND,li1,35.8800,27.2000,0.000014
FILLER_0_5_27,VGND,li1,18.6300,27.2000,0.000016
FILLER_0_5_19,VGND,li1,16.1000,27.2000,0.000016
FILLER_0_4_121,VGND,li1,63.0200,21.7600,0.000001
FILLER_0_4_109,VGND,li1,58.4200,21.7600,0.000001
FILLER_0_4_97,VGND,li1,52.9000,21.7600,0.000002
FILLER_0_4_85,VGND,li1,47.3800,21.7600,0.000002
FILLER_0_4_83,VGND,li1,43.9300,21.7600,0.000004
FILLER_0_4_79,VGND,li1,42.7800,21.7600,0.000004
FILLER_0_4_67,VGND,li1,39.1000,21.7600,0.000005
FILLER_0_4_55,VGND,li1,33.5800,21.7600,0.000007
FILLER_0_4_37,VGND,li1,23.0000,21.7600,0.000012
FILLER_0_4_29,VGND,li1,20.7000,21.7600,0.000012
FILLER_0_4_27,VGND,li1,18.1700,21.7600,0.000012
FILLER_0_4_21,VGND,li1,16.5600,21.7600,0.000012
FILLER_0_4_9,VGND,li1,12.4200,21.7600,0.000017
FILLER_0_3_125,VGND,li1,63.9400,21.7600,0.000001
FILLER_0_3_113,VGND,li1,60.2600,21.7600,0.000001
FILLER_0_3_111,VGND,li1,56.8100,21.7600,0.000002
FILLER_0_3_105,VGND,li1,55.2000,21.7600,0.000002
FILLER_0_3_93,VGND,li1,51.0600,21.7600,0.000002
FILLER_0_3_81,VGND,li1,45.5400,21.7600,0.000003
FILLER_0_3_69,VGND,li1,40.0200,21.7600,0.000005
FILLER_0_3_57,VGND,li1,34.5000,21.7600,0.000007
FILLER_0_3_55,VGND,li1,31.0500,21.7600,0.000008
FILLER_0_3_47,VGND,li1,28.9800,21.7600,0.000010
FILLER_0_3_35,VGND,li1,24.3800,21.7600,0.000012
FILLER_0_3_23,VGND,li1,18.8600,21.7600,0.000012
FILLER_0_3_3,VGND,li1,7.8200,21.7600,0.000018
FILLER_0_2_128,VGND,li1,64.6300,16.3200,0.000015
FILLER_0_2_109,VGND,li1,56.3500,16.3200,0.000017
FILLER_0_2_101,VGND,li1,53.8200,16.3200,0.000019
FILLER_0_2_51,VGND,li1,29.2100,16.3200,0.000038
FILLER_0_2_45,VGND,li1,27.6000,16.3200,0.000038
FILLER_0_2_27,VGND,li1,18.1700,16.3200,0.000039
FILLER_0_2_10,VGND,li1,10.3500,16.3200,0.000047
FILLER_0_2_6,VGND,li1,9.2000,16.3200,0.000047
FILLER_0_1_125,VGND,li1,63.9400,16.3200,0.000015
FILLER_0_1_113,VGND,li1,60.2600,16.3200,0.000015
FILLER_0_1_111,VGND,li1,56.8100,16.3200,0.000017
FILLER_0_1_105,VGND,li1,55.2000,16.3200,0.000019
FILLER_0_1_93,VGND,li1,51.0600,16.3200,0.000020
FILLER_0_1_81,VGND,li1,45.5400,16.3200,0.000026
FILLER_0_1_61,VGND,li1,33.8100,16.3200,0.000033
FILLER_0_1_57,VGND,li1,32.6600,16.3200,0.000031
FILLER_0_1_36,VGND,li1,23.0000,16.3200,0.000041
FILLER_0_1_19,VGND,li1,14.4900,16.3200,0.000042
FILLER_0_0_128,VGND,li1,64.6300,10.8800,0.000002
FILLER_0_0_119,VGND,li1,60.9500,10.8800,0.000002
FILLER_0_0_113,VGND,li1,58.1900,10.8800,0.000003
FILLER_0_0_110,VGND,li1,56.5800,10.8800,0.000003
FILLER_0_0_101,VGND,li1,53.3600,10.8800,0.000003
FILLER_0_0_92,VGND,li1,49.2200,10.8800,0.000004
FILLER_0_0_85,VGND,li1,45.5400,10.8800,0.000005
FILLER_0_0_83,VGND,li1,43.9300,10.8800,0.000006
FILLER_0_0_78,VGND,li1,41.8600,10.8800,0.000008
FILLER_0_0_57,VGND,li1,32.2000,10.8800,0.000009
FILLER_0_0_51,VGND,li1,29.4400,10.8800,0.000010
FILLER_0_0_24,VGND,li1,16.7900,10.8800,0.000007
FILLER_0_0_20,VGND,li1,15.6400,10.8800,0.000007
FILLER_0_0_6,VGND,li1,8.7400,10.8800,0.000008
clkload2,VGND,li1,47.8400,54.4000,0.000055
clkload1,VGND,li1,51.2900,32.6400,0.000079
clkload0,VGND,li1,21.3900,32.6400,0.000058
clkbuf_2_3__f_CLK,VGND,li1,53.8200,54.4000,0.000078
clkbuf_2_2__f_CLK,VGND,li1,52.4400,32.6400,0.000079
clkbuf_2_1__f_CLK,VGND,li1,26.2200,54.4000,0.000072
clkbuf_2_0__f_CLK,VGND,li1,26.6800,32.6400,0.000076
clkbuf_0_CLK,VGND,li1,40.4800,43.5200,0.000072
output50,VGND,li1,7.5900,43.5200,0.000026
output49,VGND,li1,7.5900,43.5200,0.000026
output48,VGND,li1,7.5900,38.0800,0.000020
output47,VGND,li1,7.5900,32.6400,0.000043
output46,VGND,li1,7.5900,32.6400,0.000043
output45,VGND,li1,7.5900,21.7600,0.000018
output44,VGND,li1,8.9700,21.7600,0.000018
output43,VGND,li1,7.5900,16.3200,0.000048
output42,VGND,li1,7.5900,10.8800,0.000008
output41,VGND,li1,10.3500,65.2800,0.000037
output40,VGND,li1,7.5900,65.2800,0.000037
output39,VGND,li1,7.5900,65.2800,0.000037
output38,VGND,li1,7.5900,59.8400,0.000029
output37,VGND,li1,7.5900,54.4000,0.000059
output36,VGND,li1,7.5900,48.9600,0.000021
output35,VGND,li1,12.6500,10.8800,0.000007
output34,VGND,li1,8.9700,65.2800,0.000037
input33,VGND,li1,64.1700,59.8400,0.000007
input32,VGND,li1,43.0100,10.8800,0.000006
input31,VGND,li1,40.7100,10.8800,0.000008
input30,VGND,li1,34.7300,16.3200,0.000033
input29,VGND,li1,30.5900,10.8800,0.000009
input28,VGND,li1,28.2900,10.8800,0.000010
input27,VGND,li1,19.5500,10.8800,0.000008
input26,VGND,li1,17.7100,10.8800,0.000007
input25,VGND,li1,14.0300,10.8800,0.000007
input24,VGND,li1,9.8900,10.8800,0.000008
input23,VGND,li1,62.3300,10.8800,0.000002
input22,VGND,li1,63.7100,10.8800,0.000002
input21,VGND,li1,59.5700,10.8800,0.000002
input20,VGND,li1,55.4300,10.8800,0.000003
input19,VGND,li1,51.2900,10.8800,0.000004
input18,VGND,li1,47.1500,10.8800,0.000005
input17,VGND,li1,11.2700,10.8800,0.000007
input16,VGND,li1,43.0100,70.7200,0.000003
input15,VGND,li1,38.8700,70.7200,0.000003
input14,VGND,li1,34.7300,70.7200,0.000003
input13,VGND,li1,30.5900,70.7200,0.000003
input12,VGND,li1,26.4500,70.7200,0.000004
input11,VGND,li1,22.3100,70.7200,0.000006
input10,VGND,li1,19.5500,70.7200,0.000007
input9,VGND,li1,15.4100,70.7200,0.000008
input8,VGND,li1,16.7900,70.7200,0.000008
input7,VGND,li1,62.3300,65.2800,0.000024
input6,VGND,li1,63.7100,65.2800,0.000024
input5,VGND,li1,60.4900,65.2800,0.000024
input4,VGND,li1,55.4300,70.7200,0.000006
input3,VGND,li1,51.2900,70.7200,0.000005
input2,VGND,li1,47.1500,70.7200,0.000003
input1,VGND,li1,8.9700,65.2800,0.000037
TAP_TAPCELL_ROW_21_91,VGND,li1,57.2700,70.4280,0.000006
TAP_TAPCELL_ROW_21_90,VGND,li1,44.3900,70.4280,0.000003
TAP_TAPCELL_ROW_21_89,VGND,li1,31.5100,70.4280,0.000003
TAP_TAPCELL_ROW_21_88,VGND,li1,18.6300,70.4280,0.000007
TAP_TAPCELL_ROW_20_87,VGND,li1,44.3900,65.5710,0.000033
TAP_TAPCELL_ROW_20_86,VGND,li1,18.6300,65.5710,0.000033
TAP_TAPCELL_ROW_19_85,VGND,li1,57.2700,64.9880,0.000030
TAP_TAPCELL_ROW_19_84,VGND,li1,31.5100,64.9880,0.000030
TAP_TAPCELL_ROW_18_83,VGND,li1,44.3900,60.1310,0.000015
TAP_TAPCELL_ROW_18_82,VGND,li1,18.6300,60.1310,0.000024
TAP_TAPCELL_ROW_17_81,VGND,li1,57.2700,59.5480,0.000010
TAP_TAPCELL_ROW_17_80,VGND,li1,31.5100,59.5480,0.000022
TAP_TAPCELL_ROW_16_79,VGND,li1,44.3900,54.6910,0.000047
TAP_TAPCELL_ROW_16_78,VGND,li1,18.6300,54.6910,0.000052
TAP_TAPCELL_ROW_15_77,VGND,li1,57.2700,54.1080,0.000067
TAP_TAPCELL_ROW_15_76,VGND,li1,31.5100,54.1080,0.000050
TAP_TAPCELL_ROW_14_75,VGND,li1,44.3900,49.2510,0.000012
TAP_TAPCELL_ROW_14_74,VGND,li1,18.6300,49.2510,0.000014
TAP_TAPCELL_ROW_13_73,VGND,li1,57.2700,48.6680,0.000012
TAP_TAPCELL_ROW_13_72,VGND,li1,31.5100,48.6680,0.000012
TAP_TAPCELL_ROW_12_71,VGND,li1,44.3900,43.8110,0.000053
TAP_TAPCELL_ROW_12_70,VGND,li1,18.6300,43.8110,0.000031
TAP_TAPCELL_ROW_11_69,VGND,li1,57.2700,43.2280,0.000035
TAP_TAPCELL_ROW_11_68,VGND,li1,31.5100,43.2280,0.000042
TAP_TAPCELL_ROW_10_67,VGND,li1,44.3900,38.3710,0.000005
TAP_TAPCELL_ROW_10_66,VGND,li1,18.6300,38.3710,0.000014
TAP_TAPCELL_ROW_9_65,VGND,li1,57.2700,37.7880,0.000002
TAP_TAPCELL_ROW_9_64,VGND,li1,31.5100,37.7880,0.000009
TAP_TAPCELL_ROW_8_63,VGND,li1,44.3900,32.9310,0.000059
TAP_TAPCELL_ROW_8_62,VGND,li1,18.6300,32.9310,0.000049
TAP_TAPCELL_ROW_7_61,VGND,li1,57.2700,32.3480,0.000062
TAP_TAPCELL_ROW_7_60,VGND,li1,31.5100,32.3480,0.000054
TAP_TAPCELL_ROW_6_59,VGND,li1,44.3900,27.4910,0.000011
TAP_TAPCELL_ROW_6_58,VGND,li1,18.6300,27.4910,0.000016
TAP_TAPCELL_ROW_5_57,VGND,li1,57.2700,26.9080,0.000014
TAP_TAPCELL_ROW_5_56,VGND,li1,31.5100,26.9080,0.000014
TAP_TAPCELL_ROW_4_55,VGND,li1,44.3900,22.0510,0.000004
TAP_TAPCELL_ROW_4_54,VGND,li1,18.6300,22.0510,0.000012
TAP_TAPCELL_ROW_3_53,VGND,li1,57.2700,21.4680,0.000001
TAP_TAPCELL_ROW_3_52,VGND,li1,31.5100,21.4680,0.000008
TAP_TAPCELL_ROW_2_51,VGND,li1,44.3900,16.6110,0.000026
TAP_TAPCELL_ROW_2_50,VGND,li1,18.6300,16.6110,0.000039
TAP_TAPCELL_ROW_1_49,VGND,li1,57.2700,16.0280,0.000017
TAP_TAPCELL_ROW_1_48,VGND,li1,31.5100,16.0280,0.000031
TAP_TAPCELL_ROW_0_47,VGND,li1,57.2700,11.1710,0.000003
TAP_TAPCELL_ROW_0_46,VGND,li1,44.3900,11.1710,0.000006
TAP_TAPCELL_ROW_0_45,VGND,li1,31.5100,11.1710,0.000009
TAP_TAPCELL_ROW_0_44,VGND,li1,18.6300,11.1710,0.000008
PHY_EDGE_ROW_21_Left_43,VGND,li1,6.2100,70.7200,0.000012
PHY_EDGE_ROW_20_Left_42,VGND,li1,6.2100,65.2800,0.000037
PHY_EDGE_ROW_19_Left_41,VGND,li1,6.2100,65.2800,0.000037
PHY_EDGE_ROW_18_Left_40,VGND,li1,6.2100,59.8400,0.000029
PHY_EDGE_ROW_17_Left_39,VGND,li1,6.2100,59.8400,0.000029
PHY_EDGE_ROW_16_Left_38,VGND,li1,6.2100,54.4000,0.000059
PHY_EDGE_ROW_15_Left_37,VGND,li1,6.2100,54.4000,0.000059
PHY_EDGE_ROW_14_Left_36,VGND,li1,6.2100,48.9600,0.000021
PHY_EDGE_ROW_13_Left_35,VGND,li1,6.2100,48.9600,0.000021
PHY_EDGE_ROW_12_Left_34,VGND,li1,6.2100,43.5200,0.000026
PHY_EDGE_ROW_11_Left_33,VGND,li1,6.2100,43.5200,0.000026
PHY_EDGE_ROW_10_Left_32,VGND,li1,6.2100,38.0800,0.000020
PHY_EDGE_ROW_9_Left_31,VGND,li1,6.2100,38.0800,0.000020
PHY_EDGE_ROW_8_Left_30,VGND,li1,6.2100,32.6400,0.000043
PHY_EDGE_ROW_7_Left_29,VGND,li1,6.2100,32.6400,0.000043
PHY_EDGE_ROW_6_Left_28,VGND,li1,6.2100,27.2000,0.000023
PHY_EDGE_ROW_5_Left_27,VGND,li1,6.2100,27.2000,0.000023
PHY_EDGE_ROW_4_Left_26,VGND,li1,6.2100,21.7600,0.000018
PHY_EDGE_ROW_3_Left_25,VGND,li1,6.2100,21.7600,0.000018
PHY_EDGE_ROW_2_Left_24,VGND,li1,6.2100,16.3200,0.000048
PHY_EDGE_ROW_1_Left_23,VGND,li1,6.2100,16.3200,0.000048
PHY_EDGE_ROW_0_Left_22,VGND,li1,6.2100,10.8800,0.000008
PHY_EDGE_ROW_21_Right_21,VGND,li1,65.5500,70.7200,0.000007
PHY_EDGE_ROW_20_Right_20,VGND,li1,65.5500,65.2800,0.000024
PHY_EDGE_ROW_19_Right_19,VGND,li1,65.5500,65.2800,0.000024
PHY_EDGE_ROW_18_Right_18,VGND,li1,65.5500,59.8400,0.000007
PHY_EDGE_ROW_17_Right_17,VGND,li1,65.5500,59.8400,0.000007
PHY_EDGE_ROW_16_Right_16,VGND,li1,65.5500,54.4000,0.000044
PHY_EDGE_ROW_15_Right_15,VGND,li1,65.5500,54.4000,0.000044
PHY_EDGE_ROW_14_Right_14,VGND,li1,65.5500,48.9600,0.000012
PHY_EDGE_ROW_13_Right_13,VGND,li1,65.5500,48.9600,0.000012
PHY_EDGE_ROW_12_Right_12,VGND,li1,65.5500,43.5200,0.000024
PHY_EDGE_ROW_11_Right_11,VGND,li1,65.5500,43.5200,0.000024
PHY_EDGE_ROW_10_Right_10,VGND,li1,65.5500,38.0800,0.000002
PHY_EDGE_ROW_9_Right_9,VGND,li1,65.5500,38.0800,0.000002
PHY_EDGE_ROW_8_Right_8,VGND,li1,65.5500,32.6400,0.000049
PHY_EDGE_ROW_7_Right_7,VGND,li1,65.5500,32.6400,0.000049
PHY_EDGE_ROW_6_Right_6,VGND,li1,65.5500,27.2000,0.000013
PHY_EDGE_ROW_5_Right_5,VGND,li1,65.5500,27.2000,0.000013
PHY_EDGE_ROW_4_Right_4,VGND,li1,65.5500,21.7600,0.000001
PHY_EDGE_ROW_3_Right_3,VGND,li1,65.5500,21.7600,0.000001
PHY_EDGE_ROW_2_Right_2,VGND,li1,65.5500,16.3200,0.000015
PHY_EDGE_ROW_1_Right_1,VGND,li1,65.5500,16.3200,0.000015
PHY_EDGE_ROW_0_Right_0,VGND,li1,65.5500,10.8800,0.000002
_208_,VGND,li1,25.3000,43.5200,0.000045
_207_,VGND,li1,23.4600,38.0800,0.000016
_206_,VGND,li1,44.1600,32.6400,0.000059
_205_,VGND,li1,29.9000,27.2000,0.000017
_204_,VGND,li1,27.1400,21.7600,0.000012
_203_,VGND,li1,10.5800,27.2000,0.000023
_202_,VGND,li1,12.4200,21.7600,0.000017
_201_,VGND,li1,14.2600,16.3200,0.000042
_200_,VGND,li1,10.5800,16.3200,0.000047
_199_,VGND,li1,13.3400,54.4000,0.000054
_198_,VGND,li1,60.7200,16.3200,0.000015
_197_,VGND,li1,61.1800,32.6400,0.000049
_196_,VGND,li1,59.3400,32.6400,0.000056
_195_,VGND,li1,60.2600,27.2000,0.000013
_194_,VGND,li1,52.9000,27.2000,0.000015
_193_,VGND,li1,48.3000,16.3200,0.000022
_192_,VGND,li1,40.4800,16.3200,0.000035
_191_,VGND,li1,39.1000,16.3200,0.000035
_190_,VGND,li1,36.3400,10.8800,0.000011
_189_,VGND,li1,33.1200,16.3200,0.000031
_188_,VGND,li1,27.6000,16.3200,0.000038
_187_,VGND,li1,23.9200,10.8800,0.000011
_186_,VGND,li1,18.4000,16.3200,0.000039
_185_,VGND,li1,22.5400,16.3200,0.000041
_184_,VGND,li1,11.0400,38.0800,0.000020
_183_,VGND,li1,10.5800,48.9600,0.000021
_182_,VGND,li1,61.1800,70.7200,0.000007
_181_,VGND,li1,61.1800,65.2800,0.000024
_180_,VGND,li1,60.7200,48.9600,0.000012
_179_,VGND,li1,57.0400,43.5200,0.000035
_178_,VGND,li1,52.4400,43.5200,0.000042
_177_,VGND,li1,43.2400,65.2800,0.000033
_176_,VGND,li1,40.4800,59.8400,0.000020
_175_,VGND,li1,35.8800,65.2800,0.000037
_174_,VGND,li1,34.9600,65.2800,0.000037
_173_,VGND,li1,32.6600,59.8400,0.000022
_172_,VGND,li1,27.6000,65.2800,0.000034
_171_,VGND,li1,23.0000,65.2800,0.000036
_170_,VGND,li1,17.4800,65.2800,0.000031
_169_,VGND,li1,13.8000,65.2800,0.000036
_168_,VGND,li1,11.0400,70.7200,0.000012
_167_,VGND,li1,10.5800,54.4000,0.000059
_166_,VGND,li1,48.7600,65.2800,0.000031
_165_,VGND,li1,56.1200,65.2800,0.000030
_164_,VGND,li1,10.5800,59.8400,0.000029
_163_,VGND,li1,27.6000,59.8400,0.000028
_162_,VGND,li1,24.8400,59.8400,0.000029
_161_,VGND,li1,26.2200,54.4000,0.000072
_160_,VGND,li1,27.6000,48.9600,0.000015
_159_,VGND,li1,26.6800,43.5200,0.000045
_158_,VGND,li1,15.8700,48.9600,0.000014
_157_,VGND,li1,14.0300,48.9600,0.000016
_156_,VGND,li1,16.3300,48.9600,0.000014
_155_,VGND,li1,13.1100,43.5200,0.000026
_154_,VGND,li1,19.5500,43.5200,0.000031
_153_,VGND,li1,11.2700,43.5200,0.000026
_152_,VGND,li1,16.7900,43.5200,0.000025
_151_,VGND,li1,12.6500,32.6400,0.000042
_150_,VGND,li1,14.2600,32.6400,0.000042
_149_,VGND,li1,11.2700,27.2000,0.000023
_148_,VGND,li1,16.5600,27.2000,0.000016
_147_,VGND,li1,9.6600,32.6400,0.000043
_146_,VGND,li1,22.3100,27.2000,0.000017
_145_,VGND,li1,28.5200,27.2000,0.000017
_144_,VGND,li1,20.0100,27.2000,0.000017
_143_,VGND,li1,24.6100,27.2000,0.000018
_142_,VGND,li1,34.9600,27.2000,0.000014
_141_,VGND,li1,25.5300,27.2000,0.000018
_140_,VGND,li1,38.8700,32.6400,0.000058
_139_,VGND,li1,39.5600,27.2000,0.000013
_138_,VGND,li1,32.8900,32.6400,0.000054
_137_,VGND,li1,35.8800,38.0800,0.000009
_136_,VGND,li1,42.0900,38.0800,0.000006
_135_,VGND,li1,35.6500,32.6400,0.000057
_134_,VGND,li1,30.3600,43.5200,0.000043
_133_,VGND,li1,34.0400,43.5200,0.000050
_132_,VGND,li1,33.3500,43.5200,0.000050
_131_,VGND,li1,40.0200,43.5200,0.000072
_130_,VGND,li1,35.8800,38.0800,0.000009
_129_,VGND,li1,42.0900,38.0800,0.000006
_128_,VGND,li1,37.0300,48.9600,0.000013
_127_,VGND,li1,46.9200,48.9600,0.000011
_126_,VGND,li1,40.2500,48.9600,0.000013
_125_,VGND,li1,42.3200,48.9600,0.000013
_124_,VGND,li1,45.7700,43.5200,0.000053
_123_,VGND,li1,40.2500,48.9600,0.000013
_122_,VGND,li1,41.6300,54.4000,0.000048
_121_,VGND,li1,54.2800,54.4000,0.000078
_120_,VGND,li1,45.3100,48.9600,0.000012
_119_,VGND,li1,51.2900,54.4000,0.000068
_118_,VGND,li1,55.2000,48.9600,0.000013
_117_,VGND,li1,50.3700,48.9600,0.000012
_116_,VGND,li1,53.1300,59.8400,0.000011
_115_,VGND,li1,58.8800,59.8400,0.000008
_114_,VGND,li1,59.1100,54.4000,0.000059
_113_,VGND,li1,48.9900,65.2800,0.000031
_112_,VGND,li1,51.9800,65.2800,0.000031
_111_,VGND,li1,54.2800,65.2800,0.000031
_110_,VGND,li1,56.3500,65.2800,0.000030
_109_,VGND,li1,53.5900,59.8400,0.000011
_108_,VGND,li1,60.9500,59.8400,0.000007
_107_,VGND,li1,53.8200,48.9600,0.000013
_106_,VGND,li1,59.5700,54.4000,0.000059
_105_,VGND,li1,58.1900,48.9600,0.000012
_104_,VGND,li1,43.7000,48.9600,0.000013
_103_,VGND,li1,52.6700,43.5200,0.000042
_102_,VGND,li1,46.6900,48.9600,0.000011
_101_,VGND,li1,39.1000,38.0800,0.000008
_100_,VGND,li1,47.1500,43.5200,0.000043
_099_,VGND,li1,45.7700,43.5200,0.000053
_098_,VGND,li1,37.2600,32.6400,0.000057
_097_,VGND,li1,39.7900,32.6400,0.000058
_096_,VGND,li1,33.3500,32.6400,0.000055
_095_,VGND,li1,27.1400,32.6400,0.000076
_094_,VGND,li1,32.4300,27.2000,0.000014
_093_,VGND,li1,30.5900,27.2000,0.000014
_092_,VGND,li1,17.4800,32.6400,0.000041
_091_,VGND,li1,20.0100,32.6400,0.000049
_090_,VGND,li1,16.3300,32.6400,0.000041
_089_,VGND,li1,14.0300,43.5200,0.000026
_088_,VGND,li1,16.7900,43.5200,0.000025
_087_,VGND,li1,11.9600,48.9600,0.000019
_086_,VGND,li1,14.9500,54.4000,0.000054
_085_,VGND,li1,15.4100,43.5200,0.000025
_084_,VGND,li1,14.9500,32.6400,0.000042
_083_,VGND,li1,20.0100,27.2000,0.000017
_082_,VGND,li1,22.3100,27.2000,0.000017
_081_,VGND,li1,30.5900,32.6400,0.000063
_080_,VGND,li1,37.0300,27.2000,0.000013
_079_,VGND,li1,38.8700,38.0800,0.000008
_078_,VGND,li1,40.7100,38.0800,0.000007
_077_,VGND,li1,43.4700,43.5200,0.000063
_076_,VGND,li1,48.9900,48.9600,0.000012
_075_,VGND,li1,51.2900,43.5200,0.000042
_074_,VGND,li1,58.1900,43.5200,0.000035
_073_,VGND,li1,59.5700,48.9600,0.000012
_072_,VGND,li1,62.3300,59.8400,0.000007
_071_,VGND,li1,58.6500,59.8400,0.000008
