Instance,Terminal,Layer,X location,Y location,Voltage
FILLER_0_21_110,VPWR,li1,56.5800,68.0000,1.799976
FILLER_0_21_101,VPWR,li1,53.3600,68.0000,1.799977
FILLER_0_21_92,VPWR,li1,49.2200,68.0000,1.799977
FILLER_0_21_85,VPWR,li1,45.5400,68.0000,1.799980
FILLER_0_21_83,VPWR,li1,43.9300,68.0000,1.799983
FILLER_0_21_74,VPWR,li1,40.9400,68.0000,1.799982
FILLER_0_21_65,VPWR,li1,36.8000,68.0000,1.799980
FILLER_0_21_61,VPWR,li1,33.8100,68.0000,1.799981
FILLER_0_21_57,VPWR,li1,32.6600,68.0000,1.799981
FILLER_0_21_47,VPWR,li1,28.5200,68.0000,1.799983
FILLER_0_21_38,VPWR,li1,24.3800,68.0000,1.799978
FILLER_0_21_32,VPWR,li1,20.9300,68.0000,1.799978
FILLER_0_21_26,VPWR,li1,17.9400,68.0000,1.799978
FILLER_0_21_3,VPWR,li1,7.1300,68.0000,1.799975
FILLER_0_20_128,VPWR,li1,64.6300,68.0000,1.799975
FILLER_0_20_121,VPWR,li1,61.4100,68.0000,1.799975
FILLER_0_20_85,VPWR,li1,44.8500,68.0000,1.799980
FILLER_0_20_72,VPWR,li1,41.4000,68.0000,1.799982
FILLER_0_20_54,VPWR,li1,30.8200,68.0000,1.799982
FILLER_0_20_46,VPWR,li1,28.5200,68.0000,1.799983
FILLER_0_20_29,VPWR,li1,19.0900,68.0000,1.799978
FILLER_0_20_26,VPWR,li1,17.9400,68.0000,1.799978
FILLER_0_20_9,VPWR,li1,9.8900,68.0000,1.799976
FILLER_0_19_108,VPWR,li1,55.4300,62.5600,1.799986
FILLER_0_19_90,VPWR,li1,47.1500,62.5600,1.799978
FILLER_0_19_57,VPWR,li1,31.9700,62.5600,1.799965
FILLER_0_19_34,VPWR,li1,22.5400,62.5600,1.799968
FILLER_0_19_12,VPWR,li1,12.4200,62.5600,1.799973
FILLER_0_18_125,VPWR,li1,63.2500,62.5600,1.799988
FILLER_0_18_117,VPWR,li1,61.1800,62.5600,1.799988
FILLER_0_18_108,VPWR,li1,56.5800,62.5600,1.799986
FILLER_0_18_97,VPWR,li1,51.0600,62.5600,1.799981
FILLER_0_18_85,VPWR,li1,47.3800,62.5600,1.799978
FILLER_0_18_67,VPWR,li1,36.5700,62.5600,1.799965
FILLER_0_18_50,VPWR,li1,28.7500,62.5600,1.799969
FILLER_0_18_33,VPWR,li1,20.9300,62.5600,1.799968
FILLER_0_18_29,VPWR,li1,19.7800,62.5600,1.799968
FILLER_0_18_27,VPWR,li1,18.1700,62.5600,1.799968
FILLER_0_18_19,VPWR,li1,16.1000,62.5600,1.799969
FILLER_0_17_125,VPWR,li1,63.9400,57.1200,1.799948
FILLER_0_17_111,VPWR,li1,56.8100,57.1200,1.799933
FILLER_0_17_107,VPWR,li1,55.6600,57.1200,1.799933
FILLER_0_17_99,VPWR,li1,51.2900,57.1200,1.799932
FILLER_0_17_93,VPWR,li1,49.6800,57.1200,1.799932
FILLER_0_17_81,VPWR,li1,45.5400,57.1200,1.799946
FILLER_0_17_69,VPWR,li1,40.0200,57.1200,1.799953
FILLER_0_17_57,VPWR,li1,34.5000,57.1200,1.799949
FILLER_0_17_38,VPWR,li1,23.4600,57.1200,1.799938
FILLER_0_17_30,VPWR,li1,21.1600,57.1200,1.799944
FILLER_0_17_18,VPWR,li1,16.5600,57.1200,1.799955
FILLER_0_17_6,VPWR,li1,11.0400,57.1200,1.799964
FILLER_0_16_126,VPWR,li1,64.1700,57.1200,1.799948
FILLER_0_16_118,VPWR,li1,61.6400,57.1200,1.799948
FILLER_0_16_85,VPWR,li1,45.5400,57.1200,1.799946
FILLER_0_16_83,VPWR,li1,43.9300,57.1200,1.799956
FILLER_0_16_79,VPWR,li1,42.7800,57.1200,1.799956
FILLER_0_16_67,VPWR,li1,39.1000,57.1200,1.799953
FILLER_0_16_55,VPWR,li1,33.5800,57.1200,1.799949
FILLER_0_16_29,VPWR,li1,20.2400,57.1200,1.799950
FILLER_0_16_25,VPWR,li1,17.7100,57.1200,1.799955
FILLER_0_16_6,VPWR,li1,8.9700,57.1200,1.799964
FILLER_0_15_127,VPWR,li1,64.4000,51.6800,1.799984
FILLER_0_15_119,VPWR,li1,62.1000,51.6800,1.799984
FILLER_0_15_113,VPWR,li1,58.1900,51.6800,1.799987
FILLER_0_15_109,VPWR,li1,56.3500,51.6800,1.799986
FILLER_0_15_94,VPWR,li1,49.2200,51.6800,1.799986
FILLER_0_15_82,VPWR,li1,46.0000,51.6800,1.799987
FILLER_0_15_69,VPWR,li1,38.6400,51.6800,1.799986
FILLER_0_15_57,VPWR,li1,34.5000,51.6800,1.799985
FILLER_0_15_53,VPWR,li1,30.5900,51.6800,1.799984
FILLER_0_15_34,VPWR,li1,21.8500,51.6800,1.799980
FILLER_0_15_22,VPWR,li1,18.4000,51.6800,1.799981
FILLER_0_14_128,VPWR,li1,64.6300,51.6800,1.799984
FILLER_0_14_109,VPWR,li1,56.3500,51.6800,1.799986
FILLER_0_14_91,VPWR,li1,48.0700,51.6800,1.799986
FILLER_0_14_83,VPWR,li1,43.9300,51.6800,1.799988
FILLER_0_14_68,VPWR,li1,38.1800,51.6800,1.799986
FILLER_0_14_56,VPWR,li1,34.0400,51.6800,1.799985
FILLER_0_14_37,VPWR,li1,23.2300,51.6800,1.799980
FILLER_0_14_29,VPWR,li1,20.7000,51.6800,1.799980
FILLER_0_14_26,VPWR,li1,17.9400,51.6800,1.799982
FILLER_0_14_6,VPWR,li1,9.6600,51.6800,1.799981
FILLER_0_13_127,VPWR,li1,64.4000,46.2400,1.799989
FILLER_0_13_119,VPWR,li1,62.1000,46.2400,1.799989
FILLER_0_13_111,VPWR,li1,56.8100,46.2400,1.799987
FILLER_0_13_104,VPWR,li1,53.5900,46.2400,1.799987
FILLER_0_13_96,VPWR,li1,51.5200,46.2400,1.799987
FILLER_0_13_57,VPWR,li1,33.5800,46.2400,1.799987
FILLER_0_13_50,VPWR,li1,29.9000,46.2400,1.799988
FILLER_0_13_38,VPWR,li1,25.7600,46.2400,1.799984
FILLER_0_13_26,VPWR,li1,20.2400,46.2400,1.799984
FILLER_0_12_128,VPWR,li1,64.6300,46.2400,1.799989
FILLER_0_12_120,VPWR,li1,62.5600,46.2400,1.799989
FILLER_0_12_90,VPWR,li1,48.7600,46.2400,1.799987
FILLER_0_12_78,VPWR,li1,42.0900,46.2400,1.799989
FILLER_0_12_64,VPWR,li1,36.8000,46.2400,1.799988
FILLER_0_12_54,VPWR,li1,31.0500,46.2400,1.799987
FILLER_0_12_32,VPWR,li1,21.6200,46.2400,1.799984
FILLER_0_12_27,VPWR,li1,18.1700,46.2400,1.799984
FILLER_0_12_6,VPWR,li1,9.2000,46.2400,1.799980
FILLER_0_11_128,VPWR,li1,64.6300,40.8000,1.799978
FILLER_0_11_116,VPWR,li1,61.6400,40.8000,1.799978
FILLER_0_11_110,VPWR,li1,56.5800,40.8000,1.799974
FILLER_0_11_92,VPWR,li1,48.3000,40.8000,1.799960
FILLER_0_11_57,VPWR,li1,31.9700,40.8000,1.799958
FILLER_0_11_51,VPWR,li1,29.2100,40.8000,1.799964
FILLER_0_11_34,VPWR,li1,21.3900,40.8000,1.799972
FILLER_0_11_26,VPWR,li1,19.3200,40.8000,1.799974
FILLER_0_11_12,VPWR,li1,11.2700,40.8000,1.799975
FILLER_0_11_6,VPWR,li1,9.6600,40.8000,1.799975
FILLER_0_10_121,VPWR,li1,63.0200,40.8000,1.799978
FILLER_0_10_109,VPWR,li1,58.4200,40.8000,1.799978
FILLER_0_10_97,VPWR,li1,52.9000,40.8000,1.799966
FILLER_0_10_85,VPWR,li1,47.3800,40.8000,1.799960
FILLER_0_10_82,VPWR,li1,43.7000,40.8000,1.799955
FILLER_0_10_61,VPWR,li1,34.0400,40.8000,1.799951
FILLER_0_10_53,VPWR,li1,31.7400,40.8000,1.799958
FILLER_0_10_41,VPWR,li1,27.1400,40.8000,1.799969
FILLER_0_10_29,VPWR,li1,21.6200,40.8000,1.799972
FILLER_0_10_20,VPWR,li1,16.5600,40.8000,1.799977
FILLER_0_10_3,VPWR,li1,7.1300,40.8000,1.799974
FILLER_0_9_125,VPWR,li1,63.9400,35.3600,1.799989
FILLER_0_9_113,VPWR,li1,60.2600,35.3600,1.799989
FILLER_0_9_111,VPWR,li1,56.8100,35.3600,1.799988
FILLER_0_9_105,VPWR,li1,55.2000,35.3600,1.799988
FILLER_0_9_93,VPWR,li1,51.0600,35.3600,1.799988
FILLER_0_9_81,VPWR,li1,45.5400,35.3600,1.799991
FILLER_0_9_74,VPWR,li1,39.7900,35.3600,1.799991
FILLER_0_9_70,VPWR,li1,37.9500,35.3600,1.799990
FILLER_0_9_61,VPWR,li1,33.8100,35.3600,1.799989
FILLER_0_9_57,VPWR,li1,32.6600,35.3600,1.799989
FILLER_0_9_55,VPWR,li1,31.0500,35.3600,1.799989
FILLER_0_9_47,VPWR,li1,28.9800,35.3600,1.799990
FILLER_0_9_30,VPWR,li1,19.5500,35.3600,1.799990
FILLER_0_9_18,VPWR,li1,16.5600,35.3600,1.799991
FILLER_0_9_6,VPWR,li1,11.0400,35.3600,1.799993
FILLER_0_8_125,VPWR,li1,63.9400,35.3600,1.799989
FILLER_0_8_103,VPWR,li1,54.2800,35.3600,1.799988
FILLER_0_8_93,VPWR,li1,48.9900,35.3600,1.799989
FILLER_0_8_85,VPWR,li1,46.4600,35.3600,1.799990
FILLER_0_8_76,VPWR,li1,42.3200,35.3600,1.799991
FILLER_0_8_61,VPWR,li1,34.5000,35.3600,1.799989
FILLER_0_8_56,VPWR,li1,31.7400,35.3600,1.799989
FILLER_0_8_51,VPWR,li1,29.4400,35.3600,1.799990
FILLER_0_8_41,VPWR,li1,24.8400,35.3600,1.799987
FILLER_0_8_29,VPWR,li1,21.6200,35.3600,1.799988
FILLER_0_8_25,VPWR,li1,17.7100,35.3600,1.799991
FILLER_0_8_14,VPWR,li1,12.4200,35.3600,1.799993
FILLER_0_8_6,VPWR,li1,10.1200,35.3600,1.799993
FILLER_0_7_57,VPWR,li1,32.2000,29.9200,1.799937
FILLER_0_6_127,VPWR,li1,64.4000,29.9200,1.799926
FILLER_0_6_93,VPWR,li1,48.7600,29.9200,1.799921
FILLER_0_6_85,VPWR,li1,46.4600,29.9200,1.799929
FILLER_0_6_83,VPWR,li1,43.9300,29.9200,1.799945
FILLER_0_6_77,VPWR,li1,42.3200,29.9200,1.799945
FILLER_0_6_70,VPWR,li1,37.9500,29.9200,1.799940
FILLER_0_6_33,VPWR,li1,21.1600,29.9200,1.799952
FILLER_0_6_29,VPWR,li1,19.0900,29.9200,1.799958
FILLER_0_6_27,VPWR,li1,18.1700,29.9200,1.799958
FILLER_0_6_20,VPWR,li1,14.9500,29.9200,1.799965
FILLER_0_6_16,VPWR,li1,13.8000,29.9200,1.799969
FILLER_0_6_3,VPWR,li1,8.2800,29.9200,1.799968
FILLER_0_5_125,VPWR,li1,63.9400,24.4800,1.799999
FILLER_0_5_113,VPWR,li1,60.2600,24.4800,1.799999
FILLER_0_5_108,VPWR,li1,56.1200,24.4800,1.799998
FILLER_0_5_96,VPWR,li1,52.4400,24.4800,1.799998
FILLER_0_5_84,VPWR,li1,46.9200,24.4800,1.799997
FILLER_0_5_72,VPWR,li1,41.4000,24.4800,1.799996
FILLER_0_5_60,VPWR,li1,35.8800,24.4800,1.799993
FILLER_0_5_27,VPWR,li1,18.6300,24.4800,1.799986
FILLER_0_5_19,VPWR,li1,16.1000,24.4800,1.799986
FILLER_0_4_121,VPWR,li1,63.0200,24.4800,1.799999
FILLER_0_4_109,VPWR,li1,58.4200,24.4800,1.799999
FILLER_0_4_97,VPWR,li1,52.9000,24.4800,1.799998
FILLER_0_4_85,VPWR,li1,47.3800,24.4800,1.799997
FILLER_0_4_83,VPWR,li1,43.9300,24.4800,1.799997
FILLER_0_4_79,VPWR,li1,42.7800,24.4800,1.799996
FILLER_0_4_67,VPWR,li1,39.1000,24.4800,1.799994
FILLER_0_4_55,VPWR,li1,33.5800,24.4800,1.799991
FILLER_0_4_37,VPWR,li1,23.0000,24.4800,1.799986
FILLER_0_4_29,VPWR,li1,20.7000,24.4800,1.799986
FILLER_0_4_27,VPWR,li1,18.1700,24.4800,1.799986
FILLER_0_4_21,VPWR,li1,16.5600,24.4800,1.799986
FILLER_0_4_9,VPWR,li1,12.4200,24.4800,1.799986
FILLER_0_3_125,VPWR,li1,63.9400,19.0400,1.799982
FILLER_0_3_113,VPWR,li1,60.2600,19.0400,1.799984
FILLER_0_3_111,VPWR,li1,56.8100,19.0400,1.799983
FILLER_0_3_105,VPWR,li1,55.2000,19.0400,1.799982
FILLER_0_3_93,VPWR,li1,51.0600,19.0400,1.799981
FILLER_0_3_81,VPWR,li1,45.5400,19.0400,1.799981
FILLER_0_3_69,VPWR,li1,40.0200,19.0400,1.799978
FILLER_0_3_57,VPWR,li1,34.5000,19.0400,1.799976
FILLER_0_3_55,VPWR,li1,31.0500,19.0400,1.799978
FILLER_0_3_47,VPWR,li1,28.9800,19.0400,1.799981
FILLER_0_3_35,VPWR,li1,24.3800,19.0400,1.799978
FILLER_0_3_23,VPWR,li1,18.8600,19.0400,1.799975
FILLER_0_3_3,VPWR,li1,7.8200,19.0400,1.799977
FILLER_0_2_128,VPWR,li1,64.6300,19.0400,1.799982
FILLER_0_2_109,VPWR,li1,56.3500,19.0400,1.799983
FILLER_0_2_101,VPWR,li1,53.8200,19.0400,1.799982
FILLER_0_2_51,VPWR,li1,29.2100,19.0400,1.799981
FILLER_0_2_45,VPWR,li1,27.6000,19.0400,1.799981
FILLER_0_2_27,VPWR,li1,18.1700,19.0400,1.799975
FILLER_0_2_10,VPWR,li1,10.3500,19.0400,1.799977
FILLER_0_2_6,VPWR,li1,9.2000,19.0400,1.799977
FILLER_0_1_125,VPWR,li1,63.9400,13.6000,1.799994
FILLER_0_1_113,VPWR,li1,60.2600,13.6000,1.799994
FILLER_0_1_111,VPWR,li1,56.8100,13.6000,1.799993
FILLER_0_1_105,VPWR,li1,55.2000,13.6000,1.799993
FILLER_0_1_93,VPWR,li1,51.0600,13.6000,1.799991
FILLER_0_1_81,VPWR,li1,45.5400,13.6000,1.799987
FILLER_0_1_61,VPWR,li1,33.8100,13.6000,1.799977
FILLER_0_1_57,VPWR,li1,32.6600,13.6000,1.799978
FILLER_0_1_36,VPWR,li1,23.0000,13.6000,1.799973
FILLER_0_1_19,VPWR,li1,14.4900,13.6000,1.799976
FILLER_0_0_128,VPWR,li1,64.6300,13.6000,1.799994
FILLER_0_0_119,VPWR,li1,60.9500,13.6000,1.799994
FILLER_0_0_113,VPWR,li1,58.1900,13.6000,1.799994
FILLER_0_0_110,VPWR,li1,56.5800,13.6000,1.799993
FILLER_0_0_101,VPWR,li1,53.3600,13.6000,1.799992
FILLER_0_0_92,VPWR,li1,49.2200,13.6000,1.799990
FILLER_0_0_85,VPWR,li1,45.5400,13.6000,1.799987
FILLER_0_0_83,VPWR,li1,43.9300,13.6000,1.799987
FILLER_0_0_78,VPWR,li1,41.8600,13.6000,1.799986
FILLER_0_0_57,VPWR,li1,32.2000,13.6000,1.799978
FILLER_0_0_51,VPWR,li1,29.4400,13.6000,1.799978
FILLER_0_0_24,VPWR,li1,16.7900,13.6000,1.799973
FILLER_0_0_20,VPWR,li1,15.6400,13.6000,1.799976
FILLER_0_0_6,VPWR,li1,8.7400,13.6000,1.799975
clkload2,VPWR,li1,47.8400,57.1200,1.799938
clkload1,VPWR,li1,51.2900,35.3600,1.799988
clkload0,VPWR,li1,21.3900,29.9200,1.799952
clkbuf_2_3__f_CLK,VPWR,li1,53.8200,57.1200,1.799921
clkbuf_2_2__f_CLK,VPWR,li1,52.4400,29.9200,1.799909
clkbuf_2_1__f_CLK,VPWR,li1,26.2200,57.1200,1.799931
clkbuf_2_0__f_CLK,VPWR,li1,26.6800,29.9200,1.799938
clkbuf_0_CLK,VPWR,li1,40.4800,40.8000,1.799939
output50,VPWR,li1,7.5900,46.2400,1.799980
output49,VPWR,li1,7.5900,40.8000,1.799974
output48,VPWR,li1,7.5900,35.3600,1.799993
output47,VPWR,li1,7.5900,35.3600,1.799993
output46,VPWR,li1,7.5900,29.9200,1.799968
output45,VPWR,li1,7.5900,24.4800,1.799982
output44,VPWR,li1,8.9700,24.4800,1.799982
output43,VPWR,li1,7.5900,19.0400,1.799977
output42,VPWR,li1,7.5900,13.6000,1.799975
output41,VPWR,li1,10.3500,62.5600,1.799969
output40,VPWR,li1,7.5900,68.0000,1.799975
output39,VPWR,li1,7.5900,62.5600,1.799969
output38,VPWR,li1,7.5900,57.1200,1.799963
output37,VPWR,li1,7.5900,57.1200,1.799963
output36,VPWR,li1,7.5900,51.6800,1.799981
output35,VPWR,li1,12.6500,13.6000,1.799978
output34,VPWR,li1,8.9700,62.5600,1.799969
input33,VPWR,li1,64.1700,62.5600,1.799988
input32,VPWR,li1,43.0100,13.6000,1.799986
input31,VPWR,li1,40.7100,13.6000,1.799980
input30,VPWR,li1,34.7300,13.6000,1.799977
input29,VPWR,li1,30.5900,13.6000,1.799978
input28,VPWR,li1,28.2900,13.6000,1.799978
input27,VPWR,li1,19.5500,13.6000,1.799973
input26,VPWR,li1,17.7100,13.6000,1.799973
input25,VPWR,li1,14.0300,13.6000,1.799978
input24,VPWR,li1,9.8900,13.6000,1.799975
input23,VPWR,li1,62.3300,13.6000,1.799994
input22,VPWR,li1,63.7100,13.6000,1.799994
input21,VPWR,li1,59.5700,13.6000,1.799994
input20,VPWR,li1,55.4300,13.6000,1.799993
input19,VPWR,li1,51.2900,13.6000,1.799991
input18,VPWR,li1,47.1500,13.6000,1.799989
input17,VPWR,li1,11.2700,13.6000,1.799975
input16,VPWR,li1,43.0100,68.0000,1.799983
input15,VPWR,li1,38.8700,68.0000,1.799981
input14,VPWR,li1,34.7300,68.0000,1.799979
input13,VPWR,li1,30.5900,68.0000,1.799982
input12,VPWR,li1,26.4500,68.0000,1.799981
input11,VPWR,li1,22.3100,68.0000,1.799978
input10,VPWR,li1,19.5500,68.0000,1.799978
input9,VPWR,li1,15.4100,68.0000,1.799978
input8,VPWR,li1,16.7900,68.0000,1.799978
input7,VPWR,li1,62.3300,68.0000,1.799975
input6,VPWR,li1,63.7100,68.0000,1.799975
input5,VPWR,li1,60.4900,68.0000,1.799975
input4,VPWR,li1,55.4300,68.0000,1.799976
input3,VPWR,li1,51.2900,68.0000,1.799977
input2,VPWR,li1,47.1500,68.0000,1.799977
input1,VPWR,li1,8.9700,68.0000,1.799976
TAP_TAPCELL_ROW_21_91,VPWR,li1,57.2700,68.3060,1.799978
TAP_TAPCELL_ROW_21_90,VPWR,li1,44.3900,68.3060,1.799983
TAP_TAPCELL_ROW_21_89,VPWR,li1,31.5100,68.3060,1.799982
TAP_TAPCELL_ROW_21_88,VPWR,li1,18.6300,68.3060,1.799978
TAP_TAPCELL_ROW_20_87,VPWR,li1,44.3900,67.6930,1.799983
TAP_TAPCELL_ROW_20_86,VPWR,li1,18.6300,67.6930,1.799978
TAP_TAPCELL_ROW_19_85,VPWR,li1,57.2700,62.8660,1.799988
TAP_TAPCELL_ROW_19_84,VPWR,li1,31.5100,62.8660,1.799965
TAP_TAPCELL_ROW_18_83,VPWR,li1,44.3900,62.2530,1.799976
TAP_TAPCELL_ROW_18_82,VPWR,li1,18.6300,62.2530,1.799968
TAP_TAPCELL_ROW_17_81,VPWR,li1,57.2700,57.4260,1.799933
TAP_TAPCELL_ROW_17_80,VPWR,li1,31.5100,57.4260,1.799947
TAP_TAPCELL_ROW_16_79,VPWR,li1,44.3900,56.8130,1.799956
TAP_TAPCELL_ROW_16_78,VPWR,li1,18.6300,56.8130,1.799950
TAP_TAPCELL_ROW_15_77,VPWR,li1,57.2700,51.9860,1.799986
TAP_TAPCELL_ROW_15_76,VPWR,li1,31.5100,51.9860,1.799984
TAP_TAPCELL_ROW_14_75,VPWR,li1,44.3900,51.3730,1.799987
TAP_TAPCELL_ROW_14_74,VPWR,li1,18.6300,51.3730,1.799981
TAP_TAPCELL_ROW_13_73,VPWR,li1,57.2700,46.5460,1.799987
TAP_TAPCELL_ROW_13_72,VPWR,li1,31.5100,46.5460,1.799987
TAP_TAPCELL_ROW_12_71,VPWR,li1,44.3900,45.9330,1.799989
TAP_TAPCELL_ROW_12_70,VPWR,li1,18.6300,45.9330,1.799984
TAP_TAPCELL_ROW_11_69,VPWR,li1,57.2700,41.1060,1.799974
TAP_TAPCELL_ROW_11_68,VPWR,li1,31.5100,41.1060,1.799958
TAP_TAPCELL_ROW_10_67,VPWR,li1,44.3900,40.4930,1.799957
TAP_TAPCELL_ROW_10_66,VPWR,li1,18.6300,40.4930,1.799974
TAP_TAPCELL_ROW_9_65,VPWR,li1,57.2700,35.6660,1.799988
TAP_TAPCELL_ROW_9_64,VPWR,li1,31.5100,35.6660,1.799989
TAP_TAPCELL_ROW_8_63,VPWR,li1,44.3900,35.0530,1.799991
TAP_TAPCELL_ROW_8_62,VPWR,li1,18.6300,35.0530,1.799990
TAP_TAPCELL_ROW_7_61,VPWR,li1,57.2700,30.2260,1.799932
TAP_TAPCELL_ROW_7_60,VPWR,li1,31.5100,30.2260,1.799935
TAP_TAPCELL_ROW_6_59,VPWR,li1,44.3900,29.6130,1.799936
TAP_TAPCELL_ROW_6_58,VPWR,li1,18.6300,29.6130,1.799958
TAP_TAPCELL_ROW_5_57,VPWR,li1,57.2700,24.7860,1.799998
TAP_TAPCELL_ROW_5_56,VPWR,li1,31.5100,24.7860,1.799991
TAP_TAPCELL_ROW_4_55,VPWR,li1,44.3900,24.1730,1.799997
TAP_TAPCELL_ROW_4_54,VPWR,li1,18.6300,24.1730,1.799986
TAP_TAPCELL_ROW_3_53,VPWR,li1,57.2700,19.3460,1.799983
TAP_TAPCELL_ROW_3_52,VPWR,li1,31.5100,19.3460,1.799978
TAP_TAPCELL_ROW_2_51,VPWR,li1,44.3900,18.7330,1.799982
TAP_TAPCELL_ROW_2_50,VPWR,li1,18.6300,18.7330,1.799975
TAP_TAPCELL_ROW_1_49,VPWR,li1,57.2700,13.9060,1.799994
TAP_TAPCELL_ROW_1_48,VPWR,li1,31.5100,13.9060,1.799978
TAP_TAPCELL_ROW_0_47,VPWR,li1,57.2700,13.2930,1.799994
TAP_TAPCELL_ROW_0_46,VPWR,li1,44.3900,13.2930,1.799987
TAP_TAPCELL_ROW_0_45,VPWR,li1,31.5100,13.2930,1.799978
TAP_TAPCELL_ROW_0_44,VPWR,li1,18.6300,13.2930,1.799973
PHY_EDGE_ROW_21_Left_43,VPWR,li1,6.2100,68.0000,1.799975
PHY_EDGE_ROW_20_Left_42,VPWR,li1,6.2100,68.0000,1.799975
PHY_EDGE_ROW_19_Left_41,VPWR,li1,6.2100,62.5600,1.799969
PHY_EDGE_ROW_18_Left_40,VPWR,li1,6.2100,62.5600,1.799969
PHY_EDGE_ROW_17_Left_39,VPWR,li1,6.2100,57.1200,1.799963
PHY_EDGE_ROW_16_Left_38,VPWR,li1,6.2100,57.1200,1.799963
PHY_EDGE_ROW_15_Left_37,VPWR,li1,6.2100,51.6800,1.799981
PHY_EDGE_ROW_14_Left_36,VPWR,li1,6.2100,51.6800,1.799981
PHY_EDGE_ROW_13_Left_35,VPWR,li1,6.2100,46.2400,1.799980
PHY_EDGE_ROW_12_Left_34,VPWR,li1,6.2100,46.2400,1.799980
PHY_EDGE_ROW_11_Left_33,VPWR,li1,6.2100,40.8000,1.799974
PHY_EDGE_ROW_10_Left_32,VPWR,li1,6.2100,40.8000,1.799974
PHY_EDGE_ROW_9_Left_31,VPWR,li1,6.2100,35.3600,1.799993
PHY_EDGE_ROW_8_Left_30,VPWR,li1,6.2100,35.3600,1.799993
PHY_EDGE_ROW_7_Left_29,VPWR,li1,6.2100,29.9200,1.799968
PHY_EDGE_ROW_6_Left_28,VPWR,li1,6.2100,29.9200,1.799968
PHY_EDGE_ROW_5_Left_27,VPWR,li1,6.2100,24.4800,1.799982
PHY_EDGE_ROW_4_Left_26,VPWR,li1,6.2100,24.4800,1.799982
PHY_EDGE_ROW_3_Left_25,VPWR,li1,6.2100,19.0400,1.799977
PHY_EDGE_ROW_2_Left_24,VPWR,li1,6.2100,19.0400,1.799977
PHY_EDGE_ROW_1_Left_23,VPWR,li1,6.2100,13.6000,1.799975
PHY_EDGE_ROW_0_Left_22,VPWR,li1,6.2100,13.6000,1.799975
PHY_EDGE_ROW_21_Right_21,VPWR,li1,65.5500,68.0000,1.799975
PHY_EDGE_ROW_20_Right_20,VPWR,li1,65.5500,68.0000,1.799975
PHY_EDGE_ROW_19_Right_19,VPWR,li1,65.5500,62.5600,1.799988
PHY_EDGE_ROW_18_Right_18,VPWR,li1,65.5500,62.5600,1.799988
PHY_EDGE_ROW_17_Right_17,VPWR,li1,65.5500,57.1200,1.799948
PHY_EDGE_ROW_16_Right_16,VPWR,li1,65.5500,57.1200,1.799948
PHY_EDGE_ROW_15_Right_15,VPWR,li1,65.5500,51.6800,1.799984
PHY_EDGE_ROW_14_Right_14,VPWR,li1,65.5500,51.6800,1.799984
PHY_EDGE_ROW_13_Right_13,VPWR,li1,65.5500,46.2400,1.799989
PHY_EDGE_ROW_12_Right_12,VPWR,li1,65.5500,46.2400,1.799989
PHY_EDGE_ROW_11_Right_11,VPWR,li1,65.5500,40.8000,1.799978
PHY_EDGE_ROW_10_Right_10,VPWR,li1,65.5500,40.8000,1.799978
PHY_EDGE_ROW_9_Right_9,VPWR,li1,65.5500,35.3600,1.799989
PHY_EDGE_ROW_8_Right_8,VPWR,li1,65.5500,35.3600,1.799989
PHY_EDGE_ROW_7_Right_7,VPWR,li1,65.5500,29.9200,1.799926
PHY_EDGE_ROW_6_Right_6,VPWR,li1,65.5500,29.9200,1.799926
PHY_EDGE_ROW_5_Right_5,VPWR,li1,65.5500,24.4800,1.799999
PHY_EDGE_ROW_4_Right_4,VPWR,li1,65.5500,24.4800,1.799999
PHY_EDGE_ROW_3_Right_3,VPWR,li1,65.5500,19.0400,1.799982
PHY_EDGE_ROW_2_Right_2,VPWR,li1,65.5500,19.0400,1.799982
PHY_EDGE_ROW_1_Right_1,VPWR,li1,65.5500,13.6000,1.799994
PHY_EDGE_ROW_0_Right_0,VPWR,li1,65.5500,13.6000,1.799994
_208_,VPWR,li1,25.3000,40.8000,1.799968
_207_,VPWR,li1,23.4600,35.3600,1.799987
_206_,VPWR,li1,44.1600,29.9200,1.799936
_205_,VPWR,li1,29.9000,29.9200,1.799935
_204_,VPWR,li1,27.1400,24.4800,1.799986
_203_,VPWR,li1,10.5800,24.4800,1.799982
_202_,VPWR,li1,12.4200,19.0400,1.799977
_201_,VPWR,li1,14.2600,19.0400,1.799975
_200_,VPWR,li1,10.5800,13.6000,1.799975
_199_,VPWR,li1,13.3400,57.1200,1.799964
_198_,VPWR,li1,60.7200,19.0400,1.799982
_197_,VPWR,li1,61.1800,29.9200,1.799926
_196_,VPWR,li1,59.3400,35.3600,1.799989
_195_,VPWR,li1,60.2600,29.9200,1.799926
_194_,VPWR,li1,52.9000,29.9200,1.799909
_193_,VPWR,li1,48.3000,19.0400,1.799979
_192_,VPWR,li1,40.4800,19.0400,1.799978
_191_,VPWR,li1,39.1000,13.6000,1.799980
_190_,VPWR,li1,36.3400,13.6000,1.799977
_189_,VPWR,li1,33.1200,19.0400,1.799976
_188_,VPWR,li1,27.6000,13.6000,1.799978
_187_,VPWR,li1,23.9200,13.6000,1.799973
_186_,VPWR,li1,18.4000,13.6000,1.799973
_185_,VPWR,li1,22.5400,19.0400,1.799976
_184_,VPWR,li1,11.0400,40.8000,1.799975
_183_,VPWR,li1,10.5800,46.2400,1.799980
_182_,VPWR,li1,61.1800,68.0000,1.799975
_181_,VPWR,li1,61.1800,62.5600,1.799988
_180_,VPWR,li1,60.7200,51.6800,1.799984
_179_,VPWR,li1,57.0400,46.2400,1.799987
_178_,VPWR,li1,52.4400,40.8000,1.799966
_177_,VPWR,li1,43.2400,62.5600,1.799976
_176_,VPWR,li1,40.4800,62.5600,1.799970
_175_,VPWR,li1,35.8800,62.5600,1.799965
_174_,VPWR,li1,34.9600,68.0000,1.799979
_173_,VPWR,li1,32.6600,62.5600,1.799965
_172_,VPWR,li1,27.6000,62.5600,1.799969
_171_,VPWR,li1,23.0000,68.0000,1.799978
_170_,VPWR,li1,17.4800,62.5600,1.799969
_169_,VPWR,li1,13.8000,68.0000,1.799978
_168_,VPWR,li1,11.0400,68.0000,1.799976
_167_,VPWR,li1,10.5800,51.6800,1.799981
_166_,VPWR,li1,48.7600,68.0000,1.799977
_165_,VPWR,li1,56.1200,68.0000,1.799976
_164_,VPWR,li1,10.5800,62.5600,1.799969
_163_,VPWR,li1,27.6000,57.1200,1.799931
_162_,VPWR,li1,24.8400,62.5600,1.799967
_161_,VPWR,li1,26.2200,51.6800,1.799979
_160_,VPWR,li1,27.6000,51.6800,1.799979
_159_,VPWR,li1,26.6800,46.2400,1.799984
_158_,VPWR,li1,15.8700,46.2400,1.799984
_157_,VPWR,li1,14.0300,51.6800,1.799983
_156_,VPWR,li1,16.3300,51.6800,1.799982
_155_,VPWR,li1,13.1100,40.8000,1.799979
_154_,VPWR,li1,19.5500,46.2400,1.799984
_153_,VPWR,li1,11.2700,46.2400,1.799983
_152_,VPWR,li1,16.7900,46.2400,1.799984
_151_,VPWR,li1,12.6500,29.9200,1.799969
_150_,VPWR,li1,14.2600,35.3600,1.799992
_149_,VPWR,li1,11.2700,29.9200,1.799969
_148_,VPWR,li1,16.5600,29.9200,1.799965
_147_,VPWR,li1,9.6600,29.9200,1.799968
_146_,VPWR,li1,22.3100,24.4800,1.799986
_145_,VPWR,li1,28.5200,24.4800,1.799990
_144_,VPWR,li1,20.0100,24.4800,1.799986
_143_,VPWR,li1,24.6100,29.9200,1.799942
_142_,VPWR,li1,34.9600,29.9200,1.799938
_141_,VPWR,li1,25.5300,24.4800,1.799986
_140_,VPWR,li1,38.8700,29.9200,1.799941
_139_,VPWR,li1,39.5600,29.9200,1.799941
_138_,VPWR,li1,32.8900,35.3600,1.799989
_137_,VPWR,li1,35.8800,35.3600,1.799989
_136_,VPWR,li1,42.0900,35.3600,1.799991
_135_,VPWR,li1,35.6500,29.9200,1.799938
_134_,VPWR,li1,30.3600,40.8000,1.799964
_133_,VPWR,li1,34.0400,40.8000,1.799951
_132_,VPWR,li1,33.3500,46.2400,1.799987
_131_,VPWR,li1,40.0200,46.2400,1.799988
_130_,VPWR,li1,35.8800,40.8000,1.799947
_129_,VPWR,li1,42.0900,40.8000,1.799955
_128_,VPWR,li1,37.0300,46.2400,1.799988
_127_,VPWR,li1,46.9200,46.2400,1.799988
_126_,VPWR,li1,40.2500,51.6800,1.799987
_125_,VPWR,li1,42.3200,51.6800,1.799988
_124_,VPWR,li1,45.7700,46.2400,1.799989
_123_,VPWR,li1,40.2500,46.2400,1.799988
_122_,VPWR,li1,41.6300,51.6800,1.799987
_121_,VPWR,li1,54.2800,51.6800,1.799985
_120_,VPWR,li1,45.3100,51.6800,1.799987
_119_,VPWR,li1,51.2900,51.6800,1.799985
_118_,VPWR,li1,55.2000,46.2400,1.799987
_117_,VPWR,li1,50.3700,51.6800,1.799986
_116_,VPWR,li1,53.1300,57.1200,1.799921
_115_,VPWR,li1,58.8800,57.1200,1.799948
_114_,VPWR,li1,59.1100,57.1200,1.799948
_113_,VPWR,li1,48.9900,62.5600,1.799980
_112_,VPWR,li1,51.9800,62.5600,1.799981
_111_,VPWR,li1,54.2800,62.5600,1.799984
_110_,VPWR,li1,56.3500,62.5600,1.799986
_109_,VPWR,li1,53.5900,62.5600,1.799984
_108_,VPWR,li1,60.9500,57.1200,1.799948
_107_,VPWR,li1,53.8200,51.6800,1.799985
_106_,VPWR,li1,59.5700,51.6800,1.799987
_105_,VPWR,li1,58.1900,46.2400,1.799987
_104_,VPWR,li1,43.7000,46.2400,1.799989
_103_,VPWR,li1,52.6700,46.2400,1.799987
_102_,VPWR,li1,46.6900,51.6800,1.799986
_101_,VPWR,li1,39.1000,40.8000,1.799939
_100_,VPWR,li1,47.1500,40.8000,1.799960
_099_,VPWR,li1,45.7700,40.8000,1.799957
_098_,VPWR,li1,37.2600,35.3600,1.799989
_097_,VPWR,li1,39.7900,35.3600,1.799991
_096_,VPWR,li1,33.3500,29.9200,1.799937
_095_,VPWR,li1,27.1400,35.3600,1.799990
_094_,VPWR,li1,32.4300,24.4800,1.799991
_093_,VPWR,li1,30.5900,24.4800,1.799991
_092_,VPWR,li1,17.4800,29.9200,1.799958
_091_,VPWR,li1,20.0100,29.9200,1.799952
_090_,VPWR,li1,16.3300,35.3600,1.799991
_089_,VPWR,li1,14.0300,46.2400,1.799985
_088_,VPWR,li1,16.7900,40.8000,1.799977
_087_,VPWR,li1,11.9600,51.6800,1.799984
_086_,VPWR,li1,14.9500,51.6800,1.799983
_085_,VPWR,li1,15.4100,40.8000,1.799977
_084_,VPWR,li1,14.9500,29.9200,1.799965
_083_,VPWR,li1,20.0100,29.9200,1.799952
_082_,VPWR,li1,22.3100,29.9200,1.799947
_081_,VPWR,li1,30.5900,35.3600,1.799990
_080_,VPWR,li1,37.0300,29.9200,1.799940
_079_,VPWR,li1,38.8700,35.3600,1.799990
_078_,VPWR,li1,40.7100,35.3600,1.799991
_077_,VPWR,li1,43.4700,46.2400,1.799989
_076_,VPWR,li1,48.9900,46.2400,1.799987
_075_,VPWR,li1,51.2900,46.2400,1.799987
_074_,VPWR,li1,58.1900,40.8000,1.799974
_073_,VPWR,li1,59.5700,46.2400,1.799989
_072_,VPWR,li1,62.3300,57.1200,1.799948
_071_,VPWR,li1,58.6500,62.5600,1.799988
