
===========================================================================
 report_power
============================================================================
======================= Fastest Corner ===================================

Group                  Internal  Switching    Leakage      Total
                          Power      Power      Power      Power (Watts)
----------------------------------------------------------------
Sequential             5.29e-04   2.27e-05   7.26e-10   5.52e-04  51.8%
Combinational          5.04e-05   5.19e-05   5.35e-10   1.02e-04   9.6%
Clock                  2.27e-04   1.84e-04   8.26e-10   4.11e-04  38.6%
Macro                  0.00e+00   0.00e+00   0.00e+00   0.00e+00   0.0%
Pad                    0.00e+00   0.00e+00   0.00e+00   0.00e+00   0.0%
----------------------------------------------------------------
Total                  8.07e-04   2.58e-04   2.09e-09   1.07e-03 100.0%
                          75.7%      24.3%       0.0%

======================= Slowest Corner ===================================

Group                  Internal  Switching    Leakage      Total
                          Power      Power      Power      Power (Watts)
----------------------------------------------------------------
Sequential             3.55e-04   1.50e-05   7.32e-07   3.70e-04  51.1%
Combinational          3.82e-05   3.43e-05   6.10e-07   7.31e-05  10.1%
Clock                  1.64e-04   1.18e-04   1.15e-07   2.81e-04  38.8%
Macro                  0.00e+00   0.00e+00   0.00e+00   0.00e+00   0.0%
Pad                    0.00e+00   0.00e+00   0.00e+00   0.00e+00   0.0%
----------------------------------------------------------------
Total                  5.57e-04   1.67e-04   1.46e-06   7.25e-04 100.0%
                          76.8%      23.0%       0.2%

======================= Typical Corner ===================================

Group                  Internal  Switching    Leakage      Total
                          Power      Power      Power      Power (Watts)
----------------------------------------------------------------
Sequential             4.56e-04   1.91e-05   4.22e-10   4.76e-04  51.8%
Combinational          4.65e-05   4.38e-05   3.73e-10   9.03e-05   9.8%
Clock                  1.99e-04   1.54e-04   5.25e-10   3.53e-04  38.4%
Macro                  0.00e+00   0.00e+00   0.00e+00   0.00e+00   0.0%
Pad                    0.00e+00   0.00e+00   0.00e+00   0.00e+00   0.0%
----------------------------------------------------------------
Total                  7.02e-04   2.17e-04   1.32e-09   9.19e-04 100.0%
                          76.4%      23.6%       0.0%

