
===========================================================================
report_checks -path_delay max (Setup)
============================================================================
======================= Typical Corner ===================================

Startpoint: _212_ (rising edge-triggered flip-flop clocked by core_clock)
Endpoint: _206_ (rising edge-triggered flip-flop clocked by core_clock)
Path Group: core_clock
Path Type: max

Fanout     Cap    Slew   Delay    Time   Description
-----------------------------------------------------------------------------
                          0.00    0.00   clock core_clock (rise edge)
                          0.00    0.00   clock source latency
     1    0.01    0.00    0.00    0.00 ^ CLK (in)
                                         CLK (net)
                  0.00    0.00    0.00 ^ clkbuf_0_CLK/A (sky130_fd_sc_hd__clkbuf_16)
     4    0.03    0.05    0.12    0.12 ^ clkbuf_0_CLK/X (sky130_fd_sc_hd__clkbuf_16)
                                         clknet_0_CLK (net)
                  0.05    0.00    0.12 ^ clkbuf_2_1__f_CLK/A (sky130_fd_sc_hd__clkbuf_16)
    18    0.05    0.07    0.15    0.27 ^ clkbuf_2_1__f_CLK/X (sky130_fd_sc_hd__clkbuf_16)
                                         clknet_2_1__leaf_CLK (net)
                  0.07    0.00    0.27 ^ _212_/CLK (sky130_fd_sc_hd__dfxtp_1)
     3    0.01    0.05    0.32    0.59 v _212_/Q (sky130_fd_sc_hd__dfxtp_1)
                                         x4.A (net)
                  0.05    0.00    0.59 v _090_/B (sky130_fd_sc_hd__and2_1)
     2    0.00    0.04    0.16    0.75 v _090_/X (sky130_fd_sc_hd__and2_1)
                                         _041_ (net)
                  0.04    0.00    0.75 v _092_/A (sky130_fd_sc_hd__or2_1)
     2    0.01    0.07    0.25    1.00 v _092_/X (sky130_fd_sc_hd__or2_1)
                                         _043_ (net)
                  0.07    0.00    1.00 v _096_/A (sky130_fd_sc_hd__or2_2)
     4    0.02    0.09    0.36    1.35 v _096_/X (sky130_fd_sc_hd__or2_2)
                                         _047_ (net)
                  0.09    0.00    1.36 v _118_/A1 (sky130_fd_sc_hd__o41ai_4)
     4    0.01    0.34    0.44    1.79 ^ _118_/Y (sky130_fd_sc_hd__o41ai_4)
                                         _069_ (net)
                  0.34    0.00    1.79 ^ _130_/A (sky130_fd_sc_hd__and4_1)
     2    0.01    0.08    0.26    2.05 ^ _130_/X (sky130_fd_sc_hd__and4_1)
                                         _081_ (net)
                  0.08    0.00    2.05 ^ _141_/A1 (sky130_fd_sc_hd__o21ai_1)
     3    0.01    0.09    0.11    2.16 v _141_/Y (sky130_fd_sc_hd__o21ai_1)
                                         _005_ (net)
                  0.09    0.00    2.16 v _146_/A1 (sky130_fd_sc_hd__a21oi_1)
     1    0.01    0.17    0.19    2.35 ^ _146_/Y (sky130_fd_sc_hd__a21oi_1)
                                         _010_ (net)
                  0.17    0.00    2.35 ^ _147_/B (sky130_fd_sc_hd__xnor2_1)
     1    0.01    0.17    0.16    2.51 ^ _147_/Y (sky130_fd_sc_hd__xnor2_1)
                                         x65.Si (net)
                  0.17    0.00    2.51 ^ _206_/D (sky130_fd_sc_hd__dfxtp_1)
                                  2.51   data arrival time

                          4.75    4.75   clock core_clock (rise edge)
                          0.00    4.75   clock source latency
     1    0.01    0.00    0.00    4.75 ^ CLK (in)
                                         CLK (net)
                  0.00    0.00    4.75 ^ clkbuf_0_CLK/A (sky130_fd_sc_hd__clkbuf_16)
     4    0.03    0.05    0.12    4.87 ^ clkbuf_0_CLK/X (sky130_fd_sc_hd__clkbuf_16)
                                         clknet_0_CLK (net)
                  0.05    0.00    4.87 ^ clkbuf_2_1__f_CLK/A (sky130_fd_sc_hd__clkbuf_16)
    18    0.05    0.07    0.15    5.02 ^ clkbuf_2_1__f_CLK/X (sky130_fd_sc_hd__clkbuf_16)
                                         clknet_2_1__leaf_CLK (net)
                  0.07    0.00    5.02 ^ _206_/CLK (sky130_fd_sc_hd__dfxtp_1)
                          0.00    5.02   clock reconvergence pessimism
                         -0.08    4.94   library setup time
                                  4.94   data required time
-----------------------------------------------------------------------------
                                  4.94   data required time
                                 -2.51   data arrival time
-----------------------------------------------------------------------------
                                  2.43   slack (MET)


Startpoint: _212_ (rising edge-triggered flip-flop clocked by core_clock)
Endpoint: _205_ (rising edge-triggered flip-flop clocked by core_clock)
Path Group: core_clock
Path Type: max

Fanout     Cap    Slew   Delay    Time   Description
-----------------------------------------------------------------------------
                          0.00    0.00   clock core_clock (rise edge)
                          0.00    0.00   clock source latency
     1    0.01    0.00    0.00    0.00 ^ CLK (in)
                                         CLK (net)
                  0.00    0.00    0.00 ^ clkbuf_0_CLK/A (sky130_fd_sc_hd__clkbuf_16)
     4    0.03    0.05    0.12    0.12 ^ clkbuf_0_CLK/X (sky130_fd_sc_hd__clkbuf_16)
                                         clknet_0_CLK (net)
                  0.05    0.00    0.12 ^ clkbuf_2_1__f_CLK/A (sky130_fd_sc_hd__clkbuf_16)
    18    0.05    0.07    0.15    0.27 ^ clkbuf_2_1__f_CLK/X (sky130_fd_sc_hd__clkbuf_16)
                                         clknet_2_1__leaf_CLK (net)
                  0.07    0.00    0.27 ^ _212_/CLK (sky130_fd_sc_hd__dfxtp_1)
     3    0.01    0.05    0.32    0.59 v _212_/Q (sky130_fd_sc_hd__dfxtp_1)
                                         x4.A (net)
                  0.05    0.00    0.59 v _090_/B (sky130_fd_sc_hd__and2_1)
     2    0.00    0.04    0.16    0.75 v _090_/X (sky130_fd_sc_hd__and2_1)
                                         _041_ (net)
                  0.04    0.00    0.75 v _092_/A (sky130_fd_sc_hd__or2_1)
     2    0.01    0.07    0.25    1.00 v _092_/X (sky130_fd_sc_hd__or2_1)
                                         _043_ (net)
                  0.07    0.00    1.00 v _096_/A (sky130_fd_sc_hd__or2_2)
     4    0.02    0.09    0.36    1.35 v _096_/X (sky130_fd_sc_hd__or2_2)
                                         _047_ (net)
                  0.09    0.00    1.36 v _118_/A1 (sky130_fd_sc_hd__o41ai_4)
     4    0.01    0.34    0.44    1.79 ^ _118_/Y (sky130_fd_sc_hd__o41ai_4)
                                         _069_ (net)
                  0.34    0.00    1.79 ^ _130_/A (sky130_fd_sc_hd__and4_1)
     2    0.01    0.08    0.26    2.05 ^ _130_/X (sky130_fd_sc_hd__and4_1)
                                         _081_ (net)
                  0.08    0.00    2.05 ^ _141_/A1 (sky130_fd_sc_hd__o21ai_1)
     3    0.01    0.09    0.11    2.16 v _141_/Y (sky130_fd_sc_hd__o21ai_1)
                                         _005_ (net)
                  0.09    0.00    2.16 v _148_/B1_N (sky130_fd_sc_hd__a21bo_1)
     1    0.01    0.06    0.21    2.37 ^ _148_/X (sky130_fd_sc_hd__a21bo_1)
                                         _011_ (net)
                  0.06    0.00    2.37 ^ _150_/A (sky130_fd_sc_hd__xnor2_1)
     1    0.00    0.10    0.10    2.47 ^ _150_/Y (sky130_fd_sc_hd__xnor2_1)
                                         x66.Si (net)
                  0.10    0.00    2.47 ^ _205_/D (sky130_fd_sc_hd__dfxtp_1)
                                  2.47   data arrival time

                          4.75    4.75   clock core_clock (rise edge)
                          0.00    4.75   clock source latency
     1    0.01    0.00    0.00    4.75 ^ CLK (in)
                                         CLK (net)
                  0.00    0.00    4.75 ^ clkbuf_0_CLK/A (sky130_fd_sc_hd__clkbuf_16)
     4    0.03    0.05    0.12    4.87 ^ clkbuf_0_CLK/X (sky130_fd_sc_hd__clkbuf_16)
                                         clknet_0_CLK (net)
                  0.05    0.00    4.87 ^ clkbuf_2_3__f_CLK/A (sky130_fd_sc_hd__clkbuf_16)
    10    0.03    0.05    0.14    5.01 ^ clkbuf_2_3__f_CLK/X (sky130_fd_sc_hd__clkbuf_16)
                                         clknet_2_3__leaf_CLK (net)
                  0.05    0.00    5.01 ^ _205_/CLK (sky130_fd_sc_hd__dfxtp_1)
                          0.00    5.01   clock reconvergence pessimism
                         -0.07    4.94   library setup time
                                  4.94   data required time
-----------------------------------------------------------------------------
                                  4.94   data required time
                                 -2.47   data arrival time
-----------------------------------------------------------------------------
                                  2.47   slack (MET)


Startpoint: _212_ (rising edge-triggered flip-flop clocked by core_clock)
Endpoint: _207_ (rising edge-triggered flip-flop clocked by core_clock)
Path Group: core_clock
Path Type: max

Fanout     Cap    Slew   Delay    Time   Description
-----------------------------------------------------------------------------
                          0.00    0.00   clock core_clock (rise edge)
                          0.00    0.00   clock source latency
     1    0.01    0.00    0.00    0.00 ^ CLK (in)
                                         CLK (net)
                  0.00    0.00    0.00 ^ clkbuf_0_CLK/A (sky130_fd_sc_hd__clkbuf_16)
     4    0.03    0.05    0.12    0.12 ^ clkbuf_0_CLK/X (sky130_fd_sc_hd__clkbuf_16)
                                         clknet_0_CLK (net)
                  0.05    0.00    0.12 ^ clkbuf_2_1__f_CLK/A (sky130_fd_sc_hd__clkbuf_16)
    18    0.05    0.07    0.15    0.27 ^ clkbuf_2_1__f_CLK/X (sky130_fd_sc_hd__clkbuf_16)
                                         clknet_2_1__leaf_CLK (net)
                  0.07    0.00    0.27 ^ _212_/CLK (sky130_fd_sc_hd__dfxtp_1)
     3    0.01    0.05    0.32    0.59 v _212_/Q (sky130_fd_sc_hd__dfxtp_1)
                                         x4.A (net)
                  0.05    0.00    0.59 v _090_/B (sky130_fd_sc_hd__and2_1)
     2    0.00    0.04    0.16    0.75 v _090_/X (sky130_fd_sc_hd__and2_1)
                                         _041_ (net)
                  0.04    0.00    0.75 v _092_/A (sky130_fd_sc_hd__or2_1)
     2    0.01    0.07    0.25    1.00 v _092_/X (sky130_fd_sc_hd__or2_1)
                                         _043_ (net)
                  0.07    0.00    1.00 v _096_/A (sky130_fd_sc_hd__or2_2)
     4    0.02    0.09    0.36    1.35 v _096_/X (sky130_fd_sc_hd__or2_2)
                                         _047_ (net)
                  0.09    0.00    1.36 v _118_/A1 (sky130_fd_sc_hd__o41ai_4)
     4    0.01    0.34    0.44    1.79 ^ _118_/Y (sky130_fd_sc_hd__o41ai_4)
                                         _069_ (net)
                  0.34    0.00    1.79 ^ _130_/A (sky130_fd_sc_hd__and4_1)
     2    0.01    0.08    0.26    2.05 ^ _130_/X (sky130_fd_sc_hd__and4_1)
                                         _081_ (net)
                  0.08    0.00    2.05 ^ _141_/A1 (sky130_fd_sc_hd__o21ai_1)
     3    0.01    0.09    0.11    2.16 v _141_/Y (sky130_fd_sc_hd__o21ai_1)
                                         _005_ (net)
                  0.09    0.00    2.16 v _190_/A2 (sky130_fd_sc_hd__o31ai_1)
     1    0.00    0.22    0.26    2.42 ^ _190_/Y (sky130_fd_sc_hd__o31ai_1)
                                         x49.G (net)
                  0.22    0.00    2.42 ^ _207_/D (sky130_fd_sc_hd__dfxtp_1)
                                  2.42   data arrival time

                          4.75    4.75   clock core_clock (rise edge)
                          0.00    4.75   clock source latency
     1    0.01    0.00    0.00    4.75 ^ CLK (in)
                                         CLK (net)
                  0.00    0.00    4.75 ^ clkbuf_0_CLK/A (sky130_fd_sc_hd__clkbuf_16)
     4    0.03    0.05    0.12    4.87 ^ clkbuf_0_CLK/X (sky130_fd_sc_hd__clkbuf_16)
                                         clknet_0_CLK (net)
                  0.05    0.00    4.87 ^ clkbuf_2_1__f_CLK/A (sky130_fd_sc_hd__clkbuf_16)
    18    0.05    0.07    0.15    5.02 ^ clkbuf_2_1__f_CLK/X (sky130_fd_sc_hd__clkbuf_16)
                                         clknet_2_1__leaf_CLK (net)
                  0.07    0.00    5.02 ^ _207_/CLK (sky130_fd_sc_hd__dfxtp_1)
                          0.00    5.02   clock reconvergence pessimism
                         -0.09    4.93   library setup time
                                  4.93   data required time
-----------------------------------------------------------------------------
                                  4.93   data required time
                                 -2.42   data arrival time
-----------------------------------------------------------------------------
                                  2.51   slack (MET)


Startpoint: _212_ (rising edge-triggered flip-flop clocked by core_clock)
Endpoint: _204_ (rising edge-triggered flip-flop clocked by core_clock)
Path Group: core_clock
Path Type: max

Fanout     Cap    Slew   Delay    Time   Description
-----------------------------------------------------------------------------
                          0.00    0.00   clock core_clock (rise edge)
                          0.00    0.00   clock source latency
     1    0.01    0.00    0.00    0.00 ^ CLK (in)
                                         CLK (net)
                  0.00    0.00    0.00 ^ clkbuf_0_CLK/A (sky130_fd_sc_hd__clkbuf_16)
     4    0.03    0.05    0.12    0.12 ^ clkbuf_0_CLK/X (sky130_fd_sc_hd__clkbuf_16)
                                         clknet_0_CLK (net)
                  0.05    0.00    0.12 ^ clkbuf_2_1__f_CLK/A (sky130_fd_sc_hd__clkbuf_16)
    18    0.05    0.07    0.15    0.27 ^ clkbuf_2_1__f_CLK/X (sky130_fd_sc_hd__clkbuf_16)
                                         clknet_2_1__leaf_CLK (net)
                  0.07    0.00    0.27 ^ _212_/CLK (sky130_fd_sc_hd__dfxtp_1)
     3    0.01    0.05    0.32    0.59 v _212_/Q (sky130_fd_sc_hd__dfxtp_1)
                                         x4.A (net)
                  0.05    0.00    0.59 v _090_/B (sky130_fd_sc_hd__and2_1)
     2    0.00    0.04    0.16    0.75 v _090_/X (sky130_fd_sc_hd__and2_1)
                                         _041_ (net)
                  0.04    0.00    0.75 v _092_/A (sky130_fd_sc_hd__or2_1)
     2    0.01    0.07    0.25    1.00 v _092_/X (sky130_fd_sc_hd__or2_1)
                                         _043_ (net)
                  0.07    0.00    1.00 v _096_/A (sky130_fd_sc_hd__or2_2)
     4    0.02    0.09    0.36    1.35 v _096_/X (sky130_fd_sc_hd__or2_2)
                                         _047_ (net)
                  0.09    0.00    1.36 v _118_/A1 (sky130_fd_sc_hd__o41ai_4)
     4    0.01    0.34    0.44    1.79 ^ _118_/Y (sky130_fd_sc_hd__o41ai_4)
                                         _069_ (net)
                  0.34    0.00    1.79 ^ _130_/A (sky130_fd_sc_hd__and4_1)
     2    0.01    0.08    0.26    2.05 ^ _130_/X (sky130_fd_sc_hd__and4_1)
                                         _081_ (net)
                  0.08    0.00    2.05 ^ _151_/A (sky130_fd_sc_hd__or2_1)
     2    0.01    0.09    0.14    2.19 ^ _151_/X (sky130_fd_sc_hd__or2_1)
                                         _013_ (net)
                  0.09    0.00    2.19 ^ _152_/A1 (sky130_fd_sc_hd__a21bo_1)
     1    0.01    0.06    0.13    2.32 ^ _152_/X (sky130_fd_sc_hd__a21bo_1)
                                         _014_ (net)
                  0.06    0.00    2.32 ^ _153_/B (sky130_fd_sc_hd__xnor2_1)
     1    0.00    0.14    0.12    2.44 ^ _153_/Y (sky130_fd_sc_hd__xnor2_1)
                                         x67.Si (net)
                  0.14    0.00    2.44 ^ _204_/D (sky130_fd_sc_hd__dfxtp_1)
                                  2.44   data arrival time

                          4.75    4.75   clock core_clock (rise edge)
                          0.00    4.75   clock source latency
     1    0.01    0.00    0.00    4.75 ^ CLK (in)
                                         CLK (net)
                  0.00    0.00    4.75 ^ clkbuf_0_CLK/A (sky130_fd_sc_hd__clkbuf_16)
     4    0.03    0.05    0.12    4.87 ^ clkbuf_0_CLK/X (sky130_fd_sc_hd__clkbuf_16)
                                         clknet_0_CLK (net)
                  0.05    0.00    4.87 ^ clkbuf_2_1__f_CLK/A (sky130_fd_sc_hd__clkbuf_16)
    18    0.05    0.07    0.15    5.02 ^ clkbuf_2_1__f_CLK/X (sky130_fd_sc_hd__clkbuf_16)
                                         clknet_2_1__leaf_CLK (net)
                  0.07    0.00    5.02 ^ _204_/CLK (sky130_fd_sc_hd__dfxtp_1)
                          0.00    5.02   clock reconvergence pessimism
                         -0.07    4.95   library setup time
                                  4.95   data required time
-----------------------------------------------------------------------------
                                  4.95   data required time
                                 -2.44   data arrival time
-----------------------------------------------------------------------------
                                  2.51   slack (MET)


Startpoint: _212_ (rising edge-triggered flip-flop clocked by core_clock)
Endpoint: _203_ (rising edge-triggered flip-flop clocked by core_clock)
Path Group: core_clock
Path Type: max

Fanout     Cap    Slew   Delay    Time   Description
-----------------------------------------------------------------------------
                          0.00    0.00   clock core_clock (rise edge)
                          0.00    0.00   clock source latency
     1    0.01    0.00    0.00    0.00 ^ CLK (in)
                                         CLK (net)
                  0.00    0.00    0.00 ^ clkbuf_0_CLK/A (sky130_fd_sc_hd__clkbuf_16)
     4    0.03    0.05    0.12    0.12 ^ clkbuf_0_CLK/X (sky130_fd_sc_hd__clkbuf_16)
                                         clknet_0_CLK (net)
                  0.05    0.00    0.12 ^ clkbuf_2_1__f_CLK/A (sky130_fd_sc_hd__clkbuf_16)
    18    0.05    0.07    0.15    0.27 ^ clkbuf_2_1__f_CLK/X (sky130_fd_sc_hd__clkbuf_16)
                                         clknet_2_1__leaf_CLK (net)
                  0.07    0.00    0.27 ^ _212_/CLK (sky130_fd_sc_hd__dfxtp_1)
     3    0.01    0.05    0.32    0.59 v _212_/Q (sky130_fd_sc_hd__dfxtp_1)
                                         x4.A (net)
                  0.05    0.00    0.59 v _090_/B (sky130_fd_sc_hd__and2_1)
     2    0.00    0.04    0.16    0.75 v _090_/X (sky130_fd_sc_hd__and2_1)
                                         _041_ (net)
                  0.04    0.00    0.75 v _092_/A (sky130_fd_sc_hd__or2_1)
     2    0.01    0.07    0.25    1.00 v _092_/X (sky130_fd_sc_hd__or2_1)
                                         _043_ (net)
                  0.07    0.00    1.00 v _096_/A (sky130_fd_sc_hd__or2_2)
     4    0.02    0.09    0.36    1.35 v _096_/X (sky130_fd_sc_hd__or2_2)
                                         _047_ (net)
                  0.09    0.00    1.36 v _118_/A1 (sky130_fd_sc_hd__o41ai_4)
     4    0.01    0.34    0.44    1.79 ^ _118_/Y (sky130_fd_sc_hd__o41ai_4)
                                         _069_ (net)
                  0.34    0.00    1.79 ^ _130_/A (sky130_fd_sc_hd__and4_1)
     2    0.01    0.08    0.26    2.05 ^ _130_/X (sky130_fd_sc_hd__and4_1)
                                         _081_ (net)
                  0.08    0.00    2.05 ^ _151_/A (sky130_fd_sc_hd__or2_1)
     2    0.01    0.09    0.14    2.19 ^ _151_/X (sky130_fd_sc_hd__or2_1)
                                         _013_ (net)
                  0.09    0.00    2.19 ^ _154_/A (sky130_fd_sc_hd__xnor2_1)
     1    0.01    0.19    0.15    2.34 ^ _154_/Y (sky130_fd_sc_hd__xnor2_1)
                                         x68.Si (net)
                  0.19    0.00    2.34 ^ _203_/D (sky130_fd_sc_hd__dfxtp_1)
                                  2.34   data arrival time

                          4.75    4.75   clock core_clock (rise edge)
                          0.00    4.75   clock source latency
     1    0.01    0.00    0.00    4.75 ^ CLK (in)
                                         CLK (net)
                  0.00    0.00    4.75 ^ clkbuf_0_CLK/A (sky130_fd_sc_hd__clkbuf_16)
     4    0.03    0.05    0.12    4.87 ^ clkbuf_0_CLK/X (sky130_fd_sc_hd__clkbuf_16)
                                         clknet_0_CLK (net)
                  0.05    0.00    4.87 ^ clkbuf_2_1__f_CLK/A (sky130_fd_sc_hd__clkbuf_16)
    18    0.05    0.07    0.15    5.02 ^ clkbuf_2_1__f_CLK/X (sky130_fd_sc_hd__clkbuf_16)
                                         clknet_2_1__leaf_CLK (net)
                  0.07    0.00    5.02 ^ _203_/CLK (sky130_fd_sc_hd__dfxtp_1)
                          0.00    5.02   clock reconvergence pessimism
                         -0.08    4.94   library setup time
                                  4.94   data required time
-----------------------------------------------------------------------------
                                  4.94   data required time
                                 -2.34   data arrival time
-----------------------------------------------------------------------------
                                  2.60   slack (MET)


Startpoint: _212_ (rising edge-triggered flip-flop clocked by core_clock)
Endpoint: _202_ (rising edge-triggered flip-flop clocked by core_clock)
Path Group: core_clock
Path Type: max

Fanout     Cap    Slew   Delay    Time   Description
-----------------------------------------------------------------------------
                          0.00    0.00   clock core_clock (rise edge)
                          0.00    0.00   clock source latency
     1    0.01    0.00    0.00    0.00 ^ CLK (in)
                                         CLK (net)
                  0.00    0.00    0.00 ^ clkbuf_0_CLK/A (sky130_fd_sc_hd__clkbuf_16)
     4    0.03    0.05    0.12    0.12 ^ clkbuf_0_CLK/X (sky130_fd_sc_hd__clkbuf_16)
                                         clknet_0_CLK (net)
                  0.05    0.00    0.12 ^ clkbuf_2_1__f_CLK/A (sky130_fd_sc_hd__clkbuf_16)
    18    0.05    0.07    0.15    0.27 ^ clkbuf_2_1__f_CLK/X (sky130_fd_sc_hd__clkbuf_16)
                                         clknet_2_1__leaf_CLK (net)
                  0.07    0.00    0.27 ^ _212_/CLK (sky130_fd_sc_hd__dfxtp_1)
     3    0.01    0.05    0.32    0.59 v _212_/Q (sky130_fd_sc_hd__dfxtp_1)
                                         x4.A (net)
                  0.05    0.00    0.59 v _090_/B (sky130_fd_sc_hd__and2_1)
     2    0.00    0.04    0.16    0.75 v _090_/X (sky130_fd_sc_hd__and2_1)
                                         _041_ (net)
                  0.04    0.00    0.75 v _092_/A (sky130_fd_sc_hd__or2_1)
     2    0.01    0.07    0.25    1.00 v _092_/X (sky130_fd_sc_hd__or2_1)
                                         _043_ (net)
                  0.07    0.00    1.00 v _096_/A (sky130_fd_sc_hd__or2_2)
     4    0.02    0.09    0.36    1.35 v _096_/X (sky130_fd_sc_hd__or2_2)
                                         _047_ (net)
                  0.09    0.00    1.36 v _118_/A1 (sky130_fd_sc_hd__o41ai_4)
     4    0.01    0.34    0.44    1.79 ^ _118_/Y (sky130_fd_sc_hd__o41ai_4)
                                         _069_ (net)
                  0.34    0.00    1.79 ^ _155_/A (sky130_fd_sc_hd__and2_1)
     2    0.01    0.09    0.21    2.00 ^ _155_/X (sky130_fd_sc_hd__and2_1)
                                         _015_ (net)
                  0.09    0.00    2.00 ^ _156_/A1 (sky130_fd_sc_hd__o21a_1)
     1    0.01    0.07    0.15    2.15 ^ _156_/X (sky130_fd_sc_hd__o21a_1)
                                         _016_ (net)
                  0.07    0.00    2.15 ^ _157_/B (sky130_fd_sc_hd__xor2_1)
     1    0.00    0.15    0.17    2.32 ^ _157_/X (sky130_fd_sc_hd__xor2_1)
                                         x69.Si (net)
                  0.15    0.00    2.32 ^ _202_/D (sky130_fd_sc_hd__dfxtp_1)
                                  2.32   data arrival time

                          4.75    4.75   clock core_clock (rise edge)
                          0.00    4.75   clock source latency
     1    0.01    0.00    0.00    4.75 ^ CLK (in)
                                         CLK (net)
                  0.00    0.00    4.75 ^ clkbuf_0_CLK/A (sky130_fd_sc_hd__clkbuf_16)
     4    0.03    0.05    0.12    4.87 ^ clkbuf_0_CLK/X (sky130_fd_sc_hd__clkbuf_16)
                                         clknet_0_CLK (net)
                  0.05    0.00    4.87 ^ clkbuf_2_1__f_CLK/A (sky130_fd_sc_hd__clkbuf_16)
    18    0.05    0.07    0.15    5.02 ^ clkbuf_2_1__f_CLK/X (sky130_fd_sc_hd__clkbuf_16)
                                         clknet_2_1__leaf_CLK (net)
                  0.07    0.00    5.02 ^ _202_/CLK (sky130_fd_sc_hd__dfxtp_1)
                          0.00    5.02   clock reconvergence pessimism
                         -0.07    4.95   library setup time
                                  4.95   data required time
-----------------------------------------------------------------------------
                                  4.95   data required time
                                 -2.32   data arrival time
-----------------------------------------------------------------------------
                                  2.63   slack (MET)


Startpoint: _212_ (rising edge-triggered flip-flop clocked by core_clock)
Endpoint: _201_ (rising edge-triggered flip-flop clocked by core_clock)
Path Group: core_clock
Path Type: max

Fanout     Cap    Slew   Delay    Time   Description
-----------------------------------------------------------------------------
                          0.00    0.00   clock core_clock (rise edge)
                          0.00    0.00   clock source latency
     1    0.01    0.00    0.00    0.00 ^ CLK (in)
                                         CLK (net)
                  0.00    0.00    0.00 ^ clkbuf_0_CLK/A (sky130_fd_sc_hd__clkbuf_16)
     4    0.03    0.05    0.12    0.12 ^ clkbuf_0_CLK/X (sky130_fd_sc_hd__clkbuf_16)
                                         clknet_0_CLK (net)
                  0.05    0.00    0.12 ^ clkbuf_2_1__f_CLK/A (sky130_fd_sc_hd__clkbuf_16)
    18    0.05    0.07    0.15    0.27 ^ clkbuf_2_1__f_CLK/X (sky130_fd_sc_hd__clkbuf_16)
                                         clknet_2_1__leaf_CLK (net)
                  0.07    0.00    0.27 ^ _212_/CLK (sky130_fd_sc_hd__dfxtp_1)
     3    0.01    0.05    0.32    0.59 v _212_/Q (sky130_fd_sc_hd__dfxtp_1)
                                         x4.A (net)
                  0.05    0.00    0.59 v _090_/B (sky130_fd_sc_hd__and2_1)
     2    0.00    0.04    0.16    0.75 v _090_/X (sky130_fd_sc_hd__and2_1)
                                         _041_ (net)
                  0.04    0.00    0.75 v _092_/A (sky130_fd_sc_hd__or2_1)
     2    0.01    0.07    0.25    1.00 v _092_/X (sky130_fd_sc_hd__or2_1)
                                         _043_ (net)
                  0.07    0.00    1.00 v _096_/A (sky130_fd_sc_hd__or2_2)
     4    0.02    0.09    0.36    1.35 v _096_/X (sky130_fd_sc_hd__or2_2)
                                         _047_ (net)
                  0.09    0.00    1.36 v _118_/A1 (sky130_fd_sc_hd__o41ai_4)
     4    0.01    0.34    0.44    1.79 ^ _118_/Y (sky130_fd_sc_hd__o41ai_4)
                                         _069_ (net)
                  0.34    0.00    1.79 ^ _155_/A (sky130_fd_sc_hd__and2_1)
     2    0.01    0.09    0.21    2.00 ^ _155_/X (sky130_fd_sc_hd__and2_1)
                                         _015_ (net)
                  0.09    0.00    2.00 ^ _158_/A (sky130_fd_sc_hd__nor2_1)
     1    0.01    0.04    0.06    2.07 v _158_/Y (sky130_fd_sc_hd__nor2_1)
                                         _017_ (net)
                  0.04    0.00    2.07 v _159_/B (sky130_fd_sc_hd__xnor2_1)
     1    0.01    0.17    0.17    2.23 ^ _159_/Y (sky130_fd_sc_hd__xnor2_1)
                                         x70.Si (net)
                  0.17    0.00    2.23 ^ _201_/D (sky130_fd_sc_hd__dfxtp_1)
                                  2.23   data arrival time

                          4.75    4.75   clock core_clock (rise edge)
                          0.00    4.75   clock source latency
     1    0.01    0.00    0.00    4.75 ^ CLK (in)
                                         CLK (net)
                  0.00    0.00    4.75 ^ clkbuf_0_CLK/A (sky130_fd_sc_hd__clkbuf_16)
     4    0.03    0.05    0.12    4.87 ^ clkbuf_0_CLK/X (sky130_fd_sc_hd__clkbuf_16)
                                         clknet_0_CLK (net)
                  0.05    0.00    4.87 ^ clkbuf_2_1__f_CLK/A (sky130_fd_sc_hd__clkbuf_16)
    18    0.05    0.07    0.15    5.02 ^ clkbuf_2_1__f_CLK/X (sky130_fd_sc_hd__clkbuf_16)
                                         clknet_2_1__leaf_CLK (net)
                  0.07    0.00    5.02 ^ _201_/CLK (sky130_fd_sc_hd__dfxtp_1)
                          0.00    5.02   clock reconvergence pessimism
                         -0.08    4.94   library setup time
                                  4.94   data required time
-----------------------------------------------------------------------------
                                  4.94   data required time
                                 -2.23   data arrival time
-----------------------------------------------------------------------------
                                  2.71   slack (MET)


Startpoint: _212_ (rising edge-triggered flip-flop clocked by core_clock)
Endpoint: _200_ (rising edge-triggered flip-flop clocked by core_clock)
Path Group: core_clock
Path Type: max

Fanout     Cap    Slew   Delay    Time   Description
-----------------------------------------------------------------------------
                          0.00    0.00   clock core_clock (rise edge)
                          0.00    0.00   clock source latency
     1    0.01    0.00    0.00    0.00 ^ CLK (in)
                                         CLK (net)
                  0.00    0.00    0.00 ^ clkbuf_0_CLK/A (sky130_fd_sc_hd__clkbuf_16)
     4    0.03    0.05    0.12    0.12 ^ clkbuf_0_CLK/X (sky130_fd_sc_hd__clkbuf_16)
                                         clknet_0_CLK (net)
                  0.05    0.00    0.12 ^ clkbuf_2_1__f_CLK/A (sky130_fd_sc_hd__clkbuf_16)
    18    0.05    0.07    0.15    0.27 ^ clkbuf_2_1__f_CLK/X (sky130_fd_sc_hd__clkbuf_16)
                                         clknet_2_1__leaf_CLK (net)
                  0.07    0.00    0.27 ^ _212_/CLK (sky130_fd_sc_hd__dfxtp_1)
     3    0.01    0.05    0.32    0.59 v _212_/Q (sky130_fd_sc_hd__dfxtp_1)
                                         x4.A (net)
                  0.05    0.00    0.59 v _090_/B (sky130_fd_sc_hd__and2_1)
     2    0.00    0.04    0.16    0.75 v _090_/X (sky130_fd_sc_hd__and2_1)
                                         _041_ (net)
                  0.04    0.00    0.75 v _092_/A (sky130_fd_sc_hd__or2_1)
     2    0.01    0.07    0.25    1.00 v _092_/X (sky130_fd_sc_hd__or2_1)
                                         _043_ (net)
                  0.07    0.00    1.00 v _096_/A (sky130_fd_sc_hd__or2_2)
     4    0.02    0.09    0.36    1.35 v _096_/X (sky130_fd_sc_hd__or2_2)
                                         _047_ (net)
                  0.09    0.00    1.36 v _118_/A1 (sky130_fd_sc_hd__o41ai_4)
     4    0.01    0.34    0.44    1.79 ^ _118_/Y (sky130_fd_sc_hd__o41ai_4)
                                         _069_ (net)
                  0.34    0.00    1.79 ^ _160_/B1 (sky130_fd_sc_hd__o21a_1)
     1    0.00    0.06    0.19    1.98 ^ _160_/X (sky130_fd_sc_hd__o21a_1)
                                         _018_ (net)
                  0.06    0.00    1.98 ^ _161_/B1 (sky130_fd_sc_hd__a21oi_1)
     1    0.01    0.08    0.05    2.03 v _161_/Y (sky130_fd_sc_hd__a21oi_1)
                                         _019_ (net)
                  0.08    0.00    2.03 v _162_/B (sky130_fd_sc_hd__xnor2_1)
     1    0.00    0.05    0.13    2.17 v _162_/Y (sky130_fd_sc_hd__xnor2_1)
                                         x71.Si (net)
                  0.05    0.00    2.17 v _200_/D (sky130_fd_sc_hd__dfxtp_1)
                                  2.17   data arrival time

                          4.75    4.75   clock core_clock (rise edge)
                          0.00    4.75   clock source latency
     1    0.01    0.00    0.00    4.75 ^ CLK (in)
                                         CLK (net)
                  0.00    0.00    4.75 ^ clkbuf_0_CLK/A (sky130_fd_sc_hd__clkbuf_16)
     4    0.03    0.05    0.12    4.87 ^ clkbuf_0_CLK/X (sky130_fd_sc_hd__clkbuf_16)
                                         clknet_0_CLK (net)
                  0.05    0.00    4.87 ^ clkbuf_2_1__f_CLK/A (sky130_fd_sc_hd__clkbuf_16)
    18    0.05    0.07    0.15    5.02 ^ clkbuf_2_1__f_CLK/X (sky130_fd_sc_hd__clkbuf_16)
                                         clknet_2_1__leaf_CLK (net)
                  0.07    0.00    5.02 ^ _200_/CLK (sky130_fd_sc_hd__dfxtp_1)
                          0.00    5.02   clock reconvergence pessimism
                         -0.11    4.91   library setup time
                                  4.91   data required time
-----------------------------------------------------------------------------
                                  4.91   data required time
                                 -2.17   data arrival time
-----------------------------------------------------------------------------
                                  2.75   slack (MET)


Startpoint: _212_ (rising edge-triggered flip-flop clocked by core_clock)
Endpoint: _199_ (rising edge-triggered flip-flop clocked by core_clock)
Path Group: core_clock
Path Type: max

Fanout     Cap    Slew   Delay    Time   Description
-----------------------------------------------------------------------------
                          0.00    0.00   clock core_clock (rise edge)
                          0.00    0.00   clock source latency
     1    0.01    0.00    0.00    0.00 ^ CLK (in)
                                         CLK (net)
                  0.00    0.00    0.00 ^ clkbuf_0_CLK/A (sky130_fd_sc_hd__clkbuf_16)
     4    0.03    0.05    0.12    0.12 ^ clkbuf_0_CLK/X (sky130_fd_sc_hd__clkbuf_16)
                                         clknet_0_CLK (net)
                  0.05    0.00    0.12 ^ clkbuf_2_1__f_CLK/A (sky130_fd_sc_hd__clkbuf_16)
    18    0.05    0.07    0.15    0.27 ^ clkbuf_2_1__f_CLK/X (sky130_fd_sc_hd__clkbuf_16)
                                         clknet_2_1__leaf_CLK (net)
                  0.07    0.00    0.27 ^ _212_/CLK (sky130_fd_sc_hd__dfxtp_1)
     3    0.01    0.05    0.32    0.59 v _212_/Q (sky130_fd_sc_hd__dfxtp_1)
                                         x4.A (net)
                  0.05    0.00    0.59 v _090_/B (sky130_fd_sc_hd__and2_1)
     2    0.00    0.04    0.16    0.75 v _090_/X (sky130_fd_sc_hd__and2_1)
                                         _041_ (net)
                  0.04    0.00    0.75 v _092_/A (sky130_fd_sc_hd__or2_1)
     2    0.01    0.07    0.25    1.00 v _092_/X (sky130_fd_sc_hd__or2_1)
                                         _043_ (net)
                  0.07    0.00    1.00 v _096_/A (sky130_fd_sc_hd__or2_2)
     4    0.02    0.09    0.36    1.35 v _096_/X (sky130_fd_sc_hd__or2_2)
                                         _047_ (net)
                  0.09    0.00    1.36 v _118_/A1 (sky130_fd_sc_hd__o41ai_4)
     4    0.01    0.34    0.44    1.79 ^ _118_/Y (sky130_fd_sc_hd__o41ai_4)
                                         _069_ (net)
                  0.34    0.00    1.79 ^ _163_/A (sky130_fd_sc_hd__xor2_1)
     1    0.00    0.14    0.19    1.99 ^ _163_/X (sky130_fd_sc_hd__xor2_1)
                                         x72.Si (net)
                  0.14    0.00    1.99 ^ _199_/D (sky130_fd_sc_hd__dfxtp_1)
                                  1.99   data arrival time

                          4.75    4.75   clock core_clock (rise edge)
                          0.00    4.75   clock source latency
     1    0.01    0.00    0.00    4.75 ^ CLK (in)
                                         CLK (net)
                  0.00    0.00    4.75 ^ clkbuf_0_CLK/A (sky130_fd_sc_hd__clkbuf_16)
     4    0.03    0.05    0.12    4.87 ^ clkbuf_0_CLK/X (sky130_fd_sc_hd__clkbuf_16)
                                         clknet_0_CLK (net)
                  0.05    0.00    4.87 ^ clkbuf_2_1__f_CLK/A (sky130_fd_sc_hd__clkbuf_16)
    18    0.05    0.07    0.15    5.02 ^ clkbuf_2_1__f_CLK/X (sky130_fd_sc_hd__clkbuf_16)
                                         clknet_2_1__leaf_CLK (net)
                  0.07    0.00    5.02 ^ _199_/CLK (sky130_fd_sc_hd__dfxtp_1)
                          0.00    5.02   clock reconvergence pessimism
                         -0.07    4.95   library setup time
                                  4.95   data required time
-----------------------------------------------------------------------------
                                  4.95   data required time
                                 -1.99   data arrival time
-----------------------------------------------------------------------------
                                  2.96   slack (MET)


Startpoint: _224_ (rising edge-triggered flip-flop clocked by core_clock)
Endpoint: _196_ (rising edge-triggered flip-flop clocked by core_clock)
Path Group: core_clock
Path Type: max

Fanout     Cap    Slew   Delay    Time   Description
-----------------------------------------------------------------------------
                          0.00    0.00   clock core_clock (rise edge)
                          0.00    0.00   clock source latency
     1    0.01    0.00    0.00    0.00 ^ CLK (in)
                                         CLK (net)
                  0.00    0.00    0.00 ^ clkbuf_0_CLK/A (sky130_fd_sc_hd__clkbuf_16)
     4    0.03    0.05    0.12    0.12 ^ clkbuf_0_CLK/X (sky130_fd_sc_hd__clkbuf_16)
                                         clknet_0_CLK (net)
                  0.05    0.00    0.12 ^ clkbuf_2_0__f_CLK/A (sky130_fd_sc_hd__clkbuf_16)
    13    0.04    0.06    0.15    0.27 ^ clkbuf_2_0__f_CLK/X (sky130_fd_sc_hd__clkbuf_16)
                                         clknet_2_0__leaf_CLK (net)
                  0.06    0.00    0.27 ^ _224_/CLK (sky130_fd_sc_hd__dfxtp_1)
     3    0.01    0.05    0.32    0.59 v _224_/Q (sky130_fd_sc_hd__dfxtp_1)
                                         x8.B (net)
                  0.05    0.00    0.59 v _099_/A (sky130_fd_sc_hd__or2_1)
     3    0.01    0.07    0.25    0.84 v _099_/X (sky130_fd_sc_hd__or2_1)
                                         _050_ (net)
                  0.07    0.00    0.84 v _100_/D (sky130_fd_sc_hd__and4_1)
     2    0.01    0.07    0.25    1.09 v _100_/X (sky130_fd_sc_hd__and4_1)
                                         _051_ (net)
                  0.07    0.00    1.09 v _108_/A1 (sky130_fd_sc_hd__o31ai_4)
     5    0.03    0.36    0.40    1.49 ^ _108_/Y (sky130_fd_sc_hd__o31ai_4)
                                         _059_ (net)
                  0.36    0.00    1.49 ^ _171_/A2 (sky130_fd_sc_hd__o21bai_1)
     1    0.01    0.09    0.13    1.62 v _171_/Y (sky130_fd_sc_hd__o21bai_1)
                                         _025_ (net)
                  0.09    0.00    1.62 v _172_/B (sky130_fd_sc_hd__xnor2_1)
     1    0.00    0.05    0.14    1.75 v _172_/Y (sky130_fd_sc_hd__xnor2_1)
                                         x75.Si (net)
                  0.05    0.00    1.75 v _196_/D (sky130_fd_sc_hd__dfxtp_1)
                                  1.75   data arrival time

                          4.75    4.75   clock core_clock (rise edge)
                          0.00    4.75   clock source latency
     1    0.01    0.00    0.00    4.75 ^ CLK (in)
                                         CLK (net)
                  0.00    0.00    4.75 ^ clkbuf_0_CLK/A (sky130_fd_sc_hd__clkbuf_16)
     4    0.03    0.05    0.12    4.87 ^ clkbuf_0_CLK/X (sky130_fd_sc_hd__clkbuf_16)
                                         clknet_0_CLK (net)
                  0.05    0.00    4.87 ^ clkbuf_2_0__f_CLK/A (sky130_fd_sc_hd__clkbuf_16)
    13    0.04    0.06    0.15    5.02 ^ clkbuf_2_0__f_CLK/X (sky130_fd_sc_hd__clkbuf_16)
                                         clknet_2_0__leaf_CLK (net)
                  0.06    0.00    5.02 ^ _196_/CLK (sky130_fd_sc_hd__dfxtp_1)
                          0.00    5.02   clock reconvergence pessimism
                         -0.11    4.91   library setup time
                                  4.91   data required time
-----------------------------------------------------------------------------
                                  4.91   data required time
                                 -1.75   data arrival time
-----------------------------------------------------------------------------
                                  3.16   slack (MET)


Startpoint: _224_ (rising edge-triggered flip-flop clocked by core_clock)
Endpoint: _197_ (rising edge-triggered flip-flop clocked by core_clock)
Path Group: core_clock
Path Type: max

Fanout     Cap    Slew   Delay    Time   Description
-----------------------------------------------------------------------------
                          0.00    0.00   clock core_clock (rise edge)
                          0.00    0.00   clock source latency
     1    0.01    0.00    0.00    0.00 ^ CLK (in)
                                         CLK (net)
                  0.00    0.00    0.00 ^ clkbuf_0_CLK/A (sky130_fd_sc_hd__clkbuf_16)
     4    0.03    0.05    0.12    0.12 ^ clkbuf_0_CLK/X (sky130_fd_sc_hd__clkbuf_16)
                                         clknet_0_CLK (net)
                  0.05    0.00    0.12 ^ clkbuf_2_0__f_CLK/A (sky130_fd_sc_hd__clkbuf_16)
    13    0.04    0.06    0.15    0.27 ^ clkbuf_2_0__f_CLK/X (sky130_fd_sc_hd__clkbuf_16)
                                         clknet_2_0__leaf_CLK (net)
                  0.06    0.00    0.27 ^ _224_/CLK (sky130_fd_sc_hd__dfxtp_1)
     3    0.01    0.05    0.32    0.59 v _224_/Q (sky130_fd_sc_hd__dfxtp_1)
                                         x8.B (net)
                  0.05    0.00    0.59 v _099_/A (sky130_fd_sc_hd__or2_1)
     3    0.01    0.07    0.25    0.84 v _099_/X (sky130_fd_sc_hd__or2_1)
                                         _050_ (net)
                  0.07    0.00    0.84 v _100_/D (sky130_fd_sc_hd__and4_1)
     2    0.01    0.07    0.25    1.09 v _100_/X (sky130_fd_sc_hd__and4_1)
                                         _051_ (net)
                  0.07    0.00    1.09 v _108_/A1 (sky130_fd_sc_hd__o31ai_4)
     5    0.03    0.36    0.40    1.49 ^ _108_/Y (sky130_fd_sc_hd__o31ai_4)
                                         _059_ (net)
                  0.36    0.00    1.49 ^ _169_/A2 (sky130_fd_sc_hd__o22ai_1)
     1    0.00    0.08    0.14    1.62 v _169_/Y (sky130_fd_sc_hd__o22ai_1)
                                         _024_ (net)
                  0.08    0.00    1.62 v _170_/B1 (sky130_fd_sc_hd__o31a_1)
     1    0.00    0.06    0.12    1.75 v _170_/X (sky130_fd_sc_hd__o31a_1)
                                         x74.Si (net)
                  0.06    0.00    1.75 v _197_/D (sky130_fd_sc_hd__dfxtp_1)
                                  1.75   data arrival time

                          4.75    4.75   clock core_clock (rise edge)
                          0.00    4.75   clock source latency
     1    0.01    0.00    0.00    4.75 ^ CLK (in)
                                         CLK (net)
                  0.00    0.00    4.75 ^ clkbuf_0_CLK/A (sky130_fd_sc_hd__clkbuf_16)
     4    0.03    0.05    0.12    4.87 ^ clkbuf_0_CLK/X (sky130_fd_sc_hd__clkbuf_16)
                                         clknet_0_CLK (net)
                  0.05    0.00    4.87 ^ clkbuf_2_0__f_CLK/A (sky130_fd_sc_hd__clkbuf_16)
    13    0.04    0.06    0.15    5.02 ^ clkbuf_2_0__f_CLK/X (sky130_fd_sc_hd__clkbuf_16)
                                         clknet_2_0__leaf_CLK (net)
                  0.06    0.00    5.02 ^ _197_/CLK (sky130_fd_sc_hd__dfxtp_1)
                          0.00    5.02   clock reconvergence pessimism
                         -0.11    4.91   library setup time
                                  4.91   data required time
-----------------------------------------------------------------------------
                                  4.91   data required time
                                 -1.75   data arrival time
-----------------------------------------------------------------------------
                                  3.16   slack (MET)


Startpoint: _212_ (rising edge-triggered flip-flop clocked by core_clock)
Endpoint: _198_ (rising edge-triggered flip-flop clocked by core_clock)
Path Group: core_clock
Path Type: max

Fanout     Cap    Slew   Delay    Time   Description
-----------------------------------------------------------------------------
                          0.00    0.00   clock core_clock (rise edge)
                          0.00    0.00   clock source latency
     1    0.01    0.00    0.00    0.00 ^ CLK (in)
                                         CLK (net)
                  0.00    0.00    0.00 ^ clkbuf_0_CLK/A (sky130_fd_sc_hd__clkbuf_16)
     4    0.03    0.05    0.12    0.12 ^ clkbuf_0_CLK/X (sky130_fd_sc_hd__clkbuf_16)
                                         clknet_0_CLK (net)
                  0.05    0.00    0.12 ^ clkbuf_2_1__f_CLK/A (sky130_fd_sc_hd__clkbuf_16)
    18    0.05    0.07    0.15    0.27 ^ clkbuf_2_1__f_CLK/X (sky130_fd_sc_hd__clkbuf_16)
                                         clknet_2_1__leaf_CLK (net)
                  0.07    0.00    0.27 ^ _212_/CLK (sky130_fd_sc_hd__dfxtp_1)
     3    0.01    0.05    0.32    0.59 v _212_/Q (sky130_fd_sc_hd__dfxtp_1)
                                         x4.A (net)
                  0.05    0.00    0.59 v _090_/B (sky130_fd_sc_hd__and2_1)
     2    0.00    0.04    0.16    0.75 v _090_/X (sky130_fd_sc_hd__and2_1)
                                         _041_ (net)
                  0.04    0.00    0.75 v _092_/A (sky130_fd_sc_hd__or2_1)
     2    0.01    0.07    0.25    1.00 v _092_/X (sky130_fd_sc_hd__or2_1)
                                         _043_ (net)
                  0.07    0.00    1.00 v _096_/A (sky130_fd_sc_hd__or2_2)
     4    0.02    0.09    0.36    1.35 v _096_/X (sky130_fd_sc_hd__or2_2)
                                         _047_ (net)
                  0.09    0.00    1.36 v _164_/A (sky130_fd_sc_hd__nor2_1)
     1    0.00    0.08    0.12    1.47 ^ _164_/Y (sky130_fd_sc_hd__nor2_1)
                                         _020_ (net)
                  0.08    0.00    1.47 ^ _165_/B1 (sky130_fd_sc_hd__a22o_1)
     1    0.01    0.07    0.15    1.62 ^ _165_/X (sky130_fd_sc_hd__a22o_1)
                                         _021_ (net)
                  0.07    0.00    1.62 ^ _167_/A (sky130_fd_sc_hd__xnor2_1)
     1    0.01    0.16    0.13    1.75 ^ _167_/Y (sky130_fd_sc_hd__xnor2_1)
                                         x73.Si (net)
                  0.16    0.00    1.75 ^ _198_/D (sky130_fd_sc_hd__dfxtp_1)
                                  1.75   data arrival time

                          4.75    4.75   clock core_clock (rise edge)
                          0.00    4.75   clock source latency
     1    0.01    0.00    0.00    4.75 ^ CLK (in)
                                         CLK (net)
                  0.00    0.00    4.75 ^ clkbuf_0_CLK/A (sky130_fd_sc_hd__clkbuf_16)
     4    0.03    0.05    0.12    4.87 ^ clkbuf_0_CLK/X (sky130_fd_sc_hd__clkbuf_16)
                                         clknet_0_CLK (net)
                  0.05    0.00    4.87 ^ clkbuf_2_0__f_CLK/A (sky130_fd_sc_hd__clkbuf_16)
    13    0.04    0.06    0.15    5.02 ^ clkbuf_2_0__f_CLK/X (sky130_fd_sc_hd__clkbuf_16)
                                         clknet_2_0__leaf_CLK (net)
                  0.06    0.00    5.02 ^ _198_/CLK (sky130_fd_sc_hd__dfxtp_1)
                          0.00    5.02   clock reconvergence pessimism
                         -0.08    4.94   library setup time
                                  4.94   data required time
-----------------------------------------------------------------------------
                                  4.94   data required time
                                 -1.75   data arrival time
-----------------------------------------------------------------------------
                                  3.19   slack (MET)


Startpoint: _224_ (rising edge-triggered flip-flop clocked by core_clock)
Endpoint: _195_ (rising edge-triggered flip-flop clocked by core_clock)
Path Group: core_clock
Path Type: max

Fanout     Cap    Slew   Delay    Time   Description
-----------------------------------------------------------------------------
                          0.00    0.00   clock core_clock (rise edge)
                          0.00    0.00   clock source latency
     1    0.01    0.00    0.00    0.00 ^ CLK (in)
                                         CLK (net)
                  0.00    0.00    0.00 ^ clkbuf_0_CLK/A (sky130_fd_sc_hd__clkbuf_16)
     4    0.03    0.05    0.12    0.12 ^ clkbuf_0_CLK/X (sky130_fd_sc_hd__clkbuf_16)
                                         clknet_0_CLK (net)
                  0.05    0.00    0.12 ^ clkbuf_2_0__f_CLK/A (sky130_fd_sc_hd__clkbuf_16)
    13    0.04    0.06    0.15    0.27 ^ clkbuf_2_0__f_CLK/X (sky130_fd_sc_hd__clkbuf_16)
                                         clknet_2_0__leaf_CLK (net)
                  0.06    0.00    0.27 ^ _224_/CLK (sky130_fd_sc_hd__dfxtp_1)
     3    0.01    0.05    0.32    0.59 v _224_/Q (sky130_fd_sc_hd__dfxtp_1)
                                         x8.B (net)
                  0.05    0.00    0.59 v _099_/A (sky130_fd_sc_hd__or2_1)
     3    0.01    0.07    0.25    0.84 v _099_/X (sky130_fd_sc_hd__or2_1)
                                         _050_ (net)
                  0.07    0.00    0.84 v _100_/D (sky130_fd_sc_hd__and4_1)
     2    0.01    0.07    0.25    1.09 v _100_/X (sky130_fd_sc_hd__and4_1)
                                         _051_ (net)
                  0.07    0.00    1.09 v _108_/A1 (sky130_fd_sc_hd__o31ai_4)
     5    0.03    0.36    0.40    1.49 ^ _108_/Y (sky130_fd_sc_hd__o31ai_4)
                                         _059_ (net)
                  0.36    0.00    1.49 ^ _173_/B (sky130_fd_sc_hd__xor2_1)
     1    0.00    0.12    0.18    1.66 ^ _173_/X (sky130_fd_sc_hd__xor2_1)
                                         x76.Si (net)
                  0.12    0.00    1.67 ^ _195_/D (sky130_fd_sc_hd__dfxtp_1)
                                  1.67   data arrival time

                          4.75    4.75   clock core_clock (rise edge)
                          0.00    4.75   clock source latency
     1    0.01    0.00    0.00    4.75 ^ CLK (in)
                                         CLK (net)
                  0.00    0.00    4.75 ^ clkbuf_0_CLK/A (sky130_fd_sc_hd__clkbuf_16)
     4    0.03    0.05    0.12    4.87 ^ clkbuf_0_CLK/X (sky130_fd_sc_hd__clkbuf_16)
                                         clknet_0_CLK (net)
                  0.05    0.00    4.87 ^ clkbuf_2_2__f_CLK/A (sky130_fd_sc_hd__clkbuf_16)
    12    0.04    0.06    0.14    5.01 ^ clkbuf_2_2__f_CLK/X (sky130_fd_sc_hd__clkbuf_16)
                                         clknet_2_2__leaf_CLK (net)
                  0.06    0.00    5.02 ^ _195_/CLK (sky130_fd_sc_hd__dfxtp_1)
                          0.00    5.02   clock reconvergence pessimism
                         -0.07    4.95   library setup time
                                  4.95   data required time
-----------------------------------------------------------------------------
                                  4.95   data required time
                                 -1.67   data arrival time
-----------------------------------------------------------------------------
                                  3.28   slack (MET)


Startpoint: _224_ (rising edge-triggered flip-flop clocked by core_clock)
Endpoint: _194_ (rising edge-triggered flip-flop clocked by core_clock)
Path Group: core_clock
Path Type: max

Fanout     Cap    Slew   Delay    Time   Description
-----------------------------------------------------------------------------
                          0.00    0.00   clock core_clock (rise edge)
                          0.00    0.00   clock source latency
     1    0.01    0.00    0.00    0.00 ^ CLK (in)
                                         CLK (net)
                  0.00    0.00    0.00 ^ clkbuf_0_CLK/A (sky130_fd_sc_hd__clkbuf_16)
     4    0.03    0.05    0.12    0.12 ^ clkbuf_0_CLK/X (sky130_fd_sc_hd__clkbuf_16)
                                         clknet_0_CLK (net)
                  0.05    0.00    0.12 ^ clkbuf_2_0__f_CLK/A (sky130_fd_sc_hd__clkbuf_16)
    13    0.04    0.06    0.15    0.27 ^ clkbuf_2_0__f_CLK/X (sky130_fd_sc_hd__clkbuf_16)
                                         clknet_2_0__leaf_CLK (net)
                  0.06    0.00    0.27 ^ _224_/CLK (sky130_fd_sc_hd__dfxtp_1)
     3    0.01    0.05    0.32    0.59 v _224_/Q (sky130_fd_sc_hd__dfxtp_1)
                                         x8.B (net)
                  0.05    0.00    0.59 v _099_/A (sky130_fd_sc_hd__or2_1)
     3    0.01    0.07    0.25    0.84 v _099_/X (sky130_fd_sc_hd__or2_1)
                                         _050_ (net)
                  0.07    0.00    0.84 v _100_/D (sky130_fd_sc_hd__and4_1)
     2    0.01    0.07    0.25    1.09 v _100_/X (sky130_fd_sc_hd__and4_1)
                                         _051_ (net)
                  0.07    0.00    1.09 v _177_/A (sky130_fd_sc_hd__nor2_1)
     2    0.01    0.18    0.19    1.28 ^ _177_/Y (sky130_fd_sc_hd__nor2_1)
                                         _029_ (net)
                  0.18    0.00    1.28 ^ _178_/A2 (sky130_fd_sc_hd__o21bai_1)
     1    0.01    0.07    0.10    1.38 v _178_/Y (sky130_fd_sc_hd__o21bai_1)
                                         _030_ (net)
                  0.07    0.00    1.38 v _179_/B (sky130_fd_sc_hd__xnor2_1)
     1    0.00    0.05    0.13    1.51 v _179_/Y (sky130_fd_sc_hd__xnor2_1)
                                         x77.Si (net)
                  0.05    0.00    1.51 v _194_/D (sky130_fd_sc_hd__dfxtp_1)
                                  1.51   data arrival time

                          4.75    4.75   clock core_clock (rise edge)
                          0.00    4.75   clock source latency
     1    0.01    0.00    0.00    4.75 ^ CLK (in)
                                         CLK (net)
                  0.00    0.00    4.75 ^ clkbuf_0_CLK/A (sky130_fd_sc_hd__clkbuf_16)
     4    0.03    0.05    0.12    4.87 ^ clkbuf_0_CLK/X (sky130_fd_sc_hd__clkbuf_16)
                                         clknet_0_CLK (net)
                  0.05    0.00    4.87 ^ clkbuf_2_2__f_CLK/A (sky130_fd_sc_hd__clkbuf_16)
    12    0.04    0.06    0.14    5.01 ^ clkbuf_2_2__f_CLK/X (sky130_fd_sc_hd__clkbuf_16)
                                         clknet_2_2__leaf_CLK (net)
                  0.06    0.00    5.02 ^ _194_/CLK (sky130_fd_sc_hd__dfxtp_1)
                          0.00    5.02   clock reconvergence pessimism
                         -0.11    4.91   library setup time
                                  4.91   data required time
-----------------------------------------------------------------------------
                                  4.91   data required time
                                 -1.51   data arrival time
-----------------------------------------------------------------------------
                                  3.40   slack (MET)


Startpoint: _224_ (rising edge-triggered flip-flop clocked by core_clock)
Endpoint: _193_ (rising edge-triggered flip-flop clocked by core_clock)
Path Group: core_clock
Path Type: max

Fanout     Cap    Slew   Delay    Time   Description
-----------------------------------------------------------------------------
                          0.00    0.00   clock core_clock (rise edge)
                          0.00    0.00   clock source latency
     1    0.01    0.00    0.00    0.00 ^ CLK (in)
                                         CLK (net)
                  0.00    0.00    0.00 ^ clkbuf_0_CLK/A (sky130_fd_sc_hd__clkbuf_16)
     4    0.03    0.05    0.12    0.12 ^ clkbuf_0_CLK/X (sky130_fd_sc_hd__clkbuf_16)
                                         clknet_0_CLK (net)
                  0.05    0.00    0.12 ^ clkbuf_2_0__f_CLK/A (sky130_fd_sc_hd__clkbuf_16)
    13    0.04    0.06    0.15    0.27 ^ clkbuf_2_0__f_CLK/X (sky130_fd_sc_hd__clkbuf_16)
                                         clknet_2_0__leaf_CLK (net)
                  0.06    0.00    0.27 ^ _224_/CLK (sky130_fd_sc_hd__dfxtp_1)
     3    0.01    0.05    0.32    0.59 v _224_/Q (sky130_fd_sc_hd__dfxtp_1)
                                         x8.B (net)
                  0.05    0.00    0.59 v _099_/A (sky130_fd_sc_hd__or2_1)
     3    0.01    0.07    0.25    0.84 v _099_/X (sky130_fd_sc_hd__or2_1)
                                         _050_ (net)
                  0.07    0.00    0.84 v _100_/D (sky130_fd_sc_hd__and4_1)
     2    0.01    0.07    0.25    1.09 v _100_/X (sky130_fd_sc_hd__and4_1)
                                         _051_ (net)
                  0.07    0.00    1.09 v _177_/A (sky130_fd_sc_hd__nor2_1)
     2    0.01    0.18    0.19    1.28 ^ _177_/Y (sky130_fd_sc_hd__nor2_1)
                                         _029_ (net)
                  0.18    0.00    1.28 ^ _181_/B (sky130_fd_sc_hd__xnor2_1)
     1    0.00    0.13    0.14    1.42 ^ _181_/Y (sky130_fd_sc_hd__xnor2_1)
                                         x78.Si (net)
                  0.13    0.00    1.42 ^ _193_/D (sky130_fd_sc_hd__dfxtp_1)
                                  1.42   data arrival time

                          4.75    4.75   clock core_clock (rise edge)
                          0.00    4.75   clock source latency
     1    0.01    0.00    0.00    4.75 ^ CLK (in)
                                         CLK (net)
                  0.00    0.00    4.75 ^ clkbuf_0_CLK/A (sky130_fd_sc_hd__clkbuf_16)
     4    0.03    0.05    0.12    4.87 ^ clkbuf_0_CLK/X (sky130_fd_sc_hd__clkbuf_16)
                                         clknet_0_CLK (net)
                  0.05    0.00    4.87 ^ clkbuf_2_2__f_CLK/A (sky130_fd_sc_hd__clkbuf_16)
    12    0.04    0.06    0.14    5.01 ^ clkbuf_2_2__f_CLK/X (sky130_fd_sc_hd__clkbuf_16)
                                         clknet_2_2__leaf_CLK (net)
                  0.06    0.00    5.02 ^ _193_/CLK (sky130_fd_sc_hd__dfxtp_1)
                          0.00    5.02   clock reconvergence pessimism
                         -0.07    4.95   library setup time
                                  4.95   data required time
-----------------------------------------------------------------------------
                                  4.95   data required time
                                 -1.42   data arrival time
-----------------------------------------------------------------------------
                                  3.53   slack (MET)


Startpoint: _224_ (rising edge-triggered flip-flop clocked by core_clock)
Endpoint: _191_ (rising edge-triggered flip-flop clocked by core_clock)
Path Group: core_clock
Path Type: max

Fanout     Cap    Slew   Delay    Time   Description
-----------------------------------------------------------------------------
                          0.00    0.00   clock core_clock (rise edge)
                          0.00    0.00   clock source latency
     1    0.01    0.00    0.00    0.00 ^ CLK (in)
                                         CLK (net)
                  0.00    0.00    0.00 ^ clkbuf_0_CLK/A (sky130_fd_sc_hd__clkbuf_16)
     4    0.03    0.05    0.12    0.12 ^ clkbuf_0_CLK/X (sky130_fd_sc_hd__clkbuf_16)
                                         clknet_0_CLK (net)
                  0.05    0.00    0.12 ^ clkbuf_2_0__f_CLK/A (sky130_fd_sc_hd__clkbuf_16)
    13    0.04    0.06    0.15    0.27 ^ clkbuf_2_0__f_CLK/X (sky130_fd_sc_hd__clkbuf_16)
                                         clknet_2_0__leaf_CLK (net)
                  0.06    0.00    0.27 ^ _224_/CLK (sky130_fd_sc_hd__dfxtp_1)
     3    0.01    0.05    0.32    0.59 v _224_/Q (sky130_fd_sc_hd__dfxtp_1)
                                         x8.B (net)
                  0.05    0.00    0.59 v _099_/A (sky130_fd_sc_hd__or2_1)
     3    0.01    0.07    0.25    0.84 v _099_/X (sky130_fd_sc_hd__or2_1)
                                         _050_ (net)
                  0.07    0.00    0.84 v _185_/A2 (sky130_fd_sc_hd__a21o_1)
     1    0.00    0.04    0.18    1.03 v _185_/X (sky130_fd_sc_hd__a21o_1)
                                         _034_ (net)
                  0.04    0.00    1.03 v _186_/B (sky130_fd_sc_hd__and2_1)
     1    0.00    0.04    0.15    1.18 v _186_/X (sky130_fd_sc_hd__and2_1)
                                         _035_ (net)
                  0.04    0.00    1.18 v _187_/A (sky130_fd_sc_hd__clkbuf_1)
     1    0.00    0.03    0.09    1.27 v _187_/X (sky130_fd_sc_hd__clkbuf_1)
                                         x80.Si (net)
                  0.03    0.00    1.27 v _191_/D (sky130_fd_sc_hd__dfxtp_1)
                                  1.27   data arrival time

                          4.75    4.75   clock core_clock (rise edge)
                          0.00    4.75   clock source latency
     1    0.01    0.00    0.00    4.75 ^ CLK (in)
                                         CLK (net)
                  0.00    0.00    4.75 ^ clkbuf_0_CLK/A (sky130_fd_sc_hd__clkbuf_16)
     4    0.03    0.05    0.12    4.87 ^ clkbuf_0_CLK/X (sky130_fd_sc_hd__clkbuf_16)
                                         clknet_0_CLK (net)
                  0.05    0.00    4.87 ^ clkbuf_2_0__f_CLK/A (sky130_fd_sc_hd__clkbuf_16)
    13    0.04    0.06    0.15    5.02 ^ clkbuf_2_0__f_CLK/X (sky130_fd_sc_hd__clkbuf_16)
                                         clknet_2_0__leaf_CLK (net)
                  0.06    0.00    5.02 ^ _191_/CLK (sky130_fd_sc_hd__dfxtp_1)
                          0.00    5.02   clock reconvergence pessimism
                         -0.10    4.92   library setup time
                                  4.92   data required time
-----------------------------------------------------------------------------
                                  4.92   data required time
                                 -1.27   data arrival time
-----------------------------------------------------------------------------
                                  3.65   slack (MET)


Startpoint: _224_ (rising edge-triggered flip-flop clocked by core_clock)
Endpoint: _192_ (rising edge-triggered flip-flop clocked by core_clock)
Path Group: core_clock
Path Type: max

Fanout     Cap    Slew   Delay    Time   Description
-----------------------------------------------------------------------------
                          0.00    0.00   clock core_clock (rise edge)
                          0.00    0.00   clock source latency
     1    0.01    0.00    0.00    0.00 ^ CLK (in)
                                         CLK (net)
                  0.00    0.00    0.00 ^ clkbuf_0_CLK/A (sky130_fd_sc_hd__clkbuf_16)
     4    0.03    0.05    0.12    0.12 ^ clkbuf_0_CLK/X (sky130_fd_sc_hd__clkbuf_16)
                                         clknet_0_CLK (net)
                  0.05    0.00    0.12 ^ clkbuf_2_0__f_CLK/A (sky130_fd_sc_hd__clkbuf_16)
    13    0.04    0.06    0.15    0.27 ^ clkbuf_2_0__f_CLK/X (sky130_fd_sc_hd__clkbuf_16)
                                         clknet_2_0__leaf_CLK (net)
                  0.06    0.00    0.27 ^ _224_/CLK (sky130_fd_sc_hd__dfxtp_1)
     3    0.01    0.05    0.32    0.59 v _224_/Q (sky130_fd_sc_hd__dfxtp_1)
                                         x8.B (net)
                  0.05    0.00    0.59 v _099_/A (sky130_fd_sc_hd__or2_1)
     3    0.01    0.07    0.25    0.84 v _099_/X (sky130_fd_sc_hd__or2_1)
                                         _050_ (net)
                  0.07    0.00    0.84 v _182_/C (sky130_fd_sc_hd__nand3_1)
     2    0.00    0.08    0.10    0.94 ^ _182_/Y (sky130_fd_sc_hd__nand3_1)
                                         _032_ (net)
                  0.08    0.00    0.94 ^ _183_/B (sky130_fd_sc_hd__nand2_1)
     1    0.00    0.05    0.07    1.01 v _183_/Y (sky130_fd_sc_hd__nand2_1)
                                         _033_ (net)
                  0.05    0.00    1.01 v _184_/B (sky130_fd_sc_hd__xor2_1)
     1    0.00    0.05    0.13    1.14 v _184_/X (sky130_fd_sc_hd__xor2_1)
                                         x79.Si (net)
                  0.05    0.00    1.14 v _192_/D (sky130_fd_sc_hd__dfxtp_1)
                                  1.14   data arrival time

                          4.75    4.75   clock core_clock (rise edge)
                          0.00    4.75   clock source latency
     1    0.01    0.00    0.00    4.75 ^ CLK (in)
                                         CLK (net)
                  0.00    0.00    4.75 ^ clkbuf_0_CLK/A (sky130_fd_sc_hd__clkbuf_16)
     4    0.03    0.05    0.12    4.87 ^ clkbuf_0_CLK/X (sky130_fd_sc_hd__clkbuf_16)
                                         clknet_0_CLK (net)
                  0.05    0.00    4.87 ^ clkbuf_2_0__f_CLK/A (sky130_fd_sc_hd__clkbuf_16)
    13    0.04    0.06    0.15    5.02 ^ clkbuf_2_0__f_CLK/X (sky130_fd_sc_hd__clkbuf_16)
                                         clknet_2_0__leaf_CLK (net)
                  0.06    0.00    5.02 ^ _192_/CLK (sky130_fd_sc_hd__dfxtp_1)
                          0.00    5.02   clock reconvergence pessimism
                         -0.11    4.91   library setup time
                                  4.91   data required time
-----------------------------------------------------------------------------
                                  4.91   data required time
                                 -1.14   data arrival time
-----------------------------------------------------------------------------
                                  3.77   slack (MET)



worst slack corner Typical: 2.4310
