
===========================================================================
report_checks -path_delay max (Setup)
============================================================================
======================= Typical Corner ===================================

Startpoint: _212_ (rising edge-triggered flip-flop clocked by core_clock)
Endpoint: _205_ (rising edge-triggered flip-flop clocked by core_clock)
Path Group: core_clock
Path Type: max

Fanout     Cap    Slew   Delay    Time   Description
-----------------------------------------------------------------------------
                          0.00    0.00   clock core_clock (rise edge)
                          0.00    0.00   clock source latency
     1    0.01    0.00    0.00    0.00 ^ CLK (in)
                                         CLK (net)
                  0.00    0.00    0.00 ^ clkbuf_0_CLK/A (sky130_fd_sc_hd__clkbuf_16)
     4    0.03    0.05    0.12    0.12 ^ clkbuf_0_CLK/X (sky130_fd_sc_hd__clkbuf_16)
                                         clknet_0_CLK (net)
                  0.05    0.00    0.12 ^ clkbuf_2_1__f_CLK/A (sky130_fd_sc_hd__clkbuf_16)
    18    0.03    0.06    0.14    0.26 ^ clkbuf_2_1__f_CLK/X (sky130_fd_sc_hd__clkbuf_16)
                                         clknet_2_1__leaf_CLK (net)
                  0.06    0.00    0.26 ^ _212_/CLK (sky130_fd_sc_hd__dfxtp_1)
     3    0.01    0.04    0.31    0.57 v _212_/Q (sky130_fd_sc_hd__dfxtp_1)
                                         x4.A (net)
                  0.04    0.00    0.57 v _090_/B (sky130_fd_sc_hd__and2_1)
     2    0.00    0.04    0.15    0.72 v _090_/X (sky130_fd_sc_hd__and2_1)
                                         _041_ (net)
                  0.04    0.00    0.72 v _092_/A (sky130_fd_sc_hd__or2_1)
     2    0.01    0.06    0.24    0.95 v _092_/X (sky130_fd_sc_hd__or2_1)
                                         _043_ (net)
                  0.06    0.00    0.95 v _096_/A (sky130_fd_sc_hd__or2_2)
     4    0.01    0.09    0.34    1.30 v _096_/X (sky130_fd_sc_hd__or2_2)
                                         _047_ (net)
                  0.09    0.00    1.30 v _118_/A1 (sky130_fd_sc_hd__o41ai_4)
     4    0.01    0.30    0.40    1.70 ^ _118_/Y (sky130_fd_sc_hd__o41ai_4)
                                         _069_ (net)
                  0.30    0.00    1.70 ^ _130_/A (sky130_fd_sc_hd__and4_1)
     2    0.00    0.07    0.24    1.94 ^ _130_/X (sky130_fd_sc_hd__and4_1)
                                         _081_ (net)
                  0.07    0.00    1.94 ^ _141_/A1 (sky130_fd_sc_hd__o21ai_1)
     3    0.01    0.07    0.09    2.03 v _141_/Y (sky130_fd_sc_hd__o21ai_1)
                                         _005_ (net)
                  0.07    0.00    2.03 v _148_/B1_N (sky130_fd_sc_hd__a21bo_1)
     1    0.00    0.05    0.19    2.22 ^ _148_/X (sky130_fd_sc_hd__a21bo_1)
                                         _011_ (net)
                  0.05    0.00    2.22 ^ _150_/A (sky130_fd_sc_hd__xnor2_1)
     1    0.00    0.04    0.06    2.28 v _150_/Y (sky130_fd_sc_hd__xnor2_1)
                                         x66.Si (net)
                  0.04    0.00    2.28 v _205_/D (sky130_fd_sc_hd__dfxtp_1)
                                  2.28   data arrival time

                          4.75    4.75   clock core_clock (rise edge)
                          0.00    4.75   clock source latency
     1    0.01    0.00    0.00    4.75 ^ CLK (in)
                                         CLK (net)
                  0.00    0.00    4.75 ^ clkbuf_0_CLK/A (sky130_fd_sc_hd__clkbuf_16)
     4    0.03    0.05    0.12    4.87 ^ clkbuf_0_CLK/X (sky130_fd_sc_hd__clkbuf_16)
                                         clknet_0_CLK (net)
                  0.05    0.00    4.87 ^ clkbuf_2_3__f_CLK/A (sky130_fd_sc_hd__clkbuf_16)
    10    0.03    0.05    0.14    5.01 ^ clkbuf_2_3__f_CLK/X (sky130_fd_sc_hd__clkbuf_16)
                                         clknet_2_3__leaf_CLK (net)
                  0.05    0.00    5.01 ^ _205_/CLK (sky130_fd_sc_hd__dfxtp_1)
                          0.00    5.01   clock reconvergence pessimism
                         -0.11    4.90   library setup time
                                  4.90   data required time
-----------------------------------------------------------------------------
                                  4.90   data required time
                                 -2.28   data arrival time
-----------------------------------------------------------------------------
                                  2.62   slack (MET)


Startpoint: _212_ (rising edge-triggered flip-flop clocked by core_clock)
Endpoint: _206_ (rising edge-triggered flip-flop clocked by core_clock)
Path Group: core_clock
Path Type: max

Fanout     Cap    Slew   Delay    Time   Description
-----------------------------------------------------------------------------
                          0.00    0.00   clock core_clock (rise edge)
                          0.00    0.00   clock source latency
     1    0.01    0.00    0.00    0.00 ^ CLK (in)
                                         CLK (net)
                  0.00    0.00    0.00 ^ clkbuf_0_CLK/A (sky130_fd_sc_hd__clkbuf_16)
     4    0.03    0.05    0.12    0.12 ^ clkbuf_0_CLK/X (sky130_fd_sc_hd__clkbuf_16)
                                         clknet_0_CLK (net)
                  0.05    0.00    0.12 ^ clkbuf_2_1__f_CLK/A (sky130_fd_sc_hd__clkbuf_16)
    18    0.03    0.06    0.14    0.26 ^ clkbuf_2_1__f_CLK/X (sky130_fd_sc_hd__clkbuf_16)
                                         clknet_2_1__leaf_CLK (net)
                  0.06    0.00    0.26 ^ _212_/CLK (sky130_fd_sc_hd__dfxtp_1)
     3    0.01    0.04    0.31    0.57 v _212_/Q (sky130_fd_sc_hd__dfxtp_1)
                                         x4.A (net)
                  0.04    0.00    0.57 v _090_/B (sky130_fd_sc_hd__and2_1)
     2    0.00    0.04    0.15    0.72 v _090_/X (sky130_fd_sc_hd__and2_1)
                                         _041_ (net)
                  0.04    0.00    0.72 v _092_/A (sky130_fd_sc_hd__or2_1)
     2    0.01    0.06    0.24    0.95 v _092_/X (sky130_fd_sc_hd__or2_1)
                                         _043_ (net)
                  0.06    0.00    0.95 v _096_/A (sky130_fd_sc_hd__or2_2)
     4    0.01    0.09    0.34    1.30 v _096_/X (sky130_fd_sc_hd__or2_2)
                                         _047_ (net)
                  0.09    0.00    1.30 v _118_/A1 (sky130_fd_sc_hd__o41ai_4)
     4    0.01    0.30    0.40    1.70 ^ _118_/Y (sky130_fd_sc_hd__o41ai_4)
                                         _069_ (net)
                  0.30    0.00    1.70 ^ _130_/A (sky130_fd_sc_hd__and4_1)
     2    0.00    0.07    0.24    1.94 ^ _130_/X (sky130_fd_sc_hd__and4_1)
                                         _081_ (net)
                  0.07    0.00    1.94 ^ _141_/A1 (sky130_fd_sc_hd__o21ai_1)
     3    0.01    0.07    0.09    2.03 v _141_/Y (sky130_fd_sc_hd__o21ai_1)
                                         _005_ (net)
                  0.07    0.00    2.03 v _146_/A1 (sky130_fd_sc_hd__a21oi_1)
     1    0.00    0.14    0.15    2.19 ^ _146_/Y (sky130_fd_sc_hd__a21oi_1)
                                         _010_ (net)
                  0.14    0.00    2.19 ^ _147_/B (sky130_fd_sc_hd__xnor2_1)
     1    0.00    0.10    0.12    2.31 ^ _147_/Y (sky130_fd_sc_hd__xnor2_1)
                                         x65.Si (net)
                  0.10    0.00    2.31 ^ _206_/D (sky130_fd_sc_hd__dfxtp_1)
                                  2.31   data arrival time

                          4.75    4.75   clock core_clock (rise edge)
                          0.00    4.75   clock source latency
     1    0.01    0.00    0.00    4.75 ^ CLK (in)
                                         CLK (net)
                  0.00    0.00    4.75 ^ clkbuf_0_CLK/A (sky130_fd_sc_hd__clkbuf_16)
     4    0.03    0.05    0.12    4.87 ^ clkbuf_0_CLK/X (sky130_fd_sc_hd__clkbuf_16)
                                         clknet_0_CLK (net)
                  0.05    0.00    4.87 ^ clkbuf_2_1__f_CLK/A (sky130_fd_sc_hd__clkbuf_16)
    18    0.03    0.06    0.14    5.01 ^ clkbuf_2_1__f_CLK/X (sky130_fd_sc_hd__clkbuf_16)
                                         clknet_2_1__leaf_CLK (net)
                  0.06    0.00    5.01 ^ _206_/CLK (sky130_fd_sc_hd__dfxtp_1)
                          0.00    5.01   clock reconvergence pessimism
                         -0.06    4.95   library setup time
                                  4.95   data required time
-----------------------------------------------------------------------------
                                  4.95   data required time
                                 -2.31   data arrival time
-----------------------------------------------------------------------------
                                  2.64   slack (MET)


Startpoint: _224_ (rising edge-triggered flip-flop clocked by core_clock)
Endpoint: _204_ (rising edge-triggered flip-flop clocked by core_clock)
Path Group: core_clock
Path Type: max

Fanout     Cap    Slew   Delay    Time   Description
-----------------------------------------------------------------------------
                          0.00    0.00   clock core_clock (rise edge)
                          0.00    0.00   clock source latency
     1    0.01    0.00    0.00    0.00 ^ CLK (in)
                                         CLK (net)
                  0.00    0.00    0.00 ^ clkbuf_0_CLK/A (sky130_fd_sc_hd__clkbuf_16)
     4    0.03    0.05    0.12    0.12 ^ clkbuf_0_CLK/X (sky130_fd_sc_hd__clkbuf_16)
                                         clknet_0_CLK (net)
                  0.05    0.00    0.12 ^ clkbuf_2_0__f_CLK/A (sky130_fd_sc_hd__clkbuf_16)
    13    0.03    0.06    0.14    0.26 ^ clkbuf_2_0__f_CLK/X (sky130_fd_sc_hd__clkbuf_16)
                                         clknet_2_0__leaf_CLK (net)
                  0.06    0.00    0.26 ^ _224_/CLK (sky130_fd_sc_hd__dfxtp_1)
     3    0.01    0.04    0.31    0.57 v _224_/Q (sky130_fd_sc_hd__dfxtp_1)
                                         x8.B (net)
                  0.04    0.00    0.57 v _099_/A (sky130_fd_sc_hd__or2_1)
     3    0.01    0.06    0.24    0.81 v _099_/X (sky130_fd_sc_hd__or2_1)
                                         _050_ (net)
                  0.06    0.00    0.81 v _100_/D (sky130_fd_sc_hd__and4_1)
     2    0.01    0.07    0.24    1.05 v _100_/X (sky130_fd_sc_hd__and4_1)
                                         _051_ (net)
                  0.07    0.00    1.05 v _108_/A1 (sky130_fd_sc_hd__o31ai_4)
     5    0.02    0.32    0.36    1.40 ^ _108_/Y (sky130_fd_sc_hd__o31ai_4)
                                         _059_ (net)
                  0.32    0.00    1.40 ^ _118_/A2 (sky130_fd_sc_hd__o41ai_4)
     4    0.01    0.09    0.14    1.54 v _118_/Y (sky130_fd_sc_hd__o41ai_4)
                                         _069_ (net)
                  0.09    0.00    1.54 v _130_/A (sky130_fd_sc_hd__and4_1)
     2    0.00    0.04    0.17    1.71 v _130_/X (sky130_fd_sc_hd__and4_1)
                                         _081_ (net)
                  0.04    0.00    1.71 v _151_/A (sky130_fd_sc_hd__or2_1)
     2    0.01    0.07    0.24    1.96 v _151_/X (sky130_fd_sc_hd__or2_1)
                                         _013_ (net)
                  0.07    0.00    1.96 v _152_/A1 (sky130_fd_sc_hd__a21bo_1)
     1    0.00    0.04    0.18    2.14 v _152_/X (sky130_fd_sc_hd__a21bo_1)
                                         _014_ (net)
                  0.04    0.00    2.14 v _153_/B (sky130_fd_sc_hd__xnor2_1)
     1    0.00    0.04    0.11    2.25 v _153_/Y (sky130_fd_sc_hd__xnor2_1)
                                         x67.Si (net)
                  0.04    0.00    2.25 v _204_/D (sky130_fd_sc_hd__dfxtp_1)
                                  2.25   data arrival time

                          4.75    4.75   clock core_clock (rise edge)
                          0.00    4.75   clock source latency
     1    0.01    0.00    0.00    4.75 ^ CLK (in)
                                         CLK (net)
                  0.00    0.00    4.75 ^ clkbuf_0_CLK/A (sky130_fd_sc_hd__clkbuf_16)
     4    0.03    0.05    0.12    4.87 ^ clkbuf_0_CLK/X (sky130_fd_sc_hd__clkbuf_16)
                                         clknet_0_CLK (net)
                  0.05    0.00    4.87 ^ clkbuf_2_1__f_CLK/A (sky130_fd_sc_hd__clkbuf_16)
    18    0.03    0.06    0.14    5.01 ^ clkbuf_2_1__f_CLK/X (sky130_fd_sc_hd__clkbuf_16)
                                         clknet_2_1__leaf_CLK (net)
                  0.06    0.00    5.01 ^ _204_/CLK (sky130_fd_sc_hd__dfxtp_1)
                          0.00    5.01   clock reconvergence pessimism
                         -0.10    4.91   library setup time
                                  4.91   data required time
-----------------------------------------------------------------------------
                                  4.91   data required time
                                 -2.25   data arrival time
-----------------------------------------------------------------------------
                                  2.66   slack (MET)


Startpoint: _212_ (rising edge-triggered flip-flop clocked by core_clock)
Endpoint: _207_ (rising edge-triggered flip-flop clocked by core_clock)
Path Group: core_clock
Path Type: max

Fanout     Cap    Slew   Delay    Time   Description
-----------------------------------------------------------------------------
                          0.00    0.00   clock core_clock (rise edge)
                          0.00    0.00   clock source latency
     1    0.01    0.00    0.00    0.00 ^ CLK (in)
                                         CLK (net)
                  0.00    0.00    0.00 ^ clkbuf_0_CLK/A (sky130_fd_sc_hd__clkbuf_16)
     4    0.03    0.05    0.12    0.12 ^ clkbuf_0_CLK/X (sky130_fd_sc_hd__clkbuf_16)
                                         clknet_0_CLK (net)
                  0.05    0.00    0.12 ^ clkbuf_2_1__f_CLK/A (sky130_fd_sc_hd__clkbuf_16)
    18    0.03    0.06    0.14    0.26 ^ clkbuf_2_1__f_CLK/X (sky130_fd_sc_hd__clkbuf_16)
                                         clknet_2_1__leaf_CLK (net)
                  0.06    0.00    0.26 ^ _212_/CLK (sky130_fd_sc_hd__dfxtp_1)
     3    0.01    0.04    0.31    0.57 v _212_/Q (sky130_fd_sc_hd__dfxtp_1)
                                         x4.A (net)
                  0.04    0.00    0.57 v _090_/B (sky130_fd_sc_hd__and2_1)
     2    0.00    0.04    0.15    0.72 v _090_/X (sky130_fd_sc_hd__and2_1)
                                         _041_ (net)
                  0.04    0.00    0.72 v _092_/A (sky130_fd_sc_hd__or2_1)
     2    0.01    0.06    0.24    0.95 v _092_/X (sky130_fd_sc_hd__or2_1)
                                         _043_ (net)
                  0.06    0.00    0.95 v _096_/A (sky130_fd_sc_hd__or2_2)
     4    0.01    0.09    0.34    1.30 v _096_/X (sky130_fd_sc_hd__or2_2)
                                         _047_ (net)
                  0.09    0.00    1.30 v _118_/A1 (sky130_fd_sc_hd__o41ai_4)
     4    0.01    0.30    0.40    1.70 ^ _118_/Y (sky130_fd_sc_hd__o41ai_4)
                                         _069_ (net)
                  0.30    0.00    1.70 ^ _130_/A (sky130_fd_sc_hd__and4_1)
     2    0.00    0.07    0.24    1.94 ^ _130_/X (sky130_fd_sc_hd__and4_1)
                                         _081_ (net)
                  0.07    0.00    1.94 ^ _141_/A1 (sky130_fd_sc_hd__o21ai_1)
     3    0.01    0.07    0.09    2.03 v _141_/Y (sky130_fd_sc_hd__o21ai_1)
                                         _005_ (net)
                  0.07    0.00    2.03 v _190_/A2 (sky130_fd_sc_hd__o31ai_1)
     1    0.00    0.16    0.20    2.23 ^ _190_/Y (sky130_fd_sc_hd__o31ai_1)
                                         x49.G (net)
                  0.16    0.00    2.23 ^ _207_/D (sky130_fd_sc_hd__dfxtp_1)
                                  2.23   data arrival time

                          4.75    4.75   clock core_clock (rise edge)
                          0.00    4.75   clock source latency
     1    0.01    0.00    0.00    4.75 ^ CLK (in)
                                         CLK (net)
                  0.00    0.00    4.75 ^ clkbuf_0_CLK/A (sky130_fd_sc_hd__clkbuf_16)
     4    0.03    0.05    0.12    4.87 ^ clkbuf_0_CLK/X (sky130_fd_sc_hd__clkbuf_16)
                                         clknet_0_CLK (net)
                  0.05    0.00    4.87 ^ clkbuf_2_1__f_CLK/A (sky130_fd_sc_hd__clkbuf_16)
    18    0.03    0.06    0.14    5.01 ^ clkbuf_2_1__f_CLK/X (sky130_fd_sc_hd__clkbuf_16)
                                         clknet_2_1__leaf_CLK (net)
                  0.06    0.00    5.01 ^ _207_/CLK (sky130_fd_sc_hd__dfxtp_1)
                          0.00    5.01   clock reconvergence pessimism
                         -0.08    4.93   library setup time
                                  4.93   data required time
-----------------------------------------------------------------------------
                                  4.93   data required time
                                 -2.23   data arrival time
-----------------------------------------------------------------------------
                                  2.70   slack (MET)


Startpoint: _212_ (rising edge-triggered flip-flop clocked by core_clock)
Endpoint: _203_ (rising edge-triggered flip-flop clocked by core_clock)
Path Group: core_clock
Path Type: max

Fanout     Cap    Slew   Delay    Time   Description
-----------------------------------------------------------------------------
                          0.00    0.00   clock core_clock (rise edge)
                          0.00    0.00   clock source latency
     1    0.01    0.00    0.00    0.00 ^ CLK (in)
                                         CLK (net)
                  0.00    0.00    0.00 ^ clkbuf_0_CLK/A (sky130_fd_sc_hd__clkbuf_16)
     4    0.03    0.05    0.12    0.12 ^ clkbuf_0_CLK/X (sky130_fd_sc_hd__clkbuf_16)
                                         clknet_0_CLK (net)
                  0.05    0.00    0.12 ^ clkbuf_2_1__f_CLK/A (sky130_fd_sc_hd__clkbuf_16)
    18    0.03    0.06    0.14    0.26 ^ clkbuf_2_1__f_CLK/X (sky130_fd_sc_hd__clkbuf_16)
                                         clknet_2_1__leaf_CLK (net)
                  0.06    0.00    0.26 ^ _212_/CLK (sky130_fd_sc_hd__dfxtp_1)
     3    0.01    0.04    0.31    0.57 v _212_/Q (sky130_fd_sc_hd__dfxtp_1)
                                         x4.A (net)
                  0.04    0.00    0.57 v _090_/B (sky130_fd_sc_hd__and2_1)
     2    0.00    0.04    0.15    0.72 v _090_/X (sky130_fd_sc_hd__and2_1)
                                         _041_ (net)
                  0.04    0.00    0.72 v _092_/A (sky130_fd_sc_hd__or2_1)
     2    0.01    0.06    0.24    0.95 v _092_/X (sky130_fd_sc_hd__or2_1)
                                         _043_ (net)
                  0.06    0.00    0.95 v _096_/A (sky130_fd_sc_hd__or2_2)
     4    0.01    0.09    0.34    1.30 v _096_/X (sky130_fd_sc_hd__or2_2)
                                         _047_ (net)
                  0.09    0.00    1.30 v _118_/A1 (sky130_fd_sc_hd__o41ai_4)
     4    0.01    0.30    0.40    1.70 ^ _118_/Y (sky130_fd_sc_hd__o41ai_4)
                                         _069_ (net)
                  0.30    0.00    1.70 ^ _130_/A (sky130_fd_sc_hd__and4_1)
     2    0.00    0.07    0.24    1.94 ^ _130_/X (sky130_fd_sc_hd__and4_1)
                                         _081_ (net)
                  0.07    0.00    1.94 ^ _151_/A (sky130_fd_sc_hd__or2_1)
     2    0.01    0.08    0.13    2.07 ^ _151_/X (sky130_fd_sc_hd__or2_1)
                                         _013_ (net)
                  0.08    0.00    2.07 ^ _154_/A (sky130_fd_sc_hd__xnor2_1)
     1    0.00    0.04    0.07    2.14 v _154_/Y (sky130_fd_sc_hd__xnor2_1)
                                         x68.Si (net)
                  0.04    0.00    2.14 v _203_/D (sky130_fd_sc_hd__dfxtp_1)
                                  2.14   data arrival time

                          4.75    4.75   clock core_clock (rise edge)
                          0.00    4.75   clock source latency
     1    0.01    0.00    0.00    4.75 ^ CLK (in)
                                         CLK (net)
                  0.00    0.00    4.75 ^ clkbuf_0_CLK/A (sky130_fd_sc_hd__clkbuf_16)
     4    0.03    0.05    0.12    4.87 ^ clkbuf_0_CLK/X (sky130_fd_sc_hd__clkbuf_16)
                                         clknet_0_CLK (net)
                  0.05    0.00    4.87 ^ clkbuf_2_1__f_CLK/A (sky130_fd_sc_hd__clkbuf_16)
    18    0.03    0.06    0.14    5.01 ^ clkbuf_2_1__f_CLK/X (sky130_fd_sc_hd__clkbuf_16)
                                         clknet_2_1__leaf_CLK (net)
                  0.06    0.00    5.01 ^ _203_/CLK (sky130_fd_sc_hd__dfxtp_1)
                          0.00    5.01   clock reconvergence pessimism
                         -0.11    4.91   library setup time
                                  4.91   data required time
-----------------------------------------------------------------------------
                                  4.91   data required time
                                 -2.14   data arrival time
-----------------------------------------------------------------------------
                                  2.77   slack (MET)


Startpoint: _212_ (rising edge-triggered flip-flop clocked by core_clock)
Endpoint: _202_ (rising edge-triggered flip-flop clocked by core_clock)
Path Group: core_clock
Path Type: max

Fanout     Cap    Slew   Delay    Time   Description
-----------------------------------------------------------------------------
                          0.00    0.00   clock core_clock (rise edge)
                          0.00    0.00   clock source latency
     1    0.01    0.00    0.00    0.00 ^ CLK (in)
                                         CLK (net)
                  0.00    0.00    0.00 ^ clkbuf_0_CLK/A (sky130_fd_sc_hd__clkbuf_16)
     4    0.03    0.05    0.12    0.12 ^ clkbuf_0_CLK/X (sky130_fd_sc_hd__clkbuf_16)
                                         clknet_0_CLK (net)
                  0.05    0.00    0.12 ^ clkbuf_2_1__f_CLK/A (sky130_fd_sc_hd__clkbuf_16)
    18    0.03    0.06    0.14    0.26 ^ clkbuf_2_1__f_CLK/X (sky130_fd_sc_hd__clkbuf_16)
                                         clknet_2_1__leaf_CLK (net)
                  0.06    0.00    0.26 ^ _212_/CLK (sky130_fd_sc_hd__dfxtp_1)
     3    0.01    0.04    0.31    0.57 v _212_/Q (sky130_fd_sc_hd__dfxtp_1)
                                         x4.A (net)
                  0.04    0.00    0.57 v _090_/B (sky130_fd_sc_hd__and2_1)
     2    0.00    0.04    0.15    0.72 v _090_/X (sky130_fd_sc_hd__and2_1)
                                         _041_ (net)
                  0.04    0.00    0.72 v _092_/A (sky130_fd_sc_hd__or2_1)
     2    0.01    0.06    0.24    0.95 v _092_/X (sky130_fd_sc_hd__or2_1)
                                         _043_ (net)
                  0.06    0.00    0.95 v _096_/A (sky130_fd_sc_hd__or2_2)
     4    0.01    0.09    0.34    1.30 v _096_/X (sky130_fd_sc_hd__or2_2)
                                         _047_ (net)
                  0.09    0.00    1.30 v _118_/A1 (sky130_fd_sc_hd__o41ai_4)
     4    0.01    0.30    0.40    1.70 ^ _118_/Y (sky130_fd_sc_hd__o41ai_4)
                                         _069_ (net)
                  0.30    0.00    1.70 ^ _155_/A (sky130_fd_sc_hd__and2_1)
     2    0.00    0.07    0.19    1.89 ^ _155_/X (sky130_fd_sc_hd__and2_1)
                                         _015_ (net)
                  0.07    0.00    1.89 ^ _156_/A1 (sky130_fd_sc_hd__o21a_1)
     1    0.00    0.06    0.13    2.02 ^ _156_/X (sky130_fd_sc_hd__o21a_1)
                                         _016_ (net)
                  0.06    0.00    2.02 ^ _157_/B (sky130_fd_sc_hd__xor2_1)
     1    0.00    0.09    0.12    2.15 ^ _157_/X (sky130_fd_sc_hd__xor2_1)
                                         x69.Si (net)
                  0.09    0.00    2.15 ^ _202_/D (sky130_fd_sc_hd__dfxtp_1)
                                  2.15   data arrival time

                          4.75    4.75   clock core_clock (rise edge)
                          0.00    4.75   clock source latency
     1    0.01    0.00    0.00    4.75 ^ CLK (in)
                                         CLK (net)
                  0.00    0.00    4.75 ^ clkbuf_0_CLK/A (sky130_fd_sc_hd__clkbuf_16)
     4    0.03    0.05    0.12    4.87 ^ clkbuf_0_CLK/X (sky130_fd_sc_hd__clkbuf_16)
                                         clknet_0_CLK (net)
                  0.05    0.00    4.87 ^ clkbuf_2_1__f_CLK/A (sky130_fd_sc_hd__clkbuf_16)
    18    0.03    0.06    0.14    5.01 ^ clkbuf_2_1__f_CLK/X (sky130_fd_sc_hd__clkbuf_16)
                                         clknet_2_1__leaf_CLK (net)
                  0.06    0.00    5.01 ^ _202_/CLK (sky130_fd_sc_hd__dfxtp_1)
                          0.00    5.01   clock reconvergence pessimism
                         -0.06    4.95   library setup time
                                  4.95   data required time
-----------------------------------------------------------------------------
                                  4.95   data required time
                                 -2.15   data arrival time
-----------------------------------------------------------------------------
                                  2.80   slack (MET)


Startpoint: _212_ (rising edge-triggered flip-flop clocked by core_clock)
Endpoint: _201_ (rising edge-triggered flip-flop clocked by core_clock)
Path Group: core_clock
Path Type: max

Fanout     Cap    Slew   Delay    Time   Description
-----------------------------------------------------------------------------
                          0.00    0.00   clock core_clock (rise edge)
                          0.00    0.00   clock source latency
     1    0.01    0.00    0.00    0.00 ^ CLK (in)
                                         CLK (net)
                  0.00    0.00    0.00 ^ clkbuf_0_CLK/A (sky130_fd_sc_hd__clkbuf_16)
     4    0.03    0.05    0.12    0.12 ^ clkbuf_0_CLK/X (sky130_fd_sc_hd__clkbuf_16)
                                         clknet_0_CLK (net)
                  0.05    0.00    0.12 ^ clkbuf_2_1__f_CLK/A (sky130_fd_sc_hd__clkbuf_16)
    18    0.03    0.06    0.14    0.26 ^ clkbuf_2_1__f_CLK/X (sky130_fd_sc_hd__clkbuf_16)
                                         clknet_2_1__leaf_CLK (net)
                  0.06    0.00    0.26 ^ _212_/CLK (sky130_fd_sc_hd__dfxtp_1)
     3    0.01    0.04    0.31    0.57 v _212_/Q (sky130_fd_sc_hd__dfxtp_1)
                                         x4.A (net)
                  0.04    0.00    0.57 v _090_/B (sky130_fd_sc_hd__and2_1)
     2    0.00    0.04    0.15    0.72 v _090_/X (sky130_fd_sc_hd__and2_1)
                                         _041_ (net)
                  0.04    0.00    0.72 v _092_/A (sky130_fd_sc_hd__or2_1)
     2    0.01    0.06    0.24    0.95 v _092_/X (sky130_fd_sc_hd__or2_1)
                                         _043_ (net)
                  0.06    0.00    0.95 v _096_/A (sky130_fd_sc_hd__or2_2)
     4    0.01    0.09    0.34    1.30 v _096_/X (sky130_fd_sc_hd__or2_2)
                                         _047_ (net)
                  0.09    0.00    1.30 v _118_/A1 (sky130_fd_sc_hd__o41ai_4)
     4    0.01    0.30    0.40    1.70 ^ _118_/Y (sky130_fd_sc_hd__o41ai_4)
                                         _069_ (net)
                  0.30    0.00    1.70 ^ _155_/A (sky130_fd_sc_hd__and2_1)
     2    0.00    0.07    0.19    1.89 ^ _155_/X (sky130_fd_sc_hd__and2_1)
                                         _015_ (net)
                  0.07    0.00    1.89 ^ _158_/A (sky130_fd_sc_hd__nor2_1)
     1    0.00    0.04    0.05    1.95 v _158_/Y (sky130_fd_sc_hd__nor2_1)
                                         _017_ (net)
                  0.04    0.00    1.95 v _159_/B (sky130_fd_sc_hd__xnor2_1)
     1    0.00    0.04    0.11    2.05 v _159_/Y (sky130_fd_sc_hd__xnor2_1)
                                         x70.Si (net)
                  0.04    0.00    2.05 v _201_/D (sky130_fd_sc_hd__dfxtp_1)
                                  2.05   data arrival time

                          4.75    4.75   clock core_clock (rise edge)
                          0.00    4.75   clock source latency
     1    0.01    0.00    0.00    4.75 ^ CLK (in)
                                         CLK (net)
                  0.00    0.00    4.75 ^ clkbuf_0_CLK/A (sky130_fd_sc_hd__clkbuf_16)
     4    0.03    0.05    0.12    4.87 ^ clkbuf_0_CLK/X (sky130_fd_sc_hd__clkbuf_16)
                                         clknet_0_CLK (net)
                  0.05    0.00    4.87 ^ clkbuf_2_1__f_CLK/A (sky130_fd_sc_hd__clkbuf_16)
    18    0.03    0.06    0.14    5.01 ^ clkbuf_2_1__f_CLK/X (sky130_fd_sc_hd__clkbuf_16)
                                         clknet_2_1__leaf_CLK (net)
                  0.06    0.00    5.01 ^ _201_/CLK (sky130_fd_sc_hd__dfxtp_1)
                          0.00    5.01   clock reconvergence pessimism
                         -0.10    4.91   library setup time
                                  4.91   data required time
-----------------------------------------------------------------------------
                                  4.91   data required time
                                 -2.05   data arrival time
-----------------------------------------------------------------------------
                                  2.85   slack (MET)


Startpoint: _212_ (rising edge-triggered flip-flop clocked by core_clock)
Endpoint: _200_ (rising edge-triggered flip-flop clocked by core_clock)
Path Group: core_clock
Path Type: max

Fanout     Cap    Slew   Delay    Time   Description
-----------------------------------------------------------------------------
                          0.00    0.00   clock core_clock (rise edge)
                          0.00    0.00   clock source latency
     1    0.01    0.00    0.00    0.00 ^ CLK (in)
                                         CLK (net)
                  0.00    0.00    0.00 ^ clkbuf_0_CLK/A (sky130_fd_sc_hd__clkbuf_16)
     4    0.03    0.05    0.12    0.12 ^ clkbuf_0_CLK/X (sky130_fd_sc_hd__clkbuf_16)
                                         clknet_0_CLK (net)
                  0.05    0.00    0.12 ^ clkbuf_2_1__f_CLK/A (sky130_fd_sc_hd__clkbuf_16)
    18    0.03    0.06    0.14    0.26 ^ clkbuf_2_1__f_CLK/X (sky130_fd_sc_hd__clkbuf_16)
                                         clknet_2_1__leaf_CLK (net)
                  0.06    0.00    0.26 ^ _212_/CLK (sky130_fd_sc_hd__dfxtp_1)
     3    0.01    0.04    0.31    0.57 v _212_/Q (sky130_fd_sc_hd__dfxtp_1)
                                         x4.A (net)
                  0.04    0.00    0.57 v _090_/B (sky130_fd_sc_hd__and2_1)
     2    0.00    0.04    0.15    0.72 v _090_/X (sky130_fd_sc_hd__and2_1)
                                         _041_ (net)
                  0.04    0.00    0.72 v _092_/A (sky130_fd_sc_hd__or2_1)
     2    0.01    0.06    0.24    0.95 v _092_/X (sky130_fd_sc_hd__or2_1)
                                         _043_ (net)
                  0.06    0.00    0.95 v _096_/A (sky130_fd_sc_hd__or2_2)
     4    0.01    0.09    0.34    1.30 v _096_/X (sky130_fd_sc_hd__or2_2)
                                         _047_ (net)
                  0.09    0.00    1.30 v _118_/A1 (sky130_fd_sc_hd__o41ai_4)
     4    0.01    0.30    0.40    1.70 ^ _118_/Y (sky130_fd_sc_hd__o41ai_4)
                                         _069_ (net)
                  0.30    0.00    1.70 ^ _160_/B1 (sky130_fd_sc_hd__o21a_1)
     1    0.00    0.04    0.17    1.87 ^ _160_/X (sky130_fd_sc_hd__o21a_1)
                                         _018_ (net)
                  0.04    0.00    1.87 ^ _161_/B1 (sky130_fd_sc_hd__a21oi_1)
     1    0.00    0.06    0.04    1.91 v _161_/Y (sky130_fd_sc_hd__a21oi_1)
                                         _019_ (net)
                  0.06    0.00    1.91 v _162_/B (sky130_fd_sc_hd__xnor2_1)
     1    0.00    0.04    0.12    2.03 v _162_/Y (sky130_fd_sc_hd__xnor2_1)
                                         x71.Si (net)
                  0.04    0.00    2.03 v _200_/D (sky130_fd_sc_hd__dfxtp_1)
                                  2.03   data arrival time

                          4.75    4.75   clock core_clock (rise edge)
                          0.00    4.75   clock source latency
     1    0.01    0.00    0.00    4.75 ^ CLK (in)
                                         CLK (net)
                  0.00    0.00    4.75 ^ clkbuf_0_CLK/A (sky130_fd_sc_hd__clkbuf_16)
     4    0.03    0.05    0.12    4.87 ^ clkbuf_0_CLK/X (sky130_fd_sc_hd__clkbuf_16)
                                         clknet_0_CLK (net)
                  0.05    0.00    4.87 ^ clkbuf_2_1__f_CLK/A (sky130_fd_sc_hd__clkbuf_16)
    18    0.03    0.06    0.14    5.01 ^ clkbuf_2_1__f_CLK/X (sky130_fd_sc_hd__clkbuf_16)
                                         clknet_2_1__leaf_CLK (net)
                  0.06    0.00    5.01 ^ _200_/CLK (sky130_fd_sc_hd__dfxtp_1)
                          0.00    5.01   clock reconvergence pessimism
                         -0.11    4.91   library setup time
                                  4.91   data required time
-----------------------------------------------------------------------------
                                  4.91   data required time
                                 -2.03   data arrival time
-----------------------------------------------------------------------------
                                  2.88   slack (MET)


Startpoint: _212_ (rising edge-triggered flip-flop clocked by core_clock)
Endpoint: _199_ (rising edge-triggered flip-flop clocked by core_clock)
Path Group: core_clock
Path Type: max

Fanout     Cap    Slew   Delay    Time   Description
-----------------------------------------------------------------------------
                          0.00    0.00   clock core_clock (rise edge)
                          0.00    0.00   clock source latency
     1    0.01    0.00    0.00    0.00 ^ CLK (in)
                                         CLK (net)
                  0.00    0.00    0.00 ^ clkbuf_0_CLK/A (sky130_fd_sc_hd__clkbuf_16)
     4    0.03    0.05    0.12    0.12 ^ clkbuf_0_CLK/X (sky130_fd_sc_hd__clkbuf_16)
                                         clknet_0_CLK (net)
                  0.05    0.00    0.12 ^ clkbuf_2_1__f_CLK/A (sky130_fd_sc_hd__clkbuf_16)
    18    0.03    0.06    0.14    0.26 ^ clkbuf_2_1__f_CLK/X (sky130_fd_sc_hd__clkbuf_16)
                                         clknet_2_1__leaf_CLK (net)
                  0.06    0.00    0.26 ^ _212_/CLK (sky130_fd_sc_hd__dfxtp_1)
     3    0.01    0.04    0.31    0.57 v _212_/Q (sky130_fd_sc_hd__dfxtp_1)
                                         x4.A (net)
                  0.04    0.00    0.57 v _090_/B (sky130_fd_sc_hd__and2_1)
     2    0.00    0.04    0.15    0.72 v _090_/X (sky130_fd_sc_hd__and2_1)
                                         _041_ (net)
                  0.04    0.00    0.72 v _092_/A (sky130_fd_sc_hd__or2_1)
     2    0.01    0.06    0.24    0.95 v _092_/X (sky130_fd_sc_hd__or2_1)
                                         _043_ (net)
                  0.06    0.00    0.95 v _096_/A (sky130_fd_sc_hd__or2_2)
     4    0.01    0.09    0.34    1.30 v _096_/X (sky130_fd_sc_hd__or2_2)
                                         _047_ (net)
                  0.09    0.00    1.30 v _118_/A1 (sky130_fd_sc_hd__o41ai_4)
     4    0.01    0.30    0.40    1.70 ^ _118_/Y (sky130_fd_sc_hd__o41ai_4)
                                         _069_ (net)
                  0.30    0.00    1.70 ^ _163_/A (sky130_fd_sc_hd__xor2_1)
     1    0.00    0.09    0.16    1.86 ^ _163_/X (sky130_fd_sc_hd__xor2_1)
                                         x72.Si (net)
                  0.09    0.00    1.86 ^ _199_/D (sky130_fd_sc_hd__dfxtp_1)
                                  1.86   data arrival time

                          4.75    4.75   clock core_clock (rise edge)
                          0.00    4.75   clock source latency
     1    0.01    0.00    0.00    4.75 ^ CLK (in)
                                         CLK (net)
                  0.00    0.00    4.75 ^ clkbuf_0_CLK/A (sky130_fd_sc_hd__clkbuf_16)
     4    0.03    0.05    0.12    4.87 ^ clkbuf_0_CLK/X (sky130_fd_sc_hd__clkbuf_16)
                                         clknet_0_CLK (net)
                  0.05    0.00    4.87 ^ clkbuf_2_1__f_CLK/A (sky130_fd_sc_hd__clkbuf_16)
    18    0.03    0.06    0.14    5.01 ^ clkbuf_2_1__f_CLK/X (sky130_fd_sc_hd__clkbuf_16)
                                         clknet_2_1__leaf_CLK (net)
                  0.06    0.00    5.01 ^ _199_/CLK (sky130_fd_sc_hd__dfxtp_1)
                          0.00    5.01   clock reconvergence pessimism
                         -0.06    4.95   library setup time
                                  4.95   data required time
-----------------------------------------------------------------------------
                                  4.95   data required time
                                 -1.86   data arrival time
-----------------------------------------------------------------------------
                                  3.09   slack (MET)


Startpoint: _224_ (rising edge-triggered flip-flop clocked by core_clock)
Endpoint: _196_ (rising edge-triggered flip-flop clocked by core_clock)
Path Group: core_clock
Path Type: max

Fanout     Cap    Slew   Delay    Time   Description
-----------------------------------------------------------------------------
                          0.00    0.00   clock core_clock (rise edge)
                          0.00    0.00   clock source latency
     1    0.01    0.00    0.00    0.00 ^ CLK (in)
                                         CLK (net)
                  0.00    0.00    0.00 ^ clkbuf_0_CLK/A (sky130_fd_sc_hd__clkbuf_16)
     4    0.03    0.05    0.12    0.12 ^ clkbuf_0_CLK/X (sky130_fd_sc_hd__clkbuf_16)
                                         clknet_0_CLK (net)
                  0.05    0.00    0.12 ^ clkbuf_2_0__f_CLK/A (sky130_fd_sc_hd__clkbuf_16)
    13    0.03    0.06    0.14    0.26 ^ clkbuf_2_0__f_CLK/X (sky130_fd_sc_hd__clkbuf_16)
                                         clknet_2_0__leaf_CLK (net)
                  0.06    0.00    0.26 ^ _224_/CLK (sky130_fd_sc_hd__dfxtp_1)
     3    0.01    0.04    0.31    0.57 v _224_/Q (sky130_fd_sc_hd__dfxtp_1)
                                         x8.B (net)
                  0.04    0.00    0.57 v _099_/A (sky130_fd_sc_hd__or2_1)
     3    0.01    0.06    0.24    0.81 v _099_/X (sky130_fd_sc_hd__or2_1)
                                         _050_ (net)
                  0.06    0.00    0.81 v _100_/D (sky130_fd_sc_hd__and4_1)
     2    0.01    0.07    0.24    1.05 v _100_/X (sky130_fd_sc_hd__and4_1)
                                         _051_ (net)
                  0.07    0.00    1.05 v _108_/A1 (sky130_fd_sc_hd__o31ai_4)
     5    0.02    0.32    0.36    1.40 ^ _108_/Y (sky130_fd_sc_hd__o31ai_4)
                                         _059_ (net)
                  0.32    0.00    1.40 ^ _171_/A2 (sky130_fd_sc_hd__o21bai_1)
     1    0.00    0.08    0.11    1.52 v _171_/Y (sky130_fd_sc_hd__o21bai_1)
                                         _025_ (net)
                  0.08    0.00    1.52 v _172_/B (sky130_fd_sc_hd__xnor2_1)
     1    0.00    0.04    0.12    1.64 v _172_/Y (sky130_fd_sc_hd__xnor2_1)
                                         x75.Si (net)
                  0.04    0.00    1.64 v _196_/D (sky130_fd_sc_hd__dfxtp_1)
                                  1.64   data arrival time

                          4.75    4.75   clock core_clock (rise edge)
                          0.00    4.75   clock source latency
     1    0.01    0.00    0.00    4.75 ^ CLK (in)
                                         CLK (net)
                  0.00    0.00    4.75 ^ clkbuf_0_CLK/A (sky130_fd_sc_hd__clkbuf_16)
     4    0.03    0.05    0.12    4.87 ^ clkbuf_0_CLK/X (sky130_fd_sc_hd__clkbuf_16)
                                         clknet_0_CLK (net)
                  0.05    0.00    4.87 ^ clkbuf_2_0__f_CLK/A (sky130_fd_sc_hd__clkbuf_16)
    13    0.03    0.06    0.14    5.01 ^ clkbuf_2_0__f_CLK/X (sky130_fd_sc_hd__clkbuf_16)
                                         clknet_2_0__leaf_CLK (net)
                  0.06    0.00    5.01 ^ _196_/CLK (sky130_fd_sc_hd__dfxtp_1)
                          0.00    5.01   clock reconvergence pessimism
                         -0.11    4.91   library setup time
                                  4.91   data required time
-----------------------------------------------------------------------------
                                  4.91   data required time
                                 -1.64   data arrival time
-----------------------------------------------------------------------------
                                  3.26   slack (MET)


Startpoint: _224_ (rising edge-triggered flip-flop clocked by core_clock)
Endpoint: _197_ (rising edge-triggered flip-flop clocked by core_clock)
Path Group: core_clock
Path Type: max

Fanout     Cap    Slew   Delay    Time   Description
-----------------------------------------------------------------------------
                          0.00    0.00   clock core_clock (rise edge)
                          0.00    0.00   clock source latency
     1    0.01    0.00    0.00    0.00 ^ CLK (in)
                                         CLK (net)
                  0.00    0.00    0.00 ^ clkbuf_0_CLK/A (sky130_fd_sc_hd__clkbuf_16)
     4    0.03    0.05    0.12    0.12 ^ clkbuf_0_CLK/X (sky130_fd_sc_hd__clkbuf_16)
                                         clknet_0_CLK (net)
                  0.05    0.00    0.12 ^ clkbuf_2_0__f_CLK/A (sky130_fd_sc_hd__clkbuf_16)
    13    0.03    0.06    0.14    0.26 ^ clkbuf_2_0__f_CLK/X (sky130_fd_sc_hd__clkbuf_16)
                                         clknet_2_0__leaf_CLK (net)
                  0.06    0.00    0.26 ^ _224_/CLK (sky130_fd_sc_hd__dfxtp_1)
     3    0.01    0.04    0.31    0.57 v _224_/Q (sky130_fd_sc_hd__dfxtp_1)
                                         x8.B (net)
                  0.04    0.00    0.57 v _099_/A (sky130_fd_sc_hd__or2_1)
     3    0.01    0.06    0.24    0.81 v _099_/X (sky130_fd_sc_hd__or2_1)
                                         _050_ (net)
                  0.06    0.00    0.81 v _100_/D (sky130_fd_sc_hd__and4_1)
     2    0.01    0.07    0.24    1.05 v _100_/X (sky130_fd_sc_hd__and4_1)
                                         _051_ (net)
                  0.07    0.00    1.05 v _108_/A1 (sky130_fd_sc_hd__o31ai_4)
     5    0.02    0.32    0.36    1.40 ^ _108_/Y (sky130_fd_sc_hd__o31ai_4)
                                         _059_ (net)
                  0.32    0.00    1.40 ^ _169_/A2 (sky130_fd_sc_hd__o22ai_1)
     1    0.00    0.07    0.12    1.52 v _169_/Y (sky130_fd_sc_hd__o22ai_1)
                                         _024_ (net)
                  0.07    0.00    1.52 v _170_/B1 (sky130_fd_sc_hd__o31a_1)
     1    0.00    0.04    0.10    1.62 v _170_/X (sky130_fd_sc_hd__o31a_1)
                                         x74.Si (net)
                  0.04    0.00    1.62 v _197_/D (sky130_fd_sc_hd__dfxtp_1)
                                  1.62   data arrival time

                          4.75    4.75   clock core_clock (rise edge)
                          0.00    4.75   clock source latency
     1    0.01    0.00    0.00    4.75 ^ CLK (in)
                                         CLK (net)
                  0.00    0.00    4.75 ^ clkbuf_0_CLK/A (sky130_fd_sc_hd__clkbuf_16)
     4    0.03    0.05    0.12    4.87 ^ clkbuf_0_CLK/X (sky130_fd_sc_hd__clkbuf_16)
                                         clknet_0_CLK (net)
                  0.05    0.00    4.87 ^ clkbuf_2_0__f_CLK/A (sky130_fd_sc_hd__clkbuf_16)
    13    0.03    0.06    0.14    5.01 ^ clkbuf_2_0__f_CLK/X (sky130_fd_sc_hd__clkbuf_16)
                                         clknet_2_0__leaf_CLK (net)
                  0.06    0.00    5.01 ^ _197_/CLK (sky130_fd_sc_hd__dfxtp_1)
                          0.00    5.01   clock reconvergence pessimism
                         -0.11    4.90   library setup time
                                  4.90   data required time
-----------------------------------------------------------------------------
                                  4.90   data required time
                                 -1.62   data arrival time
-----------------------------------------------------------------------------
                                  3.28   slack (MET)


Startpoint: _212_ (rising edge-triggered flip-flop clocked by core_clock)
Endpoint: _198_ (rising edge-triggered flip-flop clocked by core_clock)
Path Group: core_clock
Path Type: max

Fanout     Cap    Slew   Delay    Time   Description
-----------------------------------------------------------------------------
                          0.00    0.00   clock core_clock (rise edge)
                          0.00    0.00   clock source latency
     1    0.01    0.00    0.00    0.00 ^ CLK (in)
                                         CLK (net)
                  0.00    0.00    0.00 ^ clkbuf_0_CLK/A (sky130_fd_sc_hd__clkbuf_16)
     4    0.03    0.05    0.12    0.12 ^ clkbuf_0_CLK/X (sky130_fd_sc_hd__clkbuf_16)
                                         clknet_0_CLK (net)
                  0.05    0.00    0.12 ^ clkbuf_2_1__f_CLK/A (sky130_fd_sc_hd__clkbuf_16)
    18    0.03    0.06    0.14    0.26 ^ clkbuf_2_1__f_CLK/X (sky130_fd_sc_hd__clkbuf_16)
                                         clknet_2_1__leaf_CLK (net)
                  0.06    0.00    0.26 ^ _212_/CLK (sky130_fd_sc_hd__dfxtp_1)
     3    0.01    0.04    0.31    0.57 v _212_/Q (sky130_fd_sc_hd__dfxtp_1)
                                         x4.A (net)
                  0.04    0.00    0.57 v _090_/B (sky130_fd_sc_hd__and2_1)
     2    0.00    0.04    0.15    0.72 v _090_/X (sky130_fd_sc_hd__and2_1)
                                         _041_ (net)
                  0.04    0.00    0.72 v _092_/A (sky130_fd_sc_hd__or2_1)
     2    0.01    0.06    0.24    0.95 v _092_/X (sky130_fd_sc_hd__or2_1)
                                         _043_ (net)
                  0.06    0.00    0.95 v _096_/A (sky130_fd_sc_hd__or2_2)
     4    0.01    0.09    0.34    1.30 v _096_/X (sky130_fd_sc_hd__or2_2)
                                         _047_ (net)
                  0.09    0.00    1.30 v _164_/A (sky130_fd_sc_hd__nor2_1)
     1    0.00    0.07    0.11    1.41 ^ _164_/Y (sky130_fd_sc_hd__nor2_1)
                                         _020_ (net)
                  0.07    0.00    1.41 ^ _165_/B1 (sky130_fd_sc_hd__a22o_1)
     1    0.00    0.06    0.13    1.54 ^ _165_/X (sky130_fd_sc_hd__a22o_1)
                                         _021_ (net)
                  0.06    0.00    1.54 ^ _167_/A (sky130_fd_sc_hd__xnor2_1)
     1    0.00    0.04    0.06    1.60 v _167_/Y (sky130_fd_sc_hd__xnor2_1)
                                         x73.Si (net)
                  0.04    0.00    1.60 v _198_/D (sky130_fd_sc_hd__dfxtp_1)
                                  1.60   data arrival time

                          4.75    4.75   clock core_clock (rise edge)
                          0.00    4.75   clock source latency
     1    0.01    0.00    0.00    4.75 ^ CLK (in)
                                         CLK (net)
                  0.00    0.00    4.75 ^ clkbuf_0_CLK/A (sky130_fd_sc_hd__clkbuf_16)
     4    0.03    0.05    0.12    4.87 ^ clkbuf_0_CLK/X (sky130_fd_sc_hd__clkbuf_16)
                                         clknet_0_CLK (net)
                  0.05    0.00    4.87 ^ clkbuf_2_0__f_CLK/A (sky130_fd_sc_hd__clkbuf_16)
    13    0.03    0.06    0.14    5.01 ^ clkbuf_2_0__f_CLK/X (sky130_fd_sc_hd__clkbuf_16)
                                         clknet_2_0__leaf_CLK (net)
                  0.06    0.00    5.01 ^ _198_/CLK (sky130_fd_sc_hd__dfxtp_1)
                          0.00    5.01   clock reconvergence pessimism
                         -0.11    4.91   library setup time
                                  4.91   data required time
-----------------------------------------------------------------------------
                                  4.91   data required time
                                 -1.60   data arrival time
-----------------------------------------------------------------------------
                                  3.30   slack (MET)


Startpoint: _224_ (rising edge-triggered flip-flop clocked by core_clock)
Endpoint: _195_ (rising edge-triggered flip-flop clocked by core_clock)
Path Group: core_clock
Path Type: max

Fanout     Cap    Slew   Delay    Time   Description
-----------------------------------------------------------------------------
                          0.00    0.00   clock core_clock (rise edge)
                          0.00    0.00   clock source latency
     1    0.01    0.00    0.00    0.00 ^ CLK (in)
                                         CLK (net)
                  0.00    0.00    0.00 ^ clkbuf_0_CLK/A (sky130_fd_sc_hd__clkbuf_16)
     4    0.03    0.05    0.12    0.12 ^ clkbuf_0_CLK/X (sky130_fd_sc_hd__clkbuf_16)
                                         clknet_0_CLK (net)
                  0.05    0.00    0.12 ^ clkbuf_2_0__f_CLK/A (sky130_fd_sc_hd__clkbuf_16)
    13    0.03    0.06    0.14    0.26 ^ clkbuf_2_0__f_CLK/X (sky130_fd_sc_hd__clkbuf_16)
                                         clknet_2_0__leaf_CLK (net)
                  0.06    0.00    0.26 ^ _224_/CLK (sky130_fd_sc_hd__dfxtp_1)
     3    0.01    0.04    0.31    0.57 v _224_/Q (sky130_fd_sc_hd__dfxtp_1)
                                         x8.B (net)
                  0.04    0.00    0.57 v _099_/A (sky130_fd_sc_hd__or2_1)
     3    0.01    0.06    0.24    0.81 v _099_/X (sky130_fd_sc_hd__or2_1)
                                         _050_ (net)
                  0.06    0.00    0.81 v _100_/D (sky130_fd_sc_hd__and4_1)
     2    0.01    0.07    0.24    1.05 v _100_/X (sky130_fd_sc_hd__and4_1)
                                         _051_ (net)
                  0.07    0.00    1.05 v _108_/A1 (sky130_fd_sc_hd__o31ai_4)
     5    0.02    0.32    0.36    1.40 ^ _108_/Y (sky130_fd_sc_hd__o31ai_4)
                                         _059_ (net)
                  0.32    0.00    1.40 ^ _173_/B (sky130_fd_sc_hd__xor2_1)
     1    0.00    0.09    0.16    1.56 ^ _173_/X (sky130_fd_sc_hd__xor2_1)
                                         x76.Si (net)
                  0.09    0.00    1.56 ^ _195_/D (sky130_fd_sc_hd__dfxtp_1)
                                  1.56   data arrival time

                          4.75    4.75   clock core_clock (rise edge)
                          0.00    4.75   clock source latency
     1    0.01    0.00    0.00    4.75 ^ CLK (in)
                                         CLK (net)
                  0.00    0.00    4.75 ^ clkbuf_0_CLK/A (sky130_fd_sc_hd__clkbuf_16)
     4    0.03    0.05    0.12    4.87 ^ clkbuf_0_CLK/X (sky130_fd_sc_hd__clkbuf_16)
                                         clknet_0_CLK (net)
                  0.05    0.00    4.87 ^ clkbuf_2_2__f_CLK/A (sky130_fd_sc_hd__clkbuf_16)
    12    0.03    0.05    0.14    5.01 ^ clkbuf_2_2__f_CLK/X (sky130_fd_sc_hd__clkbuf_16)
                                         clknet_2_2__leaf_CLK (net)
                  0.05    0.00    5.01 ^ _195_/CLK (sky130_fd_sc_hd__dfxtp_1)
                          0.00    5.01   clock reconvergence pessimism
                         -0.06    4.95   library setup time
                                  4.95   data required time
-----------------------------------------------------------------------------
                                  4.95   data required time
                                 -1.56   data arrival time
-----------------------------------------------------------------------------
                                  3.38   slack (MET)


Startpoint: _224_ (rising edge-triggered flip-flop clocked by core_clock)
Endpoint: _194_ (rising edge-triggered flip-flop clocked by core_clock)
Path Group: core_clock
Path Type: max

Fanout     Cap    Slew   Delay    Time   Description
-----------------------------------------------------------------------------
                          0.00    0.00   clock core_clock (rise edge)
                          0.00    0.00   clock source latency
     1    0.01    0.00    0.00    0.00 ^ CLK (in)
                                         CLK (net)
                  0.00    0.00    0.00 ^ clkbuf_0_CLK/A (sky130_fd_sc_hd__clkbuf_16)
     4    0.03    0.05    0.12    0.12 ^ clkbuf_0_CLK/X (sky130_fd_sc_hd__clkbuf_16)
                                         clknet_0_CLK (net)
                  0.05    0.00    0.12 ^ clkbuf_2_0__f_CLK/A (sky130_fd_sc_hd__clkbuf_16)
    13    0.03    0.06    0.14    0.26 ^ clkbuf_2_0__f_CLK/X (sky130_fd_sc_hd__clkbuf_16)
                                         clknet_2_0__leaf_CLK (net)
                  0.06    0.00    0.26 ^ _224_/CLK (sky130_fd_sc_hd__dfxtp_1)
     3    0.01    0.04    0.31    0.57 v _224_/Q (sky130_fd_sc_hd__dfxtp_1)
                                         x8.B (net)
                  0.04    0.00    0.57 v _099_/A (sky130_fd_sc_hd__or2_1)
     3    0.01    0.06    0.24    0.81 v _099_/X (sky130_fd_sc_hd__or2_1)
                                         _050_ (net)
                  0.06    0.00    0.81 v _100_/D (sky130_fd_sc_hd__and4_1)
     2    0.01    0.07    0.24    1.05 v _100_/X (sky130_fd_sc_hd__and4_1)
                                         _051_ (net)
                  0.07    0.00    1.05 v _177_/A (sky130_fd_sc_hd__nor2_1)
     2    0.01    0.15    0.16    1.21 ^ _177_/Y (sky130_fd_sc_hd__nor2_1)
                                         _029_ (net)
                  0.15    0.00    1.21 ^ _178_/A2 (sky130_fd_sc_hd__o21bai_1)
     1    0.00    0.06    0.09    1.29 v _178_/Y (sky130_fd_sc_hd__o21bai_1)
                                         _030_ (net)
                  0.06    0.00    1.29 v _179_/B (sky130_fd_sc_hd__xnor2_1)
     1    0.00    0.04    0.12    1.41 v _179_/Y (sky130_fd_sc_hd__xnor2_1)
                                         x77.Si (net)
                  0.04    0.00    1.41 v _194_/D (sky130_fd_sc_hd__dfxtp_1)
                                  1.41   data arrival time

                          4.75    4.75   clock core_clock (rise edge)
                          0.00    4.75   clock source latency
     1    0.01    0.00    0.00    4.75 ^ CLK (in)
                                         CLK (net)
                  0.00    0.00    4.75 ^ clkbuf_0_CLK/A (sky130_fd_sc_hd__clkbuf_16)
     4    0.03    0.05    0.12    4.87 ^ clkbuf_0_CLK/X (sky130_fd_sc_hd__clkbuf_16)
                                         clknet_0_CLK (net)
                  0.05    0.00    4.87 ^ clkbuf_2_2__f_CLK/A (sky130_fd_sc_hd__clkbuf_16)
    12    0.03    0.05    0.14    5.01 ^ clkbuf_2_2__f_CLK/X (sky130_fd_sc_hd__clkbuf_16)
                                         clknet_2_2__leaf_CLK (net)
                  0.05    0.00    5.01 ^ _194_/CLK (sky130_fd_sc_hd__dfxtp_1)
                          0.00    5.01   clock reconvergence pessimism
                         -0.11    4.90   library setup time
                                  4.90   data required time
-----------------------------------------------------------------------------
                                  4.90   data required time
                                 -1.41   data arrival time
-----------------------------------------------------------------------------
                                  3.49   slack (MET)


Startpoint: _224_ (rising edge-triggered flip-flop clocked by core_clock)
Endpoint: _193_ (rising edge-triggered flip-flop clocked by core_clock)
Path Group: core_clock
Path Type: max

Fanout     Cap    Slew   Delay    Time   Description
-----------------------------------------------------------------------------
                          0.00    0.00   clock core_clock (rise edge)
                          0.00    0.00   clock source latency
     1    0.01    0.00    0.00    0.00 ^ CLK (in)
                                         CLK (net)
                  0.00    0.00    0.00 ^ clkbuf_0_CLK/A (sky130_fd_sc_hd__clkbuf_16)
     4    0.03    0.05    0.12    0.12 ^ clkbuf_0_CLK/X (sky130_fd_sc_hd__clkbuf_16)
                                         clknet_0_CLK (net)
                  0.05    0.00    0.12 ^ clkbuf_2_0__f_CLK/A (sky130_fd_sc_hd__clkbuf_16)
    13    0.03    0.06    0.14    0.26 ^ clkbuf_2_0__f_CLK/X (sky130_fd_sc_hd__clkbuf_16)
                                         clknet_2_0__leaf_CLK (net)
                  0.06    0.00    0.26 ^ _224_/CLK (sky130_fd_sc_hd__dfxtp_1)
     3    0.01    0.04    0.31    0.57 v _224_/Q (sky130_fd_sc_hd__dfxtp_1)
                                         x8.B (net)
                  0.04    0.00    0.57 v _099_/A (sky130_fd_sc_hd__or2_1)
     3    0.01    0.06    0.24    0.81 v _099_/X (sky130_fd_sc_hd__or2_1)
                                         _050_ (net)
                  0.06    0.00    0.81 v _100_/D (sky130_fd_sc_hd__and4_1)
     2    0.01    0.07    0.24    1.05 v _100_/X (sky130_fd_sc_hd__and4_1)
                                         _051_ (net)
                  0.07    0.00    1.05 v _177_/A (sky130_fd_sc_hd__nor2_1)
     2    0.01    0.15    0.16    1.21 ^ _177_/Y (sky130_fd_sc_hd__nor2_1)
                                         _029_ (net)
                  0.15    0.00    1.21 ^ _181_/B (sky130_fd_sc_hd__xnor2_1)
     1    0.00    0.10    0.12    1.33 ^ _181_/Y (sky130_fd_sc_hd__xnor2_1)
                                         x78.Si (net)
                  0.10    0.00    1.33 ^ _193_/D (sky130_fd_sc_hd__dfxtp_1)
                                  1.33   data arrival time

                          4.75    4.75   clock core_clock (rise edge)
                          0.00    4.75   clock source latency
     1    0.01    0.00    0.00    4.75 ^ CLK (in)
                                         CLK (net)
                  0.00    0.00    4.75 ^ clkbuf_0_CLK/A (sky130_fd_sc_hd__clkbuf_16)
     4    0.03    0.05    0.12    4.87 ^ clkbuf_0_CLK/X (sky130_fd_sc_hd__clkbuf_16)
                                         clknet_0_CLK (net)
                  0.05    0.00    4.87 ^ clkbuf_2_2__f_CLK/A (sky130_fd_sc_hd__clkbuf_16)
    12    0.03    0.05    0.14    5.01 ^ clkbuf_2_2__f_CLK/X (sky130_fd_sc_hd__clkbuf_16)
                                         clknet_2_2__leaf_CLK (net)
                  0.05    0.00    5.01 ^ _193_/CLK (sky130_fd_sc_hd__dfxtp_1)
                          0.00    5.01   clock reconvergence pessimism
                         -0.06    4.94   library setup time
                                  4.94   data required time
-----------------------------------------------------------------------------
                                  4.94   data required time
                                 -1.33   data arrival time
-----------------------------------------------------------------------------
                                  3.62   slack (MET)


Startpoint: _224_ (rising edge-triggered flip-flop clocked by core_clock)
Endpoint: _191_ (rising edge-triggered flip-flop clocked by core_clock)
Path Group: core_clock
Path Type: max

Fanout     Cap    Slew   Delay    Time   Description
-----------------------------------------------------------------------------
                          0.00    0.00   clock core_clock (rise edge)
                          0.00    0.00   clock source latency
     1    0.01    0.00    0.00    0.00 ^ CLK (in)
                                         CLK (net)
                  0.00    0.00    0.00 ^ clkbuf_0_CLK/A (sky130_fd_sc_hd__clkbuf_16)
     4    0.03    0.05    0.12    0.12 ^ clkbuf_0_CLK/X (sky130_fd_sc_hd__clkbuf_16)
                                         clknet_0_CLK (net)
                  0.05    0.00    0.12 ^ clkbuf_2_0__f_CLK/A (sky130_fd_sc_hd__clkbuf_16)
    13    0.03    0.06    0.14    0.26 ^ clkbuf_2_0__f_CLK/X (sky130_fd_sc_hd__clkbuf_16)
                                         clknet_2_0__leaf_CLK (net)
                  0.06    0.00    0.26 ^ _224_/CLK (sky130_fd_sc_hd__dfxtp_1)
     3    0.01    0.04    0.31    0.57 v _224_/Q (sky130_fd_sc_hd__dfxtp_1)
                                         x8.B (net)
                  0.04    0.00    0.57 v _099_/A (sky130_fd_sc_hd__or2_1)
     3    0.01    0.06    0.24    0.81 v _099_/X (sky130_fd_sc_hd__or2_1)
                                         _050_ (net)
                  0.06    0.00    0.81 v _185_/A2 (sky130_fd_sc_hd__a21o_1)
     1    0.00    0.03    0.17    0.98 v _185_/X (sky130_fd_sc_hd__a21o_1)
                                         _034_ (net)
                  0.03    0.00    0.98 v _186_/B (sky130_fd_sc_hd__and2_1)
     1    0.00    0.03    0.14    1.11 v _186_/X (sky130_fd_sc_hd__and2_1)
                                         _035_ (net)
                  0.03    0.00    1.11 v _187_/A (sky130_fd_sc_hd__clkbuf_1)
     1    0.00    0.02    0.08    1.19 v _187_/X (sky130_fd_sc_hd__clkbuf_1)
                                         x80.Si (net)
                  0.02    0.00    1.19 v _191_/D (sky130_fd_sc_hd__dfxtp_1)
                                  1.19   data arrival time

                          4.75    4.75   clock core_clock (rise edge)
                          0.00    4.75   clock source latency
     1    0.01    0.00    0.00    4.75 ^ CLK (in)
                                         CLK (net)
                  0.00    0.00    4.75 ^ clkbuf_0_CLK/A (sky130_fd_sc_hd__clkbuf_16)
     4    0.03    0.05    0.12    4.87 ^ clkbuf_0_CLK/X (sky130_fd_sc_hd__clkbuf_16)
                                         clknet_0_CLK (net)
                  0.05    0.00    4.87 ^ clkbuf_2_0__f_CLK/A (sky130_fd_sc_hd__clkbuf_16)
    13    0.03    0.06    0.14    5.01 ^ clkbuf_2_0__f_CLK/X (sky130_fd_sc_hd__clkbuf_16)
                                         clknet_2_0__leaf_CLK (net)
                  0.06    0.00    5.01 ^ _191_/CLK (sky130_fd_sc_hd__dfxtp_1)
                          0.00    5.01   clock reconvergence pessimism
                         -0.10    4.91   library setup time
                                  4.91   data required time
-----------------------------------------------------------------------------
                                  4.91   data required time
                                 -1.19   data arrival time
-----------------------------------------------------------------------------
                                  3.72   slack (MET)


Startpoint: _224_ (rising edge-triggered flip-flop clocked by core_clock)
Endpoint: _192_ (rising edge-triggered flip-flop clocked by core_clock)
Path Group: core_clock
Path Type: max

Fanout     Cap    Slew   Delay    Time   Description
-----------------------------------------------------------------------------
                          0.00    0.00   clock core_clock (rise edge)
                          0.00    0.00   clock source latency
     1    0.01    0.00    0.00    0.00 ^ CLK (in)
                                         CLK (net)
                  0.00    0.00    0.00 ^ clkbuf_0_CLK/A (sky130_fd_sc_hd__clkbuf_16)
     4    0.03    0.05    0.12    0.12 ^ clkbuf_0_CLK/X (sky130_fd_sc_hd__clkbuf_16)
                                         clknet_0_CLK (net)
                  0.05    0.00    0.12 ^ clkbuf_2_0__f_CLK/A (sky130_fd_sc_hd__clkbuf_16)
    13    0.03    0.06    0.14    0.26 ^ clkbuf_2_0__f_CLK/X (sky130_fd_sc_hd__clkbuf_16)
                                         clknet_2_0__leaf_CLK (net)
                  0.06    0.00    0.26 ^ _224_/CLK (sky130_fd_sc_hd__dfxtp_1)
     3    0.01    0.04    0.31    0.57 v _224_/Q (sky130_fd_sc_hd__dfxtp_1)
                                         x8.B (net)
                  0.04    0.00    0.57 v _099_/A (sky130_fd_sc_hd__or2_1)
     3    0.01    0.06    0.24    0.81 v _099_/X (sky130_fd_sc_hd__or2_1)
                                         _050_ (net)
                  0.06    0.00    0.81 v _182_/C (sky130_fd_sc_hd__nand3_1)
     2    0.00    0.07    0.09    0.90 ^ _182_/Y (sky130_fd_sc_hd__nand3_1)
                                         _032_ (net)
                  0.07    0.00    0.90 ^ _183_/B (sky130_fd_sc_hd__nand2_1)
     1    0.00    0.05    0.06    0.96 v _183_/Y (sky130_fd_sc_hd__nand2_1)
                                         _033_ (net)
                  0.05    0.00    0.96 v _184_/B (sky130_fd_sc_hd__xor2_1)
     1    0.00    0.05    0.13    1.09 v _184_/X (sky130_fd_sc_hd__xor2_1)
                                         x79.Si (net)
                  0.05    0.00    1.09 v _192_/D (sky130_fd_sc_hd__dfxtp_1)
                                  1.09   data arrival time

                          4.75    4.75   clock core_clock (rise edge)
                          0.00    4.75   clock source latency
     1    0.01    0.00    0.00    4.75 ^ CLK (in)
                                         CLK (net)
                  0.00    0.00    4.75 ^ clkbuf_0_CLK/A (sky130_fd_sc_hd__clkbuf_16)
     4    0.03    0.05    0.12    4.87 ^ clkbuf_0_CLK/X (sky130_fd_sc_hd__clkbuf_16)
                                         clknet_0_CLK (net)
                  0.05    0.00    4.87 ^ clkbuf_2_0__f_CLK/A (sky130_fd_sc_hd__clkbuf_16)
    13    0.03    0.06    0.14    5.01 ^ clkbuf_2_0__f_CLK/X (sky130_fd_sc_hd__clkbuf_16)
                                         clknet_2_0__leaf_CLK (net)
                  0.06    0.00    5.01 ^ _192_/CLK (sky130_fd_sc_hd__dfxtp_1)
                          0.00    5.01   clock reconvergence pessimism
                         -0.11    4.90   library setup time
                                  4.90   data required time
-----------------------------------------------------------------------------
                                  4.90   data required time
                                 -1.09   data arrival time
-----------------------------------------------------------------------------
                                  3.81   slack (MET)



worst slack corner Typical: 2.6206
