
===========================================================================
report_checks -path_delay min (Hold)
============================================================================
======================= Typical Corner ===================================

Startpoint: _227_ (rising edge-triggered flip-flop clocked by core_clock)
Endpoint: _194_ (rising edge-triggered flip-flop clocked by core_clock)
Path Group: core_clock
Path Type: min

Fanout     Cap    Slew   Delay    Time   Description
-----------------------------------------------------------------------------
                          0.00    0.00   clock core_clock (rise edge)
                          0.00    0.00   clock source latency
     1    0.01    0.00    0.00    0.00 ^ CLK (in)
                                         CLK (net)
                  0.00    0.00    0.00 ^ clkbuf_0_CLK/A (sky130_fd_sc_hd__clkbuf_16)
     4    0.03    0.05    0.12    0.12 ^ clkbuf_0_CLK/X (sky130_fd_sc_hd__clkbuf_16)
                                         clknet_0_CLK (net)
                  0.05    0.00    0.12 ^ clkbuf_2_0__f_CLK/A (sky130_fd_sc_hd__clkbuf_16)
    13    0.03    0.06    0.14    0.26 ^ clkbuf_2_0__f_CLK/X (sky130_fd_sc_hd__clkbuf_16)
                                         clknet_2_0__leaf_CLK (net)
                  0.06    0.00    0.26 ^ _227_/CLK (sky130_fd_sc_hd__dfxtp_1)
     3    0.01    0.06    0.32    0.58 ^ _227_/Q (sky130_fd_sc_hd__dfxtp_1)
                                         x5.B (net)
                  0.06    0.00    0.58 ^ _174_/A (sky130_fd_sc_hd__nand2_1)
     1    0.00    0.03    0.05    0.63 v _174_/Y (sky130_fd_sc_hd__nand2_1)
                                         _026_ (net)
                  0.03    0.00    0.63 v _175_/B (sky130_fd_sc_hd__nand2_1)
     1    0.00    0.06    0.07    0.69 ^ _175_/Y (sky130_fd_sc_hd__nand2_1)
                                         _027_ (net)
                  0.06    0.00    0.69 ^ _179_/A (sky130_fd_sc_hd__xnor2_1)
     1    0.00    0.03    0.06    0.75 v _179_/Y (sky130_fd_sc_hd__xnor2_1)
                                         x77.Si (net)
                  0.03    0.00    0.75 v _194_/D (sky130_fd_sc_hd__dfxtp_1)
                                  0.75   data arrival time

                          0.00    0.00   clock core_clock (rise edge)
                          0.00    0.00   clock source latency
     1    0.01    0.00    0.00    0.00 ^ CLK (in)
                                         CLK (net)
                  0.00    0.00    0.00 ^ clkbuf_0_CLK/A (sky130_fd_sc_hd__clkbuf_16)
     4    0.03    0.05    0.12    0.12 ^ clkbuf_0_CLK/X (sky130_fd_sc_hd__clkbuf_16)
                                         clknet_0_CLK (net)
                  0.05    0.00    0.12 ^ clkbuf_2_2__f_CLK/A (sky130_fd_sc_hd__clkbuf_16)
    12    0.03    0.05    0.14    0.26 ^ clkbuf_2_2__f_CLK/X (sky130_fd_sc_hd__clkbuf_16)
                                         clknet_2_2__leaf_CLK (net)
                  0.05    0.00    0.26 ^ _194_/CLK (sky130_fd_sc_hd__dfxtp_1)
                          0.00    0.26   clock reconvergence pessimism
                         -0.04    0.21   library hold time
                                  0.21   data required time
-----------------------------------------------------------------------------
                                  0.21   data required time
                                 -0.75   data arrival time
-----------------------------------------------------------------------------
                                  0.54   slack (MET)


Startpoint: _229_ (rising edge-triggered flip-flop clocked by core_clock)
Endpoint: _196_ (rising edge-triggered flip-flop clocked by core_clock)
Path Group: core_clock
Path Type: min

Fanout     Cap    Slew   Delay    Time   Description
-----------------------------------------------------------------------------
                          0.00    0.00   clock core_clock (rise edge)
                          0.00    0.00   clock source latency
     1    0.01    0.00    0.00    0.00 ^ CLK (in)
                                         CLK (net)
                  0.00    0.00    0.00 ^ clkbuf_0_CLK/A (sky130_fd_sc_hd__clkbuf_16)
     4    0.03    0.05    0.12    0.12 ^ clkbuf_0_CLK/X (sky130_fd_sc_hd__clkbuf_16)
                                         clknet_0_CLK (net)
                  0.05    0.00    0.12 ^ clkbuf_2_0__f_CLK/A (sky130_fd_sc_hd__clkbuf_16)
    13    0.03    0.06    0.14    0.26 ^ clkbuf_2_0__f_CLK/X (sky130_fd_sc_hd__clkbuf_16)
                                         clknet_2_0__leaf_CLK (net)
                  0.06    0.00    0.26 ^ _229_/CLK (sky130_fd_sc_hd__dfxtp_1)
     3    0.01    0.07    0.33    0.59 ^ _229_/Q (sky130_fd_sc_hd__dfxtp_1)
                                         x3.B (net)
                  0.07    0.00    0.59 ^ _093_/A (sky130_fd_sc_hd__nand2_1)
     1    0.00    0.03    0.05    0.64 v _093_/Y (sky130_fd_sc_hd__nand2_1)
                                         _044_ (net)
                  0.03    0.00    0.64 v _095_/A (sky130_fd_sc_hd__nand2_1)
     2    0.01    0.07    0.07    0.71 ^ _095_/Y (sky130_fd_sc_hd__nand2_1)
                                         _046_ (net)
                  0.07    0.00    0.71 ^ _172_/A (sky130_fd_sc_hd__xnor2_1)
     1    0.00    0.03    0.06    0.77 v _172_/Y (sky130_fd_sc_hd__xnor2_1)
                                         x75.Si (net)
                  0.03    0.00    0.77 v _196_/D (sky130_fd_sc_hd__dfxtp_1)
                                  0.77   data arrival time

                          0.00    0.00   clock core_clock (rise edge)
                          0.00    0.00   clock source latency
     1    0.01    0.00    0.00    0.00 ^ CLK (in)
                                         CLK (net)
                  0.00    0.00    0.00 ^ clkbuf_0_CLK/A (sky130_fd_sc_hd__clkbuf_16)
     4    0.03    0.05    0.12    0.12 ^ clkbuf_0_CLK/X (sky130_fd_sc_hd__clkbuf_16)
                                         clknet_0_CLK (net)
                  0.05    0.00    0.12 ^ clkbuf_2_0__f_CLK/A (sky130_fd_sc_hd__clkbuf_16)
    13    0.03    0.06    0.14    0.26 ^ clkbuf_2_0__f_CLK/X (sky130_fd_sc_hd__clkbuf_16)
                                         clknet_2_0__leaf_CLK (net)
                  0.06    0.00    0.26 ^ _196_/CLK (sky130_fd_sc_hd__dfxtp_1)
                          0.00    0.26   clock reconvergence pessimism
                         -0.04    0.22   library hold time
                                  0.22   data required time
-----------------------------------------------------------------------------
                                  0.22   data required time
                                 -0.77   data arrival time
-----------------------------------------------------------------------------
                                  0.55   slack (MET)


Startpoint: _239_ (rising edge-triggered flip-flop clocked by core_clock)
Endpoint: _207_ (rising edge-triggered flip-flop clocked by core_clock)
Path Group: core_clock
Path Type: min

Fanout     Cap    Slew   Delay    Time   Description
-----------------------------------------------------------------------------
                          0.00    0.00   clock core_clock (rise edge)
                          0.00    0.00   clock source latency
     1    0.01    0.00    0.00    0.00 ^ CLK (in)
                                         CLK (net)
                  0.00    0.00    0.00 ^ clkbuf_0_CLK/A (sky130_fd_sc_hd__clkbuf_16)
     4    0.03    0.05    0.12    0.12 ^ clkbuf_0_CLK/X (sky130_fd_sc_hd__clkbuf_16)
                                         clknet_0_CLK (net)
                  0.05    0.00    0.12 ^ clkbuf_2_2__f_CLK/A (sky130_fd_sc_hd__clkbuf_16)
    12    0.03    0.05    0.14    0.26 ^ clkbuf_2_2__f_CLK/X (sky130_fd_sc_hd__clkbuf_16)
                                         clknet_2_2__leaf_CLK (net)
                  0.05    0.00    0.26 ^ _239_/CLK (sky130_fd_sc_hd__dfxtp_1)
     3    0.01    0.07    0.33    0.59 ^ _239_/Q (sky130_fd_sc_hd__dfxtp_1)
                                         x33.B (net)
                  0.07    0.00    0.59 ^ _087_/A (sky130_fd_sc_hd__nand2_1)
     2    0.00    0.04    0.06    0.65 v _087_/Y (sky130_fd_sc_hd__nand2_1)
                                         _038_ (net)
                  0.04    0.00    0.65 v _189_/B1 (sky130_fd_sc_hd__o31a_1)
     1    0.00    0.03    0.09    0.74 v _189_/X (sky130_fd_sc_hd__o31a_1)
                                         _037_ (net)
                  0.03    0.00    0.74 v _190_/B1 (sky130_fd_sc_hd__o31ai_1)
     1    0.00    0.04    0.04    0.79 ^ _190_/Y (sky130_fd_sc_hd__o31ai_1)
                                         x49.G (net)
                  0.04    0.00    0.79 ^ _207_/D (sky130_fd_sc_hd__dfxtp_1)
                                  0.79   data arrival time

                          0.00    0.00   clock core_clock (rise edge)
                          0.00    0.00   clock source latency
     1    0.01    0.00    0.00    0.00 ^ CLK (in)
                                         CLK (net)
                  0.00    0.00    0.00 ^ clkbuf_0_CLK/A (sky130_fd_sc_hd__clkbuf_16)
     4    0.03    0.05    0.12    0.12 ^ clkbuf_0_CLK/X (sky130_fd_sc_hd__clkbuf_16)
                                         clknet_0_CLK (net)
                  0.05    0.00    0.12 ^ clkbuf_2_1__f_CLK/A (sky130_fd_sc_hd__clkbuf_16)
    18    0.03    0.06    0.14    0.26 ^ clkbuf_2_1__f_CLK/X (sky130_fd_sc_hd__clkbuf_16)
                                         clknet_2_1__leaf_CLK (net)
                  0.06    0.00    0.26 ^ _207_/CLK (sky130_fd_sc_hd__dfxtp_1)
                          0.00    0.26   clock reconvergence pessimism
                         -0.03    0.23   library hold time
                                  0.23   data required time
-----------------------------------------------------------------------------
                                  0.23   data required time
                                 -0.79   data arrival time
-----------------------------------------------------------------------------
                                  0.56   slack (MET)


Startpoint: _237_ (rising edge-triggered flip-flop clocked by core_clock)
Endpoint: _204_ (rising edge-triggered flip-flop clocked by core_clock)
Path Group: core_clock
Path Type: min

Fanout     Cap    Slew   Delay    Time   Description
-----------------------------------------------------------------------------
                          0.00    0.00   clock core_clock (rise edge)
                          0.00    0.00   clock source latency
     1    0.01    0.00    0.00    0.00 ^ CLK (in)
                                         CLK (net)
                  0.00    0.00    0.00 ^ clkbuf_0_CLK/A (sky130_fd_sc_hd__clkbuf_16)
     4    0.03    0.05    0.12    0.12 ^ clkbuf_0_CLK/X (sky130_fd_sc_hd__clkbuf_16)
                                         clknet_0_CLK (net)
                  0.05    0.00    0.12 ^ clkbuf_2_3__f_CLK/A (sky130_fd_sc_hd__clkbuf_16)
    10    0.03    0.05    0.14    0.26 ^ clkbuf_2_3__f_CLK/X (sky130_fd_sc_hd__clkbuf_16)
                                         clknet_2_3__leaf_CLK (net)
                  0.05    0.00    0.26 ^ _237_/CLK (sky130_fd_sc_hd__dfxtp_1)
     2    0.00    0.05    0.31    0.57 ^ _237_/Q (sky130_fd_sc_hd__dfxtp_1)
                                         x35.B (net)
                  0.05    0.00    0.57 ^ _135_/A (sky130_fd_sc_hd__nand2_1)
     2    0.00    0.04    0.06    0.62 v _135_/Y (sky130_fd_sc_hd__nand2_1)
                                         _086_ (net)
                  0.04    0.00    0.62 v _136_/B (sky130_fd_sc_hd__nand2_1)
     2    0.01    0.08    0.09    0.71 ^ _136_/Y (sky130_fd_sc_hd__nand2_1)
                                         _000_ (net)
                  0.08    0.00    0.71 ^ _153_/A (sky130_fd_sc_hd__xnor2_1)
     1    0.00    0.03    0.07    0.78 v _153_/Y (sky130_fd_sc_hd__xnor2_1)
                                         x67.Si (net)
                  0.03    0.00    0.78 v _204_/D (sky130_fd_sc_hd__dfxtp_1)
                                  0.78   data arrival time

                          0.00    0.00   clock core_clock (rise edge)
                          0.00    0.00   clock source latency
     1    0.01    0.00    0.00    0.00 ^ CLK (in)
                                         CLK (net)
                  0.00    0.00    0.00 ^ clkbuf_0_CLK/A (sky130_fd_sc_hd__clkbuf_16)
     4    0.03    0.05    0.12    0.12 ^ clkbuf_0_CLK/X (sky130_fd_sc_hd__clkbuf_16)
                                         clknet_0_CLK (net)
                  0.05    0.00    0.12 ^ clkbuf_2_1__f_CLK/A (sky130_fd_sc_hd__clkbuf_16)
    18    0.03    0.06    0.14    0.26 ^ clkbuf_2_1__f_CLK/X (sky130_fd_sc_hd__clkbuf_16)
                                         clknet_2_1__leaf_CLK (net)
                  0.06    0.00    0.26 ^ _204_/CLK (sky130_fd_sc_hd__dfxtp_1)
                          0.00    0.26   clock reconvergence pessimism
                         -0.04    0.22   library hold time
                                  0.22   data required time
-----------------------------------------------------------------------------
                                  0.22   data required time
                                 -0.78   data arrival time
-----------------------------------------------------------------------------
                                  0.56   slack (MET)


Startpoint: _236_ (rising edge-triggered flip-flop clocked by core_clock)
Endpoint: _203_ (rising edge-triggered flip-flop clocked by core_clock)
Path Group: core_clock
Path Type: min

Fanout     Cap    Slew   Delay    Time   Description
-----------------------------------------------------------------------------
                          0.00    0.00   clock core_clock (rise edge)
                          0.00    0.00   clock source latency
     1    0.01    0.00    0.00    0.00 ^ CLK (in)
                                         CLK (net)
                  0.00    0.00    0.00 ^ clkbuf_0_CLK/A (sky130_fd_sc_hd__clkbuf_16)
     4    0.03    0.05    0.12    0.12 ^ clkbuf_0_CLK/X (sky130_fd_sc_hd__clkbuf_16)
                                         clknet_0_CLK (net)
                  0.05    0.00    0.12 ^ clkbuf_2_2__f_CLK/A (sky130_fd_sc_hd__clkbuf_16)
    12    0.03    0.05    0.14    0.26 ^ clkbuf_2_2__f_CLK/X (sky130_fd_sc_hd__clkbuf_16)
                                         clknet_2_2__leaf_CLK (net)
                  0.05    0.00    0.26 ^ _236_/CLK (sky130_fd_sc_hd__dfxtp_1)
     2    0.00    0.05    0.31    0.57 ^ _236_/Q (sky130_fd_sc_hd__dfxtp_1)
                                         x36.B (net)
                  0.05    0.00    0.57 ^ _138_/A (sky130_fd_sc_hd__nand2_1)
     3    0.01    0.05    0.06    0.63 v _138_/Y (sky130_fd_sc_hd__nand2_1)
                                         _002_ (net)
                  0.05    0.00    0.63 v _139_/B (sky130_fd_sc_hd__nand2_1)
     2    0.01    0.08    0.09    0.73 ^ _139_/Y (sky130_fd_sc_hd__nand2_1)
                                         _003_ (net)
                  0.08    0.00    0.73 ^ _154_/B (sky130_fd_sc_hd__xnor2_1)
     1    0.00    0.03    0.06    0.78 v _154_/Y (sky130_fd_sc_hd__xnor2_1)
                                         x68.Si (net)
                  0.03    0.00    0.78 v _203_/D (sky130_fd_sc_hd__dfxtp_1)
                                  0.78   data arrival time

                          0.00    0.00   clock core_clock (rise edge)
                          0.00    0.00   clock source latency
     1    0.01    0.00    0.00    0.00 ^ CLK (in)
                                         CLK (net)
                  0.00    0.00    0.00 ^ clkbuf_0_CLK/A (sky130_fd_sc_hd__clkbuf_16)
     4    0.03    0.05    0.12    0.12 ^ clkbuf_0_CLK/X (sky130_fd_sc_hd__clkbuf_16)
                                         clknet_0_CLK (net)
                  0.05    0.00    0.12 ^ clkbuf_2_1__f_CLK/A (sky130_fd_sc_hd__clkbuf_16)
    18    0.03    0.06    0.14    0.26 ^ clkbuf_2_1__f_CLK/X (sky130_fd_sc_hd__clkbuf_16)
                                         clknet_2_1__leaf_CLK (net)
                  0.06    0.00    0.26 ^ _203_/CLK (sky130_fd_sc_hd__dfxtp_1)
                          0.00    0.26   clock reconvergence pessimism
                         -0.04    0.22   library hold time
                                  0.22   data required time
-----------------------------------------------------------------------------
                                  0.22   data required time
                                 -0.78   data arrival time
-----------------------------------------------------------------------------
                                  0.57   slack (MET)


Startpoint: _239_ (rising edge-triggered flip-flop clocked by core_clock)
Endpoint: _206_ (rising edge-triggered flip-flop clocked by core_clock)
Path Group: core_clock
Path Type: min

Fanout     Cap    Slew   Delay    Time   Description
-----------------------------------------------------------------------------
                          0.00    0.00   clock core_clock (rise edge)
                          0.00    0.00   clock source latency
     1    0.01    0.00    0.00    0.00 ^ CLK (in)
                                         CLK (net)
                  0.00    0.00    0.00 ^ clkbuf_0_CLK/A (sky130_fd_sc_hd__clkbuf_16)
     4    0.03    0.05    0.12    0.12 ^ clkbuf_0_CLK/X (sky130_fd_sc_hd__clkbuf_16)
                                         clknet_0_CLK (net)
                  0.05    0.00    0.12 ^ clkbuf_2_2__f_CLK/A (sky130_fd_sc_hd__clkbuf_16)
    12    0.03    0.05    0.14    0.26 ^ clkbuf_2_2__f_CLK/X (sky130_fd_sc_hd__clkbuf_16)
                                         clknet_2_2__leaf_CLK (net)
                  0.05    0.00    0.26 ^ _239_/CLK (sky130_fd_sc_hd__dfxtp_1)
     3    0.01    0.07    0.33    0.59 ^ _239_/Q (sky130_fd_sc_hd__dfxtp_1)
                                         x33.B (net)
                  0.07    0.00    0.59 ^ _087_/A (sky130_fd_sc_hd__nand2_1)
     2    0.00    0.04    0.06    0.65 v _087_/Y (sky130_fd_sc_hd__nand2_1)
                                         _038_ (net)
                  0.04    0.00    0.65 v _089_/A (sky130_fd_sc_hd__nand2_1)
     2    0.01    0.08    0.08    0.73 ^ _089_/Y (sky130_fd_sc_hd__nand2_1)
                                         _040_ (net)
                  0.08    0.00    0.73 ^ _147_/A (sky130_fd_sc_hd__xnor2_1)
     1    0.00    0.03    0.06    0.79 v _147_/Y (sky130_fd_sc_hd__xnor2_1)
                                         x65.Si (net)
                  0.03    0.00    0.79 v _206_/D (sky130_fd_sc_hd__dfxtp_1)
                                  0.79   data arrival time

                          0.00    0.00   clock core_clock (rise edge)
                          0.00    0.00   clock source latency
     1    0.01    0.00    0.00    0.00 ^ CLK (in)
                                         CLK (net)
                  0.00    0.00    0.00 ^ clkbuf_0_CLK/A (sky130_fd_sc_hd__clkbuf_16)
     4    0.03    0.05    0.12    0.12 ^ clkbuf_0_CLK/X (sky130_fd_sc_hd__clkbuf_16)
                                         clknet_0_CLK (net)
                  0.05    0.00    0.12 ^ clkbuf_2_1__f_CLK/A (sky130_fd_sc_hd__clkbuf_16)
    18    0.03    0.06    0.14    0.26 ^ clkbuf_2_1__f_CLK/X (sky130_fd_sc_hd__clkbuf_16)
                                         clknet_2_1__leaf_CLK (net)
                  0.06    0.00    0.26 ^ _206_/CLK (sky130_fd_sc_hd__dfxtp_1)
                          0.00    0.26   clock reconvergence pessimism
                         -0.05    0.22   library hold time
                                  0.22   data required time
-----------------------------------------------------------------------------
                                  0.22   data required time
                                 -0.79   data arrival time
-----------------------------------------------------------------------------
                                  0.58   slack (MET)


Startpoint: _232_ (rising edge-triggered flip-flop clocked by core_clock)
Endpoint: _200_ (rising edge-triggered flip-flop clocked by core_clock)
Path Group: core_clock
Path Type: min

Fanout     Cap    Slew   Delay    Time   Description
-----------------------------------------------------------------------------
                          0.00    0.00   clock core_clock (rise edge)
                          0.00    0.00   clock source latency
     1    0.01    0.00    0.00    0.00 ^ CLK (in)
                                         CLK (net)
                  0.00    0.00    0.00 ^ clkbuf_0_CLK/A (sky130_fd_sc_hd__clkbuf_16)
     4    0.03    0.05    0.12    0.12 ^ clkbuf_0_CLK/X (sky130_fd_sc_hd__clkbuf_16)
                                         clknet_0_CLK (net)
                  0.05    0.00    0.12 ^ clkbuf_2_2__f_CLK/A (sky130_fd_sc_hd__clkbuf_16)
    12    0.03    0.05    0.14    0.26 ^ clkbuf_2_2__f_CLK/X (sky130_fd_sc_hd__clkbuf_16)
                                         clknet_2_2__leaf_CLK (net)
                  0.05    0.00    0.26 ^ _232_/CLK (sky130_fd_sc_hd__dfxtp_1)
     4    0.01    0.12    0.36    0.62 ^ _232_/Q (sky130_fd_sc_hd__dfxtp_1)
                                         x12.B (net)
                  0.12    0.00    0.62 ^ _161_/A1 (sky130_fd_sc_hd__a21oi_1)
     1    0.00    0.03    0.09    0.71 v _161_/Y (sky130_fd_sc_hd__a21oi_1)
                                         _019_ (net)
                  0.03    0.00    0.71 v _162_/B (sky130_fd_sc_hd__xnor2_1)
     1    0.00    0.04    0.10    0.81 ^ _162_/Y (sky130_fd_sc_hd__xnor2_1)
                                         x71.Si (net)
                  0.04    0.00    0.81 ^ _200_/D (sky130_fd_sc_hd__dfxtp_1)
                                  0.81   data arrival time

                          0.00    0.00   clock core_clock (rise edge)
                          0.00    0.00   clock source latency
     1    0.01    0.00    0.00    0.00 ^ CLK (in)
                                         CLK (net)
                  0.00    0.00    0.00 ^ clkbuf_0_CLK/A (sky130_fd_sc_hd__clkbuf_16)
     4    0.03    0.05    0.12    0.12 ^ clkbuf_0_CLK/X (sky130_fd_sc_hd__clkbuf_16)
                                         clknet_0_CLK (net)
                  0.05    0.00    0.12 ^ clkbuf_2_1__f_CLK/A (sky130_fd_sc_hd__clkbuf_16)
    18    0.03    0.06    0.14    0.26 ^ clkbuf_2_1__f_CLK/X (sky130_fd_sc_hd__clkbuf_16)
                                         clknet_2_1__leaf_CLK (net)
                  0.06    0.00    0.26 ^ _200_/CLK (sky130_fd_sc_hd__dfxtp_1)
                          0.00    0.26   clock reconvergence pessimism
                         -0.03    0.23   library hold time
                                  0.23   data required time
-----------------------------------------------------------------------------
                                  0.23   data required time
                                 -0.81   data arrival time
-----------------------------------------------------------------------------
                                  0.58   slack (MET)


Startpoint: _224_ (rising edge-triggered flip-flop clocked by core_clock)
Endpoint: _192_ (rising edge-triggered flip-flop clocked by core_clock)
Path Group: core_clock
Path Type: min

Fanout     Cap    Slew   Delay    Time   Description
-----------------------------------------------------------------------------
                          0.00    0.00   clock core_clock (rise edge)
                          0.00    0.00   clock source latency
     1    0.01    0.00    0.00    0.00 ^ CLK (in)
                                         CLK (net)
                  0.00    0.00    0.00 ^ clkbuf_0_CLK/A (sky130_fd_sc_hd__clkbuf_16)
     4    0.03    0.05    0.12    0.12 ^ clkbuf_0_CLK/X (sky130_fd_sc_hd__clkbuf_16)
                                         clknet_0_CLK (net)
                  0.05    0.00    0.12 ^ clkbuf_2_0__f_CLK/A (sky130_fd_sc_hd__clkbuf_16)
    13    0.03    0.06    0.14    0.26 ^ clkbuf_2_0__f_CLK/X (sky130_fd_sc_hd__clkbuf_16)
                                         clknet_2_0__leaf_CLK (net)
                  0.06    0.00    0.26 ^ _224_/CLK (sky130_fd_sc_hd__dfxtp_1)
     3    0.01    0.07    0.33    0.59 ^ _224_/Q (sky130_fd_sc_hd__dfxtp_1)
                                         x8.B (net)
                  0.07    0.00    0.59 ^ _098_/A (sky130_fd_sc_hd__nand2_1)
     4    0.01    0.07    0.08    0.67 v _098_/Y (sky130_fd_sc_hd__nand2_1)
                                         _049_ (net)
                  0.07    0.00    0.67 v _183_/A (sky130_fd_sc_hd__nand2_1)
     1    0.00    0.06    0.07    0.75 ^ _183_/Y (sky130_fd_sc_hd__nand2_1)
                                         _033_ (net)
                  0.06    0.00    0.75 ^ _184_/B (sky130_fd_sc_hd__xor2_1)
     1    0.00    0.03    0.05    0.80 v _184_/X (sky130_fd_sc_hd__xor2_1)
                                         x79.Si (net)
                  0.03    0.00    0.80 v _192_/D (sky130_fd_sc_hd__dfxtp_1)
                                  0.80   data arrival time

                          0.00    0.00   clock core_clock (rise edge)
                          0.00    0.00   clock source latency
     1    0.01    0.00    0.00    0.00 ^ CLK (in)
                                         CLK (net)
                  0.00    0.00    0.00 ^ clkbuf_0_CLK/A (sky130_fd_sc_hd__clkbuf_16)
     4    0.03    0.05    0.12    0.12 ^ clkbuf_0_CLK/X (sky130_fd_sc_hd__clkbuf_16)
                                         clknet_0_CLK (net)
                  0.05    0.00    0.12 ^ clkbuf_2_0__f_CLK/A (sky130_fd_sc_hd__clkbuf_16)
    13    0.03    0.06    0.14    0.26 ^ clkbuf_2_0__f_CLK/X (sky130_fd_sc_hd__clkbuf_16)
                                         clknet_2_0__leaf_CLK (net)
                  0.06    0.00    0.26 ^ _192_/CLK (sky130_fd_sc_hd__dfxtp_1)
                          0.00    0.26   clock reconvergence pessimism
                         -0.05    0.21   library hold time
                                  0.21   data required time
-----------------------------------------------------------------------------
                                  0.21   data required time
                                 -0.80   data arrival time
-----------------------------------------------------------------------------
                                  0.58   slack (MET)


Startpoint: _234_ (rising edge-triggered flip-flop clocked by core_clock)
Endpoint: _201_ (rising edge-triggered flip-flop clocked by core_clock)
Path Group: core_clock
Path Type: min

Fanout     Cap    Slew   Delay    Time   Description
-----------------------------------------------------------------------------
                          0.00    0.00   clock core_clock (rise edge)
                          0.00    0.00   clock source latency
     1    0.01    0.00    0.00    0.00 ^ CLK (in)
                                         CLK (net)
                  0.00    0.00    0.00 ^ clkbuf_0_CLK/A (sky130_fd_sc_hd__clkbuf_16)
     4    0.03    0.05    0.12    0.12 ^ clkbuf_0_CLK/X (sky130_fd_sc_hd__clkbuf_16)
                                         clknet_0_CLK (net)
                  0.05    0.00    0.12 ^ clkbuf_2_2__f_CLK/A (sky130_fd_sc_hd__clkbuf_16)
    12    0.03    0.05    0.14    0.26 ^ clkbuf_2_2__f_CLK/X (sky130_fd_sc_hd__clkbuf_16)
                                         clknet_2_2__leaf_CLK (net)
                  0.05    0.00    0.26 ^ _234_/CLK (sky130_fd_sc_hd__dfxtp_1)
     3    0.01    0.04    0.31    0.57 v _234_/Q (sky130_fd_sc_hd__dfxtp_1)
                                         x10.B (net)
                  0.04    0.00    0.57 v _124_/A (sky130_fd_sc_hd__nand2_1)
     1    0.00    0.03    0.04    0.61 ^ _124_/Y (sky130_fd_sc_hd__nand2_1)
                                         _075_ (net)
                  0.03    0.00    0.61 ^ _126_/A (sky130_fd_sc_hd__and2_1)
     2    0.01    0.08    0.13    0.74 ^ _126_/X (sky130_fd_sc_hd__and2_1)
                                         _077_ (net)
                  0.08    0.00    0.74 ^ _159_/A (sky130_fd_sc_hd__xnor2_1)
     1    0.00    0.03    0.07    0.80 v _159_/Y (sky130_fd_sc_hd__xnor2_1)
                                         x70.Si (net)
                  0.03    0.00    0.80 v _201_/D (sky130_fd_sc_hd__dfxtp_1)
                                  0.80   data arrival time

                          0.00    0.00   clock core_clock (rise edge)
                          0.00    0.00   clock source latency
     1    0.01    0.00    0.00    0.00 ^ CLK (in)
                                         CLK (net)
                  0.00    0.00    0.00 ^ clkbuf_0_CLK/A (sky130_fd_sc_hd__clkbuf_16)
     4    0.03    0.05    0.12    0.12 ^ clkbuf_0_CLK/X (sky130_fd_sc_hd__clkbuf_16)
                                         clknet_0_CLK (net)
                  0.05    0.00    0.12 ^ clkbuf_2_1__f_CLK/A (sky130_fd_sc_hd__clkbuf_16)
    18    0.03    0.06    0.14    0.26 ^ clkbuf_2_1__f_CLK/X (sky130_fd_sc_hd__clkbuf_16)
                                         clknet_2_1__leaf_CLK (net)
                  0.06    0.00    0.26 ^ _201_/CLK (sky130_fd_sc_hd__dfxtp_1)
                          0.00    0.26   clock reconvergence pessimism
                         -0.05    0.22   library hold time
                                  0.22   data required time
-----------------------------------------------------------------------------
                                  0.22   data required time
                                 -0.80   data arrival time
-----------------------------------------------------------------------------
                                  0.59   slack (MET)


Startpoint: _240_ (rising edge-triggered flip-flop clocked by core_clock)
Endpoint: _198_ (rising edge-triggered flip-flop clocked by core_clock)
Path Group: core_clock
Path Type: min

Fanout     Cap    Slew   Delay    Time   Description
-----------------------------------------------------------------------------
                          0.00    0.00   clock core_clock (rise edge)
                          0.00    0.00   clock source latency
     1    0.01    0.00    0.00    0.00 ^ CLK (in)
                                         CLK (net)
                  0.00    0.00    0.00 ^ clkbuf_0_CLK/A (sky130_fd_sc_hd__clkbuf_16)
     4    0.03    0.05    0.12    0.12 ^ clkbuf_0_CLK/X (sky130_fd_sc_hd__clkbuf_16)
                                         clknet_0_CLK (net)
                  0.05    0.00    0.12 ^ clkbuf_2_3__f_CLK/A (sky130_fd_sc_hd__clkbuf_16)
    10    0.03    0.05    0.14    0.26 ^ clkbuf_2_3__f_CLK/X (sky130_fd_sc_hd__clkbuf_16)
                                         clknet_2_3__leaf_CLK (net)
                  0.05    0.00    0.26 ^ _240_/CLK (sky130_fd_sc_hd__dfxtp_1)
     4    0.01    0.10    0.34    0.60 ^ _240_/Q (sky130_fd_sc_hd__dfxtp_1)
                                         x49.G1 (net)
                  0.10    0.00    0.60 ^ _165_/B2 (sky130_fd_sc_hd__a22o_1)
     1    0.00    0.06    0.14    0.75 ^ _165_/X (sky130_fd_sc_hd__a22o_1)
                                         _021_ (net)
                  0.06    0.00    0.75 ^ _167_/A (sky130_fd_sc_hd__xnor2_1)
     1    0.00    0.03    0.06    0.81 v _167_/Y (sky130_fd_sc_hd__xnor2_1)
                                         x73.Si (net)
                  0.03    0.00    0.81 v _198_/D (sky130_fd_sc_hd__dfxtp_1)
                                  0.81   data arrival time

                          0.00    0.00   clock core_clock (rise edge)
                          0.00    0.00   clock source latency
     1    0.01    0.00    0.00    0.00 ^ CLK (in)
                                         CLK (net)
                  0.00    0.00    0.00 ^ clkbuf_0_CLK/A (sky130_fd_sc_hd__clkbuf_16)
     4    0.03    0.05    0.12    0.12 ^ clkbuf_0_CLK/X (sky130_fd_sc_hd__clkbuf_16)
                                         clknet_0_CLK (net)
                  0.05    0.00    0.12 ^ clkbuf_2_0__f_CLK/A (sky130_fd_sc_hd__clkbuf_16)
    13    0.03    0.06    0.14    0.26 ^ clkbuf_2_0__f_CLK/X (sky130_fd_sc_hd__clkbuf_16)
                                         clknet_2_0__leaf_CLK (net)
                  0.06    0.00    0.26 ^ _198_/CLK (sky130_fd_sc_hd__dfxtp_1)
                          0.00    0.26   clock reconvergence pessimism
                         -0.05    0.22   library hold time
                                  0.22   data required time
-----------------------------------------------------------------------------
                                  0.22   data required time
                                 -0.81   data arrival time
-----------------------------------------------------------------------------
                                  0.59   slack (MET)


Startpoint: _240_ (rising edge-triggered flip-flop clocked by core_clock)
Endpoint: _191_ (rising edge-triggered flip-flop clocked by core_clock)
Path Group: core_clock
Path Type: min

Fanout     Cap    Slew   Delay    Time   Description
-----------------------------------------------------------------------------
                          0.00    0.00   clock core_clock (rise edge)
                          0.00    0.00   clock source latency
     1    0.01    0.00    0.00    0.00 ^ CLK (in)
                                         CLK (net)
                  0.00    0.00    0.00 ^ clkbuf_0_CLK/A (sky130_fd_sc_hd__clkbuf_16)
     4    0.03    0.05    0.12    0.12 ^ clkbuf_0_CLK/X (sky130_fd_sc_hd__clkbuf_16)
                                         clknet_0_CLK (net)
                  0.05    0.00    0.12 ^ clkbuf_2_3__f_CLK/A (sky130_fd_sc_hd__clkbuf_16)
    10    0.03    0.05    0.14    0.26 ^ clkbuf_2_3__f_CLK/X (sky130_fd_sc_hd__clkbuf_16)
                                         clknet_2_3__leaf_CLK (net)
                  0.05    0.00    0.26 ^ _240_/CLK (sky130_fd_sc_hd__dfxtp_1)
     4    0.01    0.05    0.32    0.58 v _240_/Q (sky130_fd_sc_hd__dfxtp_1)
                                         x49.G1 (net)
                  0.05    0.00    0.58 v _182_/A (sky130_fd_sc_hd__nand3_1)
     2    0.00    0.06    0.07    0.65 ^ _182_/Y (sky130_fd_sc_hd__nand3_1)
                                         _032_ (net)
                  0.06    0.00    0.65 ^ _186_/A (sky130_fd_sc_hd__and2_1)
     1    0.00    0.04    0.11    0.76 ^ _186_/X (sky130_fd_sc_hd__and2_1)
                                         _035_ (net)
                  0.04    0.00    0.76 ^ _187_/A (sky130_fd_sc_hd__clkbuf_1)
     1    0.00    0.03    0.07    0.83 ^ _187_/X (sky130_fd_sc_hd__clkbuf_1)
                                         x80.Si (net)
                  0.03    0.00    0.83 ^ _191_/D (sky130_fd_sc_hd__dfxtp_1)
                                  0.83   data arrival time

                          0.00    0.00   clock core_clock (rise edge)
                          0.00    0.00   clock source latency
     1    0.01    0.00    0.00    0.00 ^ CLK (in)
                                         CLK (net)
                  0.00    0.00    0.00 ^ clkbuf_0_CLK/A (sky130_fd_sc_hd__clkbuf_16)
     4    0.03    0.05    0.12    0.12 ^ clkbuf_0_CLK/X (sky130_fd_sc_hd__clkbuf_16)
                                         clknet_0_CLK (net)
                  0.05    0.00    0.12 ^ clkbuf_2_0__f_CLK/A (sky130_fd_sc_hd__clkbuf_16)
    13    0.03    0.06    0.14    0.26 ^ clkbuf_2_0__f_CLK/X (sky130_fd_sc_hd__clkbuf_16)
                                         clknet_2_0__leaf_CLK (net)
                  0.06    0.00    0.26 ^ _191_/CLK (sky130_fd_sc_hd__dfxtp_1)
                          0.00    0.26   clock reconvergence pessimism
                         -0.03    0.23   library hold time
                                  0.23   data required time
-----------------------------------------------------------------------------
                                  0.23   data required time
                                 -0.83   data arrival time
-----------------------------------------------------------------------------
                                  0.59   slack (MET)


Startpoint: _219_ (rising edge-triggered flip-flop clocked by core_clock)
Endpoint: _202_ (rising edge-triggered flip-flop clocked by core_clock)
Path Group: core_clock
Path Type: min

Fanout     Cap    Slew   Delay    Time   Description
-----------------------------------------------------------------------------
                          0.00    0.00   clock core_clock (rise edge)
                          0.00    0.00   clock source latency
     1    0.01    0.00    0.00    0.00 ^ CLK (in)
                                         CLK (net)
                  0.00    0.00    0.00 ^ clkbuf_0_CLK/A (sky130_fd_sc_hd__clkbuf_16)
     4    0.03    0.05    0.12    0.12 ^ clkbuf_0_CLK/X (sky130_fd_sc_hd__clkbuf_16)
                                         clknet_0_CLK (net)
                  0.05    0.00    0.12 ^ clkbuf_2_3__f_CLK/A (sky130_fd_sc_hd__clkbuf_16)
    10    0.03    0.05    0.14    0.26 ^ clkbuf_2_3__f_CLK/X (sky130_fd_sc_hd__clkbuf_16)
                                         clknet_2_3__leaf_CLK (net)
                  0.05    0.00    0.26 ^ _219_/CLK (sky130_fd_sc_hd__dfxtp_1)
     2    0.00    0.03    0.30    0.56 v _219_/Q (sky130_fd_sc_hd__dfxtp_1)
                                         x9.A (net)
                  0.03    0.00    0.56 v _128_/B (sky130_fd_sc_hd__nor2_1)
     1    0.00    0.07    0.07    0.63 ^ _128_/Y (sky130_fd_sc_hd__nor2_1)
                                         _079_ (net)
                  0.07    0.00    0.63 ^ _129_/B (sky130_fd_sc_hd__nor2_1)
     3    0.01    0.05    0.06    0.69 v _129_/Y (sky130_fd_sc_hd__nor2_1)
                                         _080_ (net)
                  0.05    0.00    0.69 v _157_/A (sky130_fd_sc_hd__xor2_1)
     1    0.00    0.08    0.13    0.82 ^ _157_/X (sky130_fd_sc_hd__xor2_1)
                                         x69.Si (net)
                  0.08    0.00    0.82 ^ _202_/D (sky130_fd_sc_hd__dfxtp_1)
                                  0.82   data arrival time

                          0.00    0.00   clock core_clock (rise edge)
                          0.00    0.00   clock source latency
     1    0.01    0.00    0.00    0.00 ^ CLK (in)
                                         CLK (net)
                  0.00    0.00    0.00 ^ clkbuf_0_CLK/A (sky130_fd_sc_hd__clkbuf_16)
     4    0.03    0.05    0.12    0.12 ^ clkbuf_0_CLK/X (sky130_fd_sc_hd__clkbuf_16)
                                         clknet_0_CLK (net)
                  0.05    0.00    0.12 ^ clkbuf_2_1__f_CLK/A (sky130_fd_sc_hd__clkbuf_16)
    18    0.03    0.06    0.14    0.26 ^ clkbuf_2_1__f_CLK/X (sky130_fd_sc_hd__clkbuf_16)
                                         clknet_2_1__leaf_CLK (net)
                  0.06    0.00    0.26 ^ _202_/CLK (sky130_fd_sc_hd__dfxtp_1)
                          0.00    0.26   clock reconvergence pessimism
                         -0.04    0.22   library hold time
                                  0.22   data required time
-----------------------------------------------------------------------------
                                  0.22   data required time
                                 -0.82   data arrival time
-----------------------------------------------------------------------------
                                  0.59   slack (MET)


Startpoint: _210_ (rising edge-triggered flip-flop clocked by core_clock)
Endpoint: _193_ (rising edge-triggered flip-flop clocked by core_clock)
Path Group: core_clock
Path Type: min

Fanout     Cap    Slew   Delay    Time   Description
-----------------------------------------------------------------------------
                          0.00    0.00   clock core_clock (rise edge)
                          0.00    0.00   clock source latency
     1    0.01    0.00    0.00    0.00 ^ CLK (in)
                                         CLK (net)
                  0.00    0.00    0.00 ^ clkbuf_0_CLK/A (sky130_fd_sc_hd__clkbuf_16)
     4    0.03    0.05    0.12    0.12 ^ clkbuf_0_CLK/X (sky130_fd_sc_hd__clkbuf_16)
                                         clknet_0_CLK (net)
                  0.05    0.00    0.12 ^ clkbuf_2_1__f_CLK/A (sky130_fd_sc_hd__clkbuf_16)
    18    0.03    0.06    0.14    0.26 ^ clkbuf_2_1__f_CLK/X (sky130_fd_sc_hd__clkbuf_16)
                                         clknet_2_1__leaf_CLK (net)
                  0.06    0.00    0.26 ^ _210_/CLK (sky130_fd_sc_hd__dfxtp_1)
     3    0.01    0.08    0.33    0.59 ^ _210_/Q (sky130_fd_sc_hd__dfxtp_1)
                                         x6.A (net)
                  0.08    0.00    0.59 ^ _176_/B (sky130_fd_sc_hd__nor2_1)
     2    0.00    0.03    0.05    0.64 v _176_/Y (sky130_fd_sc_hd__nor2_1)
                                         _028_ (net)
                  0.03    0.00    0.64 v _180_/B (sky130_fd_sc_hd__nor2_1)
     1    0.00    0.11    0.10    0.74 ^ _180_/Y (sky130_fd_sc_hd__nor2_1)
                                         _031_ (net)
                  0.11    0.00    0.74 ^ _181_/A (sky130_fd_sc_hd__xnor2_1)
     1    0.00    0.03    0.07    0.81 v _181_/Y (sky130_fd_sc_hd__xnor2_1)
                                         x78.Si (net)
                  0.03    0.00    0.81 v _193_/D (sky130_fd_sc_hd__dfxtp_1)
                                  0.81   data arrival time

                          0.00    0.00   clock core_clock (rise edge)
                          0.00    0.00   clock source latency
     1    0.01    0.00    0.00    0.00 ^ CLK (in)
                                         CLK (net)
                  0.00    0.00    0.00 ^ clkbuf_0_CLK/A (sky130_fd_sc_hd__clkbuf_16)
     4    0.03    0.05    0.12    0.12 ^ clkbuf_0_CLK/X (sky130_fd_sc_hd__clkbuf_16)
                                         clknet_0_CLK (net)
                  0.05    0.00    0.12 ^ clkbuf_2_2__f_CLK/A (sky130_fd_sc_hd__clkbuf_16)
    12    0.03    0.05    0.14    0.26 ^ clkbuf_2_2__f_CLK/X (sky130_fd_sc_hd__clkbuf_16)
                                         clknet_2_2__leaf_CLK (net)
                  0.05    0.00    0.26 ^ _193_/CLK (sky130_fd_sc_hd__dfxtp_1)
                          0.00    0.26   clock reconvergence pessimism
                         -0.05    0.21   library hold time
                                  0.21   data required time
-----------------------------------------------------------------------------
                                  0.21   data required time
                                 -0.81   data arrival time
-----------------------------------------------------------------------------
                                  0.60   slack (MET)


Startpoint: _232_ (rising edge-triggered flip-flop clocked by core_clock)
Endpoint: _199_ (rising edge-triggered flip-flop clocked by core_clock)
Path Group: core_clock
Path Type: min

Fanout     Cap    Slew   Delay    Time   Description
-----------------------------------------------------------------------------
                          0.00    0.00   clock core_clock (rise edge)
                          0.00    0.00   clock source latency
     1    0.01    0.00    0.00    0.00 ^ CLK (in)
                                         CLK (net)
                  0.00    0.00    0.00 ^ clkbuf_0_CLK/A (sky130_fd_sc_hd__clkbuf_16)
     4    0.03    0.05    0.12    0.12 ^ clkbuf_0_CLK/X (sky130_fd_sc_hd__clkbuf_16)
                                         clknet_0_CLK (net)
                  0.05    0.00    0.12 ^ clkbuf_2_2__f_CLK/A (sky130_fd_sc_hd__clkbuf_16)
    12    0.03    0.05    0.14    0.26 ^ clkbuf_2_2__f_CLK/X (sky130_fd_sc_hd__clkbuf_16)
                                         clknet_2_2__leaf_CLK (net)
                  0.05    0.00    0.26 ^ _232_/CLK (sky130_fd_sc_hd__dfxtp_1)
     4    0.01    0.12    0.36    0.62 ^ _232_/Q (sky130_fd_sc_hd__dfxtp_1)
                                         x12.B (net)
                  0.12    0.00    0.62 ^ _119_/A (sky130_fd_sc_hd__xor2_1)
     2    0.01    0.05    0.10    0.72 v _119_/X (sky130_fd_sc_hd__xor2_1)
                                         _070_ (net)
                  0.05    0.00    0.72 v _163_/B (sky130_fd_sc_hd__xor2_1)
     1    0.00    0.08    0.11    0.83 ^ _163_/X (sky130_fd_sc_hd__xor2_1)
                                         x72.Si (net)
                  0.08    0.00    0.83 ^ _199_/D (sky130_fd_sc_hd__dfxtp_1)
                                  0.83   data arrival time

                          0.00    0.00   clock core_clock (rise edge)
                          0.00    0.00   clock source latency
     1    0.01    0.00    0.00    0.00 ^ CLK (in)
                                         CLK (net)
                  0.00    0.00    0.00 ^ clkbuf_0_CLK/A (sky130_fd_sc_hd__clkbuf_16)
     4    0.03    0.05    0.12    0.12 ^ clkbuf_0_CLK/X (sky130_fd_sc_hd__clkbuf_16)
                                         clknet_0_CLK (net)
                  0.05    0.00    0.12 ^ clkbuf_2_1__f_CLK/A (sky130_fd_sc_hd__clkbuf_16)
    18    0.03    0.06    0.14    0.26 ^ clkbuf_2_1__f_CLK/X (sky130_fd_sc_hd__clkbuf_16)
                                         clknet_2_1__leaf_CLK (net)
                  0.06    0.00    0.26 ^ _199_/CLK (sky130_fd_sc_hd__dfxtp_1)
                          0.00    0.26   clock reconvergence pessimism
                         -0.04    0.22   library hold time
                                  0.22   data required time
-----------------------------------------------------------------------------
                                  0.22   data required time
                                 -0.83   data arrival time
-----------------------------------------------------------------------------
                                  0.60   slack (MET)


Startpoint: _212_ (rising edge-triggered flip-flop clocked by core_clock)
Endpoint: _195_ (rising edge-triggered flip-flop clocked by core_clock)
Path Group: core_clock
Path Type: min

Fanout     Cap    Slew   Delay    Time   Description
-----------------------------------------------------------------------------
                          0.00    0.00   clock core_clock (rise edge)
                          0.00    0.00   clock source latency
     1    0.01    0.00    0.00    0.00 ^ CLK (in)
                                         CLK (net)
                  0.00    0.00    0.00 ^ clkbuf_0_CLK/A (sky130_fd_sc_hd__clkbuf_16)
     4    0.03    0.05    0.12    0.12 ^ clkbuf_0_CLK/X (sky130_fd_sc_hd__clkbuf_16)
                                         clknet_0_CLK (net)
                  0.05    0.00    0.12 ^ clkbuf_2_1__f_CLK/A (sky130_fd_sc_hd__clkbuf_16)
    18    0.03    0.06    0.14    0.26 ^ clkbuf_2_1__f_CLK/X (sky130_fd_sc_hd__clkbuf_16)
                                         clknet_2_1__leaf_CLK (net)
                  0.06    0.00    0.26 ^ _212_/CLK (sky130_fd_sc_hd__dfxtp_1)
     3    0.01    0.04    0.31    0.57 v _212_/Q (sky130_fd_sc_hd__dfxtp_1)
                                         x4.A (net)
                  0.04    0.00    0.57 v _091_/B (sky130_fd_sc_hd__nor2_1)
     2    0.00    0.10    0.09    0.66 ^ _091_/Y (sky130_fd_sc_hd__nor2_1)
                                         _042_ (net)
                  0.10    0.00    0.66 ^ _092_/B (sky130_fd_sc_hd__or2_1)
     2    0.01    0.07    0.13    0.79 ^ _092_/X (sky130_fd_sc_hd__or2_1)
                                         _043_ (net)
                  0.07    0.00    0.79 ^ _173_/A (sky130_fd_sc_hd__xor2_1)
     1    0.00    0.03    0.06    0.85 v _173_/X (sky130_fd_sc_hd__xor2_1)
                                         x76.Si (net)
                  0.03    0.00    0.85 v _195_/D (sky130_fd_sc_hd__dfxtp_1)
                                  0.85   data arrival time

                          0.00    0.00   clock core_clock (rise edge)
                          0.00    0.00   clock source latency
     1    0.01    0.00    0.00    0.00 ^ CLK (in)
                                         CLK (net)
                  0.00    0.00    0.00 ^ clkbuf_0_CLK/A (sky130_fd_sc_hd__clkbuf_16)
     4    0.03    0.05    0.12    0.12 ^ clkbuf_0_CLK/X (sky130_fd_sc_hd__clkbuf_16)
                                         clknet_0_CLK (net)
                  0.05    0.00    0.12 ^ clkbuf_2_2__f_CLK/A (sky130_fd_sc_hd__clkbuf_16)
    12    0.03    0.05    0.14    0.26 ^ clkbuf_2_2__f_CLK/X (sky130_fd_sc_hd__clkbuf_16)
                                         clknet_2_2__leaf_CLK (net)
                  0.05    0.00    0.26 ^ _195_/CLK (sky130_fd_sc_hd__dfxtp_1)
                          0.00    0.26   clock reconvergence pessimism
                         -0.05    0.21   library hold time
                                  0.21   data required time
-----------------------------------------------------------------------------
                                  0.21   data required time
                                 -0.85   data arrival time
-----------------------------------------------------------------------------
                                  0.64   slack (MET)


Startpoint: _237_ (rising edge-triggered flip-flop clocked by core_clock)
Endpoint: _205_ (rising edge-triggered flip-flop clocked by core_clock)
Path Group: core_clock
Path Type: min

Fanout     Cap    Slew   Delay    Time   Description
-----------------------------------------------------------------------------
                          0.00    0.00   clock core_clock (rise edge)
                          0.00    0.00   clock source latency
     1    0.01    0.00    0.00    0.00 ^ CLK (in)
                                         CLK (net)
                  0.00    0.00    0.00 ^ clkbuf_0_CLK/A (sky130_fd_sc_hd__clkbuf_16)
     4    0.03    0.05    0.12    0.12 ^ clkbuf_0_CLK/X (sky130_fd_sc_hd__clkbuf_16)
                                         clknet_0_CLK (net)
                  0.05    0.00    0.12 ^ clkbuf_2_3__f_CLK/A (sky130_fd_sc_hd__clkbuf_16)
    10    0.03    0.05    0.14    0.26 ^ clkbuf_2_3__f_CLK/X (sky130_fd_sc_hd__clkbuf_16)
                                         clknet_2_3__leaf_CLK (net)
                  0.05    0.00    0.26 ^ _237_/CLK (sky130_fd_sc_hd__dfxtp_1)
     2    0.00    0.05    0.31    0.57 ^ _237_/Q (sky130_fd_sc_hd__dfxtp_1)
                                         x35.B (net)
                  0.05    0.00    0.57 ^ _135_/A (sky130_fd_sc_hd__nand2_1)
     2    0.00    0.04    0.06    0.62 v _135_/Y (sky130_fd_sc_hd__nand2_1)
                                         _086_ (net)
                  0.04    0.00    0.62 v _142_/A (sky130_fd_sc_hd__nand2_1)
     2    0.00    0.06    0.07    0.69 ^ _142_/Y (sky130_fd_sc_hd__nand2_1)
                                         _006_ (net)
                  0.06    0.00    0.69 ^ _148_/A2 (sky130_fd_sc_hd__a21bo_1)
     1    0.00    0.05    0.11    0.81 ^ _148_/X (sky130_fd_sc_hd__a21bo_1)
                                         _011_ (net)
                  0.05    0.00    0.81 ^ _150_/A (sky130_fd_sc_hd__xnor2_1)
     1    0.00    0.03    0.06    0.86 v _150_/Y (sky130_fd_sc_hd__xnor2_1)
                                         x66.Si (net)
                  0.03    0.00    0.86 v _205_/D (sky130_fd_sc_hd__dfxtp_1)
                                  0.86   data arrival time

                          0.00    0.00   clock core_clock (rise edge)
                          0.00    0.00   clock source latency
     1    0.01    0.00    0.00    0.00 ^ CLK (in)
                                         CLK (net)
                  0.00    0.00    0.00 ^ clkbuf_0_CLK/A (sky130_fd_sc_hd__clkbuf_16)
     4    0.03    0.05    0.12    0.12 ^ clkbuf_0_CLK/X (sky130_fd_sc_hd__clkbuf_16)
                                         clknet_0_CLK (net)
                  0.05    0.00    0.12 ^ clkbuf_2_3__f_CLK/A (sky130_fd_sc_hd__clkbuf_16)
    10    0.03    0.05    0.14    0.26 ^ clkbuf_2_3__f_CLK/X (sky130_fd_sc_hd__clkbuf_16)
                                         clknet_2_3__leaf_CLK (net)
                  0.05    0.00    0.26 ^ _205_/CLK (sky130_fd_sc_hd__dfxtp_1)
                          0.00    0.26   clock reconvergence pessimism
                         -0.05    0.21   library hold time
                                  0.21   data required time
-----------------------------------------------------------------------------
                                  0.21   data required time
                                 -0.86   data arrival time
-----------------------------------------------------------------------------
                                  0.65   slack (MET)


Startpoint: _214_ (rising edge-triggered flip-flop clocked by core_clock)
Endpoint: _197_ (rising edge-triggered flip-flop clocked by core_clock)
Path Group: core_clock
Path Type: min

Fanout     Cap    Slew   Delay    Time   Description
-----------------------------------------------------------------------------
                          0.00    0.00   clock core_clock (rise edge)
                          0.00    0.00   clock source latency
     1    0.01    0.00    0.00    0.00 ^ CLK (in)
                                         CLK (net)
                  0.00    0.00    0.00 ^ clkbuf_0_CLK/A (sky130_fd_sc_hd__clkbuf_16)
     4    0.03    0.05    0.12    0.12 ^ clkbuf_0_CLK/X (sky130_fd_sc_hd__clkbuf_16)
                                         clknet_0_CLK (net)
                  0.05    0.00    0.12 ^ clkbuf_2_1__f_CLK/A (sky130_fd_sc_hd__clkbuf_16)
    18    0.03    0.06    0.14    0.26 ^ clkbuf_2_1__f_CLK/X (sky130_fd_sc_hd__clkbuf_16)
                                         clknet_2_1__leaf_CLK (net)
                  0.06    0.00    0.26 ^ _214_/CLK (sky130_fd_sc_hd__dfxtp_1)
     3    0.01    0.10    0.35    0.61 ^ _214_/Q (sky130_fd_sc_hd__dfxtp_1)
                                         x2.A (net)
                  0.10    0.00    0.61 ^ _109_/B (sky130_fd_sc_hd__xor2_1)
     3    0.01    0.06    0.10    0.71 v _109_/X (sky130_fd_sc_hd__xor2_1)
                                         _060_ (net)
                  0.06    0.00    0.71 v _110_/A (sky130_fd_sc_hd__inv_2)
     3    0.01    0.07    0.08    0.79 ^ _110_/Y (sky130_fd_sc_hd__inv_2)
                                         _061_ (net)
                  0.07    0.00    0.79 ^ _170_/A3 (sky130_fd_sc_hd__o31a_1)
     1    0.00    0.04    0.11    0.90 ^ _170_/X (sky130_fd_sc_hd__o31a_1)
                                         x74.Si (net)
                  0.04    0.00    0.90 ^ _197_/D (sky130_fd_sc_hd__dfxtp_1)
                                  0.90   data arrival time

                          0.00    0.00   clock core_clock (rise edge)
                          0.00    0.00   clock source latency
     1    0.01    0.00    0.00    0.00 ^ CLK (in)
                                         CLK (net)
                  0.00    0.00    0.00 ^ clkbuf_0_CLK/A (sky130_fd_sc_hd__clkbuf_16)
     4    0.03    0.05    0.12    0.12 ^ clkbuf_0_CLK/X (sky130_fd_sc_hd__clkbuf_16)
                                         clknet_0_CLK (net)
                  0.05    0.00    0.12 ^ clkbuf_2_0__f_CLK/A (sky130_fd_sc_hd__clkbuf_16)
    13    0.03    0.06    0.14    0.26 ^ clkbuf_2_0__f_CLK/X (sky130_fd_sc_hd__clkbuf_16)
                                         clknet_2_0__leaf_CLK (net)
                  0.06    0.00    0.26 ^ _197_/CLK (sky130_fd_sc_hd__dfxtp_1)
                          0.00    0.26   clock reconvergence pessimism
                         -0.03    0.23   library hold time
                                  0.23   data required time
-----------------------------------------------------------------------------
                                  0.23   data required time
                                 -0.90   data arrival time
-----------------------------------------------------------------------------
                                  0.66   slack (MET)



worst slack corner Typical: 0.5393
