
63. Printing statistics.

=== ksa ===

   Number of wires:                184
   Number of wire bits:            229
   Number of public wires:          56
   Number of public wire bits:     101
   Number of memories:               0
   Number of memory bits:            0
   Number of processes:              0
   Number of cells:                195
     sky130_fd_sc_hd__a2111o_2       1
     sky130_fd_sc_hd__a211o_2        2
     sky130_fd_sc_hd__a21o_2         2
     sky130_fd_sc_hd__a21oi_2        3
     sky130_fd_sc_hd__a22o_2        13
     sky130_fd_sc_hd__a311o_2        1
     sky130_fd_sc_hd__a31o_2         1
     sky130_fd_sc_hd__and2_2         3
     sky130_fd_sc_hd__and3_2         4
     sky130_fd_sc_hd__dfxtp_2       50
     sky130_fd_sc_hd__nand2_2        5
     sky130_fd_sc_hd__nand3_2        1
     sky130_fd_sc_hd__nor2_2        11
     sky130_fd_sc_hd__nor3_2         1
     sky130_fd_sc_hd__o211ai_2       1
     sky130_fd_sc_hd__o21a_2         5
     sky130_fd_sc_hd__o21ai_2       15
     sky130_fd_sc_hd__o21ba_2        1
     sky130_fd_sc_hd__o22a_2         1
     sky130_fd_sc_hd__o31a_2         4
     sky130_fd_sc_hd__o32a_2         3
     sky130_fd_sc_hd__or2_2         14
     sky130_fd_sc_hd__or3_2          7
     sky130_fd_sc_hd__or3b_2         1
     sky130_fd_sc_hd__or4_2          2
     sky130_fd_sc_hd__or4b_2         1
     sky130_fd_sc_hd__xnor2_2       39
     sky130_fd_sc_hd__xor2_2         3

   Chip area for module '\ksa': 2603.747200

