
===========================================================================
report_checks -path_delay max (Setup)
============================================================================
======================= Typical Corner ===================================

Startpoint: _167_ (rising edge-triggered flip-flop clocked by core_clock)
Endpoint: _165_ (rising edge-triggered flip-flop clocked by core_clock)
Path Group: core_clock
Path Type: max

Fanout     Cap    Slew   Delay    Time   Description
-----------------------------------------------------------------------------
                  0.00    0.00    0.00   clock core_clock (rise edge)
                          0.00    0.00   clock network delay (ideal)
                  0.00    0.00    0.00 ^ _167_/CLK (sky130_fd_sc_hd__dfxtp_1)
     4    0.01    0.09    0.32    0.32 ^ _167_/Q (sky130_fd_sc_hd__dfxtp_1)
                                         x1_0.A (net)
                  0.09    0.00    0.32 ^ _087_/A1 (sky130_fd_sc_hd__o21ai_1)
     3    0.01    0.07    0.10    0.42 v _087_/Y (sky130_fd_sc_hd__o21ai_1)
                                         _042_ (net)
                  0.07    0.00    0.42 v _089_/A3 (sky130_fd_sc_hd__a31o_1)
     3    0.01    0.07    0.26    0.68 v _089_/X (sky130_fd_sc_hd__a31o_1)
                                         _044_ (net)
                  0.07    0.00    0.68 v _092_/A2 (sky130_fd_sc_hd__o211a_1)
     3    0.01    0.06    0.24    0.92 v _092_/X (sky130_fd_sc_hd__o211a_1)
                                         _047_ (net)
                  0.06    0.00    0.92 v _095_/A3 (sky130_fd_sc_hd__o311a_1)
     3    0.01    0.07    0.32    1.24 v _095_/X (sky130_fd_sc_hd__o311a_1)
                                         _050_ (net)
                  0.07    0.00    1.24 v _098_/A3 (sky130_fd_sc_hd__o311a_1)
     2    0.00    0.06    0.30    1.54 v _098_/X (sky130_fd_sc_hd__o311a_1)
                                         _053_ (net)
                  0.06    0.00    1.54 v _101_/A3 (sky130_fd_sc_hd__o311a_1)
     3    0.01    0.07    0.32    1.86 v _101_/X (sky130_fd_sc_hd__o311a_1)
                                         _056_ (net)
                  0.07    0.00    1.86 v _104_/A3 (sky130_fd_sc_hd__o311a_1)
     3    0.01    0.08    0.32    2.18 v _104_/X (sky130_fd_sc_hd__o311a_1)
                                         _059_ (net)
                  0.08    0.00    2.18 v _107_/A3 (sky130_fd_sc_hd__o311a_1)
     2    0.01    0.06    0.31    2.49 v _107_/X (sky130_fd_sc_hd__o311a_1)
                                         _062_ (net)
                  0.06    0.00    2.49 v _109_/A3 (sky130_fd_sc_hd__o31a_1)
     2    0.01    0.07    0.27    2.75 v _109_/X (sky130_fd_sc_hd__o31a_1)
                                         _064_ (net)
                  0.07    0.00    2.75 v _113_/A (sky130_fd_sc_hd__xnor2_1)
     1    0.00    0.04    0.13    2.88 v _113_/Y (sky130_fd_sc_hd__xnor2_1)
                                         x1_15.S (net)
                  0.04    0.00    2.88 v _165_/D (sky130_fd_sc_hd__dfxtp_1)
                                  2.88   data arrival time

                  0.00    6.15    6.15   clock core_clock (rise edge)
                          0.00    6.15   clock network delay (ideal)
                          0.00    6.15   clock reconvergence pessimism
                                  6.15 ^ _165_/CLK (sky130_fd_sc_hd__dfxtp_1)
                         -0.12    6.03   library setup time
                                  6.03   data required time
-----------------------------------------------------------------------------
                                  6.03   data required time
                                 -2.88   data arrival time
-----------------------------------------------------------------------------
                                  3.15   slack (MET)


Startpoint: _167_ (rising edge-triggered flip-flop clocked by core_clock)
Endpoint: _166_ (rising edge-triggered flip-flop clocked by core_clock)
Path Group: core_clock
Path Type: max

Fanout     Cap    Slew   Delay    Time   Description
-----------------------------------------------------------------------------
                  0.00    0.00    0.00   clock core_clock (rise edge)
                          0.00    0.00   clock network delay (ideal)
                  0.00    0.00    0.00 ^ _167_/CLK (sky130_fd_sc_hd__dfxtp_1)
     4    0.01    0.09    0.32    0.32 ^ _167_/Q (sky130_fd_sc_hd__dfxtp_1)
                                         x1_0.A (net)
                  0.09    0.00    0.32 ^ _087_/A1 (sky130_fd_sc_hd__o21ai_1)
     3    0.01    0.07    0.10    0.42 v _087_/Y (sky130_fd_sc_hd__o21ai_1)
                                         _042_ (net)
                  0.07    0.00    0.42 v _089_/A3 (sky130_fd_sc_hd__a31o_1)
     3    0.01    0.07    0.26    0.68 v _089_/X (sky130_fd_sc_hd__a31o_1)
                                         _044_ (net)
                  0.07    0.00    0.68 v _092_/A2 (sky130_fd_sc_hd__o211a_1)
     3    0.01    0.06    0.24    0.92 v _092_/X (sky130_fd_sc_hd__o211a_1)
                                         _047_ (net)
                  0.06    0.00    0.92 v _095_/A3 (sky130_fd_sc_hd__o311a_1)
     3    0.01    0.07    0.32    1.24 v _095_/X (sky130_fd_sc_hd__o311a_1)
                                         _050_ (net)
                  0.07    0.00    1.24 v _098_/A3 (sky130_fd_sc_hd__o311a_1)
     2    0.00    0.06    0.30    1.54 v _098_/X (sky130_fd_sc_hd__o311a_1)
                                         _053_ (net)
                  0.06    0.00    1.54 v _101_/A3 (sky130_fd_sc_hd__o311a_1)
     3    0.01    0.07    0.32    1.86 v _101_/X (sky130_fd_sc_hd__o311a_1)
                                         _056_ (net)
                  0.07    0.00    1.86 v _104_/A3 (sky130_fd_sc_hd__o311a_1)
     3    0.01    0.08    0.32    2.18 v _104_/X (sky130_fd_sc_hd__o311a_1)
                                         _059_ (net)
                  0.08    0.00    2.18 v _107_/A3 (sky130_fd_sc_hd__o311a_1)
     2    0.01    0.06    0.31    2.49 v _107_/X (sky130_fd_sc_hd__o311a_1)
                                         _062_ (net)
                  0.06    0.00    2.49 v _109_/A3 (sky130_fd_sc_hd__o31a_1)
     2    0.01    0.07    0.27    2.75 v _109_/X (sky130_fd_sc_hd__o31a_1)
                                         _064_ (net)
                  0.07    0.00    2.75 v _111_/A2 (sky130_fd_sc_hd__o21ai_1)
     1    0.00    0.09    0.11    2.86 ^ _111_/Y (sky130_fd_sc_hd__o21ai_1)
                                         x1_15.Cout (net)
                  0.09    0.00    2.86 ^ _166_/D (sky130_fd_sc_hd__dfxtp_1)
                                  2.86   data arrival time

                  0.00    6.15    6.15   clock core_clock (rise edge)
                          0.00    6.15   clock network delay (ideal)
                          0.00    6.15   clock reconvergence pessimism
                                  6.15 ^ _166_/CLK (sky130_fd_sc_hd__dfxtp_1)
                         -0.07    6.08   library setup time
                                  6.08   data required time
-----------------------------------------------------------------------------
                                  6.08   data required time
                                 -2.86   data arrival time
-----------------------------------------------------------------------------
                                  3.22   slack (MET)


Startpoint: _167_ (rising edge-triggered flip-flop clocked by core_clock)
Endpoint: _164_ (rising edge-triggered flip-flop clocked by core_clock)
Path Group: core_clock
Path Type: max

Fanout     Cap    Slew   Delay    Time   Description
-----------------------------------------------------------------------------
                  0.00    0.00    0.00   clock core_clock (rise edge)
                          0.00    0.00   clock network delay (ideal)
                  0.00    0.00    0.00 ^ _167_/CLK (sky130_fd_sc_hd__dfxtp_1)
     4    0.01    0.09    0.32    0.32 ^ _167_/Q (sky130_fd_sc_hd__dfxtp_1)
                                         x1_0.A (net)
                  0.09    0.00    0.32 ^ _087_/A1 (sky130_fd_sc_hd__o21ai_1)
     3    0.01    0.07    0.10    0.42 v _087_/Y (sky130_fd_sc_hd__o21ai_1)
                                         _042_ (net)
                  0.07    0.00    0.42 v _089_/A3 (sky130_fd_sc_hd__a31o_1)
     3    0.01    0.07    0.26    0.68 v _089_/X (sky130_fd_sc_hd__a31o_1)
                                         _044_ (net)
                  0.07    0.00    0.68 v _092_/A2 (sky130_fd_sc_hd__o211a_1)
     3    0.01    0.06    0.24    0.92 v _092_/X (sky130_fd_sc_hd__o211a_1)
                                         _047_ (net)
                  0.06    0.00    0.92 v _095_/A3 (sky130_fd_sc_hd__o311a_1)
     3    0.01    0.07    0.32    1.24 v _095_/X (sky130_fd_sc_hd__o311a_1)
                                         _050_ (net)
                  0.07    0.00    1.24 v _098_/A3 (sky130_fd_sc_hd__o311a_1)
     2    0.00    0.06    0.30    1.54 v _098_/X (sky130_fd_sc_hd__o311a_1)
                                         _053_ (net)
                  0.06    0.00    1.54 v _101_/A3 (sky130_fd_sc_hd__o311a_1)
     3    0.01    0.07    0.32    1.86 v _101_/X (sky130_fd_sc_hd__o311a_1)
                                         _056_ (net)
                  0.07    0.00    1.86 v _104_/A3 (sky130_fd_sc_hd__o311a_1)
     3    0.01    0.08    0.32    2.18 v _104_/X (sky130_fd_sc_hd__o311a_1)
                                         _059_ (net)
                  0.08    0.00    2.18 v _107_/A3 (sky130_fd_sc_hd__o311a_1)
     2    0.01    0.06    0.31    2.49 v _107_/X (sky130_fd_sc_hd__o311a_1)
                                         _062_ (net)
                  0.06    0.00    2.49 v _114_/B (sky130_fd_sc_hd__nor2_1)
     1    0.00    0.11    0.11    2.60 ^ _114_/Y (sky130_fd_sc_hd__nor2_1)
                                         _067_ (net)
                  0.11    0.00    2.60 ^ _116_/A (sky130_fd_sc_hd__xnor2_1)
     1    0.01    0.16    0.14    2.74 ^ _116_/Y (sky130_fd_sc_hd__xnor2_1)
                                         x1_14.S (net)
                  0.16    0.00    2.74 ^ _164_/D (sky130_fd_sc_hd__dfxtp_1)
                                  2.74   data arrival time

                  0.00    6.15    6.15   clock core_clock (rise edge)
                          0.00    6.15   clock network delay (ideal)
                          0.00    6.15   clock reconvergence pessimism
                                  6.15 ^ _164_/CLK (sky130_fd_sc_hd__dfxtp_1)
                         -0.09    6.06   library setup time
                                  6.06   data required time
-----------------------------------------------------------------------------
                                  6.06   data required time
                                 -2.74   data arrival time
-----------------------------------------------------------------------------
                                  3.32   slack (MET)


Startpoint: _167_ (rising edge-triggered flip-flop clocked by core_clock)
Endpoint: _163_ (rising edge-triggered flip-flop clocked by core_clock)
Path Group: core_clock
Path Type: max

Fanout     Cap    Slew   Delay    Time   Description
-----------------------------------------------------------------------------
                  0.00    0.00    0.00   clock core_clock (rise edge)
                          0.00    0.00   clock network delay (ideal)
                  0.00    0.00    0.00 ^ _167_/CLK (sky130_fd_sc_hd__dfxtp_1)
     4    0.01    0.09    0.32    0.32 ^ _167_/Q (sky130_fd_sc_hd__dfxtp_1)
                                         x1_0.A (net)
                  0.09    0.00    0.32 ^ _087_/A1 (sky130_fd_sc_hd__o21ai_1)
     3    0.01    0.07    0.10    0.42 v _087_/Y (sky130_fd_sc_hd__o21ai_1)
                                         _042_ (net)
                  0.07    0.00    0.42 v _089_/A3 (sky130_fd_sc_hd__a31o_1)
     3    0.01    0.07    0.26    0.68 v _089_/X (sky130_fd_sc_hd__a31o_1)
                                         _044_ (net)
                  0.07    0.00    0.68 v _092_/A2 (sky130_fd_sc_hd__o211a_1)
     3    0.01    0.06    0.24    0.92 v _092_/X (sky130_fd_sc_hd__o211a_1)
                                         _047_ (net)
                  0.06    0.00    0.92 v _095_/A3 (sky130_fd_sc_hd__o311a_1)
     3    0.01    0.07    0.32    1.24 v _095_/X (sky130_fd_sc_hd__o311a_1)
                                         _050_ (net)
                  0.07    0.00    1.24 v _098_/A3 (sky130_fd_sc_hd__o311a_1)
     2    0.00    0.06    0.30    1.54 v _098_/X (sky130_fd_sc_hd__o311a_1)
                                         _053_ (net)
                  0.06    0.00    1.54 v _101_/A3 (sky130_fd_sc_hd__o311a_1)
     3    0.01    0.07    0.32    1.86 v _101_/X (sky130_fd_sc_hd__o311a_1)
                                         _056_ (net)
                  0.07    0.00    1.86 v _104_/A3 (sky130_fd_sc_hd__o311a_1)
     3    0.01    0.08    0.32    2.18 v _104_/X (sky130_fd_sc_hd__o311a_1)
                                         _059_ (net)
                  0.08    0.00    2.18 v _117_/A3 (sky130_fd_sc_hd__o31a_1)
     1    0.00    0.06    0.25    2.43 v _117_/X (sky130_fd_sc_hd__o31a_1)
                                         _069_ (net)
                  0.06    0.00    2.43 v _119_/A (sky130_fd_sc_hd__xnor2_1)
     1    0.00    0.05    0.13    2.56 v _119_/Y (sky130_fd_sc_hd__xnor2_1)
                                         x1_13.S (net)
                  0.05    0.00    2.56 v _163_/D (sky130_fd_sc_hd__dfxtp_1)
                                  2.56   data arrival time

                  0.00    6.15    6.15   clock core_clock (rise edge)
                          0.00    6.15   clock network delay (ideal)
                          0.00    6.15   clock reconvergence pessimism
                                  6.15 ^ _163_/CLK (sky130_fd_sc_hd__dfxtp_1)
                         -0.12    6.03   library setup time
                                  6.03   data required time
-----------------------------------------------------------------------------
                                  6.03   data required time
                                 -2.56   data arrival time
-----------------------------------------------------------------------------
                                  3.46   slack (MET)


Startpoint: _167_ (rising edge-triggered flip-flop clocked by core_clock)
Endpoint: _161_ (rising edge-triggered flip-flop clocked by core_clock)
Path Group: core_clock
Path Type: max

Fanout     Cap    Slew   Delay    Time   Description
-----------------------------------------------------------------------------
                  0.00    0.00    0.00   clock core_clock (rise edge)
                          0.00    0.00   clock network delay (ideal)
                  0.00    0.00    0.00 ^ _167_/CLK (sky130_fd_sc_hd__dfxtp_1)
     4    0.01    0.09    0.32    0.32 ^ _167_/Q (sky130_fd_sc_hd__dfxtp_1)
                                         x1_0.A (net)
                  0.09    0.00    0.32 ^ _087_/A1 (sky130_fd_sc_hd__o21ai_1)
     3    0.01    0.07    0.10    0.42 v _087_/Y (sky130_fd_sc_hd__o21ai_1)
                                         _042_ (net)
                  0.07    0.00    0.42 v _089_/A3 (sky130_fd_sc_hd__a31o_1)
     3    0.01    0.07    0.26    0.68 v _089_/X (sky130_fd_sc_hd__a31o_1)
                                         _044_ (net)
                  0.07    0.00    0.68 v _092_/A2 (sky130_fd_sc_hd__o211a_1)
     3    0.01    0.06    0.24    0.92 v _092_/X (sky130_fd_sc_hd__o211a_1)
                                         _047_ (net)
                  0.06    0.00    0.92 v _095_/A3 (sky130_fd_sc_hd__o311a_1)
     3    0.01    0.07    0.32    1.24 v _095_/X (sky130_fd_sc_hd__o311a_1)
                                         _050_ (net)
                  0.07    0.00    1.24 v _098_/A3 (sky130_fd_sc_hd__o311a_1)
     2    0.00    0.06    0.30    1.54 v _098_/X (sky130_fd_sc_hd__o311a_1)
                                         _053_ (net)
                  0.06    0.00    1.54 v _101_/A3 (sky130_fd_sc_hd__o311a_1)
     3    0.01    0.07    0.32    1.86 v _101_/X (sky130_fd_sc_hd__o311a_1)
                                         _056_ (net)
                  0.07    0.00    1.86 v _104_/A3 (sky130_fd_sc_hd__o311a_1)
     3    0.01    0.08    0.32    2.18 v _104_/X (sky130_fd_sc_hd__o311a_1)
                                         _059_ (net)
                  0.08    0.00    2.18 v _120_/B (sky130_fd_sc_hd__nor2_1)
     2    0.01    0.16    0.15    2.33 ^ _120_/Y (sky130_fd_sc_hd__nor2_1)
                                         _000_ (net)
                  0.16    0.00    2.33 ^ _125_/B1 (sky130_fd_sc_hd__a22oi_1)
     1    0.00    0.08    0.09    2.42 v _125_/Y (sky130_fd_sc_hd__a22oi_1)
                                         x1_11.S (net)
                  0.08    0.00    2.42 v _161_/D (sky130_fd_sc_hd__dfxtp_1)
                                  2.42   data arrival time

                  0.00    6.15    6.15   clock core_clock (rise edge)
                          0.00    6.15   clock network delay (ideal)
                          0.00    6.15   clock reconvergence pessimism
                                  6.15 ^ _161_/CLK (sky130_fd_sc_hd__dfxtp_1)
                         -0.14    6.01   library setup time
                                  6.01   data required time
-----------------------------------------------------------------------------
                                  6.01   data required time
                                 -2.42   data arrival time
-----------------------------------------------------------------------------
                                  3.59   slack (MET)


Startpoint: _167_ (rising edge-triggered flip-flop clocked by core_clock)
Endpoint: _162_ (rising edge-triggered flip-flop clocked by core_clock)
Path Group: core_clock
Path Type: max

Fanout     Cap    Slew   Delay    Time   Description
-----------------------------------------------------------------------------
                  0.00    0.00    0.00   clock core_clock (rise edge)
                          0.00    0.00   clock network delay (ideal)
                  0.00    0.00    0.00 ^ _167_/CLK (sky130_fd_sc_hd__dfxtp_1)
     4    0.01    0.09    0.32    0.32 ^ _167_/Q (sky130_fd_sc_hd__dfxtp_1)
                                         x1_0.A (net)
                  0.09    0.00    0.32 ^ _087_/A1 (sky130_fd_sc_hd__o21ai_1)
     3    0.01    0.07    0.10    0.42 v _087_/Y (sky130_fd_sc_hd__o21ai_1)
                                         _042_ (net)
                  0.07    0.00    0.42 v _089_/A3 (sky130_fd_sc_hd__a31o_1)
     3    0.01    0.07    0.26    0.68 v _089_/X (sky130_fd_sc_hd__a31o_1)
                                         _044_ (net)
                  0.07    0.00    0.68 v _092_/A2 (sky130_fd_sc_hd__o211a_1)
     3    0.01    0.06    0.24    0.92 v _092_/X (sky130_fd_sc_hd__o211a_1)
                                         _047_ (net)
                  0.06    0.00    0.92 v _095_/A3 (sky130_fd_sc_hd__o311a_1)
     3    0.01    0.07    0.32    1.24 v _095_/X (sky130_fd_sc_hd__o311a_1)
                                         _050_ (net)
                  0.07    0.00    1.24 v _098_/A3 (sky130_fd_sc_hd__o311a_1)
     2    0.00    0.06    0.30    1.54 v _098_/X (sky130_fd_sc_hd__o311a_1)
                                         _053_ (net)
                  0.06    0.00    1.54 v _101_/A3 (sky130_fd_sc_hd__o311a_1)
     3    0.01    0.07    0.32    1.86 v _101_/X (sky130_fd_sc_hd__o311a_1)
                                         _056_ (net)
                  0.07    0.00    1.86 v _104_/A3 (sky130_fd_sc_hd__o311a_1)
     3    0.01    0.08    0.32    2.18 v _104_/X (sky130_fd_sc_hd__o311a_1)
                                         _059_ (net)
                  0.08    0.00    2.18 v _120_/B (sky130_fd_sc_hd__nor2_1)
     2    0.01    0.16    0.15    2.33 ^ _120_/Y (sky130_fd_sc_hd__nor2_1)
                                         _000_ (net)
                  0.16    0.00    2.33 ^ _122_/A (sky130_fd_sc_hd__xnor2_1)
     1    0.00    0.05    0.09    2.42 v _122_/Y (sky130_fd_sc_hd__xnor2_1)
                                         x1_12.S (net)
                  0.05    0.00    2.42 v _162_/D (sky130_fd_sc_hd__dfxtp_1)
                                  2.42   data arrival time

                  0.00    6.15    6.15   clock core_clock (rise edge)
                          0.00    6.15   clock network delay (ideal)
                          0.00    6.15   clock reconvergence pessimism
                                  6.15 ^ _162_/CLK (sky130_fd_sc_hd__dfxtp_1)
                         -0.12    6.03   library setup time
                                  6.03   data required time
-----------------------------------------------------------------------------
                                  6.03   data required time
                                 -2.42   data arrival time
-----------------------------------------------------------------------------
                                  3.60   slack (MET)


Startpoint: _167_ (rising edge-triggered flip-flop clocked by core_clock)
Endpoint: _208_ (rising edge-triggered flip-flop clocked by core_clock)
Path Group: core_clock
Path Type: max

Fanout     Cap    Slew   Delay    Time   Description
-----------------------------------------------------------------------------
                  0.00    0.00    0.00   clock core_clock (rise edge)
                          0.00    0.00   clock network delay (ideal)
                  0.00    0.00    0.00 ^ _167_/CLK (sky130_fd_sc_hd__dfxtp_1)
     4    0.01    0.09    0.32    0.32 ^ _167_/Q (sky130_fd_sc_hd__dfxtp_1)
                                         x1_0.A (net)
                  0.09    0.00    0.32 ^ _087_/A1 (sky130_fd_sc_hd__o21ai_1)
     3    0.01    0.07    0.10    0.42 v _087_/Y (sky130_fd_sc_hd__o21ai_1)
                                         _042_ (net)
                  0.07    0.00    0.42 v _089_/A3 (sky130_fd_sc_hd__a31o_1)
     3    0.01    0.07    0.26    0.68 v _089_/X (sky130_fd_sc_hd__a31o_1)
                                         _044_ (net)
                  0.07    0.00    0.68 v _092_/A2 (sky130_fd_sc_hd__o211a_1)
     3    0.01    0.06    0.24    0.92 v _092_/X (sky130_fd_sc_hd__o211a_1)
                                         _047_ (net)
                  0.06    0.00    0.92 v _095_/A3 (sky130_fd_sc_hd__o311a_1)
     3    0.01    0.07    0.32    1.24 v _095_/X (sky130_fd_sc_hd__o311a_1)
                                         _050_ (net)
                  0.07    0.00    1.24 v _098_/A3 (sky130_fd_sc_hd__o311a_1)
     2    0.00    0.06    0.30    1.54 v _098_/X (sky130_fd_sc_hd__o311a_1)
                                         _053_ (net)
                  0.06    0.00    1.54 v _129_/B (sky130_fd_sc_hd__or2_1)
     4    0.01    0.08    0.24    1.78 v _129_/X (sky130_fd_sc_hd__or2_1)
                                         _006_ (net)
                  0.08    0.00    1.78 v _130_/A2 (sky130_fd_sc_hd__o21a_1)
     2    0.01    0.05    0.19    1.97 v _130_/X (sky130_fd_sc_hd__o21a_1)
                                         _007_ (net)
                  0.05    0.00    1.97 v _133_/B1_N (sky130_fd_sc_hd__o21ba_1)
     1    0.00    0.04    0.20    2.18 ^ _133_/X (sky130_fd_sc_hd__o21ba_1)
                                         _009_ (net)
                  0.04    0.00    2.18 ^ _134_/B1 (sky130_fd_sc_hd__a21oi_1)
     1    0.00    0.06    0.03    2.21 v _134_/Y (sky130_fd_sc_hd__a21oi_1)
                                         x1_8.S (net)
                  0.06    0.00    2.21 v _208_/D (sky130_fd_sc_hd__dfxtp_1)
                                  2.21   data arrival time

                  0.00    6.15    6.15   clock core_clock (rise edge)
                          0.00    6.15   clock network delay (ideal)
                          0.00    6.15   clock reconvergence pessimism
                                  6.15 ^ _208_/CLK (sky130_fd_sc_hd__dfxtp_1)
                         -0.13    6.02   library setup time
                                  6.02   data required time
-----------------------------------------------------------------------------
                                  6.02   data required time
                                 -2.21   data arrival time
-----------------------------------------------------------------------------
                                  3.81   slack (MET)


Startpoint: _167_ (rising edge-triggered flip-flop clocked by core_clock)
Endpoint: _159_ (rising edge-triggered flip-flop clocked by core_clock)
Path Group: core_clock
Path Type: max

Fanout     Cap    Slew   Delay    Time   Description
-----------------------------------------------------------------------------
                  0.00    0.00    0.00   clock core_clock (rise edge)
                          0.00    0.00   clock network delay (ideal)
                  0.00    0.00    0.00 ^ _167_/CLK (sky130_fd_sc_hd__dfxtp_1)
     4    0.01    0.09    0.32    0.32 ^ _167_/Q (sky130_fd_sc_hd__dfxtp_1)
                                         x1_0.A (net)
                  0.09    0.00    0.32 ^ _087_/A1 (sky130_fd_sc_hd__o21ai_1)
     3    0.01    0.07    0.10    0.42 v _087_/Y (sky130_fd_sc_hd__o21ai_1)
                                         _042_ (net)
                  0.07    0.00    0.42 v _089_/A3 (sky130_fd_sc_hd__a31o_1)
     3    0.01    0.07    0.26    0.68 v _089_/X (sky130_fd_sc_hd__a31o_1)
                                         _044_ (net)
                  0.07    0.00    0.68 v _092_/A2 (sky130_fd_sc_hd__o211a_1)
     3    0.01    0.06    0.24    0.92 v _092_/X (sky130_fd_sc_hd__o211a_1)
                                         _047_ (net)
                  0.06    0.00    0.92 v _095_/A3 (sky130_fd_sc_hd__o311a_1)
     3    0.01    0.07    0.32    1.24 v _095_/X (sky130_fd_sc_hd__o311a_1)
                                         _050_ (net)
                  0.07    0.00    1.24 v _098_/A3 (sky130_fd_sc_hd__o311a_1)
     2    0.00    0.06    0.30    1.54 v _098_/X (sky130_fd_sc_hd__o311a_1)
                                         _053_ (net)
                  0.06    0.00    1.54 v _129_/B (sky130_fd_sc_hd__or2_1)
     4    0.01    0.08    0.24    1.78 v _129_/X (sky130_fd_sc_hd__or2_1)
                                         _006_ (net)
                  0.08    0.00    1.78 v _130_/A2 (sky130_fd_sc_hd__o21a_1)
     2    0.01    0.05    0.19    1.97 v _130_/X (sky130_fd_sc_hd__o21a_1)
                                         _007_ (net)
                  0.05    0.00    1.97 v _132_/A (sky130_fd_sc_hd__xnor2_1)
     1    0.00    0.04    0.12    2.09 v _132_/Y (sky130_fd_sc_hd__xnor2_1)
                                         x1_9.S (net)
                  0.04    0.00    2.09 v _159_/D (sky130_fd_sc_hd__dfxtp_1)
                                  2.09   data arrival time

                  0.00    6.15    6.15   clock core_clock (rise edge)
                          0.00    6.15   clock network delay (ideal)
                          0.00    6.15   clock reconvergence pessimism
                                  6.15 ^ _159_/CLK (sky130_fd_sc_hd__dfxtp_1)
                         -0.12    6.03   library setup time
                                  6.03   data required time
-----------------------------------------------------------------------------
                                  6.03   data required time
                                 -2.09   data arrival time
-----------------------------------------------------------------------------
                                  3.94   slack (MET)


Startpoint: _167_ (rising edge-triggered flip-flop clocked by core_clock)
Endpoint: _207_ (rising edge-triggered flip-flop clocked by core_clock)
Path Group: core_clock
Path Type: max

Fanout     Cap    Slew   Delay    Time   Description
-----------------------------------------------------------------------------
                  0.00    0.00    0.00   clock core_clock (rise edge)
                          0.00    0.00   clock network delay (ideal)
                  0.00    0.00    0.00 ^ _167_/CLK (sky130_fd_sc_hd__dfxtp_1)
     4    0.01    0.09    0.32    0.32 ^ _167_/Q (sky130_fd_sc_hd__dfxtp_1)
                                         x1_0.A (net)
                  0.09    0.00    0.32 ^ _087_/A1 (sky130_fd_sc_hd__o21ai_1)
     3    0.01    0.07    0.10    0.42 v _087_/Y (sky130_fd_sc_hd__o21ai_1)
                                         _042_ (net)
                  0.07    0.00    0.42 v _089_/A3 (sky130_fd_sc_hd__a31o_1)
     3    0.01    0.07    0.26    0.68 v _089_/X (sky130_fd_sc_hd__a31o_1)
                                         _044_ (net)
                  0.07    0.00    0.68 v _092_/A2 (sky130_fd_sc_hd__o211a_1)
     3    0.01    0.06    0.24    0.92 v _092_/X (sky130_fd_sc_hd__o211a_1)
                                         _047_ (net)
                  0.06    0.00    0.92 v _095_/A3 (sky130_fd_sc_hd__o311a_1)
     3    0.01    0.07    0.32    1.24 v _095_/X (sky130_fd_sc_hd__o311a_1)
                                         _050_ (net)
                  0.07    0.00    1.24 v _098_/A3 (sky130_fd_sc_hd__o311a_1)
     2    0.00    0.06    0.30    1.54 v _098_/X (sky130_fd_sc_hd__o311a_1)
                                         _053_ (net)
                  0.06    0.00    1.54 v _129_/B (sky130_fd_sc_hd__or2_1)
     4    0.01    0.08    0.24    1.78 v _129_/X (sky130_fd_sc_hd__or2_1)
                                         _006_ (net)
                  0.08    0.00    1.78 v _137_/B1 (sky130_fd_sc_hd__a2bb2o_1)
     1    0.00    0.05    0.28    2.06 v _137_/X (sky130_fd_sc_hd__a2bb2o_1)
                                         x1_7.S (net)
                  0.05    0.00    2.06 v _207_/D (sky130_fd_sc_hd__dfxtp_1)
                                  2.06   data arrival time

                  0.00    6.15    6.15   clock core_clock (rise edge)
                          0.00    6.15   clock network delay (ideal)
                          0.00    6.15   clock reconvergence pessimism
                                  6.15 ^ _207_/CLK (sky130_fd_sc_hd__dfxtp_1)
                         -0.12    6.03   library setup time
                                  6.03   data required time
-----------------------------------------------------------------------------
                                  6.03   data required time
                                 -2.06   data arrival time
-----------------------------------------------------------------------------
                                  3.97   slack (MET)


Startpoint: _167_ (rising edge-triggered flip-flop clocked by core_clock)
Endpoint: _160_ (rising edge-triggered flip-flop clocked by core_clock)
Path Group: core_clock
Path Type: max

Fanout     Cap    Slew   Delay    Time   Description
-----------------------------------------------------------------------------
                  0.00    0.00    0.00   clock core_clock (rise edge)
                          0.00    0.00   clock network delay (ideal)
                  0.00    0.00    0.00 ^ _167_/CLK (sky130_fd_sc_hd__dfxtp_1)
     4    0.01    0.09    0.32    0.32 ^ _167_/Q (sky130_fd_sc_hd__dfxtp_1)
                                         x1_0.A (net)
                  0.09    0.00    0.32 ^ _087_/A1 (sky130_fd_sc_hd__o21ai_1)
     3    0.01    0.07    0.10    0.42 v _087_/Y (sky130_fd_sc_hd__o21ai_1)
                                         _042_ (net)
                  0.07    0.00    0.42 v _089_/A3 (sky130_fd_sc_hd__a31o_1)
     3    0.01    0.07    0.26    0.68 v _089_/X (sky130_fd_sc_hd__a31o_1)
                                         _044_ (net)
                  0.07    0.00    0.68 v _092_/A2 (sky130_fd_sc_hd__o211a_1)
     3    0.01    0.06    0.24    0.92 v _092_/X (sky130_fd_sc_hd__o211a_1)
                                         _047_ (net)
                  0.06    0.00    0.92 v _095_/A3 (sky130_fd_sc_hd__o311a_1)
     3    0.01    0.07    0.32    1.24 v _095_/X (sky130_fd_sc_hd__o311a_1)
                                         _050_ (net)
                  0.07    0.00    1.24 v _098_/A3 (sky130_fd_sc_hd__o311a_1)
     2    0.00    0.06    0.30    1.54 v _098_/X (sky130_fd_sc_hd__o311a_1)
                                         _053_ (net)
                  0.06    0.00    1.54 v _101_/A3 (sky130_fd_sc_hd__o311a_1)
     3    0.01    0.07    0.32    1.86 v _101_/X (sky130_fd_sc_hd__o311a_1)
                                         _056_ (net)
                  0.07    0.00    1.86 v _126_/B (sky130_fd_sc_hd__nor2_1)
     1    0.01    0.12    0.12    1.98 ^ _126_/Y (sky130_fd_sc_hd__nor2_1)
                                         _004_ (net)
                  0.12    0.00    1.98 ^ _128_/A (sky130_fd_sc_hd__xnor2_1)
     1    0.00    0.04    0.08    2.06 v _128_/Y (sky130_fd_sc_hd__xnor2_1)
                                         x1_10.S (net)
                  0.04    0.00    2.06 v _160_/D (sky130_fd_sc_hd__dfxtp_1)
                                  2.06   data arrival time

                  0.00    6.15    6.15   clock core_clock (rise edge)
                          0.00    6.15   clock network delay (ideal)
                          0.00    6.15   clock reconvergence pessimism
                                  6.15 ^ _160_/CLK (sky130_fd_sc_hd__dfxtp_1)
                         -0.12    6.03   library setup time
                                  6.03   data required time
-----------------------------------------------------------------------------
                                  6.03   data required time
                                 -2.06   data arrival time
-----------------------------------------------------------------------------
                                  3.97   slack (MET)


Startpoint: _167_ (rising edge-triggered flip-flop clocked by core_clock)
Endpoint: _206_ (rising edge-triggered flip-flop clocked by core_clock)
Path Group: core_clock
Path Type: max

Fanout     Cap    Slew   Delay    Time   Description
-----------------------------------------------------------------------------
                  0.00    0.00    0.00   clock core_clock (rise edge)
                          0.00    0.00   clock network delay (ideal)
                  0.00    0.00    0.00 ^ _167_/CLK (sky130_fd_sc_hd__dfxtp_1)
     4    0.01    0.09    0.32    0.32 ^ _167_/Q (sky130_fd_sc_hd__dfxtp_1)
                                         x1_0.A (net)
                  0.09    0.00    0.32 ^ _087_/A1 (sky130_fd_sc_hd__o21ai_1)
     3    0.01    0.07    0.10    0.42 v _087_/Y (sky130_fd_sc_hd__o21ai_1)
                                         _042_ (net)
                  0.07    0.00    0.42 v _089_/A3 (sky130_fd_sc_hd__a31o_1)
     3    0.01    0.07    0.26    0.68 v _089_/X (sky130_fd_sc_hd__a31o_1)
                                         _044_ (net)
                  0.07    0.00    0.68 v _092_/A2 (sky130_fd_sc_hd__o211a_1)
     3    0.01    0.06    0.24    0.92 v _092_/X (sky130_fd_sc_hd__o211a_1)
                                         _047_ (net)
                  0.06    0.00    0.92 v _095_/A3 (sky130_fd_sc_hd__o311a_1)
     3    0.01    0.07    0.32    1.24 v _095_/X (sky130_fd_sc_hd__o311a_1)
                                         _050_ (net)
                  0.07    0.00    1.24 v _138_/B (sky130_fd_sc_hd__nor2_1)
     1    0.01    0.12    0.12    1.36 ^ _138_/Y (sky130_fd_sc_hd__nor2_1)
                                         _012_ (net)
                  0.12    0.00    1.36 ^ _140_/A (sky130_fd_sc_hd__xnor2_1)
     1    0.00    0.04    0.08    1.44 v _140_/Y (sky130_fd_sc_hd__xnor2_1)
                                         x1_6.S (net)
                  0.04    0.00    1.44 v _206_/D (sky130_fd_sc_hd__dfxtp_1)
                                  1.44   data arrival time

                  0.00    6.15    6.15   clock core_clock (rise edge)
                          0.00    6.15   clock network delay (ideal)
                          0.00    6.15   clock reconvergence pessimism
                                  6.15 ^ _206_/CLK (sky130_fd_sc_hd__dfxtp_1)
                         -0.12    6.03   library setup time
                                  6.03   data required time
-----------------------------------------------------------------------------
                                  6.03   data required time
                                 -1.44   data arrival time
-----------------------------------------------------------------------------
                                  4.59   slack (MET)


Startpoint: _167_ (rising edge-triggered flip-flop clocked by core_clock)
Endpoint: _205_ (rising edge-triggered flip-flop clocked by core_clock)
Path Group: core_clock
Path Type: max

Fanout     Cap    Slew   Delay    Time   Description
-----------------------------------------------------------------------------
                  0.00    0.00    0.00   clock core_clock (rise edge)
                          0.00    0.00   clock network delay (ideal)
                  0.00    0.00    0.00 ^ _167_/CLK (sky130_fd_sc_hd__dfxtp_1)
     4    0.01    0.09    0.32    0.32 ^ _167_/Q (sky130_fd_sc_hd__dfxtp_1)
                                         x1_0.A (net)
                  0.09    0.00    0.32 ^ _087_/A1 (sky130_fd_sc_hd__o21ai_1)
     3    0.01    0.07    0.10    0.42 v _087_/Y (sky130_fd_sc_hd__o21ai_1)
                                         _042_ (net)
                  0.07    0.00    0.42 v _089_/A3 (sky130_fd_sc_hd__a31o_1)
     3    0.01    0.07    0.26    0.68 v _089_/X (sky130_fd_sc_hd__a31o_1)
                                         _044_ (net)
                  0.07    0.00    0.68 v _092_/A2 (sky130_fd_sc_hd__o211a_1)
     3    0.01    0.06    0.24    0.92 v _092_/X (sky130_fd_sc_hd__o211a_1)
                                         _047_ (net)
                  0.06    0.00    0.92 v _141_/A3 (sky130_fd_sc_hd__o31a_1)
     1    0.00    0.06    0.25    1.17 v _141_/X (sky130_fd_sc_hd__o31a_1)
                                         _014_ (net)
                  0.06    0.00    1.17 v _143_/A (sky130_fd_sc_hd__xnor2_1)
     1    0.00    0.04    0.12    1.29 v _143_/Y (sky130_fd_sc_hd__xnor2_1)
                                         x1_5.S (net)
                  0.04    0.00    1.29 v _205_/D (sky130_fd_sc_hd__dfxtp_1)
                                  1.29   data arrival time

                  0.00    6.15    6.15   clock core_clock (rise edge)
                          0.00    6.15   clock network delay (ideal)
                          0.00    6.15   clock reconvergence pessimism
                                  6.15 ^ _205_/CLK (sky130_fd_sc_hd__dfxtp_1)
                         -0.12    6.03   library setup time
                                  6.03   data required time
-----------------------------------------------------------------------------
                                  6.03   data required time
                                 -1.29   data arrival time
-----------------------------------------------------------------------------
                                  4.74   slack (MET)


Startpoint: _167_ (rising edge-triggered flip-flop clocked by core_clock)
Endpoint: _204_ (rising edge-triggered flip-flop clocked by core_clock)
Path Group: core_clock
Path Type: max

Fanout     Cap    Slew   Delay    Time   Description
-----------------------------------------------------------------------------
                  0.00    0.00    0.00   clock core_clock (rise edge)
                          0.00    0.00   clock network delay (ideal)
                  0.00    0.00    0.00 ^ _167_/CLK (sky130_fd_sc_hd__dfxtp_1)
     4    0.01    0.09    0.32    0.32 ^ _167_/Q (sky130_fd_sc_hd__dfxtp_1)
                                         x1_0.A (net)
                  0.09    0.00    0.32 ^ _087_/A1 (sky130_fd_sc_hd__o21ai_1)
     3    0.01    0.07    0.10    0.42 v _087_/Y (sky130_fd_sc_hd__o21ai_1)
                                         _042_ (net)
                  0.07    0.00    0.42 v _089_/A3 (sky130_fd_sc_hd__a31o_1)
     3    0.01    0.07    0.26    0.68 v _089_/X (sky130_fd_sc_hd__a31o_1)
                                         _044_ (net)
                  0.07    0.00    0.68 v _092_/A2 (sky130_fd_sc_hd__o211a_1)
     3    0.01    0.06    0.24    0.92 v _092_/X (sky130_fd_sc_hd__o211a_1)
                                         _047_ (net)
                  0.06    0.00    0.92 v _144_/B (sky130_fd_sc_hd__nor2_1)
     1    0.00    0.11    0.11    1.03 ^ _144_/Y (sky130_fd_sc_hd__nor2_1)
                                         _016_ (net)
                  0.11    0.00    1.03 ^ _146_/A (sky130_fd_sc_hd__xnor2_1)
     1    0.00    0.04    0.08    1.11 v _146_/Y (sky130_fd_sc_hd__xnor2_1)
                                         x1_4.S (net)
                  0.04    0.00    1.11 v _204_/D (sky130_fd_sc_hd__dfxtp_1)
                                  1.11   data arrival time

                  0.00    6.15    6.15   clock core_clock (rise edge)
                          0.00    6.15   clock network delay (ideal)
                          0.00    6.15   clock reconvergence pessimism
                                  6.15 ^ _204_/CLK (sky130_fd_sc_hd__dfxtp_1)
                         -0.12    6.03   library setup time
                                  6.03   data required time
-----------------------------------------------------------------------------
                                  6.03   data required time
                                 -1.11   data arrival time
-----------------------------------------------------------------------------
                                  4.92   slack (MET)


Startpoint: _167_ (rising edge-triggered flip-flop clocked by core_clock)
Endpoint: _203_ (rising edge-triggered flip-flop clocked by core_clock)
Path Group: core_clock
Path Type: max

Fanout     Cap    Slew   Delay    Time   Description
-----------------------------------------------------------------------------
                  0.00    0.00    0.00   clock core_clock (rise edge)
                          0.00    0.00   clock network delay (ideal)
                  0.00    0.00    0.00 ^ _167_/CLK (sky130_fd_sc_hd__dfxtp_1)
     4    0.01    0.09    0.32    0.32 ^ _167_/Q (sky130_fd_sc_hd__dfxtp_1)
                                         x1_0.A (net)
                  0.09    0.00    0.32 ^ _087_/A1 (sky130_fd_sc_hd__o21ai_1)
     3    0.01    0.07    0.10    0.42 v _087_/Y (sky130_fd_sc_hd__o21ai_1)
                                         _042_ (net)
                  0.07    0.00    0.42 v _089_/A3 (sky130_fd_sc_hd__a31o_1)
     3    0.01    0.07    0.26    0.68 v _089_/X (sky130_fd_sc_hd__a31o_1)
                                         _044_ (net)
                  0.07    0.00    0.68 v _147_/A2 (sky130_fd_sc_hd__o21a_1)
     1    0.00    0.04    0.18    0.86 v _147_/X (sky130_fd_sc_hd__o21a_1)
                                         _018_ (net)
                  0.04    0.00    0.86 v _149_/A (sky130_fd_sc_hd__xnor2_1)
     1    0.00    0.04    0.11    0.98 v _149_/Y (sky130_fd_sc_hd__xnor2_1)
                                         x1_3.S (net)
                  0.04    0.00    0.98 v _203_/D (sky130_fd_sc_hd__dfxtp_1)
                                  0.98   data arrival time

                  0.00    6.15    6.15   clock core_clock (rise edge)
                          0.00    6.15   clock network delay (ideal)
                          0.00    6.15   clock reconvergence pessimism
                                  6.15 ^ _203_/CLK (sky130_fd_sc_hd__dfxtp_1)
                         -0.12    6.03   library setup time
                                  6.03   data required time
-----------------------------------------------------------------------------
                                  6.03   data required time
                                 -0.98   data arrival time
-----------------------------------------------------------------------------
                                  5.05   slack (MET)


Startpoint: _183_ (rising edge-triggered flip-flop clocked by core_clock)
Endpoint: _200_ (rising edge-triggered flip-flop clocked by core_clock)
Path Group: core_clock
Path Type: max

Fanout     Cap    Slew   Delay    Time   Description
-----------------------------------------------------------------------------
                  0.00    0.00    0.00   clock core_clock (rise edge)
                          0.00    0.00   clock network delay (ideal)
                  0.00    0.00    0.00 ^ _183_/CLK (sky130_fd_sc_hd__dfxtp_1)
     3    0.01    0.04    0.29    0.29 v _183_/Q (sky130_fd_sc_hd__dfxtp_1)
                                         x1_0.B (net)
                  0.04    0.00    0.29 v _156_/A (sky130_fd_sc_hd__or3_1)
     1    0.00    0.06    0.36    0.64 v _156_/X (sky130_fd_sc_hd__or3_1)
                                         _024_ (net)
                  0.06    0.00    0.64 v _158_/A3 (sky130_fd_sc_hd__a31o_1)
     1    0.00    0.04    0.23    0.87 v _158_/X (sky130_fd_sc_hd__a31o_1)
                                         x1_0.S (net)
                  0.04    0.00    0.87 v _200_/D (sky130_fd_sc_hd__dfxtp_1)
                                  0.87   data arrival time

                  0.00    6.15    6.15   clock core_clock (rise edge)
                          0.00    6.15   clock network delay (ideal)
                          0.00    6.15   clock reconvergence pessimism
                                  6.15 ^ _200_/CLK (sky130_fd_sc_hd__dfxtp_1)
                         -0.12    6.03   library setup time
                                  6.03   data required time
-----------------------------------------------------------------------------
                                  6.03   data required time
                                 -0.87   data arrival time
-----------------------------------------------------------------------------
                                  5.16   slack (MET)


Startpoint: _167_ (rising edge-triggered flip-flop clocked by core_clock)
Endpoint: _202_ (rising edge-triggered flip-flop clocked by core_clock)
Path Group: core_clock
Path Type: max

Fanout     Cap    Slew   Delay    Time   Description
-----------------------------------------------------------------------------
                  0.00    0.00    0.00   clock core_clock (rise edge)
                          0.00    0.00   clock network delay (ideal)
                  0.00    0.00    0.00 ^ _167_/CLK (sky130_fd_sc_hd__dfxtp_1)
     4    0.01    0.09    0.32    0.32 ^ _167_/Q (sky130_fd_sc_hd__dfxtp_1)
                                         x1_0.A (net)
                  0.09    0.00    0.32 ^ _087_/A1 (sky130_fd_sc_hd__o21ai_1)
     3    0.01    0.07    0.10    0.42 v _087_/Y (sky130_fd_sc_hd__o21ai_1)
                                         _042_ (net)
                  0.07    0.00    0.42 v _089_/A3 (sky130_fd_sc_hd__a31o_1)
     3    0.01    0.07    0.26    0.68 v _089_/X (sky130_fd_sc_hd__a31o_1)
                                         _044_ (net)
                  0.07    0.00    0.68 v _151_/A (sky130_fd_sc_hd__xnor2_1)
     1    0.00    0.05    0.13    0.81 v _151_/Y (sky130_fd_sc_hd__xnor2_1)
                                         x1_2.S (net)
                  0.05    0.00    0.81 v _202_/D (sky130_fd_sc_hd__dfxtp_1)
                                  0.81   data arrival time

                  0.00    6.15    6.15   clock core_clock (rise edge)
                          0.00    6.15   clock network delay (ideal)
                          0.00    6.15   clock reconvergence pessimism
                                  6.15 ^ _202_/CLK (sky130_fd_sc_hd__dfxtp_1)
                         -0.12    6.03   library setup time
                                  6.03   data required time
-----------------------------------------------------------------------------
                                  6.03   data required time
                                 -0.81   data arrival time
-----------------------------------------------------------------------------
                                  5.22   slack (MET)


Startpoint: _167_ (rising edge-triggered flip-flop clocked by core_clock)
Endpoint: _201_ (rising edge-triggered flip-flop clocked by core_clock)
Path Group: core_clock
Path Type: max

Fanout     Cap    Slew   Delay    Time   Description
-----------------------------------------------------------------------------
                  0.00    0.00    0.00   clock core_clock (rise edge)
                          0.00    0.00   clock network delay (ideal)
                  0.00    0.00    0.00 ^ _167_/CLK (sky130_fd_sc_hd__dfxtp_1)
     4    0.01    0.05    0.30    0.30 v _167_/Q (sky130_fd_sc_hd__dfxtp_1)
                                         x1_0.A (net)
                  0.05    0.00    0.30 v _087_/A1 (sky130_fd_sc_hd__o21ai_1)
     3    0.01    0.18    0.19    0.48 ^ _087_/Y (sky130_fd_sc_hd__o21ai_1)
                                         _042_ (net)
                  0.18    0.00    0.48 ^ _152_/B (sky130_fd_sc_hd__and2_1)
     1    0.01    0.07    0.17    0.65 ^ _152_/X (sky130_fd_sc_hd__and2_1)
                                         _021_ (net)
                  0.07    0.00    0.65 ^ _155_/A (sky130_fd_sc_hd__xnor2_1)
     1    0.00    0.13    0.12    0.77 ^ _155_/Y (sky130_fd_sc_hd__xnor2_1)
                                         x1_1.S (net)
                  0.13    0.00    0.77 ^ _201_/D (sky130_fd_sc_hd__dfxtp_1)
                                  0.77   data arrival time

                  0.00    6.15    6.15   clock core_clock (rise edge)
                          0.00    6.15   clock network delay (ideal)
                          0.00    6.15   clock reconvergence pessimism
                                  6.15 ^ _201_/CLK (sky130_fd_sc_hd__dfxtp_1)
                         -0.08    6.07   library setup time
                                  6.07   data required time
-----------------------------------------------------------------------------
                                  6.07   data required time
                                 -0.77   data arrival time
-----------------------------------------------------------------------------
                                  5.30   slack (MET)



worst slack corner Typical: 3.1487
