
===========================================================================
report_checks -path_delay min (Hold)
============================================================================
======================= Typical Corner ===================================

Startpoint: _182_ (rising edge-triggered flip-flop clocked by core_clock)
Endpoint: _166_ (rising edge-triggered flip-flop clocked by core_clock)
Path Group: core_clock
Path Type: min

Fanout     Cap    Slew   Delay    Time   Description
-----------------------------------------------------------------------------
                  0.00    0.00    0.00   clock core_clock (rise edge)
                          0.00    0.00   clock network delay (ideal)
                  0.00    0.00    0.00 ^ _182_/CLK (sky130_fd_sc_hd__dfxtp_1)
     2    0.01    0.04    0.29    0.29 v _182_/Q (sky130_fd_sc_hd__dfxtp_1)
                                         x1_15.A (net)
                  0.04    0.00    0.29 v _110_/B (sky130_fd_sc_hd__nand2_1)
     2    0.00    0.05    0.07    0.35 ^ _110_/Y (sky130_fd_sc_hd__nand2_1)
                                         _065_ (net)
                  0.05    0.00    0.35 ^ _111_/B1 (sky130_fd_sc_hd__o21ai_1)
     1    0.00    0.03    0.05    0.40 v _111_/Y (sky130_fd_sc_hd__o21ai_1)
                                         x1_15.Cout (net)
                  0.03    0.00    0.40 v _166_/D (sky130_fd_sc_hd__dfxtp_1)
                                  0.40   data arrival time

                  0.00    0.00    0.00   clock core_clock (rise edge)
                          0.00    0.00   clock network delay (ideal)
                          0.00    0.00   clock reconvergence pessimism
                                  0.00 ^ _166_/CLK (sky130_fd_sc_hd__dfxtp_1)
                         -0.06   -0.06   library hold time
                                 -0.06   data required time
-----------------------------------------------------------------------------
                                 -0.06   data required time
                                 -0.40   data arrival time
-----------------------------------------------------------------------------
                                  0.46   slack (MET)


Startpoint: _175_ (rising edge-triggered flip-flop clocked by core_clock)
Endpoint: _208_ (rising edge-triggered flip-flop clocked by core_clock)
Path Group: core_clock
Path Type: min

Fanout     Cap    Slew   Delay    Time   Description
-----------------------------------------------------------------------------
                  0.00    0.00    0.00   clock core_clock (rise edge)
                          0.00    0.00   clock network delay (ideal)
                  0.00    0.00    0.00 ^ _175_/CLK (sky130_fd_sc_hd__dfxtp_1)
     2    0.01    0.08    0.31    0.31 ^ _175_/Q (sky130_fd_sc_hd__dfxtp_1)
                                         x1_8.A (net)
                  0.08    0.00    0.31 ^ _078_/B (sky130_fd_sc_hd__nor2_1)
     3    0.01    0.04    0.06    0.37 v _078_/Y (sky130_fd_sc_hd__nor2_1)
                                         _033_ (net)
                  0.04    0.00    0.37 v _134_/A1 (sky130_fd_sc_hd__a21oi_1)
     1    0.00    0.08    0.11    0.48 ^ _134_/Y (sky130_fd_sc_hd__a21oi_1)
                                         x1_8.S (net)
                  0.08    0.00    0.48 ^ _208_/D (sky130_fd_sc_hd__dfxtp_1)
                                  0.48   data arrival time

                  0.00    0.00    0.00   clock core_clock (rise edge)
                          0.00    0.00   clock network delay (ideal)
                          0.00    0.00   clock reconvergence pessimism
                                  0.00 ^ _208_/CLK (sky130_fd_sc_hd__dfxtp_1)
                         -0.04   -0.04   library hold time
                                 -0.04   data required time
-----------------------------------------------------------------------------
                                 -0.04   data required time
                                 -0.48   data arrival time
-----------------------------------------------------------------------------
                                  0.52   slack (MET)


Startpoint: _190_ (rising edge-triggered flip-flop clocked by core_clock)
Endpoint: _207_ (rising edge-triggered flip-flop clocked by core_clock)
Path Group: core_clock
Path Type: min

Fanout     Cap    Slew   Delay    Time   Description
-----------------------------------------------------------------------------
                  0.00    0.00    0.00   clock core_clock (rise edge)
                          0.00    0.00   clock network delay (ideal)
                  0.00    0.00    0.00 ^ _190_/CLK (sky130_fd_sc_hd__dfxtp_1)
     2    0.01    0.08    0.31    0.31 ^ _190_/Q (sky130_fd_sc_hd__dfxtp_1)
                                         x1_7.B (net)
                  0.08    0.00    0.31 ^ _079_/A (sky130_fd_sc_hd__nor2_1)
     3    0.01    0.04    0.06    0.37 v _079_/Y (sky130_fd_sc_hd__nor2_1)
                                         _034_ (net)
                  0.04    0.00    0.37 v _136_/A (sky130_fd_sc_hd__nand2_1)
     1    0.00    0.03    0.05    0.42 ^ _136_/Y (sky130_fd_sc_hd__nand2_1)
                                         _011_ (net)
                  0.03    0.00    0.42 ^ _137_/B2 (sky130_fd_sc_hd__a2bb2o_1)
     1    0.00    0.04    0.11    0.53 ^ _137_/X (sky130_fd_sc_hd__a2bb2o_1)
                                         x1_7.S (net)
                  0.04    0.00    0.53 ^ _207_/D (sky130_fd_sc_hd__dfxtp_1)
                                  0.53   data arrival time

                  0.00    0.00    0.00   clock core_clock (rise edge)
                          0.00    0.00   clock network delay (ideal)
                          0.00    0.00   clock reconvergence pessimism
                                  0.00 ^ _207_/CLK (sky130_fd_sc_hd__dfxtp_1)
                         -0.04   -0.04   library hold time
                                 -0.04   data required time
-----------------------------------------------------------------------------
                                 -0.04   data required time
                                 -0.53   data arrival time
-----------------------------------------------------------------------------
                                  0.56   slack (MET)


Startpoint: _167_ (rising edge-triggered flip-flop clocked by core_clock)
Endpoint: _200_ (rising edge-triggered flip-flop clocked by core_clock)
Path Group: core_clock
Path Type: min

Fanout     Cap    Slew   Delay    Time   Description
-----------------------------------------------------------------------------
                  0.00    0.00    0.00   clock core_clock (rise edge)
                          0.00    0.00   clock network delay (ideal)
                  0.00    0.00    0.00 ^ _167_/CLK (sky130_fd_sc_hd__dfxtp_1)
     4    0.01    0.05    0.30    0.30 v _167_/Q (sky130_fd_sc_hd__dfxtp_1)
                                         x1_0.A (net)
                  0.05    0.00    0.30 v _086_/A (sky130_fd_sc_hd__nand2_1)
     3    0.01    0.08    0.08    0.38 ^ _086_/Y (sky130_fd_sc_hd__nand2_1)
                                         _041_ (net)
                  0.08    0.00    0.38 ^ _158_/A1 (sky130_fd_sc_hd__a31o_1)
     1    0.00    0.06    0.14    0.53 ^ _158_/X (sky130_fd_sc_hd__a31o_1)
                                         x1_0.S (net)
                  0.06    0.00    0.53 ^ _200_/D (sky130_fd_sc_hd__dfxtp_1)
                                  0.53   data arrival time

                  0.00    0.00    0.00   clock core_clock (rise edge)
                          0.00    0.00   clock network delay (ideal)
                          0.00    0.00   clock reconvergence pessimism
                                  0.00 ^ _200_/CLK (sky130_fd_sc_hd__dfxtp_1)
                         -0.04   -0.04   library hold time
                                 -0.04   data required time
-----------------------------------------------------------------------------
                                 -0.04   data required time
                                 -0.53   data arrival time
-----------------------------------------------------------------------------
                                  0.57   slack (MET)


Startpoint: _194_ (rising edge-triggered flip-flop clocked by core_clock)
Endpoint: _161_ (rising edge-triggered flip-flop clocked by core_clock)
Path Group: core_clock
Path Type: min

Fanout     Cap    Slew   Delay    Time   Description
-----------------------------------------------------------------------------
                  0.00    0.00    0.00   clock core_clock (rise edge)
                          0.00    0.00   clock network delay (ideal)
                  0.00    0.00    0.00 ^ _194_/CLK (sky130_fd_sc_hd__dfxtp_1)
     2    0.01    0.04    0.29    0.29 v _194_/Q (sky130_fd_sc_hd__dfxtp_1)
                                         x1_11.B (net)
                  0.04    0.00    0.29 v _103_/A (sky130_fd_sc_hd__nand2_1)
     2    0.00    0.05    0.06    0.35 ^ _103_/Y (sky130_fd_sc_hd__nand2_1)
                                         _058_ (net)
                  0.05    0.00    0.35 ^ _124_/A (sky130_fd_sc_hd__or2_1)
     1    0.00    0.04    0.10    0.45 ^ _124_/X (sky130_fd_sc_hd__or2_1)
                                         _003_ (net)
                  0.04    0.00    0.45 ^ _125_/B2 (sky130_fd_sc_hd__a22oi_1)
     1    0.00    0.05    0.06    0.51 v _125_/Y (sky130_fd_sc_hd__a22oi_1)
                                         x1_11.S (net)
                  0.05    0.00    0.51 v _161_/D (sky130_fd_sc_hd__dfxtp_1)
                                  0.51   data arrival time

                  0.00    0.00    0.00   clock core_clock (rise edge)
                          0.00    0.00   clock network delay (ideal)
                          0.00    0.00   clock reconvergence pessimism
                                  0.00 ^ _161_/CLK (sky130_fd_sc_hd__dfxtp_1)
                         -0.07   -0.07   library hold time
                                 -0.07   data required time
-----------------------------------------------------------------------------
                                 -0.07   data required time
                                 -0.51   data arrival time
-----------------------------------------------------------------------------
                                  0.57   slack (MET)


Startpoint: _186_ (rising edge-triggered flip-flop clocked by core_clock)
Endpoint: _203_ (rising edge-triggered flip-flop clocked by core_clock)
Path Group: core_clock
Path Type: min

Fanout     Cap    Slew   Delay    Time   Description
-----------------------------------------------------------------------------
                  0.00    0.00    0.00   clock core_clock (rise edge)
                          0.00    0.00   clock network delay (ideal)
                  0.00    0.00    0.00 ^ _186_/CLK (sky130_fd_sc_hd__dfxtp_1)
     2    0.01    0.04    0.29    0.29 v _186_/Q (sky130_fd_sc_hd__dfxtp_1)
                                         x1_3.B (net)
                  0.04    0.00    0.29 v _091_/A (sky130_fd_sc_hd__nand2_1)
     2    0.00    0.05    0.06    0.35 ^ _091_/Y (sky130_fd_sc_hd__nand2_1)
                                         _046_ (net)
                  0.05    0.00    0.35 ^ _148_/B (sky130_fd_sc_hd__and2b_1)
     1    0.00    0.06    0.13    0.48 ^ _148_/X (sky130_fd_sc_hd__and2b_1)
                                         _019_ (net)
                  0.06    0.00    0.48 ^ _149_/B (sky130_fd_sc_hd__xnor2_1)
     1    0.00    0.03    0.05    0.54 v _149_/Y (sky130_fd_sc_hd__xnor2_1)
                                         x1_3.S (net)
                  0.03    0.00    0.54 v _203_/D (sky130_fd_sc_hd__dfxtp_1)
                                  0.54   data arrival time

                  0.00    0.00    0.00   clock core_clock (rise edge)
                          0.00    0.00   clock network delay (ideal)
                          0.00    0.00   clock reconvergence pessimism
                                  0.00 ^ _203_/CLK (sky130_fd_sc_hd__dfxtp_1)
                         -0.06   -0.06   library hold time
                                 -0.06   data required time
-----------------------------------------------------------------------------
                                 -0.06   data required time
                                 -0.54   data arrival time
-----------------------------------------------------------------------------
                                  0.59   slack (MET)


Startpoint: _182_ (rising edge-triggered flip-flop clocked by core_clock)
Endpoint: _165_ (rising edge-triggered flip-flop clocked by core_clock)
Path Group: core_clock
Path Type: min

Fanout     Cap    Slew   Delay    Time   Description
-----------------------------------------------------------------------------
                  0.00    0.00    0.00   clock core_clock (rise edge)
                          0.00    0.00   clock network delay (ideal)
                  0.00    0.00    0.00 ^ _182_/CLK (sky130_fd_sc_hd__dfxtp_1)
     2    0.01    0.04    0.29    0.29 v _182_/Q (sky130_fd_sc_hd__dfxtp_1)
                                         x1_15.A (net)
                  0.04    0.00    0.29 v _110_/B (sky130_fd_sc_hd__nand2_1)
     2    0.00    0.05    0.07    0.35 ^ _110_/Y (sky130_fd_sc_hd__nand2_1)
                                         _065_ (net)
                  0.05    0.00    0.35 ^ _112_/B (sky130_fd_sc_hd__and2b_1)
     1    0.00    0.06    0.13    0.48 ^ _112_/X (sky130_fd_sc_hd__and2b_1)
                                         _066_ (net)
                  0.06    0.00    0.48 ^ _113_/B (sky130_fd_sc_hd__xnor2_1)
     1    0.00    0.03    0.06    0.54 v _113_/Y (sky130_fd_sc_hd__xnor2_1)
                                         x1_15.S (net)
                  0.03    0.00    0.54 v _165_/D (sky130_fd_sc_hd__dfxtp_1)
                                  0.54   data arrival time

                  0.00    0.00    0.00   clock core_clock (rise edge)
                          0.00    0.00   clock network delay (ideal)
                          0.00    0.00   clock reconvergence pessimism
                                  0.00 ^ _165_/CLK (sky130_fd_sc_hd__dfxtp_1)
                         -0.06   -0.06   library hold time
                                 -0.06   data required time
-----------------------------------------------------------------------------
                                 -0.06   data required time
                                 -0.54   data arrival time
-----------------------------------------------------------------------------
                                  0.59   slack (MET)


Startpoint: _192_ (rising edge-triggered flip-flop clocked by core_clock)
Endpoint: _159_ (rising edge-triggered flip-flop clocked by core_clock)
Path Group: core_clock
Path Type: min

Fanout     Cap    Slew   Delay    Time   Description
-----------------------------------------------------------------------------
                  0.00    0.00    0.00   clock core_clock (rise edge)
                          0.00    0.00   clock network delay (ideal)
                  0.00    0.00    0.00 ^ _192_/CLK (sky130_fd_sc_hd__dfxtp_1)
     2    0.01    0.04    0.29    0.29 v _192_/Q (sky130_fd_sc_hd__dfxtp_1)
                                         x1_9.B (net)
                  0.04    0.00    0.29 v _100_/A (sky130_fd_sc_hd__nand2_1)
     2    0.00    0.05    0.06    0.36 ^ _100_/Y (sky130_fd_sc_hd__nand2_1)
                                         _055_ (net)
                  0.05    0.00    0.36 ^ _131_/B (sky130_fd_sc_hd__and2b_1)
     1    0.01    0.06    0.13    0.49 ^ _131_/X (sky130_fd_sc_hd__and2b_1)
                                         _008_ (net)
                  0.06    0.00    0.49 ^ _132_/B (sky130_fd_sc_hd__xnor2_1)
     1    0.00    0.03    0.05    0.54 v _132_/Y (sky130_fd_sc_hd__xnor2_1)
                                         x1_9.S (net)
                  0.03    0.00    0.54 v _159_/D (sky130_fd_sc_hd__dfxtp_1)
                                  0.54   data arrival time

                  0.00    0.00    0.00   clock core_clock (rise edge)
                          0.00    0.00   clock network delay (ideal)
                          0.00    0.00   clock reconvergence pessimism
                                  0.00 ^ _159_/CLK (sky130_fd_sc_hd__dfxtp_1)
                         -0.06   -0.06   library hold time
                                 -0.06   data required time
-----------------------------------------------------------------------------
                                 -0.06   data required time
                                 -0.54   data arrival time
-----------------------------------------------------------------------------
                                  0.60   slack (MET)


Startpoint: _188_ (rising edge-triggered flip-flop clocked by core_clock)
Endpoint: _205_ (rising edge-triggered flip-flop clocked by core_clock)
Path Group: core_clock
Path Type: min

Fanout     Cap    Slew   Delay    Time   Description
-----------------------------------------------------------------------------
                  0.00    0.00    0.00   clock core_clock (rise edge)
                          0.00    0.00   clock network delay (ideal)
                  0.00    0.00    0.00 ^ _188_/CLK (sky130_fd_sc_hd__dfxtp_1)
     2    0.01    0.04    0.29    0.29 v _188_/Q (sky130_fd_sc_hd__dfxtp_1)
                                         x1_5.B (net)
                  0.04    0.00    0.29 v _094_/A (sky130_fd_sc_hd__nand2_1)
     2    0.01    0.06    0.07    0.35 ^ _094_/Y (sky130_fd_sc_hd__nand2_1)
                                         _049_ (net)
                  0.06    0.00    0.35 ^ _142_/B (sky130_fd_sc_hd__and2b_1)
     1    0.01    0.06    0.13    0.49 ^ _142_/X (sky130_fd_sc_hd__and2b_1)
                                         _015_ (net)
                  0.06    0.00    0.49 ^ _143_/B (sky130_fd_sc_hd__xnor2_1)
     1    0.00    0.03    0.06    0.54 v _143_/Y (sky130_fd_sc_hd__xnor2_1)
                                         x1_5.S (net)
                  0.03    0.00    0.54 v _205_/D (sky130_fd_sc_hd__dfxtp_1)
                                  0.54   data arrival time

                  0.00    0.00    0.00   clock core_clock (rise edge)
                          0.00    0.00   clock network delay (ideal)
                          0.00    0.00   clock reconvergence pessimism
                                  0.00 ^ _205_/CLK (sky130_fd_sc_hd__dfxtp_1)
                         -0.06   -0.06   library hold time
                                 -0.06   data required time
-----------------------------------------------------------------------------
                                 -0.06   data required time
                                 -0.54   data arrival time
-----------------------------------------------------------------------------
                                  0.60   slack (MET)


Startpoint: _196_ (rising edge-triggered flip-flop clocked by core_clock)
Endpoint: _163_ (rising edge-triggered flip-flop clocked by core_clock)
Path Group: core_clock
Path Type: min

Fanout     Cap    Slew   Delay    Time   Description
-----------------------------------------------------------------------------
                  0.00    0.00    0.00   clock core_clock (rise edge)
                          0.00    0.00   clock network delay (ideal)
                  0.00    0.00    0.00 ^ _196_/CLK (sky130_fd_sc_hd__dfxtp_1)
     2    0.01    0.04    0.29    0.29 v _196_/Q (sky130_fd_sc_hd__dfxtp_1)
                                         x1_13.B (net)
                  0.04    0.00    0.29 v _106_/A (sky130_fd_sc_hd__nand2_1)
     2    0.00    0.06    0.07    0.36 ^ _106_/Y (sky130_fd_sc_hd__nand2_1)
                                         _061_ (net)
                  0.06    0.00    0.36 ^ _118_/B (sky130_fd_sc_hd__and2b_1)
     1    0.01    0.06    0.13    0.49 ^ _118_/X (sky130_fd_sc_hd__and2b_1)
                                         _070_ (net)
                  0.06    0.00    0.49 ^ _119_/B (sky130_fd_sc_hd__xnor2_1)
     1    0.00    0.04    0.06    0.55 v _119_/Y (sky130_fd_sc_hd__xnor2_1)
                                         x1_13.S (net)
                  0.04    0.00    0.55 v _163_/D (sky130_fd_sc_hd__dfxtp_1)
                                  0.55   data arrival time

                  0.00    0.00    0.00   clock core_clock (rise edge)
                          0.00    0.00   clock network delay (ideal)
                          0.00    0.00   clock reconvergence pessimism
                                  0.00 ^ _163_/CLK (sky130_fd_sc_hd__dfxtp_1)
                         -0.06   -0.06   library hold time
                                 -0.06   data required time
-----------------------------------------------------------------------------
                                 -0.06   data required time
                                 -0.55   data arrival time
-----------------------------------------------------------------------------
                                  0.61   slack (MET)


Startpoint: _185_ (rising edge-triggered flip-flop clocked by core_clock)
Endpoint: _202_ (rising edge-triggered flip-flop clocked by core_clock)
Path Group: core_clock
Path Type: min

Fanout     Cap    Slew   Delay    Time   Description
-----------------------------------------------------------------------------
                  0.00    0.00    0.00   clock core_clock (rise edge)
                          0.00    0.00   clock network delay (ideal)
                  0.00    0.00    0.00 ^ _185_/CLK (sky130_fd_sc_hd__dfxtp_1)
     2    0.01    0.04    0.29    0.29 v _185_/Q (sky130_fd_sc_hd__dfxtp_1)
                                         x1_2.B (net)
                  0.04    0.00    0.29 v _090_/A (sky130_fd_sc_hd__nand2_1)
     3    0.01    0.08    0.08    0.37 ^ _090_/Y (sky130_fd_sc_hd__nand2_1)
                                         _045_ (net)
                  0.08    0.00    0.37 ^ _150_/B (sky130_fd_sc_hd__and2b_1)
     1    0.00    0.06    0.14    0.51 ^ _150_/X (sky130_fd_sc_hd__and2b_1)
                                         _020_ (net)
                  0.06    0.00    0.51 ^ _151_/B (sky130_fd_sc_hd__xnor2_1)
     1    0.00    0.03    0.06    0.57 v _151_/Y (sky130_fd_sc_hd__xnor2_1)
                                         x1_2.S (net)
                  0.03    0.00    0.57 v _202_/D (sky130_fd_sc_hd__dfxtp_1)
                                  0.57   data arrival time

                  0.00    0.00    0.00   clock core_clock (rise edge)
                          0.00    0.00   clock network delay (ideal)
                          0.00    0.00   clock reconvergence pessimism
                                  0.00 ^ _202_/CLK (sky130_fd_sc_hd__dfxtp_1)
                         -0.06   -0.06   library hold time
                                 -0.06   data required time
-----------------------------------------------------------------------------
                                 -0.06   data required time
                                 -0.57   data arrival time
-----------------------------------------------------------------------------
                                  0.62   slack (MET)


Startpoint: _184_ (rising edge-triggered flip-flop clocked by core_clock)
Endpoint: _201_ (rising edge-triggered flip-flop clocked by core_clock)
Path Group: core_clock
Path Type: min

Fanout     Cap    Slew   Delay    Time   Description
-----------------------------------------------------------------------------
                  0.00    0.00    0.00   clock core_clock (rise edge)
                          0.00    0.00   clock network delay (ideal)
                  0.00    0.00    0.00 ^ _184_/CLK (sky130_fd_sc_hd__dfxtp_1)
     3    0.01    0.08    0.31    0.31 ^ _184_/Q (sky130_fd_sc_hd__dfxtp_1)
                                         x1_1.B (net)
                  0.08    0.00    0.31 ^ _088_/A (sky130_fd_sc_hd__nor2_1)
     2    0.00    0.04    0.06    0.37 v _088_/Y (sky130_fd_sc_hd__nor2_1)
                                         _043_ (net)
                  0.04    0.00    0.37 v _154_/B (sky130_fd_sc_hd__nor2_1)
     1    0.01    0.12    0.11    0.48 ^ _154_/Y (sky130_fd_sc_hd__nor2_1)
                                         _023_ (net)
                  0.12    0.00    0.48 ^ _155_/B (sky130_fd_sc_hd__xnor2_1)
     1    0.00    0.04    0.08    0.56 v _155_/Y (sky130_fd_sc_hd__xnor2_1)
                                         x1_1.S (net)
                  0.04    0.00    0.56 v _201_/D (sky130_fd_sc_hd__dfxtp_1)
                                  0.56   data arrival time

                  0.00    0.00    0.00   clock core_clock (rise edge)
                          0.00    0.00   clock network delay (ideal)
                          0.00    0.00   clock reconvergence pessimism
                                  0.00 ^ _201_/CLK (sky130_fd_sc_hd__dfxtp_1)
                         -0.06   -0.06   library hold time
                                 -0.06   data required time
-----------------------------------------------------------------------------
                                 -0.06   data required time
                                 -0.56   data arrival time
-----------------------------------------------------------------------------
                                  0.63   slack (MET)


Startpoint: _176_ (rising edge-triggered flip-flop clocked by core_clock)
Endpoint: _160_ (rising edge-triggered flip-flop clocked by core_clock)
Path Group: core_clock
Path Type: min

Fanout     Cap    Slew   Delay    Time   Description
-----------------------------------------------------------------------------
                  0.00    0.00    0.00   clock core_clock (rise edge)
                          0.00    0.00   clock network delay (ideal)
                  0.00    0.00    0.00 ^ _176_/CLK (sky130_fd_sc_hd__dfxtp_1)
     2    0.01    0.07    0.31    0.31 ^ _176_/Q (sky130_fd_sc_hd__dfxtp_1)
                                         x1_9.A (net)
                  0.07    0.00    0.31 ^ _077_/B (sky130_fd_sc_hd__nor2_1)
     4    0.01    0.05    0.07    0.37 v _077_/Y (sky130_fd_sc_hd__nor2_1)
                                         _032_ (net)
                  0.05    0.00    0.37 v _126_/A (sky130_fd_sc_hd__nor2_1)
     1    0.01    0.12    0.13    0.50 ^ _126_/Y (sky130_fd_sc_hd__nor2_1)
                                         _004_ (net)
                  0.12    0.00    0.50 ^ _128_/A (sky130_fd_sc_hd__xnor2_1)
     1    0.00    0.03    0.08    0.58 v _128_/Y (sky130_fd_sc_hd__xnor2_1)
                                         x1_10.S (net)
                  0.03    0.00    0.58 v _160_/D (sky130_fd_sc_hd__dfxtp_1)
                                  0.58   data arrival time

                  0.00    0.00    0.00   clock core_clock (rise edge)
                          0.00    0.00   clock network delay (ideal)
                          0.00    0.00   clock reconvergence pessimism
                                  0.00 ^ _160_/CLK (sky130_fd_sc_hd__dfxtp_1)
                         -0.06   -0.06   library hold time
                                 -0.06   data required time
-----------------------------------------------------------------------------
                                 -0.06   data required time
                                 -0.58   data arrival time
-----------------------------------------------------------------------------
                                  0.64   slack (MET)


Startpoint: _180_ (rising edge-triggered flip-flop clocked by core_clock)
Endpoint: _164_ (rising edge-triggered flip-flop clocked by core_clock)
Path Group: core_clock
Path Type: min

Fanout     Cap    Slew   Delay    Time   Description
-----------------------------------------------------------------------------
                  0.00    0.00    0.00   clock core_clock (rise edge)
                          0.00    0.00   clock network delay (ideal)
                  0.00    0.00    0.00 ^ _180_/CLK (sky130_fd_sc_hd__dfxtp_1)
     2    0.01    0.07    0.30    0.30 ^ _180_/Q (sky130_fd_sc_hd__dfxtp_1)
                                         x1_13.A (net)
                  0.07    0.00    0.30 ^ _073_/B (sky130_fd_sc_hd__nor2_1)
     3    0.01    0.04    0.06    0.36 v _073_/Y (sky130_fd_sc_hd__nor2_1)
                                         _028_ (net)
                  0.04    0.00    0.36 v _114_/A (sky130_fd_sc_hd__nor2_1)
     1    0.00    0.11    0.12    0.48 ^ _114_/Y (sky130_fd_sc_hd__nor2_1)
                                         _067_ (net)
                  0.11    0.00    0.48 ^ _116_/A (sky130_fd_sc_hd__xnor2_1)
     1    0.01    0.05    0.10    0.58 v _116_/Y (sky130_fd_sc_hd__xnor2_1)
                                         x1_14.S (net)
                  0.05    0.00    0.58 v _164_/D (sky130_fd_sc_hd__dfxtp_1)
                                  0.58   data arrival time

                  0.00    0.00    0.00   clock core_clock (rise edge)
                          0.00    0.00   clock network delay (ideal)
                          0.00    0.00   clock reconvergence pessimism
                                  0.00 ^ _164_/CLK (sky130_fd_sc_hd__dfxtp_1)
                         -0.07   -0.07   library hold time
                                 -0.07   data required time
-----------------------------------------------------------------------------
                                 -0.07   data required time
                                 -0.58   data arrival time
-----------------------------------------------------------------------------
                                  0.64   slack (MET)


Startpoint: _186_ (rising edge-triggered flip-flop clocked by core_clock)
Endpoint: _204_ (rising edge-triggered flip-flop clocked by core_clock)
Path Group: core_clock
Path Type: min

Fanout     Cap    Slew   Delay    Time   Description
-----------------------------------------------------------------------------
                  0.00    0.00    0.00   clock core_clock (rise edge)
                          0.00    0.00   clock network delay (ideal)
                  0.00    0.00    0.00 ^ _186_/CLK (sky130_fd_sc_hd__dfxtp_1)
     2    0.01    0.07    0.31    0.31 ^ _186_/Q (sky130_fd_sc_hd__dfxtp_1)
                                         x1_3.B (net)
                  0.07    0.00    0.31 ^ _083_/A (sky130_fd_sc_hd__nor2_1)
     4    0.01    0.05    0.07    0.38 v _083_/Y (sky130_fd_sc_hd__nor2_1)
                                         _038_ (net)
                  0.05    0.00    0.38 v _144_/A (sky130_fd_sc_hd__nor2_1)
     1    0.00    0.11    0.13    0.50 ^ _144_/Y (sky130_fd_sc_hd__nor2_1)
                                         _016_ (net)
                  0.11    0.00    0.50 ^ _146_/A (sky130_fd_sc_hd__xnor2_1)
     1    0.00    0.03    0.08    0.58 v _146_/Y (sky130_fd_sc_hd__xnor2_1)
                                         x1_4.S (net)
                  0.03    0.00    0.58 v _204_/D (sky130_fd_sc_hd__dfxtp_1)
                                  0.58   data arrival time

                  0.00    0.00    0.00   clock core_clock (rise edge)
                          0.00    0.00   clock network delay (ideal)
                          0.00    0.00   clock reconvergence pessimism
                                  0.00 ^ _204_/CLK (sky130_fd_sc_hd__dfxtp_1)
                         -0.06   -0.06   library hold time
                                 -0.06   data required time
-----------------------------------------------------------------------------
                                 -0.06   data required time
                                 -0.58   data arrival time
-----------------------------------------------------------------------------
                                  0.64   slack (MET)


Startpoint: _188_ (rising edge-triggered flip-flop clocked by core_clock)
Endpoint: _206_ (rising edge-triggered flip-flop clocked by core_clock)
Path Group: core_clock
Path Type: min

Fanout     Cap    Slew   Delay    Time   Description
-----------------------------------------------------------------------------
                  0.00    0.00    0.00   clock core_clock (rise edge)
                          0.00    0.00   clock network delay (ideal)
                  0.00    0.00    0.00 ^ _188_/CLK (sky130_fd_sc_hd__dfxtp_1)
     2    0.01    0.07    0.31    0.31 ^ _188_/Q (sky130_fd_sc_hd__dfxtp_1)
                                         x1_5.B (net)
                  0.07    0.00    0.31 ^ _081_/A (sky130_fd_sc_hd__nor2_1)
     4    0.01    0.05    0.07    0.38 v _081_/Y (sky130_fd_sc_hd__nor2_1)
                                         _036_ (net)
                  0.05    0.00    0.38 v _138_/A (sky130_fd_sc_hd__nor2_1)
     1    0.01    0.12    0.13    0.51 ^ _138_/Y (sky130_fd_sc_hd__nor2_1)
                                         _012_ (net)
                  0.12    0.00    0.51 ^ _140_/A (sky130_fd_sc_hd__xnor2_1)
     1    0.00    0.03    0.08    0.59 v _140_/Y (sky130_fd_sc_hd__xnor2_1)
                                         x1_6.S (net)
                  0.03    0.00    0.59 v _206_/D (sky130_fd_sc_hd__dfxtp_1)
                                  0.59   data arrival time

                  0.00    0.00    0.00   clock core_clock (rise edge)
                          0.00    0.00   clock network delay (ideal)
                          0.00    0.00   clock reconvergence pessimism
                                  0.00 ^ _206_/CLK (sky130_fd_sc_hd__dfxtp_1)
                         -0.06   -0.06   library hold time
                                 -0.06   data required time
-----------------------------------------------------------------------------
                                 -0.06   data required time
                                 -0.59   data arrival time
-----------------------------------------------------------------------------
                                  0.64   slack (MET)


Startpoint: _179_ (rising edge-triggered flip-flop clocked by core_clock)
Endpoint: _162_ (rising edge-triggered flip-flop clocked by core_clock)
Path Group: core_clock
Path Type: min

Fanout     Cap    Slew   Delay    Time   Description
-----------------------------------------------------------------------------
                  0.00    0.00    0.00   clock core_clock (rise edge)
                          0.00    0.00   clock network delay (ideal)
                  0.00    0.00    0.00 ^ _179_/CLK (sky130_fd_sc_hd__dfxtp_1)
     2    0.01    0.07    0.30    0.30 ^ _179_/Q (sky130_fd_sc_hd__dfxtp_1)
                                         x1_12.A (net)
                  0.07    0.00    0.30 ^ _105_/B (sky130_fd_sc_hd__nand2_1)
     3    0.01    0.06    0.08    0.38 v _105_/Y (sky130_fd_sc_hd__nand2_1)
                                         _060_ (net)
                  0.06    0.00    0.38 v _121_/B_N (sky130_fd_sc_hd__or2b_1)
     1    0.01    0.06    0.17    0.55 ^ _121_/X (sky130_fd_sc_hd__or2b_1)
                                         _001_ (net)
                  0.06    0.00    0.55 ^ _122_/B (sky130_fd_sc_hd__xnor2_1)
     1    0.00    0.03    0.06    0.61 v _122_/Y (sky130_fd_sc_hd__xnor2_1)
                                         x1_12.S (net)
                  0.03    0.00    0.61 v _162_/D (sky130_fd_sc_hd__dfxtp_1)
                                  0.61   data arrival time

                  0.00    0.00    0.00   clock core_clock (rise edge)
                          0.00    0.00   clock network delay (ideal)
                          0.00    0.00   clock reconvergence pessimism
                                  0.00 ^ _162_/CLK (sky130_fd_sc_hd__dfxtp_1)
                         -0.06   -0.06   library hold time
                                 -0.06   data required time
-----------------------------------------------------------------------------
                                 -0.06   data required time
                                 -0.61   data arrival time
-----------------------------------------------------------------------------
                                  0.67   slack (MET)



worst slack corner Typical: 0.4617
