
===========================================================================
report_checks -path_delay min (Hold)
============================================================================
======================= Typical Corner ===================================

Startpoint: _182_ (rising edge-triggered flip-flop clocked by core_clock)
Endpoint: _166_ (rising edge-triggered flip-flop clocked by core_clock)
Path Group: core_clock
Path Type: min

Fanout     Cap    Slew   Delay    Time   Description
-----------------------------------------------------------------------------
                  0.00    0.00    0.00   clock core_clock (rise edge)
                          0.00    0.00   clock network delay (ideal)
                  0.00    0.00    0.00 ^ _182_/CLK (sky130_fd_sc_hd__dfxtp_2)
     2    0.01    0.06    0.32    0.32 ^ _182_/Q (sky130_fd_sc_hd__dfxtp_2)
                                         x1_15.A (net)
                  0.06    0.00    0.32 ^ _110_/B (sky130_fd_sc_hd__nand2_2)
     2    0.01    0.04    0.06    0.37 v _110_/Y (sky130_fd_sc_hd__nand2_2)
                                         _065_ (net)
                  0.04    0.00    0.37 v _111_/B1 (sky130_fd_sc_hd__o21ai_2)
     1    0.00    0.03    0.04    0.42 ^ _111_/Y (sky130_fd_sc_hd__o21ai_2)
                                         x1_15.Cout (net)
                  0.03    0.00    0.42 ^ _166_/D (sky130_fd_sc_hd__dfxtp_2)
                                  0.42   data arrival time

                  0.00    0.00    0.00   clock core_clock (rise edge)
                          0.00    0.00   clock network delay (ideal)
                          0.00    0.00   clock reconvergence pessimism
                                  0.00 ^ _166_/CLK (sky130_fd_sc_hd__dfxtp_2)
                         -0.03   -0.03   library hold time
                                 -0.03   data required time
-----------------------------------------------------------------------------
                                 -0.03   data required time
                                 -0.42   data arrival time
-----------------------------------------------------------------------------
                                  0.45   slack (MET)


Startpoint: _175_ (rising edge-triggered flip-flop clocked by core_clock)
Endpoint: _208_ (rising edge-triggered flip-flop clocked by core_clock)
Path Group: core_clock
Path Type: min

Fanout     Cap    Slew   Delay    Time   Description
-----------------------------------------------------------------------------
                  0.00    0.00    0.00   clock core_clock (rise edge)
                          0.00    0.00   clock network delay (ideal)
                  0.00    0.00    0.00 ^ _175_/CLK (sky130_fd_sc_hd__dfxtp_2)
     2    0.01    0.07    0.32    0.32 ^ _175_/Q (sky130_fd_sc_hd__dfxtp_2)
                                         x1_8.A (net)
                  0.07    0.00    0.32 ^ _078_/B (sky130_fd_sc_hd__nor2_2)
     3    0.01    0.03    0.05    0.37 v _078_/Y (sky130_fd_sc_hd__nor2_2)
                                         _033_ (net)
                  0.03    0.00    0.37 v _134_/A1 (sky130_fd_sc_hd__a21oi_2)
     1    0.00    0.07    0.10    0.47 ^ _134_/Y (sky130_fd_sc_hd__a21oi_2)
                                         x1_8.S (net)
                  0.07    0.00    0.47 ^ _208_/D (sky130_fd_sc_hd__dfxtp_2)
                                  0.47   data arrival time

                  0.00    0.00    0.00   clock core_clock (rise edge)
                          0.00    0.00   clock network delay (ideal)
                          0.00    0.00   clock reconvergence pessimism
                                  0.00 ^ _208_/CLK (sky130_fd_sc_hd__dfxtp_2)
                         -0.04   -0.04   library hold time
                                 -0.04   data required time
-----------------------------------------------------------------------------
                                 -0.04   data required time
                                 -0.47   data arrival time
-----------------------------------------------------------------------------
                                  0.51   slack (MET)


Startpoint: _183_ (rising edge-triggered flip-flop clocked by core_clock)
Endpoint: _200_ (rising edge-triggered flip-flop clocked by core_clock)
Path Group: core_clock
Path Type: min

Fanout     Cap    Slew   Delay    Time   Description
-----------------------------------------------------------------------------
                  0.00    0.00    0.00   clock core_clock (rise edge)
                          0.00    0.00   clock network delay (ideal)
                  0.00    0.00    0.00 ^ _183_/CLK (sky130_fd_sc_hd__dfxtp_2)
     3    0.01    0.03    0.30    0.30 v _183_/Q (sky130_fd_sc_hd__dfxtp_2)
                                         x1_0.B (net)
                  0.03    0.00    0.30 v _087_/B1 (sky130_fd_sc_hd__o21ai_2)
     3    0.01    0.06    0.06    0.36 ^ _087_/Y (sky130_fd_sc_hd__o21ai_2)
                                         _042_ (net)
                  0.06    0.00    0.36 ^ _158_/A2 (sky130_fd_sc_hd__a31o_2)
     1    0.00    0.04    0.15    0.51 ^ _158_/X (sky130_fd_sc_hd__a31o_2)
                                         x1_0.S (net)
                  0.04    0.00    0.51 ^ _200_/D (sky130_fd_sc_hd__dfxtp_2)
                                  0.51   data arrival time

                  0.00    0.00    0.00   clock core_clock (rise edge)
                          0.00    0.00   clock network delay (ideal)
                          0.00    0.00   clock reconvergence pessimism
                                  0.00 ^ _200_/CLK (sky130_fd_sc_hd__dfxtp_2)
                         -0.04   -0.04   library hold time
                                 -0.04   data required time
-----------------------------------------------------------------------------
                                 -0.04   data required time
                                 -0.51   data arrival time
-----------------------------------------------------------------------------
                                  0.55   slack (MET)


Startpoint: _194_ (rising edge-triggered flip-flop clocked by core_clock)
Endpoint: _161_ (rising edge-triggered flip-flop clocked by core_clock)
Path Group: core_clock
Path Type: min

Fanout     Cap    Slew   Delay    Time   Description
-----------------------------------------------------------------------------
                  0.00    0.00    0.00   clock core_clock (rise edge)
                          0.00    0.00   clock network delay (ideal)
                  0.00    0.00    0.00 ^ _194_/CLK (sky130_fd_sc_hd__dfxtp_2)
     2    0.01    0.04    0.30    0.30 v _194_/Q (sky130_fd_sc_hd__dfxtp_2)
                                         x1_11.B (net)
                  0.04    0.00    0.30 v _103_/A (sky130_fd_sc_hd__nand2_2)
     2    0.01    0.04    0.05    0.36 ^ _103_/Y (sky130_fd_sc_hd__nand2_2)
                                         _058_ (net)
                  0.04    0.00    0.36 ^ _124_/A (sky130_fd_sc_hd__or2_2)
     1    0.00    0.04    0.10    0.46 ^ _124_/X (sky130_fd_sc_hd__or2_2)
                                         _003_ (net)
                  0.04    0.00    0.46 ^ _125_/B2 (sky130_fd_sc_hd__a22oi_2)
     1    0.00    0.04    0.05    0.51 v _125_/Y (sky130_fd_sc_hd__a22oi_2)
                                         x1_11.S (net)
                  0.04    0.00    0.51 v _161_/D (sky130_fd_sc_hd__dfxtp_2)
                                  0.51   data arrival time

                  0.00    0.00    0.00   clock core_clock (rise edge)
                          0.00    0.00   clock network delay (ideal)
                          0.00    0.00   clock reconvergence pessimism
                                  0.00 ^ _161_/CLK (sky130_fd_sc_hd__dfxtp_2)
                         -0.05   -0.05   library hold time
                                 -0.05   data required time
-----------------------------------------------------------------------------
                                 -0.05   data required time
                                 -0.51   data arrival time
-----------------------------------------------------------------------------
                                  0.56   slack (MET)


Startpoint: _174_ (rising edge-triggered flip-flop clocked by core_clock)
Endpoint: _207_ (rising edge-triggered flip-flop clocked by core_clock)
Path Group: core_clock
Path Type: min

Fanout     Cap    Slew   Delay    Time   Description
-----------------------------------------------------------------------------
                  0.00    0.00    0.00   clock core_clock (rise edge)
                          0.00    0.00   clock network delay (ideal)
                  0.00    0.00    0.00 ^ _174_/CLK (sky130_fd_sc_hd__dfxtp_2)
     2    0.01    0.07    0.32    0.32 ^ _174_/Q (sky130_fd_sc_hd__dfxtp_2)
                                         x1_7.A (net)
                  0.07    0.00    0.32 ^ _079_/B (sky130_fd_sc_hd__nor2_2)
     3    0.01    0.03    0.05    0.37 v _079_/Y (sky130_fd_sc_hd__nor2_2)
                                         _034_ (net)
                  0.03    0.00    0.37 v _136_/A (sky130_fd_sc_hd__nand2_2)
     1    0.00    0.02    0.04    0.41 ^ _136_/Y (sky130_fd_sc_hd__nand2_2)
                                         _011_ (net)
                  0.02    0.00    0.41 ^ _137_/B2 (sky130_fd_sc_hd__a2bb2o_2)
     1    0.00    0.03    0.13    0.54 ^ _137_/X (sky130_fd_sc_hd__a2bb2o_2)
                                         x1_7.S (net)
                  0.03    0.00    0.54 ^ _207_/D (sky130_fd_sc_hd__dfxtp_2)
                                  0.54   data arrival time

                  0.00    0.00    0.00   clock core_clock (rise edge)
                          0.00    0.00   clock network delay (ideal)
                          0.00    0.00   clock reconvergence pessimism
                                  0.00 ^ _207_/CLK (sky130_fd_sc_hd__dfxtp_2)
                         -0.03   -0.03   library hold time
                                 -0.03   data required time
-----------------------------------------------------------------------------
                                 -0.03   data required time
                                 -0.54   data arrival time
-----------------------------------------------------------------------------
                                  0.57   slack (MET)


Startpoint: _184_ (rising edge-triggered flip-flop clocked by core_clock)
Endpoint: _201_ (rising edge-triggered flip-flop clocked by core_clock)
Path Group: core_clock
Path Type: min

Fanout     Cap    Slew   Delay    Time   Description
-----------------------------------------------------------------------------
                  0.00    0.00    0.00   clock core_clock (rise edge)
                          0.00    0.00   clock network delay (ideal)
                  0.00    0.00    0.00 ^ _184_/CLK (sky130_fd_sc_hd__dfxtp_2)
     3    0.01    0.07    0.32    0.32 ^ _184_/Q (sky130_fd_sc_hd__dfxtp_2)
                                         x1_1.B (net)
                  0.07    0.00    0.32 ^ _088_/A (sky130_fd_sc_hd__nor2_2)
     2    0.01    0.03    0.05    0.37 v _088_/Y (sky130_fd_sc_hd__nor2_2)
                                         _043_ (net)
                  0.03    0.00    0.37 v _154_/B (sky130_fd_sc_hd__nor2_2)
     1    0.01    0.12    0.11    0.48 ^ _154_/Y (sky130_fd_sc_hd__nor2_2)
                                         _023_ (net)
                  0.12    0.00    0.48 ^ _155_/B (sky130_fd_sc_hd__xnor2_2)
     1    0.00    0.04    0.07    0.55 v _155_/Y (sky130_fd_sc_hd__xnor2_2)
                                         x1_1.S (net)
                  0.04    0.00    0.55 v _201_/D (sky130_fd_sc_hd__dfxtp_2)
                                  0.55   data arrival time

                  0.00    0.00    0.00   clock core_clock (rise edge)
                          0.00    0.00   clock network delay (ideal)
                          0.00    0.00   clock reconvergence pessimism
                                  0.00 ^ _201_/CLK (sky130_fd_sc_hd__dfxtp_2)
                         -0.05   -0.05   library hold time
                                 -0.05   data required time
-----------------------------------------------------------------------------
                                 -0.05   data required time
                                 -0.55   data arrival time
-----------------------------------------------------------------------------
                                  0.60   slack (MET)


Startpoint: _188_ (rising edge-triggered flip-flop clocked by core_clock)
Endpoint: _205_ (rising edge-triggered flip-flop clocked by core_clock)
Path Group: core_clock
Path Type: min

Fanout     Cap    Slew   Delay    Time   Description
-----------------------------------------------------------------------------
                  0.00    0.00    0.00   clock core_clock (rise edge)
                          0.00    0.00   clock network delay (ideal)
                  0.00    0.00    0.00 ^ _188_/CLK (sky130_fd_sc_hd__dfxtp_2)
     2    0.01    0.04    0.30    0.30 v _188_/Q (sky130_fd_sc_hd__dfxtp_2)
                                         x1_5.B (net)
                  0.04    0.00    0.30 v _094_/A (sky130_fd_sc_hd__nand2_2)
     2    0.00    0.04    0.05    0.35 ^ _094_/Y (sky130_fd_sc_hd__nand2_2)
                                         _049_ (net)
                  0.04    0.00    0.35 ^ _142_/B (sky130_fd_sc_hd__and2b_2)
     1    0.01    0.06    0.15    0.51 ^ _142_/X (sky130_fd_sc_hd__and2b_2)
                                         _015_ (net)
                  0.06    0.00    0.51 ^ _143_/B (sky130_fd_sc_hd__xnor2_2)
     1    0.00    0.03    0.05    0.56 v _143_/Y (sky130_fd_sc_hd__xnor2_2)
                                         x1_5.S (net)
                  0.03    0.00    0.56 v _205_/D (sky130_fd_sc_hd__dfxtp_2)
                                  0.56   data arrival time

                  0.00    0.00    0.00   clock core_clock (rise edge)
                          0.00    0.00   clock network delay (ideal)
                          0.00    0.00   clock reconvergence pessimism
                                  0.00 ^ _205_/CLK (sky130_fd_sc_hd__dfxtp_2)
                         -0.05   -0.05   library hold time
                                 -0.05   data required time
-----------------------------------------------------------------------------
                                 -0.05   data required time
                                 -0.56   data arrival time
-----------------------------------------------------------------------------
                                  0.60   slack (MET)


Startpoint: _186_ (rising edge-triggered flip-flop clocked by core_clock)
Endpoint: _203_ (rising edge-triggered flip-flop clocked by core_clock)
Path Group: core_clock
Path Type: min

Fanout     Cap    Slew   Delay    Time   Description
-----------------------------------------------------------------------------
                  0.00    0.00    0.00   clock core_clock (rise edge)
                          0.00    0.00   clock network delay (ideal)
                  0.00    0.00    0.00 ^ _186_/CLK (sky130_fd_sc_hd__dfxtp_2)
     2    0.01    0.04    0.30    0.30 v _186_/Q (sky130_fd_sc_hd__dfxtp_2)
                                         x1_3.B (net)
                  0.04    0.00    0.30 v _091_/A (sky130_fd_sc_hd__nand2_2)
     2    0.00    0.04    0.05    0.36 ^ _091_/Y (sky130_fd_sc_hd__nand2_2)
                                         _046_ (net)
                  0.04    0.00    0.36 ^ _148_/B (sky130_fd_sc_hd__and2b_2)
     1    0.01    0.06    0.15    0.51 ^ _148_/X (sky130_fd_sc_hd__and2b_2)
                                         _019_ (net)
                  0.06    0.00    0.51 ^ _149_/B (sky130_fd_sc_hd__xnor2_2)
     1    0.00    0.03    0.05    0.56 v _149_/Y (sky130_fd_sc_hd__xnor2_2)
                                         x1_3.S (net)
                  0.03    0.00    0.56 v _203_/D (sky130_fd_sc_hd__dfxtp_2)
                                  0.56   data arrival time

                  0.00    0.00    0.00   clock core_clock (rise edge)
                          0.00    0.00   clock network delay (ideal)
                          0.00    0.00   clock reconvergence pessimism
                                  0.00 ^ _203_/CLK (sky130_fd_sc_hd__dfxtp_2)
                         -0.05   -0.05   library hold time
                                 -0.05   data required time
-----------------------------------------------------------------------------
                                 -0.05   data required time
                                 -0.56   data arrival time
-----------------------------------------------------------------------------
                                  0.61   slack (MET)


Startpoint: _192_ (rising edge-triggered flip-flop clocked by core_clock)
Endpoint: _159_ (rising edge-triggered flip-flop clocked by core_clock)
Path Group: core_clock
Path Type: min

Fanout     Cap    Slew   Delay    Time   Description
-----------------------------------------------------------------------------
                  0.00    0.00    0.00   clock core_clock (rise edge)
                          0.00    0.00   clock network delay (ideal)
                  0.00    0.00    0.00 ^ _192_/CLK (sky130_fd_sc_hd__dfxtp_2)
     2    0.01    0.04    0.31    0.31 v _192_/Q (sky130_fd_sc_hd__dfxtp_2)
                                         x1_9.B (net)
                  0.04    0.00    0.31 v _100_/A (sky130_fd_sc_hd__nand2_2)
     2    0.00    0.04    0.05    0.36 ^ _100_/Y (sky130_fd_sc_hd__nand2_2)
                                         _055_ (net)
                  0.04    0.00    0.36 ^ _131_/B (sky130_fd_sc_hd__and2b_2)
     1    0.01    0.06    0.15    0.51 ^ _131_/X (sky130_fd_sc_hd__and2b_2)
                                         _008_ (net)
                  0.06    0.00    0.51 ^ _132_/B (sky130_fd_sc_hd__xnor2_2)
     1    0.00    0.03    0.05    0.57 v _132_/Y (sky130_fd_sc_hd__xnor2_2)
                                         x1_9.S (net)
                  0.03    0.00    0.57 v _159_/D (sky130_fd_sc_hd__dfxtp_2)
                                  0.57   data arrival time

                  0.00    0.00    0.00   clock core_clock (rise edge)
                          0.00    0.00   clock network delay (ideal)
                          0.00    0.00   clock reconvergence pessimism
                                  0.00 ^ _159_/CLK (sky130_fd_sc_hd__dfxtp_2)
                         -0.05   -0.05   library hold time
                                 -0.05   data required time
-----------------------------------------------------------------------------
                                 -0.05   data required time
                                 -0.57   data arrival time
-----------------------------------------------------------------------------
                                  0.62   slack (MET)


Startpoint: _196_ (rising edge-triggered flip-flop clocked by core_clock)
Endpoint: _163_ (rising edge-triggered flip-flop clocked by core_clock)
Path Group: core_clock
Path Type: min

Fanout     Cap    Slew   Delay    Time   Description
-----------------------------------------------------------------------------
                  0.00    0.00    0.00   clock core_clock (rise edge)
                          0.00    0.00   clock network delay (ideal)
                  0.00    0.00    0.00 ^ _196_/CLK (sky130_fd_sc_hd__dfxtp_2)
     2    0.01    0.04    0.31    0.31 v _196_/Q (sky130_fd_sc_hd__dfxtp_2)
                                         x1_13.B (net)
                  0.04    0.00    0.31 v _106_/A (sky130_fd_sc_hd__nand2_2)
     2    0.00    0.04    0.05    0.36 ^ _106_/Y (sky130_fd_sc_hd__nand2_2)
                                         _061_ (net)
                  0.04    0.00    0.36 ^ _118_/B (sky130_fd_sc_hd__and2b_2)
     1    0.01    0.06    0.15    0.51 ^ _118_/X (sky130_fd_sc_hd__and2b_2)
                                         _070_ (net)
                  0.06    0.00    0.51 ^ _119_/B (sky130_fd_sc_hd__xnor2_2)
     1    0.00    0.03    0.06    0.57 v _119_/Y (sky130_fd_sc_hd__xnor2_2)
                                         x1_13.S (net)
                  0.03    0.00    0.57 v _163_/D (sky130_fd_sc_hd__dfxtp_2)
                                  0.57   data arrival time

                  0.00    0.00    0.00   clock core_clock (rise edge)
                          0.00    0.00   clock network delay (ideal)
                          0.00    0.00   clock reconvergence pessimism
                                  0.00 ^ _163_/CLK (sky130_fd_sc_hd__dfxtp_2)
                         -0.05   -0.05   library hold time
                                 -0.05   data required time
-----------------------------------------------------------------------------
                                 -0.05   data required time
                                 -0.57   data arrival time
-----------------------------------------------------------------------------
                                  0.62   slack (MET)


Startpoint: _182_ (rising edge-triggered flip-flop clocked by core_clock)
Endpoint: _165_ (rising edge-triggered flip-flop clocked by core_clock)
Path Group: core_clock
Path Type: min

Fanout     Cap    Slew   Delay    Time   Description
-----------------------------------------------------------------------------
                  0.00    0.00    0.00   clock core_clock (rise edge)
                          0.00    0.00   clock network delay (ideal)
                  0.00    0.00    0.00 ^ _182_/CLK (sky130_fd_sc_hd__dfxtp_2)
     2    0.01    0.04    0.30    0.30 v _182_/Q (sky130_fd_sc_hd__dfxtp_2)
                                         x1_15.A (net)
                  0.04    0.00    0.30 v _110_/B (sky130_fd_sc_hd__nand2_2)
     2    0.01    0.05    0.07    0.37 ^ _110_/Y (sky130_fd_sc_hd__nand2_2)
                                         _065_ (net)
                  0.05    0.00    0.37 ^ _112_/B (sky130_fd_sc_hd__and2b_2)
     1    0.01    0.06    0.15    0.52 ^ _112_/X (sky130_fd_sc_hd__and2b_2)
                                         _066_ (net)
                  0.06    0.00    0.52 ^ _113_/B (sky130_fd_sc_hd__xnor2_2)
     1    0.00    0.03    0.05    0.58 v _113_/Y (sky130_fd_sc_hd__xnor2_2)
                                         x1_15.S (net)
                  0.03    0.00    0.58 v _165_/D (sky130_fd_sc_hd__dfxtp_2)
                                  0.58   data arrival time

                  0.00    0.00    0.00   clock core_clock (rise edge)
                          0.00    0.00   clock network delay (ideal)
                          0.00    0.00   clock reconvergence pessimism
                                  0.00 ^ _165_/CLK (sky130_fd_sc_hd__dfxtp_2)
                         -0.05   -0.05   library hold time
                                 -0.05   data required time
-----------------------------------------------------------------------------
                                 -0.05   data required time
                                 -0.58   data arrival time
-----------------------------------------------------------------------------
                                  0.62   slack (MET)


Startpoint: _185_ (rising edge-triggered flip-flop clocked by core_clock)
Endpoint: _202_ (rising edge-triggered flip-flop clocked by core_clock)
Path Group: core_clock
Path Type: min

Fanout     Cap    Slew   Delay    Time   Description
-----------------------------------------------------------------------------
                  0.00    0.00    0.00   clock core_clock (rise edge)
                          0.00    0.00   clock network delay (ideal)
                  0.00    0.00    0.00 ^ _185_/CLK (sky130_fd_sc_hd__dfxtp_2)
     2    0.01    0.04    0.30    0.30 v _185_/Q (sky130_fd_sc_hd__dfxtp_2)
                                         x1_2.B (net)
                  0.04    0.00    0.30 v _090_/A (sky130_fd_sc_hd__nand2_2)
     3    0.01    0.05    0.06    0.36 ^ _090_/Y (sky130_fd_sc_hd__nand2_2)
                                         _045_ (net)
                  0.05    0.00    0.36 ^ _150_/B (sky130_fd_sc_hd__and2b_2)
     1    0.01    0.06    0.15    0.52 ^ _150_/X (sky130_fd_sc_hd__and2b_2)
                                         _020_ (net)
                  0.06    0.00    0.52 ^ _151_/B (sky130_fd_sc_hd__xnor2_2)
     1    0.00    0.03    0.05    0.57 v _151_/Y (sky130_fd_sc_hd__xnor2_2)
                                         x1_2.S (net)
                  0.03    0.00    0.57 v _202_/D (sky130_fd_sc_hd__dfxtp_2)
                                  0.57   data arrival time

                  0.00    0.00    0.00   clock core_clock (rise edge)
                          0.00    0.00   clock network delay (ideal)
                          0.00    0.00   clock reconvergence pessimism
                                  0.00 ^ _202_/CLK (sky130_fd_sc_hd__dfxtp_2)
                         -0.05   -0.05   library hold time
                                 -0.05   data required time
-----------------------------------------------------------------------------
                                 -0.05   data required time
                                 -0.57   data arrival time
-----------------------------------------------------------------------------
                                  0.62   slack (MET)


Startpoint: _188_ (rising edge-triggered flip-flop clocked by core_clock)
Endpoint: _206_ (rising edge-triggered flip-flop clocked by core_clock)
Path Group: core_clock
Path Type: min

Fanout     Cap    Slew   Delay    Time   Description
-----------------------------------------------------------------------------
                  0.00    0.00    0.00   clock core_clock (rise edge)
                          0.00    0.00   clock network delay (ideal)
                  0.00    0.00    0.00 ^ _188_/CLK (sky130_fd_sc_hd__dfxtp_2)
     2    0.01    0.06    0.32    0.32 ^ _188_/Q (sky130_fd_sc_hd__dfxtp_2)
                                         x1_5.B (net)
                  0.06    0.00    0.32 ^ _081_/A (sky130_fd_sc_hd__nor2_2)
     4    0.01    0.04    0.06    0.37 v _081_/Y (sky130_fd_sc_hd__nor2_2)
                                         _036_ (net)
                  0.04    0.00    0.37 v _138_/A (sky130_fd_sc_hd__nor2_2)
     1    0.01    0.13    0.14    0.51 ^ _138_/Y (sky130_fd_sc_hd__nor2_2)
                                         _012_ (net)
                  0.13    0.00    0.51 ^ _140_/A (sky130_fd_sc_hd__xnor2_2)
     1    0.00    0.02    0.07    0.58 v _140_/Y (sky130_fd_sc_hd__xnor2_2)
                                         x1_6.S (net)
                  0.02    0.00    0.58 v _206_/D (sky130_fd_sc_hd__dfxtp_2)
                                  0.58   data arrival time

                  0.00    0.00    0.00   clock core_clock (rise edge)
                          0.00    0.00   clock network delay (ideal)
                          0.00    0.00   clock reconvergence pessimism
                                  0.00 ^ _206_/CLK (sky130_fd_sc_hd__dfxtp_2)
                         -0.05   -0.05   library hold time
                                 -0.05   data required time
-----------------------------------------------------------------------------
                                 -0.05   data required time
                                 -0.58   data arrival time
-----------------------------------------------------------------------------
                                  0.63   slack (MET)


Startpoint: _181_ (rising edge-triggered flip-flop clocked by core_clock)
Endpoint: _164_ (rising edge-triggered flip-flop clocked by core_clock)
Path Group: core_clock
Path Type: min

Fanout     Cap    Slew   Delay    Time   Description
-----------------------------------------------------------------------------
                  0.00    0.00    0.00   clock core_clock (rise edge)
                          0.00    0.00   clock network delay (ideal)
                  0.00    0.00    0.00 ^ _181_/CLK (sky130_fd_sc_hd__dfxtp_2)
     2    0.01    0.04    0.30    0.30 v _181_/Q (sky130_fd_sc_hd__dfxtp_2)
                                         x1_14.A (net)
                  0.04    0.00    0.30 v _072_/B (sky130_fd_sc_hd__nor2_2)
     2    0.00    0.08    0.08    0.39 ^ _072_/Y (sky130_fd_sc_hd__nor2_2)
                                         _027_ (net)
                  0.08    0.00    0.39 ^ _115_/A (sky130_fd_sc_hd__or2b_2)
     1    0.01    0.05    0.13    0.51 ^ _115_/X (sky130_fd_sc_hd__or2b_2)
                                         _068_ (net)
                  0.05    0.00    0.51 ^ _116_/B (sky130_fd_sc_hd__xnor2_2)
     1    0.01    0.04    0.06    0.58 v _116_/Y (sky130_fd_sc_hd__xnor2_2)
                                         x1_14.S (net)
                  0.04    0.00    0.58 v _164_/D (sky130_fd_sc_hd__dfxtp_2)
                                  0.58   data arrival time

                  0.00    0.00    0.00   clock core_clock (rise edge)
                          0.00    0.00   clock network delay (ideal)
                          0.00    0.00   clock reconvergence pessimism
                                  0.00 ^ _164_/CLK (sky130_fd_sc_hd__dfxtp_2)
                         -0.05   -0.05   library hold time
                                 -0.05   data required time
-----------------------------------------------------------------------------
                                 -0.05   data required time
                                 -0.58   data arrival time
-----------------------------------------------------------------------------
                                  0.63   slack (MET)


Startpoint: _186_ (rising edge-triggered flip-flop clocked by core_clock)
Endpoint: _204_ (rising edge-triggered flip-flop clocked by core_clock)
Path Group: core_clock
Path Type: min

Fanout     Cap    Slew   Delay    Time   Description
-----------------------------------------------------------------------------
                  0.00    0.00    0.00   clock core_clock (rise edge)
                          0.00    0.00   clock network delay (ideal)
                  0.00    0.00    0.00 ^ _186_/CLK (sky130_fd_sc_hd__dfxtp_2)
     2    0.01    0.06    0.32    0.32 ^ _186_/Q (sky130_fd_sc_hd__dfxtp_2)
                                         x1_3.B (net)
                  0.06    0.00    0.32 ^ _083_/A (sky130_fd_sc_hd__nor2_2)
     4    0.01    0.04    0.06    0.37 v _083_/Y (sky130_fd_sc_hd__nor2_2)
                                         _038_ (net)
                  0.04    0.00    0.37 v _144_/A (sky130_fd_sc_hd__nor2_2)
     1    0.01    0.13    0.14    0.51 ^ _144_/Y (sky130_fd_sc_hd__nor2_2)
                                         _016_ (net)
                  0.13    0.00    0.51 ^ _146_/A (sky130_fd_sc_hd__xnor2_2)
     1    0.00    0.02    0.07    0.58 v _146_/Y (sky130_fd_sc_hd__xnor2_2)
                                         x1_4.S (net)
                  0.02    0.00    0.58 v _204_/D (sky130_fd_sc_hd__dfxtp_2)
                                  0.58   data arrival time

                  0.00    0.00    0.00   clock core_clock (rise edge)
                          0.00    0.00   clock network delay (ideal)
                          0.00    0.00   clock reconvergence pessimism
                                  0.00 ^ _204_/CLK (sky130_fd_sc_hd__dfxtp_2)
                         -0.05   -0.05   library hold time
                                 -0.05   data required time
-----------------------------------------------------------------------------
                                 -0.05   data required time
                                 -0.58   data arrival time
-----------------------------------------------------------------------------
                                  0.63   slack (MET)


Startpoint: _176_ (rising edge-triggered flip-flop clocked by core_clock)
Endpoint: _160_ (rising edge-triggered flip-flop clocked by core_clock)
Path Group: core_clock
Path Type: min

Fanout     Cap    Slew   Delay    Time   Description
-----------------------------------------------------------------------------
                  0.00    0.00    0.00   clock core_clock (rise edge)
                          0.00    0.00   clock network delay (ideal)
                  0.00    0.00    0.00 ^ _176_/CLK (sky130_fd_sc_hd__dfxtp_2)
     2    0.01    0.07    0.32    0.32 ^ _176_/Q (sky130_fd_sc_hd__dfxtp_2)
                                         x1_9.A (net)
                  0.07    0.00    0.32 ^ _077_/B (sky130_fd_sc_hd__nor2_2)
     4    0.01    0.03    0.05    0.37 v _077_/Y (sky130_fd_sc_hd__nor2_2)
                                         _032_ (net)
                  0.03    0.00    0.37 v _126_/A (sky130_fd_sc_hd__nor2_2)
     1    0.01    0.13    0.14    0.51 ^ _126_/Y (sky130_fd_sc_hd__nor2_2)
                                         _004_ (net)
                  0.13    0.00    0.51 ^ _128_/A (sky130_fd_sc_hd__xnor2_2)
     1    0.00    0.03    0.08    0.59 v _128_/Y (sky130_fd_sc_hd__xnor2_2)
                                         x1_10.S (net)
                  0.03    0.00    0.59 v _160_/D (sky130_fd_sc_hd__dfxtp_2)
                                  0.59   data arrival time

                  0.00    0.00    0.00   clock core_clock (rise edge)
                          0.00    0.00   clock network delay (ideal)
                          0.00    0.00   clock reconvergence pessimism
                                  0.00 ^ _160_/CLK (sky130_fd_sc_hd__dfxtp_2)
                         -0.05   -0.05   library hold time
                                 -0.05   data required time
-----------------------------------------------------------------------------
                                 -0.05   data required time
                                 -0.59   data arrival time
-----------------------------------------------------------------------------
                                  0.64   slack (MET)


Startpoint: _179_ (rising edge-triggered flip-flop clocked by core_clock)
Endpoint: _162_ (rising edge-triggered flip-flop clocked by core_clock)
Path Group: core_clock
Path Type: min

Fanout     Cap    Slew   Delay    Time   Description
-----------------------------------------------------------------------------
                  0.00    0.00    0.00   clock core_clock (rise edge)
                          0.00    0.00   clock network delay (ideal)
                  0.00    0.00    0.00 ^ _179_/CLK (sky130_fd_sc_hd__dfxtp_2)
     2    0.01    0.04    0.30    0.30 v _179_/Q (sky130_fd_sc_hd__dfxtp_2)
                                         x1_12.A (net)
                  0.04    0.00    0.30 v _074_/B (sky130_fd_sc_hd__nor2_2)
     3    0.01    0.11    0.10    0.40 ^ _074_/Y (sky130_fd_sc_hd__nor2_2)
                                         _029_ (net)
                  0.11    0.00    0.40 ^ _121_/A (sky130_fd_sc_hd__or2b_2)
     1    0.01    0.06    0.14    0.55 ^ _121_/X (sky130_fd_sc_hd__or2b_2)
                                         _001_ (net)
                  0.06    0.00    0.55 ^ _122_/B (sky130_fd_sc_hd__xnor2_2)
     1    0.00    0.03    0.06    0.60 v _122_/Y (sky130_fd_sc_hd__xnor2_2)
                                         x1_12.S (net)
                  0.03    0.00    0.60 v _162_/D (sky130_fd_sc_hd__dfxtp_2)
                                  0.60   data arrival time

                  0.00    0.00    0.00   clock core_clock (rise edge)
                          0.00    0.00   clock network delay (ideal)
                          0.00    0.00   clock reconvergence pessimism
                                  0.00 ^ _162_/CLK (sky130_fd_sc_hd__dfxtp_2)
                         -0.05   -0.05   library hold time
                                 -0.05   data required time
-----------------------------------------------------------------------------
                                 -0.05   data required time
                                 -0.60   data arrival time
-----------------------------------------------------------------------------
                                  0.65   slack (MET)



worst slack corner Typical: 0.4500
