OpenROAD b16bda7e82721d10566ff7e2b68f1ff0be9f9e38 
Features included (+) or not (-): +Charts +GPU +GUI +Python
This program is licensed under the BSD-3 license. See the LICENSE file for details.
Components of this program may be licensed under more restrictive licenses which must be honored.
define_corners Typical
read_liberty -corner Typical /volare/sky130A/libs.ref/sky130_fd_sc_hd/lib/sky130_fd_sc_hd__tt_025C_1v80.lib
Using 1e-12 for capacitance...
Using 1e+03 for resistance...
Using 1e-09 for time...
Using 1e+00 for voltage...
Using 1e-03 for current...
Using 1e-09 for power...
Using 1e-06 for distance...
[INFO]: Reading ODB at '/openlane/designs/bka/runs/auto_pnr/results/placement/bka.odb'…
Reading design constraints file at '/openlane/designs/bka/src/bka.sdc'…
[INFO]: Setting RC values...
min_report

===========================================================================
report_checks -path_delay min (Hold)
============================================================================
======================= Typical Corner ===================================

Startpoint: _227_ (rising edge-triggered flip-flop clocked by core_clock)
Endpoint: _194_ (rising edge-triggered flip-flop clocked by core_clock)
Path Group: core_clock
Path Type: min

Fanout     Cap    Slew   Delay    Time   Description
-----------------------------------------------------------------------------
                  0.00    0.00    0.00   clock core_clock (rise edge)
                          0.00    0.00   clock network delay (ideal)
                  0.00    0.00    0.00 ^ _227_/CLK (sky130_fd_sc_hd__dfxtp_1)
     3    0.01    0.07    0.31    0.31 ^ _227_/Q (sky130_fd_sc_hd__dfxtp_1)
                                         x5.B (net)
                  0.07    0.00    0.31 ^ _174_/A (sky130_fd_sc_hd__nand2_1)
     1    0.00    0.04    0.05    0.36 v _174_/Y (sky130_fd_sc_hd__nand2_1)
                                         _026_ (net)
                  0.04    0.00    0.36 v _175_/B (sky130_fd_sc_hd__nand2_1)
     1    0.00    0.06    0.07    0.43 ^ _175_/Y (sky130_fd_sc_hd__nand2_1)
                                         _027_ (net)
                  0.06    0.00    0.43 ^ _179_/A (sky130_fd_sc_hd__xnor2_1)
     1    0.00    0.03    0.06    0.50 v _179_/Y (sky130_fd_sc_hd__xnor2_1)
                                         x77.Si (net)
                  0.03    0.00    0.50 v _194_/D (sky130_fd_sc_hd__dfxtp_1)
                                  0.50   data arrival time

                  0.00    0.00    0.00   clock core_clock (rise edge)
                          0.00    0.00   clock network delay (ideal)
                          0.00    0.00   clock reconvergence pessimism
                                  0.00 ^ _194_/CLK (sky130_fd_sc_hd__dfxtp_1)
                         -0.06   -0.06   library hold time
                                 -0.06   data required time
-----------------------------------------------------------------------------
                                 -0.06   data required time
                                 -0.50   data arrival time
-----------------------------------------------------------------------------
                                  0.55   slack (MET)


Startpoint: _213_ (rising edge-triggered flip-flop clocked by core_clock)
Endpoint: _196_ (rising edge-triggered flip-flop clocked by core_clock)
Path Group: core_clock
Path Type: min

Fanout     Cap    Slew   Delay    Time   Description
-----------------------------------------------------------------------------
                  0.00    0.00    0.00   clock core_clock (rise edge)
                          0.00    0.00   clock network delay (ideal)
                  0.00    0.00    0.00 ^ _213_/CLK (sky130_fd_sc_hd__dfxtp_1)
     3    0.01    0.09    0.32    0.32 ^ _213_/Q (sky130_fd_sc_hd__dfxtp_1)
                                         x3.A (net)
                  0.09    0.00    0.32 ^ _093_/B (sky130_fd_sc_hd__nand2_1)
     1    0.00    0.04    0.06    0.38 v _093_/Y (sky130_fd_sc_hd__nand2_1)
                                         _044_ (net)
                  0.04    0.00    0.38 v _095_/A (sky130_fd_sc_hd__nand2_1)
     2    0.01    0.07    0.08    0.46 ^ _095_/Y (sky130_fd_sc_hd__nand2_1)
                                         _046_ (net)
                  0.07    0.00    0.46 ^ _172_/A (sky130_fd_sc_hd__xnor2_1)
     1    0.00    0.03    0.07    0.53 v _172_/Y (sky130_fd_sc_hd__xnor2_1)
                                         x75.Si (net)
                  0.03    0.00    0.53 v _196_/D (sky130_fd_sc_hd__dfxtp_1)
                                  0.53   data arrival time

                  0.00    0.00    0.00   clock core_clock (rise edge)
                          0.00    0.00   clock network delay (ideal)
                          0.00    0.00   clock reconvergence pessimism
                                  0.00 ^ _196_/CLK (sky130_fd_sc_hd__dfxtp_1)
                         -0.06   -0.06   library hold time
                                 -0.06   data required time
-----------------------------------------------------------------------------
                                 -0.06   data required time
                                 -0.53   data arrival time
-----------------------------------------------------------------------------
                                  0.59   slack (MET)


Startpoint: _223_ (rising edge-triggered flip-flop clocked by core_clock)
Endpoint: _207_ (rising edge-triggered flip-flop clocked by core_clock)
Path Group: core_clock
Path Type: min

Fanout     Cap    Slew   Delay    Time   Description
-----------------------------------------------------------------------------
                  0.00    0.00    0.00   clock core_clock (rise edge)
                          0.00    0.00   clock network delay (ideal)
                  0.00    0.00    0.00 ^ _223_/CLK (sky130_fd_sc_hd__dfxtp_1)
     3    0.01    0.08    0.32    0.32 ^ _223_/Q (sky130_fd_sc_hd__dfxtp_1)
                                         x33.A (net)
                  0.08    0.00    0.32 ^ _087_/B (sky130_fd_sc_hd__nand2_1)
     2    0.01    0.05    0.07    0.39 v _087_/Y (sky130_fd_sc_hd__nand2_1)
                                         _038_ (net)
                  0.05    0.00    0.39 v _189_/B1 (sky130_fd_sc_hd__o31a_1)
     1    0.00    0.03    0.10    0.49 v _189_/X (sky130_fd_sc_hd__o31a_1)
                                         _037_ (net)
                  0.03    0.00    0.49 v _190_/B1 (sky130_fd_sc_hd__o31ai_1)
     1    0.00    0.06    0.06    0.55 ^ _190_/Y (sky130_fd_sc_hd__o31ai_1)
                                         x49.G (net)
                  0.06    0.00    0.55 ^ _207_/D (sky130_fd_sc_hd__dfxtp_1)
                                  0.55   data arrival time

                  0.00    0.00    0.00   clock core_clock (rise edge)
                          0.00    0.00   clock network delay (ideal)
                          0.00    0.00   clock reconvergence pessimism
                                  0.00 ^ _207_/CLK (sky130_fd_sc_hd__dfxtp_1)
                         -0.04   -0.04   library hold time
                                 -0.04   data required time
-----------------------------------------------------------------------------
                                 -0.04   data required time
                                 -0.55   data arrival time
-----------------------------------------------------------------------------
                                  0.59   slack (MET)


Startpoint: _221_ (rising edge-triggered flip-flop clocked by core_clock)
Endpoint: _204_ (rising edge-triggered flip-flop clocked by core_clock)
Path Group: core_clock
Path Type: min

Fanout     Cap    Slew   Delay    Time   Description
-----------------------------------------------------------------------------
                  0.00    0.00    0.00   clock core_clock (rise edge)
                          0.00    0.00   clock network delay (ideal)
                  0.00    0.00    0.00 ^ _221_/CLK (sky130_fd_sc_hd__dfxtp_1)
     2    0.00    0.06    0.30    0.30 ^ _221_/Q (sky130_fd_sc_hd__dfxtp_1)
                                         x35.A (net)
                  0.06    0.00    0.30 ^ _135_/B (sky130_fd_sc_hd__nand2_1)
     2    0.01    0.05    0.06    0.36 v _135_/Y (sky130_fd_sc_hd__nand2_1)
                                         _086_ (net)
                  0.05    0.00    0.36 v _136_/B (sky130_fd_sc_hd__nand2_1)
     2    0.01    0.09    0.10    0.46 ^ _136_/Y (sky130_fd_sc_hd__nand2_1)
                                         _000_ (net)
                  0.09    0.00    0.46 ^ _153_/A (sky130_fd_sc_hd__xnor2_1)
     1    0.00    0.04    0.08    0.53 v _153_/Y (sky130_fd_sc_hd__xnor2_1)
                                         x67.Si (net)
                  0.04    0.00    0.53 v _204_/D (sky130_fd_sc_hd__dfxtp_1)
                                  0.53   data arrival time

                  0.00    0.00    0.00   clock core_clock (rise edge)
                          0.00    0.00   clock network delay (ideal)
                          0.00    0.00   clock reconvergence pessimism
                                  0.00 ^ _204_/CLK (sky130_fd_sc_hd__dfxtp_1)
                         -0.06   -0.06   library hold time
                                 -0.06   data required time
-----------------------------------------------------------------------------
                                 -0.06   data required time
                                 -0.53   data arrival time
-----------------------------------------------------------------------------
                                  0.59   slack (MET)


Startpoint: _216_ (rising edge-triggered flip-flop clocked by core_clock)
Endpoint: _200_ (rising edge-triggered flip-flop clocked by core_clock)
Path Group: core_clock
Path Type: min

Fanout     Cap    Slew   Delay    Time   Description
-----------------------------------------------------------------------------
                  0.00    0.00    0.00   clock core_clock (rise edge)
                          0.00    0.00   clock network delay (ideal)
                  0.00    0.00    0.00 ^ _216_/CLK (sky130_fd_sc_hd__dfxtp_1)
     4    0.01    0.14    0.36    0.36 ^ _216_/Q (sky130_fd_sc_hd__dfxtp_1)
                                         x12.A (net)
                  0.14    0.00    0.36 ^ _161_/A2 (sky130_fd_sc_hd__a21oi_1)
     1    0.00    0.03    0.10    0.45 v _161_/Y (sky130_fd_sc_hd__a21oi_1)
                                         _019_ (net)
                  0.03    0.00    0.45 v _162_/B (sky130_fd_sc_hd__xnor2_1)
     1    0.00    0.04    0.12    0.57 ^ _162_/Y (sky130_fd_sc_hd__xnor2_1)
                                         x71.Si (net)
                  0.04    0.00    0.57 ^ _200_/D (sky130_fd_sc_hd__dfxtp_1)
                                  0.57   data arrival time

                  0.00    0.00    0.00   clock core_clock (rise edge)
                          0.00    0.00   clock network delay (ideal)
                          0.00    0.00   clock reconvergence pessimism
                                  0.00 ^ _200_/CLK (sky130_fd_sc_hd__dfxtp_1)
                         -0.04   -0.04   library hold time
                                 -0.04   data required time
-----------------------------------------------------------------------------
                                 -0.04   data required time
                                 -0.57   data arrival time
-----------------------------------------------------------------------------
                                  0.61   slack (MET)


Startpoint: _224_ (rising edge-triggered flip-flop clocked by core_clock)
Endpoint: _192_ (rising edge-triggered flip-flop clocked by core_clock)
Path Group: core_clock
Path Type: min

Fanout     Cap    Slew   Delay    Time   Description
-----------------------------------------------------------------------------
                  0.00    0.00    0.00   clock core_clock (rise edge)
                          0.00    0.00   clock network delay (ideal)
                  0.00    0.00    0.00 ^ _224_/CLK (sky130_fd_sc_hd__dfxtp_1)
     3    0.01    0.08    0.31    0.31 ^ _224_/Q (sky130_fd_sc_hd__dfxtp_1)
                                         x8.B (net)
                  0.08    0.00    0.31 ^ _098_/A (sky130_fd_sc_hd__nand2_1)
     4    0.01    0.08    0.09    0.41 v _098_/Y (sky130_fd_sc_hd__nand2_1)
                                         _049_ (net)
                  0.08    0.00    0.41 v _183_/A (sky130_fd_sc_hd__nand2_1)
     1    0.00    0.06    0.08    0.49 ^ _183_/Y (sky130_fd_sc_hd__nand2_1)
                                         _033_ (net)
                  0.06    0.00    0.49 ^ _184_/B (sky130_fd_sc_hd__xor2_1)
     1    0.00    0.04    0.06    0.55 v _184_/X (sky130_fd_sc_hd__xor2_1)
                                         x79.Si (net)
                  0.04    0.00    0.55 v _192_/D (sky130_fd_sc_hd__dfxtp_1)
                                  0.55   data arrival time

                  0.00    0.00    0.00   clock core_clock (rise edge)
                          0.00    0.00   clock network delay (ideal)
                          0.00    0.00   clock reconvergence pessimism
                                  0.00 ^ _192_/CLK (sky130_fd_sc_hd__dfxtp_1)
                         -0.06   -0.06   library hold time
                                 -0.06   data required time
-----------------------------------------------------------------------------
                                 -0.06   data required time
                                 -0.55   data arrival time
-----------------------------------------------------------------------------
                                  0.61   slack (MET)


Startpoint: _220_ (rising edge-triggered flip-flop clocked by core_clock)
Endpoint: _203_ (rising edge-triggered flip-flop clocked by core_clock)
Path Group: core_clock
Path Type: min

Fanout     Cap    Slew   Delay    Time   Description
-----------------------------------------------------------------------------
                  0.00    0.00    0.00   clock core_clock (rise edge)
                          0.00    0.00   clock network delay (ideal)
                  0.00    0.00    0.00 ^ _220_/CLK (sky130_fd_sc_hd__dfxtp_1)
     2    0.01    0.06    0.30    0.30 ^ _220_/Q (sky130_fd_sc_hd__dfxtp_1)
                                         x36.A (net)
                  0.06    0.00    0.30 ^ _138_/B (sky130_fd_sc_hd__nand2_1)
     3    0.01    0.06    0.08    0.38 v _138_/Y (sky130_fd_sc_hd__nand2_1)
                                         _002_ (net)
                  0.06    0.00    0.38 v _139_/B (sky130_fd_sc_hd__nand2_1)
     2    0.01    0.08    0.10    0.47 ^ _139_/Y (sky130_fd_sc_hd__nand2_1)
                                         _003_ (net)
                  0.08    0.00    0.47 ^ _154_/B (sky130_fd_sc_hd__xnor2_1)
     1    0.00    0.05    0.08    0.55 v _154_/Y (sky130_fd_sc_hd__xnor2_1)
                                         x68.Si (net)
                  0.05    0.00    0.55 v _203_/D (sky130_fd_sc_hd__dfxtp_1)
                                  0.55   data arrival time

                  0.00    0.00    0.00   clock core_clock (rise edge)
                          0.00    0.00   clock network delay (ideal)
                          0.00    0.00   clock reconvergence pessimism
                                  0.00 ^ _203_/CLK (sky130_fd_sc_hd__dfxtp_1)
                         -0.07   -0.07   library hold time
                                 -0.07   data required time
-----------------------------------------------------------------------------
                                 -0.07   data required time
                                 -0.55   data arrival time
-----------------------------------------------------------------------------
                                  0.62   slack (MET)


Startpoint: _218_ (rising edge-triggered flip-flop clocked by core_clock)
Endpoint: _201_ (rising edge-triggered flip-flop clocked by core_clock)
Path Group: core_clock
Path Type: min

Fanout     Cap    Slew   Delay    Time   Description
-----------------------------------------------------------------------------
                  0.00    0.00    0.00   clock core_clock (rise edge)
                          0.00    0.00   clock network delay (ideal)
                  0.00    0.00    0.00 ^ _218_/CLK (sky130_fd_sc_hd__dfxtp_1)
     3    0.01    0.05    0.30    0.30 v _218_/Q (sky130_fd_sc_hd__dfxtp_1)
                                         x10.A (net)
                  0.05    0.00    0.30 v _124_/B (sky130_fd_sc_hd__nand2_1)
     1    0.00    0.03    0.05    0.35 ^ _124_/Y (sky130_fd_sc_hd__nand2_1)
                                         _075_ (net)
                  0.03    0.00    0.35 ^ _126_/A (sky130_fd_sc_hd__and2_1)
     2    0.01    0.08    0.13    0.48 ^ _126_/X (sky130_fd_sc_hd__and2_1)
                                         _077_ (net)
                  0.08    0.00    0.48 ^ _159_/A (sky130_fd_sc_hd__xnor2_1)
     1    0.00    0.04    0.08    0.56 v _159_/Y (sky130_fd_sc_hd__xnor2_1)
                                         x70.Si (net)
                  0.04    0.00    0.56 v _201_/D (sky130_fd_sc_hd__dfxtp_1)
                                  0.56   data arrival time

                  0.00    0.00    0.00   clock core_clock (rise edge)
                          0.00    0.00   clock network delay (ideal)
                          0.00    0.00   clock reconvergence pessimism
                                  0.00 ^ _201_/CLK (sky130_fd_sc_hd__dfxtp_1)
                         -0.06   -0.06   library hold time
                                 -0.06   data required time
-----------------------------------------------------------------------------
                                 -0.06   data required time
                                 -0.56   data arrival time
-----------------------------------------------------------------------------
                                  0.63   slack (MET)


Startpoint: _223_ (rising edge-triggered flip-flop clocked by core_clock)
Endpoint: _206_ (rising edge-triggered flip-flop clocked by core_clock)
Path Group: core_clock
Path Type: min

Fanout     Cap    Slew   Delay    Time   Description
-----------------------------------------------------------------------------
                  0.00    0.00    0.00   clock core_clock (rise edge)
                          0.00    0.00   clock network delay (ideal)
                  0.00    0.00    0.00 ^ _223_/CLK (sky130_fd_sc_hd__dfxtp_1)
     3    0.01    0.08    0.32    0.32 ^ _223_/Q (sky130_fd_sc_hd__dfxtp_1)
                                         x33.A (net)
                  0.08    0.00    0.32 ^ _087_/B (sky130_fd_sc_hd__nand2_1)
     2    0.01    0.05    0.07    0.39 v _087_/Y (sky130_fd_sc_hd__nand2_1)
                                         _038_ (net)
                  0.05    0.00    0.39 v _089_/A (sky130_fd_sc_hd__nand2_1)
     2    0.01    0.08    0.09    0.48 ^ _089_/Y (sky130_fd_sc_hd__nand2_1)
                                         _040_ (net)
                  0.08    0.00    0.48 ^ _147_/A (sky130_fd_sc_hd__xnor2_1)
     1    0.01    0.05    0.09    0.56 v _147_/Y (sky130_fd_sc_hd__xnor2_1)
                                         x65.Si (net)
                  0.05    0.00    0.56 v _206_/D (sky130_fd_sc_hd__dfxtp_1)
                                  0.56   data arrival time

                  0.00    0.00    0.00   clock core_clock (rise edge)
                          0.00    0.00   clock network delay (ideal)
                          0.00    0.00   clock reconvergence pessimism
                                  0.00 ^ _206_/CLK (sky130_fd_sc_hd__dfxtp_1)
                         -0.07   -0.07   library hold time
                                 -0.07   data required time
-----------------------------------------------------------------------------
                                 -0.07   data required time
                                 -0.56   data arrival time
-----------------------------------------------------------------------------
                                  0.63   slack (MET)


Startpoint: _240_ (rising edge-triggered flip-flop clocked by core_clock)
Endpoint: _191_ (rising edge-triggered flip-flop clocked by core_clock)
Path Group: core_clock
Path Type: min

Fanout     Cap    Slew   Delay    Time   Description
-----------------------------------------------------------------------------
                  0.00    0.00    0.00   clock core_clock (rise edge)
                          0.00    0.00   clock network delay (ideal)
                  0.00    0.00    0.00 ^ _240_/CLK (sky130_fd_sc_hd__dfxtp_1)
     4    0.01    0.07    0.31    0.31 v _240_/Q (sky130_fd_sc_hd__dfxtp_1)
                                         x49.G1 (net)
                  0.07    0.00    0.31 v _182_/A (sky130_fd_sc_hd__nand3_1)
     2    0.00    0.07    0.08    0.40 ^ _182_/Y (sky130_fd_sc_hd__nand3_1)
                                         _032_ (net)
                  0.07    0.00    0.40 ^ _186_/A (sky130_fd_sc_hd__and2_1)
     1    0.00    0.05    0.12    0.52 ^ _186_/X (sky130_fd_sc_hd__and2_1)
                                         _035_ (net)
                  0.05    0.00    0.52 ^ _187_/A (sky130_fd_sc_hd__clkbuf_1)
     1    0.00    0.04    0.08    0.60 ^ _187_/X (sky130_fd_sc_hd__clkbuf_1)
                                         x80.Si (net)
                  0.04    0.00    0.60 ^ _191_/D (sky130_fd_sc_hd__dfxtp_1)
                                  0.60   data arrival time

                  0.00    0.00    0.00   clock core_clock (rise edge)
                          0.00    0.00   clock network delay (ideal)
                          0.00    0.00   clock reconvergence pessimism
                                  0.00 ^ _191_/CLK (sky130_fd_sc_hd__dfxtp_1)
                         -0.04   -0.04   library hold time
                                 -0.04   data required time
-----------------------------------------------------------------------------
                                 -0.04   data required time
                                 -0.60   data arrival time
-----------------------------------------------------------------------------
                                  0.63   slack (MET)


Startpoint: _226_ (rising edge-triggered flip-flop clocked by core_clock)
Endpoint: _193_ (rising edge-triggered flip-flop clocked by core_clock)
Path Group: core_clock
Path Type: min

Fanout     Cap    Slew   Delay    Time   Description
-----------------------------------------------------------------------------
                  0.00    0.00    0.00   clock core_clock (rise edge)
                          0.00    0.00   clock network delay (ideal)
                  0.00    0.00    0.00 ^ _226_/CLK (sky130_fd_sc_hd__dfxtp_1)
     3    0.01    0.09    0.32    0.32 ^ _226_/Q (sky130_fd_sc_hd__dfxtp_1)
                                         x6.B (net)
                  0.09    0.00    0.32 ^ _176_/A (sky130_fd_sc_hd__nor2_1)
     2    0.01    0.04    0.06    0.38 v _176_/Y (sky130_fd_sc_hd__nor2_1)
                                         _028_ (net)
                  0.04    0.00    0.38 v _180_/B (sky130_fd_sc_hd__nor2_1)
     1    0.01    0.12    0.11    0.50 ^ _180_/Y (sky130_fd_sc_hd__nor2_1)
                                         _031_ (net)
                  0.12    0.00    0.50 ^ _181_/A (sky130_fd_sc_hd__xnor2_1)
     1    0.00    0.04    0.08    0.58 v _181_/Y (sky130_fd_sc_hd__xnor2_1)
                                         x78.Si (net)
                  0.04    0.00    0.58 v _193_/D (sky130_fd_sc_hd__dfxtp_1)
                                  0.58   data arrival time

                  0.00    0.00    0.00   clock core_clock (rise edge)
                          0.00    0.00   clock network delay (ideal)
                          0.00    0.00   clock reconvergence pessimism
                                  0.00 ^ _193_/CLK (sky130_fd_sc_hd__dfxtp_1)
                         -0.06   -0.06   library hold time
                                 -0.06   data required time
-----------------------------------------------------------------------------
                                 -0.06   data required time
                                 -0.58   data arrival time
-----------------------------------------------------------------------------
                                  0.64   slack (MET)


Startpoint: _230_ (rising edge-triggered flip-flop clocked by core_clock)
Endpoint: _198_ (rising edge-triggered flip-flop clocked by core_clock)
Path Group: core_clock
Path Type: min

Fanout     Cap    Slew   Delay    Time   Description
-----------------------------------------------------------------------------
                  0.00    0.00    0.00   clock core_clock (rise edge)
                          0.00    0.00   clock network delay (ideal)
                  0.00    0.00    0.00 ^ _230_/CLK (sky130_fd_sc_hd__dfxtp_1)
     3    0.01    0.11    0.34    0.34 ^ _230_/Q (sky130_fd_sc_hd__dfxtp_1)
                                         x2.B (net)
                  0.11    0.00    0.34 ^ _165_/A1 (sky130_fd_sc_hd__a22o_1)
     1    0.01    0.06    0.16    0.50 ^ _165_/X (sky130_fd_sc_hd__a22o_1)
                                         _021_ (net)
                  0.06    0.00    0.50 ^ _167_/A (sky130_fd_sc_hd__xnor2_1)
     1    0.00    0.05    0.08    0.57 v _167_/Y (sky130_fd_sc_hd__xnor2_1)
                                         x73.Si (net)
                  0.05    0.00    0.58 v _198_/D (sky130_fd_sc_hd__dfxtp_1)
                                  0.58   data arrival time

                  0.00    0.00    0.00   clock core_clock (rise edge)
                          0.00    0.00   clock network delay (ideal)
                          0.00    0.00   clock reconvergence pessimism
                                  0.00 ^ _198_/CLK (sky130_fd_sc_hd__dfxtp_1)
                         -0.06   -0.06   library hold time
                                 -0.06   data required time
-----------------------------------------------------------------------------
                                 -0.06   data required time
                                 -0.58   data arrival time
-----------------------------------------------------------------------------
                                  0.64   slack (MET)


Startpoint: _216_ (rising edge-triggered flip-flop clocked by core_clock)
Endpoint: _199_ (rising edge-triggered flip-flop clocked by core_clock)
Path Group: core_clock
Path Type: min

Fanout     Cap    Slew   Delay    Time   Description
-----------------------------------------------------------------------------
                  0.00    0.00    0.00   clock core_clock (rise edge)
                          0.00    0.00   clock network delay (ideal)
                  0.00    0.00    0.00 ^ _216_/CLK (sky130_fd_sc_hd__dfxtp_1)
     4    0.01    0.14    0.36    0.36 ^ _216_/Q (sky130_fd_sc_hd__dfxtp_1)
                                         x12.A (net)
                  0.14    0.00    0.36 ^ _119_/B (sky130_fd_sc_hd__xor2_1)
     2    0.01    0.05    0.10    0.46 v _119_/X (sky130_fd_sc_hd__xor2_1)
                                         _070_ (net)
                  0.05    0.00    0.46 v _163_/B (sky130_fd_sc_hd__xor2_1)
     1    0.00    0.11    0.13    0.59 ^ _163_/X (sky130_fd_sc_hd__xor2_1)
                                         x72.Si (net)
                  0.11    0.00    0.59 ^ _199_/D (sky130_fd_sc_hd__dfxtp_1)
                                  0.59   data arrival time

                  0.00    0.00    0.00   clock core_clock (rise edge)
                          0.00    0.00   clock network delay (ideal)
                          0.00    0.00   clock reconvergence pessimism
                                  0.00 ^ _199_/CLK (sky130_fd_sc_hd__dfxtp_1)
                         -0.05   -0.05   library hold time
                                 -0.05   data required time
-----------------------------------------------------------------------------
                                 -0.05   data required time
                                 -0.59   data arrival time
-----------------------------------------------------------------------------
                                  0.64   slack (MET)


Startpoint: _219_ (rising edge-triggered flip-flop clocked by core_clock)
Endpoint: _202_ (rising edge-triggered flip-flop clocked by core_clock)
Path Group: core_clock
Path Type: min

Fanout     Cap    Slew   Delay    Time   Description
-----------------------------------------------------------------------------
                  0.00    0.00    0.00   clock core_clock (rise edge)
                          0.00    0.00   clock network delay (ideal)
                  0.00    0.00    0.00 ^ _219_/CLK (sky130_fd_sc_hd__dfxtp_1)
     2    0.00    0.03    0.28    0.28 v _219_/Q (sky130_fd_sc_hd__dfxtp_1)
                                         x9.A (net)
                  0.03    0.00    0.28 v _128_/B (sky130_fd_sc_hd__nor2_1)
     1    0.00    0.08    0.08    0.36 ^ _128_/Y (sky130_fd_sc_hd__nor2_1)
                                         _079_ (net)
                  0.08    0.00    0.36 ^ _129_/B (sky130_fd_sc_hd__nor2_1)
     3    0.01    0.05    0.07    0.43 v _129_/Y (sky130_fd_sc_hd__nor2_1)
                                         _080_ (net)
                  0.05    0.00    0.43 v _157_/A (sky130_fd_sc_hd__xor2_1)
     1    0.00    0.12    0.16    0.59 ^ _157_/X (sky130_fd_sc_hd__xor2_1)
                                         x69.Si (net)
                  0.12    0.00    0.60 ^ _202_/D (sky130_fd_sc_hd__dfxtp_1)
                                  0.60   data arrival time

                  0.00    0.00    0.00   clock core_clock (rise edge)
                          0.00    0.00   clock network delay (ideal)
                          0.00    0.00   clock reconvergence pessimism
                                  0.00 ^ _202_/CLK (sky130_fd_sc_hd__dfxtp_1)
                         -0.05   -0.05   library hold time
                                 -0.05   data required time
-----------------------------------------------------------------------------
                                 -0.05   data required time
                                 -0.60   data arrival time
-----------------------------------------------------------------------------
                                  0.65   slack (MET)


Startpoint: _212_ (rising edge-triggered flip-flop clocked by core_clock)
Endpoint: _195_ (rising edge-triggered flip-flop clocked by core_clock)
Path Group: core_clock
Path Type: min

Fanout     Cap    Slew   Delay    Time   Description
-----------------------------------------------------------------------------
                  0.00    0.00    0.00   clock core_clock (rise edge)
                          0.00    0.00   clock network delay (ideal)
                  0.00    0.00    0.00 ^ _212_/CLK (sky130_fd_sc_hd__dfxtp_1)
     3    0.01    0.04    0.29    0.29 v _212_/Q (sky130_fd_sc_hd__dfxtp_1)
                                         x4.A (net)
                  0.04    0.00    0.29 v _091_/B (sky130_fd_sc_hd__nor2_1)
     2    0.00    0.11    0.10    0.39 ^ _091_/Y (sky130_fd_sc_hd__nor2_1)
                                         _042_ (net)
                  0.11    0.00    0.39 ^ _092_/B (sky130_fd_sc_hd__or2_1)
     2    0.01    0.08    0.14    0.53 ^ _092_/X (sky130_fd_sc_hd__or2_1)
                                         _043_ (net)
                  0.08    0.00    0.53 ^ _173_/A (sky130_fd_sc_hd__xor2_1)
     1    0.00    0.04    0.07    0.60 v _173_/X (sky130_fd_sc_hd__xor2_1)
                                         x76.Si (net)
                  0.04    0.00    0.60 v _195_/D (sky130_fd_sc_hd__dfxtp_1)
                                  0.60   data arrival time

                  0.00    0.00    0.00   clock core_clock (rise edge)
                          0.00    0.00   clock network delay (ideal)
                          0.00    0.00   clock reconvergence pessimism
                                  0.00 ^ _195_/CLK (sky130_fd_sc_hd__dfxtp_1)
                         -0.06   -0.06   library hold time
                                 -0.06   data required time
-----------------------------------------------------------------------------
                                 -0.06   data required time
                                 -0.60   data arrival time
-----------------------------------------------------------------------------
                                  0.66   slack (MET)


Startpoint: _221_ (rising edge-triggered flip-flop clocked by core_clock)
Endpoint: _205_ (rising edge-triggered flip-flop clocked by core_clock)
Path Group: core_clock
Path Type: min

Fanout     Cap    Slew   Delay    Time   Description
-----------------------------------------------------------------------------
                  0.00    0.00    0.00   clock core_clock (rise edge)
                          0.00    0.00   clock network delay (ideal)
                  0.00    0.00    0.00 ^ _221_/CLK (sky130_fd_sc_hd__dfxtp_1)
     2    0.00    0.06    0.30    0.30 ^ _221_/Q (sky130_fd_sc_hd__dfxtp_1)
                                         x35.A (net)
                  0.06    0.00    0.30 ^ _134_/B (sky130_fd_sc_hd__or2_1)
     3    0.01    0.09    0.13    0.43 ^ _134_/X (sky130_fd_sc_hd__or2_1)
                                         _085_ (net)
                  0.09    0.00    0.43 ^ _148_/A1 (sky130_fd_sc_hd__a21bo_1)
     1    0.01    0.05    0.13    0.55 ^ _148_/X (sky130_fd_sc_hd__a21bo_1)
                                         _011_ (net)
                  0.05    0.00    0.55 ^ _150_/A (sky130_fd_sc_hd__xnor2_1)
     1    0.00    0.03    0.06    0.61 v _150_/Y (sky130_fd_sc_hd__xnor2_1)
                                         x66.Si (net)
                  0.03    0.00    0.61 v _205_/D (sky130_fd_sc_hd__dfxtp_1)
                                  0.61   data arrival time

                  0.00    0.00    0.00   clock core_clock (rise edge)
                          0.00    0.00   clock network delay (ideal)
                          0.00    0.00   clock reconvergence pessimism
                                  0.00 ^ _205_/CLK (sky130_fd_sc_hd__dfxtp_1)
                         -0.06   -0.06   library hold time
                                 -0.06   data required time
-----------------------------------------------------------------------------
                                 -0.06   data required time
                                 -0.61   data arrival time
-----------------------------------------------------------------------------
                                  0.67   slack (MET)


Startpoint: _230_ (rising edge-triggered flip-flop clocked by core_clock)
Endpoint: _197_ (rising edge-triggered flip-flop clocked by core_clock)
Path Group: core_clock
Path Type: min

Fanout     Cap    Slew   Delay    Time   Description
-----------------------------------------------------------------------------
                  0.00    0.00    0.00   clock core_clock (rise edge)
                          0.00    0.00   clock network delay (ideal)
                  0.00    0.00    0.00 ^ _230_/CLK (sky130_fd_sc_hd__dfxtp_1)
     3    0.01    0.11    0.34    0.34 ^ _230_/Q (sky130_fd_sc_hd__dfxtp_1)
                                         x2.B (net)
                  0.11    0.00    0.34 ^ _109_/A (sky130_fd_sc_hd__xor2_1)
     3    0.01    0.06    0.11    0.45 v _109_/X (sky130_fd_sc_hd__xor2_1)
                                         _060_ (net)
                  0.06    0.00    0.45 v _110_/A (sky130_fd_sc_hd__inv_2)
     3    0.01    0.07    0.09    0.54 ^ _110_/Y (sky130_fd_sc_hd__inv_2)
                                         _061_ (net)
                  0.07    0.00    0.54 ^ _170_/A3 (sky130_fd_sc_hd__o31a_1)
     1    0.00    0.05    0.12    0.66 ^ _170_/X (sky130_fd_sc_hd__o31a_1)
                                         x74.Si (net)
                  0.05    0.00    0.66 ^ _197_/D (sky130_fd_sc_hd__dfxtp_1)
                                  0.66   data arrival time

                  0.00    0.00    0.00   clock core_clock (rise edge)
                          0.00    0.00   clock network delay (ideal)
                          0.00    0.00   clock reconvergence pessimism
                                  0.00 ^ _197_/CLK (sky130_fd_sc_hd__dfxtp_1)
                         -0.04   -0.04   library hold time
                                 -0.04   data required time
-----------------------------------------------------------------------------
                                 -0.04   data required time
                                 -0.66   data arrival time
-----------------------------------------------------------------------------
                                  0.70   slack (MET)



worst slack corner Typical: 0.5542
min_report_end
max_report

===========================================================================
report_checks -path_delay max (Setup)
============================================================================
======================= Typical Corner ===================================

Startpoint: _212_ (rising edge-triggered flip-flop clocked by core_clock)
Endpoint: _206_ (rising edge-triggered flip-flop clocked by core_clock)
Path Group: core_clock
Path Type: max

Fanout     Cap    Slew   Delay    Time   Description
-----------------------------------------------------------------------------
                  0.00    0.00    0.00   clock core_clock (rise edge)
                          0.00    0.00   clock network delay (ideal)
                  0.00    0.00    0.00 ^ _212_/CLK (sky130_fd_sc_hd__dfxtp_1)
     3    0.01    0.04    0.29    0.29 v _212_/Q (sky130_fd_sc_hd__dfxtp_1)
                                         x4.A (net)
                  0.04    0.00    0.29 v _090_/B (sky130_fd_sc_hd__and2_1)
     2    0.00    0.04    0.16    0.45 v _090_/X (sky130_fd_sc_hd__and2_1)
                                         _041_ (net)
                  0.04    0.00    0.45 v _092_/A (sky130_fd_sc_hd__or2_1)
     2    0.01    0.06    0.24    0.69 v _092_/X (sky130_fd_sc_hd__or2_1)
                                         _043_ (net)
                  0.06    0.00    0.69 v _096_/A (sky130_fd_sc_hd__or2_2)
     4    0.02    0.09    0.35    1.04 v _096_/X (sky130_fd_sc_hd__or2_2)
                                         _047_ (net)
                  0.09    0.00    1.04 v _118_/A1 (sky130_fd_sc_hd__o41ai_4)
     4    0.01    0.32    0.42    1.46 ^ _118_/Y (sky130_fd_sc_hd__o41ai_4)
                                         _069_ (net)
                  0.32    0.00    1.46 ^ _130_/A (sky130_fd_sc_hd__and4_1)
     2    0.00    0.07    0.25    1.71 ^ _130_/X (sky130_fd_sc_hd__and4_1)
                                         _081_ (net)
                  0.07    0.00    1.71 ^ _141_/A1 (sky130_fd_sc_hd__o21ai_1)
     3    0.01    0.08    0.10    1.81 v _141_/Y (sky130_fd_sc_hd__o21ai_1)
                                         _005_ (net)
                  0.08    0.00    1.81 v _146_/A1 (sky130_fd_sc_hd__a21oi_1)
     1    0.01    0.16    0.17    1.97 ^ _146_/Y (sky130_fd_sc_hd__a21oi_1)
                                         _010_ (net)
                  0.16    0.00    1.97 ^ _147_/B (sky130_fd_sc_hd__xnor2_1)
     1    0.01    0.16    0.15    2.12 ^ _147_/Y (sky130_fd_sc_hd__xnor2_1)
                                         x65.Si (net)
                  0.16    0.00    2.12 ^ _206_/D (sky130_fd_sc_hd__dfxtp_1)
                                  2.12   data arrival time

                  0.00    4.75    4.75   clock core_clock (rise edge)
                          0.00    4.75   clock network delay (ideal)
                          0.00    4.75   clock reconvergence pessimism
                                  4.75 ^ _206_/CLK (sky130_fd_sc_hd__dfxtp_1)
                         -0.09    4.66   library setup time
                                  4.66   data required time
-----------------------------------------------------------------------------
                                  4.66   data required time
                                 -2.12   data arrival time
-----------------------------------------------------------------------------
                                  2.54   slack (MET)


Startpoint: _212_ (rising edge-triggered flip-flop clocked by core_clock)
Endpoint: _205_ (rising edge-triggered flip-flop clocked by core_clock)
Path Group: core_clock
Path Type: max

Fanout     Cap    Slew   Delay    Time   Description
-----------------------------------------------------------------------------
                  0.00    0.00    0.00   clock core_clock (rise edge)
                          0.00    0.00   clock network delay (ideal)
                  0.00    0.00    0.00 ^ _212_/CLK (sky130_fd_sc_hd__dfxtp_1)
     3    0.01    0.04    0.29    0.29 v _212_/Q (sky130_fd_sc_hd__dfxtp_1)
                                         x4.A (net)
                  0.04    0.00    0.29 v _090_/B (sky130_fd_sc_hd__and2_1)
     2    0.00    0.04    0.16    0.45 v _090_/X (sky130_fd_sc_hd__and2_1)
                                         _041_ (net)
                  0.04    0.00    0.45 v _092_/A (sky130_fd_sc_hd__or2_1)
     2    0.01    0.06    0.24    0.69 v _092_/X (sky130_fd_sc_hd__or2_1)
                                         _043_ (net)
                  0.06    0.00    0.69 v _096_/A (sky130_fd_sc_hd__or2_2)
     4    0.02    0.09    0.35    1.04 v _096_/X (sky130_fd_sc_hd__or2_2)
                                         _047_ (net)
                  0.09    0.00    1.04 v _118_/A1 (sky130_fd_sc_hd__o41ai_4)
     4    0.01    0.32    0.42    1.46 ^ _118_/Y (sky130_fd_sc_hd__o41ai_4)
                                         _069_ (net)
                  0.32    0.00    1.46 ^ _130_/A (sky130_fd_sc_hd__and4_1)
     2    0.00    0.07    0.25    1.71 ^ _130_/X (sky130_fd_sc_hd__and4_1)
                                         _081_ (net)
                  0.07    0.00    1.71 ^ _141_/A1 (sky130_fd_sc_hd__o21ai_1)
     3    0.01    0.08    0.10    1.81 v _141_/Y (sky130_fd_sc_hd__o21ai_1)
                                         _005_ (net)
                  0.08    0.00    1.81 v _148_/B1_N (sky130_fd_sc_hd__a21bo_1)
     1    0.01    0.05    0.20    2.00 ^ _148_/X (sky130_fd_sc_hd__a21bo_1)
                                         _011_ (net)
                  0.05    0.00    2.00 ^ _150_/A (sky130_fd_sc_hd__xnor2_1)
     1    0.00    0.04    0.06    2.06 v _150_/Y (sky130_fd_sc_hd__xnor2_1)
                                         x66.Si (net)
                  0.04    0.00    2.06 v _205_/D (sky130_fd_sc_hd__dfxtp_1)
                                  2.06   data arrival time

                  0.00    4.75    4.75   clock core_clock (rise edge)
                          0.00    4.75   clock network delay (ideal)
                          0.00    4.75   clock reconvergence pessimism
                                  4.75 ^ _205_/CLK (sky130_fd_sc_hd__dfxtp_1)
                         -0.12    4.63   library setup time
                                  4.63   data required time
-----------------------------------------------------------------------------
                                  4.63   data required time
                                 -2.06   data arrival time
-----------------------------------------------------------------------------
                                  2.57   slack (MET)


Startpoint: _212_ (rising edge-triggered flip-flop clocked by core_clock)
Endpoint: _204_ (rising edge-triggered flip-flop clocked by core_clock)
Path Group: core_clock
Path Type: max

Fanout     Cap    Slew   Delay    Time   Description
-----------------------------------------------------------------------------
                  0.00    0.00    0.00   clock core_clock (rise edge)
                          0.00    0.00   clock network delay (ideal)
                  0.00    0.00    0.00 ^ _212_/CLK (sky130_fd_sc_hd__dfxtp_1)
     3    0.01    0.04    0.29    0.29 v _212_/Q (sky130_fd_sc_hd__dfxtp_1)
                                         x4.A (net)
                  0.04    0.00    0.29 v _090_/B (sky130_fd_sc_hd__and2_1)
     2    0.00    0.04    0.16    0.45 v _090_/X (sky130_fd_sc_hd__and2_1)
                                         _041_ (net)
                  0.04    0.00    0.45 v _092_/A (sky130_fd_sc_hd__or2_1)
     2    0.01    0.06    0.24    0.69 v _092_/X (sky130_fd_sc_hd__or2_1)
                                         _043_ (net)
                  0.06    0.00    0.69 v _096_/A (sky130_fd_sc_hd__or2_2)
     4    0.02    0.09    0.35    1.04 v _096_/X (sky130_fd_sc_hd__or2_2)
                                         _047_ (net)
                  0.09    0.00    1.04 v _118_/A1 (sky130_fd_sc_hd__o41ai_4)
     4    0.01    0.32    0.42    1.46 ^ _118_/Y (sky130_fd_sc_hd__o41ai_4)
                                         _069_ (net)
                  0.32    0.00    1.46 ^ _130_/A (sky130_fd_sc_hd__and4_1)
     2    0.00    0.07    0.25    1.71 ^ _130_/X (sky130_fd_sc_hd__and4_1)
                                         _081_ (net)
                  0.07    0.00    1.71 ^ _151_/A (sky130_fd_sc_hd__or2_1)
     2    0.01    0.08    0.13    1.84 ^ _151_/X (sky130_fd_sc_hd__or2_1)
                                         _013_ (net)
                  0.08    0.00    1.84 ^ _152_/A1 (sky130_fd_sc_hd__a21bo_1)
     1    0.00    0.05    0.12    1.96 ^ _152_/X (sky130_fd_sc_hd__a21bo_1)
                                         _014_ (net)
                  0.05    0.00    1.96 ^ _153_/B (sky130_fd_sc_hd__xnor2_1)
     1    0.00    0.12    0.11    2.07 ^ _153_/Y (sky130_fd_sc_hd__xnor2_1)
                                         x67.Si (net)
                  0.12    0.00    2.07 ^ _204_/D (sky130_fd_sc_hd__dfxtp_1)
                                  2.07   data arrival time

                  0.00    4.75    4.75   clock core_clock (rise edge)
                          0.00    4.75   clock network delay (ideal)
                          0.00    4.75   clock reconvergence pessimism
                                  4.75 ^ _204_/CLK (sky130_fd_sc_hd__dfxtp_1)
                         -0.08    4.67   library setup time
                                  4.67   data required time
-----------------------------------------------------------------------------
                                  4.67   data required time
                                 -2.07   data arrival time
-----------------------------------------------------------------------------
                                  2.60   slack (MET)


Startpoint: _212_ (rising edge-triggered flip-flop clocked by core_clock)
Endpoint: _207_ (rising edge-triggered flip-flop clocked by core_clock)
Path Group: core_clock
Path Type: max

Fanout     Cap    Slew   Delay    Time   Description
-----------------------------------------------------------------------------
                  0.00    0.00    0.00   clock core_clock (rise edge)
                          0.00    0.00   clock network delay (ideal)
                  0.00    0.00    0.00 ^ _212_/CLK (sky130_fd_sc_hd__dfxtp_1)
     3    0.01    0.04    0.29    0.29 v _212_/Q (sky130_fd_sc_hd__dfxtp_1)
                                         x4.A (net)
                  0.04    0.00    0.29 v _090_/B (sky130_fd_sc_hd__and2_1)
     2    0.00    0.04    0.16    0.45 v _090_/X (sky130_fd_sc_hd__and2_1)
                                         _041_ (net)
                  0.04    0.00    0.45 v _092_/A (sky130_fd_sc_hd__or2_1)
     2    0.01    0.06    0.24    0.69 v _092_/X (sky130_fd_sc_hd__or2_1)
                                         _043_ (net)
                  0.06    0.00    0.69 v _096_/A (sky130_fd_sc_hd__or2_2)
     4    0.02    0.09    0.35    1.04 v _096_/X (sky130_fd_sc_hd__or2_2)
                                         _047_ (net)
                  0.09    0.00    1.04 v _118_/A1 (sky130_fd_sc_hd__o41ai_4)
     4    0.01    0.32    0.42    1.46 ^ _118_/Y (sky130_fd_sc_hd__o41ai_4)
                                         _069_ (net)
                  0.32    0.00    1.46 ^ _130_/A (sky130_fd_sc_hd__and4_1)
     2    0.00    0.07    0.25    1.71 ^ _130_/X (sky130_fd_sc_hd__and4_1)
                                         _081_ (net)
                  0.07    0.00    1.71 ^ _141_/A1 (sky130_fd_sc_hd__o21ai_1)
     3    0.01    0.08    0.10    1.81 v _141_/Y (sky130_fd_sc_hd__o21ai_1)
                                         _005_ (net)
                  0.08    0.00    1.81 v _190_/A2 (sky130_fd_sc_hd__o31ai_1)
     1    0.00    0.21    0.24    2.05 ^ _190_/Y (sky130_fd_sc_hd__o31ai_1)
                                         x49.G (net)
                  0.21    0.00    2.05 ^ _207_/D (sky130_fd_sc_hd__dfxtp_1)
                                  2.05   data arrival time

                  0.00    4.75    4.75   clock core_clock (rise edge)
                          0.00    4.75   clock network delay (ideal)
                          0.00    4.75   clock reconvergence pessimism
                                  4.75 ^ _207_/CLK (sky130_fd_sc_hd__dfxtp_1)
                         -0.10    4.65   library setup time
                                  4.65   data required time
-----------------------------------------------------------------------------
                                  4.65   data required time
                                 -2.05   data arrival time
-----------------------------------------------------------------------------
                                  2.60   slack (MET)


Startpoint: _212_ (rising edge-triggered flip-flop clocked by core_clock)
Endpoint: _203_ (rising edge-triggered flip-flop clocked by core_clock)
Path Group: core_clock
Path Type: max

Fanout     Cap    Slew   Delay    Time   Description
-----------------------------------------------------------------------------
                  0.00    0.00    0.00   clock core_clock (rise edge)
                          0.00    0.00   clock network delay (ideal)
                  0.00    0.00    0.00 ^ _212_/CLK (sky130_fd_sc_hd__dfxtp_1)
     3    0.01    0.04    0.29    0.29 v _212_/Q (sky130_fd_sc_hd__dfxtp_1)
                                         x4.A (net)
                  0.04    0.00    0.29 v _090_/B (sky130_fd_sc_hd__and2_1)
     2    0.00    0.04    0.16    0.45 v _090_/X (sky130_fd_sc_hd__and2_1)
                                         _041_ (net)
                  0.04    0.00    0.45 v _092_/A (sky130_fd_sc_hd__or2_1)
     2    0.01    0.06    0.24    0.69 v _092_/X (sky130_fd_sc_hd__or2_1)
                                         _043_ (net)
                  0.06    0.00    0.69 v _096_/A (sky130_fd_sc_hd__or2_2)
     4    0.02    0.09    0.35    1.04 v _096_/X (sky130_fd_sc_hd__or2_2)
                                         _047_ (net)
                  0.09    0.00    1.04 v _118_/A1 (sky130_fd_sc_hd__o41ai_4)
     4    0.01    0.32    0.42    1.46 ^ _118_/Y (sky130_fd_sc_hd__o41ai_4)
                                         _069_ (net)
                  0.32    0.00    1.46 ^ _130_/A (sky130_fd_sc_hd__and4_1)
     2    0.00    0.07    0.25    1.71 ^ _130_/X (sky130_fd_sc_hd__and4_1)
                                         _081_ (net)
                  0.07    0.00    1.71 ^ _151_/A (sky130_fd_sc_hd__or2_1)
     2    0.01    0.08    0.13    1.84 ^ _151_/X (sky130_fd_sc_hd__or2_1)
                                         _013_ (net)
                  0.08    0.00    1.84 ^ _154_/A (sky130_fd_sc_hd__xnor2_1)
     1    0.00    0.16    0.13    1.97 ^ _154_/Y (sky130_fd_sc_hd__xnor2_1)
                                         x68.Si (net)
                  0.16    0.00    1.97 ^ _203_/D (sky130_fd_sc_hd__dfxtp_1)
                                  1.97   data arrival time

                  0.00    4.75    4.75   clock core_clock (rise edge)
                          0.00    4.75   clock network delay (ideal)
                          0.00    4.75   clock reconvergence pessimism
                                  4.75 ^ _203_/CLK (sky130_fd_sc_hd__dfxtp_1)
                         -0.09    4.66   library setup time
                                  4.66   data required time
-----------------------------------------------------------------------------
                                  4.66   data required time
                                 -1.97   data arrival time
-----------------------------------------------------------------------------
                                  2.69   slack (MET)


Startpoint: _212_ (rising edge-triggered flip-flop clocked by core_clock)
Endpoint: _202_ (rising edge-triggered flip-flop clocked by core_clock)
Path Group: core_clock
Path Type: max

Fanout     Cap    Slew   Delay    Time   Description
-----------------------------------------------------------------------------
                  0.00    0.00    0.00   clock core_clock (rise edge)
                          0.00    0.00   clock network delay (ideal)
                  0.00    0.00    0.00 ^ _212_/CLK (sky130_fd_sc_hd__dfxtp_1)
     3    0.01    0.04    0.29    0.29 v _212_/Q (sky130_fd_sc_hd__dfxtp_1)
                                         x4.A (net)
                  0.04    0.00    0.29 v _090_/B (sky130_fd_sc_hd__and2_1)
     2    0.00    0.04    0.16    0.45 v _090_/X (sky130_fd_sc_hd__and2_1)
                                         _041_ (net)
                  0.04    0.00    0.45 v _092_/A (sky130_fd_sc_hd__or2_1)
     2    0.01    0.06    0.24    0.69 v _092_/X (sky130_fd_sc_hd__or2_1)
                                         _043_ (net)
                  0.06    0.00    0.69 v _096_/A (sky130_fd_sc_hd__or2_2)
     4    0.02    0.09    0.35    1.04 v _096_/X (sky130_fd_sc_hd__or2_2)
                                         _047_ (net)
                  0.09    0.00    1.04 v _118_/A1 (sky130_fd_sc_hd__o41ai_4)
     4    0.01    0.32    0.42    1.46 ^ _118_/Y (sky130_fd_sc_hd__o41ai_4)
                                         _069_ (net)
                  0.32    0.00    1.46 ^ _155_/A (sky130_fd_sc_hd__and2_1)
     2    0.01    0.08    0.20    1.66 ^ _155_/X (sky130_fd_sc_hd__and2_1)
                                         _015_ (net)
                  0.08    0.00    1.66 ^ _156_/A1 (sky130_fd_sc_hd__o21a_1)
     1    0.01    0.06    0.14    1.80 ^ _156_/X (sky130_fd_sc_hd__o21a_1)
                                         _016_ (net)
                  0.06    0.00    1.80 ^ _157_/B (sky130_fd_sc_hd__xor2_1)
     1    0.00    0.14    0.16    1.95 ^ _157_/X (sky130_fd_sc_hd__xor2_1)
                                         x69.Si (net)
                  0.14    0.00    1.95 ^ _202_/D (sky130_fd_sc_hd__dfxtp_1)
                                  1.95   data arrival time

                  0.00    4.75    4.75   clock core_clock (rise edge)
                          0.00    4.75   clock network delay (ideal)
                          0.00    4.75   clock reconvergence pessimism
                                  4.75 ^ _202_/CLK (sky130_fd_sc_hd__dfxtp_1)
                         -0.08    4.67   library setup time
                                  4.67   data required time
-----------------------------------------------------------------------------
                                  4.67   data required time
                                 -1.95   data arrival time
-----------------------------------------------------------------------------
                                  2.71   slack (MET)


Startpoint: _212_ (rising edge-triggered flip-flop clocked by core_clock)
Endpoint: _201_ (rising edge-triggered flip-flop clocked by core_clock)
Path Group: core_clock
Path Type: max

Fanout     Cap    Slew   Delay    Time   Description
-----------------------------------------------------------------------------
                  0.00    0.00    0.00   clock core_clock (rise edge)
                          0.00    0.00   clock network delay (ideal)
                  0.00    0.00    0.00 ^ _212_/CLK (sky130_fd_sc_hd__dfxtp_1)
     3    0.01    0.04    0.29    0.29 v _212_/Q (sky130_fd_sc_hd__dfxtp_1)
                                         x4.A (net)
                  0.04    0.00    0.29 v _090_/B (sky130_fd_sc_hd__and2_1)
     2    0.00    0.04    0.16    0.45 v _090_/X (sky130_fd_sc_hd__and2_1)
                                         _041_ (net)
                  0.04    0.00    0.45 v _092_/A (sky130_fd_sc_hd__or2_1)
     2    0.01    0.06    0.24    0.69 v _092_/X (sky130_fd_sc_hd__or2_1)
                                         _043_ (net)
                  0.06    0.00    0.69 v _096_/A (sky130_fd_sc_hd__or2_2)
     4    0.02    0.09    0.35    1.04 v _096_/X (sky130_fd_sc_hd__or2_2)
                                         _047_ (net)
                  0.09    0.00    1.04 v _118_/A1 (sky130_fd_sc_hd__o41ai_4)
     4    0.01    0.32    0.42    1.46 ^ _118_/Y (sky130_fd_sc_hd__o41ai_4)
                                         _069_ (net)
                  0.32    0.00    1.46 ^ _155_/A (sky130_fd_sc_hd__and2_1)
     2    0.01    0.08    0.20    1.66 ^ _155_/X (sky130_fd_sc_hd__and2_1)
                                         _015_ (net)
                  0.08    0.00    1.66 ^ _158_/A (sky130_fd_sc_hd__nor2_1)
     1    0.00    0.04    0.06    1.72 v _158_/Y (sky130_fd_sc_hd__nor2_1)
                                         _017_ (net)
                  0.04    0.00    1.72 v _159_/B (sky130_fd_sc_hd__xnor2_1)
     1    0.00    0.05    0.12    1.84 v _159_/Y (sky130_fd_sc_hd__xnor2_1)
                                         x70.Si (net)
                  0.05    0.00    1.84 v _201_/D (sky130_fd_sc_hd__dfxtp_1)
                                  1.84   data arrival time

                  0.00    4.75    4.75   clock core_clock (rise edge)
                          0.00    4.75   clock network delay (ideal)
                          0.00    4.75   clock reconvergence pessimism
                                  4.75 ^ _201_/CLK (sky130_fd_sc_hd__dfxtp_1)
                         -0.12    4.63   library setup time
                                  4.63   data required time
-----------------------------------------------------------------------------
                                  4.63   data required time
                                 -1.84   data arrival time
-----------------------------------------------------------------------------
                                  2.79   slack (MET)


Startpoint: _212_ (rising edge-triggered flip-flop clocked by core_clock)
Endpoint: _200_ (rising edge-triggered flip-flop clocked by core_clock)
Path Group: core_clock
Path Type: max

Fanout     Cap    Slew   Delay    Time   Description
-----------------------------------------------------------------------------
                  0.00    0.00    0.00   clock core_clock (rise edge)
                          0.00    0.00   clock network delay (ideal)
                  0.00    0.00    0.00 ^ _212_/CLK (sky130_fd_sc_hd__dfxtp_1)
     3    0.01    0.04    0.29    0.29 v _212_/Q (sky130_fd_sc_hd__dfxtp_1)
                                         x4.A (net)
                  0.04    0.00    0.29 v _090_/B (sky130_fd_sc_hd__and2_1)
     2    0.00    0.04    0.16    0.45 v _090_/X (sky130_fd_sc_hd__and2_1)
                                         _041_ (net)
                  0.04    0.00    0.45 v _092_/A (sky130_fd_sc_hd__or2_1)
     2    0.01    0.06    0.24    0.69 v _092_/X (sky130_fd_sc_hd__or2_1)
                                         _043_ (net)
                  0.06    0.00    0.69 v _096_/A (sky130_fd_sc_hd__or2_2)
     4    0.02    0.09    0.35    1.04 v _096_/X (sky130_fd_sc_hd__or2_2)
                                         _047_ (net)
                  0.09    0.00    1.04 v _118_/A1 (sky130_fd_sc_hd__o41ai_4)
     4    0.01    0.32    0.42    1.46 ^ _118_/Y (sky130_fd_sc_hd__o41ai_4)
                                         _069_ (net)
                  0.32    0.00    1.46 ^ _160_/B1 (sky130_fd_sc_hd__o21a_1)
     1    0.00    0.05    0.17    1.63 ^ _160_/X (sky130_fd_sc_hd__o21a_1)
                                         _018_ (net)
                  0.05    0.00    1.63 ^ _161_/B1 (sky130_fd_sc_hd__a21oi_1)
     1    0.00    0.07    0.04    1.67 v _161_/Y (sky130_fd_sc_hd__a21oi_1)
                                         _019_ (net)
                  0.07    0.00    1.67 v _162_/B (sky130_fd_sc_hd__xnor2_1)
     1    0.00    0.04    0.12    1.80 v _162_/Y (sky130_fd_sc_hd__xnor2_1)
                                         x71.Si (net)
                  0.04    0.00    1.80 v _200_/D (sky130_fd_sc_hd__dfxtp_1)
                                  1.80   data arrival time

                  0.00    4.75    4.75   clock core_clock (rise edge)
                          0.00    4.75   clock network delay (ideal)
                          0.00    4.75   clock reconvergence pessimism
                                  4.75 ^ _200_/CLK (sky130_fd_sc_hd__dfxtp_1)
                         -0.12    4.63   library setup time
                                  4.63   data required time
-----------------------------------------------------------------------------
                                  4.63   data required time
                                 -1.80   data arrival time
-----------------------------------------------------------------------------
                                  2.83   slack (MET)


Startpoint: _212_ (rising edge-triggered flip-flop clocked by core_clock)
Endpoint: _199_ (rising edge-triggered flip-flop clocked by core_clock)
Path Group: core_clock
Path Type: max

Fanout     Cap    Slew   Delay    Time   Description
-----------------------------------------------------------------------------
                  0.00    0.00    0.00   clock core_clock (rise edge)
                          0.00    0.00   clock network delay (ideal)
                  0.00    0.00    0.00 ^ _212_/CLK (sky130_fd_sc_hd__dfxtp_1)
     3    0.01    0.04    0.29    0.29 v _212_/Q (sky130_fd_sc_hd__dfxtp_1)
                                         x4.A (net)
                  0.04    0.00    0.29 v _090_/B (sky130_fd_sc_hd__and2_1)
     2    0.00    0.04    0.16    0.45 v _090_/X (sky130_fd_sc_hd__and2_1)
                                         _041_ (net)
                  0.04    0.00    0.45 v _092_/A (sky130_fd_sc_hd__or2_1)
     2    0.01    0.06    0.24    0.69 v _092_/X (sky130_fd_sc_hd__or2_1)
                                         _043_ (net)
                  0.06    0.00    0.69 v _096_/A (sky130_fd_sc_hd__or2_2)
     4    0.02    0.09    0.35    1.04 v _096_/X (sky130_fd_sc_hd__or2_2)
                                         _047_ (net)
                  0.09    0.00    1.04 v _118_/A1 (sky130_fd_sc_hd__o41ai_4)
     4    0.01    0.32    0.42    1.46 ^ _118_/Y (sky130_fd_sc_hd__o41ai_4)
                                         _069_ (net)
                  0.32    0.00    1.46 ^ _163_/A (sky130_fd_sc_hd__xor2_1)
     1    0.00    0.12    0.18    1.64 ^ _163_/X (sky130_fd_sc_hd__xor2_1)
                                         x72.Si (net)
                  0.12    0.00    1.64 ^ _199_/D (sky130_fd_sc_hd__dfxtp_1)
                                  1.64   data arrival time

                  0.00    4.75    4.75   clock core_clock (rise edge)
                          0.00    4.75   clock network delay (ideal)
                          0.00    4.75   clock reconvergence pessimism
                                  4.75 ^ _199_/CLK (sky130_fd_sc_hd__dfxtp_1)
                         -0.08    4.67   library setup time
                                  4.67   data required time
-----------------------------------------------------------------------------
                                  4.67   data required time
                                 -1.64   data arrival time
-----------------------------------------------------------------------------
                                  3.03   slack (MET)


Startpoint: _224_ (rising edge-triggered flip-flop clocked by core_clock)
Endpoint: _196_ (rising edge-triggered flip-flop clocked by core_clock)
Path Group: core_clock
Path Type: max

Fanout     Cap    Slew   Delay    Time   Description
-----------------------------------------------------------------------------
                  0.00    0.00    0.00   clock core_clock (rise edge)
                          0.00    0.00   clock network delay (ideal)
                  0.00    0.00    0.00 ^ _224_/CLK (sky130_fd_sc_hd__dfxtp_1)
     3    0.01    0.04    0.29    0.29 v _224_/Q (sky130_fd_sc_hd__dfxtp_1)
                                         x8.B (net)
                  0.04    0.00    0.29 v _099_/A (sky130_fd_sc_hd__or2_1)
     3    0.01    0.07    0.25    0.54 v _099_/X (sky130_fd_sc_hd__or2_1)
                                         _050_ (net)
                  0.07    0.00    0.54 v _100_/D (sky130_fd_sc_hd__and4_1)
     2    0.01    0.07    0.24    0.78 v _100_/X (sky130_fd_sc_hd__and4_1)
                                         _051_ (net)
                  0.07    0.00    0.78 v _108_/A1 (sky130_fd_sc_hd__o31ai_4)
     5    0.02    0.33    0.37    1.16 ^ _108_/Y (sky130_fd_sc_hd__o31ai_4)
                                         _059_ (net)
                  0.33    0.00    1.16 ^ _171_/A2 (sky130_fd_sc_hd__o21bai_1)
     1    0.00    0.08    0.12    1.28 v _171_/Y (sky130_fd_sc_hd__o21bai_1)
                                         _025_ (net)
                  0.08    0.00    1.28 v _172_/B (sky130_fd_sc_hd__xnor2_1)
     1    0.00    0.04    0.13    1.40 v _172_/Y (sky130_fd_sc_hd__xnor2_1)
                                         x75.Si (net)
                  0.04    0.00    1.40 v _196_/D (sky130_fd_sc_hd__dfxtp_1)
                                  1.40   data arrival time

                  0.00    4.75    4.75   clock core_clock (rise edge)
                          0.00    4.75   clock network delay (ideal)
                          0.00    4.75   clock reconvergence pessimism
                                  4.75 ^ _196_/CLK (sky130_fd_sc_hd__dfxtp_1)
                         -0.12    4.63   library setup time
                                  4.63   data required time
-----------------------------------------------------------------------------
                                  4.63   data required time
                                 -1.40   data arrival time
-----------------------------------------------------------------------------
                                  3.23   slack (MET)


Startpoint: _224_ (rising edge-triggered flip-flop clocked by core_clock)
Endpoint: _197_ (rising edge-triggered flip-flop clocked by core_clock)
Path Group: core_clock
Path Type: max

Fanout     Cap    Slew   Delay    Time   Description
-----------------------------------------------------------------------------
                  0.00    0.00    0.00   clock core_clock (rise edge)
                          0.00    0.00   clock network delay (ideal)
                  0.00    0.00    0.00 ^ _224_/CLK (sky130_fd_sc_hd__dfxtp_1)
     3    0.01    0.04    0.29    0.29 v _224_/Q (sky130_fd_sc_hd__dfxtp_1)
                                         x8.B (net)
                  0.04    0.00    0.29 v _099_/A (sky130_fd_sc_hd__or2_1)
     3    0.01    0.07    0.25    0.54 v _099_/X (sky130_fd_sc_hd__or2_1)
                                         _050_ (net)
                  0.07    0.00    0.54 v _100_/D (sky130_fd_sc_hd__and4_1)
     2    0.01    0.07    0.24    0.78 v _100_/X (sky130_fd_sc_hd__and4_1)
                                         _051_ (net)
                  0.07    0.00    0.78 v _108_/A1 (sky130_fd_sc_hd__o31ai_4)
     5    0.02    0.33    0.37    1.16 ^ _108_/Y (sky130_fd_sc_hd__o31ai_4)
                                         _059_ (net)
                  0.33    0.00    1.16 ^ _169_/A2 (sky130_fd_sc_hd__o22ai_1)
     1    0.00    0.07    0.12    1.28 v _169_/Y (sky130_fd_sc_hd__o22ai_1)
                                         _024_ (net)
                  0.07    0.00    1.28 v _170_/B1 (sky130_fd_sc_hd__o31a_1)
     1    0.00    0.05    0.11    1.39 v _170_/X (sky130_fd_sc_hd__o31a_1)
                                         x74.Si (net)
                  0.05    0.00    1.39 v _197_/D (sky130_fd_sc_hd__dfxtp_1)
                                  1.39   data arrival time

                  0.00    4.75    4.75   clock core_clock (rise edge)
                          0.00    4.75   clock network delay (ideal)
                          0.00    4.75   clock reconvergence pessimism
                                  4.75 ^ _197_/CLK (sky130_fd_sc_hd__dfxtp_1)
                         -0.12    4.63   library setup time
                                  4.63   data required time
-----------------------------------------------------------------------------
                                  4.63   data required time
                                 -1.39   data arrival time
-----------------------------------------------------------------------------
                                  3.23   slack (MET)


Startpoint: _212_ (rising edge-triggered flip-flop clocked by core_clock)
Endpoint: _198_ (rising edge-triggered flip-flop clocked by core_clock)
Path Group: core_clock
Path Type: max

Fanout     Cap    Slew   Delay    Time   Description
-----------------------------------------------------------------------------
                  0.00    0.00    0.00   clock core_clock (rise edge)
                          0.00    0.00   clock network delay (ideal)
                  0.00    0.00    0.00 ^ _212_/CLK (sky130_fd_sc_hd__dfxtp_1)
     3    0.01    0.04    0.29    0.29 v _212_/Q (sky130_fd_sc_hd__dfxtp_1)
                                         x4.A (net)
                  0.04    0.00    0.29 v _090_/B (sky130_fd_sc_hd__and2_1)
     2    0.00    0.04    0.16    0.45 v _090_/X (sky130_fd_sc_hd__and2_1)
                                         _041_ (net)
                  0.04    0.00    0.45 v _092_/A (sky130_fd_sc_hd__or2_1)
     2    0.01    0.06    0.24    0.69 v _092_/X (sky130_fd_sc_hd__or2_1)
                                         _043_ (net)
                  0.06    0.00    0.69 v _096_/A (sky130_fd_sc_hd__or2_2)
     4    0.02    0.09    0.35    1.04 v _096_/X (sky130_fd_sc_hd__or2_2)
                                         _047_ (net)
                  0.09    0.00    1.04 v _164_/A (sky130_fd_sc_hd__nor2_1)
     1    0.00    0.08    0.11    1.15 ^ _164_/Y (sky130_fd_sc_hd__nor2_1)
                                         _020_ (net)
                  0.08    0.00    1.15 ^ _165_/B1 (sky130_fd_sc_hd__a22o_1)
     1    0.01    0.07    0.14    1.29 ^ _165_/X (sky130_fd_sc_hd__a22o_1)
                                         _021_ (net)
                  0.07    0.00    1.29 ^ _167_/A (sky130_fd_sc_hd__xnor2_1)
     1    0.00    0.14    0.12    1.41 ^ _167_/Y (sky130_fd_sc_hd__xnor2_1)
                                         x73.Si (net)
                  0.14    0.00    1.41 ^ _198_/D (sky130_fd_sc_hd__dfxtp_1)
                                  1.41   data arrival time

                  0.00    4.75    4.75   clock core_clock (rise edge)
                          0.00    4.75   clock network delay (ideal)
                          0.00    4.75   clock reconvergence pessimism
                                  4.75 ^ _198_/CLK (sky130_fd_sc_hd__dfxtp_1)
                         -0.08    4.67   library setup time
                                  4.67   data required time
-----------------------------------------------------------------------------
                                  4.67   data required time
                                 -1.41   data arrival time
-----------------------------------------------------------------------------
                                  3.26   slack (MET)


Startpoint: _224_ (rising edge-triggered flip-flop clocked by core_clock)
Endpoint: _195_ (rising edge-triggered flip-flop clocked by core_clock)
Path Group: core_clock
Path Type: max

Fanout     Cap    Slew   Delay    Time   Description
-----------------------------------------------------------------------------
                  0.00    0.00    0.00   clock core_clock (rise edge)
                          0.00    0.00   clock network delay (ideal)
                  0.00    0.00    0.00 ^ _224_/CLK (sky130_fd_sc_hd__dfxtp_1)
     3    0.01    0.04    0.29    0.29 v _224_/Q (sky130_fd_sc_hd__dfxtp_1)
                                         x8.B (net)
                  0.04    0.00    0.29 v _099_/A (sky130_fd_sc_hd__or2_1)
     3    0.01    0.07    0.25    0.54 v _099_/X (sky130_fd_sc_hd__or2_1)
                                         _050_ (net)
                  0.07    0.00    0.54 v _100_/D (sky130_fd_sc_hd__and4_1)
     2    0.01    0.07    0.24    0.78 v _100_/X (sky130_fd_sc_hd__and4_1)
                                         _051_ (net)
                  0.07    0.00    0.78 v _108_/A1 (sky130_fd_sc_hd__o31ai_4)
     5    0.02    0.33    0.37    1.16 ^ _108_/Y (sky130_fd_sc_hd__o31ai_4)
                                         _059_ (net)
                  0.33    0.00    1.16 ^ _173_/B (sky130_fd_sc_hd__xor2_1)
     1    0.00    0.09    0.11    1.27 v _173_/X (sky130_fd_sc_hd__xor2_1)
                                         x76.Si (net)
                  0.09    0.00    1.27 v _195_/D (sky130_fd_sc_hd__dfxtp_1)
                                  1.27   data arrival time

                  0.00    4.75    4.75   clock core_clock (rise edge)
                          0.00    4.75   clock network delay (ideal)
                          0.00    4.75   clock reconvergence pessimism
                                  4.75 ^ _195_/CLK (sky130_fd_sc_hd__dfxtp_1)
                         -0.14    4.61   library setup time
                                  4.61   data required time
-----------------------------------------------------------------------------
                                  4.61   data required time
                                 -1.27   data arrival time
-----------------------------------------------------------------------------
                                  3.34   slack (MET)


Startpoint: _224_ (rising edge-triggered flip-flop clocked by core_clock)
Endpoint: _194_ (rising edge-triggered flip-flop clocked by core_clock)
Path Group: core_clock
Path Type: max

Fanout     Cap    Slew   Delay    Time   Description
-----------------------------------------------------------------------------
                  0.00    0.00    0.00   clock core_clock (rise edge)
                          0.00    0.00   clock network delay (ideal)
                  0.00    0.00    0.00 ^ _224_/CLK (sky130_fd_sc_hd__dfxtp_1)
     3    0.01    0.04    0.29    0.29 v _224_/Q (sky130_fd_sc_hd__dfxtp_1)
                                         x8.B (net)
                  0.04    0.00    0.29 v _099_/A (sky130_fd_sc_hd__or2_1)
     3    0.01    0.07    0.25    0.54 v _099_/X (sky130_fd_sc_hd__or2_1)
                                         _050_ (net)
                  0.07    0.00    0.54 v _100_/D (sky130_fd_sc_hd__and4_1)
     2    0.01    0.07    0.24    0.78 v _100_/X (sky130_fd_sc_hd__and4_1)
                                         _051_ (net)
                  0.07    0.00    0.78 v _177_/A (sky130_fd_sc_hd__nor2_1)
     2    0.01    0.17    0.17    0.95 ^ _177_/Y (sky130_fd_sc_hd__nor2_1)
                                         _029_ (net)
                  0.17    0.00    0.95 ^ _178_/A2 (sky130_fd_sc_hd__o21bai_1)
     1    0.00    0.06    0.09    1.05 v _178_/Y (sky130_fd_sc_hd__o21bai_1)
                                         _030_ (net)
                  0.06    0.00    1.05 v _179_/B (sky130_fd_sc_hd__xnor2_1)
     1    0.00    0.04    0.12    1.17 v _179_/Y (sky130_fd_sc_hd__xnor2_1)
                                         x77.Si (net)
                  0.04    0.00    1.17 v _194_/D (sky130_fd_sc_hd__dfxtp_1)
                                  1.17   data arrival time

                  0.00    4.75    4.75   clock core_clock (rise edge)
                          0.00    4.75   clock network delay (ideal)
                          0.00    4.75   clock reconvergence pessimism
                                  4.75 ^ _194_/CLK (sky130_fd_sc_hd__dfxtp_1)
                         -0.12    4.63   library setup time
                                  4.63   data required time
-----------------------------------------------------------------------------
                                  4.63   data required time
                                 -1.17   data arrival time
-----------------------------------------------------------------------------
                                  3.46   slack (MET)


Startpoint: _209_ (rising edge-triggered flip-flop clocked by core_clock)
Endpoint: _193_ (rising edge-triggered flip-flop clocked by core_clock)
Path Group: core_clock
Path Type: max

Fanout     Cap    Slew   Delay    Time   Description
-----------------------------------------------------------------------------
                  0.00    0.00    0.00   clock core_clock (rise edge)
                          0.00    0.00   clock network delay (ideal)
                  0.00    0.00    0.00 ^ _209_/CLK (sky130_fd_sc_hd__dfxtp_1)
     3    0.01    0.13    0.35    0.35 ^ _209_/Q (sky130_fd_sc_hd__dfxtp_1)
                                         x7.A (net)
                  0.13    0.00    0.35 ^ _097_/B (sky130_fd_sc_hd__xor2_1)
     2    0.01    0.19    0.21    0.56 ^ _097_/X (sky130_fd_sc_hd__xor2_1)
                                         _048_ (net)
                  0.19    0.00    0.56 ^ _100_/B (sky130_fd_sc_hd__and4_1)
     2    0.01    0.14    0.28    0.84 ^ _100_/X (sky130_fd_sc_hd__and4_1)
                                         _051_ (net)
                  0.14    0.00    0.84 ^ _177_/A (sky130_fd_sc_hd__nor2_1)
     2    0.01    0.06    0.09    0.92 v _177_/Y (sky130_fd_sc_hd__nor2_1)
                                         _029_ (net)
                  0.06    0.00    0.92 v _181_/B (sky130_fd_sc_hd__xnor2_1)
     1    0.00    0.05    0.12    1.04 v _181_/Y (sky130_fd_sc_hd__xnor2_1)
                                         x78.Si (net)
                  0.05    0.00    1.04 v _193_/D (sky130_fd_sc_hd__dfxtp_1)
                                  1.04   data arrival time

                  0.00    4.75    4.75   clock core_clock (rise edge)
                          0.00    4.75   clock network delay (ideal)
                          0.00    4.75   clock reconvergence pessimism
                                  4.75 ^ _193_/CLK (sky130_fd_sc_hd__dfxtp_1)
                         -0.12    4.63   library setup time
                                  4.63   data required time
-----------------------------------------------------------------------------
                                  4.63   data required time
                                 -1.04   data arrival time
-----------------------------------------------------------------------------
                                  3.58   slack (MET)


Startpoint: _224_ (rising edge-triggered flip-flop clocked by core_clock)
Endpoint: _191_ (rising edge-triggered flip-flop clocked by core_clock)
Path Group: core_clock
Path Type: max

Fanout     Cap    Slew   Delay    Time   Description
-----------------------------------------------------------------------------
                  0.00    0.00    0.00   clock core_clock (rise edge)
                          0.00    0.00   clock network delay (ideal)
                  0.00    0.00    0.00 ^ _224_/CLK (sky130_fd_sc_hd__dfxtp_1)
     3    0.01    0.04    0.29    0.29 v _224_/Q (sky130_fd_sc_hd__dfxtp_1)
                                         x8.B (net)
                  0.04    0.00    0.29 v _099_/A (sky130_fd_sc_hd__or2_1)
     3    0.01    0.07    0.25    0.54 v _099_/X (sky130_fd_sc_hd__or2_1)
                                         _050_ (net)
                  0.07    0.00    0.54 v _185_/A2 (sky130_fd_sc_hd__a21o_1)
     1    0.00    0.03    0.18    0.72 v _185_/X (sky130_fd_sc_hd__a21o_1)
                                         _034_ (net)
                  0.03    0.00    0.72 v _186_/B (sky130_fd_sc_hd__and2_1)
     1    0.00    0.03    0.14    0.86 v _186_/X (sky130_fd_sc_hd__and2_1)
                                         _035_ (net)
                  0.03    0.00    0.86 v _187_/A (sky130_fd_sc_hd__clkbuf_1)
     1    0.00    0.03    0.08    0.94 v _187_/X (sky130_fd_sc_hd__clkbuf_1)
                                         x80.Si (net)
                  0.03    0.00    0.94 v _191_/D (sky130_fd_sc_hd__dfxtp_1)
                                  0.94   data arrival time

                  0.00    4.75    4.75   clock core_clock (rise edge)
                          0.00    4.75   clock network delay (ideal)
                          0.00    4.75   clock reconvergence pessimism
                                  4.75 ^ _191_/CLK (sky130_fd_sc_hd__dfxtp_1)
                         -0.11    4.64   library setup time
                                  4.64   data required time
-----------------------------------------------------------------------------
                                  4.64   data required time
                                 -0.94   data arrival time
-----------------------------------------------------------------------------
                                  3.70   slack (MET)


Startpoint: _224_ (rising edge-triggered flip-flop clocked by core_clock)
Endpoint: _192_ (rising edge-triggered flip-flop clocked by core_clock)
Path Group: core_clock
Path Type: max

Fanout     Cap    Slew   Delay    Time   Description
-----------------------------------------------------------------------------
                  0.00    0.00    0.00   clock core_clock (rise edge)
                          0.00    0.00   clock network delay (ideal)
                  0.00    0.00    0.00 ^ _224_/CLK (sky130_fd_sc_hd__dfxtp_1)
     3    0.01    0.04    0.29    0.29 v _224_/Q (sky130_fd_sc_hd__dfxtp_1)
                                         x8.B (net)
                  0.04    0.00    0.29 v _099_/A (sky130_fd_sc_hd__or2_1)
     3    0.01    0.07    0.25    0.54 v _099_/X (sky130_fd_sc_hd__or2_1)
                                         _050_ (net)
                  0.07    0.00    0.54 v _182_/C (sky130_fd_sc_hd__nand3_1)
     2    0.00    0.08    0.10    0.64 ^ _182_/Y (sky130_fd_sc_hd__nand3_1)
                                         _032_ (net)
                  0.08    0.00    0.64 ^ _183_/B (sky130_fd_sc_hd__nand2_1)
     1    0.00    0.05    0.07    0.70 v _183_/Y (sky130_fd_sc_hd__nand2_1)
                                         _033_ (net)
                  0.05    0.00    0.70 v _184_/B (sky130_fd_sc_hd__xor2_1)
     1    0.00    0.06    0.14    0.84 v _184_/X (sky130_fd_sc_hd__xor2_1)
                                         x79.Si (net)
                  0.06    0.00    0.84 v _192_/D (sky130_fd_sc_hd__dfxtp_1)
                                  0.84   data arrival time

                  0.00    4.75    4.75   clock core_clock (rise edge)
                          0.00    4.75   clock network delay (ideal)
                          0.00    4.75   clock reconvergence pessimism
                                  4.75 ^ _192_/CLK (sky130_fd_sc_hd__dfxtp_1)
                         -0.13    4.62   library setup time
                                  4.62   data required time
-----------------------------------------------------------------------------
                                  4.62   data required time
                                 -0.84   data arrival time
-----------------------------------------------------------------------------
                                  3.78   slack (MET)



worst slack corner Typical: 2.5400
max_report_end
checks_report

===========================================================================
report_checks -unconstrained
===========================================================================
======================= Typical Corner ===================================

Startpoint: _212_ (rising edge-triggered flip-flop clocked by core_clock)
Endpoint: _206_ (rising edge-triggered flip-flop clocked by core_clock)
Path Group: core_clock
Path Type: max

Fanout     Cap    Slew   Delay    Time   Description
-----------------------------------------------------------------------------
                  0.00    0.00    0.00   clock core_clock (rise edge)
                          0.00    0.00   clock network delay (ideal)
                  0.00    0.00    0.00 ^ _212_/CLK (sky130_fd_sc_hd__dfxtp_1)
     3    0.01    0.04    0.29    0.29 v _212_/Q (sky130_fd_sc_hd__dfxtp_1)
                                         x4.A (net)
                  0.04    0.00    0.29 v _090_/B (sky130_fd_sc_hd__and2_1)
     2    0.00    0.04    0.16    0.45 v _090_/X (sky130_fd_sc_hd__and2_1)
                                         _041_ (net)
                  0.04    0.00    0.45 v _092_/A (sky130_fd_sc_hd__or2_1)
     2    0.01    0.06    0.24    0.69 v _092_/X (sky130_fd_sc_hd__or2_1)
                                         _043_ (net)
                  0.06    0.00    0.69 v _096_/A (sky130_fd_sc_hd__or2_2)
     4    0.02    0.09    0.35    1.04 v _096_/X (sky130_fd_sc_hd__or2_2)
                                         _047_ (net)
                  0.09    0.00    1.04 v _118_/A1 (sky130_fd_sc_hd__o41ai_4)
     4    0.01    0.32    0.42    1.46 ^ _118_/Y (sky130_fd_sc_hd__o41ai_4)
                                         _069_ (net)
                  0.32    0.00    1.46 ^ _130_/A (sky130_fd_sc_hd__and4_1)
     2    0.00    0.07    0.25    1.71 ^ _130_/X (sky130_fd_sc_hd__and4_1)
                                         _081_ (net)
                  0.07    0.00    1.71 ^ _141_/A1 (sky130_fd_sc_hd__o21ai_1)
     3    0.01    0.08    0.10    1.81 v _141_/Y (sky130_fd_sc_hd__o21ai_1)
                                         _005_ (net)
                  0.08    0.00    1.81 v _146_/A1 (sky130_fd_sc_hd__a21oi_1)
     1    0.01    0.16    0.17    1.97 ^ _146_/Y (sky130_fd_sc_hd__a21oi_1)
                                         _010_ (net)
                  0.16    0.00    1.97 ^ _147_/B (sky130_fd_sc_hd__xnor2_1)
     1    0.01    0.16    0.15    2.12 ^ _147_/Y (sky130_fd_sc_hd__xnor2_1)
                                         x65.Si (net)
                  0.16    0.00    2.12 ^ _206_/D (sky130_fd_sc_hd__dfxtp_1)
                                  2.12   data arrival time

                  0.00    4.75    4.75   clock core_clock (rise edge)
                          0.00    4.75   clock network delay (ideal)
                          0.00    4.75   clock reconvergence pessimism
                                  4.75 ^ _206_/CLK (sky130_fd_sc_hd__dfxtp_1)
                         -0.09    4.66   library setup time
                                  4.66   data required time
-----------------------------------------------------------------------------
                                  4.66   data required time
                                 -2.12   data arrival time
-----------------------------------------------------------------------------
                                  2.54   slack (MET)




===========================================================================
report_checks --slack_max -0.01
============================================================================
======================= Typical Corner ===================================

No paths found.


===========================================================================
 report_check_types -max_slew -max_cap -max_fanout -violators
============================================================================
======================= Typical Corner ===================================


max slew violations count Typical: 0
max fanout violations count Typical: 0
max cap violations count Typical: 0

===========================================================================
report_parasitic_annotation -report_unannotated
============================================================================
Found 1 unannotated drivers.
 CLK
Found 0 partially unannotated drivers.

===========================================================================
max slew violation count 0
max fanout violation count 0
max cap violation count 0
============================================================================

===========================================================================
check_setup -verbose -unconstrained_endpoints -multiple_clock -no_clock -no_input_delay -loops -generated_clocks
===========================================================================
Warning: There are 33 input ports missing set_input_delay.
  A[0]
  A[10]
  A[11]
  A[12]
  A[13]
  A[14]
  A[15]
  A[1]
  A[2]
  A[3]
  A[4]
  A[5]
  A[6]
  A[7]
  A[8]
  A[9]
  B[0]
  B[10]
  B[11]
  B[12]
  B[13]
  B[14]
  B[15]
  B[1]
  B[2]
  B[3]
  B[4]
  B[5]
  B[6]
  B[7]
  B[8]
  B[9]
  Cin
Warning: There are 50 unconstrained endpoints.
  Cout
  S[0]
  S[10]
  S[11]
  S[12]
  S[13]
  S[14]
  S[15]
  S[1]
  S[2]
  S[3]
  S[4]
  S[5]
  S[6]
  S[7]
  S[8]
  S[9]
  _208_/D
  _209_/D
  _210_/D
  _211_/D
  _212_/D
  _213_/D
  _214_/D
  _215_/D
  _216_/D
  _217_/D
  _218_/D
  _219_/D
  _220_/D
  _221_/D
  _222_/D
  _223_/D
  _224_/D
  _225_/D
  _226_/D
  _227_/D
  _228_/D
  _229_/D
  _230_/D
  _231_/D
  _232_/D
  _233_/D
  _234_/D
  _235_/D
  _236_/D
  _237_/D
  _238_/D
  _239_/D
  _240_/D
checks_report_end
power_report

===========================================================================
 report_power
============================================================================
======================= Typical Corner ===================================

Group                  Internal  Switching    Leakage      Total
                          Power      Power      Power      Power (Watts)
----------------------------------------------------------------
Sequential             4.66e-04   1.51e-05   4.22e-10   4.81e-04  85.3%
Combinational          4.64e-05   3.63e-05   3.73e-10   8.28e-05  14.7%
Clock                  0.00e+00   0.00e+00   1.49e-10   1.49e-10   0.0%
Macro                  0.00e+00   0.00e+00   0.00e+00   0.00e+00   0.0%
Pad                    0.00e+00   0.00e+00   0.00e+00   0.00e+00   0.0%
----------------------------------------------------------------
Total                  5.12e-04   5.14e-05   9.44e-10   5.64e-04 100.0%
                          90.9%       9.1%       0.0%

power_report_end
skew_report

===========================================================================
report_clock_skew
============================================================================
Clock core_clock
   0.00 source latency _208_/CLK ^
   0.00 target latency _191_/CLK ^
   0.00 CRPR
--------------
   0.00 setup skew

skew_report_end
summary_report

===========================================================================
report_tns
============================================================================
tns 0.00

===========================================================================
report_wns
============================================================================
wns 0.00

===========================================================================
report_worst_slack -max (Setup)
============================================================================
worst slack 2.54

===========================================================================
report_worst_slack -min (Hold)
============================================================================
worst slack 0.55
summary_report_end
area_report

===========================================================================
report_design_area
============================================================================
Design area 1949 u^2 49% utilization.
area_report_end
check_nonpropagated_clocks
core_clock
check_nonpropagated_clocks_end
[WARNING] Did not save OpenROAD database!
Writing SDF to '/openlane/designs/bka/runs/auto_pnr/results/signoff/bka.sdf'…
