OpenROAD b16bda7e82721d10566ff7e2b68f1ff0be9f9e38 
Features included (+) or not (-): +Charts +GPU +GUI +Python
This program is licensed under the BSD-3 license. See the LICENSE file for details.
Components of this program may be licensed under more restrictive licenses which must be honored.
define_corners Typical
read_liberty -corner Typical /volare/sky130A/libs.ref/sky130_fd_sc_hd/lib/sky130_fd_sc_hd__tt_025C_1v80.lib
Using 1e-12 for capacitance...
Using 1e+03 for resistance...
Using 1e-09 for time...
Using 1e+00 for voltage...
Using 1e-03 for current...
Using 1e-09 for power...
Using 1e-06 for distance...
[INFO]: Reading ODB at '/openlane/designs/bka/runs/auto_pnr/results/floorplan/bka.odb'…
Reading design constraints file at '/openlane/designs/bka/src/bka.sdc'…
[INFO]: Setting RC values...
[INFO]: Setting signal min routing layer to: met1 and clock min routing layer to met3. 
[INFO]: Setting signal max routing layer to: met5 and clock max routing layer to met5. 
[INFO GPL-0002] DBU: 1000
[INFO GPL-0003] SiteSize: (  0.460  2.720 ) um
[INFO GPL-0004] CoreBBox: (  5.520 10.880 ) ( 69.000 73.440 ) um
[INFO GPL-0006] NumInstances:               250
[INFO GPL-0007] NumPlaceInstances:          154
[INFO GPL-0008] NumFixedInstances:           96
[INFO GPL-0009] NumDummyInstances:            0
[INFO GPL-0010] NumNets:                    188
[INFO GPL-0011] NumPins:                    560
[INFO GPL-0012] DieBBox:  (  0.000  0.000 ) ( 74.670 85.390 ) um
[INFO GPL-0013] CoreBBox: (  5.520 10.880 ) ( 69.000 73.440 ) um
[INFO GPL-0016] CoreArea:              3971.309 um^2
[INFO GPL-0017] NonPlaceInstsArea:      235.226 um^2
[INFO GPL-0018] PlaceInstsArea:        2024.442 um^2
[INFO GPL-0019] Util:                    54.186 %
[INFO GPL-0020] StdInstsArea:          2024.442 um^2
[INFO GPL-0021] MacroInstsArea:           0.000 um^2
[InitialPlace]  Iter: 1 CG residual: 0.00000009 HPWL: 4879840
[InitialPlace]  Iter: 2 CG residual: 0.00000004 HPWL: 4279321
[InitialPlace]  Iter: 3 CG residual: 0.00000008 HPWL: 4189769
[InitialPlace]  Iter: 4 CG residual: 0.00000010 HPWL: 4154048
[InitialPlace]  Iter: 5 CG residual: 0.00000010 HPWL: 4144840
[INFO GPL-0031] FillerInit:NumGCells:       170
[INFO GPL-0032] FillerInit:NumGNets:        188
[INFO GPL-0033] FillerInit:NumGPins:        560
[INFO GPL-0023] TargetDensity:            0.600
[INFO GPL-0024] AvrgPlaceInstArea:       13.146 um^2
[INFO GPL-0025] IdealBinArea:            21.910 um^2
[INFO GPL-0026] IdealBinCnt:                181
[INFO GPL-0027] TotalBinArea:          3971.309 um^2
[INFO GPL-0028] BinCnt:         8      8
[INFO GPL-0029] BinSize: (  7.935  7.820 )
[INFO GPL-0030] NumBins: 64
[NesterovSolve] Iter:    1 overflow: 0.329 HPWL: 2977625
[INFO GPL-0100] worst slack 2.54e-09
[INFO GPL-0103] Weighted 17 nets.
[NesterovSolve] Snapshot saved at iter = 0
[NesterovSolve] Iter:   10 overflow: 0.320 HPWL: 2998675
[NesterovSolve] Iter:   20 overflow: 0.340 HPWL: 3070993
[NesterovSolve] Iter:   30 overflow: 0.351 HPWL: 3120916
[NesterovSolve] Iter:   40 overflow: 0.358 HPWL: 3142409
[NesterovSolve] Iter:   50 overflow: 0.356 HPWL: 3144104
[NesterovSolve] Iter:   60 overflow: 0.354 HPWL: 3131704
[NesterovSolve] Iter:   70 overflow: 0.352 HPWL: 3122577
[NesterovSolve] Iter:   80 overflow: 0.352 HPWL: 3124458
[NesterovSolve] Iter:   90 overflow: 0.353 HPWL: 3130528
[NesterovSolve] Iter:  100 overflow: 0.354 HPWL: 3132197
[NesterovSolve] Iter:  110 overflow: 0.353 HPWL: 3129120
[NesterovSolve] Iter:  120 overflow: 0.351 HPWL: 3125085
[NesterovSolve] Iter:  130 overflow: 0.350 HPWL: 3122927
[NesterovSolve] Iter:  140 overflow: 0.350 HPWL: 3122181
[NesterovSolve] Iter:  150 overflow: 0.348 HPWL: 3120345
[NesterovSolve] Iter:  160 overflow: 0.345 HPWL: 3115703
[NesterovSolve] Iter:  170 overflow: 0.341 HPWL: 3106810
[NesterovSolve] Iter:  180 overflow: 0.335 HPWL: 3092345
[NesterovSolve] Iter:  190 overflow: 0.330 HPWL: 3078829
[NesterovSolve] Iter:  200 overflow: 0.323 HPWL: 3063162
[NesterovSolve] Iter:  210 overflow: 0.316 HPWL: 3045812
[NesterovSolve] Iter:  220 overflow: 0.307 HPWL: 3030050
[NesterovSolve] Iter:  230 overflow: 0.293 HPWL: 3013789
[INFO GPL-0100] worst slack 2.57e-09
[INFO GPL-0103] Weighted 17 nets.
[NesterovSolve] Iter:  240 overflow: 0.282 HPWL: 3000087
[NesterovSolve] Iter:  250 overflow: 0.262 HPWL: 2989852
[NesterovSolve] Iter:  260 overflow: 0.243 HPWL: 2988069
[NesterovSolve] Iter:  270 overflow: 0.228 HPWL: 2990725
[NesterovSolve] Iter:  280 overflow: 0.207 HPWL: 3022529
[INFO GPL-0100] worst slack 2.55e-09
[INFO GPL-0103] Weighted 16 nets.
[INFO GPL-0075] Routability numCall: 1 inflationIterCnt: 1 bloatIterCnt: 0
[INFO GPL-0036] TileBBox: (    0    0 ) ( 6900 6900 ) DBU
[INFO GPL-0038] TileCnt:      10   12
[INFO GPL-0039] numRoutingLayers: 6
[INFO GPL-0040] NumTiles: 120
[INFO GPL-0063] TotalRouteOverflowH2: 0
[INFO GPL-0064] TotalRouteOverflowV2: 0
[INFO GPL-0065] OverflowTileCnt2: 0
[INFO GPL-0066] 0.5%RC: 1.0000
[INFO GPL-0067] 1.0%RC: 1.0000
[INFO GPL-0068] 2.0%RC: 0.9500
[INFO GPL-0069] 5.0%RC: 0.8750
[INFO GPL-0070] 0.5rcK: 1
[INFO GPL-0071] 1.0rcK: 1
[INFO GPL-0072] 2.0rcK: 0
[INFO GPL-0073] 5.0rcK: 0
[INFO GPL-0074] FinalRC: 1.0000
[INFO GPL-0078] FinalRC lower than minRC (1e+30), min RC updated.
[INFO GPL-0045] InflatedAreaDelta:        0.000 um^2
[INFO GPL-0046] TargetDensity:            0.600
[INFO GPL-0049] WhiteSpaceArea:        3736.083 um^2
[INFO GPL-0050] NesterovInstsArea:     2024.442 um^2
[INFO GPL-0051] TotalFillerArea:        217.208 um^2
[INFO GPL-0052] TotalGCellsArea:       2241.650 um^2
[INFO GPL-0053] ExpectedGCellsArea:    2241.650 um^2
[INFO GPL-0054] NewTargetDensity:         0.600
[INFO GPL-0055] NewWhiteSpaceArea:     3736.083 um^2
[INFO GPL-0056] MovableArea:           2241.650 um^2
[INFO GPL-0057] NewNesterovInstArea:   2024.442 um^2
[INFO GPL-0058] NewTotalFillerArea:     217.208 um^2
[INFO GPL-0059] NewTotalGCellsArea:    2241.650 um^2
[NesterovSolve] Revert back to snapshot coordi
[NesterovSolve] Iter:  290 overflow: 0.307 HPWL: 3014058
[NesterovSolve] Iter:  300 overflow: 0.333 HPWL: 3063591
[NesterovSolve] Iter:  310 overflow: 0.350 HPWL: 3121095
[NesterovSolve] Iter:  320 overflow: 0.356 HPWL: 3143314
[NesterovSolve] Iter:  330 overflow: 0.354 HPWL: 3143303
[NesterovSolve] Iter:  340 overflow: 0.350 HPWL: 3129101
[NesterovSolve] Iter:  350 overflow: 0.348 HPWL: 3119075
[NesterovSolve] Iter:  360 overflow: 0.349 HPWL: 3122813
[NesterovSolve] Iter:  370 overflow: 0.351 HPWL: 3129764
[NesterovSolve] Iter:  380 overflow: 0.351 HPWL: 3130948
[NesterovSolve] Iter:  390 overflow: 0.349 HPWL: 3126868
[NesterovSolve] Iter:  400 overflow: 0.348 HPWL: 3122601
[NesterovSolve] Iter:  410 overflow: 0.347 HPWL: 3121637
[NesterovSolve] Iter:  420 overflow: 0.346 HPWL: 3122277
[NesterovSolve] Iter:  430 overflow: 0.345 HPWL: 3121127
[NesterovSolve] Iter:  440 overflow: 0.343 HPWL: 3117562
[NesterovSolve] Iter:  450 overflow: 0.340 HPWL: 3111548
[NesterovSolve] Iter:  460 overflow: 0.337 HPWL: 3099210
[NesterovSolve] Iter:  470 overflow: 0.330 HPWL: 3088540
[NesterovSolve] Iter:  480 overflow: 0.324 HPWL: 3071313
[NesterovSolve] Iter:  490 overflow: 0.317 HPWL: 3052388
[NesterovSolve] Iter:  500 overflow: 0.311 HPWL: 3039413
[NesterovSolve] Iter:  510 overflow: 0.299 HPWL: 3026386
[NesterovSolve] Iter:  520 overflow: 0.281 HPWL: 3001266
[NesterovSolve] Iter:  530 overflow: 0.269 HPWL: 2994678
[NesterovSolve] Iter:  540 overflow: 0.255 HPWL: 3001385
[NesterovSolve] Iter:  550 overflow: 0.237 HPWL: 2999133
[NesterovSolve] Iter:  560 overflow: 0.202 HPWL: 3023034
[INFO GPL-0075] Routability numCall: 2 inflationIterCnt: 2 bloatIterCnt: 0
[INFO GPL-0036] TileBBox: (    0    0 ) ( 6900 6900 ) DBU
[INFO GPL-0038] TileCnt:      10   12
[INFO GPL-0039] numRoutingLayers: 6
[INFO GPL-0040] NumTiles: 120
[INFO GPL-0063] TotalRouteOverflowH2: 0
[INFO GPL-0064] TotalRouteOverflowV2: 0
[INFO GPL-0065] OverflowTileCnt2: 0
[INFO GPL-0066] 0.5%RC: 1.0000
[INFO GPL-0067] 1.0%RC: 0.9875
[INFO GPL-0068] 2.0%RC: 0.9571
[INFO GPL-0069] 5.0%RC: 0.8882
[INFO GPL-0070] 0.5rcK: 1
[INFO GPL-0071] 1.0rcK: 1
[INFO GPL-0072] 2.0rcK: 0
[INFO GPL-0073] 5.0rcK: 0
[INFO GPL-0074] FinalRC: 0.9937
[INFO GPL-0077] FinalRC lower than targetRC(1), routability not needed.
[NesterovSolve] Iter:  570 overflow: 0.193 HPWL: 3044915
[NesterovSolve] Iter:  580 overflow: 0.168 HPWL: 3083355
[NesterovSolve] Iter:  590 overflow: 0.147 HPWL: 3105434
[INFO GPL-0100] worst slack 2.55e-09
[INFO GPL-0103] Weighted 15 nets.
[NesterovSolve] Iter:  600 overflow: 0.129 HPWL: 3133987
[NesterovSolve] Iter:  610 overflow: 0.097 HPWL: 3154272
[NesterovSolve] Finished with Overflow: 0.097166
Setting global connections for newly added cells…
Writing OpenROAD database to '/openlane/designs/bka/runs/auto_pnr/tmp/placement/7-global.odb'…
Writing netlist to '/openlane/designs/bka/runs/auto_pnr/tmp/placement/7-global.nl.v'…
Writing powered netlist to '/openlane/designs/bka/runs/auto_pnr/tmp/placement/7-global.pnl.v'…
Writing layout to '/openlane/designs/bka/runs/auto_pnr/tmp/placement/7-global.def'…
