OpenROAD b16bda7e82721d10566ff7e2b68f1ff0be9f9e38 
Features included (+) or not (-): +Charts +GPU +GUI +Python
This program is licensed under the BSD-3 license. See the LICENSE file for details.
Components of this program may be licensed under more restrictive licenses which must be honored.
define_corners Typical
read_liberty -corner Typical /volare/sky130A/libs.ref/sky130_fd_sc_hd/lib/sky130_fd_sc_hd__tt_025C_1v80.lib
Using 1e-12 for capacitance...
Using 1e+03 for resistance...
Using 1e-09 for time...
Using 1e+00 for voltage...
Using 1e-03 for current...
Using 1e-09 for power...
Using 1e-06 for distance...
[INFO]: Reading ODB at '/openlane/designs/bka/runs/auto_pnr/tmp/placement/7-global.odb'…
Reading design constraints file at '/openlane/designs/bka/src/bka.sdc'…
[INFO]: Setting RC values...
min_report

===========================================================================
report_checks -path_delay min (Hold)
============================================================================
======================= Typical Corner ===================================

Startpoint: _227_ (rising edge-triggered flip-flop clocked by core_clock)
Endpoint: _194_ (rising edge-triggered flip-flop clocked by core_clock)
Path Group: core_clock
Path Type: min

Fanout     Cap    Slew   Delay    Time   Description
-----------------------------------------------------------------------------
                  0.00    0.00    0.00   clock core_clock (rise edge)
                          0.00    0.00   clock network delay (ideal)
                  0.00    0.00    0.00 ^ _227_/CLK (sky130_fd_sc_hd__dfxtp_2)
     3    0.01    0.05    0.31    0.31 ^ _227_/Q (sky130_fd_sc_hd__dfxtp_2)
                                         x5.B (net)
                  0.05    0.00    0.31 ^ _174_/A (sky130_fd_sc_hd__nand2_2)
     1    0.00    0.03    0.04    0.35 v _174_/Y (sky130_fd_sc_hd__nand2_2)
                                         _026_ (net)
                  0.03    0.00    0.35 v _175_/B (sky130_fd_sc_hd__nand2_2)
     1    0.01    0.06    0.07    0.43 ^ _175_/Y (sky130_fd_sc_hd__nand2_2)
                                         _027_ (net)
                  0.06    0.00    0.43 ^ _179_/A (sky130_fd_sc_hd__xnor2_2)
     1    0.00    0.03    0.06    0.49 v _179_/Y (sky130_fd_sc_hd__xnor2_2)
                                         x77.Si (net)
                  0.03    0.00    0.49 v _194_/D (sky130_fd_sc_hd__dfxtp_2)
                                  0.49   data arrival time

                  0.00    0.00    0.00   clock core_clock (rise edge)
                          0.00    0.00   clock network delay (ideal)
                          0.00    0.00   clock reconvergence pessimism
                                  0.00 ^ _194_/CLK (sky130_fd_sc_hd__dfxtp_2)
                         -0.05   -0.05   library hold time
                                 -0.05   data required time
-----------------------------------------------------------------------------
                                 -0.05   data required time
                                 -0.49   data arrival time
-----------------------------------------------------------------------------
                                  0.54   slack (MET)


Startpoint: _229_ (rising edge-triggered flip-flop clocked by core_clock)
Endpoint: _196_ (rising edge-triggered flip-flop clocked by core_clock)
Path Group: core_clock
Path Type: min

Fanout     Cap    Slew   Delay    Time   Description
-----------------------------------------------------------------------------
                  0.00    0.00    0.00   clock core_clock (rise edge)
                          0.00    0.00   clock network delay (ideal)
                  0.00    0.00    0.00 ^ _229_/CLK (sky130_fd_sc_hd__dfxtp_2)
     3    0.01    0.07    0.32    0.32 ^ _229_/Q (sky130_fd_sc_hd__dfxtp_2)
                                         x3.B (net)
                  0.07    0.00    0.32 ^ _093_/A (sky130_fd_sc_hd__nand2_2)
     1    0.00    0.03    0.05    0.37 v _093_/Y (sky130_fd_sc_hd__nand2_2)
                                         _044_ (net)
                  0.03    0.00    0.37 v _095_/A (sky130_fd_sc_hd__nand2_2)
     2    0.01    0.07    0.07    0.44 ^ _095_/Y (sky130_fd_sc_hd__nand2_2)
                                         _046_ (net)
                  0.07    0.00    0.44 ^ _172_/A (sky130_fd_sc_hd__xnor2_2)
     1    0.00    0.03    0.06    0.50 v _172_/Y (sky130_fd_sc_hd__xnor2_2)
                                         x75.Si (net)
                  0.03    0.00    0.50 v _196_/D (sky130_fd_sc_hd__dfxtp_2)
                                  0.50   data arrival time

                  0.00    0.00    0.00   clock core_clock (rise edge)
                          0.00    0.00   clock network delay (ideal)
                          0.00    0.00   clock reconvergence pessimism
                                  0.00 ^ _196_/CLK (sky130_fd_sc_hd__dfxtp_2)
                         -0.05   -0.05   library hold time
                                 -0.05   data required time
-----------------------------------------------------------------------------
                                 -0.05   data required time
                                 -0.50   data arrival time
-----------------------------------------------------------------------------
                                  0.55   slack (MET)


Startpoint: _224_ (rising edge-triggered flip-flop clocked by core_clock)
Endpoint: _192_ (rising edge-triggered flip-flop clocked by core_clock)
Path Group: core_clock
Path Type: min

Fanout     Cap    Slew   Delay    Time   Description
-----------------------------------------------------------------------------
                  0.00    0.00    0.00   clock core_clock (rise edge)
                          0.00    0.00   clock network delay (ideal)
                  0.00    0.00    0.00 ^ _224_/CLK (sky130_fd_sc_hd__dfxtp_2)
     3    0.01    0.06    0.32    0.32 ^ _224_/Q (sky130_fd_sc_hd__dfxtp_2)
                                         x8.B (net)
                  0.06    0.00    0.32 ^ _098_/A (sky130_fd_sc_hd__nand2_2)
     4    0.01    0.06    0.07    0.39 v _098_/Y (sky130_fd_sc_hd__nand2_2)
                                         _049_ (net)
                  0.06    0.00    0.39 v _183_/A (sky130_fd_sc_hd__nand2_2)
     1    0.01    0.06    0.08    0.46 ^ _183_/Y (sky130_fd_sc_hd__nand2_2)
                                         _033_ (net)
                  0.06    0.00    0.46 ^ _184_/B (sky130_fd_sc_hd__xor2_2)
     1    0.00    0.03    0.05    0.51 v _184_/X (sky130_fd_sc_hd__xor2_2)
                                         x79.Si (net)
                  0.03    0.00    0.51 v _192_/D (sky130_fd_sc_hd__dfxtp_2)
                                  0.51   data arrival time

                  0.00    0.00    0.00   clock core_clock (rise edge)
                          0.00    0.00   clock network delay (ideal)
                          0.00    0.00   clock reconvergence pessimism
                                  0.00 ^ _192_/CLK (sky130_fd_sc_hd__dfxtp_2)
                         -0.05   -0.05   library hold time
                                 -0.05   data required time
-----------------------------------------------------------------------------
                                 -0.05   data required time
                                 -0.51   data arrival time
-----------------------------------------------------------------------------
                                  0.56   slack (MET)


Startpoint: _216_ (rising edge-triggered flip-flop clocked by core_clock)
Endpoint: _200_ (rising edge-triggered flip-flop clocked by core_clock)
Path Group: core_clock
Path Type: min

Fanout     Cap    Slew   Delay    Time   Description
-----------------------------------------------------------------------------
                  0.00    0.00    0.00   clock core_clock (rise edge)
                          0.00    0.00   clock network delay (ideal)
                  0.00    0.00    0.00 ^ _216_/CLK (sky130_fd_sc_hd__dfxtp_2)
     4    0.02    0.11    0.35    0.35 ^ _216_/Q (sky130_fd_sc_hd__dfxtp_2)
                                         x12.A (net)
                  0.11    0.00    0.35 ^ _161_/A2 (sky130_fd_sc_hd__a21oi_2)
     1    0.01    0.03    0.08    0.43 v _161_/Y (sky130_fd_sc_hd__a21oi_2)
                                         _019_ (net)
                  0.03    0.00    0.43 v _162_/B (sky130_fd_sc_hd__xnor2_2)
     1    0.00    0.04    0.11    0.54 ^ _162_/Y (sky130_fd_sc_hd__xnor2_2)
                                         x71.Si (net)
                  0.04    0.00    0.54 ^ _200_/D (sky130_fd_sc_hd__dfxtp_2)
                                  0.54   data arrival time

                  0.00    0.00    0.00   clock core_clock (rise edge)
                          0.00    0.00   clock network delay (ideal)
                          0.00    0.00   clock reconvergence pessimism
                                  0.00 ^ _200_/CLK (sky130_fd_sc_hd__dfxtp_2)
                         -0.04   -0.04   library hold time
                                 -0.04   data required time
-----------------------------------------------------------------------------
                                 -0.04   data required time
                                 -0.54   data arrival time
-----------------------------------------------------------------------------
                                  0.57   slack (MET)


Startpoint: _223_ (rising edge-triggered flip-flop clocked by core_clock)
Endpoint: _207_ (rising edge-triggered flip-flop clocked by core_clock)
Path Group: core_clock
Path Type: min

Fanout     Cap    Slew   Delay    Time   Description
-----------------------------------------------------------------------------
                  0.00    0.00    0.00   clock core_clock (rise edge)
                          0.00    0.00   clock network delay (ideal)
                  0.00    0.00    0.00 ^ _223_/CLK (sky130_fd_sc_hd__dfxtp_2)
     3    0.01    0.07    0.32    0.32 ^ _223_/Q (sky130_fd_sc_hd__dfxtp_2)
                                         x33.A (net)
                  0.07    0.00    0.32 ^ _087_/B (sky130_fd_sc_hd__nand2_2)
     2    0.01    0.04    0.06    0.38 v _087_/Y (sky130_fd_sc_hd__nand2_2)
                                         _038_ (net)
                  0.04    0.00    0.38 v _189_/B1 (sky130_fd_sc_hd__o31a_2)
     1    0.00    0.03    0.11    0.49 v _189_/X (sky130_fd_sc_hd__o31a_2)
                                         _037_ (net)
                  0.03    0.00    0.49 v _190_/B1 (sky130_fd_sc_hd__o31ai_2)
     1    0.00    0.05    0.05    0.54 ^ _190_/Y (sky130_fd_sc_hd__o31ai_2)
                                         x49.G (net)
                  0.05    0.00    0.54 ^ _207_/D (sky130_fd_sc_hd__dfxtp_2)
                                  0.54   data arrival time

                  0.00    0.00    0.00   clock core_clock (rise edge)
                          0.00    0.00   clock network delay (ideal)
                          0.00    0.00   clock reconvergence pessimism
                                  0.00 ^ _207_/CLK (sky130_fd_sc_hd__dfxtp_2)
                         -0.04   -0.04   library hold time
                                 -0.04   data required time
-----------------------------------------------------------------------------
                                 -0.04   data required time
                                 -0.54   data arrival time
-----------------------------------------------------------------------------
                                  0.58   slack (MET)


Startpoint: _237_ (rising edge-triggered flip-flop clocked by core_clock)
Endpoint: _204_ (rising edge-triggered flip-flop clocked by core_clock)
Path Group: core_clock
Path Type: min

Fanout     Cap    Slew   Delay    Time   Description
-----------------------------------------------------------------------------
                  0.00    0.00    0.00   clock core_clock (rise edge)
                          0.00    0.00   clock network delay (ideal)
                  0.00    0.00    0.00 ^ _237_/CLK (sky130_fd_sc_hd__dfxtp_2)
     2    0.01    0.05    0.31    0.31 ^ _237_/Q (sky130_fd_sc_hd__dfxtp_2)
                                         x35.B (net)
                  0.05    0.00    0.31 ^ _135_/A (sky130_fd_sc_hd__nand2_2)
     2    0.01    0.05    0.06    0.36 v _135_/Y (sky130_fd_sc_hd__nand2_2)
                                         _086_ (net)
                  0.05    0.00    0.36 v _136_/B (sky130_fd_sc_hd__nand2_2)
     2    0.01    0.09    0.10    0.46 ^ _136_/Y (sky130_fd_sc_hd__nand2_2)
                                         _000_ (net)
                  0.09    0.00    0.46 ^ _153_/A (sky130_fd_sc_hd__xnor2_2)
     1    0.00    0.03    0.07    0.53 v _153_/Y (sky130_fd_sc_hd__xnor2_2)
                                         x67.Si (net)
                  0.03    0.00    0.53 v _204_/D (sky130_fd_sc_hd__dfxtp_2)
                                  0.53   data arrival time

                  0.00    0.00    0.00   clock core_clock (rise edge)
                          0.00    0.00   clock network delay (ideal)
                          0.00    0.00   clock reconvergence pessimism
                                  0.00 ^ _204_/CLK (sky130_fd_sc_hd__dfxtp_2)
                         -0.05   -0.05   library hold time
                                 -0.05   data required time
-----------------------------------------------------------------------------
                                 -0.05   data required time
                                 -0.53   data arrival time
-----------------------------------------------------------------------------
                                  0.59   slack (MET)


Startpoint: _220_ (rising edge-triggered flip-flop clocked by core_clock)
Endpoint: _203_ (rising edge-triggered flip-flop clocked by core_clock)
Path Group: core_clock
Path Type: min

Fanout     Cap    Slew   Delay    Time   Description
-----------------------------------------------------------------------------
                  0.00    0.00    0.00   clock core_clock (rise edge)
                          0.00    0.00   clock network delay (ideal)
                  0.00    0.00    0.00 ^ _220_/CLK (sky130_fd_sc_hd__dfxtp_2)
     2    0.01    0.05    0.31    0.31 ^ _220_/Q (sky130_fd_sc_hd__dfxtp_2)
                                         x36.A (net)
                  0.05    0.00    0.31 ^ _138_/B (sky130_fd_sc_hd__nand2_2)
     3    0.01    0.05    0.07    0.37 v _138_/Y (sky130_fd_sc_hd__nand2_2)
                                         _002_ (net)
                  0.05    0.00    0.37 v _139_/B (sky130_fd_sc_hd__nand2_2)
     2    0.01    0.08    0.10    0.47 ^ _139_/Y (sky130_fd_sc_hd__nand2_2)
                                         _003_ (net)
                  0.08    0.00    0.47 ^ _154_/B (sky130_fd_sc_hd__xnor2_2)
     1    0.01    0.04    0.07    0.54 v _154_/Y (sky130_fd_sc_hd__xnor2_2)
                                         x68.Si (net)
                  0.04    0.00    0.54 v _203_/D (sky130_fd_sc_hd__dfxtp_2)
                                  0.54   data arrival time

                  0.00    0.00    0.00   clock core_clock (rise edge)
                          0.00    0.00   clock network delay (ideal)
                          0.00    0.00   clock reconvergence pessimism
                                  0.00 ^ _203_/CLK (sky130_fd_sc_hd__dfxtp_2)
                         -0.05   -0.05   library hold time
                                 -0.05   data required time
-----------------------------------------------------------------------------
                                 -0.05   data required time
                                 -0.54   data arrival time
-----------------------------------------------------------------------------
                                  0.59   slack (MET)


Startpoint: _226_ (rising edge-triggered flip-flop clocked by core_clock)
Endpoint: _193_ (rising edge-triggered flip-flop clocked by core_clock)
Path Group: core_clock
Path Type: min

Fanout     Cap    Slew   Delay    Time   Description
-----------------------------------------------------------------------------
                  0.00    0.00    0.00   clock core_clock (rise edge)
                          0.00    0.00   clock network delay (ideal)
                  0.00    0.00    0.00 ^ _226_/CLK (sky130_fd_sc_hd__dfxtp_2)
     3    0.01    0.06    0.31    0.31 ^ _226_/Q (sky130_fd_sc_hd__dfxtp_2)
                                         x6.B (net)
                  0.06    0.00    0.31 ^ _176_/A (sky130_fd_sc_hd__nor2_2)
     2    0.01    0.03    0.05    0.36 v _176_/Y (sky130_fd_sc_hd__nor2_2)
                                         _028_ (net)
                  0.03    0.00    0.36 v _180_/B (sky130_fd_sc_hd__nor2_2)
     1    0.01    0.13    0.11    0.48 ^ _180_/Y (sky130_fd_sc_hd__nor2_2)
                                         _031_ (net)
                  0.13    0.00    0.48 ^ _181_/A (sky130_fd_sc_hd__xnor2_2)
     1    0.00    0.03    0.07    0.55 v _181_/Y (sky130_fd_sc_hd__xnor2_2)
                                         x78.Si (net)
                  0.03    0.00    0.55 v _193_/D (sky130_fd_sc_hd__dfxtp_2)
                                  0.55   data arrival time

                  0.00    0.00    0.00   clock core_clock (rise edge)
                          0.00    0.00   clock network delay (ideal)
                          0.00    0.00   clock reconvergence pessimism
                                  0.00 ^ _193_/CLK (sky130_fd_sc_hd__dfxtp_2)
                         -0.05   -0.05   library hold time
                                 -0.05   data required time
-----------------------------------------------------------------------------
                                 -0.05   data required time
                                 -0.55   data arrival time
-----------------------------------------------------------------------------
                                  0.60   slack (MET)


Startpoint: _223_ (rising edge-triggered flip-flop clocked by core_clock)
Endpoint: _206_ (rising edge-triggered flip-flop clocked by core_clock)
Path Group: core_clock
Path Type: min

Fanout     Cap    Slew   Delay    Time   Description
-----------------------------------------------------------------------------
                  0.00    0.00    0.00   clock core_clock (rise edge)
                          0.00    0.00   clock network delay (ideal)
                  0.00    0.00    0.00 ^ _223_/CLK (sky130_fd_sc_hd__dfxtp_2)
     3    0.01    0.07    0.32    0.32 ^ _223_/Q (sky130_fd_sc_hd__dfxtp_2)
                                         x33.A (net)
                  0.07    0.00    0.32 ^ _087_/B (sky130_fd_sc_hd__nand2_2)
     2    0.01    0.04    0.06    0.38 v _087_/Y (sky130_fd_sc_hd__nand2_2)
                                         _038_ (net)
                  0.04    0.00    0.38 v _089_/A (sky130_fd_sc_hd__nand2_2)
     2    0.01    0.08    0.09    0.47 ^ _089_/Y (sky130_fd_sc_hd__nand2_2)
                                         _040_ (net)
                  0.08    0.00    0.47 ^ _147_/A (sky130_fd_sc_hd__xnor2_2)
     1    0.01    0.04    0.08    0.55 v _147_/Y (sky130_fd_sc_hd__xnor2_2)
                                         x65.Si (net)
                  0.04    0.00    0.55 v _206_/D (sky130_fd_sc_hd__dfxtp_2)
                                  0.55   data arrival time

                  0.00    0.00    0.00   clock core_clock (rise edge)
                          0.00    0.00   clock network delay (ideal)
                          0.00    0.00   clock reconvergence pessimism
                                  0.00 ^ _206_/CLK (sky130_fd_sc_hd__dfxtp_2)
                         -0.05   -0.05   library hold time
                                 -0.05   data required time
-----------------------------------------------------------------------------
                                 -0.05   data required time
                                 -0.55   data arrival time
-----------------------------------------------------------------------------
                                  0.60   slack (MET)


Startpoint: _216_ (rising edge-triggered flip-flop clocked by core_clock)
Endpoint: _199_ (rising edge-triggered flip-flop clocked by core_clock)
Path Group: core_clock
Path Type: min

Fanout     Cap    Slew   Delay    Time   Description
-----------------------------------------------------------------------------
                  0.00    0.00    0.00   clock core_clock (rise edge)
                          0.00    0.00   clock network delay (ideal)
                  0.00    0.00    0.00 ^ _216_/CLK (sky130_fd_sc_hd__dfxtp_2)
     4    0.02    0.11    0.35    0.35 ^ _216_/Q (sky130_fd_sc_hd__dfxtp_2)
                                         x12.A (net)
                  0.11    0.00    0.35 ^ _119_/B (sky130_fd_sc_hd__xor2_2)
     2    0.01    0.05    0.09    0.44 v _119_/X (sky130_fd_sc_hd__xor2_2)
                                         _070_ (net)
                  0.05    0.00    0.44 v _163_/B (sky130_fd_sc_hd__xor2_2)
     1    0.00    0.08    0.12    0.56 ^ _163_/X (sky130_fd_sc_hd__xor2_2)
                                         x72.Si (net)
                  0.08    0.00    0.56 ^ _199_/D (sky130_fd_sc_hd__dfxtp_2)
                                  0.56   data arrival time

                  0.00    0.00    0.00   clock core_clock (rise edge)
                          0.00    0.00   clock network delay (ideal)
                          0.00    0.00   clock reconvergence pessimism
                                  0.00 ^ _199_/CLK (sky130_fd_sc_hd__dfxtp_2)
                         -0.04   -0.04   library hold time
                                 -0.04   data required time
-----------------------------------------------------------------------------
                                 -0.04   data required time
                                 -0.56   data arrival time
-----------------------------------------------------------------------------
                                  0.61   slack (MET)


Startpoint: _240_ (rising edge-triggered flip-flop clocked by core_clock)
Endpoint: _191_ (rising edge-triggered flip-flop clocked by core_clock)
Path Group: core_clock
Path Type: min

Fanout     Cap    Slew   Delay    Time   Description
-----------------------------------------------------------------------------
                  0.00    0.00    0.00   clock core_clock (rise edge)
                          0.00    0.00   clock network delay (ideal)
                  0.00    0.00    0.00 ^ _240_/CLK (sky130_fd_sc_hd__dfxtp_2)
     4    0.01    0.05    0.32    0.32 v _240_/Q (sky130_fd_sc_hd__dfxtp_2)
                                         x49.G1 (net)
                  0.05    0.00    0.32 v _182_/A (sky130_fd_sc_hd__nand3_2)
     2    0.01    0.05    0.06    0.38 ^ _182_/Y (sky130_fd_sc_hd__nand3_2)
                                         _032_ (net)
                  0.05    0.00    0.38 ^ _186_/A (sky130_fd_sc_hd__and2_2)
     1    0.00    0.04    0.13    0.51 ^ _186_/X (sky130_fd_sc_hd__and2_2)
                                         _035_ (net)
                  0.04    0.00    0.51 ^ _187_/A (sky130_fd_sc_hd__buf_1)
     1    0.00    0.04    0.07    0.58 ^ _187_/X (sky130_fd_sc_hd__buf_1)
                                         x80.Si (net)
                  0.04    0.00    0.58 ^ _191_/D (sky130_fd_sc_hd__dfxtp_2)
                                  0.58   data arrival time

                  0.00    0.00    0.00   clock core_clock (rise edge)
                          0.00    0.00   clock network delay (ideal)
                          0.00    0.00   clock reconvergence pessimism
                                  0.00 ^ _191_/CLK (sky130_fd_sc_hd__dfxtp_2)
                         -0.04   -0.04   library hold time
                                 -0.04   data required time
-----------------------------------------------------------------------------
                                 -0.04   data required time
                                 -0.58   data arrival time
-----------------------------------------------------------------------------
                                  0.62   slack (MET)


Startpoint: _240_ (rising edge-triggered flip-flop clocked by core_clock)
Endpoint: _198_ (rising edge-triggered flip-flop clocked by core_clock)
Path Group: core_clock
Path Type: min

Fanout     Cap    Slew   Delay    Time   Description
-----------------------------------------------------------------------------
                  0.00    0.00    0.00   clock core_clock (rise edge)
                          0.00    0.00   clock network delay (ideal)
                  0.00    0.00    0.00 ^ _240_/CLK (sky130_fd_sc_hd__dfxtp_2)
     4    0.02    0.09    0.34    0.34 ^ _240_/Q (sky130_fd_sc_hd__dfxtp_2)
                                         x49.G1 (net)
                  0.09    0.00    0.34 ^ _165_/B2 (sky130_fd_sc_hd__a22o_2)
     1    0.01    0.06    0.16    0.50 ^ _165_/X (sky130_fd_sc_hd__a22o_2)
                                         _021_ (net)
                  0.06    0.00    0.50 ^ _167_/A (sky130_fd_sc_hd__xnor2_2)
     1    0.00    0.04    0.07    0.57 v _167_/Y (sky130_fd_sc_hd__xnor2_2)
                                         x73.Si (net)
                  0.04    0.00    0.57 v _198_/D (sky130_fd_sc_hd__dfxtp_2)
                                  0.57   data arrival time

                  0.00    0.00    0.00   clock core_clock (rise edge)
                          0.00    0.00   clock network delay (ideal)
                          0.00    0.00   clock reconvergence pessimism
                                  0.00 ^ _198_/CLK (sky130_fd_sc_hd__dfxtp_2)
                         -0.05   -0.05   library hold time
                                 -0.05   data required time
-----------------------------------------------------------------------------
                                 -0.05   data required time
                                 -0.57   data arrival time
-----------------------------------------------------------------------------
                                  0.62   slack (MET)


Startpoint: _234_ (rising edge-triggered flip-flop clocked by core_clock)
Endpoint: _201_ (rising edge-triggered flip-flop clocked by core_clock)
Path Group: core_clock
Path Type: min

Fanout     Cap    Slew   Delay    Time   Description
-----------------------------------------------------------------------------
                  0.00    0.00    0.00   clock core_clock (rise edge)
                          0.00    0.00   clock network delay (ideal)
                  0.00    0.00    0.00 ^ _234_/CLK (sky130_fd_sc_hd__dfxtp_2)
     3    0.01    0.04    0.31    0.31 v _234_/Q (sky130_fd_sc_hd__dfxtp_2)
                                         x10.B (net)
                  0.04    0.00    0.31 v _124_/A (sky130_fd_sc_hd__nand2_2)
     1    0.00    0.02    0.04    0.35 ^ _124_/Y (sky130_fd_sc_hd__nand2_2)
                                         _075_ (net)
                  0.02    0.00    0.35 ^ _126_/A (sky130_fd_sc_hd__and2_2)
     2    0.01    0.07    0.15    0.50 ^ _126_/X (sky130_fd_sc_hd__and2_2)
                                         _077_ (net)
                  0.07    0.00    0.50 ^ _159_/A (sky130_fd_sc_hd__xnor2_2)
     1    0.00    0.04    0.07    0.57 v _159_/Y (sky130_fd_sc_hd__xnor2_2)
                                         x70.Si (net)
                  0.04    0.00    0.57 v _201_/D (sky130_fd_sc_hd__dfxtp_2)
                                  0.57   data arrival time

                  0.00    0.00    0.00   clock core_clock (rise edge)
                          0.00    0.00   clock network delay (ideal)
                          0.00    0.00   clock reconvergence pessimism
                                  0.00 ^ _201_/CLK (sky130_fd_sc_hd__dfxtp_2)
                         -0.05   -0.05   library hold time
                                 -0.05   data required time
-----------------------------------------------------------------------------
                                 -0.05   data required time
                                 -0.57   data arrival time
-----------------------------------------------------------------------------
                                  0.62   slack (MET)


Startpoint: _219_ (rising edge-triggered flip-flop clocked by core_clock)
Endpoint: _202_ (rising edge-triggered flip-flop clocked by core_clock)
Path Group: core_clock
Path Type: min

Fanout     Cap    Slew   Delay    Time   Description
-----------------------------------------------------------------------------
                  0.00    0.00    0.00   clock core_clock (rise edge)
                          0.00    0.00   clock network delay (ideal)
                  0.00    0.00    0.00 ^ _219_/CLK (sky130_fd_sc_hd__dfxtp_2)
     2    0.01    0.03    0.29    0.29 v _219_/Q (sky130_fd_sc_hd__dfxtp_2)
                                         x9.A (net)
                  0.03    0.00    0.29 v _128_/B (sky130_fd_sc_hd__nor2_2)
     1    0.01    0.09    0.08    0.38 ^ _128_/Y (sky130_fd_sc_hd__nor2_2)
                                         _079_ (net)
                  0.09    0.00    0.38 ^ _129_/B (sky130_fd_sc_hd__nor2_2)
     3    0.01    0.04    0.06    0.44 v _129_/Y (sky130_fd_sc_hd__nor2_2)
                                         _080_ (net)
                  0.04    0.00    0.44 v _157_/A (sky130_fd_sc_hd__xor2_2)
     1    0.00    0.09    0.15    0.59 ^ _157_/X (sky130_fd_sc_hd__xor2_2)
                                         x69.Si (net)
                  0.09    0.00    0.59 ^ _202_/D (sky130_fd_sc_hd__dfxtp_2)
                                  0.59   data arrival time

                  0.00    0.00    0.00   clock core_clock (rise edge)
                          0.00    0.00   clock network delay (ideal)
                          0.00    0.00   clock reconvergence pessimism
                                  0.00 ^ _202_/CLK (sky130_fd_sc_hd__dfxtp_2)
                         -0.05   -0.05   library hold time
                                 -0.05   data required time
-----------------------------------------------------------------------------
                                 -0.05   data required time
                                 -0.59   data arrival time
-----------------------------------------------------------------------------
                                  0.63   slack (MET)


Startpoint: _212_ (rising edge-triggered flip-flop clocked by core_clock)
Endpoint: _195_ (rising edge-triggered flip-flop clocked by core_clock)
Path Group: core_clock
Path Type: min

Fanout     Cap    Slew   Delay    Time   Description
-----------------------------------------------------------------------------
                  0.00    0.00    0.00   clock core_clock (rise edge)
                          0.00    0.00   clock network delay (ideal)
                  0.00    0.00    0.00 ^ _212_/CLK (sky130_fd_sc_hd__dfxtp_2)
     3    0.01    0.04    0.30    0.30 v _212_/Q (sky130_fd_sc_hd__dfxtp_2)
                                         x4.A (net)
                  0.04    0.00    0.30 v _091_/B (sky130_fd_sc_hd__nor2_2)
     2    0.01    0.10    0.09    0.40 ^ _091_/Y (sky130_fd_sc_hd__nor2_2)
                                         _042_ (net)
                  0.10    0.00    0.40 ^ _092_/B (sky130_fd_sc_hd__or2_2)
     2    0.01    0.07    0.15    0.54 ^ _092_/X (sky130_fd_sc_hd__or2_2)
                                         _043_ (net)
                  0.07    0.00    0.54 ^ _173_/A (sky130_fd_sc_hd__xor2_2)
     1    0.00    0.03    0.06    0.60 v _173_/X (sky130_fd_sc_hd__xor2_2)
                                         x76.Si (net)
                  0.03    0.00    0.60 v _195_/D (sky130_fd_sc_hd__dfxtp_2)
                                  0.60   data arrival time

                  0.00    0.00    0.00   clock core_clock (rise edge)
                          0.00    0.00   clock network delay (ideal)
                          0.00    0.00   clock reconvergence pessimism
                                  0.00 ^ _195_/CLK (sky130_fd_sc_hd__dfxtp_2)
                         -0.05   -0.05   library hold time
                                 -0.05   data required time
-----------------------------------------------------------------------------
                                 -0.05   data required time
                                 -0.60   data arrival time
-----------------------------------------------------------------------------
                                  0.65   slack (MET)


Startpoint: _214_ (rising edge-triggered flip-flop clocked by core_clock)
Endpoint: _197_ (rising edge-triggered flip-flop clocked by core_clock)
Path Group: core_clock
Path Type: min

Fanout     Cap    Slew   Delay    Time   Description
-----------------------------------------------------------------------------
                  0.00    0.00    0.00   clock core_clock (rise edge)
                          0.00    0.00   clock network delay (ideal)
                  0.00    0.00    0.00 ^ _214_/CLK (sky130_fd_sc_hd__dfxtp_2)
     3    0.02    0.09    0.34    0.34 ^ _214_/Q (sky130_fd_sc_hd__dfxtp_2)
                                         x2.A (net)
                  0.09    0.00    0.34 ^ _109_/B (sky130_fd_sc_hd__xor2_2)
     3    0.01    0.05    0.09    0.43 v _109_/X (sky130_fd_sc_hd__xor2_2)
                                         _060_ (net)
                  0.05    0.00    0.43 v _110_/A (sky130_fd_sc_hd__inv_2)
     3    0.01    0.06    0.07    0.50 ^ _110_/Y (sky130_fd_sc_hd__inv_2)
                                         _061_ (net)
                  0.06    0.00    0.50 ^ _170_/A3 (sky130_fd_sc_hd__o31a_2)
     1    0.00    0.04    0.12    0.62 ^ _170_/X (sky130_fd_sc_hd__o31a_2)
                                         x74.Si (net)
                  0.04    0.00    0.62 ^ _197_/D (sky130_fd_sc_hd__dfxtp_2)
                                  0.62   data arrival time

                  0.00    0.00    0.00   clock core_clock (rise edge)
                          0.00    0.00   clock network delay (ideal)
                          0.00    0.00   clock reconvergence pessimism
                                  0.00 ^ _197_/CLK (sky130_fd_sc_hd__dfxtp_2)
                         -0.04   -0.04   library hold time
                                 -0.04   data required time
-----------------------------------------------------------------------------
                                 -0.04   data required time
                                 -0.62   data arrival time
-----------------------------------------------------------------------------
                                  0.66   slack (MET)


Startpoint: _222_ (rising edge-triggered flip-flop clocked by core_clock)
Endpoint: _205_ (rising edge-triggered flip-flop clocked by core_clock)
Path Group: core_clock
Path Type: min

Fanout     Cap    Slew   Delay    Time   Description
-----------------------------------------------------------------------------
                  0.00    0.00    0.00   clock core_clock (rise edge)
                          0.00    0.00   clock network delay (ideal)
                  0.00    0.00    0.00 ^ _222_/CLK (sky130_fd_sc_hd__dfxtp_2)
     2    0.01    0.03    0.30    0.30 v _222_/Q (sky130_fd_sc_hd__dfxtp_2)
                                         x34.A (net)
                  0.03    0.00    0.30 v _145_/B (sky130_fd_sc_hd__nor2_2)
     3    0.01    0.12    0.11    0.41 ^ _145_/Y (sky130_fd_sc_hd__nor2_2)
                                         _009_ (net)
                  0.12    0.00    0.41 ^ _149_/A (sky130_fd_sc_hd__or2_2)
     2    0.01    0.08    0.17    0.58 ^ _149_/X (sky130_fd_sc_hd__or2_2)
                                         _012_ (net)
                  0.08    0.00    0.58 ^ _150_/B (sky130_fd_sc_hd__xnor2_2)
     1    0.00    0.03    0.06    0.63 v _150_/Y (sky130_fd_sc_hd__xnor2_2)
                                         x66.Si (net)
                  0.03    0.00    0.63 v _205_/D (sky130_fd_sc_hd__dfxtp_2)
                                  0.63   data arrival time

                  0.00    0.00    0.00   clock core_clock (rise edge)
                          0.00    0.00   clock network delay (ideal)
                          0.00    0.00   clock reconvergence pessimism
                                  0.00 ^ _205_/CLK (sky130_fd_sc_hd__dfxtp_2)
                         -0.05   -0.05   library hold time
                                 -0.05   data required time
-----------------------------------------------------------------------------
                                 -0.05   data required time
                                 -0.63   data arrival time
-----------------------------------------------------------------------------
                                  0.68   slack (MET)



worst slack corner Typical: 0.5352
min_report_end
max_report

===========================================================================
report_checks -path_delay max (Setup)
============================================================================
======================= Typical Corner ===================================

Startpoint: _224_ (rising edge-triggered flip-flop clocked by core_clock)
Endpoint: _204_ (rising edge-triggered flip-flop clocked by core_clock)
Path Group: core_clock
Path Type: max

Fanout     Cap    Slew   Delay    Time   Description
-----------------------------------------------------------------------------
                  0.00    0.00    0.00   clock core_clock (rise edge)
                          0.00    0.00   clock network delay (ideal)
                  0.00    0.00    0.00 ^ _224_/CLK (sky130_fd_sc_hd__dfxtp_2)
     3    0.01    0.04    0.30    0.30 v _224_/Q (sky130_fd_sc_hd__dfxtp_2)
                                         x8.B (net)
                  0.04    0.00    0.30 v _099_/A (sky130_fd_sc_hd__or2_2)
     3    0.01    0.07    0.31    0.61 v _099_/X (sky130_fd_sc_hd__or2_2)
                                         _050_ (net)
                  0.07    0.00    0.61 v _100_/D (sky130_fd_sc_hd__and4_2)
     2    0.01    0.05    0.26    0.87 v _100_/X (sky130_fd_sc_hd__and4_2)
                                         _051_ (net)
                  0.05    0.00    0.87 v _108_/A1 (sky130_fd_sc_hd__o31ai_2)
     5    0.03    0.56    0.53    1.41 ^ _108_/Y (sky130_fd_sc_hd__o31ai_2)
                                         _059_ (net)
                  0.56    0.00    1.41 ^ _118_/A2 (sky130_fd_sc_hd__o41ai_2)
     4    0.02    0.14    0.22    1.63 v _118_/Y (sky130_fd_sc_hd__o41ai_2)
                                         _069_ (net)
                  0.14    0.00    1.63 v _130_/A (sky130_fd_sc_hd__and4_2)
     2    0.01    0.05    0.23    1.86 v _130_/X (sky130_fd_sc_hd__and4_2)
                                         _081_ (net)
                  0.05    0.00    1.86 v _151_/A (sky130_fd_sc_hd__or2_2)
     2    0.01    0.08    0.33    2.19 v _151_/X (sky130_fd_sc_hd__or2_2)
                                         _013_ (net)
                  0.08    0.00    2.19 v _152_/A1 (sky130_fd_sc_hd__a21bo_2)
     1    0.01    0.05    0.22    2.40 v _152_/X (sky130_fd_sc_hd__a21bo_2)
                                         _014_ (net)
                  0.05    0.00    2.40 v _153_/B (sky130_fd_sc_hd__xnor2_2)
     1    0.00    0.05    0.12    2.53 v _153_/Y (sky130_fd_sc_hd__xnor2_2)
                                         x67.Si (net)
                  0.05    0.00    2.53 v _204_/D (sky130_fd_sc_hd__dfxtp_2)
                                  2.53   data arrival time

                  0.00    4.75    4.75   clock core_clock (rise edge)
                          0.00    4.75   clock network delay (ideal)
                          0.00    4.75   clock reconvergence pessimism
                                  4.75 ^ _204_/CLK (sky130_fd_sc_hd__dfxtp_2)
                         -0.12    4.63   library setup time
                                  4.63   data required time
-----------------------------------------------------------------------------
                                  4.63   data required time
                                 -2.53   data arrival time
-----------------------------------------------------------------------------
                                  2.10   slack (MET)


Startpoint: _224_ (rising edge-triggered flip-flop clocked by core_clock)
Endpoint: _205_ (rising edge-triggered flip-flop clocked by core_clock)
Path Group: core_clock
Path Type: max

Fanout     Cap    Slew   Delay    Time   Description
-----------------------------------------------------------------------------
                  0.00    0.00    0.00   clock core_clock (rise edge)
                          0.00    0.00   clock network delay (ideal)
                  0.00    0.00    0.00 ^ _224_/CLK (sky130_fd_sc_hd__dfxtp_2)
     3    0.01    0.04    0.30    0.30 v _224_/Q (sky130_fd_sc_hd__dfxtp_2)
                                         x8.B (net)
                  0.04    0.00    0.30 v _099_/A (sky130_fd_sc_hd__or2_2)
     3    0.01    0.07    0.31    0.61 v _099_/X (sky130_fd_sc_hd__or2_2)
                                         _050_ (net)
                  0.07    0.00    0.61 v _100_/D (sky130_fd_sc_hd__and4_2)
     2    0.01    0.05    0.26    0.87 v _100_/X (sky130_fd_sc_hd__and4_2)
                                         _051_ (net)
                  0.05    0.00    0.87 v _108_/A1 (sky130_fd_sc_hd__o31ai_2)
     5    0.03    0.56    0.53    1.41 ^ _108_/Y (sky130_fd_sc_hd__o31ai_2)
                                         _059_ (net)
                  0.56    0.00    1.41 ^ _118_/A2 (sky130_fd_sc_hd__o41ai_2)
     4    0.02    0.14    0.22    1.63 v _118_/Y (sky130_fd_sc_hd__o41ai_2)
                                         _069_ (net)
                  0.14    0.00    1.63 v _130_/A (sky130_fd_sc_hd__and4_2)
     2    0.01    0.05    0.23    1.86 v _130_/X (sky130_fd_sc_hd__and4_2)
                                         _081_ (net)
                  0.05    0.00    1.86 v _141_/A1 (sky130_fd_sc_hd__o21ai_2)
     3    0.01    0.17    0.19    2.05 ^ _141_/Y (sky130_fd_sc_hd__o21ai_2)
                                         _005_ (net)
                  0.17    0.00    2.05 ^ _148_/B1_N (sky130_fd_sc_hd__a21bo_2)
     1    0.01    0.05    0.26    2.31 v _148_/X (sky130_fd_sc_hd__a21bo_2)
                                         _011_ (net)
                  0.05    0.00    2.31 v _150_/A (sky130_fd_sc_hd__xnor2_2)
     1    0.00    0.04    0.12    2.43 v _150_/Y (sky130_fd_sc_hd__xnor2_2)
                                         x66.Si (net)
                  0.04    0.00    2.43 v _205_/D (sky130_fd_sc_hd__dfxtp_2)
                                  2.43   data arrival time

                  0.00    4.75    4.75   clock core_clock (rise edge)
                          0.00    4.75   clock network delay (ideal)
                          0.00    4.75   clock reconvergence pessimism
                                  4.75 ^ _205_/CLK (sky130_fd_sc_hd__dfxtp_2)
                         -0.12    4.63   library setup time
                                  4.63   data required time
-----------------------------------------------------------------------------
                                  4.63   data required time
                                 -2.43   data arrival time
-----------------------------------------------------------------------------
                                  2.19   slack (MET)


Startpoint: _212_ (rising edge-triggered flip-flop clocked by core_clock)
Endpoint: _206_ (rising edge-triggered flip-flop clocked by core_clock)
Path Group: core_clock
Path Type: max

Fanout     Cap    Slew   Delay    Time   Description
-----------------------------------------------------------------------------
                  0.00    0.00    0.00   clock core_clock (rise edge)
                          0.00    0.00   clock network delay (ideal)
                  0.00    0.00    0.00 ^ _212_/CLK (sky130_fd_sc_hd__dfxtp_2)
     3    0.01    0.04    0.30    0.30 v _212_/Q (sky130_fd_sc_hd__dfxtp_2)
                                         x4.A (net)
                  0.04    0.00    0.30 v _090_/B (sky130_fd_sc_hd__and2_2)
     2    0.00    0.04    0.18    0.48 v _090_/X (sky130_fd_sc_hd__and2_2)
                                         _041_ (net)
                  0.04    0.00    0.48 v _092_/A (sky130_fd_sc_hd__or2_2)
     2    0.01    0.08    0.32    0.80 v _092_/X (sky130_fd_sc_hd__or2_2)
                                         _043_ (net)
                  0.08    0.00    0.80 v _096_/A (sky130_fd_sc_hd__or2_2)
     4    0.02    0.09    0.35    1.15 v _096_/X (sky130_fd_sc_hd__or2_2)
                                         _047_ (net)
                  0.09    0.00    1.15 v _118_/A1 (sky130_fd_sc_hd__o41ai_2)
     4    0.02    0.49    0.55    1.71 ^ _118_/Y (sky130_fd_sc_hd__o41ai_2)
                                         _069_ (net)
                  0.49    0.00    1.71 ^ _130_/A (sky130_fd_sc_hd__and4_2)
     2    0.01    0.08    0.34    2.04 ^ _130_/X (sky130_fd_sc_hd__and4_2)
                                         _081_ (net)
                  0.08    0.00    2.04 ^ _141_/A1 (sky130_fd_sc_hd__o21ai_2)
     3    0.01    0.06    0.08    2.12 v _141_/Y (sky130_fd_sc_hd__o21ai_2)
                                         _005_ (net)
                  0.06    0.00    2.12 v _146_/A1 (sky130_fd_sc_hd__a21oi_2)
     1    0.01    0.14    0.16    2.29 ^ _146_/Y (sky130_fd_sc_hd__a21oi_2)
                                         _010_ (net)
                  0.14    0.00    2.29 ^ _147_/B (sky130_fd_sc_hd__xnor2_2)
     1    0.01    0.13    0.13    2.42 ^ _147_/Y (sky130_fd_sc_hd__xnor2_2)
                                         x65.Si (net)
                  0.13    0.00    2.42 ^ _206_/D (sky130_fd_sc_hd__dfxtp_2)
                                  2.42   data arrival time

                  0.00    4.75    4.75   clock core_clock (rise edge)
                          0.00    4.75   clock network delay (ideal)
                          0.00    4.75   clock reconvergence pessimism
                                  4.75 ^ _206_/CLK (sky130_fd_sc_hd__dfxtp_2)
                         -0.09    4.66   library setup time
                                  4.66   data required time
-----------------------------------------------------------------------------
                                  4.66   data required time
                                 -2.42   data arrival time
-----------------------------------------------------------------------------
                                  2.25   slack (MET)


Startpoint: _224_ (rising edge-triggered flip-flop clocked by core_clock)
Endpoint: _203_ (rising edge-triggered flip-flop clocked by core_clock)
Path Group: core_clock
Path Type: max

Fanout     Cap    Slew   Delay    Time   Description
-----------------------------------------------------------------------------
                  0.00    0.00    0.00   clock core_clock (rise edge)
                          0.00    0.00   clock network delay (ideal)
                  0.00    0.00    0.00 ^ _224_/CLK (sky130_fd_sc_hd__dfxtp_2)
     3    0.01    0.04    0.30    0.30 v _224_/Q (sky130_fd_sc_hd__dfxtp_2)
                                         x8.B (net)
                  0.04    0.00    0.30 v _099_/A (sky130_fd_sc_hd__or2_2)
     3    0.01    0.07    0.31    0.61 v _099_/X (sky130_fd_sc_hd__or2_2)
                                         _050_ (net)
                  0.07    0.00    0.61 v _100_/D (sky130_fd_sc_hd__and4_2)
     2    0.01    0.05    0.26    0.87 v _100_/X (sky130_fd_sc_hd__and4_2)
                                         _051_ (net)
                  0.05    0.00    0.87 v _108_/A1 (sky130_fd_sc_hd__o31ai_2)
     5    0.03    0.56    0.53    1.41 ^ _108_/Y (sky130_fd_sc_hd__o31ai_2)
                                         _059_ (net)
                  0.56    0.00    1.41 ^ _118_/A2 (sky130_fd_sc_hd__o41ai_2)
     4    0.02    0.14    0.22    1.63 v _118_/Y (sky130_fd_sc_hd__o41ai_2)
                                         _069_ (net)
                  0.14    0.00    1.63 v _130_/A (sky130_fd_sc_hd__and4_2)
     2    0.01    0.05    0.23    1.86 v _130_/X (sky130_fd_sc_hd__and4_2)
                                         _081_ (net)
                  0.05    0.00    1.86 v _151_/A (sky130_fd_sc_hd__or2_2)
     2    0.01    0.08    0.33    2.19 v _151_/X (sky130_fd_sc_hd__or2_2)
                                         _013_ (net)
                  0.08    0.00    2.19 v _154_/A (sky130_fd_sc_hd__xnor2_2)
     1    0.01    0.05    0.15    2.34 v _154_/Y (sky130_fd_sc_hd__xnor2_2)
                                         x68.Si (net)
                  0.05    0.00    2.34 v _203_/D (sky130_fd_sc_hd__dfxtp_2)
                                  2.34   data arrival time

                  0.00    4.75    4.75   clock core_clock (rise edge)
                          0.00    4.75   clock network delay (ideal)
                          0.00    4.75   clock reconvergence pessimism
                                  4.75 ^ _203_/CLK (sky130_fd_sc_hd__dfxtp_2)
                         -0.13    4.62   library setup time
                                  4.62   data required time
-----------------------------------------------------------------------------
                                  4.62   data required time
                                 -2.34   data arrival time
-----------------------------------------------------------------------------
                                  2.29   slack (MET)


Startpoint: _212_ (rising edge-triggered flip-flop clocked by core_clock)
Endpoint: _207_ (rising edge-triggered flip-flop clocked by core_clock)
Path Group: core_clock
Path Type: max

Fanout     Cap    Slew   Delay    Time   Description
-----------------------------------------------------------------------------
                  0.00    0.00    0.00   clock core_clock (rise edge)
                          0.00    0.00   clock network delay (ideal)
                  0.00    0.00    0.00 ^ _212_/CLK (sky130_fd_sc_hd__dfxtp_2)
     3    0.01    0.04    0.30    0.30 v _212_/Q (sky130_fd_sc_hd__dfxtp_2)
                                         x4.A (net)
                  0.04    0.00    0.30 v _090_/B (sky130_fd_sc_hd__and2_2)
     2    0.00    0.04    0.18    0.48 v _090_/X (sky130_fd_sc_hd__and2_2)
                                         _041_ (net)
                  0.04    0.00    0.48 v _092_/A (sky130_fd_sc_hd__or2_2)
     2    0.01    0.08    0.32    0.80 v _092_/X (sky130_fd_sc_hd__or2_2)
                                         _043_ (net)
                  0.08    0.00    0.80 v _096_/A (sky130_fd_sc_hd__or2_2)
     4    0.02    0.09    0.35    1.15 v _096_/X (sky130_fd_sc_hd__or2_2)
                                         _047_ (net)
                  0.09    0.00    1.15 v _118_/A1 (sky130_fd_sc_hd__o41ai_2)
     4    0.02    0.49    0.55    1.71 ^ _118_/Y (sky130_fd_sc_hd__o41ai_2)
                                         _069_ (net)
                  0.49    0.00    1.71 ^ _130_/A (sky130_fd_sc_hd__and4_2)
     2    0.01    0.08    0.34    2.04 ^ _130_/X (sky130_fd_sc_hd__and4_2)
                                         _081_ (net)
                  0.08    0.00    2.04 ^ _141_/A1 (sky130_fd_sc_hd__o21ai_2)
     3    0.01    0.06    0.08    2.12 v _141_/Y (sky130_fd_sc_hd__o21ai_2)
                                         _005_ (net)
                  0.06    0.00    2.12 v _190_/A2 (sky130_fd_sc_hd__o31ai_2)
     1    0.00    0.19    0.23    2.35 ^ _190_/Y (sky130_fd_sc_hd__o31ai_2)
                                         x49.G (net)
                  0.19    0.00    2.35 ^ _207_/D (sky130_fd_sc_hd__dfxtp_2)
                                  2.35   data arrival time

                  0.00    4.75    4.75   clock core_clock (rise edge)
                          0.00    4.75   clock network delay (ideal)
                          0.00    4.75   clock reconvergence pessimism
                                  4.75 ^ _207_/CLK (sky130_fd_sc_hd__dfxtp_2)
                         -0.10    4.65   library setup time
                                  4.65   data required time
-----------------------------------------------------------------------------
                                  4.65   data required time
                                 -2.35   data arrival time
-----------------------------------------------------------------------------
                                  2.30   slack (MET)


Startpoint: _224_ (rising edge-triggered flip-flop clocked by core_clock)
Endpoint: _202_ (rising edge-triggered flip-flop clocked by core_clock)
Path Group: core_clock
Path Type: max

Fanout     Cap    Slew   Delay    Time   Description
-----------------------------------------------------------------------------
                  0.00    0.00    0.00   clock core_clock (rise edge)
                          0.00    0.00   clock network delay (ideal)
                  0.00    0.00    0.00 ^ _224_/CLK (sky130_fd_sc_hd__dfxtp_2)
     3    0.01    0.04    0.30    0.30 v _224_/Q (sky130_fd_sc_hd__dfxtp_2)
                                         x8.B (net)
                  0.04    0.00    0.30 v _099_/A (sky130_fd_sc_hd__or2_2)
     3    0.01    0.07    0.31    0.61 v _099_/X (sky130_fd_sc_hd__or2_2)
                                         _050_ (net)
                  0.07    0.00    0.61 v _100_/D (sky130_fd_sc_hd__and4_2)
     2    0.01    0.05    0.26    0.87 v _100_/X (sky130_fd_sc_hd__and4_2)
                                         _051_ (net)
                  0.05    0.00    0.87 v _108_/A1 (sky130_fd_sc_hd__o31ai_2)
     5    0.03    0.56    0.53    1.41 ^ _108_/Y (sky130_fd_sc_hd__o31ai_2)
                                         _059_ (net)
                  0.56    0.00    1.41 ^ _118_/A2 (sky130_fd_sc_hd__o41ai_2)
     4    0.02    0.14    0.22    1.63 v _118_/Y (sky130_fd_sc_hd__o41ai_2)
                                         _069_ (net)
                  0.14    0.00    1.63 v _155_/A (sky130_fd_sc_hd__and2_2)
     2    0.01    0.05    0.22    1.85 v _155_/X (sky130_fd_sc_hd__and2_2)
                                         _015_ (net)
                  0.05    0.00    1.85 v _156_/A1 (sky130_fd_sc_hd__o21a_2)
     1    0.01    0.05    0.22    2.07 v _156_/X (sky130_fd_sc_hd__o21a_2)
                                         _016_ (net)
                  0.05    0.00    2.07 v _157_/B (sky130_fd_sc_hd__xor2_2)
     1    0.00    0.06    0.14    2.21 v _157_/X (sky130_fd_sc_hd__xor2_2)
                                         x69.Si (net)
                  0.06    0.00    2.21 v _202_/D (sky130_fd_sc_hd__dfxtp_2)
                                  2.21   data arrival time

                  0.00    4.75    4.75   clock core_clock (rise edge)
                          0.00    4.75   clock network delay (ideal)
                          0.00    4.75   clock reconvergence pessimism
                                  4.75 ^ _202_/CLK (sky130_fd_sc_hd__dfxtp_2)
                         -0.13    4.62   library setup time
                                  4.62   data required time
-----------------------------------------------------------------------------
                                  4.62   data required time
                                 -2.21   data arrival time
-----------------------------------------------------------------------------
                                  2.41   slack (MET)


Startpoint: _212_ (rising edge-triggered flip-flop clocked by core_clock)
Endpoint: _201_ (rising edge-triggered flip-flop clocked by core_clock)
Path Group: core_clock
Path Type: max

Fanout     Cap    Slew   Delay    Time   Description
-----------------------------------------------------------------------------
                  0.00    0.00    0.00   clock core_clock (rise edge)
                          0.00    0.00   clock network delay (ideal)
                  0.00    0.00    0.00 ^ _212_/CLK (sky130_fd_sc_hd__dfxtp_2)
     3    0.01    0.04    0.30    0.30 v _212_/Q (sky130_fd_sc_hd__dfxtp_2)
                                         x4.A (net)
                  0.04    0.00    0.30 v _090_/B (sky130_fd_sc_hd__and2_2)
     2    0.00    0.04    0.18    0.48 v _090_/X (sky130_fd_sc_hd__and2_2)
                                         _041_ (net)
                  0.04    0.00    0.48 v _092_/A (sky130_fd_sc_hd__or2_2)
     2    0.01    0.08    0.32    0.80 v _092_/X (sky130_fd_sc_hd__or2_2)
                                         _043_ (net)
                  0.08    0.00    0.80 v _096_/A (sky130_fd_sc_hd__or2_2)
     4    0.02    0.09    0.35    1.15 v _096_/X (sky130_fd_sc_hd__or2_2)
                                         _047_ (net)
                  0.09    0.00    1.15 v _118_/A1 (sky130_fd_sc_hd__o41ai_2)
     4    0.02    0.49    0.55    1.71 ^ _118_/Y (sky130_fd_sc_hd__o41ai_2)
                                         _069_ (net)
                  0.49    0.00    1.71 ^ _155_/A (sky130_fd_sc_hd__and2_2)
     2    0.01    0.07    0.26    1.96 ^ _155_/X (sky130_fd_sc_hd__and2_2)
                                         _015_ (net)
                  0.07    0.00    1.96 ^ _158_/A (sky130_fd_sc_hd__nor2_2)
     1    0.01    0.03    0.05    2.01 v _158_/Y (sky130_fd_sc_hd__nor2_2)
                                         _017_ (net)
                  0.03    0.00    2.01 v _159_/B (sky130_fd_sc_hd__xnor2_2)
     1    0.00    0.05    0.12    2.14 v _159_/Y (sky130_fd_sc_hd__xnor2_2)
                                         x70.Si (net)
                  0.05    0.00    2.14 v _201_/D (sky130_fd_sc_hd__dfxtp_2)
                                  2.14   data arrival time

                  0.00    4.75    4.75   clock core_clock (rise edge)
                          0.00    4.75   clock network delay (ideal)
                          0.00    4.75   clock reconvergence pessimism
                                  4.75 ^ _201_/CLK (sky130_fd_sc_hd__dfxtp_2)
                         -0.13    4.62   library setup time
                                  4.62   data required time
-----------------------------------------------------------------------------
                                  4.62   data required time
                                 -2.14   data arrival time
-----------------------------------------------------------------------------
                                  2.49   slack (MET)


Startpoint: _212_ (rising edge-triggered flip-flop clocked by core_clock)
Endpoint: _200_ (rising edge-triggered flip-flop clocked by core_clock)
Path Group: core_clock
Path Type: max

Fanout     Cap    Slew   Delay    Time   Description
-----------------------------------------------------------------------------
                  0.00    0.00    0.00   clock core_clock (rise edge)
                          0.00    0.00   clock network delay (ideal)
                  0.00    0.00    0.00 ^ _212_/CLK (sky130_fd_sc_hd__dfxtp_2)
     3    0.01    0.04    0.30    0.30 v _212_/Q (sky130_fd_sc_hd__dfxtp_2)
                                         x4.A (net)
                  0.04    0.00    0.30 v _090_/B (sky130_fd_sc_hd__and2_2)
     2    0.00    0.04    0.18    0.48 v _090_/X (sky130_fd_sc_hd__and2_2)
                                         _041_ (net)
                  0.04    0.00    0.48 v _092_/A (sky130_fd_sc_hd__or2_2)
     2    0.01    0.08    0.32    0.80 v _092_/X (sky130_fd_sc_hd__or2_2)
                                         _043_ (net)
                  0.08    0.00    0.80 v _096_/A (sky130_fd_sc_hd__or2_2)
     4    0.02    0.09    0.35    1.15 v _096_/X (sky130_fd_sc_hd__or2_2)
                                         _047_ (net)
                  0.09    0.00    1.15 v _118_/A1 (sky130_fd_sc_hd__o41ai_2)
     4    0.02    0.49    0.55    1.71 ^ _118_/Y (sky130_fd_sc_hd__o41ai_2)
                                         _069_ (net)
                  0.49    0.00    1.71 ^ _160_/B1 (sky130_fd_sc_hd__o21a_2)
     1    0.00    0.05    0.22    1.93 ^ _160_/X (sky130_fd_sc_hd__o21a_2)
                                         _018_ (net)
                  0.05    0.00    1.93 ^ _161_/B1 (sky130_fd_sc_hd__a21oi_2)
     1    0.01    0.06    0.04    1.97 v _161_/Y (sky130_fd_sc_hd__a21oi_2)
                                         _019_ (net)
                  0.06    0.00    1.97 v _162_/B (sky130_fd_sc_hd__xnor2_2)
     1    0.00    0.04    0.13    2.10 v _162_/Y (sky130_fd_sc_hd__xnor2_2)
                                         x71.Si (net)
                  0.04    0.00    2.10 v _200_/D (sky130_fd_sc_hd__dfxtp_2)
                                  2.10   data arrival time

                  0.00    4.75    4.75   clock core_clock (rise edge)
                          0.00    4.75   clock network delay (ideal)
                          0.00    4.75   clock reconvergence pessimism
                                  4.75 ^ _200_/CLK (sky130_fd_sc_hd__dfxtp_2)
                         -0.12    4.63   library setup time
                                  4.63   data required time
-----------------------------------------------------------------------------
                                  4.63   data required time
                                 -2.10   data arrival time
-----------------------------------------------------------------------------
                                  2.53   slack (MET)


Startpoint: _212_ (rising edge-triggered flip-flop clocked by core_clock)
Endpoint: _199_ (rising edge-triggered flip-flop clocked by core_clock)
Path Group: core_clock
Path Type: max

Fanout     Cap    Slew   Delay    Time   Description
-----------------------------------------------------------------------------
                  0.00    0.00    0.00   clock core_clock (rise edge)
                          0.00    0.00   clock network delay (ideal)
                  0.00    0.00    0.00 ^ _212_/CLK (sky130_fd_sc_hd__dfxtp_2)
     3    0.01    0.04    0.30    0.30 v _212_/Q (sky130_fd_sc_hd__dfxtp_2)
                                         x4.A (net)
                  0.04    0.00    0.30 v _090_/B (sky130_fd_sc_hd__and2_2)
     2    0.00    0.04    0.18    0.48 v _090_/X (sky130_fd_sc_hd__and2_2)
                                         _041_ (net)
                  0.04    0.00    0.48 v _092_/A (sky130_fd_sc_hd__or2_2)
     2    0.01    0.08    0.32    0.80 v _092_/X (sky130_fd_sc_hd__or2_2)
                                         _043_ (net)
                  0.08    0.00    0.80 v _096_/A (sky130_fd_sc_hd__or2_2)
     4    0.02    0.09    0.35    1.15 v _096_/X (sky130_fd_sc_hd__or2_2)
                                         _047_ (net)
                  0.09    0.00    1.15 v _118_/A1 (sky130_fd_sc_hd__o41ai_2)
     4    0.02    0.49    0.55    1.71 ^ _118_/Y (sky130_fd_sc_hd__o41ai_2)
                                         _069_ (net)
                  0.49    0.00    1.71 ^ _163_/A (sky130_fd_sc_hd__xor2_2)
     1    0.00    0.09    0.13    1.83 v _163_/X (sky130_fd_sc_hd__xor2_2)
                                         x72.Si (net)
                  0.09    0.00    1.83 v _199_/D (sky130_fd_sc_hd__dfxtp_2)
                                  1.83   data arrival time

                  0.00    4.75    4.75   clock core_clock (rise edge)
                          0.00    4.75   clock network delay (ideal)
                          0.00    4.75   clock reconvergence pessimism
                                  4.75 ^ _199_/CLK (sky130_fd_sc_hd__dfxtp_2)
                         -0.14    4.61   library setup time
                                  4.61   data required time
-----------------------------------------------------------------------------
                                  4.61   data required time
                                 -1.83   data arrival time
-----------------------------------------------------------------------------
                                  2.77   slack (MET)


Startpoint: _224_ (rising edge-triggered flip-flop clocked by core_clock)
Endpoint: _196_ (rising edge-triggered flip-flop clocked by core_clock)
Path Group: core_clock
Path Type: max

Fanout     Cap    Slew   Delay    Time   Description
-----------------------------------------------------------------------------
                  0.00    0.00    0.00   clock core_clock (rise edge)
                          0.00    0.00   clock network delay (ideal)
                  0.00    0.00    0.00 ^ _224_/CLK (sky130_fd_sc_hd__dfxtp_2)
     3    0.01    0.04    0.30    0.30 v _224_/Q (sky130_fd_sc_hd__dfxtp_2)
                                         x8.B (net)
                  0.04    0.00    0.30 v _099_/A (sky130_fd_sc_hd__or2_2)
     3    0.01    0.07    0.31    0.61 v _099_/X (sky130_fd_sc_hd__or2_2)
                                         _050_ (net)
                  0.07    0.00    0.61 v _100_/D (sky130_fd_sc_hd__and4_2)
     2    0.01    0.05    0.26    0.87 v _100_/X (sky130_fd_sc_hd__and4_2)
                                         _051_ (net)
                  0.05    0.00    0.87 v _108_/A1 (sky130_fd_sc_hd__o31ai_2)
     5    0.03    0.56    0.53    1.41 ^ _108_/Y (sky130_fd_sc_hd__o31ai_2)
                                         _059_ (net)
                  0.56    0.00    1.41 ^ _171_/A2 (sky130_fd_sc_hd__o21bai_2)
     1    0.01    0.11    0.13    1.53 v _171_/Y (sky130_fd_sc_hd__o21bai_2)
                                         _025_ (net)
                  0.11    0.00    1.53 v _172_/B (sky130_fd_sc_hd__xnor2_2)
     1    0.00    0.04    0.14    1.68 v _172_/Y (sky130_fd_sc_hd__xnor2_2)
                                         x75.Si (net)
                  0.04    0.00    1.68 v _196_/D (sky130_fd_sc_hd__dfxtp_2)
                                  1.68   data arrival time

                  0.00    4.75    4.75   clock core_clock (rise edge)
                          0.00    4.75   clock network delay (ideal)
                          0.00    4.75   clock reconvergence pessimism
                                  4.75 ^ _196_/CLK (sky130_fd_sc_hd__dfxtp_2)
                         -0.12    4.63   library setup time
                                  4.63   data required time
-----------------------------------------------------------------------------
                                  4.63   data required time
                                 -1.68   data arrival time
-----------------------------------------------------------------------------
                                  2.95   slack (MET)


Startpoint: _224_ (rising edge-triggered flip-flop clocked by core_clock)
Endpoint: _197_ (rising edge-triggered flip-flop clocked by core_clock)
Path Group: core_clock
Path Type: max

Fanout     Cap    Slew   Delay    Time   Description
-----------------------------------------------------------------------------
                  0.00    0.00    0.00   clock core_clock (rise edge)
                          0.00    0.00   clock network delay (ideal)
                  0.00    0.00    0.00 ^ _224_/CLK (sky130_fd_sc_hd__dfxtp_2)
     3    0.01    0.04    0.30    0.30 v _224_/Q (sky130_fd_sc_hd__dfxtp_2)
                                         x8.B (net)
                  0.04    0.00    0.30 v _099_/A (sky130_fd_sc_hd__or2_2)
     3    0.01    0.07    0.31    0.61 v _099_/X (sky130_fd_sc_hd__or2_2)
                                         _050_ (net)
                  0.07    0.00    0.61 v _100_/D (sky130_fd_sc_hd__and4_2)
     2    0.01    0.05    0.26    0.87 v _100_/X (sky130_fd_sc_hd__and4_2)
                                         _051_ (net)
                  0.05    0.00    0.87 v _108_/A1 (sky130_fd_sc_hd__o31ai_2)
     5    0.03    0.56    0.53    1.41 ^ _108_/Y (sky130_fd_sc_hd__o31ai_2)
                                         _059_ (net)
                  0.56    0.00    1.41 ^ _169_/A2 (sky130_fd_sc_hd__o22ai_2)
     1    0.00    0.09    0.12    1.53 v _169_/Y (sky130_fd_sc_hd__o22ai_2)
                                         _024_ (net)
                  0.09    0.00    1.53 v _170_/B1 (sky130_fd_sc_hd__o31a_2)
     1    0.00    0.05    0.13    1.66 v _170_/X (sky130_fd_sc_hd__o31a_2)
                                         x74.Si (net)
                  0.05    0.00    1.66 v _197_/D (sky130_fd_sc_hd__dfxtp_2)
                                  1.66   data arrival time

                  0.00    4.75    4.75   clock core_clock (rise edge)
                          0.00    4.75   clock network delay (ideal)
                          0.00    4.75   clock reconvergence pessimism
                                  4.75 ^ _197_/CLK (sky130_fd_sc_hd__dfxtp_2)
                         -0.13    4.62   library setup time
                                  4.62   data required time
-----------------------------------------------------------------------------
                                  4.62   data required time
                                 -1.66   data arrival time
-----------------------------------------------------------------------------
                                  2.97   slack (MET)


Startpoint: _224_ (rising edge-triggered flip-flop clocked by core_clock)
Endpoint: _195_ (rising edge-triggered flip-flop clocked by core_clock)
Path Group: core_clock
Path Type: max

Fanout     Cap    Slew   Delay    Time   Description
-----------------------------------------------------------------------------
                  0.00    0.00    0.00   clock core_clock (rise edge)
                          0.00    0.00   clock network delay (ideal)
                  0.00    0.00    0.00 ^ _224_/CLK (sky130_fd_sc_hd__dfxtp_2)
     3    0.01    0.04    0.30    0.30 v _224_/Q (sky130_fd_sc_hd__dfxtp_2)
                                         x8.B (net)
                  0.04    0.00    0.30 v _099_/A (sky130_fd_sc_hd__or2_2)
     3    0.01    0.07    0.31    0.61 v _099_/X (sky130_fd_sc_hd__or2_2)
                                         _050_ (net)
                  0.07    0.00    0.61 v _100_/D (sky130_fd_sc_hd__and4_2)
     2    0.01    0.05    0.26    0.87 v _100_/X (sky130_fd_sc_hd__and4_2)
                                         _051_ (net)
                  0.05    0.00    0.87 v _108_/A1 (sky130_fd_sc_hd__o31ai_2)
     5    0.03    0.56    0.53    1.41 ^ _108_/Y (sky130_fd_sc_hd__o31ai_2)
                                         _059_ (net)
                  0.56    0.00    1.41 ^ _173_/B (sky130_fd_sc_hd__xor2_2)
     1    0.00    0.10    0.11    1.52 v _173_/X (sky130_fd_sc_hd__xor2_2)
                                         x76.Si (net)
                  0.10    0.00    1.52 v _195_/D (sky130_fd_sc_hd__dfxtp_2)
                                  1.52   data arrival time

                  0.00    4.75    4.75   clock core_clock (rise edge)
                          0.00    4.75   clock network delay (ideal)
                          0.00    4.75   clock reconvergence pessimism
                                  4.75 ^ _195_/CLK (sky130_fd_sc_hd__dfxtp_2)
                         -0.15    4.60   library setup time
                                  4.60   data required time
-----------------------------------------------------------------------------
                                  4.60   data required time
                                 -1.52   data arrival time
-----------------------------------------------------------------------------
                                  3.08   slack (MET)


Startpoint: _212_ (rising edge-triggered flip-flop clocked by core_clock)
Endpoint: _198_ (rising edge-triggered flip-flop clocked by core_clock)
Path Group: core_clock
Path Type: max

Fanout     Cap    Slew   Delay    Time   Description
-----------------------------------------------------------------------------
                  0.00    0.00    0.00   clock core_clock (rise edge)
                          0.00    0.00   clock network delay (ideal)
                  0.00    0.00    0.00 ^ _212_/CLK (sky130_fd_sc_hd__dfxtp_2)
     3    0.01    0.04    0.30    0.30 v _212_/Q (sky130_fd_sc_hd__dfxtp_2)
                                         x4.A (net)
                  0.04    0.00    0.30 v _090_/B (sky130_fd_sc_hd__and2_2)
     2    0.00    0.04    0.18    0.48 v _090_/X (sky130_fd_sc_hd__and2_2)
                                         _041_ (net)
                  0.04    0.00    0.48 v _092_/A (sky130_fd_sc_hd__or2_2)
     2    0.01    0.08    0.32    0.80 v _092_/X (sky130_fd_sc_hd__or2_2)
                                         _043_ (net)
                  0.08    0.00    0.80 v _096_/A (sky130_fd_sc_hd__or2_2)
     4    0.02    0.09    0.35    1.15 v _096_/X (sky130_fd_sc_hd__or2_2)
                                         _047_ (net)
                  0.09    0.00    1.15 v _164_/A (sky130_fd_sc_hd__nor2_2)
     1    0.00    0.06    0.11    1.26 ^ _164_/Y (sky130_fd_sc_hd__nor2_2)
                                         _020_ (net)
                  0.06    0.00    1.26 ^ _165_/B1 (sky130_fd_sc_hd__a22o_2)
     1    0.01    0.07    0.15    1.41 ^ _165_/X (sky130_fd_sc_hd__a22o_2)
                                         _021_ (net)
                  0.07    0.00    1.41 ^ _167_/A (sky130_fd_sc_hd__xnor2_2)
     1    0.00    0.05    0.07    1.48 v _167_/Y (sky130_fd_sc_hd__xnor2_2)
                                         x73.Si (net)
                  0.05    0.00    1.48 v _198_/D (sky130_fd_sc_hd__dfxtp_2)
                                  1.48   data arrival time

                  0.00    4.75    4.75   clock core_clock (rise edge)
                          0.00    4.75   clock network delay (ideal)
                          0.00    4.75   clock reconvergence pessimism
                                  4.75 ^ _198_/CLK (sky130_fd_sc_hd__dfxtp_2)
                         -0.13    4.62   library setup time
                                  4.62   data required time
-----------------------------------------------------------------------------
                                  4.62   data required time
                                 -1.48   data arrival time
-----------------------------------------------------------------------------
                                  3.14   slack (MET)


Startpoint: _224_ (rising edge-triggered flip-flop clocked by core_clock)
Endpoint: _194_ (rising edge-triggered flip-flop clocked by core_clock)
Path Group: core_clock
Path Type: max

Fanout     Cap    Slew   Delay    Time   Description
-----------------------------------------------------------------------------
                  0.00    0.00    0.00   clock core_clock (rise edge)
                          0.00    0.00   clock network delay (ideal)
                  0.00    0.00    0.00 ^ _224_/CLK (sky130_fd_sc_hd__dfxtp_2)
     3    0.01    0.04    0.30    0.30 v _224_/Q (sky130_fd_sc_hd__dfxtp_2)
                                         x8.B (net)
                  0.04    0.00    0.30 v _099_/A (sky130_fd_sc_hd__or2_2)
     3    0.01    0.07    0.31    0.61 v _099_/X (sky130_fd_sc_hd__or2_2)
                                         _050_ (net)
                  0.07    0.00    0.61 v _100_/D (sky130_fd_sc_hd__and4_2)
     2    0.01    0.05    0.26    0.87 v _100_/X (sky130_fd_sc_hd__and4_2)
                                         _051_ (net)
                  0.05    0.00    0.87 v _177_/A (sky130_fd_sc_hd__nor2_2)
     2    0.01    0.17    0.18    1.05 ^ _177_/Y (sky130_fd_sc_hd__nor2_2)
                                         _029_ (net)
                  0.17    0.00    1.05 ^ _178_/A2 (sky130_fd_sc_hd__o21bai_2)
     1    0.01    0.07    0.09    1.15 v _178_/Y (sky130_fd_sc_hd__o21bai_2)
                                         _030_ (net)
                  0.07    0.00    1.15 v _179_/B (sky130_fd_sc_hd__xnor2_2)
     1    0.00    0.04    0.13    1.27 v _179_/Y (sky130_fd_sc_hd__xnor2_2)
                                         x77.Si (net)
                  0.04    0.00    1.27 v _194_/D (sky130_fd_sc_hd__dfxtp_2)
                                  1.27   data arrival time

                  0.00    4.75    4.75   clock core_clock (rise edge)
                          0.00    4.75   clock network delay (ideal)
                          0.00    4.75   clock reconvergence pessimism
                                  4.75 ^ _194_/CLK (sky130_fd_sc_hd__dfxtp_2)
                         -0.12    4.63   library setup time
                                  4.63   data required time
-----------------------------------------------------------------------------
                                  4.63   data required time
                                 -1.27   data arrival time
-----------------------------------------------------------------------------
                                  3.36   slack (MET)


Startpoint: _224_ (rising edge-triggered flip-flop clocked by core_clock)
Endpoint: _193_ (rising edge-triggered flip-flop clocked by core_clock)
Path Group: core_clock
Path Type: max

Fanout     Cap    Slew   Delay    Time   Description
-----------------------------------------------------------------------------
                  0.00    0.00    0.00   clock core_clock (rise edge)
                          0.00    0.00   clock network delay (ideal)
                  0.00    0.00    0.00 ^ _224_/CLK (sky130_fd_sc_hd__dfxtp_2)
     3    0.01    0.04    0.30    0.30 v _224_/Q (sky130_fd_sc_hd__dfxtp_2)
                                         x8.B (net)
                  0.04    0.00    0.30 v _099_/A (sky130_fd_sc_hd__or2_2)
     3    0.01    0.07    0.31    0.61 v _099_/X (sky130_fd_sc_hd__or2_2)
                                         _050_ (net)
                  0.07    0.00    0.61 v _100_/D (sky130_fd_sc_hd__and4_2)
     2    0.01    0.05    0.26    0.87 v _100_/X (sky130_fd_sc_hd__and4_2)
                                         _051_ (net)
                  0.05    0.00    0.87 v _177_/A (sky130_fd_sc_hd__nor2_2)
     2    0.01    0.17    0.18    1.05 ^ _177_/Y (sky130_fd_sc_hd__nor2_2)
                                         _029_ (net)
                  0.17    0.00    1.05 ^ _181_/B (sky130_fd_sc_hd__xnor2_2)
     1    0.00    0.09    0.12    1.17 ^ _181_/Y (sky130_fd_sc_hd__xnor2_2)
                                         x78.Si (net)
                  0.09    0.00    1.17 ^ _193_/D (sky130_fd_sc_hd__dfxtp_2)
                                  1.17   data arrival time

                  0.00    4.75    4.75   clock core_clock (rise edge)
                          0.00    4.75   clock network delay (ideal)
                          0.00    4.75   clock reconvergence pessimism
                                  4.75 ^ _193_/CLK (sky130_fd_sc_hd__dfxtp_2)
                         -0.08    4.67   library setup time
                                  4.67   data required time
-----------------------------------------------------------------------------
                                  4.67   data required time
                                 -1.17   data arrival time
-----------------------------------------------------------------------------
                                  3.50   slack (MET)


Startpoint: _224_ (rising edge-triggered flip-flop clocked by core_clock)
Endpoint: _191_ (rising edge-triggered flip-flop clocked by core_clock)
Path Group: core_clock
Path Type: max

Fanout     Cap    Slew   Delay    Time   Description
-----------------------------------------------------------------------------
                  0.00    0.00    0.00   clock core_clock (rise edge)
                          0.00    0.00   clock network delay (ideal)
                  0.00    0.00    0.00 ^ _224_/CLK (sky130_fd_sc_hd__dfxtp_2)
     3    0.01    0.04    0.30    0.30 v _224_/Q (sky130_fd_sc_hd__dfxtp_2)
                                         x8.B (net)
                  0.04    0.00    0.30 v _099_/A (sky130_fd_sc_hd__or2_2)
     3    0.01    0.07    0.31    0.61 v _099_/X (sky130_fd_sc_hd__or2_2)
                                         _050_ (net)
                  0.07    0.00    0.61 v _185_/A2 (sky130_fd_sc_hd__a21o_2)
     1    0.00    0.03    0.21    0.82 v _185_/X (sky130_fd_sc_hd__a21o_2)
                                         _034_ (net)
                  0.03    0.00    0.82 v _186_/B (sky130_fd_sc_hd__and2_2)
     1    0.00    0.04    0.18    1.00 v _186_/X (sky130_fd_sc_hd__and2_2)
                                         _035_ (net)
                  0.04    0.00    1.00 v _187_/A (sky130_fd_sc_hd__buf_1)
     1    0.00    0.02    0.08    1.08 v _187_/X (sky130_fd_sc_hd__buf_1)
                                         x80.Si (net)
                  0.02    0.00    1.08 v _191_/D (sky130_fd_sc_hd__dfxtp_2)
                                  1.08   data arrival time

                  0.00    4.75    4.75   clock core_clock (rise edge)
                          0.00    4.75   clock network delay (ideal)
                          0.00    4.75   clock reconvergence pessimism
                                  4.75 ^ _191_/CLK (sky130_fd_sc_hd__dfxtp_2)
                         -0.11    4.64   library setup time
                                  4.64   data required time
-----------------------------------------------------------------------------
                                  4.64   data required time
                                 -1.08   data arrival time
-----------------------------------------------------------------------------
                                  3.56   slack (MET)


Startpoint: _224_ (rising edge-triggered flip-flop clocked by core_clock)
Endpoint: _192_ (rising edge-triggered flip-flop clocked by core_clock)
Path Group: core_clock
Path Type: max

Fanout     Cap    Slew   Delay    Time   Description
-----------------------------------------------------------------------------
                  0.00    0.00    0.00   clock core_clock (rise edge)
                          0.00    0.00   clock network delay (ideal)
                  0.00    0.00    0.00 ^ _224_/CLK (sky130_fd_sc_hd__dfxtp_2)
     3    0.01    0.04    0.30    0.30 v _224_/Q (sky130_fd_sc_hd__dfxtp_2)
                                         x8.B (net)
                  0.04    0.00    0.30 v _099_/A (sky130_fd_sc_hd__or2_2)
     3    0.01    0.07    0.31    0.61 v _099_/X (sky130_fd_sc_hd__or2_2)
                                         _050_ (net)
                  0.07    0.00    0.61 v _182_/C (sky130_fd_sc_hd__nand3_2)
     2    0.01    0.06    0.09    0.70 ^ _182_/Y (sky130_fd_sc_hd__nand3_2)
                                         _032_ (net)
                  0.06    0.00    0.70 ^ _183_/B (sky130_fd_sc_hd__nand2_2)
     1    0.01    0.05    0.06    0.76 v _183_/Y (sky130_fd_sc_hd__nand2_2)
                                         _033_ (net)
                  0.05    0.00    0.76 v _184_/B (sky130_fd_sc_hd__xor2_2)
     1    0.00    0.05    0.13    0.90 v _184_/X (sky130_fd_sc_hd__xor2_2)
                                         x79.Si (net)
                  0.05    0.00    0.90 v _192_/D (sky130_fd_sc_hd__dfxtp_2)
                                  0.90   data arrival time

                  0.00    4.75    4.75   clock core_clock (rise edge)
                          0.00    4.75   clock network delay (ideal)
                          0.00    4.75   clock reconvergence pessimism
                                  4.75 ^ _192_/CLK (sky130_fd_sc_hd__dfxtp_2)
                         -0.13    4.62   library setup time
                                  4.62   data required time
-----------------------------------------------------------------------------
                                  4.62   data required time
                                 -0.90   data arrival time
-----------------------------------------------------------------------------
                                  3.73   slack (MET)



worst slack corner Typical: 2.0968
max_report_end
checks_report

===========================================================================
report_checks -unconstrained
===========================================================================
======================= Typical Corner ===================================

Startpoint: _224_ (rising edge-triggered flip-flop clocked by core_clock)
Endpoint: _204_ (rising edge-triggered flip-flop clocked by core_clock)
Path Group: core_clock
Path Type: max

Fanout     Cap    Slew   Delay    Time   Description
-----------------------------------------------------------------------------
                  0.00    0.00    0.00   clock core_clock (rise edge)
                          0.00    0.00   clock network delay (ideal)
                  0.00    0.00    0.00 ^ _224_/CLK (sky130_fd_sc_hd__dfxtp_2)
     3    0.01    0.04    0.30    0.30 v _224_/Q (sky130_fd_sc_hd__dfxtp_2)
                                         x8.B (net)
                  0.04    0.00    0.30 v _099_/A (sky130_fd_sc_hd__or2_2)
     3    0.01    0.07    0.31    0.61 v _099_/X (sky130_fd_sc_hd__or2_2)
                                         _050_ (net)
                  0.07    0.00    0.61 v _100_/D (sky130_fd_sc_hd__and4_2)
     2    0.01    0.05    0.26    0.87 v _100_/X (sky130_fd_sc_hd__and4_2)
                                         _051_ (net)
                  0.05    0.00    0.87 v _108_/A1 (sky130_fd_sc_hd__o31ai_2)
     5    0.03    0.56    0.53    1.41 ^ _108_/Y (sky130_fd_sc_hd__o31ai_2)
                                         _059_ (net)
                  0.56    0.00    1.41 ^ _118_/A2 (sky130_fd_sc_hd__o41ai_2)
     4    0.02    0.14    0.22    1.63 v _118_/Y (sky130_fd_sc_hd__o41ai_2)
                                         _069_ (net)
                  0.14    0.00    1.63 v _130_/A (sky130_fd_sc_hd__and4_2)
     2    0.01    0.05    0.23    1.86 v _130_/X (sky130_fd_sc_hd__and4_2)
                                         _081_ (net)
                  0.05    0.00    1.86 v _151_/A (sky130_fd_sc_hd__or2_2)
     2    0.01    0.08    0.33    2.19 v _151_/X (sky130_fd_sc_hd__or2_2)
                                         _013_ (net)
                  0.08    0.00    2.19 v _152_/A1 (sky130_fd_sc_hd__a21bo_2)
     1    0.01    0.05    0.22    2.40 v _152_/X (sky130_fd_sc_hd__a21bo_2)
                                         _014_ (net)
                  0.05    0.00    2.40 v _153_/B (sky130_fd_sc_hd__xnor2_2)
     1    0.00    0.05    0.12    2.53 v _153_/Y (sky130_fd_sc_hd__xnor2_2)
                                         x67.Si (net)
                  0.05    0.00    2.53 v _204_/D (sky130_fd_sc_hd__dfxtp_2)
                                  2.53   data arrival time

                  0.00    4.75    4.75   clock core_clock (rise edge)
                          0.00    4.75   clock network delay (ideal)
                          0.00    4.75   clock reconvergence pessimism
                                  4.75 ^ _204_/CLK (sky130_fd_sc_hd__dfxtp_2)
                         -0.12    4.63   library setup time
                                  4.63   data required time
-----------------------------------------------------------------------------
                                  4.63   data required time
                                 -2.53   data arrival time
-----------------------------------------------------------------------------
                                  2.10   slack (MET)




===========================================================================
report_checks --slack_max -0.01
============================================================================
======================= Typical Corner ===================================

No paths found.


===========================================================================
 report_check_types -max_slew -max_cap -max_fanout -violators
============================================================================
======================= Typical Corner ===================================


max slew violations count Typical: 0
max fanout violations count Typical: 0
max cap violations count Typical: 0

===========================================================================
report_parasitic_annotation -report_unannotated
============================================================================
Found 1 unannotated drivers.
 CLK
Found 0 partially unannotated drivers.

===========================================================================
max slew violation count 0
max fanout violation count 0
max cap violation count 0
============================================================================

===========================================================================
check_setup -verbose -unconstrained_endpoints -multiple_clock -no_clock -no_input_delay -loops -generated_clocks
===========================================================================
Warning: There are 33 input ports missing set_input_delay.
  A[0]
  A[10]
  A[11]
  A[12]
  A[13]
  A[14]
  A[15]
  A[1]
  A[2]
  A[3]
  A[4]
  A[5]
  A[6]
  A[7]
  A[8]
  A[9]
  B[0]
  B[10]
  B[11]
  B[12]
  B[13]
  B[14]
  B[15]
  B[1]
  B[2]
  B[3]
  B[4]
  B[5]
  B[6]
  B[7]
  B[8]
  B[9]
  Cin
Warning: There are 50 unconstrained endpoints.
  Cout
  S[0]
  S[10]
  S[11]
  S[12]
  S[13]
  S[14]
  S[15]
  S[1]
  S[2]
  S[3]
  S[4]
  S[5]
  S[6]
  S[7]
  S[8]
  S[9]
  _208_/D
  _209_/D
  _210_/D
  _211_/D
  _212_/D
  _213_/D
  _214_/D
  _215_/D
  _216_/D
  _217_/D
  _218_/D
  _219_/D
  _220_/D
  _221_/D
  _222_/D
  _223_/D
  _224_/D
  _225_/D
  _226_/D
  _227_/D
  _228_/D
  _229_/D
  _230_/D
  _231_/D
  _232_/D
  _233_/D
  _234_/D
  _235_/D
  _236_/D
  _237_/D
  _238_/D
  _239_/D
  _240_/D
checks_report_end
power_report

===========================================================================
 report_power
============================================================================
======================= Typical Corner ===================================

Group                  Internal  Switching    Leakage      Total
                          Power      Power      Power      Power (Watts)
----------------------------------------------------------------
Sequential             4.73e-04   1.59e-05   4.23e-10   4.89e-04  82.4%
Combinational          5.82e-05   4.60e-05   3.97e-10   1.04e-04  17.6%
Clock                  0.00e+00   0.00e+00   1.49e-10   1.49e-10   0.0%
Macro                  0.00e+00   0.00e+00   0.00e+00   0.00e+00   0.0%
Pad                    0.00e+00   0.00e+00   0.00e+00   0.00e+00   0.0%
----------------------------------------------------------------
Total                  5.31e-04   6.19e-05   9.68e-10   5.93e-04 100.0%
                          89.6%      10.4%       0.0%

power_report_end
skew_report

===========================================================================
report_clock_skew
============================================================================
Clock core_clock
   0.00 source latency _208_/CLK ^
   0.00 target latency _191_/CLK ^
   0.00 CRPR
--------------
   0.00 setup skew

skew_report_end
summary_report

===========================================================================
report_tns
============================================================================
tns 0.00

===========================================================================
report_wns
============================================================================
wns 0.00

===========================================================================
report_worst_slack -max (Setup)
============================================================================
worst slack 2.10

===========================================================================
report_worst_slack -min (Hold)
============================================================================
worst slack 0.54
summary_report_end
area_report

===========================================================================
report_design_area
============================================================================
Design area 2087 u^2 53% utilization.
area_report_end
check_nonpropagated_clocks
core_clock
check_nonpropagated_clocks_end
[WARNING] Did not save OpenROAD database!
Writing SDF to '/openlane/designs/bka/runs/auto_pnr/results/signoff/bka.sdf'…
