
63. Printing statistics.

=== bka ===

   Number of wires:                143
   Number of wire bits:            188
   Number of public wires:          56
   Number of public wire bits:     101
   Number of memories:               0
   Number of memory bits:            0
   Number of processes:              0
   Number of cells:                154
     sky130_fd_sc_hd__a21bo_2        2
     sky130_fd_sc_hd__a21o_2         3
     sky130_fd_sc_hd__a21oi_2        4
     sky130_fd_sc_hd__a22o_2         4
     sky130_fd_sc_hd__a31o_2         2
     sky130_fd_sc_hd__and2_2        10
     sky130_fd_sc_hd__and2b_2        1
     sky130_fd_sc_hd__and3_2         1
     sky130_fd_sc_hd__and4_2         2
     sky130_fd_sc_hd__buf_1          1
     sky130_fd_sc_hd__dfxtp_2       50
     sky130_fd_sc_hd__inv_2          1
     sky130_fd_sc_hd__nand2_2       16
     sky130_fd_sc_hd__nand3_2        1
     sky130_fd_sc_hd__nor2_2        11
     sky130_fd_sc_hd__o21a_2         3
     sky130_fd_sc_hd__o21ai_2        2
     sky130_fd_sc_hd__o21bai_2       2
     sky130_fd_sc_hd__o22ai_2        1
     sky130_fd_sc_hd__o31a_2         3
     sky130_fd_sc_hd__o31ai_2        2
     sky130_fd_sc_hd__o41ai_2        1
     sky130_fd_sc_hd__or2_2         13
     sky130_fd_sc_hd__xnor2_2       10
     sky130_fd_sc_hd__xor2_2         8

   Chip area for module '\bka': 2024.441600

