
===========================================================================
report_checks -path_delay max (Setup)
============================================================================
======================= Typical Corner ===================================

Startpoint: _224_ (rising edge-triggered flip-flop clocked by core_clock)
Endpoint: _204_ (rising edge-triggered flip-flop clocked by core_clock)
Path Group: core_clock
Path Type: max

Fanout     Cap    Slew   Delay    Time   Description
-----------------------------------------------------------------------------
                  0.00    0.00    0.00   clock core_clock (rise edge)
                          0.00    0.00   clock network delay (ideal)
                  0.00    0.00    0.00 ^ _224_/CLK (sky130_fd_sc_hd__dfxtp_2)
     3    0.01    0.03    0.30    0.30 v _224_/Q (sky130_fd_sc_hd__dfxtp_2)
                                         x8.B (net)
                  0.03    0.00    0.30 v _099_/A (sky130_fd_sc_hd__or2_2)
     3    0.01    0.07    0.31    0.61 v _099_/X (sky130_fd_sc_hd__or2_2)
                                         _050_ (net)
                  0.07    0.00    0.61 v _100_/D (sky130_fd_sc_hd__and4_2)
     2    0.01    0.05    0.26    0.87 v _100_/X (sky130_fd_sc_hd__and4_2)
                                         _051_ (net)
                  0.05    0.00    0.87 v _108_/A1 (sky130_fd_sc_hd__o31ai_2)
     5    0.02    0.54    0.50    1.37 ^ _108_/Y (sky130_fd_sc_hd__o31ai_2)
                                         _059_ (net)
                  0.54    0.00    1.37 ^ _118_/A2 (sky130_fd_sc_hd__o41ai_2)
     4    0.01    0.14    0.21    1.58 v _118_/Y (sky130_fd_sc_hd__o41ai_2)
                                         _069_ (net)
                  0.14    0.00    1.58 v _130_/A (sky130_fd_sc_hd__and4_2)
     2    0.01    0.05    0.23    1.81 v _130_/X (sky130_fd_sc_hd__and4_2)
                                         _081_ (net)
                  0.05    0.00    1.81 v _151_/A (sky130_fd_sc_hd__or2_2)
     2    0.01    0.08    0.32    2.13 v _151_/X (sky130_fd_sc_hd__or2_2)
                                         _013_ (net)
                  0.08    0.00    2.13 v _152_/A1 (sky130_fd_sc_hd__a21bo_2)
     1    0.01    0.05    0.22    2.35 v _152_/X (sky130_fd_sc_hd__a21bo_2)
                                         _014_ (net)
                  0.05    0.00    2.35 v _153_/B (sky130_fd_sc_hd__xnor2_2)
     1    0.00    0.04    0.12    2.47 v _153_/Y (sky130_fd_sc_hd__xnor2_2)
                                         x67.Si (net)
                  0.04    0.00    2.47 v _204_/D (sky130_fd_sc_hd__dfxtp_2)
                                  2.47   data arrival time

                  0.00    4.75    4.75   clock core_clock (rise edge)
                          0.00    4.75   clock network delay (ideal)
                          0.00    4.75   clock reconvergence pessimism
                                  4.75 ^ _204_/CLK (sky130_fd_sc_hd__dfxtp_2)
                         -0.12    4.63   library setup time
                                  4.63   data required time
-----------------------------------------------------------------------------
                                  4.63   data required time
                                 -2.47   data arrival time
-----------------------------------------------------------------------------
                                  2.16   slack (MET)


Startpoint: _224_ (rising edge-triggered flip-flop clocked by core_clock)
Endpoint: _205_ (rising edge-triggered flip-flop clocked by core_clock)
Path Group: core_clock
Path Type: max

Fanout     Cap    Slew   Delay    Time   Description
-----------------------------------------------------------------------------
                  0.00    0.00    0.00   clock core_clock (rise edge)
                          0.00    0.00   clock network delay (ideal)
                  0.00    0.00    0.00 ^ _224_/CLK (sky130_fd_sc_hd__dfxtp_2)
     3    0.01    0.03    0.30    0.30 v _224_/Q (sky130_fd_sc_hd__dfxtp_2)
                                         x8.B (net)
                  0.03    0.00    0.30 v _099_/A (sky130_fd_sc_hd__or2_2)
     3    0.01    0.07    0.31    0.61 v _099_/X (sky130_fd_sc_hd__or2_2)
                                         _050_ (net)
                  0.07    0.00    0.61 v _100_/D (sky130_fd_sc_hd__and4_2)
     2    0.01    0.05    0.26    0.87 v _100_/X (sky130_fd_sc_hd__and4_2)
                                         _051_ (net)
                  0.05    0.00    0.87 v _108_/A1 (sky130_fd_sc_hd__o31ai_2)
     5    0.02    0.54    0.50    1.37 ^ _108_/Y (sky130_fd_sc_hd__o31ai_2)
                                         _059_ (net)
                  0.54    0.00    1.37 ^ _118_/A2 (sky130_fd_sc_hd__o41ai_2)
     4    0.01    0.14    0.21    1.58 v _118_/Y (sky130_fd_sc_hd__o41ai_2)
                                         _069_ (net)
                  0.14    0.00    1.58 v _130_/A (sky130_fd_sc_hd__and4_2)
     2    0.01    0.05    0.23    1.81 v _130_/X (sky130_fd_sc_hd__and4_2)
                                         _081_ (net)
                  0.05    0.00    1.81 v _141_/A1 (sky130_fd_sc_hd__o21ai_2)
     3    0.01    0.17    0.18    1.99 ^ _141_/Y (sky130_fd_sc_hd__o21ai_2)
                                         _005_ (net)
                  0.17    0.00    1.99 ^ _148_/B1_N (sky130_fd_sc_hd__a21bo_2)
     1    0.01    0.05    0.26    2.25 v _148_/X (sky130_fd_sc_hd__a21bo_2)
                                         _011_ (net)
                  0.05    0.00    2.25 v _150_/A (sky130_fd_sc_hd__xnor2_2)
     1    0.00    0.04    0.12    2.37 v _150_/Y (sky130_fd_sc_hd__xnor2_2)
                                         x66.Si (net)
                  0.04    0.00    2.37 v _205_/D (sky130_fd_sc_hd__dfxtp_2)
                                  2.37   data arrival time

                  0.00    4.75    4.75   clock core_clock (rise edge)
                          0.00    4.75   clock network delay (ideal)
                          0.00    4.75   clock reconvergence pessimism
                                  4.75 ^ _205_/CLK (sky130_fd_sc_hd__dfxtp_2)
                         -0.12    4.63   library setup time
                                  4.63   data required time
-----------------------------------------------------------------------------
                                  4.63   data required time
                                 -2.37   data arrival time
-----------------------------------------------------------------------------
                                  2.26   slack (MET)


Startpoint: _212_ (rising edge-triggered flip-flop clocked by core_clock)
Endpoint: _206_ (rising edge-triggered flip-flop clocked by core_clock)
Path Group: core_clock
Path Type: max

Fanout     Cap    Slew   Delay    Time   Description
-----------------------------------------------------------------------------
                  0.00    0.00    0.00   clock core_clock (rise edge)
                          0.00    0.00   clock network delay (ideal)
                  0.00    0.00    0.00 ^ _212_/CLK (sky130_fd_sc_hd__dfxtp_2)
     3    0.01    0.03    0.30    0.30 v _212_/Q (sky130_fd_sc_hd__dfxtp_2)
                                         x4.A (net)
                  0.03    0.00    0.30 v _090_/B (sky130_fd_sc_hd__and2_2)
     2    0.00    0.04    0.18    0.48 v _090_/X (sky130_fd_sc_hd__and2_2)
                                         _041_ (net)
                  0.04    0.00    0.48 v _092_/A (sky130_fd_sc_hd__or2_2)
     2    0.01    0.08    0.32    0.79 v _092_/X (sky130_fd_sc_hd__or2_2)
                                         _043_ (net)
                  0.08    0.00    0.79 v _096_/A (sky130_fd_sc_hd__or2_2)
     4    0.01    0.09    0.35    1.14 v _096_/X (sky130_fd_sc_hd__or2_2)
                                         _047_ (net)
                  0.09    0.00    1.14 v _118_/A1 (sky130_fd_sc_hd__o41ai_2)
     4    0.01    0.47    0.52    1.67 ^ _118_/Y (sky130_fd_sc_hd__o41ai_2)
                                         _069_ (net)
                  0.47    0.00    1.67 ^ _130_/A (sky130_fd_sc_hd__and4_2)
     2    0.01    0.08    0.33    2.00 ^ _130_/X (sky130_fd_sc_hd__and4_2)
                                         _081_ (net)
                  0.08    0.00    2.00 ^ _141_/A1 (sky130_fd_sc_hd__o21ai_2)
     3    0.01    0.06    0.08    2.07 v _141_/Y (sky130_fd_sc_hd__o21ai_2)
                                         _005_ (net)
                  0.06    0.00    2.07 v _146_/A1 (sky130_fd_sc_hd__a21oi_2)
     1    0.01    0.14    0.16    2.23 ^ _146_/Y (sky130_fd_sc_hd__a21oi_2)
                                         _010_ (net)
                  0.14    0.00    2.23 ^ _147_/B (sky130_fd_sc_hd__xnor2_2)
     1    0.00    0.09    0.11    2.34 ^ _147_/Y (sky130_fd_sc_hd__xnor2_2)
                                         x65.Si (net)
                  0.09    0.00    2.34 ^ _206_/D (sky130_fd_sc_hd__dfxtp_2)
                                  2.34   data arrival time

                  0.00    4.75    4.75   clock core_clock (rise edge)
                          0.00    4.75   clock network delay (ideal)
                          0.00    4.75   clock reconvergence pessimism
                                  4.75 ^ _206_/CLK (sky130_fd_sc_hd__dfxtp_2)
                         -0.08    4.67   library setup time
                                  4.67   data required time
-----------------------------------------------------------------------------
                                  4.67   data required time
                                 -2.34   data arrival time
-----------------------------------------------------------------------------
                                  2.33   slack (MET)


Startpoint: _224_ (rising edge-triggered flip-flop clocked by core_clock)
Endpoint: _203_ (rising edge-triggered flip-flop clocked by core_clock)
Path Group: core_clock
Path Type: max

Fanout     Cap    Slew   Delay    Time   Description
-----------------------------------------------------------------------------
                  0.00    0.00    0.00   clock core_clock (rise edge)
                          0.00    0.00   clock network delay (ideal)
                  0.00    0.00    0.00 ^ _224_/CLK (sky130_fd_sc_hd__dfxtp_2)
     3    0.01    0.03    0.30    0.30 v _224_/Q (sky130_fd_sc_hd__dfxtp_2)
                                         x8.B (net)
                  0.03    0.00    0.30 v _099_/A (sky130_fd_sc_hd__or2_2)
     3    0.01    0.07    0.31    0.61 v _099_/X (sky130_fd_sc_hd__or2_2)
                                         _050_ (net)
                  0.07    0.00    0.61 v _100_/D (sky130_fd_sc_hd__and4_2)
     2    0.01    0.05    0.26    0.87 v _100_/X (sky130_fd_sc_hd__and4_2)
                                         _051_ (net)
                  0.05    0.00    0.87 v _108_/A1 (sky130_fd_sc_hd__o31ai_2)
     5    0.02    0.54    0.50    1.37 ^ _108_/Y (sky130_fd_sc_hd__o31ai_2)
                                         _059_ (net)
                  0.54    0.00    1.37 ^ _118_/A2 (sky130_fd_sc_hd__o41ai_2)
     4    0.01    0.14    0.21    1.58 v _118_/Y (sky130_fd_sc_hd__o41ai_2)
                                         _069_ (net)
                  0.14    0.00    1.58 v _130_/A (sky130_fd_sc_hd__and4_2)
     2    0.01    0.05    0.23    1.81 v _130_/X (sky130_fd_sc_hd__and4_2)
                                         _081_ (net)
                  0.05    0.00    1.81 v _151_/A (sky130_fd_sc_hd__or2_2)
     2    0.01    0.08    0.32    2.13 v _151_/X (sky130_fd_sc_hd__or2_2)
                                         _013_ (net)
                  0.08    0.00    2.13 v _154_/A (sky130_fd_sc_hd__xnor2_2)
     1    0.00    0.04    0.13    2.27 v _154_/Y (sky130_fd_sc_hd__xnor2_2)
                                         x68.Si (net)
                  0.04    0.00    2.27 v _203_/D (sky130_fd_sc_hd__dfxtp_2)
                                  2.27   data arrival time

                  0.00    4.75    4.75   clock core_clock (rise edge)
                          0.00    4.75   clock network delay (ideal)
                          0.00    4.75   clock reconvergence pessimism
                                  4.75 ^ _203_/CLK (sky130_fd_sc_hd__dfxtp_2)
                         -0.12    4.63   library setup time
                                  4.63   data required time
-----------------------------------------------------------------------------
                                  4.63   data required time
                                 -2.27   data arrival time
-----------------------------------------------------------------------------
                                  2.36   slack (MET)


Startpoint: _212_ (rising edge-triggered flip-flop clocked by core_clock)
Endpoint: _207_ (rising edge-triggered flip-flop clocked by core_clock)
Path Group: core_clock
Path Type: max

Fanout     Cap    Slew   Delay    Time   Description
-----------------------------------------------------------------------------
                  0.00    0.00    0.00   clock core_clock (rise edge)
                          0.00    0.00   clock network delay (ideal)
                  0.00    0.00    0.00 ^ _212_/CLK (sky130_fd_sc_hd__dfxtp_2)
     3    0.01    0.03    0.30    0.30 v _212_/Q (sky130_fd_sc_hd__dfxtp_2)
                                         x4.A (net)
                  0.03    0.00    0.30 v _090_/B (sky130_fd_sc_hd__and2_2)
     2    0.00    0.04    0.18    0.48 v _090_/X (sky130_fd_sc_hd__and2_2)
                                         _041_ (net)
                  0.04    0.00    0.48 v _092_/A (sky130_fd_sc_hd__or2_2)
     2    0.01    0.08    0.32    0.79 v _092_/X (sky130_fd_sc_hd__or2_2)
                                         _043_ (net)
                  0.08    0.00    0.79 v _096_/A (sky130_fd_sc_hd__or2_2)
     4    0.01    0.09    0.35    1.14 v _096_/X (sky130_fd_sc_hd__or2_2)
                                         _047_ (net)
                  0.09    0.00    1.14 v _118_/A1 (sky130_fd_sc_hd__o41ai_2)
     4    0.01    0.47    0.52    1.67 ^ _118_/Y (sky130_fd_sc_hd__o41ai_2)
                                         _069_ (net)
                  0.47    0.00    1.67 ^ _130_/A (sky130_fd_sc_hd__and4_2)
     2    0.01    0.08    0.33    2.00 ^ _130_/X (sky130_fd_sc_hd__and4_2)
                                         _081_ (net)
                  0.08    0.00    2.00 ^ _141_/A1 (sky130_fd_sc_hd__o21ai_2)
     3    0.01    0.06    0.08    2.07 v _141_/Y (sky130_fd_sc_hd__o21ai_2)
                                         _005_ (net)
                  0.06    0.00    2.07 v _190_/A2 (sky130_fd_sc_hd__o31ai_2)
     1    0.00    0.15    0.19    2.27 ^ _190_/Y (sky130_fd_sc_hd__o31ai_2)
                                         x49.G (net)
                  0.15    0.00    2.27 ^ _207_/D (sky130_fd_sc_hd__dfxtp_2)
                                  2.27   data arrival time

                  0.00    4.75    4.75   clock core_clock (rise edge)
                          0.00    4.75   clock network delay (ideal)
                          0.00    4.75   clock reconvergence pessimism
                                  4.75 ^ _207_/CLK (sky130_fd_sc_hd__dfxtp_2)
                         -0.09    4.66   library setup time
                                  4.66   data required time
-----------------------------------------------------------------------------
                                  4.66   data required time
                                 -2.27   data arrival time
-----------------------------------------------------------------------------
                                  2.39   slack (MET)


Startpoint: _224_ (rising edge-triggered flip-flop clocked by core_clock)
Endpoint: _202_ (rising edge-triggered flip-flop clocked by core_clock)
Path Group: core_clock
Path Type: max

Fanout     Cap    Slew   Delay    Time   Description
-----------------------------------------------------------------------------
                  0.00    0.00    0.00   clock core_clock (rise edge)
                          0.00    0.00   clock network delay (ideal)
                  0.00    0.00    0.00 ^ _224_/CLK (sky130_fd_sc_hd__dfxtp_2)
     3    0.01    0.03    0.30    0.30 v _224_/Q (sky130_fd_sc_hd__dfxtp_2)
                                         x8.B (net)
                  0.03    0.00    0.30 v _099_/A (sky130_fd_sc_hd__or2_2)
     3    0.01    0.07    0.31    0.61 v _099_/X (sky130_fd_sc_hd__or2_2)
                                         _050_ (net)
                  0.07    0.00    0.61 v _100_/D (sky130_fd_sc_hd__and4_2)
     2    0.01    0.05    0.26    0.87 v _100_/X (sky130_fd_sc_hd__and4_2)
                                         _051_ (net)
                  0.05    0.00    0.87 v _108_/A1 (sky130_fd_sc_hd__o31ai_2)
     5    0.02    0.54    0.50    1.37 ^ _108_/Y (sky130_fd_sc_hd__o31ai_2)
                                         _059_ (net)
                  0.54    0.00    1.37 ^ _118_/A2 (sky130_fd_sc_hd__o41ai_2)
     4    0.01    0.14    0.21    1.58 v _118_/Y (sky130_fd_sc_hd__o41ai_2)
                                         _069_ (net)
                  0.14    0.00    1.58 v _155_/A (sky130_fd_sc_hd__and2_2)
     2    0.01    0.05    0.22    1.80 v _155_/X (sky130_fd_sc_hd__and2_2)
                                         _015_ (net)
                  0.05    0.00    1.80 v _156_/A1 (sky130_fd_sc_hd__o21a_2)
     1    0.01    0.05    0.22    2.02 v _156_/X (sky130_fd_sc_hd__o21a_2)
                                         _016_ (net)
                  0.05    0.00    2.02 v _157_/B (sky130_fd_sc_hd__xor2_2)
     1    0.00    0.05    0.13    2.15 v _157_/X (sky130_fd_sc_hd__xor2_2)
                                         x69.Si (net)
                  0.05    0.00    2.15 v _202_/D (sky130_fd_sc_hd__dfxtp_2)
                                  2.15   data arrival time

                  0.00    4.75    4.75   clock core_clock (rise edge)
                          0.00    4.75   clock network delay (ideal)
                          0.00    4.75   clock reconvergence pessimism
                                  4.75 ^ _202_/CLK (sky130_fd_sc_hd__dfxtp_2)
                         -0.12    4.63   library setup time
                                  4.63   data required time
-----------------------------------------------------------------------------
                                  4.63   data required time
                                 -2.15   data arrival time
-----------------------------------------------------------------------------
                                  2.48   slack (MET)


Startpoint: _212_ (rising edge-triggered flip-flop clocked by core_clock)
Endpoint: _201_ (rising edge-triggered flip-flop clocked by core_clock)
Path Group: core_clock
Path Type: max

Fanout     Cap    Slew   Delay    Time   Description
-----------------------------------------------------------------------------
                  0.00    0.00    0.00   clock core_clock (rise edge)
                          0.00    0.00   clock network delay (ideal)
                  0.00    0.00    0.00 ^ _212_/CLK (sky130_fd_sc_hd__dfxtp_2)
     3    0.01    0.03    0.30    0.30 v _212_/Q (sky130_fd_sc_hd__dfxtp_2)
                                         x4.A (net)
                  0.03    0.00    0.30 v _090_/B (sky130_fd_sc_hd__and2_2)
     2    0.00    0.04    0.18    0.48 v _090_/X (sky130_fd_sc_hd__and2_2)
                                         _041_ (net)
                  0.04    0.00    0.48 v _092_/A (sky130_fd_sc_hd__or2_2)
     2    0.01    0.08    0.32    0.79 v _092_/X (sky130_fd_sc_hd__or2_2)
                                         _043_ (net)
                  0.08    0.00    0.79 v _096_/A (sky130_fd_sc_hd__or2_2)
     4    0.01    0.09    0.35    1.14 v _096_/X (sky130_fd_sc_hd__or2_2)
                                         _047_ (net)
                  0.09    0.00    1.14 v _118_/A1 (sky130_fd_sc_hd__o41ai_2)
     4    0.01    0.47    0.52    1.67 ^ _118_/Y (sky130_fd_sc_hd__o41ai_2)
                                         _069_ (net)
                  0.47    0.00    1.67 ^ _155_/A (sky130_fd_sc_hd__and2_2)
     2    0.01    0.07    0.25    1.92 ^ _155_/X (sky130_fd_sc_hd__and2_2)
                                         _015_ (net)
                  0.07    0.00    1.92 ^ _158_/A (sky130_fd_sc_hd__nor2_2)
     1    0.01    0.03    0.05    1.97 v _158_/Y (sky130_fd_sc_hd__nor2_2)
                                         _017_ (net)
                  0.03    0.00    1.97 v _159_/B (sky130_fd_sc_hd__xnor2_2)
     1    0.00    0.04    0.11    2.08 v _159_/Y (sky130_fd_sc_hd__xnor2_2)
                                         x70.Si (net)
                  0.04    0.00    2.08 v _201_/D (sky130_fd_sc_hd__dfxtp_2)
                                  2.08   data arrival time

                  0.00    4.75    4.75   clock core_clock (rise edge)
                          0.00    4.75   clock network delay (ideal)
                          0.00    4.75   clock reconvergence pessimism
                                  4.75 ^ _201_/CLK (sky130_fd_sc_hd__dfxtp_2)
                         -0.12    4.63   library setup time
                                  4.63   data required time
-----------------------------------------------------------------------------
                                  4.63   data required time
                                 -2.08   data arrival time
-----------------------------------------------------------------------------
                                  2.55   slack (MET)


Startpoint: _212_ (rising edge-triggered flip-flop clocked by core_clock)
Endpoint: _200_ (rising edge-triggered flip-flop clocked by core_clock)
Path Group: core_clock
Path Type: max

Fanout     Cap    Slew   Delay    Time   Description
-----------------------------------------------------------------------------
                  0.00    0.00    0.00   clock core_clock (rise edge)
                          0.00    0.00   clock network delay (ideal)
                  0.00    0.00    0.00 ^ _212_/CLK (sky130_fd_sc_hd__dfxtp_2)
     3    0.01    0.03    0.30    0.30 v _212_/Q (sky130_fd_sc_hd__dfxtp_2)
                                         x4.A (net)
                  0.03    0.00    0.30 v _090_/B (sky130_fd_sc_hd__and2_2)
     2    0.00    0.04    0.18    0.48 v _090_/X (sky130_fd_sc_hd__and2_2)
                                         _041_ (net)
                  0.04    0.00    0.48 v _092_/A (sky130_fd_sc_hd__or2_2)
     2    0.01    0.08    0.32    0.79 v _092_/X (sky130_fd_sc_hd__or2_2)
                                         _043_ (net)
                  0.08    0.00    0.79 v _096_/A (sky130_fd_sc_hd__or2_2)
     4    0.01    0.09    0.35    1.14 v _096_/X (sky130_fd_sc_hd__or2_2)
                                         _047_ (net)
                  0.09    0.00    1.14 v _118_/A1 (sky130_fd_sc_hd__o41ai_2)
     4    0.01    0.47    0.52    1.67 ^ _118_/Y (sky130_fd_sc_hd__o41ai_2)
                                         _069_ (net)
                  0.47    0.00    1.67 ^ _160_/B1 (sky130_fd_sc_hd__o21a_2)
     1    0.00    0.05    0.22    1.89 ^ _160_/X (sky130_fd_sc_hd__o21a_2)
                                         _018_ (net)
                  0.05    0.00    1.89 ^ _161_/B1 (sky130_fd_sc_hd__a21oi_2)
     1    0.01    0.05    0.04    1.93 v _161_/Y (sky130_fd_sc_hd__a21oi_2)
                                         _019_ (net)
                  0.05    0.00    1.93 v _162_/B (sky130_fd_sc_hd__xnor2_2)
     1    0.00    0.04    0.12    2.05 v _162_/Y (sky130_fd_sc_hd__xnor2_2)
                                         x71.Si (net)
                  0.04    0.00    2.05 v _200_/D (sky130_fd_sc_hd__dfxtp_2)
                                  2.05   data arrival time

                  0.00    4.75    4.75   clock core_clock (rise edge)
                          0.00    4.75   clock network delay (ideal)
                          0.00    4.75   clock reconvergence pessimism
                                  4.75 ^ _200_/CLK (sky130_fd_sc_hd__dfxtp_2)
                         -0.12    4.63   library setup time
                                  4.63   data required time
-----------------------------------------------------------------------------
                                  4.63   data required time
                                 -2.05   data arrival time
-----------------------------------------------------------------------------
                                  2.58   slack (MET)


Startpoint: _212_ (rising edge-triggered flip-flop clocked by core_clock)
Endpoint: _199_ (rising edge-triggered flip-flop clocked by core_clock)
Path Group: core_clock
Path Type: max

Fanout     Cap    Slew   Delay    Time   Description
-----------------------------------------------------------------------------
                  0.00    0.00    0.00   clock core_clock (rise edge)
                          0.00    0.00   clock network delay (ideal)
                  0.00    0.00    0.00 ^ _212_/CLK (sky130_fd_sc_hd__dfxtp_2)
     3    0.01    0.03    0.30    0.30 v _212_/Q (sky130_fd_sc_hd__dfxtp_2)
                                         x4.A (net)
                  0.03    0.00    0.30 v _090_/B (sky130_fd_sc_hd__and2_2)
     2    0.00    0.04    0.18    0.48 v _090_/X (sky130_fd_sc_hd__and2_2)
                                         _041_ (net)
                  0.04    0.00    0.48 v _092_/A (sky130_fd_sc_hd__or2_2)
     2    0.01    0.08    0.32    0.79 v _092_/X (sky130_fd_sc_hd__or2_2)
                                         _043_ (net)
                  0.08    0.00    0.79 v _096_/A (sky130_fd_sc_hd__or2_2)
     4    0.01    0.09    0.35    1.14 v _096_/X (sky130_fd_sc_hd__or2_2)
                                         _047_ (net)
                  0.09    0.00    1.14 v _118_/A1 (sky130_fd_sc_hd__o41ai_2)
     4    0.01    0.47    0.52    1.67 ^ _118_/Y (sky130_fd_sc_hd__o41ai_2)
                                         _069_ (net)
                  0.47    0.00    1.67 ^ _163_/A (sky130_fd_sc_hd__xor2_2)
     1    0.00    0.08    0.11    1.78 v _163_/X (sky130_fd_sc_hd__xor2_2)
                                         x72.Si (net)
                  0.08    0.00    1.78 v _199_/D (sky130_fd_sc_hd__dfxtp_2)
                                  1.78   data arrival time

                  0.00    4.75    4.75   clock core_clock (rise edge)
                          0.00    4.75   clock network delay (ideal)
                          0.00    4.75   clock reconvergence pessimism
                                  4.75 ^ _199_/CLK (sky130_fd_sc_hd__dfxtp_2)
                         -0.14    4.61   library setup time
                                  4.61   data required time
-----------------------------------------------------------------------------
                                  4.61   data required time
                                 -1.78   data arrival time
-----------------------------------------------------------------------------
                                  2.83   slack (MET)


Startpoint: _224_ (rising edge-triggered flip-flop clocked by core_clock)
Endpoint: _196_ (rising edge-triggered flip-flop clocked by core_clock)
Path Group: core_clock
Path Type: max

Fanout     Cap    Slew   Delay    Time   Description
-----------------------------------------------------------------------------
                  0.00    0.00    0.00   clock core_clock (rise edge)
                          0.00    0.00   clock network delay (ideal)
                  0.00    0.00    0.00 ^ _224_/CLK (sky130_fd_sc_hd__dfxtp_2)
     3    0.01    0.03    0.30    0.30 v _224_/Q (sky130_fd_sc_hd__dfxtp_2)
                                         x8.B (net)
                  0.03    0.00    0.30 v _099_/A (sky130_fd_sc_hd__or2_2)
     3    0.01    0.07    0.31    0.61 v _099_/X (sky130_fd_sc_hd__or2_2)
                                         _050_ (net)
                  0.07    0.00    0.61 v _100_/D (sky130_fd_sc_hd__and4_2)
     2    0.01    0.05    0.26    0.87 v _100_/X (sky130_fd_sc_hd__and4_2)
                                         _051_ (net)
                  0.05    0.00    0.87 v _108_/A1 (sky130_fd_sc_hd__o31ai_2)
     5    0.02    0.54    0.50    1.37 ^ _108_/Y (sky130_fd_sc_hd__o31ai_2)
                                         _059_ (net)
                  0.54    0.00    1.37 ^ _171_/A2 (sky130_fd_sc_hd__o21bai_2)
     1    0.01    0.10    0.12    1.49 v _171_/Y (sky130_fd_sc_hd__o21bai_2)
                                         _025_ (net)
                  0.10    0.00    1.49 v _172_/B (sky130_fd_sc_hd__xnor2_2)
     1    0.00    0.04    0.14    1.63 v _172_/Y (sky130_fd_sc_hd__xnor2_2)
                                         x75.Si (net)
                  0.04    0.00    1.63 v _196_/D (sky130_fd_sc_hd__dfxtp_2)
                                  1.63   data arrival time

                  0.00    4.75    4.75   clock core_clock (rise edge)
                          0.00    4.75   clock network delay (ideal)
                          0.00    4.75   clock reconvergence pessimism
                                  4.75 ^ _196_/CLK (sky130_fd_sc_hd__dfxtp_2)
                         -0.12    4.63   library setup time
                                  4.63   data required time
-----------------------------------------------------------------------------
                                  4.63   data required time
                                 -1.63   data arrival time
-----------------------------------------------------------------------------
                                  3.00   slack (MET)


Startpoint: _224_ (rising edge-triggered flip-flop clocked by core_clock)
Endpoint: _197_ (rising edge-triggered flip-flop clocked by core_clock)
Path Group: core_clock
Path Type: max

Fanout     Cap    Slew   Delay    Time   Description
-----------------------------------------------------------------------------
                  0.00    0.00    0.00   clock core_clock (rise edge)
                          0.00    0.00   clock network delay (ideal)
                  0.00    0.00    0.00 ^ _224_/CLK (sky130_fd_sc_hd__dfxtp_2)
     3    0.01    0.03    0.30    0.30 v _224_/Q (sky130_fd_sc_hd__dfxtp_2)
                                         x8.B (net)
                  0.03    0.00    0.30 v _099_/A (sky130_fd_sc_hd__or2_2)
     3    0.01    0.07    0.31    0.61 v _099_/X (sky130_fd_sc_hd__or2_2)
                                         _050_ (net)
                  0.07    0.00    0.61 v _100_/D (sky130_fd_sc_hd__and4_2)
     2    0.01    0.05    0.26    0.87 v _100_/X (sky130_fd_sc_hd__and4_2)
                                         _051_ (net)
                  0.05    0.00    0.87 v _108_/A1 (sky130_fd_sc_hd__o31ai_2)
     5    0.02    0.54    0.50    1.37 ^ _108_/Y (sky130_fd_sc_hd__o31ai_2)
                                         _059_ (net)
                  0.54    0.00    1.37 ^ _169_/A2 (sky130_fd_sc_hd__o22ai_2)
     1    0.00    0.09    0.12    1.49 v _169_/Y (sky130_fd_sc_hd__o22ai_2)
                                         _024_ (net)
                  0.09    0.00    1.49 v _170_/B1 (sky130_fd_sc_hd__o31a_2)
     1    0.00    0.05    0.12    1.61 v _170_/X (sky130_fd_sc_hd__o31a_2)
                                         x74.Si (net)
                  0.05    0.00    1.61 v _197_/D (sky130_fd_sc_hd__dfxtp_2)
                                  1.61   data arrival time

                  0.00    4.75    4.75   clock core_clock (rise edge)
                          0.00    4.75   clock network delay (ideal)
                          0.00    4.75   clock reconvergence pessimism
                                  4.75 ^ _197_/CLK (sky130_fd_sc_hd__dfxtp_2)
                         -0.12    4.63   library setup time
                                  4.63   data required time
-----------------------------------------------------------------------------
                                  4.63   data required time
                                 -1.61   data arrival time
-----------------------------------------------------------------------------
                                  3.02   slack (MET)


Startpoint: _224_ (rising edge-triggered flip-flop clocked by core_clock)
Endpoint: _195_ (rising edge-triggered flip-flop clocked by core_clock)
Path Group: core_clock
Path Type: max

Fanout     Cap    Slew   Delay    Time   Description
-----------------------------------------------------------------------------
                  0.00    0.00    0.00   clock core_clock (rise edge)
                          0.00    0.00   clock network delay (ideal)
                  0.00    0.00    0.00 ^ _224_/CLK (sky130_fd_sc_hd__dfxtp_2)
     3    0.01    0.03    0.30    0.30 v _224_/Q (sky130_fd_sc_hd__dfxtp_2)
                                         x8.B (net)
                  0.03    0.00    0.30 v _099_/A (sky130_fd_sc_hd__or2_2)
     3    0.01    0.07    0.31    0.61 v _099_/X (sky130_fd_sc_hd__or2_2)
                                         _050_ (net)
                  0.07    0.00    0.61 v _100_/D (sky130_fd_sc_hd__and4_2)
     2    0.01    0.05    0.26    0.87 v _100_/X (sky130_fd_sc_hd__and4_2)
                                         _051_ (net)
                  0.05    0.00    0.87 v _108_/A1 (sky130_fd_sc_hd__o31ai_2)
     5    0.02    0.54    0.50    1.37 ^ _108_/Y (sky130_fd_sc_hd__o31ai_2)
                                         _059_ (net)
                  0.54    0.00    1.37 ^ _173_/B (sky130_fd_sc_hd__xor2_2)
     1    0.00    0.09    0.10    1.47 v _173_/X (sky130_fd_sc_hd__xor2_2)
                                         x76.Si (net)
                  0.09    0.00    1.47 v _195_/D (sky130_fd_sc_hd__dfxtp_2)
                                  1.47   data arrival time

                  0.00    4.75    4.75   clock core_clock (rise edge)
                          0.00    4.75   clock network delay (ideal)
                          0.00    4.75   clock reconvergence pessimism
                                  4.75 ^ _195_/CLK (sky130_fd_sc_hd__dfxtp_2)
                         -0.15    4.60   library setup time
                                  4.60   data required time
-----------------------------------------------------------------------------
                                  4.60   data required time
                                 -1.47   data arrival time
-----------------------------------------------------------------------------
                                  3.13   slack (MET)


Startpoint: _212_ (rising edge-triggered flip-flop clocked by core_clock)
Endpoint: _198_ (rising edge-triggered flip-flop clocked by core_clock)
Path Group: core_clock
Path Type: max

Fanout     Cap    Slew   Delay    Time   Description
-----------------------------------------------------------------------------
                  0.00    0.00    0.00   clock core_clock (rise edge)
                          0.00    0.00   clock network delay (ideal)
                  0.00    0.00    0.00 ^ _212_/CLK (sky130_fd_sc_hd__dfxtp_2)
     3    0.01    0.03    0.30    0.30 v _212_/Q (sky130_fd_sc_hd__dfxtp_2)
                                         x4.A (net)
                  0.03    0.00    0.30 v _090_/B (sky130_fd_sc_hd__and2_2)
     2    0.00    0.04    0.18    0.48 v _090_/X (sky130_fd_sc_hd__and2_2)
                                         _041_ (net)
                  0.04    0.00    0.48 v _092_/A (sky130_fd_sc_hd__or2_2)
     2    0.01    0.08    0.32    0.79 v _092_/X (sky130_fd_sc_hd__or2_2)
                                         _043_ (net)
                  0.08    0.00    0.79 v _096_/A (sky130_fd_sc_hd__or2_2)
     4    0.01    0.09    0.35    1.14 v _096_/X (sky130_fd_sc_hd__or2_2)
                                         _047_ (net)
                  0.09    0.00    1.14 v _164_/A (sky130_fd_sc_hd__nor2_2)
     1    0.00    0.06    0.11    1.25 ^ _164_/Y (sky130_fd_sc_hd__nor2_2)
                                         _020_ (net)
                  0.06    0.00    1.25 ^ _165_/B1 (sky130_fd_sc_hd__a22o_2)
     1    0.01    0.06    0.15    1.40 ^ _165_/X (sky130_fd_sc_hd__a22o_2)
                                         _021_ (net)
                  0.06    0.00    1.40 ^ _167_/A (sky130_fd_sc_hd__xnor2_2)
     1    0.00    0.04    0.06    1.46 v _167_/Y (sky130_fd_sc_hd__xnor2_2)
                                         x73.Si (net)
                  0.04    0.00    1.46 v _198_/D (sky130_fd_sc_hd__dfxtp_2)
                                  1.46   data arrival time

                  0.00    4.75    4.75   clock core_clock (rise edge)
                          0.00    4.75   clock network delay (ideal)
                          0.00    4.75   clock reconvergence pessimism
                                  4.75 ^ _198_/CLK (sky130_fd_sc_hd__dfxtp_2)
                         -0.12    4.63   library setup time
                                  4.63   data required time
-----------------------------------------------------------------------------
                                  4.63   data required time
                                 -1.46   data arrival time
-----------------------------------------------------------------------------
                                  3.17   slack (MET)


Startpoint: _224_ (rising edge-triggered flip-flop clocked by core_clock)
Endpoint: _194_ (rising edge-triggered flip-flop clocked by core_clock)
Path Group: core_clock
Path Type: max

Fanout     Cap    Slew   Delay    Time   Description
-----------------------------------------------------------------------------
                  0.00    0.00    0.00   clock core_clock (rise edge)
                          0.00    0.00   clock network delay (ideal)
                  0.00    0.00    0.00 ^ _224_/CLK (sky130_fd_sc_hd__dfxtp_2)
     3    0.01    0.03    0.30    0.30 v _224_/Q (sky130_fd_sc_hd__dfxtp_2)
                                         x8.B (net)
                  0.03    0.00    0.30 v _099_/A (sky130_fd_sc_hd__or2_2)
     3    0.01    0.07    0.31    0.61 v _099_/X (sky130_fd_sc_hd__or2_2)
                                         _050_ (net)
                  0.07    0.00    0.61 v _100_/D (sky130_fd_sc_hd__and4_2)
     2    0.01    0.05    0.26    0.87 v _100_/X (sky130_fd_sc_hd__and4_2)
                                         _051_ (net)
                  0.05    0.00    0.87 v _177_/A (sky130_fd_sc_hd__nor2_2)
     2    0.01    0.17    0.17    1.04 ^ _177_/Y (sky130_fd_sc_hd__nor2_2)
                                         _029_ (net)
                  0.17    0.00    1.04 ^ _178_/A2 (sky130_fd_sc_hd__o21bai_2)
     1    0.01    0.07    0.09    1.13 v _178_/Y (sky130_fd_sc_hd__o21bai_2)
                                         _030_ (net)
                  0.07    0.00    1.13 v _179_/B (sky130_fd_sc_hd__xnor2_2)
     1    0.00    0.04    0.12    1.26 v _179_/Y (sky130_fd_sc_hd__xnor2_2)
                                         x77.Si (net)
                  0.04    0.00    1.26 v _194_/D (sky130_fd_sc_hd__dfxtp_2)
                                  1.26   data arrival time

                  0.00    4.75    4.75   clock core_clock (rise edge)
                          0.00    4.75   clock network delay (ideal)
                          0.00    4.75   clock reconvergence pessimism
                                  4.75 ^ _194_/CLK (sky130_fd_sc_hd__dfxtp_2)
                         -0.12    4.63   library setup time
                                  4.63   data required time
-----------------------------------------------------------------------------
                                  4.63   data required time
                                 -1.26   data arrival time
-----------------------------------------------------------------------------
                                  3.37   slack (MET)


Startpoint: _224_ (rising edge-triggered flip-flop clocked by core_clock)
Endpoint: _193_ (rising edge-triggered flip-flop clocked by core_clock)
Path Group: core_clock
Path Type: max

Fanout     Cap    Slew   Delay    Time   Description
-----------------------------------------------------------------------------
                  0.00    0.00    0.00   clock core_clock (rise edge)
                          0.00    0.00   clock network delay (ideal)
                  0.00    0.00    0.00 ^ _224_/CLK (sky130_fd_sc_hd__dfxtp_2)
     3    0.01    0.03    0.30    0.30 v _224_/Q (sky130_fd_sc_hd__dfxtp_2)
                                         x8.B (net)
                  0.03    0.00    0.30 v _099_/A (sky130_fd_sc_hd__or2_2)
     3    0.01    0.07    0.31    0.61 v _099_/X (sky130_fd_sc_hd__or2_2)
                                         _050_ (net)
                  0.07    0.00    0.61 v _100_/D (sky130_fd_sc_hd__and4_2)
     2    0.01    0.05    0.26    0.87 v _100_/X (sky130_fd_sc_hd__and4_2)
                                         _051_ (net)
                  0.05    0.00    0.87 v _177_/A (sky130_fd_sc_hd__nor2_2)
     2    0.01    0.17    0.17    1.04 ^ _177_/Y (sky130_fd_sc_hd__nor2_2)
                                         _029_ (net)
                  0.17    0.00    1.04 ^ _181_/B (sky130_fd_sc_hd__xnor2_2)
     1    0.00    0.09    0.12    1.16 ^ _181_/Y (sky130_fd_sc_hd__xnor2_2)
                                         x78.Si (net)
                  0.09    0.00    1.16 ^ _193_/D (sky130_fd_sc_hd__dfxtp_2)
                                  1.16   data arrival time

                  0.00    4.75    4.75   clock core_clock (rise edge)
                          0.00    4.75   clock network delay (ideal)
                          0.00    4.75   clock reconvergence pessimism
                                  4.75 ^ _193_/CLK (sky130_fd_sc_hd__dfxtp_2)
                         -0.08    4.67   library setup time
                                  4.67   data required time
-----------------------------------------------------------------------------
                                  4.67   data required time
                                 -1.16   data arrival time
-----------------------------------------------------------------------------
                                  3.52   slack (MET)


Startpoint: _224_ (rising edge-triggered flip-flop clocked by core_clock)
Endpoint: _191_ (rising edge-triggered flip-flop clocked by core_clock)
Path Group: core_clock
Path Type: max

Fanout     Cap    Slew   Delay    Time   Description
-----------------------------------------------------------------------------
                  0.00    0.00    0.00   clock core_clock (rise edge)
                          0.00    0.00   clock network delay (ideal)
                  0.00    0.00    0.00 ^ _224_/CLK (sky130_fd_sc_hd__dfxtp_2)
     3    0.01    0.03    0.30    0.30 v _224_/Q (sky130_fd_sc_hd__dfxtp_2)
                                         x8.B (net)
                  0.03    0.00    0.30 v _099_/A (sky130_fd_sc_hd__or2_2)
     3    0.01    0.07    0.31    0.61 v _099_/X (sky130_fd_sc_hd__or2_2)
                                         _050_ (net)
                  0.07    0.00    0.61 v _185_/A2 (sky130_fd_sc_hd__a21o_2)
     1    0.00    0.03    0.21    0.81 v _185_/X (sky130_fd_sc_hd__a21o_2)
                                         _034_ (net)
                  0.03    0.00    0.81 v _186_/B (sky130_fd_sc_hd__and2_2)
     1    0.00    0.03    0.17    0.99 v _186_/X (sky130_fd_sc_hd__and2_2)
                                         _035_ (net)
                  0.03    0.00    0.99 v _187_/A (sky130_fd_sc_hd__buf_1)
     1    0.00    0.02    0.08    1.06 v _187_/X (sky130_fd_sc_hd__buf_1)
                                         x80.Si (net)
                  0.02    0.00    1.06 v _191_/D (sky130_fd_sc_hd__dfxtp_2)
                                  1.06   data arrival time

                  0.00    4.75    4.75   clock core_clock (rise edge)
                          0.00    4.75   clock network delay (ideal)
                          0.00    4.75   clock reconvergence pessimism
                                  4.75 ^ _191_/CLK (sky130_fd_sc_hd__dfxtp_2)
                         -0.11    4.64   library setup time
                                  4.64   data required time
-----------------------------------------------------------------------------
                                  4.64   data required time
                                 -1.06   data arrival time
-----------------------------------------------------------------------------
                                  3.57   slack (MET)


Startpoint: _224_ (rising edge-triggered flip-flop clocked by core_clock)
Endpoint: _192_ (rising edge-triggered flip-flop clocked by core_clock)
Path Group: core_clock
Path Type: max

Fanout     Cap    Slew   Delay    Time   Description
-----------------------------------------------------------------------------
                  0.00    0.00    0.00   clock core_clock (rise edge)
                          0.00    0.00   clock network delay (ideal)
                  0.00    0.00    0.00 ^ _224_/CLK (sky130_fd_sc_hd__dfxtp_2)
     3    0.01    0.03    0.30    0.30 v _224_/Q (sky130_fd_sc_hd__dfxtp_2)
                                         x8.B (net)
                  0.03    0.00    0.30 v _099_/A (sky130_fd_sc_hd__or2_2)
     3    0.01    0.07    0.31    0.61 v _099_/X (sky130_fd_sc_hd__or2_2)
                                         _050_ (net)
                  0.07    0.00    0.61 v _182_/C (sky130_fd_sc_hd__nand3_2)
     2    0.01    0.06    0.09    0.69 ^ _182_/Y (sky130_fd_sc_hd__nand3_2)
                                         _032_ (net)
                  0.06    0.00    0.69 ^ _183_/B (sky130_fd_sc_hd__nand2_2)
     1    0.01    0.05    0.06    0.76 v _183_/Y (sky130_fd_sc_hd__nand2_2)
                                         _033_ (net)
                  0.05    0.00    0.76 v _184_/B (sky130_fd_sc_hd__xor2_2)
     1    0.00    0.05    0.13    0.89 v _184_/X (sky130_fd_sc_hd__xor2_2)
                                         x79.Si (net)
                  0.05    0.00    0.89 v _192_/D (sky130_fd_sc_hd__dfxtp_2)
                                  0.89   data arrival time

                  0.00    4.75    4.75   clock core_clock (rise edge)
                          0.00    4.75   clock network delay (ideal)
                          0.00    4.75   clock reconvergence pessimism
                                  4.75 ^ _192_/CLK (sky130_fd_sc_hd__dfxtp_2)
                         -0.12    4.63   library setup time
                                  4.63   data required time
-----------------------------------------------------------------------------
                                  4.63   data required time
                                 -0.89   data arrival time
-----------------------------------------------------------------------------
                                  3.74   slack (MET)



worst slack corner Typical: 2.1635
