OpenSTA 2.5.0 GITDIR-NOT Copyright (c) 2024, Parallax Software, Inc.
License GPLv3: GNU GPL version 3 <http://gnu.org/licenses/gpl.html>

This is free software, and you are free to change and redistribute it
under certain conditions; type `show_copying' for details. 
This program comes with ABSOLUTELY NO WARRANTY; for details type `show_warranty'.
define_corners Typical
read_liberty -corner Typical /volare/sky130A/libs.ref/sky130_fd_sc_hd/lib/sky130_fd_sc_hd__tt_025C_1v80.lib
Using 1e-12 for capacitance...
Using 1e+03 for resistance...
Using 1e-09 for time...
Using 1e+00 for voltage...
Using 1e-03 for current...
Using 1e-09 for power...
Using 1e-06 for distance...
Reading netlist '/openlane/designs/fa16/runs/auto_pnr/results/synthesis/fa16.v'…
Reading design constraints file at '/openlane/designs/fa16/src/fa16.sdc'…
min_report

===========================================================================
report_checks -path_delay min (Hold)
============================================================================
======================= Typical Corner ===================================

Startpoint: _198_ (rising edge-triggered flip-flop clocked by core_clock)
Endpoint: _166_ (rising edge-triggered flip-flop clocked by core_clock)
Path Group: core_clock
Path Type: min

Fanout     Cap    Slew   Delay    Time   Description
-----------------------------------------------------------------------------
                  0.00    0.00    0.00   clock core_clock (rise edge)
                          0.00    0.00   clock network delay (ideal)
                  0.00    0.00    0.00 ^ _198_/CLK (sky130_fd_sc_hd__dfxtp_2)
     2    0.01    0.06    0.31    0.31 ^ _198_/Q (sky130_fd_sc_hd__dfxtp_2)
                                         x1_15.B (net)
                  0.06    0.00    0.31 ^ _110_/A (sky130_fd_sc_hd__nand2_2)
     2    0.01    0.04    0.05    0.36 v _110_/Y (sky130_fd_sc_hd__nand2_2)
                                         _065_ (net)
                  0.04    0.00    0.36 v _111_/B1 (sky130_fd_sc_hd__o21ai_2)
     1    0.00    0.03    0.04    0.40 ^ _111_/Y (sky130_fd_sc_hd__o21ai_2)
                                         x1_15.Cout (net)
                  0.03    0.00    0.40 ^ _166_/D (sky130_fd_sc_hd__dfxtp_2)
                                  0.40   data arrival time

                  0.00    0.00    0.00   clock core_clock (rise edge)
                          0.00    0.00   clock network delay (ideal)
                          0.00    0.00   clock reconvergence pessimism
                                  0.00 ^ _166_/CLK (sky130_fd_sc_hd__dfxtp_2)
                         -0.03   -0.03   library hold time
                                 -0.03   data required time
-----------------------------------------------------------------------------
                                 -0.03   data required time
                                 -0.40   data arrival time
-----------------------------------------------------------------------------
                                  0.44   slack (MET)


Startpoint: _175_ (rising edge-triggered flip-flop clocked by core_clock)
Endpoint: _208_ (rising edge-triggered flip-flop clocked by core_clock)
Path Group: core_clock
Path Type: min

Fanout     Cap    Slew   Delay    Time   Description
-----------------------------------------------------------------------------
                  0.00    0.00    0.00   clock core_clock (rise edge)
                          0.00    0.00   clock network delay (ideal)
                  0.00    0.00    0.00 ^ _175_/CLK (sky130_fd_sc_hd__dfxtp_2)
     2    0.01    0.06    0.31    0.31 ^ _175_/Q (sky130_fd_sc_hd__dfxtp_2)
                                         x1_8.A (net)
                  0.06    0.00    0.31 ^ _078_/B (sky130_fd_sc_hd__nor2_2)
     3    0.01    0.03    0.05    0.36 v _078_/Y (sky130_fd_sc_hd__nor2_2)
                                         _033_ (net)
                  0.03    0.00    0.36 v _134_/A1 (sky130_fd_sc_hd__a21oi_2)
     1    0.00    0.06    0.09    0.45 ^ _134_/Y (sky130_fd_sc_hd__a21oi_2)
                                         x1_8.S (net)
                  0.06    0.00    0.45 ^ _208_/D (sky130_fd_sc_hd__dfxtp_2)
                                  0.45   data arrival time

                  0.00    0.00    0.00   clock core_clock (rise edge)
                          0.00    0.00   clock network delay (ideal)
                          0.00    0.00   clock reconvergence pessimism
                                  0.00 ^ _208_/CLK (sky130_fd_sc_hd__dfxtp_2)
                         -0.04   -0.04   library hold time
                                 -0.04   data required time
-----------------------------------------------------------------------------
                                 -0.04   data required time
                                 -0.45   data arrival time
-----------------------------------------------------------------------------
                                  0.49   slack (MET)


Startpoint: _183_ (rising edge-triggered flip-flop clocked by core_clock)
Endpoint: _200_ (rising edge-triggered flip-flop clocked by core_clock)
Path Group: core_clock
Path Type: min

Fanout     Cap    Slew   Delay    Time   Description
-----------------------------------------------------------------------------
                  0.00    0.00    0.00   clock core_clock (rise edge)
                          0.00    0.00   clock network delay (ideal)
                  0.00    0.00    0.00 ^ _183_/CLK (sky130_fd_sc_hd__dfxtp_2)
     3    0.01    0.03    0.30    0.30 v _183_/Q (sky130_fd_sc_hd__dfxtp_2)
                                         x1_0.B (net)
                  0.03    0.00    0.30 v _087_/B1 (sky130_fd_sc_hd__o21ai_2)
     3    0.01    0.06    0.06    0.36 ^ _087_/Y (sky130_fd_sc_hd__o21ai_2)
                                         _042_ (net)
                  0.06    0.00    0.36 ^ _158_/A2 (sky130_fd_sc_hd__a31o_2)
     1    0.00    0.03    0.14    0.49 ^ _158_/X (sky130_fd_sc_hd__a31o_2)
                                         x1_0.S (net)
                  0.03    0.00    0.49 ^ _200_/D (sky130_fd_sc_hd__dfxtp_2)
                                  0.49   data arrival time

                  0.00    0.00    0.00   clock core_clock (rise edge)
                          0.00    0.00   clock network delay (ideal)
                          0.00    0.00   clock reconvergence pessimism
                                  0.00 ^ _200_/CLK (sky130_fd_sc_hd__dfxtp_2)
                         -0.03   -0.03   library hold time
                                 -0.03   data required time
-----------------------------------------------------------------------------
                                 -0.03   data required time
                                 -0.49   data arrival time
-----------------------------------------------------------------------------
                                  0.52   slack (MET)


Startpoint: _178_ (rising edge-triggered flip-flop clocked by core_clock)
Endpoint: _161_ (rising edge-triggered flip-flop clocked by core_clock)
Path Group: core_clock
Path Type: min

Fanout     Cap    Slew   Delay    Time   Description
-----------------------------------------------------------------------------
                  0.00    0.00    0.00   clock core_clock (rise edge)
                          0.00    0.00   clock network delay (ideal)
                  0.00    0.00    0.00 ^ _178_/CLK (sky130_fd_sc_hd__dfxtp_2)
     2    0.01    0.06    0.31    0.31 ^ _178_/Q (sky130_fd_sc_hd__dfxtp_2)
                                         x1_11.A (net)
                  0.06    0.00    0.31 ^ _075_/B (sky130_fd_sc_hd__nor2_2)
     4    0.01    0.04    0.05    0.37 v _075_/Y (sky130_fd_sc_hd__nor2_2)
                                         _030_ (net)
                  0.04    0.00    0.37 v _125_/A1 (sky130_fd_sc_hd__a22oi_2)
     1    0.00    0.09    0.13    0.49 ^ _125_/Y (sky130_fd_sc_hd__a22oi_2)
                                         x1_11.S (net)
                  0.09    0.00    0.49 ^ _161_/D (sky130_fd_sc_hd__dfxtp_2)
                                  0.49   data arrival time

                  0.00    0.00    0.00   clock core_clock (rise edge)
                          0.00    0.00   clock network delay (ideal)
                          0.00    0.00   clock reconvergence pessimism
                                  0.00 ^ _161_/CLK (sky130_fd_sc_hd__dfxtp_2)
                         -0.05   -0.05   library hold time
                                 -0.05   data required time
-----------------------------------------------------------------------------
                                 -0.05   data required time
                                 -0.49   data arrival time
-----------------------------------------------------------------------------
                                  0.54   slack (MET)


Startpoint: _174_ (rising edge-triggered flip-flop clocked by core_clock)
Endpoint: _207_ (rising edge-triggered flip-flop clocked by core_clock)
Path Group: core_clock
Path Type: min

Fanout     Cap    Slew   Delay    Time   Description
-----------------------------------------------------------------------------
                  0.00    0.00    0.00   clock core_clock (rise edge)
                          0.00    0.00   clock network delay (ideal)
                  0.00    0.00    0.00 ^ _174_/CLK (sky130_fd_sc_hd__dfxtp_2)
     2    0.01    0.06    0.31    0.31 ^ _174_/Q (sky130_fd_sc_hd__dfxtp_2)
                                         x1_7.A (net)
                  0.06    0.00    0.31 ^ _079_/B (sky130_fd_sc_hd__nor2_2)
     3    0.01    0.03    0.04    0.36 v _079_/Y (sky130_fd_sc_hd__nor2_2)
                                         _034_ (net)
                  0.03    0.00    0.36 v _136_/A (sky130_fd_sc_hd__nand2_2)
     1    0.00    0.02    0.04    0.39 ^ _136_/Y (sky130_fd_sc_hd__nand2_2)
                                         _011_ (net)
                  0.02    0.00    0.39 ^ _137_/B2 (sky130_fd_sc_hd__a2bb2o_2)
     1    0.00    0.03    0.12    0.52 ^ _137_/X (sky130_fd_sc_hd__a2bb2o_2)
                                         x1_7.S (net)
                  0.03    0.00    0.52 ^ _207_/D (sky130_fd_sc_hd__dfxtp_2)
                                  0.52   data arrival time

                  0.00    0.00    0.00   clock core_clock (rise edge)
                          0.00    0.00   clock network delay (ideal)
                          0.00    0.00   clock reconvergence pessimism
                                  0.00 ^ _207_/CLK (sky130_fd_sc_hd__dfxtp_2)
                         -0.03   -0.03   library hold time
                                 -0.03   data required time
-----------------------------------------------------------------------------
                                 -0.03   data required time
                                 -0.52   data arrival time
-----------------------------------------------------------------------------
                                  0.55   slack (MET)


Startpoint: _168_ (rising edge-triggered flip-flop clocked by core_clock)
Endpoint: _201_ (rising edge-triggered flip-flop clocked by core_clock)
Path Group: core_clock
Path Type: min

Fanout     Cap    Slew   Delay    Time   Description
-----------------------------------------------------------------------------
                  0.00    0.00    0.00   clock core_clock (rise edge)
                          0.00    0.00   clock network delay (ideal)
                  0.00    0.00    0.00 ^ _168_/CLK (sky130_fd_sc_hd__dfxtp_2)
     3    0.01    0.07    0.32    0.32 ^ _168_/Q (sky130_fd_sc_hd__dfxtp_2)
                                         x1_1.A (net)
                  0.07    0.00    0.32 ^ _088_/B (sky130_fd_sc_hd__nor2_2)
     2    0.01    0.03    0.04    0.36 v _088_/Y (sky130_fd_sc_hd__nor2_2)
                                         _043_ (net)
                  0.03    0.00    0.36 v _154_/B (sky130_fd_sc_hd__nor2_2)
     1    0.01    0.12    0.11    0.47 ^ _154_/Y (sky130_fd_sc_hd__nor2_2)
                                         _023_ (net)
                  0.12    0.00    0.47 ^ _155_/B (sky130_fd_sc_hd__xnor2_2)
     1    0.00    0.03    0.06    0.53 v _155_/Y (sky130_fd_sc_hd__xnor2_2)
                                         x1_1.S (net)
                  0.03    0.00    0.53 v _201_/D (sky130_fd_sc_hd__dfxtp_2)
                                  0.53   data arrival time

                  0.00    0.00    0.00   clock core_clock (rise edge)
                          0.00    0.00   clock network delay (ideal)
                          0.00    0.00   clock reconvergence pessimism
                                  0.00 ^ _201_/CLK (sky130_fd_sc_hd__dfxtp_2)
                         -0.05   -0.05   library hold time
                                 -0.05   data required time
-----------------------------------------------------------------------------
                                 -0.05   data required time
                                 -0.53   data arrival time
-----------------------------------------------------------------------------
                                  0.58   slack (MET)


Startpoint: _192_ (rising edge-triggered flip-flop clocked by core_clock)
Endpoint: _159_ (rising edge-triggered flip-flop clocked by core_clock)
Path Group: core_clock
Path Type: min

Fanout     Cap    Slew   Delay    Time   Description
-----------------------------------------------------------------------------
                  0.00    0.00    0.00   clock core_clock (rise edge)
                          0.00    0.00   clock network delay (ideal)
                  0.00    0.00    0.00 ^ _192_/CLK (sky130_fd_sc_hd__dfxtp_2)
     2    0.01    0.04    0.30    0.30 v _192_/Q (sky130_fd_sc_hd__dfxtp_2)
                                         x1_9.B (net)
                  0.04    0.00    0.30 v _100_/A (sky130_fd_sc_hd__nand2_2)
     2    0.00    0.03    0.05    0.35 ^ _100_/Y (sky130_fd_sc_hd__nand2_2)
                                         _055_ (net)
                  0.03    0.00    0.35 ^ _131_/B (sky130_fd_sc_hd__and2b_2)
     1    0.01    0.06    0.15    0.50 ^ _131_/X (sky130_fd_sc_hd__and2b_2)
                                         _008_ (net)
                  0.06    0.00    0.50 ^ _132_/B (sky130_fd_sc_hd__xnor2_2)
     1    0.00    0.02    0.05    0.55 v _132_/Y (sky130_fd_sc_hd__xnor2_2)
                                         x1_9.S (net)
                  0.02    0.00    0.55 v _159_/D (sky130_fd_sc_hd__dfxtp_2)
                                  0.55   data arrival time

                  0.00    0.00    0.00   clock core_clock (rise edge)
                          0.00    0.00   clock network delay (ideal)
                          0.00    0.00   clock reconvergence pessimism
                                  0.00 ^ _159_/CLK (sky130_fd_sc_hd__dfxtp_2)
                         -0.05   -0.05   library hold time
                                 -0.05   data required time
-----------------------------------------------------------------------------
                                 -0.05   data required time
                                 -0.55   data arrival time
-----------------------------------------------------------------------------
                                  0.60   slack (MET)


Startpoint: _196_ (rising edge-triggered flip-flop clocked by core_clock)
Endpoint: _163_ (rising edge-triggered flip-flop clocked by core_clock)
Path Group: core_clock
Path Type: min

Fanout     Cap    Slew   Delay    Time   Description
-----------------------------------------------------------------------------
                  0.00    0.00    0.00   clock core_clock (rise edge)
                          0.00    0.00   clock network delay (ideal)
                  0.00    0.00    0.00 ^ _196_/CLK (sky130_fd_sc_hd__dfxtp_2)
     2    0.01    0.04    0.30    0.30 v _196_/Q (sky130_fd_sc_hd__dfxtp_2)
                                         x1_13.B (net)
                  0.04    0.00    0.30 v _106_/A (sky130_fd_sc_hd__nand2_2)
     2    0.00    0.03    0.05    0.35 ^ _106_/Y (sky130_fd_sc_hd__nand2_2)
                                         _061_ (net)
                  0.03    0.00    0.35 ^ _118_/B (sky130_fd_sc_hd__and2b_2)
     1    0.01    0.06    0.15    0.50 ^ _118_/X (sky130_fd_sc_hd__and2b_2)
                                         _070_ (net)
                  0.06    0.00    0.50 ^ _119_/B (sky130_fd_sc_hd__xnor2_2)
     1    0.00    0.02    0.05    0.55 v _119_/Y (sky130_fd_sc_hd__xnor2_2)
                                         x1_13.S (net)
                  0.02    0.00    0.55 v _163_/D (sky130_fd_sc_hd__dfxtp_2)
                                  0.55   data arrival time

                  0.00    0.00    0.00   clock core_clock (rise edge)
                          0.00    0.00   clock network delay (ideal)
                          0.00    0.00   clock reconvergence pessimism
                                  0.00 ^ _163_/CLK (sky130_fd_sc_hd__dfxtp_2)
                         -0.05   -0.05   library hold time
                                 -0.05   data required time
-----------------------------------------------------------------------------
                                 -0.05   data required time
                                 -0.55   data arrival time
-----------------------------------------------------------------------------
                                  0.60   slack (MET)


Startpoint: _188_ (rising edge-triggered flip-flop clocked by core_clock)
Endpoint: _205_ (rising edge-triggered flip-flop clocked by core_clock)
Path Group: core_clock
Path Type: min

Fanout     Cap    Slew   Delay    Time   Description
-----------------------------------------------------------------------------
                  0.00    0.00    0.00   clock core_clock (rise edge)
                          0.00    0.00   clock network delay (ideal)
                  0.00    0.00    0.00 ^ _188_/CLK (sky130_fd_sc_hd__dfxtp_2)
     2    0.01    0.04    0.30    0.30 v _188_/Q (sky130_fd_sc_hd__dfxtp_2)
                                         x1_5.B (net)
                  0.04    0.00    0.30 v _094_/A (sky130_fd_sc_hd__nand2_2)
     2    0.00    0.03    0.05    0.35 ^ _094_/Y (sky130_fd_sc_hd__nand2_2)
                                         _049_ (net)
                  0.03    0.00    0.35 ^ _142_/B (sky130_fd_sc_hd__and2b_2)
     1    0.01    0.06    0.15    0.50 ^ _142_/X (sky130_fd_sc_hd__and2b_2)
                                         _015_ (net)
                  0.06    0.00    0.50 ^ _143_/B (sky130_fd_sc_hd__xnor2_2)
     1    0.00    0.02    0.05    0.55 v _143_/Y (sky130_fd_sc_hd__xnor2_2)
                                         x1_5.S (net)
                  0.02    0.00    0.55 v _205_/D (sky130_fd_sc_hd__dfxtp_2)
                                  0.55   data arrival time

                  0.00    0.00    0.00   clock core_clock (rise edge)
                          0.00    0.00   clock network delay (ideal)
                          0.00    0.00   clock reconvergence pessimism
                                  0.00 ^ _205_/CLK (sky130_fd_sc_hd__dfxtp_2)
                         -0.05   -0.05   library hold time
                                 -0.05   data required time
-----------------------------------------------------------------------------
                                 -0.05   data required time
                                 -0.55   data arrival time
-----------------------------------------------------------------------------
                                  0.60   slack (MET)


Startpoint: _186_ (rising edge-triggered flip-flop clocked by core_clock)
Endpoint: _203_ (rising edge-triggered flip-flop clocked by core_clock)
Path Group: core_clock
Path Type: min

Fanout     Cap    Slew   Delay    Time   Description
-----------------------------------------------------------------------------
                  0.00    0.00    0.00   clock core_clock (rise edge)
                          0.00    0.00   clock network delay (ideal)
                  0.00    0.00    0.00 ^ _186_/CLK (sky130_fd_sc_hd__dfxtp_2)
     2    0.01    0.04    0.30    0.30 v _186_/Q (sky130_fd_sc_hd__dfxtp_2)
                                         x1_3.B (net)
                  0.04    0.00    0.30 v _091_/A (sky130_fd_sc_hd__nand2_2)
     2    0.00    0.03    0.05    0.35 ^ _091_/Y (sky130_fd_sc_hd__nand2_2)
                                         _046_ (net)
                  0.03    0.00    0.35 ^ _148_/B (sky130_fd_sc_hd__and2b_2)
     1    0.01    0.06    0.15    0.50 ^ _148_/X (sky130_fd_sc_hd__and2b_2)
                                         _019_ (net)
                  0.06    0.00    0.50 ^ _149_/B (sky130_fd_sc_hd__xnor2_2)
     1    0.00    0.02    0.05    0.55 v _149_/Y (sky130_fd_sc_hd__xnor2_2)
                                         x1_3.S (net)
                  0.02    0.00    0.55 v _203_/D (sky130_fd_sc_hd__dfxtp_2)
                                  0.55   data arrival time

                  0.00    0.00    0.00   clock core_clock (rise edge)
                          0.00    0.00   clock network delay (ideal)
                          0.00    0.00   clock reconvergence pessimism
                                  0.00 ^ _203_/CLK (sky130_fd_sc_hd__dfxtp_2)
                         -0.05   -0.05   library hold time
                                 -0.05   data required time
-----------------------------------------------------------------------------
                                 -0.05   data required time
                                 -0.55   data arrival time
-----------------------------------------------------------------------------
                                  0.60   slack (MET)


Startpoint: _181_ (rising edge-triggered flip-flop clocked by core_clock)
Endpoint: _164_ (rising edge-triggered flip-flop clocked by core_clock)
Path Group: core_clock
Path Type: min

Fanout     Cap    Slew   Delay    Time   Description
-----------------------------------------------------------------------------
                  0.00    0.00    0.00   clock core_clock (rise edge)
                          0.00    0.00   clock network delay (ideal)
                  0.00    0.00    0.00 ^ _181_/CLK (sky130_fd_sc_hd__dfxtp_2)
     2    0.01    0.04    0.30    0.30 v _181_/Q (sky130_fd_sc_hd__dfxtp_2)
                                         x1_14.A (net)
                  0.04    0.00    0.30 v _072_/B (sky130_fd_sc_hd__nor2_2)
     2    0.00    0.08    0.08    0.38 ^ _072_/Y (sky130_fd_sc_hd__nor2_2)
                                         _027_ (net)
                  0.08    0.00    0.38 ^ _115_/A (sky130_fd_sc_hd__or2b_2)
     1    0.01    0.05    0.13    0.50 ^ _115_/X (sky130_fd_sc_hd__or2b_2)
                                         _068_ (net)
                  0.05    0.00    0.50 ^ _116_/B (sky130_fd_sc_hd__xnor2_2)
     1    0.00    0.02    0.05    0.55 v _116_/Y (sky130_fd_sc_hd__xnor2_2)
                                         x1_14.S (net)
                  0.02    0.00    0.55 v _164_/D (sky130_fd_sc_hd__dfxtp_2)
                                  0.55   data arrival time

                  0.00    0.00    0.00   clock core_clock (rise edge)
                          0.00    0.00   clock network delay (ideal)
                          0.00    0.00   clock reconvergence pessimism
                                  0.00 ^ _164_/CLK (sky130_fd_sc_hd__dfxtp_2)
                         -0.05   -0.05   library hold time
                                 -0.05   data required time
-----------------------------------------------------------------------------
                                 -0.05   data required time
                                 -0.55   data arrival time
-----------------------------------------------------------------------------
                                  0.60   slack (MET)


Startpoint: _198_ (rising edge-triggered flip-flop clocked by core_clock)
Endpoint: _165_ (rising edge-triggered flip-flop clocked by core_clock)
Path Group: core_clock
Path Type: min

Fanout     Cap    Slew   Delay    Time   Description
-----------------------------------------------------------------------------
                  0.00    0.00    0.00   clock core_clock (rise edge)
                          0.00    0.00   clock network delay (ideal)
                  0.00    0.00    0.00 ^ _198_/CLK (sky130_fd_sc_hd__dfxtp_2)
     2    0.01    0.04    0.30    0.30 v _198_/Q (sky130_fd_sc_hd__dfxtp_2)
                                         x1_15.B (net)
                  0.04    0.00    0.30 v _110_/A (sky130_fd_sc_hd__nand2_2)
     2    0.01    0.04    0.06    0.36 ^ _110_/Y (sky130_fd_sc_hd__nand2_2)
                                         _065_ (net)
                  0.04    0.00    0.36 ^ _112_/B (sky130_fd_sc_hd__and2b_2)
     1    0.01    0.06    0.15    0.51 ^ _112_/X (sky130_fd_sc_hd__and2b_2)
                                         _066_ (net)
                  0.06    0.00    0.51 ^ _113_/B (sky130_fd_sc_hd__xnor2_2)
     1    0.00    0.02    0.05    0.56 v _113_/Y (sky130_fd_sc_hd__xnor2_2)
                                         x1_15.S (net)
                  0.02    0.00    0.56 v _165_/D (sky130_fd_sc_hd__dfxtp_2)
                                  0.56   data arrival time

                  0.00    0.00    0.00   clock core_clock (rise edge)
                          0.00    0.00   clock network delay (ideal)
                          0.00    0.00   clock reconvergence pessimism
                                  0.00 ^ _165_/CLK (sky130_fd_sc_hd__dfxtp_2)
                         -0.05   -0.05   library hold time
                                 -0.05   data required time
-----------------------------------------------------------------------------
                                 -0.05   data required time
                                 -0.56   data arrival time
-----------------------------------------------------------------------------
                                  0.61   slack (MET)


Startpoint: _185_ (rising edge-triggered flip-flop clocked by core_clock)
Endpoint: _202_ (rising edge-triggered flip-flop clocked by core_clock)
Path Group: core_clock
Path Type: min

Fanout     Cap    Slew   Delay    Time   Description
-----------------------------------------------------------------------------
                  0.00    0.00    0.00   clock core_clock (rise edge)
                          0.00    0.00   clock network delay (ideal)
                  0.00    0.00    0.00 ^ _185_/CLK (sky130_fd_sc_hd__dfxtp_2)
     2    0.01    0.04    0.30    0.30 v _185_/Q (sky130_fd_sc_hd__dfxtp_2)
                                         x1_2.B (net)
                  0.04    0.00    0.30 v _090_/A (sky130_fd_sc_hd__nand2_2)
     3    0.01    0.05    0.06    0.36 ^ _090_/Y (sky130_fd_sc_hd__nand2_2)
                                         _045_ (net)
                  0.05    0.00    0.36 ^ _150_/B (sky130_fd_sc_hd__and2b_2)
     1    0.01    0.06    0.15    0.51 ^ _150_/X (sky130_fd_sc_hd__and2b_2)
                                         _020_ (net)
                  0.06    0.00    0.51 ^ _151_/B (sky130_fd_sc_hd__xnor2_2)
     1    0.00    0.02    0.05    0.56 v _151_/Y (sky130_fd_sc_hd__xnor2_2)
                                         x1_2.S (net)
                  0.02    0.00    0.56 v _202_/D (sky130_fd_sc_hd__dfxtp_2)
                                  0.56   data arrival time

                  0.00    0.00    0.00   clock core_clock (rise edge)
                          0.00    0.00   clock network delay (ideal)
                          0.00    0.00   clock reconvergence pessimism
                                  0.00 ^ _202_/CLK (sky130_fd_sc_hd__dfxtp_2)
                         -0.05   -0.05   library hold time
                                 -0.05   data required time
-----------------------------------------------------------------------------
                                 -0.05   data required time
                                 -0.56   data arrival time
-----------------------------------------------------------------------------
                                  0.61   slack (MET)


Startpoint: _176_ (rising edge-triggered flip-flop clocked by core_clock)
Endpoint: _160_ (rising edge-triggered flip-flop clocked by core_clock)
Path Group: core_clock
Path Type: min

Fanout     Cap    Slew   Delay    Time   Description
-----------------------------------------------------------------------------
                  0.00    0.00    0.00   clock core_clock (rise edge)
                          0.00    0.00   clock network delay (ideal)
                  0.00    0.00    0.00 ^ _176_/CLK (sky130_fd_sc_hd__dfxtp_2)
     2    0.01    0.06    0.31    0.31 ^ _176_/Q (sky130_fd_sc_hd__dfxtp_2)
                                         x1_9.A (net)
                  0.06    0.00    0.31 ^ _077_/B (sky130_fd_sc_hd__nor2_2)
     4    0.01    0.03    0.05    0.36 v _077_/Y (sky130_fd_sc_hd__nor2_2)
                                         _032_ (net)
                  0.03    0.00    0.36 v _126_/A (sky130_fd_sc_hd__nor2_2)
     1    0.01    0.13    0.13    0.50 ^ _126_/Y (sky130_fd_sc_hd__nor2_2)
                                         _004_ (net)
                  0.13    0.00    0.50 ^ _128_/A (sky130_fd_sc_hd__xnor2_2)
     1    0.00    0.02    0.07    0.57 v _128_/Y (sky130_fd_sc_hd__xnor2_2)
                                         x1_10.S (net)
                  0.02    0.00    0.57 v _160_/D (sky130_fd_sc_hd__dfxtp_2)
                                  0.57   data arrival time

                  0.00    0.00    0.00   clock core_clock (rise edge)
                          0.00    0.00   clock network delay (ideal)
                          0.00    0.00   clock reconvergence pessimism
                                  0.00 ^ _160_/CLK (sky130_fd_sc_hd__dfxtp_2)
                         -0.05   -0.05   library hold time
                                 -0.05   data required time
-----------------------------------------------------------------------------
                                 -0.05   data required time
                                 -0.57   data arrival time
-----------------------------------------------------------------------------
                                  0.62   slack (MET)


Startpoint: _170_ (rising edge-triggered flip-flop clocked by core_clock)
Endpoint: _204_ (rising edge-triggered flip-flop clocked by core_clock)
Path Group: core_clock
Path Type: min

Fanout     Cap    Slew   Delay    Time   Description
-----------------------------------------------------------------------------
                  0.00    0.00    0.00   clock core_clock (rise edge)
                          0.00    0.00   clock network delay (ideal)
                  0.00    0.00    0.00 ^ _170_/CLK (sky130_fd_sc_hd__dfxtp_2)
     2    0.01    0.06    0.31    0.31 ^ _170_/Q (sky130_fd_sc_hd__dfxtp_2)
                                         x1_3.A (net)
                  0.06    0.00    0.31 ^ _083_/B (sky130_fd_sc_hd__nor2_2)
     4    0.01    0.03    0.05    0.36 v _083_/Y (sky130_fd_sc_hd__nor2_2)
                                         _038_ (net)
                  0.03    0.00    0.36 v _144_/A (sky130_fd_sc_hd__nor2_2)
     1    0.01    0.13    0.13    0.50 ^ _144_/Y (sky130_fd_sc_hd__nor2_2)
                                         _016_ (net)
                  0.13    0.00    0.50 ^ _146_/A (sky130_fd_sc_hd__xnor2_2)
     1    0.00    0.02    0.07    0.57 v _146_/Y (sky130_fd_sc_hd__xnor2_2)
                                         x1_4.S (net)
                  0.02    0.00    0.57 v _204_/D (sky130_fd_sc_hd__dfxtp_2)
                                  0.57   data arrival time

                  0.00    0.00    0.00   clock core_clock (rise edge)
                          0.00    0.00   clock network delay (ideal)
                          0.00    0.00   clock reconvergence pessimism
                                  0.00 ^ _204_/CLK (sky130_fd_sc_hd__dfxtp_2)
                         -0.05   -0.05   library hold time
                                 -0.05   data required time
-----------------------------------------------------------------------------
                                 -0.05   data required time
                                 -0.57   data arrival time
-----------------------------------------------------------------------------
                                  0.62   slack (MET)


Startpoint: _172_ (rising edge-triggered flip-flop clocked by core_clock)
Endpoint: _206_ (rising edge-triggered flip-flop clocked by core_clock)
Path Group: core_clock
Path Type: min

Fanout     Cap    Slew   Delay    Time   Description
-----------------------------------------------------------------------------
                  0.00    0.00    0.00   clock core_clock (rise edge)
                          0.00    0.00   clock network delay (ideal)
                  0.00    0.00    0.00 ^ _172_/CLK (sky130_fd_sc_hd__dfxtp_2)
     2    0.01    0.06    0.31    0.31 ^ _172_/Q (sky130_fd_sc_hd__dfxtp_2)
                                         x1_5.A (net)
                  0.06    0.00    0.31 ^ _081_/B (sky130_fd_sc_hd__nor2_2)
     4    0.01    0.03    0.05    0.36 v _081_/Y (sky130_fd_sc_hd__nor2_2)
                                         _036_ (net)
                  0.03    0.00    0.36 v _138_/A (sky130_fd_sc_hd__nor2_2)
     1    0.01    0.13    0.13    0.50 ^ _138_/Y (sky130_fd_sc_hd__nor2_2)
                                         _012_ (net)
                  0.13    0.00    0.50 ^ _140_/A (sky130_fd_sc_hd__xnor2_2)
     1    0.00    0.02    0.07    0.57 v _140_/Y (sky130_fd_sc_hd__xnor2_2)
                                         x1_6.S (net)
                  0.02    0.00    0.57 v _206_/D (sky130_fd_sc_hd__dfxtp_2)
                                  0.57   data arrival time

                  0.00    0.00    0.00   clock core_clock (rise edge)
                          0.00    0.00   clock network delay (ideal)
                          0.00    0.00   clock reconvergence pessimism
                                  0.00 ^ _206_/CLK (sky130_fd_sc_hd__dfxtp_2)
                         -0.05   -0.05   library hold time
                                 -0.05   data required time
-----------------------------------------------------------------------------
                                 -0.05   data required time
                                 -0.57   data arrival time
-----------------------------------------------------------------------------
                                  0.62   slack (MET)


Startpoint: _195_ (rising edge-triggered flip-flop clocked by core_clock)
Endpoint: _162_ (rising edge-triggered flip-flop clocked by core_clock)
Path Group: core_clock
Path Type: min

Fanout     Cap    Slew   Delay    Time   Description
-----------------------------------------------------------------------------
                  0.00    0.00    0.00   clock core_clock (rise edge)
                          0.00    0.00   clock network delay (ideal)
                  0.00    0.00    0.00 ^ _195_/CLK (sky130_fd_sc_hd__dfxtp_2)
     2    0.01    0.06    0.31    0.31 ^ _195_/Q (sky130_fd_sc_hd__dfxtp_2)
                                         x1_12.B (net)
                  0.06    0.00    0.31 ^ _105_/A (sky130_fd_sc_hd__nand2_2)
     3    0.01    0.04    0.05    0.36 v _105_/Y (sky130_fd_sc_hd__nand2_2)
                                         _060_ (net)
                  0.04    0.00    0.36 v _121_/B_N (sky130_fd_sc_hd__or2b_2)
     1    0.01    0.05    0.17    0.53 ^ _121_/X (sky130_fd_sc_hd__or2b_2)
                                         _001_ (net)
                  0.05    0.00    0.53 ^ _122_/B (sky130_fd_sc_hd__xnor2_2)
     1    0.00    0.02    0.05    0.58 v _122_/Y (sky130_fd_sc_hd__xnor2_2)
                                         x1_12.S (net)
                  0.02    0.00    0.58 v _162_/D (sky130_fd_sc_hd__dfxtp_2)
                                  0.58   data arrival time

                  0.00    0.00    0.00   clock core_clock (rise edge)
                          0.00    0.00   clock network delay (ideal)
                          0.00    0.00   clock reconvergence pessimism
                                  0.00 ^ _162_/CLK (sky130_fd_sc_hd__dfxtp_2)
                         -0.05   -0.05   library hold time
                                 -0.05   data required time
-----------------------------------------------------------------------------
                                 -0.05   data required time
                                 -0.58   data arrival time
-----------------------------------------------------------------------------
                                  0.63   slack (MET)



worst slack corner Typical: 0.4363
min_report_end
max_report

===========================================================================
report_checks -path_delay max (Setup)
============================================================================
======================= Typical Corner ===================================

Startpoint: _167_ (rising edge-triggered flip-flop clocked by core_clock)
Endpoint: _165_ (rising edge-triggered flip-flop clocked by core_clock)
Path Group: core_clock
Path Type: max

Fanout     Cap    Slew   Delay    Time   Description
-----------------------------------------------------------------------------
                  0.00    0.00    0.00   clock core_clock (rise edge)
                          0.00    0.00   clock network delay (ideal)
                  0.00    0.00    0.00 ^ _167_/CLK (sky130_fd_sc_hd__dfxtp_2)
     4    0.01    0.08    0.33    0.33 ^ _167_/Q (sky130_fd_sc_hd__dfxtp_2)
                                         x1_0.A (net)
                  0.08    0.00    0.33 ^ _087_/A1 (sky130_fd_sc_hd__o21ai_2)
     3    0.01    0.04    0.07    0.40 v _087_/Y (sky130_fd_sc_hd__o21ai_2)
                                         _042_ (net)
                  0.04    0.00    0.40 v _089_/A3 (sky130_fd_sc_hd__a31o_2)
     3    0.01    0.06    0.27    0.67 v _089_/X (sky130_fd_sc_hd__a31o_2)
                                         _044_ (net)
                  0.06    0.00    0.67 v _092_/A2 (sky130_fd_sc_hd__o211a_2)
     3    0.01    0.06    0.26    0.93 v _092_/X (sky130_fd_sc_hd__o211a_2)
                                         _047_ (net)
                  0.06    0.00    0.93 v _095_/A3 (sky130_fd_sc_hd__o311a_2)
     3    0.01    0.07    0.35    1.28 v _095_/X (sky130_fd_sc_hd__o311a_2)
                                         _050_ (net)
                  0.07    0.00    1.28 v _098_/A3 (sky130_fd_sc_hd__o311a_2)
     2    0.00    0.06    0.34    1.61 v _098_/X (sky130_fd_sc_hd__o311a_2)
                                         _053_ (net)
                  0.06    0.00    1.61 v _101_/A3 (sky130_fd_sc_hd__o311a_2)
     3    0.01    0.07    0.35    1.97 v _101_/X (sky130_fd_sc_hd__o311a_2)
                                         _056_ (net)
                  0.07    0.00    1.97 v _104_/A3 (sky130_fd_sc_hd__o311a_2)
     3    0.01    0.07    0.36    2.33 v _104_/X (sky130_fd_sc_hd__o311a_2)
                                         _059_ (net)
                  0.07    0.00    2.33 v _107_/A3 (sky130_fd_sc_hd__o311a_2)
     2    0.01    0.07    0.35    2.68 v _107_/X (sky130_fd_sc_hd__o311a_2)
                                         _062_ (net)
                  0.07    0.00    2.68 v _109_/A3 (sky130_fd_sc_hd__o31a_2)
     2    0.01    0.08    0.32    3.00 v _109_/X (sky130_fd_sc_hd__o31a_2)
                                         _064_ (net)
                  0.08    0.00    3.00 v _113_/A (sky130_fd_sc_hd__xnor2_2)
     1    0.00    0.04    0.13    3.13 v _113_/Y (sky130_fd_sc_hd__xnor2_2)
                                         x1_15.S (net)
                  0.04    0.00    3.13 v _165_/D (sky130_fd_sc_hd__dfxtp_2)
                                  3.13   data arrival time

                  0.00    6.15    6.15   clock core_clock (rise edge)
                          0.00    6.15   clock network delay (ideal)
                          0.00    6.15   clock reconvergence pessimism
                                  6.15 ^ _165_/CLK (sky130_fd_sc_hd__dfxtp_2)
                         -0.12    6.03   library setup time
                                  6.03   data required time
-----------------------------------------------------------------------------
                                  6.03   data required time
                                 -3.13   data arrival time
-----------------------------------------------------------------------------
                                  2.90   slack (MET)


Startpoint: _167_ (rising edge-triggered flip-flop clocked by core_clock)
Endpoint: _166_ (rising edge-triggered flip-flop clocked by core_clock)
Path Group: core_clock
Path Type: max

Fanout     Cap    Slew   Delay    Time   Description
-----------------------------------------------------------------------------
                  0.00    0.00    0.00   clock core_clock (rise edge)
                          0.00    0.00   clock network delay (ideal)
                  0.00    0.00    0.00 ^ _167_/CLK (sky130_fd_sc_hd__dfxtp_2)
     4    0.01    0.08    0.33    0.33 ^ _167_/Q (sky130_fd_sc_hd__dfxtp_2)
                                         x1_0.A (net)
                  0.08    0.00    0.33 ^ _087_/A1 (sky130_fd_sc_hd__o21ai_2)
     3    0.01    0.04    0.07    0.40 v _087_/Y (sky130_fd_sc_hd__o21ai_2)
                                         _042_ (net)
                  0.04    0.00    0.40 v _089_/A3 (sky130_fd_sc_hd__a31o_2)
     3    0.01    0.06    0.27    0.67 v _089_/X (sky130_fd_sc_hd__a31o_2)
                                         _044_ (net)
                  0.06    0.00    0.67 v _092_/A2 (sky130_fd_sc_hd__o211a_2)
     3    0.01    0.06    0.26    0.93 v _092_/X (sky130_fd_sc_hd__o211a_2)
                                         _047_ (net)
                  0.06    0.00    0.93 v _095_/A3 (sky130_fd_sc_hd__o311a_2)
     3    0.01    0.07    0.35    1.28 v _095_/X (sky130_fd_sc_hd__o311a_2)
                                         _050_ (net)
                  0.07    0.00    1.28 v _098_/A3 (sky130_fd_sc_hd__o311a_2)
     2    0.00    0.06    0.34    1.61 v _098_/X (sky130_fd_sc_hd__o311a_2)
                                         _053_ (net)
                  0.06    0.00    1.61 v _101_/A3 (sky130_fd_sc_hd__o311a_2)
     3    0.01    0.07    0.35    1.97 v _101_/X (sky130_fd_sc_hd__o311a_2)
                                         _056_ (net)
                  0.07    0.00    1.97 v _104_/A3 (sky130_fd_sc_hd__o311a_2)
     3    0.01    0.07    0.36    2.33 v _104_/X (sky130_fd_sc_hd__o311a_2)
                                         _059_ (net)
                  0.07    0.00    2.33 v _107_/A3 (sky130_fd_sc_hd__o311a_2)
     2    0.01    0.07    0.35    2.68 v _107_/X (sky130_fd_sc_hd__o311a_2)
                                         _062_ (net)
                  0.07    0.00    2.68 v _109_/A3 (sky130_fd_sc_hd__o31a_2)
     2    0.01    0.08    0.32    3.00 v _109_/X (sky130_fd_sc_hd__o31a_2)
                                         _064_ (net)
                  0.08    0.00    3.00 v _111_/A2 (sky130_fd_sc_hd__o21ai_2)
     1    0.00    0.07    0.10    3.10 ^ _111_/Y (sky130_fd_sc_hd__o21ai_2)
                                         x1_15.Cout (net)
                  0.07    0.00    3.10 ^ _166_/D (sky130_fd_sc_hd__dfxtp_2)
                                  3.10   data arrival time

                  0.00    6.15    6.15   clock core_clock (rise edge)
                          0.00    6.15   clock network delay (ideal)
                          0.00    6.15   clock reconvergence pessimism
                                  6.15 ^ _166_/CLK (sky130_fd_sc_hd__dfxtp_2)
                         -0.07    6.08   library setup time
                                  6.08   data required time
-----------------------------------------------------------------------------
                                  6.08   data required time
                                 -3.10   data arrival time
-----------------------------------------------------------------------------
                                  2.97   slack (MET)


Startpoint: _167_ (rising edge-triggered flip-flop clocked by core_clock)
Endpoint: _164_ (rising edge-triggered flip-flop clocked by core_clock)
Path Group: core_clock
Path Type: max

Fanout     Cap    Slew   Delay    Time   Description
-----------------------------------------------------------------------------
                  0.00    0.00    0.00   clock core_clock (rise edge)
                          0.00    0.00   clock network delay (ideal)
                  0.00    0.00    0.00 ^ _167_/CLK (sky130_fd_sc_hd__dfxtp_2)
     4    0.01    0.08    0.33    0.33 ^ _167_/Q (sky130_fd_sc_hd__dfxtp_2)
                                         x1_0.A (net)
                  0.08    0.00    0.33 ^ _087_/A1 (sky130_fd_sc_hd__o21ai_2)
     3    0.01    0.04    0.07    0.40 v _087_/Y (sky130_fd_sc_hd__o21ai_2)
                                         _042_ (net)
                  0.04    0.00    0.40 v _089_/A3 (sky130_fd_sc_hd__a31o_2)
     3    0.01    0.06    0.27    0.67 v _089_/X (sky130_fd_sc_hd__a31o_2)
                                         _044_ (net)
                  0.06    0.00    0.67 v _092_/A2 (sky130_fd_sc_hd__o211a_2)
     3    0.01    0.06    0.26    0.93 v _092_/X (sky130_fd_sc_hd__o211a_2)
                                         _047_ (net)
                  0.06    0.00    0.93 v _095_/A3 (sky130_fd_sc_hd__o311a_2)
     3    0.01    0.07    0.35    1.28 v _095_/X (sky130_fd_sc_hd__o311a_2)
                                         _050_ (net)
                  0.07    0.00    1.28 v _098_/A3 (sky130_fd_sc_hd__o311a_2)
     2    0.00    0.06    0.34    1.61 v _098_/X (sky130_fd_sc_hd__o311a_2)
                                         _053_ (net)
                  0.06    0.00    1.61 v _101_/A3 (sky130_fd_sc_hd__o311a_2)
     3    0.01    0.07    0.35    1.97 v _101_/X (sky130_fd_sc_hd__o311a_2)
                                         _056_ (net)
                  0.07    0.00    1.97 v _104_/A3 (sky130_fd_sc_hd__o311a_2)
     3    0.01    0.07    0.36    2.33 v _104_/X (sky130_fd_sc_hd__o311a_2)
                                         _059_ (net)
                  0.07    0.00    2.33 v _107_/A3 (sky130_fd_sc_hd__o311a_2)
     2    0.01    0.07    0.35    2.68 v _107_/X (sky130_fd_sc_hd__o311a_2)
                                         _062_ (net)
                  0.07    0.00    2.68 v _114_/B (sky130_fd_sc_hd__nor2_2)
     1    0.01    0.13    0.12    2.80 ^ _114_/Y (sky130_fd_sc_hd__nor2_2)
                                         _067_ (net)
                  0.13    0.00    2.80 ^ _116_/A (sky130_fd_sc_hd__xnor2_2)
     1    0.00    0.04    0.07    2.87 v _116_/Y (sky130_fd_sc_hd__xnor2_2)
                                         x1_14.S (net)
                  0.04    0.00    2.87 v _164_/D (sky130_fd_sc_hd__dfxtp_2)
                                  2.87   data arrival time

                  0.00    6.15    6.15   clock core_clock (rise edge)
                          0.00    6.15   clock network delay (ideal)
                          0.00    6.15   clock reconvergence pessimism
                                  6.15 ^ _164_/CLK (sky130_fd_sc_hd__dfxtp_2)
                         -0.12    6.03   library setup time
                                  6.03   data required time
-----------------------------------------------------------------------------
                                  6.03   data required time
                                 -2.87   data arrival time
-----------------------------------------------------------------------------
                                  3.16   slack (MET)


Startpoint: _167_ (rising edge-triggered flip-flop clocked by core_clock)
Endpoint: _163_ (rising edge-triggered flip-flop clocked by core_clock)
Path Group: core_clock
Path Type: max

Fanout     Cap    Slew   Delay    Time   Description
-----------------------------------------------------------------------------
                  0.00    0.00    0.00   clock core_clock (rise edge)
                          0.00    0.00   clock network delay (ideal)
                  0.00    0.00    0.00 ^ _167_/CLK (sky130_fd_sc_hd__dfxtp_2)
     4    0.01    0.08    0.33    0.33 ^ _167_/Q (sky130_fd_sc_hd__dfxtp_2)
                                         x1_0.A (net)
                  0.08    0.00    0.33 ^ _087_/A1 (sky130_fd_sc_hd__o21ai_2)
     3    0.01    0.04    0.07    0.40 v _087_/Y (sky130_fd_sc_hd__o21ai_2)
                                         _042_ (net)
                  0.04    0.00    0.40 v _089_/A3 (sky130_fd_sc_hd__a31o_2)
     3    0.01    0.06    0.27    0.67 v _089_/X (sky130_fd_sc_hd__a31o_2)
                                         _044_ (net)
                  0.06    0.00    0.67 v _092_/A2 (sky130_fd_sc_hd__o211a_2)
     3    0.01    0.06    0.26    0.93 v _092_/X (sky130_fd_sc_hd__o211a_2)
                                         _047_ (net)
                  0.06    0.00    0.93 v _095_/A3 (sky130_fd_sc_hd__o311a_2)
     3    0.01    0.07    0.35    1.28 v _095_/X (sky130_fd_sc_hd__o311a_2)
                                         _050_ (net)
                  0.07    0.00    1.28 v _098_/A3 (sky130_fd_sc_hd__o311a_2)
     2    0.00    0.06    0.34    1.61 v _098_/X (sky130_fd_sc_hd__o311a_2)
                                         _053_ (net)
                  0.06    0.00    1.61 v _101_/A3 (sky130_fd_sc_hd__o311a_2)
     3    0.01    0.07    0.35    1.97 v _101_/X (sky130_fd_sc_hd__o311a_2)
                                         _056_ (net)
                  0.07    0.00    1.97 v _104_/A3 (sky130_fd_sc_hd__o311a_2)
     3    0.01    0.07    0.36    2.33 v _104_/X (sky130_fd_sc_hd__o311a_2)
                                         _059_ (net)
                  0.07    0.00    2.33 v _117_/A3 (sky130_fd_sc_hd__o31a_2)
     1    0.01    0.07    0.31    2.64 v _117_/X (sky130_fd_sc_hd__o31a_2)
                                         _069_ (net)
                  0.07    0.00    2.64 v _119_/A (sky130_fd_sc_hd__xnor2_2)
     1    0.00    0.04    0.13    2.76 v _119_/Y (sky130_fd_sc_hd__xnor2_2)
                                         x1_13.S (net)
                  0.04    0.00    2.76 v _163_/D (sky130_fd_sc_hd__dfxtp_2)
                                  2.76   data arrival time

                  0.00    6.15    6.15   clock core_clock (rise edge)
                          0.00    6.15   clock network delay (ideal)
                          0.00    6.15   clock reconvergence pessimism
                                  6.15 ^ _163_/CLK (sky130_fd_sc_hd__dfxtp_2)
                         -0.12    6.03   library setup time
                                  6.03   data required time
-----------------------------------------------------------------------------
                                  6.03   data required time
                                 -2.76   data arrival time
-----------------------------------------------------------------------------
                                  3.26   slack (MET)


Startpoint: _167_ (rising edge-triggered flip-flop clocked by core_clock)
Endpoint: _161_ (rising edge-triggered flip-flop clocked by core_clock)
Path Group: core_clock
Path Type: max

Fanout     Cap    Slew   Delay    Time   Description
-----------------------------------------------------------------------------
                  0.00    0.00    0.00   clock core_clock (rise edge)
                          0.00    0.00   clock network delay (ideal)
                  0.00    0.00    0.00 ^ _167_/CLK (sky130_fd_sc_hd__dfxtp_2)
     4    0.01    0.08    0.33    0.33 ^ _167_/Q (sky130_fd_sc_hd__dfxtp_2)
                                         x1_0.A (net)
                  0.08    0.00    0.33 ^ _087_/A1 (sky130_fd_sc_hd__o21ai_2)
     3    0.01    0.04    0.07    0.40 v _087_/Y (sky130_fd_sc_hd__o21ai_2)
                                         _042_ (net)
                  0.04    0.00    0.40 v _089_/A3 (sky130_fd_sc_hd__a31o_2)
     3    0.01    0.06    0.27    0.67 v _089_/X (sky130_fd_sc_hd__a31o_2)
                                         _044_ (net)
                  0.06    0.00    0.67 v _092_/A2 (sky130_fd_sc_hd__o211a_2)
     3    0.01    0.06    0.26    0.93 v _092_/X (sky130_fd_sc_hd__o211a_2)
                                         _047_ (net)
                  0.06    0.00    0.93 v _095_/A3 (sky130_fd_sc_hd__o311a_2)
     3    0.01    0.07    0.35    1.28 v _095_/X (sky130_fd_sc_hd__o311a_2)
                                         _050_ (net)
                  0.07    0.00    1.28 v _098_/A3 (sky130_fd_sc_hd__o311a_2)
     2    0.00    0.06    0.34    1.61 v _098_/X (sky130_fd_sc_hd__o311a_2)
                                         _053_ (net)
                  0.06    0.00    1.61 v _101_/A3 (sky130_fd_sc_hd__o311a_2)
     3    0.01    0.07    0.35    1.97 v _101_/X (sky130_fd_sc_hd__o311a_2)
                                         _056_ (net)
                  0.07    0.00    1.97 v _123_/A3 (sky130_fd_sc_hd__o31a_2)
     2    0.01    0.06    0.30    2.27 v _123_/X (sky130_fd_sc_hd__o31a_2)
                                         _002_ (net)
                  0.06    0.00    2.27 v _124_/B (sky130_fd_sc_hd__or2_2)
     1    0.00    0.06    0.28    2.55 v _124_/X (sky130_fd_sc_hd__or2_2)
                                         _003_ (net)
                  0.06    0.00    2.55 v _125_/B2 (sky130_fd_sc_hd__a22oi_2)
     1    0.00    0.11    0.13    2.67 ^ _125_/Y (sky130_fd_sc_hd__a22oi_2)
                                         x1_11.S (net)
                  0.11    0.00    2.67 ^ _161_/D (sky130_fd_sc_hd__dfxtp_2)
                                  2.67   data arrival time

                  0.00    6.15    6.15   clock core_clock (rise edge)
                          0.00    6.15   clock network delay (ideal)
                          0.00    6.15   clock reconvergence pessimism
                                  6.15 ^ _161_/CLK (sky130_fd_sc_hd__dfxtp_2)
                         -0.08    6.07   library setup time
                                  6.07   data required time
-----------------------------------------------------------------------------
                                  6.07   data required time
                                 -2.67   data arrival time
-----------------------------------------------------------------------------
                                  3.40   slack (MET)


Startpoint: _167_ (rising edge-triggered flip-flop clocked by core_clock)
Endpoint: _162_ (rising edge-triggered flip-flop clocked by core_clock)
Path Group: core_clock
Path Type: max

Fanout     Cap    Slew   Delay    Time   Description
-----------------------------------------------------------------------------
                  0.00    0.00    0.00   clock core_clock (rise edge)
                          0.00    0.00   clock network delay (ideal)
                  0.00    0.00    0.00 ^ _167_/CLK (sky130_fd_sc_hd__dfxtp_2)
     4    0.01    0.08    0.33    0.33 ^ _167_/Q (sky130_fd_sc_hd__dfxtp_2)
                                         x1_0.A (net)
                  0.08    0.00    0.33 ^ _087_/A1 (sky130_fd_sc_hd__o21ai_2)
     3    0.01    0.04    0.07    0.40 v _087_/Y (sky130_fd_sc_hd__o21ai_2)
                                         _042_ (net)
                  0.04    0.00    0.40 v _089_/A3 (sky130_fd_sc_hd__a31o_2)
     3    0.01    0.06    0.27    0.67 v _089_/X (sky130_fd_sc_hd__a31o_2)
                                         _044_ (net)
                  0.06    0.00    0.67 v _092_/A2 (sky130_fd_sc_hd__o211a_2)
     3    0.01    0.06    0.26    0.93 v _092_/X (sky130_fd_sc_hd__o211a_2)
                                         _047_ (net)
                  0.06    0.00    0.93 v _095_/A3 (sky130_fd_sc_hd__o311a_2)
     3    0.01    0.07    0.35    1.28 v _095_/X (sky130_fd_sc_hd__o311a_2)
                                         _050_ (net)
                  0.07    0.00    1.28 v _098_/A3 (sky130_fd_sc_hd__o311a_2)
     2    0.00    0.06    0.34    1.61 v _098_/X (sky130_fd_sc_hd__o311a_2)
                                         _053_ (net)
                  0.06    0.00    1.61 v _101_/A3 (sky130_fd_sc_hd__o311a_2)
     3    0.01    0.07    0.35    1.97 v _101_/X (sky130_fd_sc_hd__o311a_2)
                                         _056_ (net)
                  0.07    0.00    1.97 v _104_/A3 (sky130_fd_sc_hd__o311a_2)
     3    0.01    0.07    0.36    2.33 v _104_/X (sky130_fd_sc_hd__o311a_2)
                                         _059_ (net)
                  0.07    0.00    2.33 v _120_/B (sky130_fd_sc_hd__nor2_2)
     2    0.01    0.17    0.16    2.49 ^ _120_/Y (sky130_fd_sc_hd__nor2_2)
                                         _000_ (net)
                  0.17    0.00    2.49 ^ _122_/A (sky130_fd_sc_hd__xnor2_2)
     1    0.00    0.04    0.08    2.57 v _122_/Y (sky130_fd_sc_hd__xnor2_2)
                                         x1_12.S (net)
                  0.04    0.00    2.57 v _162_/D (sky130_fd_sc_hd__dfxtp_2)
                                  2.57   data arrival time

                  0.00    6.15    6.15   clock core_clock (rise edge)
                          0.00    6.15   clock network delay (ideal)
                          0.00    6.15   clock reconvergence pessimism
                                  6.15 ^ _162_/CLK (sky130_fd_sc_hd__dfxtp_2)
                         -0.12    6.03   library setup time
                                  6.03   data required time
-----------------------------------------------------------------------------
                                  6.03   data required time
                                 -2.57   data arrival time
-----------------------------------------------------------------------------
                                  3.46   slack (MET)


Startpoint: _167_ (rising edge-triggered flip-flop clocked by core_clock)
Endpoint: _208_ (rising edge-triggered flip-flop clocked by core_clock)
Path Group: core_clock
Path Type: max

Fanout     Cap    Slew   Delay    Time   Description
-----------------------------------------------------------------------------
                  0.00    0.00    0.00   clock core_clock (rise edge)
                          0.00    0.00   clock network delay (ideal)
                  0.00    0.00    0.00 ^ _167_/CLK (sky130_fd_sc_hd__dfxtp_2)
     4    0.01    0.08    0.33    0.33 ^ _167_/Q (sky130_fd_sc_hd__dfxtp_2)
                                         x1_0.A (net)
                  0.08    0.00    0.33 ^ _087_/A1 (sky130_fd_sc_hd__o21ai_2)
     3    0.01    0.04    0.07    0.40 v _087_/Y (sky130_fd_sc_hd__o21ai_2)
                                         _042_ (net)
                  0.04    0.00    0.40 v _089_/A3 (sky130_fd_sc_hd__a31o_2)
     3    0.01    0.06    0.27    0.67 v _089_/X (sky130_fd_sc_hd__a31o_2)
                                         _044_ (net)
                  0.06    0.00    0.67 v _092_/A2 (sky130_fd_sc_hd__o211a_2)
     3    0.01    0.06    0.26    0.93 v _092_/X (sky130_fd_sc_hd__o211a_2)
                                         _047_ (net)
                  0.06    0.00    0.93 v _095_/A3 (sky130_fd_sc_hd__o311a_2)
     3    0.01    0.07    0.35    1.28 v _095_/X (sky130_fd_sc_hd__o311a_2)
                                         _050_ (net)
                  0.07    0.00    1.28 v _098_/A3 (sky130_fd_sc_hd__o311a_2)
     2    0.00    0.06    0.34    1.61 v _098_/X (sky130_fd_sc_hd__o311a_2)
                                         _053_ (net)
                  0.06    0.00    1.61 v _129_/B (sky130_fd_sc_hd__or2_2)
     4    0.01    0.08    0.31    1.92 v _129_/X (sky130_fd_sc_hd__or2_2)
                                         _006_ (net)
                  0.08    0.00    1.92 v _130_/A2 (sky130_fd_sc_hd__o21a_2)
     2    0.01    0.05    0.22    2.15 v _130_/X (sky130_fd_sc_hd__o21a_2)
                                         _007_ (net)
                  0.05    0.00    2.15 v _133_/B1_N (sky130_fd_sc_hd__o21ba_2)
     1    0.00    0.05    0.23    2.38 ^ _133_/X (sky130_fd_sc_hd__o21ba_2)
                                         _009_ (net)
                  0.05    0.00    2.38 ^ _134_/B1 (sky130_fd_sc_hd__a21oi_2)
     1    0.00    0.04    0.03    2.40 v _134_/Y (sky130_fd_sc_hd__a21oi_2)
                                         x1_8.S (net)
                  0.04    0.00    2.40 v _208_/D (sky130_fd_sc_hd__dfxtp_2)
                                  2.40   data arrival time

                  0.00    6.15    6.15   clock core_clock (rise edge)
                          0.00    6.15   clock network delay (ideal)
                          0.00    6.15   clock reconvergence pessimism
                                  6.15 ^ _208_/CLK (sky130_fd_sc_hd__dfxtp_2)
                         -0.12    6.03   library setup time
                                  6.03   data required time
-----------------------------------------------------------------------------
                                  6.03   data required time
                                 -2.40   data arrival time
-----------------------------------------------------------------------------
                                  3.62   slack (MET)


Startpoint: _167_ (rising edge-triggered flip-flop clocked by core_clock)
Endpoint: _159_ (rising edge-triggered flip-flop clocked by core_clock)
Path Group: core_clock
Path Type: max

Fanout     Cap    Slew   Delay    Time   Description
-----------------------------------------------------------------------------
                  0.00    0.00    0.00   clock core_clock (rise edge)
                          0.00    0.00   clock network delay (ideal)
                  0.00    0.00    0.00 ^ _167_/CLK (sky130_fd_sc_hd__dfxtp_2)
     4    0.01    0.08    0.33    0.33 ^ _167_/Q (sky130_fd_sc_hd__dfxtp_2)
                                         x1_0.A (net)
                  0.08    0.00    0.33 ^ _087_/A1 (sky130_fd_sc_hd__o21ai_2)
     3    0.01    0.04    0.07    0.40 v _087_/Y (sky130_fd_sc_hd__o21ai_2)
                                         _042_ (net)
                  0.04    0.00    0.40 v _089_/A3 (sky130_fd_sc_hd__a31o_2)
     3    0.01    0.06    0.27    0.67 v _089_/X (sky130_fd_sc_hd__a31o_2)
                                         _044_ (net)
                  0.06    0.00    0.67 v _092_/A2 (sky130_fd_sc_hd__o211a_2)
     3    0.01    0.06    0.26    0.93 v _092_/X (sky130_fd_sc_hd__o211a_2)
                                         _047_ (net)
                  0.06    0.00    0.93 v _095_/A3 (sky130_fd_sc_hd__o311a_2)
     3    0.01    0.07    0.35    1.28 v _095_/X (sky130_fd_sc_hd__o311a_2)
                                         _050_ (net)
                  0.07    0.00    1.28 v _098_/A3 (sky130_fd_sc_hd__o311a_2)
     2    0.00    0.06    0.34    1.61 v _098_/X (sky130_fd_sc_hd__o311a_2)
                                         _053_ (net)
                  0.06    0.00    1.61 v _129_/B (sky130_fd_sc_hd__or2_2)
     4    0.01    0.08    0.31    1.92 v _129_/X (sky130_fd_sc_hd__or2_2)
                                         _006_ (net)
                  0.08    0.00    1.92 v _130_/A2 (sky130_fd_sc_hd__o21a_2)
     2    0.01    0.05    0.22    2.15 v _130_/X (sky130_fd_sc_hd__o21a_2)
                                         _007_ (net)
                  0.05    0.00    2.15 v _132_/A (sky130_fd_sc_hd__xnor2_2)
     1    0.00    0.04    0.12    2.27 v _132_/Y (sky130_fd_sc_hd__xnor2_2)
                                         x1_9.S (net)
                  0.04    0.00    2.27 v _159_/D (sky130_fd_sc_hd__dfxtp_2)
                                  2.27   data arrival time

                  0.00    6.15    6.15   clock core_clock (rise edge)
                          0.00    6.15   clock network delay (ideal)
                          0.00    6.15   clock reconvergence pessimism
                                  6.15 ^ _159_/CLK (sky130_fd_sc_hd__dfxtp_2)
                         -0.12    6.03   library setup time
                                  6.03   data required time
-----------------------------------------------------------------------------
                                  6.03   data required time
                                 -2.27   data arrival time
-----------------------------------------------------------------------------
                                  3.76   slack (MET)


Startpoint: _167_ (rising edge-triggered flip-flop clocked by core_clock)
Endpoint: _207_ (rising edge-triggered flip-flop clocked by core_clock)
Path Group: core_clock
Path Type: max

Fanout     Cap    Slew   Delay    Time   Description
-----------------------------------------------------------------------------
                  0.00    0.00    0.00   clock core_clock (rise edge)
                          0.00    0.00   clock network delay (ideal)
                  0.00    0.00    0.00 ^ _167_/CLK (sky130_fd_sc_hd__dfxtp_2)
     4    0.01    0.08    0.33    0.33 ^ _167_/Q (sky130_fd_sc_hd__dfxtp_2)
                                         x1_0.A (net)
                  0.08    0.00    0.33 ^ _087_/A1 (sky130_fd_sc_hd__o21ai_2)
     3    0.01    0.04    0.07    0.40 v _087_/Y (sky130_fd_sc_hd__o21ai_2)
                                         _042_ (net)
                  0.04    0.00    0.40 v _089_/A3 (sky130_fd_sc_hd__a31o_2)
     3    0.01    0.06    0.27    0.67 v _089_/X (sky130_fd_sc_hd__a31o_2)
                                         _044_ (net)
                  0.06    0.00    0.67 v _092_/A2 (sky130_fd_sc_hd__o211a_2)
     3    0.01    0.06    0.26    0.93 v _092_/X (sky130_fd_sc_hd__o211a_2)
                                         _047_ (net)
                  0.06    0.00    0.93 v _095_/A3 (sky130_fd_sc_hd__o311a_2)
     3    0.01    0.07    0.35    1.28 v _095_/X (sky130_fd_sc_hd__o311a_2)
                                         _050_ (net)
                  0.07    0.00    1.28 v _098_/A3 (sky130_fd_sc_hd__o311a_2)
     2    0.00    0.06    0.34    1.61 v _098_/X (sky130_fd_sc_hd__o311a_2)
                                         _053_ (net)
                  0.06    0.00    1.61 v _129_/B (sky130_fd_sc_hd__or2_2)
     4    0.01    0.08    0.31    1.92 v _129_/X (sky130_fd_sc_hd__or2_2)
                                         _006_ (net)
                  0.08    0.00    1.92 v _137_/B1 (sky130_fd_sc_hd__a2bb2o_2)
     1    0.00    0.04    0.26    2.18 v _137_/X (sky130_fd_sc_hd__a2bb2o_2)
                                         x1_7.S (net)
                  0.04    0.00    2.18 v _207_/D (sky130_fd_sc_hd__dfxtp_2)
                                  2.18   data arrival time

                  0.00    6.15    6.15   clock core_clock (rise edge)
                          0.00    6.15   clock network delay (ideal)
                          0.00    6.15   clock reconvergence pessimism
                                  6.15 ^ _207_/CLK (sky130_fd_sc_hd__dfxtp_2)
                         -0.12    6.03   library setup time
                                  6.03   data required time
-----------------------------------------------------------------------------
                                  6.03   data required time
                                 -2.18   data arrival time
-----------------------------------------------------------------------------
                                  3.85   slack (MET)


Startpoint: _167_ (rising edge-triggered flip-flop clocked by core_clock)
Endpoint: _160_ (rising edge-triggered flip-flop clocked by core_clock)
Path Group: core_clock
Path Type: max

Fanout     Cap    Slew   Delay    Time   Description
-----------------------------------------------------------------------------
                  0.00    0.00    0.00   clock core_clock (rise edge)
                          0.00    0.00   clock network delay (ideal)
                  0.00    0.00    0.00 ^ _167_/CLK (sky130_fd_sc_hd__dfxtp_2)
     4    0.01    0.08    0.33    0.33 ^ _167_/Q (sky130_fd_sc_hd__dfxtp_2)
                                         x1_0.A (net)
                  0.08    0.00    0.33 ^ _087_/A1 (sky130_fd_sc_hd__o21ai_2)
     3    0.01    0.04    0.07    0.40 v _087_/Y (sky130_fd_sc_hd__o21ai_2)
                                         _042_ (net)
                  0.04    0.00    0.40 v _089_/A3 (sky130_fd_sc_hd__a31o_2)
     3    0.01    0.06    0.27    0.67 v _089_/X (sky130_fd_sc_hd__a31o_2)
                                         _044_ (net)
                  0.06    0.00    0.67 v _092_/A2 (sky130_fd_sc_hd__o211a_2)
     3    0.01    0.06    0.26    0.93 v _092_/X (sky130_fd_sc_hd__o211a_2)
                                         _047_ (net)
                  0.06    0.00    0.93 v _095_/A3 (sky130_fd_sc_hd__o311a_2)
     3    0.01    0.07    0.35    1.28 v _095_/X (sky130_fd_sc_hd__o311a_2)
                                         _050_ (net)
                  0.07    0.00    1.28 v _098_/A3 (sky130_fd_sc_hd__o311a_2)
     2    0.00    0.06    0.34    1.61 v _098_/X (sky130_fd_sc_hd__o311a_2)
                                         _053_ (net)
                  0.06    0.00    1.61 v _101_/A3 (sky130_fd_sc_hd__o311a_2)
     3    0.01    0.07    0.35    1.97 v _101_/X (sky130_fd_sc_hd__o311a_2)
                                         _056_ (net)
                  0.07    0.00    1.97 v _126_/B (sky130_fd_sc_hd__nor2_2)
     1    0.01    0.13    0.13    2.09 ^ _126_/Y (sky130_fd_sc_hd__nor2_2)
                                         _004_ (net)
                  0.13    0.00    2.09 ^ _128_/A (sky130_fd_sc_hd__xnor2_2)
     1    0.00    0.04    0.07    2.17 v _128_/Y (sky130_fd_sc_hd__xnor2_2)
                                         x1_10.S (net)
                  0.04    0.00    2.17 v _160_/D (sky130_fd_sc_hd__dfxtp_2)
                                  2.17   data arrival time

                  0.00    6.15    6.15   clock core_clock (rise edge)
                          0.00    6.15   clock network delay (ideal)
                          0.00    6.15   clock reconvergence pessimism
                                  6.15 ^ _160_/CLK (sky130_fd_sc_hd__dfxtp_2)
                         -0.12    6.03   library setup time
                                  6.03   data required time
-----------------------------------------------------------------------------
                                  6.03   data required time
                                 -2.17   data arrival time
-----------------------------------------------------------------------------
                                  3.86   slack (MET)


Startpoint: _167_ (rising edge-triggered flip-flop clocked by core_clock)
Endpoint: _206_ (rising edge-triggered flip-flop clocked by core_clock)
Path Group: core_clock
Path Type: max

Fanout     Cap    Slew   Delay    Time   Description
-----------------------------------------------------------------------------
                  0.00    0.00    0.00   clock core_clock (rise edge)
                          0.00    0.00   clock network delay (ideal)
                  0.00    0.00    0.00 ^ _167_/CLK (sky130_fd_sc_hd__dfxtp_2)
     4    0.01    0.08    0.33    0.33 ^ _167_/Q (sky130_fd_sc_hd__dfxtp_2)
                                         x1_0.A (net)
                  0.08    0.00    0.33 ^ _087_/A1 (sky130_fd_sc_hd__o21ai_2)
     3    0.01    0.04    0.07    0.40 v _087_/Y (sky130_fd_sc_hd__o21ai_2)
                                         _042_ (net)
                  0.04    0.00    0.40 v _089_/A3 (sky130_fd_sc_hd__a31o_2)
     3    0.01    0.06    0.27    0.67 v _089_/X (sky130_fd_sc_hd__a31o_2)
                                         _044_ (net)
                  0.06    0.00    0.67 v _092_/A2 (sky130_fd_sc_hd__o211a_2)
     3    0.01    0.06    0.26    0.93 v _092_/X (sky130_fd_sc_hd__o211a_2)
                                         _047_ (net)
                  0.06    0.00    0.93 v _095_/A3 (sky130_fd_sc_hd__o311a_2)
     3    0.01    0.07    0.35    1.28 v _095_/X (sky130_fd_sc_hd__o311a_2)
                                         _050_ (net)
                  0.07    0.00    1.28 v _138_/B (sky130_fd_sc_hd__nor2_2)
     1    0.01    0.13    0.13    1.41 ^ _138_/Y (sky130_fd_sc_hd__nor2_2)
                                         _012_ (net)
                  0.13    0.00    1.41 ^ _140_/A (sky130_fd_sc_hd__xnor2_2)
     1    0.00    0.04    0.07    1.48 v _140_/Y (sky130_fd_sc_hd__xnor2_2)
                                         x1_6.S (net)
                  0.04    0.00    1.48 v _206_/D (sky130_fd_sc_hd__dfxtp_2)
                                  1.48   data arrival time

                  0.00    6.15    6.15   clock core_clock (rise edge)
                          0.00    6.15   clock network delay (ideal)
                          0.00    6.15   clock reconvergence pessimism
                                  6.15 ^ _206_/CLK (sky130_fd_sc_hd__dfxtp_2)
                         -0.12    6.03   library setup time
                                  6.03   data required time
-----------------------------------------------------------------------------
                                  6.03   data required time
                                 -1.48   data arrival time
-----------------------------------------------------------------------------
                                  4.55   slack (MET)


Startpoint: _167_ (rising edge-triggered flip-flop clocked by core_clock)
Endpoint: _205_ (rising edge-triggered flip-flop clocked by core_clock)
Path Group: core_clock
Path Type: max

Fanout     Cap    Slew   Delay    Time   Description
-----------------------------------------------------------------------------
                  0.00    0.00    0.00   clock core_clock (rise edge)
                          0.00    0.00   clock network delay (ideal)
                  0.00    0.00    0.00 ^ _167_/CLK (sky130_fd_sc_hd__dfxtp_2)
     4    0.01    0.08    0.33    0.33 ^ _167_/Q (sky130_fd_sc_hd__dfxtp_2)
                                         x1_0.A (net)
                  0.08    0.00    0.33 ^ _087_/A1 (sky130_fd_sc_hd__o21ai_2)
     3    0.01    0.04    0.07    0.40 v _087_/Y (sky130_fd_sc_hd__o21ai_2)
                                         _042_ (net)
                  0.04    0.00    0.40 v _089_/A3 (sky130_fd_sc_hd__a31o_2)
     3    0.01    0.06    0.27    0.67 v _089_/X (sky130_fd_sc_hd__a31o_2)
                                         _044_ (net)
                  0.06    0.00    0.67 v _092_/A2 (sky130_fd_sc_hd__o211a_2)
     3    0.01    0.06    0.26    0.93 v _092_/X (sky130_fd_sc_hd__o211a_2)
                                         _047_ (net)
                  0.06    0.00    0.93 v _141_/A3 (sky130_fd_sc_hd__o31a_2)
     1    0.01    0.07    0.30    1.23 v _141_/X (sky130_fd_sc_hd__o31a_2)
                                         _014_ (net)
                  0.07    0.00    1.23 v _143_/A (sky130_fd_sc_hd__xnor2_2)
     1    0.00    0.04    0.13    1.36 v _143_/Y (sky130_fd_sc_hd__xnor2_2)
                                         x1_5.S (net)
                  0.04    0.00    1.36 v _205_/D (sky130_fd_sc_hd__dfxtp_2)
                                  1.36   data arrival time

                  0.00    6.15    6.15   clock core_clock (rise edge)
                          0.00    6.15   clock network delay (ideal)
                          0.00    6.15   clock reconvergence pessimism
                                  6.15 ^ _205_/CLK (sky130_fd_sc_hd__dfxtp_2)
                         -0.12    6.03   library setup time
                                  6.03   data required time
-----------------------------------------------------------------------------
                                  6.03   data required time
                                 -1.36   data arrival time
-----------------------------------------------------------------------------
                                  4.67   slack (MET)


Startpoint: _167_ (rising edge-triggered flip-flop clocked by core_clock)
Endpoint: _204_ (rising edge-triggered flip-flop clocked by core_clock)
Path Group: core_clock
Path Type: max

Fanout     Cap    Slew   Delay    Time   Description
-----------------------------------------------------------------------------
                  0.00    0.00    0.00   clock core_clock (rise edge)
                          0.00    0.00   clock network delay (ideal)
                  0.00    0.00    0.00 ^ _167_/CLK (sky130_fd_sc_hd__dfxtp_2)
     4    0.01    0.08    0.33    0.33 ^ _167_/Q (sky130_fd_sc_hd__dfxtp_2)
                                         x1_0.A (net)
                  0.08    0.00    0.33 ^ _087_/A1 (sky130_fd_sc_hd__o21ai_2)
     3    0.01    0.04    0.07    0.40 v _087_/Y (sky130_fd_sc_hd__o21ai_2)
                                         _042_ (net)
                  0.04    0.00    0.40 v _089_/A3 (sky130_fd_sc_hd__a31o_2)
     3    0.01    0.06    0.27    0.67 v _089_/X (sky130_fd_sc_hd__a31o_2)
                                         _044_ (net)
                  0.06    0.00    0.67 v _092_/A2 (sky130_fd_sc_hd__o211a_2)
     3    0.01    0.06    0.26    0.93 v _092_/X (sky130_fd_sc_hd__o211a_2)
                                         _047_ (net)
                  0.06    0.00    0.93 v _144_/B (sky130_fd_sc_hd__nor2_2)
     1    0.01    0.13    0.12    1.05 ^ _144_/Y (sky130_fd_sc_hd__nor2_2)
                                         _016_ (net)
                  0.13    0.00    1.05 ^ _146_/A (sky130_fd_sc_hd__xnor2_2)
     1    0.00    0.04    0.07    1.12 v _146_/Y (sky130_fd_sc_hd__xnor2_2)
                                         x1_4.S (net)
                  0.04    0.00    1.12 v _204_/D (sky130_fd_sc_hd__dfxtp_2)
                                  1.12   data arrival time

                  0.00    6.15    6.15   clock core_clock (rise edge)
                          0.00    6.15   clock network delay (ideal)
                          0.00    6.15   clock reconvergence pessimism
                                  6.15 ^ _204_/CLK (sky130_fd_sc_hd__dfxtp_2)
                         -0.12    6.03   library setup time
                                  6.03   data required time
-----------------------------------------------------------------------------
                                  6.03   data required time
                                 -1.12   data arrival time
-----------------------------------------------------------------------------
                                  4.91   slack (MET)


Startpoint: _167_ (rising edge-triggered flip-flop clocked by core_clock)
Endpoint: _203_ (rising edge-triggered flip-flop clocked by core_clock)
Path Group: core_clock
Path Type: max

Fanout     Cap    Slew   Delay    Time   Description
-----------------------------------------------------------------------------
                  0.00    0.00    0.00   clock core_clock (rise edge)
                          0.00    0.00   clock network delay (ideal)
                  0.00    0.00    0.00 ^ _167_/CLK (sky130_fd_sc_hd__dfxtp_2)
     4    0.01    0.08    0.33    0.33 ^ _167_/Q (sky130_fd_sc_hd__dfxtp_2)
                                         x1_0.A (net)
                  0.08    0.00    0.33 ^ _087_/A1 (sky130_fd_sc_hd__o21ai_2)
     3    0.01    0.04    0.07    0.40 v _087_/Y (sky130_fd_sc_hd__o21ai_2)
                                         _042_ (net)
                  0.04    0.00    0.40 v _089_/A3 (sky130_fd_sc_hd__a31o_2)
     3    0.01    0.06    0.27    0.67 v _089_/X (sky130_fd_sc_hd__a31o_2)
                                         _044_ (net)
                  0.06    0.00    0.67 v _147_/A2 (sky130_fd_sc_hd__o21a_2)
     1    0.01    0.05    0.21    0.88 v _147_/X (sky130_fd_sc_hd__o21a_2)
                                         _018_ (net)
                  0.05    0.00    0.88 v _149_/A (sky130_fd_sc_hd__xnor2_2)
     1    0.00    0.04    0.12    1.00 v _149_/Y (sky130_fd_sc_hd__xnor2_2)
                                         x1_3.S (net)
                  0.04    0.00    1.00 v _203_/D (sky130_fd_sc_hd__dfxtp_2)
                                  1.00   data arrival time

                  0.00    6.15    6.15   clock core_clock (rise edge)
                          0.00    6.15   clock network delay (ideal)
                          0.00    6.15   clock reconvergence pessimism
                                  6.15 ^ _203_/CLK (sky130_fd_sc_hd__dfxtp_2)
                         -0.12    6.03   library setup time
                                  6.03   data required time
-----------------------------------------------------------------------------
                                  6.03   data required time
                                 -1.00   data arrival time
-----------------------------------------------------------------------------
                                  5.03   slack (MET)


Startpoint: _183_ (rising edge-triggered flip-flop clocked by core_clock)
Endpoint: _200_ (rising edge-triggered flip-flop clocked by core_clock)
Path Group: core_clock
Path Type: max

Fanout     Cap    Slew   Delay    Time   Description
-----------------------------------------------------------------------------
                  0.00    0.00    0.00   clock core_clock (rise edge)
                          0.00    0.00   clock network delay (ideal)
                  0.00    0.00    0.00 ^ _183_/CLK (sky130_fd_sc_hd__dfxtp_2)
     3    0.01    0.03    0.30    0.30 v _183_/Q (sky130_fd_sc_hd__dfxtp_2)
                                         x1_0.B (net)
                  0.03    0.00    0.30 v _156_/A (sky130_fd_sc_hd__or3_2)
     1    0.00    0.07    0.46    0.75 v _156_/X (sky130_fd_sc_hd__or3_2)
                                         _024_ (net)
                  0.07    0.00    0.75 v _158_/A3 (sky130_fd_sc_hd__a31o_2)
     1    0.00    0.03    0.24    1.00 v _158_/X (sky130_fd_sc_hd__a31o_2)
                                         x1_0.S (net)
                  0.03    0.00    1.00 v _200_/D (sky130_fd_sc_hd__dfxtp_2)
                                  1.00   data arrival time

                  0.00    6.15    6.15   clock core_clock (rise edge)
                          0.00    6.15   clock network delay (ideal)
                          0.00    6.15   clock reconvergence pessimism
                                  6.15 ^ _200_/CLK (sky130_fd_sc_hd__dfxtp_2)
                         -0.12    6.03   library setup time
                                  6.03   data required time
-----------------------------------------------------------------------------
                                  6.03   data required time
                                 -1.00   data arrival time
-----------------------------------------------------------------------------
                                  5.04   slack (MET)


Startpoint: _167_ (rising edge-triggered flip-flop clocked by core_clock)
Endpoint: _202_ (rising edge-triggered flip-flop clocked by core_clock)
Path Group: core_clock
Path Type: max

Fanout     Cap    Slew   Delay    Time   Description
-----------------------------------------------------------------------------
                  0.00    0.00    0.00   clock core_clock (rise edge)
                          0.00    0.00   clock network delay (ideal)
                  0.00    0.00    0.00 ^ _167_/CLK (sky130_fd_sc_hd__dfxtp_2)
     4    0.01    0.08    0.33    0.33 ^ _167_/Q (sky130_fd_sc_hd__dfxtp_2)
                                         x1_0.A (net)
                  0.08    0.00    0.33 ^ _087_/A1 (sky130_fd_sc_hd__o21ai_2)
     3    0.01    0.04    0.07    0.40 v _087_/Y (sky130_fd_sc_hd__o21ai_2)
                                         _042_ (net)
                  0.04    0.00    0.40 v _089_/A3 (sky130_fd_sc_hd__a31o_2)
     3    0.01    0.06    0.27    0.67 v _089_/X (sky130_fd_sc_hd__a31o_2)
                                         _044_ (net)
                  0.06    0.00    0.67 v _151_/A (sky130_fd_sc_hd__xnor2_2)
     1    0.00    0.04    0.13    0.79 v _151_/Y (sky130_fd_sc_hd__xnor2_2)
                                         x1_2.S (net)
                  0.04    0.00    0.79 v _202_/D (sky130_fd_sc_hd__dfxtp_2)
                                  0.79   data arrival time

                  0.00    6.15    6.15   clock core_clock (rise edge)
                          0.00    6.15   clock network delay (ideal)
                          0.00    6.15   clock reconvergence pessimism
                                  6.15 ^ _202_/CLK (sky130_fd_sc_hd__dfxtp_2)
                         -0.12    6.03   library setup time
                                  6.03   data required time
-----------------------------------------------------------------------------
                                  6.03   data required time
                                 -0.79   data arrival time
-----------------------------------------------------------------------------
                                  5.24   slack (MET)


Startpoint: _167_ (rising edge-triggered flip-flop clocked by core_clock)
Endpoint: _201_ (rising edge-triggered flip-flop clocked by core_clock)
Path Group: core_clock
Path Type: max

Fanout     Cap    Slew   Delay    Time   Description
-----------------------------------------------------------------------------
                  0.00    0.00    0.00   clock core_clock (rise edge)
                          0.00    0.00   clock network delay (ideal)
                  0.00    0.00    0.00 ^ _167_/CLK (sky130_fd_sc_hd__dfxtp_2)
     4    0.01    0.08    0.33    0.33 ^ _167_/Q (sky130_fd_sc_hd__dfxtp_2)
                                         x1_0.A (net)
                  0.08    0.00    0.33 ^ _087_/A1 (sky130_fd_sc_hd__o21ai_2)
     3    0.01    0.04    0.07    0.40 v _087_/Y (sky130_fd_sc_hd__o21ai_2)
                                         _042_ (net)
                  0.04    0.00    0.40 v _152_/B (sky130_fd_sc_hd__and2_2)
     1    0.01    0.05    0.20    0.60 v _152_/X (sky130_fd_sc_hd__and2_2)
                                         _021_ (net)
                  0.05    0.00    0.60 v _155_/A (sky130_fd_sc_hd__xnor2_2)
     1    0.00    0.04    0.12    0.72 v _155_/Y (sky130_fd_sc_hd__xnor2_2)
                                         x1_1.S (net)
                  0.04    0.00    0.72 v _201_/D (sky130_fd_sc_hd__dfxtp_2)
                                  0.72   data arrival time

                  0.00    6.15    6.15   clock core_clock (rise edge)
                          0.00    6.15   clock network delay (ideal)
                          0.00    6.15   clock reconvergence pessimism
                                  6.15 ^ _201_/CLK (sky130_fd_sc_hd__dfxtp_2)
                         -0.12    6.03   library setup time
                                  6.03   data required time
-----------------------------------------------------------------------------
                                  6.03   data required time
                                 -0.72   data arrival time
-----------------------------------------------------------------------------
                                  5.31   slack (MET)



worst slack corner Typical: 2.8961
max_report_end
checks_report

===========================================================================
report_checks -unconstrained
===========================================================================
======================= Typical Corner ===================================

Startpoint: _167_ (rising edge-triggered flip-flop clocked by core_clock)
Endpoint: _165_ (rising edge-triggered flip-flop clocked by core_clock)
Path Group: core_clock
Path Type: max

Fanout     Cap    Slew   Delay    Time   Description
-----------------------------------------------------------------------------
                  0.00    0.00    0.00   clock core_clock (rise edge)
                          0.00    0.00   clock network delay (ideal)
                  0.00    0.00    0.00 ^ _167_/CLK (sky130_fd_sc_hd__dfxtp_2)
     4    0.01    0.08    0.33    0.33 ^ _167_/Q (sky130_fd_sc_hd__dfxtp_2)
                                         x1_0.A (net)
                  0.08    0.00    0.33 ^ _087_/A1 (sky130_fd_sc_hd__o21ai_2)
     3    0.01    0.04    0.07    0.40 v _087_/Y (sky130_fd_sc_hd__o21ai_2)
                                         _042_ (net)
                  0.04    0.00    0.40 v _089_/A3 (sky130_fd_sc_hd__a31o_2)
     3    0.01    0.06    0.27    0.67 v _089_/X (sky130_fd_sc_hd__a31o_2)
                                         _044_ (net)
                  0.06    0.00    0.67 v _092_/A2 (sky130_fd_sc_hd__o211a_2)
     3    0.01    0.06    0.26    0.93 v _092_/X (sky130_fd_sc_hd__o211a_2)
                                         _047_ (net)
                  0.06    0.00    0.93 v _095_/A3 (sky130_fd_sc_hd__o311a_2)
     3    0.01    0.07    0.35    1.28 v _095_/X (sky130_fd_sc_hd__o311a_2)
                                         _050_ (net)
                  0.07    0.00    1.28 v _098_/A3 (sky130_fd_sc_hd__o311a_2)
     2    0.00    0.06    0.34    1.61 v _098_/X (sky130_fd_sc_hd__o311a_2)
                                         _053_ (net)
                  0.06    0.00    1.61 v _101_/A3 (sky130_fd_sc_hd__o311a_2)
     3    0.01    0.07    0.35    1.97 v _101_/X (sky130_fd_sc_hd__o311a_2)
                                         _056_ (net)
                  0.07    0.00    1.97 v _104_/A3 (sky130_fd_sc_hd__o311a_2)
     3    0.01    0.07    0.36    2.33 v _104_/X (sky130_fd_sc_hd__o311a_2)
                                         _059_ (net)
                  0.07    0.00    2.33 v _107_/A3 (sky130_fd_sc_hd__o311a_2)
     2    0.01    0.07    0.35    2.68 v _107_/X (sky130_fd_sc_hd__o311a_2)
                                         _062_ (net)
                  0.07    0.00    2.68 v _109_/A3 (sky130_fd_sc_hd__o31a_2)
     2    0.01    0.08    0.32    3.00 v _109_/X (sky130_fd_sc_hd__o31a_2)
                                         _064_ (net)
                  0.08    0.00    3.00 v _113_/A (sky130_fd_sc_hd__xnor2_2)
     1    0.00    0.04    0.13    3.13 v _113_/Y (sky130_fd_sc_hd__xnor2_2)
                                         x1_15.S (net)
                  0.04    0.00    3.13 v _165_/D (sky130_fd_sc_hd__dfxtp_2)
                                  3.13   data arrival time

                  0.00    6.15    6.15   clock core_clock (rise edge)
                          0.00    6.15   clock network delay (ideal)
                          0.00    6.15   clock reconvergence pessimism
                                  6.15 ^ _165_/CLK (sky130_fd_sc_hd__dfxtp_2)
                         -0.12    6.03   library setup time
                                  6.03   data required time
-----------------------------------------------------------------------------
                                  6.03   data required time
                                 -3.13   data arrival time
-----------------------------------------------------------------------------
                                  2.90   slack (MET)




===========================================================================
report_checks --slack_max -0.01
============================================================================
======================= Typical Corner ===================================

No paths found.


===========================================================================
 report_check_types -max_slew -max_cap -max_fanout -violators
============================================================================
======================= Typical Corner ===================================


max slew violations count Typical: 0
max fanout violations count Typical: 0
max cap violations count Typical: 0

===========================================================================
report_parasitic_annotation -report_unannotated
============================================================================
Found 172 unannotated drivers.
 A[0]
 A[10]
 A[11]
 A[12]
 A[13]
 A[14]
 A[15]
 A[1]
 A[2]
 A[3]
 A[4]
 A[5]
 A[6]
 A[7]
 A[8]
 A[9]
 B[0]
 B[10]
 B[11]
 B[12]
 B[13]
 B[14]
 B[15]
 B[1]
 B[2]
 B[3]
 B[4]
 B[5]
 B[6]
 B[7]
 B[8]
 B[9]
 CLK
 Cin
 _071_/Y
 _072_/Y
 _073_/Y
 _074_/Y
 _075_/Y
 _076_/Y
 _077_/Y
 _078_/Y
 _079_/Y
 _080_/Y
 _081_/Y
 _082_/Y
 _083_/Y
 _084_/Y
 _085_/Y
 _086_/Y
 _087_/Y
 _088_/Y
 _089_/X
 _090_/Y
 _091_/Y
 _092_/X
 _093_/Y
 _094_/Y
 _095_/X
 _096_/Y
 _097_/Y
 _098_/X
 _099_/Y
 _100_/Y
 _101_/X
 _102_/Y
 _103_/Y
 _104_/X
 _105_/Y
 _106_/Y
 _107_/X
 _108_/Y
 _109_/X
 _110_/Y
 _111_/Y
 _112_/X
 _113_/Y
 _114_/Y
 _115_/X
 _116_/Y
 _117_/X
 _118_/X
 _119_/Y
 _120_/Y
 _121_/X
 _122_/Y
 _123_/X
 _124_/X
 _125_/Y
 _126_/Y
 _127_/X
 _128_/Y
 _129_/X
 _130_/X
 _131_/X
 _132_/Y
 _133_/X
 _134_/Y
 _135_/X
 _136_/Y
 _137_/X
 _138_/Y
 _139_/X
 _140_/Y
 _141_/X
 _142_/X
 _143_/Y
 _144_/Y
 _145_/X
 _146_/Y
 _147_/X
 _148_/X
 _149_/Y
 _150_/X
 _151_/Y
 _152_/X
 _153_/X
 _154_/Y
 _155_/Y
 _156_/X
 _157_/X
 _158_/X
 _159_/Q
 _160_/Q
 _161_/Q
 _162_/Q
 _163_/Q
 _164_/Q
 _165_/Q
 _166_/Q
 _167_/Q
 _168_/Q
 _169_/Q
 _170_/Q
 _171_/Q
 _172_/Q
 _173_/Q
 _174_/Q
 _175_/Q
 _176_/Q
 _177_/Q
 _178_/Q
 _179_/Q
 _180_/Q
 _181_/Q
 _182_/Q
 _183_/Q
 _184_/Q
 _185_/Q
 _186_/Q
 _187_/Q
 _188_/Q
 _189_/Q
 _190_/Q
 _191_/Q
 _192_/Q
 _193_/Q
 _194_/Q
 _195_/Q
 _196_/Q
 _197_/Q
 _198_/Q
 _199_/Q
 _200_/Q
 _201_/Q
 _202_/Q
 _203_/Q
 _204_/Q
 _205_/Q
 _206_/Q
 _207_/Q
 _208_/Q
Found 0 partially unannotated drivers.

===========================================================================
max slew violation count 0
max fanout violation count 0
max cap violation count 0
============================================================================

===========================================================================
check_setup -verbose -unconstrained_endpoints -multiple_clock -no_clock -no_input_delay -loops -generated_clocks
===========================================================================
Warning: There are 33 input ports missing set_input_delay.
  A[0]
  A[10]
  A[11]
  A[12]
  A[13]
  A[14]
  A[15]
  A[1]
  A[2]
  A[3]
  A[4]
  A[5]
  A[6]
  A[7]
  A[8]
  A[9]
  B[0]
  B[10]
  B[11]
  B[12]
  B[13]
  B[14]
  B[15]
  B[1]
  B[2]
  B[3]
  B[4]
  B[5]
  B[6]
  B[7]
  B[8]
  B[9]
  Cin
Warning: There are 50 unconstrained endpoints.
  Cout
  S[0]
  S[10]
  S[11]
  S[12]
  S[13]
  S[14]
  S[15]
  S[1]
  S[2]
  S[3]
  S[4]
  S[5]
  S[6]
  S[7]
  S[8]
  S[9]
  _167_/D
  _168_/D
  _169_/D
  _170_/D
  _171_/D
  _172_/D
  _173_/D
  _174_/D
  _175_/D
  _176_/D
  _177_/D
  _178_/D
  _179_/D
  _180_/D
  _181_/D
  _182_/D
  _183_/D
  _184_/D
  _185_/D
  _186_/D
  _187_/D
  _188_/D
  _189_/D
  _190_/D
  _191_/D
  _192_/D
  _193_/D
  _194_/D
  _195_/D
  _196_/D
  _197_/D
  _198_/D
  _199_/D
checks_report_end
power_report

===========================================================================
 report_power
============================================================================
======================= Typical Corner ===================================

Group                  Internal  Switching    Leakage      Total
                          Power      Power      Power      Power (Watts)
----------------------------------------------------------------
Sequential             3.66e-04   8.27e-06   4.23e-10   3.75e-04  84.3%
Combinational          4.33e-05   2.62e-05   3.11e-10   6.95e-05  15.7%
Clock                  0.00e+00   0.00e+00   0.00e+00   0.00e+00   0.0%
Macro                  0.00e+00   0.00e+00   0.00e+00   0.00e+00   0.0%
Pad                    0.00e+00   0.00e+00   0.00e+00   0.00e+00   0.0%
----------------------------------------------------------------
Total                  4.10e-04   3.45e-05   7.34e-10   4.44e-04 100.0%
                          92.2%       7.8%       0.0%

power_report_end
skew_report

===========================================================================
report_clock_skew
============================================================================
Clock core_clock
Latency      CRPR       Skew
_167_/CLK ^
   0.00
_159_/CLK ^
   0.00      0.00       0.00

skew_report_end
summary_report

===========================================================================
report_tns
============================================================================
tns 0.00

===========================================================================
report_wns
============================================================================
wns 0.00

===========================================================================
report_worst_slack -max (Setup)
============================================================================
worst slack 2.90

===========================================================================
report_worst_slack -min (Hold)
============================================================================
worst slack 0.44
summary_report_end
check_nonpropagated_clocks
core_clock
check_nonpropagated_clocks_end
[WARNING] Did not save OpenROAD database!
Writing SDF to '/openlane/designs/fa16/runs/auto_pnr/results/synthesis/fa16.sdf'…
