
===========================================================================
 report_power
============================================================================
======================= Fastest Corner ===================================

Group                  Internal  Switching    Leakage      Total
                          Power      Power      Power      Power (Watts)
----------------------------------------------------------------
Sequential             5.11e-04   3.09e-05   7.26e-10   5.42e-04  47.7%
Combinational          7.23e-05   7.61e-05   9.58e-10   1.48e-04  13.1%
Clock                  2.80e-04   1.67e-04   1.01e-09   4.46e-04  39.3%
Macro                  0.00e+00   0.00e+00   0.00e+00   0.00e+00   0.0%
Pad                    0.00e+00   0.00e+00   0.00e+00   0.00e+00   0.0%
----------------------------------------------------------------
Total                  8.63e-04   2.74e-04   2.70e-09   1.14e-03 100.0%
                          75.9%      24.1%       0.0%

======================= Slowest Corner ===================================

Group                  Internal  Switching    Leakage      Total
                          Power      Power      Power      Power (Watts)
----------------------------------------------------------------
Sequential             3.43e-04   2.06e-05   7.32e-07   3.64e-04  46.9%
Combinational          5.38e-05   5.00e-05   7.30e-07   1.05e-04  13.5%
Clock                  2.01e-04   1.06e-04   1.27e-07   3.07e-04  39.6%
Macro                  0.00e+00   0.00e+00   0.00e+00   0.00e+00   0.0%
Pad                    0.00e+00   0.00e+00   0.00e+00   0.00e+00   0.0%
----------------------------------------------------------------
Total                  5.98e-04   1.77e-04   1.59e-06   7.76e-04 100.0%
                          77.0%      22.7%       0.2%

======================= Typical Corner ===================================

Group                  Internal  Switching    Leakage      Total
                          Power      Power      Power      Power (Watts)
----------------------------------------------------------------
Sequential             4.41e-04   2.62e-05   4.22e-10   4.67e-04  47.6%
Combinational          6.59e-05   6.41e-05   4.29e-10   1.30e-04  13.3%
Clock                  2.45e-04   1.39e-04   6.67e-10   3.84e-04  39.2%
Macro                  0.00e+00   0.00e+00   0.00e+00   0.00e+00   0.0%
Pad                    0.00e+00   0.00e+00   0.00e+00   0.00e+00   0.0%
----------------------------------------------------------------
Total                  7.51e-04   2.30e-04   1.52e-09   9.81e-04 100.0%
                          76.6%      23.4%       0.0%

